[2023-09-01 18:27:32,826] {processor.py:162} INFO - Started process (PID=2813) to work on /opt/airflow/dags/clean_dag_run.py
[2023-09-01 18:27:32,827] {processor.py:613} INFO - Processing file /opt/airflow/dags/clean_dag_run.py for tasks to queue
[2023-09-01 18:27:32,828] {logging_mixin.py:109} INFO - [2023-09-01 18:27:32,828] {dagbag.py:496} INFO - Filling up the DagBag from /opt/airflow/dags/clean_dag_run.py
[2023-09-01 18:27:33,253] {processor.py:623} INFO - DAG(s) dict_keys(['clean_dag_run']) retrieved from /opt/airflow/dags/clean_dag_run.py
[2023-09-01 18:27:33,270] {logging_mixin.py:109} INFO - [2023-09-01 18:27:33,270] {dag.py:1834} INFO - Sync 1 DAGs
[2023-09-01 18:27:33,279] {logging_mixin.py:109} INFO - [2023-09-01 18:27:33,279] {dag.py:2287} INFO - Setting next_dagrun for clean_dag_run to None
[2023-09-01 18:27:33,287] {processor.py:170} INFO - Processing /opt/airflow/dags/clean_dag_run.py took 0.464 seconds
[2023-09-01 18:28:03,364] {processor.py:162} INFO - Started process (PID=2838) to work on /opt/airflow/dags/clean_dag_run.py
[2023-09-01 18:28:03,366] {processor.py:613} INFO - Processing file /opt/airflow/dags/clean_dag_run.py for tasks to queue
[2023-09-01 18:28:03,367] {logging_mixin.py:109} INFO - [2023-09-01 18:28:03,367] {dagbag.py:496} INFO - Filling up the DagBag from /opt/airflow/dags/clean_dag_run.py
[2023-09-01 18:28:03,841] {processor.py:623} INFO - DAG(s) dict_keys(['clean_dag_run']) retrieved from /opt/airflow/dags/clean_dag_run.py
[2023-09-01 18:28:03,859] {logging_mixin.py:109} INFO - [2023-09-01 18:28:03,859] {dag.py:1834} INFO - Sync 1 DAGs
[2023-09-01 18:28:03,868] {logging_mixin.py:109} INFO - [2023-09-01 18:28:03,868] {dag.py:2287} INFO - Setting next_dagrun for clean_dag_run to None
[2023-09-01 18:28:03,875] {processor.py:170} INFO - Processing /opt/airflow/dags/clean_dag_run.py took 0.515 seconds
[2023-09-01 18:28:33,961] {processor.py:162} INFO - Started process (PID=2856) to work on /opt/airflow/dags/clean_dag_run.py
[2023-09-01 18:28:33,963] {processor.py:613} INFO - Processing file /opt/airflow/dags/clean_dag_run.py for tasks to queue
[2023-09-01 18:28:33,964] {logging_mixin.py:109} INFO - [2023-09-01 18:28:33,964] {dagbag.py:496} INFO - Filling up the DagBag from /opt/airflow/dags/clean_dag_run.py
[2023-09-01 18:28:34,399] {processor.py:623} INFO - DAG(s) dict_keys(['clean_dag_run']) retrieved from /opt/airflow/dags/clean_dag_run.py
[2023-09-01 18:28:34,418] {logging_mixin.py:109} INFO - [2023-09-01 18:28:34,418] {dag.py:1834} INFO - Sync 1 DAGs
[2023-09-01 18:28:34,427] {logging_mixin.py:109} INFO - [2023-09-01 18:28:34,427] {dag.py:2287} INFO - Setting next_dagrun for clean_dag_run to None
[2023-09-01 18:28:34,435] {processor.py:170} INFO - Processing /opt/airflow/dags/clean_dag_run.py took 0.478 seconds
[2023-09-01 18:29:04,543] {processor.py:162} INFO - Started process (PID=2882) to work on /opt/airflow/dags/clean_dag_run.py
[2023-09-01 18:29:04,544] {processor.py:613} INFO - Processing file /opt/airflow/dags/clean_dag_run.py for tasks to queue
[2023-09-01 18:29:04,545] {logging_mixin.py:109} INFO - [2023-09-01 18:29:04,545] {dagbag.py:496} INFO - Filling up the DagBag from /opt/airflow/dags/clean_dag_run.py
[2023-09-01 18:29:04,965] {processor.py:623} INFO - DAG(s) dict_keys(['clean_dag_run']) retrieved from /opt/airflow/dags/clean_dag_run.py
[2023-09-01 18:29:04,981] {logging_mixin.py:109} INFO - [2023-09-01 18:29:04,980] {dag.py:1834} INFO - Sync 1 DAGs
[2023-09-01 18:29:04,988] {logging_mixin.py:109} INFO - [2023-09-01 18:29:04,988] {dag.py:2287} INFO - Setting next_dagrun for clean_dag_run to None
[2023-09-01 18:29:04,995] {processor.py:170} INFO - Processing /opt/airflow/dags/clean_dag_run.py took 0.456 seconds
[2023-09-01 18:29:35,078] {processor.py:162} INFO - Started process (PID=2907) to work on /opt/airflow/dags/clean_dag_run.py
[2023-09-01 18:29:35,080] {processor.py:613} INFO - Processing file /opt/airflow/dags/clean_dag_run.py for tasks to queue
[2023-09-01 18:29:35,080] {logging_mixin.py:109} INFO - [2023-09-01 18:29:35,080] {dagbag.py:496} INFO - Filling up the DagBag from /opt/airflow/dags/clean_dag_run.py
[2023-09-01 18:29:35,566] {processor.py:623} INFO - DAG(s) dict_keys(['clean_dag_run']) retrieved from /opt/airflow/dags/clean_dag_run.py
[2023-09-01 18:29:35,585] {logging_mixin.py:109} INFO - [2023-09-01 18:29:35,585] {dag.py:1834} INFO - Sync 1 DAGs
[2023-09-01 18:29:35,593] {logging_mixin.py:109} INFO - [2023-09-01 18:29:35,593] {dag.py:2287} INFO - Setting next_dagrun for clean_dag_run to None
[2023-09-01 18:29:35,599] {processor.py:170} INFO - Processing /opt/airflow/dags/clean_dag_run.py took 0.526 seconds
[2023-09-01 18:30:05,701] {processor.py:162} INFO - Started process (PID=2924) to work on /opt/airflow/dags/clean_dag_run.py
[2023-09-01 18:30:05,702] {processor.py:613} INFO - Processing file /opt/airflow/dags/clean_dag_run.py for tasks to queue
[2023-09-01 18:30:05,703] {logging_mixin.py:109} INFO - [2023-09-01 18:30:05,703] {dagbag.py:496} INFO - Filling up the DagBag from /opt/airflow/dags/clean_dag_run.py
[2023-09-01 18:30:06,163] {processor.py:623} INFO - DAG(s) dict_keys(['clean_dag_run']) retrieved from /opt/airflow/dags/clean_dag_run.py
[2023-09-01 18:30:06,180] {logging_mixin.py:109} INFO - [2023-09-01 18:30:06,180] {dag.py:1834} INFO - Sync 1 DAGs
[2023-09-01 18:30:06,189] {logging_mixin.py:109} INFO - [2023-09-01 18:30:06,189] {dag.py:2287} INFO - Setting next_dagrun for clean_dag_run to None
[2023-09-01 18:30:06,196] {processor.py:170} INFO - Processing /opt/airflow/dags/clean_dag_run.py took 0.499 seconds
[2023-09-01 18:30:36,241] {processor.py:162} INFO - Started process (PID=2949) to work on /opt/airflow/dags/clean_dag_run.py
[2023-09-01 18:30:36,243] {processor.py:613} INFO - Processing file /opt/airflow/dags/clean_dag_run.py for tasks to queue
[2023-09-01 18:30:36,243] {logging_mixin.py:109} INFO - [2023-09-01 18:30:36,243] {dagbag.py:496} INFO - Filling up the DagBag from /opt/airflow/dags/clean_dag_run.py
[2023-09-01 18:30:36,713] {processor.py:623} INFO - DAG(s) dict_keys(['clean_dag_run']) retrieved from /opt/airflow/dags/clean_dag_run.py
[2023-09-01 18:30:36,734] {logging_mixin.py:109} INFO - [2023-09-01 18:30:36,733] {dag.py:1834} INFO - Sync 1 DAGs
[2023-09-01 18:30:36,744] {logging_mixin.py:109} INFO - [2023-09-01 18:30:36,744] {dag.py:2287} INFO - Setting next_dagrun for clean_dag_run to None
[2023-09-01 18:30:36,751] {processor.py:170} INFO - Processing /opt/airflow/dags/clean_dag_run.py took 0.512 seconds
[2023-09-01 18:31:06,831] {processor.py:162} INFO - Started process (PID=2966) to work on /opt/airflow/dags/clean_dag_run.py
[2023-09-01 18:31:06,832] {processor.py:613} INFO - Processing file /opt/airflow/dags/clean_dag_run.py for tasks to queue
[2023-09-01 18:31:06,833] {logging_mixin.py:109} INFO - [2023-09-01 18:31:06,833] {dagbag.py:496} INFO - Filling up the DagBag from /opt/airflow/dags/clean_dag_run.py
[2023-09-01 18:31:07,384] {processor.py:623} INFO - DAG(s) dict_keys(['clean_dag_run']) retrieved from /opt/airflow/dags/clean_dag_run.py
[2023-09-01 18:31:07,401] {logging_mixin.py:109} INFO - [2023-09-01 18:31:07,401] {dag.py:1834} INFO - Sync 1 DAGs
[2023-09-01 18:31:07,410] {logging_mixin.py:109} INFO - [2023-09-01 18:31:07,410] {dag.py:2287} INFO - Setting next_dagrun for clean_dag_run to None
[2023-09-01 18:31:07,417] {processor.py:170} INFO - Processing /opt/airflow/dags/clean_dag_run.py took 0.590 seconds
[2023-09-01 18:31:37,480] {processor.py:162} INFO - Started process (PID=2991) to work on /opt/airflow/dags/clean_dag_run.py
[2023-09-01 18:31:37,482] {processor.py:613} INFO - Processing file /opt/airflow/dags/clean_dag_run.py for tasks to queue
[2023-09-01 18:31:37,483] {logging_mixin.py:109} INFO - [2023-09-01 18:31:37,483] {dagbag.py:496} INFO - Filling up the DagBag from /opt/airflow/dags/clean_dag_run.py
[2023-09-01 18:31:37,904] {processor.py:623} INFO - DAG(s) dict_keys(['clean_dag_run']) retrieved from /opt/airflow/dags/clean_dag_run.py
[2023-09-01 18:31:37,921] {logging_mixin.py:109} INFO - [2023-09-01 18:31:37,921] {dag.py:1834} INFO - Sync 1 DAGs
[2023-09-01 18:31:37,930] {logging_mixin.py:109} INFO - [2023-09-01 18:31:37,930] {dag.py:2287} INFO - Setting next_dagrun for clean_dag_run to None
[2023-09-01 18:31:37,937] {processor.py:170} INFO - Processing /opt/airflow/dags/clean_dag_run.py took 0.461 seconds
[2023-09-01 18:32:08,013] {processor.py:162} INFO - Started process (PID=3016) to work on /opt/airflow/dags/clean_dag_run.py
[2023-09-01 18:32:08,015] {processor.py:613} INFO - Processing file /opt/airflow/dags/clean_dag_run.py for tasks to queue
[2023-09-01 18:32:08,016] {logging_mixin.py:109} INFO - [2023-09-01 18:32:08,016] {dagbag.py:496} INFO - Filling up the DagBag from /opt/airflow/dags/clean_dag_run.py
[2023-09-01 18:32:08,435] {processor.py:623} INFO - DAG(s) dict_keys(['clean_dag_run']) retrieved from /opt/airflow/dags/clean_dag_run.py
[2023-09-01 18:32:08,452] {logging_mixin.py:109} INFO - [2023-09-01 18:32:08,451] {dag.py:1834} INFO - Sync 1 DAGs
[2023-09-01 18:32:08,460] {logging_mixin.py:109} INFO - [2023-09-01 18:32:08,460] {dag.py:2287} INFO - Setting next_dagrun for clean_dag_run to None
[2023-09-01 18:32:08,467] {processor.py:170} INFO - Processing /opt/airflow/dags/clean_dag_run.py took 0.458 seconds
[2023-09-01 18:32:38,558] {processor.py:162} INFO - Started process (PID=3034) to work on /opt/airflow/dags/clean_dag_run.py
[2023-09-01 18:32:38,559] {processor.py:613} INFO - Processing file /opt/airflow/dags/clean_dag_run.py for tasks to queue
[2023-09-01 18:32:38,560] {logging_mixin.py:109} INFO - [2023-09-01 18:32:38,560] {dagbag.py:496} INFO - Filling up the DagBag from /opt/airflow/dags/clean_dag_run.py
[2023-09-01 18:32:39,003] {processor.py:623} INFO - DAG(s) dict_keys(['clean_dag_run']) retrieved from /opt/airflow/dags/clean_dag_run.py
[2023-09-01 18:32:39,019] {logging_mixin.py:109} INFO - [2023-09-01 18:32:39,019] {dag.py:1834} INFO - Sync 1 DAGs
[2023-09-01 18:32:39,026] {logging_mixin.py:109} INFO - [2023-09-01 18:32:39,026] {dag.py:2287} INFO - Setting next_dagrun for clean_dag_run to None
[2023-09-01 18:32:39,032] {processor.py:170} INFO - Processing /opt/airflow/dags/clean_dag_run.py took 0.478 seconds
[2023-09-01 18:33:09,119] {processor.py:162} INFO - Started process (PID=3060) to work on /opt/airflow/dags/clean_dag_run.py
[2023-09-01 18:33:09,121] {processor.py:613} INFO - Processing file /opt/airflow/dags/clean_dag_run.py for tasks to queue
[2023-09-01 18:33:09,122] {logging_mixin.py:109} INFO - [2023-09-01 18:33:09,122] {dagbag.py:496} INFO - Filling up the DagBag from /opt/airflow/dags/clean_dag_run.py
[2023-09-01 18:33:09,536] {processor.py:623} INFO - DAG(s) dict_keys(['clean_dag_run']) retrieved from /opt/airflow/dags/clean_dag_run.py
[2023-09-01 18:33:09,553] {logging_mixin.py:109} INFO - [2023-09-01 18:33:09,552] {dag.py:1834} INFO - Sync 1 DAGs
[2023-09-01 18:33:09,561] {logging_mixin.py:109} INFO - [2023-09-01 18:33:09,561] {dag.py:2287} INFO - Setting next_dagrun for clean_dag_run to None
[2023-09-01 18:33:09,568] {processor.py:170} INFO - Processing /opt/airflow/dags/clean_dag_run.py took 0.453 seconds
[2023-09-01 18:33:39,665] {processor.py:162} INFO - Started process (PID=3086) to work on /opt/airflow/dags/clean_dag_run.py
[2023-09-01 18:33:39,667] {processor.py:613} INFO - Processing file /opt/airflow/dags/clean_dag_run.py for tasks to queue
[2023-09-01 18:33:39,667] {logging_mixin.py:109} INFO - [2023-09-01 18:33:39,667] {dagbag.py:496} INFO - Filling up the DagBag from /opt/airflow/dags/clean_dag_run.py
[2023-09-01 18:33:40,139] {processor.py:623} INFO - DAG(s) dict_keys(['clean_dag_run']) retrieved from /opt/airflow/dags/clean_dag_run.py
[2023-09-01 18:33:40,157] {logging_mixin.py:109} INFO - [2023-09-01 18:33:40,156] {dag.py:1834} INFO - Sync 1 DAGs
[2023-09-01 18:33:40,164] {logging_mixin.py:109} INFO - [2023-09-01 18:33:40,164] {dag.py:2287} INFO - Setting next_dagrun for clean_dag_run to None
[2023-09-01 18:33:40,171] {processor.py:170} INFO - Processing /opt/airflow/dags/clean_dag_run.py took 0.509 seconds
[2023-09-01 18:34:10,264] {processor.py:162} INFO - Started process (PID=3104) to work on /opt/airflow/dags/clean_dag_run.py
[2023-09-01 18:34:10,266] {processor.py:613} INFO - Processing file /opt/airflow/dags/clean_dag_run.py for tasks to queue
[2023-09-01 18:34:10,267] {logging_mixin.py:109} INFO - [2023-09-01 18:34:10,267] {dagbag.py:496} INFO - Filling up the DagBag from /opt/airflow/dags/clean_dag_run.py
[2023-09-01 18:34:10,686] {processor.py:623} INFO - DAG(s) dict_keys(['clean_dag_run']) retrieved from /opt/airflow/dags/clean_dag_run.py
[2023-09-01 18:34:10,702] {logging_mixin.py:109} INFO - [2023-09-01 18:34:10,701] {dag.py:1834} INFO - Sync 1 DAGs
[2023-09-01 18:34:10,710] {logging_mixin.py:109} INFO - [2023-09-01 18:34:10,710] {dag.py:2287} INFO - Setting next_dagrun for clean_dag_run to None
[2023-09-01 18:34:10,717] {processor.py:170} INFO - Processing /opt/airflow/dags/clean_dag_run.py took 0.457 seconds
[2023-09-01 18:34:40,807] {processor.py:162} INFO - Started process (PID=3130) to work on /opt/airflow/dags/clean_dag_run.py
[2023-09-01 18:34:40,810] {processor.py:613} INFO - Processing file /opt/airflow/dags/clean_dag_run.py for tasks to queue
[2023-09-01 18:34:40,811] {logging_mixin.py:109} INFO - [2023-09-01 18:34:40,811] {dagbag.py:496} INFO - Filling up the DagBag from /opt/airflow/dags/clean_dag_run.py
[2023-09-01 18:34:41,281] {processor.py:623} INFO - DAG(s) dict_keys(['clean_dag_run']) retrieved from /opt/airflow/dags/clean_dag_run.py
[2023-09-01 18:34:41,300] {logging_mixin.py:109} INFO - [2023-09-01 18:34:41,300] {dag.py:1834} INFO - Sync 1 DAGs
[2023-09-01 18:34:41,313] {logging_mixin.py:109} INFO - [2023-09-01 18:34:41,313] {dag.py:2287} INFO - Setting next_dagrun for clean_dag_run to None
[2023-09-01 18:34:41,321] {processor.py:170} INFO - Processing /opt/airflow/dags/clean_dag_run.py took 0.518 seconds
[2023-09-01 18:35:11,412] {processor.py:162} INFO - Started process (PID=3157) to work on /opt/airflow/dags/clean_dag_run.py
[2023-09-01 18:35:11,414] {processor.py:613} INFO - Processing file /opt/airflow/dags/clean_dag_run.py for tasks to queue
[2023-09-01 18:35:11,415] {logging_mixin.py:109} INFO - [2023-09-01 18:35:11,415] {dagbag.py:496} INFO - Filling up the DagBag from /opt/airflow/dags/clean_dag_run.py
[2023-09-01 18:35:11,853] {processor.py:623} INFO - DAG(s) dict_keys(['clean_dag_run']) retrieved from /opt/airflow/dags/clean_dag_run.py
[2023-09-01 18:35:11,874] {logging_mixin.py:109} INFO - [2023-09-01 18:35:11,874] {dag.py:1834} INFO - Sync 1 DAGs
[2023-09-01 18:35:11,887] {logging_mixin.py:109} INFO - [2023-09-01 18:35:11,886] {dag.py:2287} INFO - Setting next_dagrun for clean_dag_run to None
[2023-09-01 18:35:11,897] {processor.py:170} INFO - Processing /opt/airflow/dags/clean_dag_run.py took 0.488 seconds
[2023-09-01 18:35:41,990] {processor.py:162} INFO - Started process (PID=3175) to work on /opt/airflow/dags/clean_dag_run.py
[2023-09-01 18:35:41,992] {processor.py:613} INFO - Processing file /opt/airflow/dags/clean_dag_run.py for tasks to queue
[2023-09-01 18:35:41,993] {logging_mixin.py:109} INFO - [2023-09-01 18:35:41,993] {dagbag.py:496} INFO - Filling up the DagBag from /opt/airflow/dags/clean_dag_run.py
[2023-09-01 18:35:42,432] {processor.py:623} INFO - DAG(s) dict_keys(['clean_dag_run']) retrieved from /opt/airflow/dags/clean_dag_run.py
[2023-09-01 18:35:42,451] {logging_mixin.py:109} INFO - [2023-09-01 18:35:42,451] {dag.py:1834} INFO - Sync 1 DAGs
[2023-09-01 18:35:42,461] {logging_mixin.py:109} INFO - [2023-09-01 18:35:42,461] {dag.py:2287} INFO - Setting next_dagrun for clean_dag_run to None
[2023-09-01 18:35:42,469] {processor.py:170} INFO - Processing /opt/airflow/dags/clean_dag_run.py took 0.483 seconds
[2023-09-01 18:36:12,566] {processor.py:162} INFO - Started process (PID=3201) to work on /opt/airflow/dags/clean_dag_run.py
[2023-09-01 18:36:12,567] {processor.py:613} INFO - Processing file /opt/airflow/dags/clean_dag_run.py for tasks to queue
[2023-09-01 18:36:12,569] {logging_mixin.py:109} INFO - [2023-09-01 18:36:12,568] {dagbag.py:496} INFO - Filling up the DagBag from /opt/airflow/dags/clean_dag_run.py
[2023-09-01 18:36:13,026] {processor.py:623} INFO - DAG(s) dict_keys(['clean_dag_run']) retrieved from /opt/airflow/dags/clean_dag_run.py
[2023-09-01 18:36:13,042] {logging_mixin.py:109} INFO - [2023-09-01 18:36:13,042] {dag.py:1834} INFO - Sync 1 DAGs
[2023-09-01 18:36:13,052] {logging_mixin.py:109} INFO - [2023-09-01 18:36:13,052] {dag.py:2287} INFO - Setting next_dagrun for clean_dag_run to None
[2023-09-01 18:36:13,059] {processor.py:170} INFO - Processing /opt/airflow/dags/clean_dag_run.py took 0.498 seconds
[2023-09-01 18:36:43,156] {processor.py:162} INFO - Started process (PID=3227) to work on /opt/airflow/dags/clean_dag_run.py
[2023-09-01 18:36:43,157] {processor.py:613} INFO - Processing file /opt/airflow/dags/clean_dag_run.py for tasks to queue
[2023-09-01 18:36:43,158] {logging_mixin.py:109} INFO - [2023-09-01 18:36:43,158] {dagbag.py:496} INFO - Filling up the DagBag from /opt/airflow/dags/clean_dag_run.py
[2023-09-01 18:36:43,630] {processor.py:623} INFO - DAG(s) dict_keys(['clean_dag_run']) retrieved from /opt/airflow/dags/clean_dag_run.py
[2023-09-01 18:36:43,648] {logging_mixin.py:109} INFO - [2023-09-01 18:36:43,648] {dag.py:1834} INFO - Sync 1 DAGs
[2023-09-01 18:36:43,658] {logging_mixin.py:109} INFO - [2023-09-01 18:36:43,658] {dag.py:2287} INFO - Setting next_dagrun for clean_dag_run to None
[2023-09-01 18:36:43,665] {processor.py:170} INFO - Processing /opt/airflow/dags/clean_dag_run.py took 0.512 seconds
[2023-09-01 18:37:13,731] {processor.py:162} INFO - Started process (PID=3245) to work on /opt/airflow/dags/clean_dag_run.py
[2023-09-01 18:37:13,733] {processor.py:613} INFO - Processing file /opt/airflow/dags/clean_dag_run.py for tasks to queue
[2023-09-01 18:37:13,734] {logging_mixin.py:109} INFO - [2023-09-01 18:37:13,734] {dagbag.py:496} INFO - Filling up the DagBag from /opt/airflow/dags/clean_dag_run.py
[2023-09-01 18:37:14,152] {processor.py:623} INFO - DAG(s) dict_keys(['clean_dag_run']) retrieved from /opt/airflow/dags/clean_dag_run.py
[2023-09-01 18:37:14,169] {logging_mixin.py:109} INFO - [2023-09-01 18:37:14,168] {dag.py:1834} INFO - Sync 1 DAGs
[2023-09-01 18:37:14,178] {logging_mixin.py:109} INFO - [2023-09-01 18:37:14,178] {dag.py:2287} INFO - Setting next_dagrun for clean_dag_run to None
[2023-09-01 18:37:14,185] {processor.py:170} INFO - Processing /opt/airflow/dags/clean_dag_run.py took 0.458 seconds
