[2023-09-04 18:07:32,350] {processor.py:162} INFO - Started process (PID=160) to work on /opt/airflow/dags/clean_dag_run.py
[2023-09-04 18:07:32,352] {processor.py:613} INFO - Processing file /opt/airflow/dags/clean_dag_run.py for tasks to queue
[2023-09-04 18:07:32,353] {logging_mixin.py:109} INFO - [2023-09-04 18:07:32,353] {dagbag.py:496} INFO - Filling up the DagBag from /opt/airflow/dags/clean_dag_run.py
[2023-09-04 18:07:33,250] {processor.py:623} INFO - DAG(s) dict_keys(['clean_dag_run']) retrieved from /opt/airflow/dags/clean_dag_run.py
[2023-09-04 18:07:33,721] {logging_mixin.py:109} INFO - [2023-09-04 18:07:33,720] {dag.py:1834} INFO - Sync 1 DAGs
[2023-09-04 18:07:33,729] {logging_mixin.py:109} INFO - [2023-09-04 18:07:33,729] {dag.py:2287} INFO - Setting next_dagrun for clean_dag_run to None
[2023-09-04 18:07:33,743] {processor.py:170} INFO - Processing /opt/airflow/dags/clean_dag_run.py took 1.401 seconds
[2023-09-04 18:08:03,821] {processor.py:162} INFO - Started process (PID=194) to work on /opt/airflow/dags/clean_dag_run.py
[2023-09-04 18:08:03,822] {processor.py:613} INFO - Processing file /opt/airflow/dags/clean_dag_run.py for tasks to queue
[2023-09-04 18:08:03,823] {logging_mixin.py:109} INFO - [2023-09-04 18:08:03,823] {dagbag.py:496} INFO - Filling up the DagBag from /opt/airflow/dags/clean_dag_run.py
[2023-09-04 18:08:04,455] {processor.py:623} INFO - DAG(s) dict_keys(['clean_dag_run']) retrieved from /opt/airflow/dags/clean_dag_run.py
[2023-09-04 18:08:04,472] {logging_mixin.py:109} INFO - [2023-09-04 18:08:04,472] {dag.py:1834} INFO - Sync 1 DAGs
[2023-09-04 18:08:04,480] {logging_mixin.py:109} INFO - [2023-09-04 18:08:04,480] {dag.py:2287} INFO - Setting next_dagrun for clean_dag_run to None
[2023-09-04 18:08:04,487] {processor.py:170} INFO - Processing /opt/airflow/dags/clean_dag_run.py took 0.669 seconds
[2023-09-04 18:09:37,660] {processor.py:162} INFO - Started process (PID=161) to work on /opt/airflow/dags/clean_dag_run.py
[2023-09-04 18:09:37,661] {processor.py:613} INFO - Processing file /opt/airflow/dags/clean_dag_run.py for tasks to queue
[2023-09-04 18:09:37,662] {logging_mixin.py:109} INFO - [2023-09-04 18:09:37,662] {dagbag.py:496} INFO - Filling up the DagBag from /opt/airflow/dags/clean_dag_run.py
[2023-09-04 18:09:38,525] {processor.py:623} INFO - DAG(s) dict_keys(['clean_dag_run']) retrieved from /opt/airflow/dags/clean_dag_run.py
[2023-09-04 18:09:38,549] {logging_mixin.py:109} INFO - [2023-09-04 18:09:38,549] {dag.py:1834} INFO - Sync 1 DAGs
[2023-09-04 18:09:38,560] {logging_mixin.py:109} INFO - [2023-09-04 18:09:38,560] {dag.py:2287} INFO - Setting next_dagrun for clean_dag_run to None
[2023-09-04 18:09:38,571] {processor.py:170} INFO - Processing /opt/airflow/dags/clean_dag_run.py took 0.914 seconds
[2023-09-04 18:10:08,689] {processor.py:162} INFO - Started process (PID=195) to work on /opt/airflow/dags/clean_dag_run.py
[2023-09-04 18:10:08,690] {processor.py:613} INFO - Processing file /opt/airflow/dags/clean_dag_run.py for tasks to queue
[2023-09-04 18:10:08,691] {logging_mixin.py:109} INFO - [2023-09-04 18:10:08,691] {dagbag.py:496} INFO - Filling up the DagBag from /opt/airflow/dags/clean_dag_run.py
[2023-09-04 18:10:09,277] {processor.py:623} INFO - DAG(s) dict_keys(['clean_dag_run']) retrieved from /opt/airflow/dags/clean_dag_run.py
[2023-09-04 18:10:09,298] {logging_mixin.py:109} INFO - [2023-09-04 18:10:09,298] {dag.py:1834} INFO - Sync 1 DAGs
[2023-09-04 18:10:09,309] {logging_mixin.py:109} INFO - [2023-09-04 18:10:09,309] {dag.py:2287} INFO - Setting next_dagrun for clean_dag_run to None
[2023-09-04 18:10:09,317] {processor.py:170} INFO - Processing /opt/airflow/dags/clean_dag_run.py took 0.631 seconds
[2023-09-04 18:10:39,451] {processor.py:162} INFO - Started process (PID=229) to work on /opt/airflow/dags/clean_dag_run.py
[2023-09-04 18:10:39,452] {processor.py:613} INFO - Processing file /opt/airflow/dags/clean_dag_run.py for tasks to queue
[2023-09-04 18:10:39,453] {logging_mixin.py:109} INFO - [2023-09-04 18:10:39,453] {dagbag.py:496} INFO - Filling up the DagBag from /opt/airflow/dags/clean_dag_run.py
[2023-09-04 18:10:39,976] {processor.py:623} INFO - DAG(s) dict_keys(['clean_dag_run']) retrieved from /opt/airflow/dags/clean_dag_run.py
[2023-09-04 18:10:39,993] {logging_mixin.py:109} INFO - [2023-09-04 18:10:39,993] {dag.py:1834} INFO - Sync 1 DAGs
[2023-09-04 18:10:40,000] {logging_mixin.py:109} INFO - [2023-09-04 18:10:40,000] {dag.py:2287} INFO - Setting next_dagrun for clean_dag_run to None
[2023-09-04 18:10:40,008] {processor.py:170} INFO - Processing /opt/airflow/dags/clean_dag_run.py took 0.559 seconds
[2023-09-04 18:11:10,133] {processor.py:162} INFO - Started process (PID=255) to work on /opt/airflow/dags/clean_dag_run.py
[2023-09-04 18:11:10,134] {processor.py:613} INFO - Processing file /opt/airflow/dags/clean_dag_run.py for tasks to queue
[2023-09-04 18:11:10,135] {logging_mixin.py:109} INFO - [2023-09-04 18:11:10,135] {dagbag.py:496} INFO - Filling up the DagBag from /opt/airflow/dags/clean_dag_run.py
[2023-09-04 18:11:10,688] {processor.py:623} INFO - DAG(s) dict_keys(['clean_dag_run']) retrieved from /opt/airflow/dags/clean_dag_run.py
[2023-09-04 18:11:10,705] {logging_mixin.py:109} INFO - [2023-09-04 18:11:10,705] {dag.py:1834} INFO - Sync 1 DAGs
[2023-09-04 18:11:10,713] {logging_mixin.py:109} INFO - [2023-09-04 18:11:10,713] {dag.py:2287} INFO - Setting next_dagrun for clean_dag_run to None
[2023-09-04 18:11:10,722] {processor.py:170} INFO - Processing /opt/airflow/dags/clean_dag_run.py took 0.593 seconds
[2023-09-04 18:11:40,866] {processor.py:162} INFO - Started process (PID=289) to work on /opt/airflow/dags/clean_dag_run.py
[2023-09-04 18:11:40,868] {processor.py:613} INFO - Processing file /opt/airflow/dags/clean_dag_run.py for tasks to queue
[2023-09-04 18:11:40,869] {logging_mixin.py:109} INFO - [2023-09-04 18:11:40,869] {dagbag.py:496} INFO - Filling up the DagBag from /opt/airflow/dags/clean_dag_run.py
[2023-09-04 18:11:41,456] {processor.py:623} INFO - DAG(s) dict_keys(['clean_dag_run']) retrieved from /opt/airflow/dags/clean_dag_run.py
[2023-09-04 18:11:41,469] {logging_mixin.py:109} INFO - [2023-09-04 18:11:41,469] {dag.py:1834} INFO - Sync 1 DAGs
[2023-09-04 18:11:41,476] {logging_mixin.py:109} INFO - [2023-09-04 18:11:41,476] {dag.py:2287} INFO - Setting next_dagrun for clean_dag_run to None
[2023-09-04 18:11:41,482] {processor.py:170} INFO - Processing /opt/airflow/dags/clean_dag_run.py took 0.620 seconds
[2023-09-04 18:12:11,618] {processor.py:162} INFO - Started process (PID=323) to work on /opt/airflow/dags/clean_dag_run.py
[2023-09-04 18:12:11,619] {processor.py:613} INFO - Processing file /opt/airflow/dags/clean_dag_run.py for tasks to queue
[2023-09-04 18:12:11,620] {logging_mixin.py:109} INFO - [2023-09-04 18:12:11,619] {dagbag.py:496} INFO - Filling up the DagBag from /opt/airflow/dags/clean_dag_run.py
[2023-09-04 18:12:12,124] {processor.py:623} INFO - DAG(s) dict_keys(['clean_dag_run']) retrieved from /opt/airflow/dags/clean_dag_run.py
[2023-09-04 18:12:12,139] {logging_mixin.py:109} INFO - [2023-09-04 18:12:12,139] {dag.py:1834} INFO - Sync 1 DAGs
[2023-09-04 18:12:12,147] {logging_mixin.py:109} INFO - [2023-09-04 18:12:12,147] {dag.py:2287} INFO - Setting next_dagrun for clean_dag_run to None
[2023-09-04 18:12:12,153] {processor.py:170} INFO - Processing /opt/airflow/dags/clean_dag_run.py took 0.538 seconds
[2023-09-04 18:12:42,299] {processor.py:162} INFO - Started process (PID=350) to work on /opt/airflow/dags/clean_dag_run.py
[2023-09-04 18:12:42,300] {processor.py:613} INFO - Processing file /opt/airflow/dags/clean_dag_run.py for tasks to queue
[2023-09-04 18:12:42,301] {logging_mixin.py:109} INFO - [2023-09-04 18:12:42,301] {dagbag.py:496} INFO - Filling up the DagBag from /opt/airflow/dags/clean_dag_run.py
[2023-09-04 18:12:42,805] {processor.py:623} INFO - DAG(s) dict_keys(['clean_dag_run']) retrieved from /opt/airflow/dags/clean_dag_run.py
[2023-09-04 18:12:42,821] {logging_mixin.py:109} INFO - [2023-09-04 18:12:42,821] {dag.py:1834} INFO - Sync 1 DAGs
[2023-09-04 18:12:42,828] {logging_mixin.py:109} INFO - [2023-09-04 18:12:42,828] {dag.py:2287} INFO - Setting next_dagrun for clean_dag_run to None
[2023-09-04 18:12:42,834] {processor.py:170} INFO - Processing /opt/airflow/dags/clean_dag_run.py took 0.539 seconds
[2023-09-04 18:13:12,977] {processor.py:162} INFO - Started process (PID=384) to work on /opt/airflow/dags/clean_dag_run.py
[2023-09-04 18:13:12,978] {processor.py:613} INFO - Processing file /opt/airflow/dags/clean_dag_run.py for tasks to queue
[2023-09-04 18:13:12,979] {logging_mixin.py:109} INFO - [2023-09-04 18:13:12,979] {dagbag.py:496} INFO - Filling up the DagBag from /opt/airflow/dags/clean_dag_run.py
[2023-09-04 18:13:13,476] {processor.py:623} INFO - DAG(s) dict_keys(['clean_dag_run']) retrieved from /opt/airflow/dags/clean_dag_run.py
[2023-09-04 18:13:13,493] {logging_mixin.py:109} INFO - [2023-09-04 18:13:13,493] {dag.py:1834} INFO - Sync 1 DAGs
[2023-09-04 18:13:13,500] {logging_mixin.py:109} INFO - [2023-09-04 18:13:13,500] {dag.py:2287} INFO - Setting next_dagrun for clean_dag_run to None
[2023-09-04 18:13:13,507] {processor.py:170} INFO - Processing /opt/airflow/dags/clean_dag_run.py took 0.534 seconds
[2023-09-04 18:14:16,290] {processor.py:162} INFO - Started process (PID=27) to work on /opt/airflow/dags/clean_dag_run.py
[2023-09-04 18:14:16,291] {processor.py:613} INFO - Processing file /opt/airflow/dags/clean_dag_run.py for tasks to queue
[2023-09-04 18:14:16,292] {logging_mixin.py:109} INFO - [2023-09-04 18:14:16,292] {dagbag.py:496} INFO - Filling up the DagBag from /opt/airflow/dags/clean_dag_run.py
[2023-09-04 18:14:17,085] {processor.py:623} INFO - DAG(s) dict_keys(['clean_dag_run']) retrieved from /opt/airflow/dags/clean_dag_run.py
[2023-09-04 18:14:17,102] {logging_mixin.py:109} INFO - [2023-09-04 18:14:17,102] {dag.py:1834} INFO - Sync 1 DAGs
[2023-09-04 18:14:17,110] {logging_mixin.py:109} INFO - [2023-09-04 18:14:17,110] {dag.py:2287} INFO - Setting next_dagrun for clean_dag_run to None
[2023-09-04 18:14:17,119] {processor.py:170} INFO - Processing /opt/airflow/dags/clean_dag_run.py took 0.831 seconds
[2023-09-04 18:14:47,236] {processor.py:162} INFO - Started process (PID=53) to work on /opt/airflow/dags/clean_dag_run.py
[2023-09-04 18:14:47,237] {processor.py:613} INFO - Processing file /opt/airflow/dags/clean_dag_run.py for tasks to queue
[2023-09-04 18:14:47,238] {logging_mixin.py:109} INFO - [2023-09-04 18:14:47,238] {dagbag.py:496} INFO - Filling up the DagBag from /opt/airflow/dags/clean_dag_run.py
[2023-09-04 18:14:47,863] {processor.py:623} INFO - DAG(s) dict_keys(['clean_dag_run']) retrieved from /opt/airflow/dags/clean_dag_run.py
[2023-09-04 18:14:47,879] {logging_mixin.py:109} INFO - [2023-09-04 18:14:47,879] {dag.py:1834} INFO - Sync 1 DAGs
[2023-09-04 18:14:47,887] {logging_mixin.py:109} INFO - [2023-09-04 18:14:47,887] {dag.py:2287} INFO - Setting next_dagrun for clean_dag_run to None
[2023-09-04 18:14:47,894] {processor.py:170} INFO - Processing /opt/airflow/dags/clean_dag_run.py took 0.662 seconds
[2023-09-04 18:15:18,029] {processor.py:162} INFO - Started process (PID=79) to work on /opt/airflow/dags/clean_dag_run.py
[2023-09-04 18:15:18,031] {processor.py:613} INFO - Processing file /opt/airflow/dags/clean_dag_run.py for tasks to queue
[2023-09-04 18:15:18,032] {logging_mixin.py:109} INFO - [2023-09-04 18:15:18,032] {dagbag.py:496} INFO - Filling up the DagBag from /opt/airflow/dags/clean_dag_run.py
[2023-09-04 18:15:18,702] {processor.py:623} INFO - DAG(s) dict_keys(['clean_dag_run']) retrieved from /opt/airflow/dags/clean_dag_run.py
[2023-09-04 18:15:18,724] {logging_mixin.py:109} INFO - [2023-09-04 18:15:18,723] {dag.py:1834} INFO - Sync 1 DAGs
[2023-09-04 18:15:18,735] {logging_mixin.py:109} INFO - [2023-09-04 18:15:18,735] {dag.py:2287} INFO - Setting next_dagrun for clean_dag_run to None
[2023-09-04 18:15:18,745] {processor.py:170} INFO - Processing /opt/airflow/dags/clean_dag_run.py took 0.719 seconds
[2023-09-04 18:15:48,951] {processor.py:162} INFO - Started process (PID=97) to work on /opt/airflow/dags/clean_dag_run.py
[2023-09-04 18:15:48,953] {processor.py:613} INFO - Processing file /opt/airflow/dags/clean_dag_run.py for tasks to queue
[2023-09-04 18:15:48,954] {logging_mixin.py:109} INFO - [2023-09-04 18:15:48,954] {dagbag.py:496} INFO - Filling up the DagBag from /opt/airflow/dags/clean_dag_run.py
[2023-09-04 18:15:49,452] {processor.py:623} INFO - DAG(s) dict_keys(['clean_dag_run']) retrieved from /opt/airflow/dags/clean_dag_run.py
[2023-09-04 18:15:49,466] {logging_mixin.py:109} INFO - [2023-09-04 18:15:49,466] {dag.py:1834} INFO - Sync 1 DAGs
[2023-09-04 18:15:49,474] {logging_mixin.py:109} INFO - [2023-09-04 18:15:49,474] {dag.py:2287} INFO - Setting next_dagrun for clean_dag_run to None
[2023-09-04 18:15:49,480] {processor.py:170} INFO - Processing /opt/airflow/dags/clean_dag_run.py took 0.532 seconds
[2023-09-04 18:16:19,608] {processor.py:162} INFO - Started process (PID=123) to work on /opt/airflow/dags/clean_dag_run.py
[2023-09-04 18:16:19,609] {processor.py:613} INFO - Processing file /opt/airflow/dags/clean_dag_run.py for tasks to queue
[2023-09-04 18:16:19,610] {logging_mixin.py:109} INFO - [2023-09-04 18:16:19,610] {dagbag.py:496} INFO - Filling up the DagBag from /opt/airflow/dags/clean_dag_run.py
[2023-09-04 18:16:20,117] {processor.py:623} INFO - DAG(s) dict_keys(['clean_dag_run']) retrieved from /opt/airflow/dags/clean_dag_run.py
[2023-09-04 18:16:20,133] {logging_mixin.py:109} INFO - [2023-09-04 18:16:20,133] {dag.py:1834} INFO - Sync 1 DAGs
[2023-09-04 18:16:20,141] {logging_mixin.py:109} INFO - [2023-09-04 18:16:20,141] {dag.py:2287} INFO - Setting next_dagrun for clean_dag_run to None
[2023-09-04 18:16:20,148] {processor.py:170} INFO - Processing /opt/airflow/dags/clean_dag_run.py took 0.543 seconds
[2023-09-04 18:16:50,280] {processor.py:162} INFO - Started process (PID=149) to work on /opt/airflow/dags/clean_dag_run.py
[2023-09-04 18:16:50,282] {processor.py:613} INFO - Processing file /opt/airflow/dags/clean_dag_run.py for tasks to queue
[2023-09-04 18:16:50,283] {logging_mixin.py:109} INFO - [2023-09-04 18:16:50,282] {dagbag.py:496} INFO - Filling up the DagBag from /opt/airflow/dags/clean_dag_run.py
[2023-09-04 18:16:50,807] {processor.py:623} INFO - DAG(s) dict_keys(['clean_dag_run']) retrieved from /opt/airflow/dags/clean_dag_run.py
[2023-09-04 18:16:50,822] {logging_mixin.py:109} INFO - [2023-09-04 18:16:50,822] {dag.py:1834} INFO - Sync 1 DAGs
[2023-09-04 18:16:50,830] {logging_mixin.py:109} INFO - [2023-09-04 18:16:50,830] {dag.py:2287} INFO - Setting next_dagrun for clean_dag_run to None
[2023-09-04 18:16:50,836] {processor.py:170} INFO - Processing /opt/airflow/dags/clean_dag_run.py took 0.560 seconds
[2023-09-04 18:17:20,971] {processor.py:162} INFO - Started process (PID=167) to work on /opt/airflow/dags/clean_dag_run.py
[2023-09-04 18:17:20,973] {processor.py:613} INFO - Processing file /opt/airflow/dags/clean_dag_run.py for tasks to queue
[2023-09-04 18:17:20,975] {logging_mixin.py:109} INFO - [2023-09-04 18:17:20,974] {dagbag.py:496} INFO - Filling up the DagBag from /opt/airflow/dags/clean_dag_run.py
[2023-09-04 18:17:21,539] {processor.py:623} INFO - DAG(s) dict_keys(['clean_dag_run']) retrieved from /opt/airflow/dags/clean_dag_run.py
[2023-09-04 18:17:21,554] {logging_mixin.py:109} INFO - [2023-09-04 18:17:21,554] {dag.py:1834} INFO - Sync 1 DAGs
[2023-09-04 18:17:21,560] {logging_mixin.py:109} INFO - [2023-09-04 18:17:21,560] {dag.py:2287} INFO - Setting next_dagrun for clean_dag_run to None
[2023-09-04 18:17:21,566] {processor.py:170} INFO - Processing /opt/airflow/dags/clean_dag_run.py took 0.599 seconds
[2023-09-04 18:17:51,704] {processor.py:162} INFO - Started process (PID=193) to work on /opt/airflow/dags/clean_dag_run.py
[2023-09-04 18:17:51,705] {processor.py:613} INFO - Processing file /opt/airflow/dags/clean_dag_run.py for tasks to queue
[2023-09-04 18:17:51,706] {logging_mixin.py:109} INFO - [2023-09-04 18:17:51,706] {dagbag.py:496} INFO - Filling up the DagBag from /opt/airflow/dags/clean_dag_run.py
[2023-09-04 18:17:52,290] {processor.py:623} INFO - DAG(s) dict_keys(['clean_dag_run']) retrieved from /opt/airflow/dags/clean_dag_run.py
[2023-09-04 18:17:52,306] {logging_mixin.py:109} INFO - [2023-09-04 18:17:52,306] {dag.py:1834} INFO - Sync 1 DAGs
[2023-09-04 18:17:52,314] {logging_mixin.py:109} INFO - [2023-09-04 18:17:52,314] {dag.py:2287} INFO - Setting next_dagrun for clean_dag_run to None
[2023-09-04 18:17:52,320] {processor.py:170} INFO - Processing /opt/airflow/dags/clean_dag_run.py took 0.619 seconds
[2023-09-04 18:18:22,451] {processor.py:162} INFO - Started process (PID=219) to work on /opt/airflow/dags/clean_dag_run.py
[2023-09-04 18:18:22,452] {processor.py:613} INFO - Processing file /opt/airflow/dags/clean_dag_run.py for tasks to queue
[2023-09-04 18:18:22,453] {logging_mixin.py:109} INFO - [2023-09-04 18:18:22,453] {dagbag.py:496} INFO - Filling up the DagBag from /opt/airflow/dags/clean_dag_run.py
[2023-09-04 18:18:23,007] {processor.py:623} INFO - DAG(s) dict_keys(['clean_dag_run']) retrieved from /opt/airflow/dags/clean_dag_run.py
[2023-09-04 18:18:23,022] {logging_mixin.py:109} INFO - [2023-09-04 18:18:23,022] {dag.py:1834} INFO - Sync 1 DAGs
[2023-09-04 18:18:23,030] {logging_mixin.py:109} INFO - [2023-09-04 18:18:23,030] {dag.py:2287} INFO - Setting next_dagrun for clean_dag_run to None
[2023-09-04 18:18:23,037] {processor.py:170} INFO - Processing /opt/airflow/dags/clean_dag_run.py took 0.590 seconds
[2023-09-04 18:18:53,168] {processor.py:162} INFO - Started process (PID=237) to work on /opt/airflow/dags/clean_dag_run.py
[2023-09-04 18:18:53,170] {processor.py:613} INFO - Processing file /opt/airflow/dags/clean_dag_run.py for tasks to queue
[2023-09-04 18:18:53,171] {logging_mixin.py:109} INFO - [2023-09-04 18:18:53,171] {dagbag.py:496} INFO - Filling up the DagBag from /opt/airflow/dags/clean_dag_run.py
[2023-09-04 18:18:53,684] {processor.py:623} INFO - DAG(s) dict_keys(['clean_dag_run']) retrieved from /opt/airflow/dags/clean_dag_run.py
[2023-09-04 18:18:53,702] {logging_mixin.py:109} INFO - [2023-09-04 18:18:53,702] {dag.py:1834} INFO - Sync 1 DAGs
[2023-09-04 18:18:53,709] {logging_mixin.py:109} INFO - [2023-09-04 18:18:53,709] {dag.py:2287} INFO - Setting next_dagrun for clean_dag_run to None
[2023-09-04 18:18:53,715] {processor.py:170} INFO - Processing /opt/airflow/dags/clean_dag_run.py took 0.550 seconds
[2023-09-04 18:19:23,879] {processor.py:162} INFO - Started process (PID=262) to work on /opt/airflow/dags/clean_dag_run.py
[2023-09-04 18:19:23,880] {processor.py:613} INFO - Processing file /opt/airflow/dags/clean_dag_run.py for tasks to queue
[2023-09-04 18:19:23,881] {logging_mixin.py:109} INFO - [2023-09-04 18:19:23,881] {dagbag.py:496} INFO - Filling up the DagBag from /opt/airflow/dags/clean_dag_run.py
[2023-09-04 18:19:24,439] {processor.py:623} INFO - DAG(s) dict_keys(['clean_dag_run']) retrieved from /opt/airflow/dags/clean_dag_run.py
[2023-09-04 18:19:24,455] {logging_mixin.py:109} INFO - [2023-09-04 18:19:24,454] {dag.py:1834} INFO - Sync 1 DAGs
[2023-09-04 18:19:24,462] {logging_mixin.py:109} INFO - [2023-09-04 18:19:24,462] {dag.py:2287} INFO - Setting next_dagrun for clean_dag_run to None
[2023-09-04 18:19:24,469] {processor.py:170} INFO - Processing /opt/airflow/dags/clean_dag_run.py took 0.593 seconds
[2023-09-04 18:19:54,597] {processor.py:162} INFO - Started process (PID=288) to work on /opt/airflow/dags/clean_dag_run.py
[2023-09-04 18:19:54,602] {processor.py:613} INFO - Processing file /opt/airflow/dags/clean_dag_run.py for tasks to queue
[2023-09-04 18:19:54,603] {logging_mixin.py:109} INFO - [2023-09-04 18:19:54,603] {dagbag.py:496} INFO - Filling up the DagBag from /opt/airflow/dags/clean_dag_run.py
[2023-09-04 18:19:55,101] {processor.py:623} INFO - DAG(s) dict_keys(['clean_dag_run']) retrieved from /opt/airflow/dags/clean_dag_run.py
[2023-09-04 18:19:55,116] {logging_mixin.py:109} INFO - [2023-09-04 18:19:55,116] {dag.py:1834} INFO - Sync 1 DAGs
[2023-09-04 18:19:55,123] {logging_mixin.py:109} INFO - [2023-09-04 18:19:55,123] {dag.py:2287} INFO - Setting next_dagrun for clean_dag_run to None
[2023-09-04 18:19:55,129] {processor.py:170} INFO - Processing /opt/airflow/dags/clean_dag_run.py took 0.536 seconds
[2023-09-04 18:20:25,300] {processor.py:162} INFO - Started process (PID=306) to work on /opt/airflow/dags/clean_dag_run.py
[2023-09-04 18:20:25,302] {processor.py:613} INFO - Processing file /opt/airflow/dags/clean_dag_run.py for tasks to queue
[2023-09-04 18:20:25,303] {logging_mixin.py:109} INFO - [2023-09-04 18:20:25,303] {dagbag.py:496} INFO - Filling up the DagBag from /opt/airflow/dags/clean_dag_run.py
[2023-09-04 18:20:26,639] {processor.py:623} INFO - DAG(s) dict_keys(['clean_dag_run']) retrieved from /opt/airflow/dags/clean_dag_run.py
[2023-09-04 18:20:26,668] {logging_mixin.py:109} INFO - [2023-09-04 18:20:26,668] {dag.py:1834} INFO - Sync 1 DAGs
[2023-09-04 18:20:26,678] {logging_mixin.py:109} INFO - [2023-09-04 18:20:26,678] {dag.py:2287} INFO - Setting next_dagrun for clean_dag_run to None
[2023-09-04 18:20:26,686] {processor.py:170} INFO - Processing /opt/airflow/dags/clean_dag_run.py took 1.394 seconds
[2023-09-04 18:20:56,819] {processor.py:162} INFO - Started process (PID=332) to work on /opt/airflow/dags/clean_dag_run.py
[2023-09-04 18:20:56,820] {processor.py:613} INFO - Processing file /opt/airflow/dags/clean_dag_run.py for tasks to queue
[2023-09-04 18:20:56,821] {logging_mixin.py:109} INFO - [2023-09-04 18:20:56,821] {dagbag.py:496} INFO - Filling up the DagBag from /opt/airflow/dags/clean_dag_run.py
[2023-09-04 18:20:57,327] {processor.py:623} INFO - DAG(s) dict_keys(['clean_dag_run']) retrieved from /opt/airflow/dags/clean_dag_run.py
[2023-09-04 18:20:57,347] {logging_mixin.py:109} INFO - [2023-09-04 18:20:57,347] {dag.py:1834} INFO - Sync 1 DAGs
[2023-09-04 18:20:57,356] {logging_mixin.py:109} INFO - [2023-09-04 18:20:57,356] {dag.py:2287} INFO - Setting next_dagrun for clean_dag_run to None
[2023-09-04 18:20:57,362] {processor.py:170} INFO - Processing /opt/airflow/dags/clean_dag_run.py took 0.546 seconds
[2023-09-04 18:21:27,498] {processor.py:162} INFO - Started process (PID=358) to work on /opt/airflow/dags/clean_dag_run.py
[2023-09-04 18:21:27,499] {processor.py:613} INFO - Processing file /opt/airflow/dags/clean_dag_run.py for tasks to queue
[2023-09-04 18:21:27,500] {logging_mixin.py:109} INFO - [2023-09-04 18:21:27,500] {dagbag.py:496} INFO - Filling up the DagBag from /opt/airflow/dags/clean_dag_run.py
[2023-09-04 18:21:28,098] {processor.py:623} INFO - DAG(s) dict_keys(['clean_dag_run']) retrieved from /opt/airflow/dags/clean_dag_run.py
[2023-09-04 18:21:28,116] {logging_mixin.py:109} INFO - [2023-09-04 18:21:28,116] {dag.py:1834} INFO - Sync 1 DAGs
[2023-09-04 18:21:28,125] {logging_mixin.py:109} INFO - [2023-09-04 18:21:28,125] {dag.py:2287} INFO - Setting next_dagrun for clean_dag_run to None
[2023-09-04 18:21:28,131] {processor.py:170} INFO - Processing /opt/airflow/dags/clean_dag_run.py took 0.636 seconds
[2023-09-04 18:21:58,254] {processor.py:162} INFO - Started process (PID=376) to work on /opt/airflow/dags/clean_dag_run.py
[2023-09-04 18:21:58,256] {processor.py:613} INFO - Processing file /opt/airflow/dags/clean_dag_run.py for tasks to queue
[2023-09-04 18:21:58,257] {logging_mixin.py:109} INFO - [2023-09-04 18:21:58,257] {dagbag.py:496} INFO - Filling up the DagBag from /opt/airflow/dags/clean_dag_run.py
[2023-09-04 18:21:58,779] {processor.py:623} INFO - DAG(s) dict_keys(['clean_dag_run']) retrieved from /opt/airflow/dags/clean_dag_run.py
[2023-09-04 18:21:58,795] {logging_mixin.py:109} INFO - [2023-09-04 18:21:58,795] {dag.py:1834} INFO - Sync 1 DAGs
[2023-09-04 18:21:58,805] {logging_mixin.py:109} INFO - [2023-09-04 18:21:58,805] {dag.py:2287} INFO - Setting next_dagrun for clean_dag_run to None
[2023-09-04 18:21:58,818] {processor.py:170} INFO - Processing /opt/airflow/dags/clean_dag_run.py took 0.567 seconds
[2023-09-04 18:22:28,945] {processor.py:162} INFO - Started process (PID=402) to work on /opt/airflow/dags/clean_dag_run.py
[2023-09-04 18:22:28,946] {processor.py:613} INFO - Processing file /opt/airflow/dags/clean_dag_run.py for tasks to queue
[2023-09-04 18:22:28,948] {logging_mixin.py:109} INFO - [2023-09-04 18:22:28,947] {dagbag.py:496} INFO - Filling up the DagBag from /opt/airflow/dags/clean_dag_run.py
[2023-09-04 18:22:29,454] {processor.py:623} INFO - DAG(s) dict_keys(['clean_dag_run']) retrieved from /opt/airflow/dags/clean_dag_run.py
[2023-09-04 18:22:29,470] {logging_mixin.py:109} INFO - [2023-09-04 18:22:29,470] {dag.py:1834} INFO - Sync 1 DAGs
[2023-09-04 18:22:29,478] {logging_mixin.py:109} INFO - [2023-09-04 18:22:29,478] {dag.py:2287} INFO - Setting next_dagrun for clean_dag_run to None
[2023-09-04 18:22:29,484] {processor.py:170} INFO - Processing /opt/airflow/dags/clean_dag_run.py took 0.543 seconds
[2023-09-04 18:22:59,614] {processor.py:162} INFO - Started process (PID=428) to work on /opt/airflow/dags/clean_dag_run.py
[2023-09-04 18:22:59,617] {processor.py:613} INFO - Processing file /opt/airflow/dags/clean_dag_run.py for tasks to queue
[2023-09-04 18:22:59,617] {logging_mixin.py:109} INFO - [2023-09-04 18:22:59,617] {dagbag.py:496} INFO - Filling up the DagBag from /opt/airflow/dags/clean_dag_run.py
[2023-09-04 18:23:00,197] {processor.py:623} INFO - DAG(s) dict_keys(['clean_dag_run']) retrieved from /opt/airflow/dags/clean_dag_run.py
[2023-09-04 18:23:00,213] {logging_mixin.py:109} INFO - [2023-09-04 18:23:00,212] {dag.py:1834} INFO - Sync 1 DAGs
[2023-09-04 18:23:00,219] {logging_mixin.py:109} INFO - [2023-09-04 18:23:00,219] {dag.py:2287} INFO - Setting next_dagrun for clean_dag_run to None
[2023-09-04 18:23:00,226] {processor.py:170} INFO - Processing /opt/airflow/dags/clean_dag_run.py took 0.615 seconds
[2023-09-04 18:23:30,363] {processor.py:162} INFO - Started process (PID=447) to work on /opt/airflow/dags/clean_dag_run.py
[2023-09-04 18:23:30,365] {processor.py:613} INFO - Processing file /opt/airflow/dags/clean_dag_run.py for tasks to queue
[2023-09-04 18:23:30,365] {logging_mixin.py:109} INFO - [2023-09-04 18:23:30,365] {dagbag.py:496} INFO - Filling up the DagBag from /opt/airflow/dags/clean_dag_run.py
[2023-09-04 18:23:30,967] {processor.py:623} INFO - DAG(s) dict_keys(['clean_dag_run']) retrieved from /opt/airflow/dags/clean_dag_run.py
[2023-09-04 18:23:30,983] {logging_mixin.py:109} INFO - [2023-09-04 18:23:30,983] {dag.py:1834} INFO - Sync 1 DAGs
[2023-09-04 18:23:30,990] {logging_mixin.py:109} INFO - [2023-09-04 18:23:30,990] {dag.py:2287} INFO - Setting next_dagrun for clean_dag_run to None
[2023-09-04 18:23:30,997] {processor.py:170} INFO - Processing /opt/airflow/dags/clean_dag_run.py took 0.638 seconds
[2023-09-04 18:24:01,120] {processor.py:162} INFO - Started process (PID=473) to work on /opt/airflow/dags/clean_dag_run.py
[2023-09-04 18:24:01,121] {processor.py:613} INFO - Processing file /opt/airflow/dags/clean_dag_run.py for tasks to queue
[2023-09-04 18:24:01,122] {logging_mixin.py:109} INFO - [2023-09-04 18:24:01,122] {dagbag.py:496} INFO - Filling up the DagBag from /opt/airflow/dags/clean_dag_run.py
[2023-09-04 18:24:01,638] {processor.py:623} INFO - DAG(s) dict_keys(['clean_dag_run']) retrieved from /opt/airflow/dags/clean_dag_run.py
[2023-09-04 18:24:01,654] {logging_mixin.py:109} INFO - [2023-09-04 18:24:01,654] {dag.py:1834} INFO - Sync 1 DAGs
[2023-09-04 18:24:01,661] {logging_mixin.py:109} INFO - [2023-09-04 18:24:01,661] {dag.py:2287} INFO - Setting next_dagrun for clean_dag_run to None
[2023-09-04 18:24:01,668] {processor.py:170} INFO - Processing /opt/airflow/dags/clean_dag_run.py took 0.552 seconds
[2023-09-04 18:24:31,830] {processor.py:162} INFO - Started process (PID=499) to work on /opt/airflow/dags/clean_dag_run.py
[2023-09-04 18:24:31,832] {processor.py:613} INFO - Processing file /opt/airflow/dags/clean_dag_run.py for tasks to queue
[2023-09-04 18:24:31,833] {logging_mixin.py:109} INFO - [2023-09-04 18:24:31,833] {dagbag.py:496} INFO - Filling up the DagBag from /opt/airflow/dags/clean_dag_run.py
[2023-09-04 18:24:32,357] {processor.py:623} INFO - DAG(s) dict_keys(['clean_dag_run']) retrieved from /opt/airflow/dags/clean_dag_run.py
[2023-09-04 18:24:32,374] {logging_mixin.py:109} INFO - [2023-09-04 18:24:32,374] {dag.py:1834} INFO - Sync 1 DAGs
[2023-09-04 18:24:32,381] {logging_mixin.py:109} INFO - [2023-09-04 18:24:32,381] {dag.py:2287} INFO - Setting next_dagrun for clean_dag_run to None
[2023-09-04 18:24:32,388] {processor.py:170} INFO - Processing /opt/airflow/dags/clean_dag_run.py took 0.561 seconds
[2023-09-04 18:25:02,517] {processor.py:162} INFO - Started process (PID=517) to work on /opt/airflow/dags/clean_dag_run.py
[2023-09-04 18:25:02,518] {processor.py:613} INFO - Processing file /opt/airflow/dags/clean_dag_run.py for tasks to queue
[2023-09-04 18:25:02,519] {logging_mixin.py:109} INFO - [2023-09-04 18:25:02,519] {dagbag.py:496} INFO - Filling up the DagBag from /opt/airflow/dags/clean_dag_run.py
[2023-09-04 18:25:03,059] {processor.py:623} INFO - DAG(s) dict_keys(['clean_dag_run']) retrieved from /opt/airflow/dags/clean_dag_run.py
[2023-09-04 18:25:03,075] {logging_mixin.py:109} INFO - [2023-09-04 18:25:03,075] {dag.py:1834} INFO - Sync 1 DAGs
[2023-09-04 18:25:03,083] {logging_mixin.py:109} INFO - [2023-09-04 18:25:03,083] {dag.py:2287} INFO - Setting next_dagrun for clean_dag_run to None
[2023-09-04 18:25:03,090] {processor.py:170} INFO - Processing /opt/airflow/dags/clean_dag_run.py took 0.576 seconds
[2023-09-04 18:25:33,221] {processor.py:162} INFO - Started process (PID=543) to work on /opt/airflow/dags/clean_dag_run.py
[2023-09-04 18:25:33,222] {processor.py:613} INFO - Processing file /opt/airflow/dags/clean_dag_run.py for tasks to queue
[2023-09-04 18:25:33,223] {logging_mixin.py:109} INFO - [2023-09-04 18:25:33,223] {dagbag.py:496} INFO - Filling up the DagBag from /opt/airflow/dags/clean_dag_run.py
[2023-09-04 18:25:33,848] {processor.py:623} INFO - DAG(s) dict_keys(['clean_dag_run']) retrieved from /opt/airflow/dags/clean_dag_run.py
[2023-09-04 18:25:33,865] {logging_mixin.py:109} INFO - [2023-09-04 18:25:33,864] {dag.py:1834} INFO - Sync 1 DAGs
[2023-09-04 18:25:33,872] {logging_mixin.py:109} INFO - [2023-09-04 18:25:33,872] {dag.py:2287} INFO - Setting next_dagrun for clean_dag_run to None
[2023-09-04 18:25:33,879] {processor.py:170} INFO - Processing /opt/airflow/dags/clean_dag_run.py took 0.662 seconds
[2023-09-04 18:26:04,083] {processor.py:162} INFO - Started process (PID=569) to work on /opt/airflow/dags/clean_dag_run.py
[2023-09-04 18:26:04,085] {processor.py:613} INFO - Processing file /opt/airflow/dags/clean_dag_run.py for tasks to queue
[2023-09-04 18:26:04,086] {logging_mixin.py:109} INFO - [2023-09-04 18:26:04,086] {dagbag.py:496} INFO - Filling up the DagBag from /opt/airflow/dags/clean_dag_run.py
[2023-09-04 18:26:04,703] {processor.py:623} INFO - DAG(s) dict_keys(['clean_dag_run']) retrieved from /opt/airflow/dags/clean_dag_run.py
[2023-09-04 18:26:04,719] {logging_mixin.py:109} INFO - [2023-09-04 18:26:04,719] {dag.py:1834} INFO - Sync 1 DAGs
[2023-09-04 18:26:04,728] {logging_mixin.py:109} INFO - [2023-09-04 18:26:04,728] {dag.py:2287} INFO - Setting next_dagrun for clean_dag_run to None
[2023-09-04 18:26:04,735] {processor.py:170} INFO - Processing /opt/airflow/dags/clean_dag_run.py took 0.655 seconds
[2023-09-04 18:26:34,872] {processor.py:162} INFO - Started process (PID=587) to work on /opt/airflow/dags/clean_dag_run.py
[2023-09-04 18:26:34,873] {processor.py:613} INFO - Processing file /opt/airflow/dags/clean_dag_run.py for tasks to queue
[2023-09-04 18:26:34,874] {logging_mixin.py:109} INFO - [2023-09-04 18:26:34,874] {dagbag.py:496} INFO - Filling up the DagBag from /opt/airflow/dags/clean_dag_run.py
[2023-09-04 18:26:35,436] {processor.py:623} INFO - DAG(s) dict_keys(['clean_dag_run']) retrieved from /opt/airflow/dags/clean_dag_run.py
[2023-09-04 18:26:35,452] {logging_mixin.py:109} INFO - [2023-09-04 18:26:35,452] {dag.py:1834} INFO - Sync 1 DAGs
[2023-09-04 18:26:35,460] {logging_mixin.py:109} INFO - [2023-09-04 18:26:35,460] {dag.py:2287} INFO - Setting next_dagrun for clean_dag_run to None
[2023-09-04 18:26:35,468] {processor.py:170} INFO - Processing /opt/airflow/dags/clean_dag_run.py took 0.600 seconds
[2023-09-04 18:27:05,597] {processor.py:162} INFO - Started process (PID=613) to work on /opt/airflow/dags/clean_dag_run.py
[2023-09-04 18:27:05,599] {processor.py:613} INFO - Processing file /opt/airflow/dags/clean_dag_run.py for tasks to queue
[2023-09-04 18:27:05,600] {logging_mixin.py:109} INFO - [2023-09-04 18:27:05,600] {dagbag.py:496} INFO - Filling up the DagBag from /opt/airflow/dags/clean_dag_run.py
[2023-09-04 18:27:06,098] {processor.py:623} INFO - DAG(s) dict_keys(['clean_dag_run']) retrieved from /opt/airflow/dags/clean_dag_run.py
[2023-09-04 18:27:06,115] {logging_mixin.py:109} INFO - [2023-09-04 18:27:06,115] {dag.py:1834} INFO - Sync 1 DAGs
[2023-09-04 18:27:06,123] {logging_mixin.py:109} INFO - [2023-09-04 18:27:06,122] {dag.py:2287} INFO - Setting next_dagrun for clean_dag_run to None
[2023-09-04 18:27:06,129] {processor.py:170} INFO - Processing /opt/airflow/dags/clean_dag_run.py took 0.535 seconds
[2023-09-04 18:28:12,659] {processor.py:162} INFO - Started process (PID=27) to work on /opt/airflow/dags/clean_dag_run.py
[2023-09-04 18:28:12,660] {processor.py:613} INFO - Processing file /opt/airflow/dags/clean_dag_run.py for tasks to queue
[2023-09-04 18:28:12,661] {logging_mixin.py:109} INFO - [2023-09-04 18:28:12,661] {dagbag.py:496} INFO - Filling up the DagBag from /opt/airflow/dags/clean_dag_run.py
[2023-09-04 18:28:13,458] {processor.py:623} INFO - DAG(s) dict_keys(['clean_dag_run']) retrieved from /opt/airflow/dags/clean_dag_run.py
[2023-09-04 18:28:13,476] {logging_mixin.py:109} INFO - [2023-09-04 18:28:13,476] {dag.py:1834} INFO - Sync 1 DAGs
[2023-09-04 18:28:13,485] {logging_mixin.py:109} INFO - [2023-09-04 18:28:13,484] {dag.py:2287} INFO - Setting next_dagrun for clean_dag_run to None
[2023-09-04 18:28:13,493] {processor.py:170} INFO - Processing /opt/airflow/dags/clean_dag_run.py took 0.836 seconds
[2023-09-04 18:28:43,622] {processor.py:162} INFO - Started process (PID=53) to work on /opt/airflow/dags/clean_dag_run.py
[2023-09-04 18:28:43,624] {processor.py:613} INFO - Processing file /opt/airflow/dags/clean_dag_run.py for tasks to queue
[2023-09-04 18:28:43,625] {logging_mixin.py:109} INFO - [2023-09-04 18:28:43,624] {dagbag.py:496} INFO - Filling up the DagBag from /opt/airflow/dags/clean_dag_run.py
[2023-09-04 18:28:44,271] {processor.py:623} INFO - DAG(s) dict_keys(['clean_dag_run']) retrieved from /opt/airflow/dags/clean_dag_run.py
[2023-09-04 18:28:44,286] {logging_mixin.py:109} INFO - [2023-09-04 18:28:44,286] {dag.py:1834} INFO - Sync 1 DAGs
[2023-09-04 18:28:44,295] {logging_mixin.py:109} INFO - [2023-09-04 18:28:44,295] {dag.py:2287} INFO - Setting next_dagrun for clean_dag_run to None
[2023-09-04 18:28:44,301] {processor.py:170} INFO - Processing /opt/airflow/dags/clean_dag_run.py took 0.683 seconds
[2023-09-04 18:29:14,425] {processor.py:162} INFO - Started process (PID=78) to work on /opt/airflow/dags/clean_dag_run.py
[2023-09-04 18:29:14,427] {processor.py:613} INFO - Processing file /opt/airflow/dags/clean_dag_run.py for tasks to queue
[2023-09-04 18:29:14,428] {logging_mixin.py:109} INFO - [2023-09-04 18:29:14,428] {dagbag.py:496} INFO - Filling up the DagBag from /opt/airflow/dags/clean_dag_run.py
[2023-09-04 18:29:14,967] {processor.py:623} INFO - DAG(s) dict_keys(['clean_dag_run']) retrieved from /opt/airflow/dags/clean_dag_run.py
[2023-09-04 18:29:14,983] {logging_mixin.py:109} INFO - [2023-09-04 18:29:14,983] {dag.py:1834} INFO - Sync 1 DAGs
[2023-09-04 18:29:14,991] {logging_mixin.py:109} INFO - [2023-09-04 18:29:14,991] {dag.py:2287} INFO - Setting next_dagrun for clean_dag_run to None
[2023-09-04 18:29:14,998] {processor.py:170} INFO - Processing /opt/airflow/dags/clean_dag_run.py took 0.576 seconds
[2023-09-04 18:29:45,120] {processor.py:162} INFO - Started process (PID=102) to work on /opt/airflow/dags/clean_dag_run.py
[2023-09-04 18:29:45,121] {processor.py:613} INFO - Processing file /opt/airflow/dags/clean_dag_run.py for tasks to queue
[2023-09-04 18:29:45,122] {logging_mixin.py:109} INFO - [2023-09-04 18:29:45,122] {dagbag.py:496} INFO - Filling up the DagBag from /opt/airflow/dags/clean_dag_run.py
[2023-09-04 18:29:45,661] {processor.py:623} INFO - DAG(s) dict_keys(['clean_dag_run']) retrieved from /opt/airflow/dags/clean_dag_run.py
[2023-09-04 18:29:45,677] {logging_mixin.py:109} INFO - [2023-09-04 18:29:45,676] {dag.py:1834} INFO - Sync 1 DAGs
[2023-09-04 18:29:45,685] {logging_mixin.py:109} INFO - [2023-09-04 18:29:45,685] {dag.py:2287} INFO - Setting next_dagrun for clean_dag_run to None
[2023-09-04 18:29:45,691] {processor.py:170} INFO - Processing /opt/airflow/dags/clean_dag_run.py took 0.574 seconds
[2023-09-04 18:30:15,816] {processor.py:162} INFO - Started process (PID=128) to work on /opt/airflow/dags/clean_dag_run.py
[2023-09-04 18:30:15,818] {processor.py:613} INFO - Processing file /opt/airflow/dags/clean_dag_run.py for tasks to queue
[2023-09-04 18:30:15,818] {logging_mixin.py:109} INFO - [2023-09-04 18:30:15,818] {dagbag.py:496} INFO - Filling up the DagBag from /opt/airflow/dags/clean_dag_run.py
[2023-09-04 18:30:16,410] {processor.py:623} INFO - DAG(s) dict_keys(['clean_dag_run']) retrieved from /opt/airflow/dags/clean_dag_run.py
[2023-09-04 18:30:16,427] {logging_mixin.py:109} INFO - [2023-09-04 18:30:16,427] {dag.py:1834} INFO - Sync 1 DAGs
[2023-09-04 18:30:16,436] {logging_mixin.py:109} INFO - [2023-09-04 18:30:16,436] {dag.py:2287} INFO - Setting next_dagrun for clean_dag_run to None
[2023-09-04 18:30:16,442] {processor.py:170} INFO - Processing /opt/airflow/dags/clean_dag_run.py took 0.629 seconds
[2023-09-04 18:30:46,571] {processor.py:162} INFO - Started process (PID=154) to work on /opt/airflow/dags/clean_dag_run.py
[2023-09-04 18:30:46,573] {processor.py:613} INFO - Processing file /opt/airflow/dags/clean_dag_run.py for tasks to queue
[2023-09-04 18:30:46,574] {logging_mixin.py:109} INFO - [2023-09-04 18:30:46,574] {dagbag.py:496} INFO - Filling up the DagBag from /opt/airflow/dags/clean_dag_run.py
[2023-09-04 18:30:47,098] {processor.py:623} INFO - DAG(s) dict_keys(['clean_dag_run']) retrieved from /opt/airflow/dags/clean_dag_run.py
[2023-09-04 18:30:47,116] {logging_mixin.py:109} INFO - [2023-09-04 18:30:47,116] {dag.py:1834} INFO - Sync 1 DAGs
[2023-09-04 18:30:47,126] {logging_mixin.py:109} INFO - [2023-09-04 18:30:47,126] {dag.py:2287} INFO - Setting next_dagrun for clean_dag_run to None
[2023-09-04 18:30:47,132] {processor.py:170} INFO - Processing /opt/airflow/dags/clean_dag_run.py took 0.564 seconds
[2023-09-04 18:32:06,795] {processor.py:162} INFO - Started process (PID=27) to work on /opt/airflow/dags/clean_dag_run.py
[2023-09-04 18:32:06,796] {processor.py:613} INFO - Processing file /opt/airflow/dags/clean_dag_run.py for tasks to queue
[2023-09-04 18:32:06,797] {logging_mixin.py:109} INFO - [2023-09-04 18:32:06,796] {dagbag.py:496} INFO - Filling up the DagBag from /opt/airflow/dags/clean_dag_run.py
[2023-09-04 18:32:07,474] {processor.py:623} INFO - DAG(s) dict_keys(['clean_dag_run']) retrieved from /opt/airflow/dags/clean_dag_run.py
[2023-09-04 18:32:07,492] {logging_mixin.py:109} INFO - [2023-09-04 18:32:07,492] {dag.py:1834} INFO - Sync 1 DAGs
[2023-09-04 18:32:07,500] {logging_mixin.py:109} INFO - [2023-09-04 18:32:07,500] {dag.py:2287} INFO - Setting next_dagrun for clean_dag_run to None
[2023-09-04 18:32:07,507] {processor.py:170} INFO - Processing /opt/airflow/dags/clean_dag_run.py took 0.715 seconds
[2023-09-04 18:32:37,634] {processor.py:162} INFO - Started process (PID=58) to work on /opt/airflow/dags/clean_dag_run.py
[2023-09-04 18:32:37,635] {processor.py:613} INFO - Processing file /opt/airflow/dags/clean_dag_run.py for tasks to queue
[2023-09-04 18:32:37,636] {logging_mixin.py:109} INFO - [2023-09-04 18:32:37,636] {dagbag.py:496} INFO - Filling up the DagBag from /opt/airflow/dags/clean_dag_run.py
[2023-09-04 18:32:38,146] {processor.py:623} INFO - DAG(s) dict_keys(['clean_dag_run']) retrieved from /opt/airflow/dags/clean_dag_run.py
[2023-09-04 18:32:38,162] {logging_mixin.py:109} INFO - [2023-09-04 18:32:38,161] {dag.py:1834} INFO - Sync 1 DAGs
[2023-09-04 18:32:38,169] {logging_mixin.py:109} INFO - [2023-09-04 18:32:38,169] {dag.py:2287} INFO - Setting next_dagrun for clean_dag_run to None
[2023-09-04 18:32:38,175] {processor.py:170} INFO - Processing /opt/airflow/dags/clean_dag_run.py took 0.545 seconds
[2023-09-04 18:33:08,301] {processor.py:162} INFO - Started process (PID=77) to work on /opt/airflow/dags/clean_dag_run.py
[2023-09-04 18:33:08,302] {processor.py:613} INFO - Processing file /opt/airflow/dags/clean_dag_run.py for tasks to queue
[2023-09-04 18:33:08,303] {logging_mixin.py:109} INFO - [2023-09-04 18:33:08,303] {dagbag.py:496} INFO - Filling up the DagBag from /opt/airflow/dags/clean_dag_run.py
[2023-09-04 18:33:08,861] {processor.py:623} INFO - DAG(s) dict_keys(['clean_dag_run']) retrieved from /opt/airflow/dags/clean_dag_run.py
[2023-09-04 18:33:08,877] {logging_mixin.py:109} INFO - [2023-09-04 18:33:08,877] {dag.py:1834} INFO - Sync 1 DAGs
[2023-09-04 18:33:08,885] {logging_mixin.py:109} INFO - [2023-09-04 18:33:08,884] {dag.py:2287} INFO - Setting next_dagrun for clean_dag_run to None
[2023-09-04 18:33:08,891] {processor.py:170} INFO - Processing /opt/airflow/dags/clean_dag_run.py took 0.594 seconds
[2023-09-04 18:33:39,016] {processor.py:162} INFO - Started process (PID=103) to work on /opt/airflow/dags/clean_dag_run.py
[2023-09-04 18:33:39,017] {processor.py:613} INFO - Processing file /opt/airflow/dags/clean_dag_run.py for tasks to queue
[2023-09-04 18:33:39,018] {logging_mixin.py:109} INFO - [2023-09-04 18:33:39,018] {dagbag.py:496} INFO - Filling up the DagBag from /opt/airflow/dags/clean_dag_run.py
[2023-09-04 18:33:39,547] {processor.py:623} INFO - DAG(s) dict_keys(['clean_dag_run']) retrieved from /opt/airflow/dags/clean_dag_run.py
[2023-09-04 18:33:39,561] {logging_mixin.py:109} INFO - [2023-09-04 18:33:39,561] {dag.py:1834} INFO - Sync 1 DAGs
[2023-09-04 18:33:39,568] {logging_mixin.py:109} INFO - [2023-09-04 18:33:39,568] {dag.py:2287} INFO - Setting next_dagrun for clean_dag_run to None
[2023-09-04 18:33:39,575] {processor.py:170} INFO - Processing /opt/airflow/dags/clean_dag_run.py took 0.562 seconds
[2023-09-04 18:34:09,700] {processor.py:162} INFO - Started process (PID=129) to work on /opt/airflow/dags/clean_dag_run.py
[2023-09-04 18:34:09,702] {processor.py:613} INFO - Processing file /opt/airflow/dags/clean_dag_run.py for tasks to queue
[2023-09-04 18:34:09,703] {logging_mixin.py:109} INFO - [2023-09-04 18:34:09,703] {dagbag.py:496} INFO - Filling up the DagBag from /opt/airflow/dags/clean_dag_run.py
[2023-09-04 18:34:10,219] {processor.py:623} INFO - DAG(s) dict_keys(['clean_dag_run']) retrieved from /opt/airflow/dags/clean_dag_run.py
[2023-09-04 18:34:10,235] {logging_mixin.py:109} INFO - [2023-09-04 18:34:10,235] {dag.py:1834} INFO - Sync 1 DAGs
[2023-09-04 18:34:10,242] {logging_mixin.py:109} INFO - [2023-09-04 18:34:10,242] {dag.py:2287} INFO - Setting next_dagrun for clean_dag_run to None
[2023-09-04 18:34:10,249] {processor.py:170} INFO - Processing /opt/airflow/dags/clean_dag_run.py took 0.552 seconds
[2023-09-04 18:34:40,383] {processor.py:162} INFO - Started process (PID=147) to work on /opt/airflow/dags/clean_dag_run.py
[2023-09-04 18:34:40,385] {processor.py:613} INFO - Processing file /opt/airflow/dags/clean_dag_run.py for tasks to queue
[2023-09-04 18:34:40,386] {logging_mixin.py:109} INFO - [2023-09-04 18:34:40,386] {dagbag.py:496} INFO - Filling up the DagBag from /opt/airflow/dags/clean_dag_run.py
[2023-09-04 18:34:40,908] {processor.py:623} INFO - DAG(s) dict_keys(['clean_dag_run']) retrieved from /opt/airflow/dags/clean_dag_run.py
[2023-09-04 18:34:40,930] {logging_mixin.py:109} INFO - [2023-09-04 18:34:40,930] {dag.py:1834} INFO - Sync 1 DAGs
[2023-09-04 18:34:40,938] {logging_mixin.py:109} INFO - [2023-09-04 18:34:40,938] {dag.py:2287} INFO - Setting next_dagrun for clean_dag_run to None
[2023-09-04 18:34:40,945] {processor.py:170} INFO - Processing /opt/airflow/dags/clean_dag_run.py took 0.565 seconds
[2023-09-04 18:35:29,888] {processor.py:162} INFO - Started process (PID=26) to work on /opt/airflow/dags/clean_dag_run.py
[2023-09-04 18:35:29,889] {processor.py:613} INFO - Processing file /opt/airflow/dags/clean_dag_run.py for tasks to queue
[2023-09-04 18:35:29,891] {logging_mixin.py:109} INFO - [2023-09-04 18:35:29,891] {dagbag.py:496} INFO - Filling up the DagBag from /opt/airflow/dags/clean_dag_run.py
[2023-09-04 18:35:30,555] {processor.py:623} INFO - DAG(s) dict_keys(['clean_dag_run']) retrieved from /opt/airflow/dags/clean_dag_run.py
[2023-09-04 18:35:30,576] {logging_mixin.py:109} INFO - [2023-09-04 18:35:30,576] {dag.py:1834} INFO - Sync 1 DAGs
[2023-09-04 18:35:30,585] {logging_mixin.py:109} INFO - [2023-09-04 18:35:30,585] {dag.py:2287} INFO - Setting next_dagrun for clean_dag_run to None
[2023-09-04 18:35:30,593] {processor.py:170} INFO - Processing /opt/airflow/dags/clean_dag_run.py took 0.709 seconds
[2023-09-04 18:35:45,258] {processor.py:162} INFO - Started process (PID=26) to work on /opt/airflow/dags/clean_dag_run.py
[2023-09-04 18:35:45,260] {processor.py:613} INFO - Processing file /opt/airflow/dags/clean_dag_run.py for tasks to queue
[2023-09-04 18:35:45,261] {logging_mixin.py:109} INFO - [2023-09-04 18:35:45,260] {dagbag.py:496} INFO - Filling up the DagBag from /opt/airflow/dags/clean_dag_run.py
[2023-09-04 18:35:45,770] {processor.py:623} INFO - DAG(s) dict_keys(['clean_dag_run']) retrieved from /opt/airflow/dags/clean_dag_run.py
[2023-09-04 18:35:45,788] {logging_mixin.py:109} INFO - [2023-09-04 18:35:45,788] {dag.py:1834} INFO - Sync 1 DAGs
[2023-09-04 18:35:45,795] {logging_mixin.py:109} INFO - [2023-09-04 18:35:45,795] {dag.py:2287} INFO - Setting next_dagrun for clean_dag_run to None
[2023-09-04 18:35:45,801] {processor.py:170} INFO - Processing /opt/airflow/dags/clean_dag_run.py took 0.546 seconds
[2023-09-04 18:36:01,063] {processor.py:162} INFO - Started process (PID=26) to work on /opt/airflow/dags/clean_dag_run.py
[2023-09-04 18:36:01,064] {processor.py:613} INFO - Processing file /opt/airflow/dags/clean_dag_run.py for tasks to queue
[2023-09-04 18:36:01,065] {logging_mixin.py:109} INFO - [2023-09-04 18:36:01,065] {dagbag.py:496} INFO - Filling up the DagBag from /opt/airflow/dags/clean_dag_run.py
[2023-09-04 18:36:01,567] {processor.py:623} INFO - DAG(s) dict_keys(['clean_dag_run']) retrieved from /opt/airflow/dags/clean_dag_run.py
[2023-09-04 18:36:01,583] {logging_mixin.py:109} INFO - [2023-09-04 18:36:01,583] {dag.py:1834} INFO - Sync 1 DAGs
[2023-09-04 18:36:01,591] {logging_mixin.py:109} INFO - [2023-09-04 18:36:01,591] {dag.py:2287} INFO - Setting next_dagrun for clean_dag_run to None
[2023-09-04 18:36:01,598] {processor.py:170} INFO - Processing /opt/airflow/dags/clean_dag_run.py took 0.538 seconds
[2023-09-04 18:36:17,126] {processor.py:162} INFO - Started process (PID=26) to work on /opt/airflow/dags/clean_dag_run.py
[2023-09-04 18:36:17,127] {processor.py:613} INFO - Processing file /opt/airflow/dags/clean_dag_run.py for tasks to queue
[2023-09-04 18:36:17,128] {logging_mixin.py:109} INFO - [2023-09-04 18:36:17,128] {dagbag.py:496} INFO - Filling up the DagBag from /opt/airflow/dags/clean_dag_run.py
[2023-09-04 18:36:17,706] {processor.py:623} INFO - DAG(s) dict_keys(['clean_dag_run']) retrieved from /opt/airflow/dags/clean_dag_run.py
[2023-09-04 18:36:17,722] {logging_mixin.py:109} INFO - [2023-09-04 18:36:17,722] {dag.py:1834} INFO - Sync 1 DAGs
[2023-09-04 18:36:17,730] {logging_mixin.py:109} INFO - [2023-09-04 18:36:17,730] {dag.py:2287} INFO - Setting next_dagrun for clean_dag_run to None
[2023-09-04 18:36:17,736] {processor.py:170} INFO - Processing /opt/airflow/dags/clean_dag_run.py took 0.614 seconds
[2023-09-04 18:36:33,147] {processor.py:162} INFO - Started process (PID=26) to work on /opt/airflow/dags/clean_dag_run.py
[2023-09-04 18:36:33,149] {processor.py:613} INFO - Processing file /opt/airflow/dags/clean_dag_run.py for tasks to queue
[2023-09-04 18:36:33,149] {logging_mixin.py:109} INFO - [2023-09-04 18:36:33,149] {dagbag.py:496} INFO - Filling up the DagBag from /opt/airflow/dags/clean_dag_run.py
[2023-09-04 18:36:33,694] {processor.py:623} INFO - DAG(s) dict_keys(['clean_dag_run']) retrieved from /opt/airflow/dags/clean_dag_run.py
[2023-09-04 18:36:33,710] {logging_mixin.py:109} INFO - [2023-09-04 18:36:33,710] {dag.py:1834} INFO - Sync 1 DAGs
[2023-09-04 18:36:33,717] {logging_mixin.py:109} INFO - [2023-09-04 18:36:33,717] {dag.py:2287} INFO - Setting next_dagrun for clean_dag_run to None
[2023-09-04 18:36:33,724] {processor.py:170} INFO - Processing /opt/airflow/dags/clean_dag_run.py took 0.579 seconds
[2023-09-04 18:36:49,044] {processor.py:162} INFO - Started process (PID=32) to work on /opt/airflow/dags/clean_dag_run.py
[2023-09-04 18:36:49,046] {processor.py:613} INFO - Processing file /opt/airflow/dags/clean_dag_run.py for tasks to queue
[2023-09-04 18:36:49,047] {logging_mixin.py:109} INFO - [2023-09-04 18:36:49,046] {dagbag.py:496} INFO - Filling up the DagBag from /opt/airflow/dags/clean_dag_run.py
[2023-09-04 18:36:49,625] {processor.py:623} INFO - DAG(s) dict_keys(['clean_dag_run']) retrieved from /opt/airflow/dags/clean_dag_run.py
[2023-09-04 18:36:49,641] {logging_mixin.py:109} INFO - [2023-09-04 18:36:49,641] {dag.py:1834} INFO - Sync 1 DAGs
[2023-09-04 18:36:49,649] {logging_mixin.py:109} INFO - [2023-09-04 18:36:49,648] {dag.py:2287} INFO - Setting next_dagrun for clean_dag_run to None
[2023-09-04 18:36:49,655] {processor.py:170} INFO - Processing /opt/airflow/dags/clean_dag_run.py took 0.614 seconds
[2023-09-04 18:37:05,015] {processor.py:162} INFO - Started process (PID=32) to work on /opt/airflow/dags/clean_dag_run.py
[2023-09-04 18:37:05,016] {processor.py:613} INFO - Processing file /opt/airflow/dags/clean_dag_run.py for tasks to queue
[2023-09-04 18:37:05,017] {logging_mixin.py:109} INFO - [2023-09-04 18:37:05,017] {dagbag.py:496} INFO - Filling up the DagBag from /opt/airflow/dags/clean_dag_run.py
[2023-09-04 18:37:05,578] {processor.py:623} INFO - DAG(s) dict_keys(['clean_dag_run']) retrieved from /opt/airflow/dags/clean_dag_run.py
[2023-09-04 18:37:05,595] {logging_mixin.py:109} INFO - [2023-09-04 18:37:05,594] {dag.py:1834} INFO - Sync 1 DAGs
[2023-09-04 18:37:05,603] {logging_mixin.py:109} INFO - [2023-09-04 18:37:05,603] {dag.py:2287} INFO - Setting next_dagrun for clean_dag_run to None
[2023-09-04 18:37:05,610] {processor.py:170} INFO - Processing /opt/airflow/dags/clean_dag_run.py took 0.598 seconds
[2023-09-04 18:37:20,612] {processor.py:162} INFO - Started process (PID=26) to work on /opt/airflow/dags/clean_dag_run.py
[2023-09-04 18:37:20,613] {processor.py:613} INFO - Processing file /opt/airflow/dags/clean_dag_run.py for tasks to queue
[2023-09-04 18:37:20,614] {logging_mixin.py:109} INFO - [2023-09-04 18:37:20,614] {dagbag.py:496} INFO - Filling up the DagBag from /opt/airflow/dags/clean_dag_run.py
[2023-09-04 18:37:21,141] {processor.py:623} INFO - DAG(s) dict_keys(['clean_dag_run']) retrieved from /opt/airflow/dags/clean_dag_run.py
[2023-09-04 18:37:21,157] {logging_mixin.py:109} INFO - [2023-09-04 18:37:21,157] {dag.py:1834} INFO - Sync 1 DAGs
[2023-09-04 18:37:21,164] {logging_mixin.py:109} INFO - [2023-09-04 18:37:21,164] {dag.py:2287} INFO - Setting next_dagrun for clean_dag_run to None
[2023-09-04 18:37:21,172] {processor.py:170} INFO - Processing /opt/airflow/dags/clean_dag_run.py took 0.562 seconds
[2023-09-04 18:37:36,008] {processor.py:162} INFO - Started process (PID=26) to work on /opt/airflow/dags/clean_dag_run.py
[2023-09-04 18:37:36,009] {processor.py:613} INFO - Processing file /opt/airflow/dags/clean_dag_run.py for tasks to queue
[2023-09-04 18:37:36,010] {logging_mixin.py:109} INFO - [2023-09-04 18:37:36,010] {dagbag.py:496} INFO - Filling up the DagBag from /opt/airflow/dags/clean_dag_run.py
[2023-09-04 18:37:36,550] {processor.py:623} INFO - DAG(s) dict_keys(['clean_dag_run']) retrieved from /opt/airflow/dags/clean_dag_run.py
[2023-09-04 18:37:36,565] {logging_mixin.py:109} INFO - [2023-09-04 18:37:36,565] {dag.py:1834} INFO - Sync 1 DAGs
[2023-09-04 18:37:36,573] {logging_mixin.py:109} INFO - [2023-09-04 18:37:36,573] {dag.py:2287} INFO - Setting next_dagrun for clean_dag_run to None
[2023-09-04 18:37:36,581] {processor.py:170} INFO - Processing /opt/airflow/dags/clean_dag_run.py took 0.576 seconds
[2023-09-04 18:37:52,916] {processor.py:162} INFO - Started process (PID=26) to work on /opt/airflow/dags/clean_dag_run.py
[2023-09-04 18:37:52,918] {processor.py:613} INFO - Processing file /opt/airflow/dags/clean_dag_run.py for tasks to queue
[2023-09-04 18:37:52,919] {logging_mixin.py:109} INFO - [2023-09-04 18:37:52,919] {dagbag.py:496} INFO - Filling up the DagBag from /opt/airflow/dags/clean_dag_run.py
[2023-09-04 18:37:53,518] {processor.py:623} INFO - DAG(s) dict_keys(['clean_dag_run']) retrieved from /opt/airflow/dags/clean_dag_run.py
[2023-09-04 18:37:53,532] {logging_mixin.py:109} INFO - [2023-09-04 18:37:53,532] {dag.py:1834} INFO - Sync 1 DAGs
[2023-09-04 18:37:53,538] {logging_mixin.py:109} INFO - [2023-09-04 18:37:53,538] {dag.py:2287} INFO - Setting next_dagrun for clean_dag_run to None
[2023-09-04 18:37:53,543] {processor.py:170} INFO - Processing /opt/airflow/dags/clean_dag_run.py took 0.630 seconds
[2023-09-04 18:38:55,458] {processor.py:162} INFO - Started process (PID=27) to work on /opt/airflow/dags/clean_dag_run.py
[2023-09-04 18:38:55,459] {processor.py:613} INFO - Processing file /opt/airflow/dags/clean_dag_run.py for tasks to queue
[2023-09-04 18:38:55,460] {logging_mixin.py:109} INFO - [2023-09-04 18:38:55,460] {dagbag.py:496} INFO - Filling up the DagBag from /opt/airflow/dags/clean_dag_run.py
[2023-09-04 18:38:56,246] {processor.py:623} INFO - DAG(s) dict_keys(['clean_dag_run']) retrieved from /opt/airflow/dags/clean_dag_run.py
[2023-09-04 18:38:59,739] {logging_mixin.py:109} WARNING - /home/airflow/.local/lib/python3.8/site-packages/azure/cosmos/session.py:186 SyntaxWarning: "is not" with a literal. Did you mean "!="?
[2023-09-04 18:38:59,804] {logging_mixin.py:109} WARNING - /home/airflow/.local/lib/python3.8/site-packages/azure/storage/common/_connection.py:82 SyntaxWarning: "is" with a literal. Did you mean "=="?
[2023-09-04 18:39:00,605] {logging_mixin.py:109} INFO - [2023-09-04 18:39:00,605] {dag.py:1834} INFO - Sync 1 DAGs
[2023-09-04 18:39:00,612] {logging_mixin.py:109} INFO - [2023-09-04 18:39:00,611] {dag.py:1853} INFO - Creating ORM DAG for clean_dag_run
[2023-09-04 18:39:00,615] {logging_mixin.py:109} INFO - [2023-09-04 18:39:00,615] {dag.py:2287} INFO - Setting next_dagrun for clean_dag_run to None
[2023-09-04 18:39:00,624] {processor.py:170} INFO - Processing /opt/airflow/dags/clean_dag_run.py took 5.169 seconds
[2023-09-04 18:39:30,749] {processor.py:162} INFO - Started process (PID=69) to work on /opt/airflow/dags/clean_dag_run.py
[2023-09-04 18:39:30,751] {processor.py:613} INFO - Processing file /opt/airflow/dags/clean_dag_run.py for tasks to queue
[2023-09-04 18:39:30,752] {logging_mixin.py:109} INFO - [2023-09-04 18:39:30,752] {dagbag.py:496} INFO - Filling up the DagBag from /opt/airflow/dags/clean_dag_run.py
[2023-09-04 18:39:31,252] {processor.py:623} INFO - DAG(s) dict_keys(['clean_dag_run']) retrieved from /opt/airflow/dags/clean_dag_run.py
[2023-09-04 18:39:31,271] {logging_mixin.py:109} INFO - [2023-09-04 18:39:31,270] {dag.py:1834} INFO - Sync 1 DAGs
[2023-09-04 18:39:31,279] {logging_mixin.py:109} INFO - [2023-09-04 18:39:31,279] {dag.py:2287} INFO - Setting next_dagrun for clean_dag_run to None
[2023-09-04 18:39:31,285] {processor.py:170} INFO - Processing /opt/airflow/dags/clean_dag_run.py took 0.539 seconds
[2023-09-04 18:40:01,401] {processor.py:162} INFO - Started process (PID=95) to work on /opt/airflow/dags/clean_dag_run.py
[2023-09-04 18:40:01,403] {processor.py:613} INFO - Processing file /opt/airflow/dags/clean_dag_run.py for tasks to queue
[2023-09-04 18:40:01,404] {logging_mixin.py:109} INFO - [2023-09-04 18:40:01,404] {dagbag.py:496} INFO - Filling up the DagBag from /opt/airflow/dags/clean_dag_run.py
[2023-09-04 18:40:01,981] {processor.py:623} INFO - DAG(s) dict_keys(['clean_dag_run']) retrieved from /opt/airflow/dags/clean_dag_run.py
[2023-09-04 18:40:01,997] {logging_mixin.py:109} INFO - [2023-09-04 18:40:01,997] {dag.py:1834} INFO - Sync 1 DAGs
[2023-09-04 18:40:02,005] {logging_mixin.py:109} INFO - [2023-09-04 18:40:02,005] {dag.py:2287} INFO - Setting next_dagrun for clean_dag_run to None
[2023-09-04 18:40:02,012] {processor.py:170} INFO - Processing /opt/airflow/dags/clean_dag_run.py took 0.615 seconds
[2023-09-04 18:40:32,137] {processor.py:162} INFO - Started process (PID=121) to work on /opt/airflow/dags/clean_dag_run.py
[2023-09-04 18:40:32,139] {processor.py:613} INFO - Processing file /opt/airflow/dags/clean_dag_run.py for tasks to queue
[2023-09-04 18:40:32,140] {logging_mixin.py:109} INFO - [2023-09-04 18:40:32,140] {dagbag.py:496} INFO - Filling up the DagBag from /opt/airflow/dags/clean_dag_run.py
[2023-09-04 18:40:32,636] {processor.py:623} INFO - DAG(s) dict_keys(['clean_dag_run']) retrieved from /opt/airflow/dags/clean_dag_run.py
[2023-09-04 18:40:32,655] {logging_mixin.py:109} INFO - [2023-09-04 18:40:32,655] {dag.py:1834} INFO - Sync 1 DAGs
[2023-09-04 18:40:32,664] {logging_mixin.py:109} INFO - [2023-09-04 18:40:32,664] {dag.py:2287} INFO - Setting next_dagrun for clean_dag_run to None
[2023-09-04 18:40:32,670] {processor.py:170} INFO - Processing /opt/airflow/dags/clean_dag_run.py took 0.536 seconds
[2023-09-04 18:41:02,799] {processor.py:162} INFO - Started process (PID=139) to work on /opt/airflow/dags/clean_dag_run.py
[2023-09-04 18:41:02,800] {processor.py:613} INFO - Processing file /opt/airflow/dags/clean_dag_run.py for tasks to queue
[2023-09-04 18:41:02,801] {logging_mixin.py:109} INFO - [2023-09-04 18:41:02,801] {dagbag.py:496} INFO - Filling up the DagBag from /opt/airflow/dags/clean_dag_run.py
[2023-09-04 18:41:03,365] {processor.py:623} INFO - DAG(s) dict_keys(['clean_dag_run']) retrieved from /opt/airflow/dags/clean_dag_run.py
[2023-09-04 18:41:03,382] {logging_mixin.py:109} INFO - [2023-09-04 18:41:03,382] {dag.py:1834} INFO - Sync 1 DAGs
[2023-09-04 18:41:03,390] {logging_mixin.py:109} INFO - [2023-09-04 18:41:03,390] {dag.py:2287} INFO - Setting next_dagrun for clean_dag_run to None
[2023-09-04 18:41:03,398] {processor.py:170} INFO - Processing /opt/airflow/dags/clean_dag_run.py took 0.603 seconds
[2023-09-04 18:41:33,529] {processor.py:162} INFO - Started process (PID=165) to work on /opt/airflow/dags/clean_dag_run.py
[2023-09-04 18:41:33,531] {processor.py:613} INFO - Processing file /opt/airflow/dags/clean_dag_run.py for tasks to queue
[2023-09-04 18:41:33,533] {logging_mixin.py:109} INFO - [2023-09-04 18:41:33,533] {dagbag.py:496} INFO - Filling up the DagBag from /opt/airflow/dags/clean_dag_run.py
[2023-09-04 18:41:34,166] {processor.py:623} INFO - DAG(s) dict_keys(['clean_dag_run']) retrieved from /opt/airflow/dags/clean_dag_run.py
[2023-09-04 18:41:34,186] {logging_mixin.py:109} INFO - [2023-09-04 18:41:34,186] {dag.py:1834} INFO - Sync 1 DAGs
[2023-09-04 18:41:34,198] {logging_mixin.py:109} INFO - [2023-09-04 18:41:34,198] {dag.py:2287} INFO - Setting next_dagrun for clean_dag_run to None
[2023-09-04 18:41:34,206] {processor.py:170} INFO - Processing /opt/airflow/dags/clean_dag_run.py took 0.681 seconds
[2023-09-04 18:42:04,330] {processor.py:162} INFO - Started process (PID=192) to work on /opt/airflow/dags/clean_dag_run.py
[2023-09-04 18:42:04,332] {processor.py:613} INFO - Processing file /opt/airflow/dags/clean_dag_run.py for tasks to queue
[2023-09-04 18:42:04,333] {logging_mixin.py:109} INFO - [2023-09-04 18:42:04,333] {dagbag.py:496} INFO - Filling up the DagBag from /opt/airflow/dags/clean_dag_run.py
[2023-09-04 18:42:04,837] {processor.py:623} INFO - DAG(s) dict_keys(['clean_dag_run']) retrieved from /opt/airflow/dags/clean_dag_run.py
[2023-09-04 18:42:04,852] {logging_mixin.py:109} INFO - [2023-09-04 18:42:04,852] {dag.py:1834} INFO - Sync 1 DAGs
[2023-09-04 18:42:04,861] {logging_mixin.py:109} INFO - [2023-09-04 18:42:04,861] {dag.py:2287} INFO - Setting next_dagrun for clean_dag_run to None
[2023-09-04 18:42:04,867] {processor.py:170} INFO - Processing /opt/airflow/dags/clean_dag_run.py took 0.541 seconds
[2023-09-04 18:42:35,008] {processor.py:162} INFO - Started process (PID=210) to work on /opt/airflow/dags/clean_dag_run.py
[2023-09-04 18:42:35,010] {processor.py:613} INFO - Processing file /opt/airflow/dags/clean_dag_run.py for tasks to queue
[2023-09-04 18:42:35,011] {logging_mixin.py:109} INFO - [2023-09-04 18:42:35,010] {dagbag.py:496} INFO - Filling up the DagBag from /opt/airflow/dags/clean_dag_run.py
[2023-09-04 18:42:35,620] {processor.py:623} INFO - DAG(s) dict_keys(['clean_dag_run']) retrieved from /opt/airflow/dags/clean_dag_run.py
[2023-09-04 18:42:35,636] {logging_mixin.py:109} INFO - [2023-09-04 18:42:35,636] {dag.py:1834} INFO - Sync 1 DAGs
[2023-09-04 18:42:35,644] {logging_mixin.py:109} INFO - [2023-09-04 18:42:35,644] {dag.py:2287} INFO - Setting next_dagrun for clean_dag_run to None
[2023-09-04 18:42:35,651] {processor.py:170} INFO - Processing /opt/airflow/dags/clean_dag_run.py took 0.645 seconds
[2023-09-04 18:43:05,783] {processor.py:162} INFO - Started process (PID=236) to work on /opt/airflow/dags/clean_dag_run.py
[2023-09-04 18:43:05,785] {processor.py:613} INFO - Processing file /opt/airflow/dags/clean_dag_run.py for tasks to queue
[2023-09-04 18:43:05,786] {logging_mixin.py:109} INFO - [2023-09-04 18:43:05,785] {dagbag.py:496} INFO - Filling up the DagBag from /opt/airflow/dags/clean_dag_run.py
[2023-09-04 18:43:06,280] {processor.py:623} INFO - DAG(s) dict_keys(['clean_dag_run']) retrieved from /opt/airflow/dags/clean_dag_run.py
[2023-09-04 18:43:06,299] {logging_mixin.py:109} INFO - [2023-09-04 18:43:06,299] {dag.py:1834} INFO - Sync 1 DAGs
[2023-09-04 18:43:06,307] {logging_mixin.py:109} INFO - [2023-09-04 18:43:06,307] {dag.py:2287} INFO - Setting next_dagrun for clean_dag_run to None
[2023-09-04 18:43:06,314] {processor.py:170} INFO - Processing /opt/airflow/dags/clean_dag_run.py took 0.534 seconds
[2023-09-04 18:43:36,452] {processor.py:162} INFO - Started process (PID=262) to work on /opt/airflow/dags/clean_dag_run.py
[2023-09-04 18:43:36,454] {processor.py:613} INFO - Processing file /opt/airflow/dags/clean_dag_run.py for tasks to queue
[2023-09-04 18:43:36,454] {logging_mixin.py:109} INFO - [2023-09-04 18:43:36,454] {dagbag.py:496} INFO - Filling up the DagBag from /opt/airflow/dags/clean_dag_run.py
[2023-09-04 18:43:37,016] {processor.py:623} INFO - DAG(s) dict_keys(['clean_dag_run']) retrieved from /opt/airflow/dags/clean_dag_run.py
[2023-09-04 18:43:37,032] {logging_mixin.py:109} INFO - [2023-09-04 18:43:37,031] {dag.py:1834} INFO - Sync 1 DAGs
[2023-09-04 18:43:37,039] {logging_mixin.py:109} INFO - [2023-09-04 18:43:37,039] {dag.py:2287} INFO - Setting next_dagrun for clean_dag_run to None
[2023-09-04 18:43:37,046] {processor.py:170} INFO - Processing /opt/airflow/dags/clean_dag_run.py took 0.598 seconds
[2023-09-04 18:58:14,708] {processor.py:162} INFO - Started process (PID=195) to work on /opt/airflow/dags/clean_dag_run.py
[2023-09-04 18:58:14,709] {processor.py:613} INFO - Processing file /opt/airflow/dags/clean_dag_run.py for tasks to queue
[2023-09-04 18:58:14,710] {logging_mixin.py:109} INFO - [2023-09-04 18:58:14,710] {dagbag.py:496} INFO - Filling up the DagBag from /opt/airflow/dags/clean_dag_run.py
[2023-09-04 18:58:15,263] {processor.py:623} INFO - DAG(s) dict_keys(['clean_dag_run']) retrieved from /opt/airflow/dags/clean_dag_run.py
[2023-09-04 18:58:16,468] {logging_mixin.py:109} INFO - [2023-09-04 18:58:16,468] {dag.py:1834} INFO - Sync 1 DAGs
[2023-09-04 18:58:16,473] {logging_mixin.py:109} INFO - [2023-09-04 18:58:16,473] {dag.py:1853} INFO - Creating ORM DAG for clean_dag_run
[2023-09-04 18:58:16,475] {logging_mixin.py:109} INFO - [2023-09-04 18:58:16,475] {dag.py:2287} INFO - Setting next_dagrun for clean_dag_run to None
[2023-09-04 18:58:16,482] {processor.py:170} INFO - Processing /opt/airflow/dags/clean_dag_run.py took 1.778 seconds
[2023-09-04 18:58:46,634] {processor.py:162} INFO - Started process (PID=237) to work on /opt/airflow/dags/clean_dag_run.py
[2023-09-04 18:58:46,636] {processor.py:613} INFO - Processing file /opt/airflow/dags/clean_dag_run.py for tasks to queue
[2023-09-04 18:58:46,637] {logging_mixin.py:109} INFO - [2023-09-04 18:58:46,637] {dagbag.py:496} INFO - Filling up the DagBag from /opt/airflow/dags/clean_dag_run.py
[2023-09-04 18:58:47,202] {processor.py:623} INFO - DAG(s) dict_keys(['clean_dag_run']) retrieved from /opt/airflow/dags/clean_dag_run.py
[2023-09-04 18:58:47,218] {logging_mixin.py:109} INFO - [2023-09-04 18:58:47,218] {dag.py:1834} INFO - Sync 1 DAGs
[2023-09-04 18:58:47,226] {logging_mixin.py:109} INFO - [2023-09-04 18:58:47,226] {dag.py:2287} INFO - Setting next_dagrun for clean_dag_run to None
[2023-09-04 18:58:47,233] {processor.py:170} INFO - Processing /opt/airflow/dags/clean_dag_run.py took 0.602 seconds
[2023-09-04 18:59:17,376] {processor.py:162} INFO - Started process (PID=270) to work on /opt/airflow/dags/clean_dag_run.py
[2023-09-04 18:59:17,377] {processor.py:613} INFO - Processing file /opt/airflow/dags/clean_dag_run.py for tasks to queue
[2023-09-04 18:59:17,379] {logging_mixin.py:109} INFO - [2023-09-04 18:59:17,378] {dagbag.py:496} INFO - Filling up the DagBag from /opt/airflow/dags/clean_dag_run.py
[2023-09-04 18:59:18,003] {processor.py:623} INFO - DAG(s) dict_keys(['clean_dag_run']) retrieved from /opt/airflow/dags/clean_dag_run.py
[2023-09-04 18:59:18,021] {logging_mixin.py:109} INFO - [2023-09-04 18:59:18,021] {dag.py:1834} INFO - Sync 1 DAGs
[2023-09-04 18:59:18,031] {logging_mixin.py:109} INFO - [2023-09-04 18:59:18,031] {dag.py:2287} INFO - Setting next_dagrun for clean_dag_run to None
[2023-09-04 18:59:18,039] {processor.py:170} INFO - Processing /opt/airflow/dags/clean_dag_run.py took 0.668 seconds
[2023-09-04 18:59:48,187] {processor.py:162} INFO - Started process (PID=304) to work on /opt/airflow/dags/clean_dag_run.py
[2023-09-04 18:59:48,189] {processor.py:613} INFO - Processing file /opt/airflow/dags/clean_dag_run.py for tasks to queue
[2023-09-04 18:59:48,190] {logging_mixin.py:109} INFO - [2023-09-04 18:59:48,189] {dagbag.py:496} INFO - Filling up the DagBag from /opt/airflow/dags/clean_dag_run.py
[2023-09-04 18:59:48,737] {processor.py:623} INFO - DAG(s) dict_keys(['clean_dag_run']) retrieved from /opt/airflow/dags/clean_dag_run.py
[2023-09-04 18:59:48,753] {logging_mixin.py:109} INFO - [2023-09-04 18:59:48,753] {dag.py:1834} INFO - Sync 1 DAGs
[2023-09-04 18:59:48,761] {logging_mixin.py:109} INFO - [2023-09-04 18:59:48,761] {dag.py:2287} INFO - Setting next_dagrun for clean_dag_run to None
[2023-09-04 18:59:48,767] {processor.py:170} INFO - Processing /opt/airflow/dags/clean_dag_run.py took 0.583 seconds
[2023-09-04 19:00:18,916] {processor.py:162} INFO - Started process (PID=330) to work on /opt/airflow/dags/clean_dag_run.py
[2023-09-04 19:00:18,918] {processor.py:613} INFO - Processing file /opt/airflow/dags/clean_dag_run.py for tasks to queue
[2023-09-04 19:00:18,919] {logging_mixin.py:109} INFO - [2023-09-04 19:00:18,919] {dagbag.py:496} INFO - Filling up the DagBag from /opt/airflow/dags/clean_dag_run.py
[2023-09-04 19:00:19,429] {processor.py:623} INFO - DAG(s) dict_keys(['clean_dag_run']) retrieved from /opt/airflow/dags/clean_dag_run.py
[2023-09-04 19:00:19,444] {logging_mixin.py:109} INFO - [2023-09-04 19:00:19,444] {dag.py:1834} INFO - Sync 1 DAGs
[2023-09-04 19:00:19,451] {logging_mixin.py:109} INFO - [2023-09-04 19:00:19,450] {dag.py:2287} INFO - Setting next_dagrun for clean_dag_run to None
[2023-09-04 19:00:19,457] {processor.py:170} INFO - Processing /opt/airflow/dags/clean_dag_run.py took 0.544 seconds
[2023-09-04 19:00:49,618] {processor.py:162} INFO - Started process (PID=364) to work on /opt/airflow/dags/clean_dag_run.py
[2023-09-04 19:00:49,619] {processor.py:613} INFO - Processing file /opt/airflow/dags/clean_dag_run.py for tasks to queue
[2023-09-04 19:00:49,621] {logging_mixin.py:109} INFO - [2023-09-04 19:00:49,621] {dagbag.py:496} INFO - Filling up the DagBag from /opt/airflow/dags/clean_dag_run.py
[2023-09-04 19:00:50,491] {processor.py:623} INFO - DAG(s) dict_keys(['clean_dag_run']) retrieved from /opt/airflow/dags/clean_dag_run.py
[2023-09-04 19:00:50,514] {logging_mixin.py:109} INFO - [2023-09-04 19:00:50,514] {dag.py:1834} INFO - Sync 1 DAGs
[2023-09-04 19:00:50,525] {logging_mixin.py:109} INFO - [2023-09-04 19:00:50,525] {dag.py:2287} INFO - Setting next_dagrun for clean_dag_run to None
[2023-09-04 19:00:50,536] {processor.py:170} INFO - Processing /opt/airflow/dags/clean_dag_run.py took 0.925 seconds
[2023-09-04 19:01:20,679] {processor.py:162} INFO - Started process (PID=399) to work on /opt/airflow/dags/clean_dag_run.py
[2023-09-04 19:01:20,681] {processor.py:613} INFO - Processing file /opt/airflow/dags/clean_dag_run.py for tasks to queue
[2023-09-04 19:01:20,682] {logging_mixin.py:109} INFO - [2023-09-04 19:01:20,682] {dagbag.py:496} INFO - Filling up the DagBag from /opt/airflow/dags/clean_dag_run.py
[2023-09-04 19:01:21,195] {processor.py:623} INFO - DAG(s) dict_keys(['clean_dag_run']) retrieved from /opt/airflow/dags/clean_dag_run.py
[2023-09-04 19:01:21,212] {logging_mixin.py:109} INFO - [2023-09-04 19:01:21,212] {dag.py:1834} INFO - Sync 1 DAGs
[2023-09-04 19:01:21,219] {logging_mixin.py:109} INFO - [2023-09-04 19:01:21,219] {dag.py:2287} INFO - Setting next_dagrun for clean_dag_run to None
[2023-09-04 19:01:21,226] {processor.py:170} INFO - Processing /opt/airflow/dags/clean_dag_run.py took 0.550 seconds
[2023-09-04 19:01:51,373] {processor.py:162} INFO - Started process (PID=426) to work on /opt/airflow/dags/clean_dag_run.py
[2023-09-04 19:01:51,374] {processor.py:613} INFO - Processing file /opt/airflow/dags/clean_dag_run.py for tasks to queue
[2023-09-04 19:01:51,375] {logging_mixin.py:109} INFO - [2023-09-04 19:01:51,375] {dagbag.py:496} INFO - Filling up the DagBag from /opt/airflow/dags/clean_dag_run.py
[2023-09-04 19:01:51,881] {processor.py:623} INFO - DAG(s) dict_keys(['clean_dag_run']) retrieved from /opt/airflow/dags/clean_dag_run.py
[2023-09-04 19:01:51,897] {logging_mixin.py:109} INFO - [2023-09-04 19:01:51,897] {dag.py:1834} INFO - Sync 1 DAGs
[2023-09-04 19:01:51,905] {logging_mixin.py:109} INFO - [2023-09-04 19:01:51,905] {dag.py:2287} INFO - Setting next_dagrun for clean_dag_run to None
[2023-09-04 19:01:51,911] {processor.py:170} INFO - Processing /opt/airflow/dags/clean_dag_run.py took 0.542 seconds
[2023-09-04 19:02:22,062] {processor.py:162} INFO - Started process (PID=460) to work on /opt/airflow/dags/clean_dag_run.py
[2023-09-04 19:02:22,064] {processor.py:613} INFO - Processing file /opt/airflow/dags/clean_dag_run.py for tasks to queue
[2023-09-04 19:02:22,065] {logging_mixin.py:109} INFO - [2023-09-04 19:02:22,065] {dagbag.py:496} INFO - Filling up the DagBag from /opt/airflow/dags/clean_dag_run.py
[2023-09-04 19:02:22,557] {processor.py:623} INFO - DAG(s) dict_keys(['clean_dag_run']) retrieved from /opt/airflow/dags/clean_dag_run.py
[2023-09-04 19:02:22,574] {logging_mixin.py:109} INFO - [2023-09-04 19:02:22,574] {dag.py:1834} INFO - Sync 1 DAGs
[2023-09-04 19:02:22,581] {logging_mixin.py:109} INFO - [2023-09-04 19:02:22,581] {dag.py:2287} INFO - Setting next_dagrun for clean_dag_run to None
[2023-09-04 19:02:22,588] {processor.py:170} INFO - Processing /opt/airflow/dags/clean_dag_run.py took 0.529 seconds
[2023-09-04 19:02:52,734] {processor.py:162} INFO - Started process (PID=494) to work on /opt/airflow/dags/clean_dag_run.py
[2023-09-04 19:02:52,735] {processor.py:613} INFO - Processing file /opt/airflow/dags/clean_dag_run.py for tasks to queue
[2023-09-04 19:02:52,736] {logging_mixin.py:109} INFO - [2023-09-04 19:02:52,736] {dagbag.py:496} INFO - Filling up the DagBag from /opt/airflow/dags/clean_dag_run.py
[2023-09-04 19:02:53,320] {processor.py:623} INFO - DAG(s) dict_keys(['clean_dag_run']) retrieved from /opt/airflow/dags/clean_dag_run.py
[2023-09-04 19:02:53,336] {logging_mixin.py:109} INFO - [2023-09-04 19:02:53,335] {dag.py:1834} INFO - Sync 1 DAGs
[2023-09-04 19:02:53,344] {logging_mixin.py:109} INFO - [2023-09-04 19:02:53,343] {dag.py:2287} INFO - Setting next_dagrun for clean_dag_run to None
[2023-09-04 19:02:53,350] {processor.py:170} INFO - Processing /opt/airflow/dags/clean_dag_run.py took 0.620 seconds
[2023-09-04 19:03:23,505] {processor.py:162} INFO - Started process (PID=520) to work on /opt/airflow/dags/clean_dag_run.py
[2023-09-04 19:03:23,507] {processor.py:613} INFO - Processing file /opt/airflow/dags/clean_dag_run.py for tasks to queue
[2023-09-04 19:03:23,508] {logging_mixin.py:109} INFO - [2023-09-04 19:03:23,508] {dagbag.py:496} INFO - Filling up the DagBag from /opt/airflow/dags/clean_dag_run.py
[2023-09-04 19:03:24,023] {processor.py:623} INFO - DAG(s) dict_keys(['clean_dag_run']) retrieved from /opt/airflow/dags/clean_dag_run.py
[2023-09-04 19:03:24,042] {logging_mixin.py:109} INFO - [2023-09-04 19:03:24,041] {dag.py:1834} INFO - Sync 1 DAGs
[2023-09-04 19:03:24,049] {logging_mixin.py:109} INFO - [2023-09-04 19:03:24,049] {dag.py:2287} INFO - Setting next_dagrun for clean_dag_run to None
[2023-09-04 19:03:24,055] {processor.py:170} INFO - Processing /opt/airflow/dags/clean_dag_run.py took 0.554 seconds
[2023-09-04 19:03:54,203] {processor.py:162} INFO - Started process (PID=554) to work on /opt/airflow/dags/clean_dag_run.py
[2023-09-04 19:03:54,205] {processor.py:613} INFO - Processing file /opt/airflow/dags/clean_dag_run.py for tasks to queue
[2023-09-04 19:03:54,206] {logging_mixin.py:109} INFO - [2023-09-04 19:03:54,206] {dagbag.py:496} INFO - Filling up the DagBag from /opt/airflow/dags/clean_dag_run.py
[2023-09-04 19:03:54,757] {processor.py:623} INFO - DAG(s) dict_keys(['clean_dag_run']) retrieved from /opt/airflow/dags/clean_dag_run.py
[2023-09-04 19:03:54,774] {logging_mixin.py:109} INFO - [2023-09-04 19:03:54,773] {dag.py:1834} INFO - Sync 1 DAGs
[2023-09-04 19:03:54,782] {logging_mixin.py:109} INFO - [2023-09-04 19:03:54,782] {dag.py:2287} INFO - Setting next_dagrun for clean_dag_run to None
[2023-09-04 19:03:54,789] {processor.py:170} INFO - Processing /opt/airflow/dags/clean_dag_run.py took 0.589 seconds
[2023-09-04 19:04:24,931] {processor.py:162} INFO - Started process (PID=588) to work on /opt/airflow/dags/clean_dag_run.py
[2023-09-04 19:04:24,932] {processor.py:613} INFO - Processing file /opt/airflow/dags/clean_dag_run.py for tasks to queue
[2023-09-04 19:04:24,933] {logging_mixin.py:109} INFO - [2023-09-04 19:04:24,933] {dagbag.py:496} INFO - Filling up the DagBag from /opt/airflow/dags/clean_dag_run.py
[2023-09-04 19:04:25,468] {processor.py:623} INFO - DAG(s) dict_keys(['clean_dag_run']) retrieved from /opt/airflow/dags/clean_dag_run.py
[2023-09-04 19:04:25,484] {logging_mixin.py:109} INFO - [2023-09-04 19:04:25,484] {dag.py:1834} INFO - Sync 1 DAGs
[2023-09-04 19:04:25,492] {logging_mixin.py:109} INFO - [2023-09-04 19:04:25,492] {dag.py:2287} INFO - Setting next_dagrun for clean_dag_run to None
[2023-09-04 19:04:25,499] {processor.py:170} INFO - Processing /opt/airflow/dags/clean_dag_run.py took 0.572 seconds
[2023-09-04 19:04:55,647] {processor.py:162} INFO - Started process (PID=614) to work on /opt/airflow/dags/clean_dag_run.py
[2023-09-04 19:04:55,649] {processor.py:613} INFO - Processing file /opt/airflow/dags/clean_dag_run.py for tasks to queue
[2023-09-04 19:04:55,650] {logging_mixin.py:109} INFO - [2023-09-04 19:04:55,650] {dagbag.py:496} INFO - Filling up the DagBag from /opt/airflow/dags/clean_dag_run.py
[2023-09-04 19:04:56,228] {processor.py:623} INFO - DAG(s) dict_keys(['clean_dag_run']) retrieved from /opt/airflow/dags/clean_dag_run.py
[2023-09-04 19:04:56,244] {logging_mixin.py:109} INFO - [2023-09-04 19:04:56,244] {dag.py:1834} INFO - Sync 1 DAGs
[2023-09-04 19:04:56,252] {logging_mixin.py:109} INFO - [2023-09-04 19:04:56,252] {dag.py:2287} INFO - Setting next_dagrun for clean_dag_run to None
[2023-09-04 19:04:56,259] {processor.py:170} INFO - Processing /opt/airflow/dags/clean_dag_run.py took 0.616 seconds
