[2023-09-01T14:50:16.175+0000] {processor.py:157} INFO - Started process (PID=50) to work on /home/airflow/.local/lib/python3.8/site-packages/airflow/example_dags/example_latest_only.py
[2023-09-01T14:50:16.177+0000] {processor.py:829} INFO - Processing file /home/airflow/.local/lib/python3.8/site-packages/airflow/example_dags/example_latest_only.py for tasks to queue
[2023-09-01T14:50:16.184+0000] {logging_mixin.py:151} INFO - [2023-09-01T14:50:16.183+0000] {dagbag.py:539} INFO - Filling up the DagBag from /home/airflow/.local/lib/python3.8/site-packages/airflow/example_dags/example_latest_only.py
[2023-09-01T14:50:16.203+0000] {processor.py:839} INFO - DAG(s) dict_keys(['latest_only']) retrieved from /home/airflow/.local/lib/python3.8/site-packages/airflow/example_dags/example_latest_only.py
[2023-09-01T14:50:17.092+0000] {logging_mixin.py:151} INFO - [2023-09-01T14:50:17.091+0000] {manager.py:501} INFO - Created Permission View: can read on DAG:latest_only
[2023-09-01T14:50:17.157+0000] {logging_mixin.py:151} INFO - [2023-09-01T14:50:17.156+0000] {manager.py:501} INFO - Created Permission View: can edit on DAG:latest_only
[2023-09-01T14:50:17.186+0000] {logging_mixin.py:151} INFO - [2023-09-01T14:50:17.185+0000] {manager.py:501} INFO - Created Permission View: can delete on DAG:latest_only
[2023-09-01T14:50:17.256+0000] {logging_mixin.py:151} INFO - [2023-09-01T14:50:17.256+0000] {dag.py:2907} INFO - Sync 1 DAGs
[2023-09-01T14:50:17.313+0000] {logging_mixin.py:151} INFO - [2023-09-01T14:50:17.312+0000] {dag.py:2929} INFO - Creating ORM DAG for latest_only
[2023-09-01T14:50:17.350+0000] {logging_mixin.py:151} INFO - [2023-09-01T14:50:17.350+0000] {dag.py:3677} INFO - Setting next_dagrun for latest_only to 2023-09-01T10:50:17.348435+00:00, run_after=2023-09-01T14:50:17.348435+00:00
[2023-09-01T14:50:17.397+0000] {processor.py:179} INFO - Processing /home/airflow/.local/lib/python3.8/site-packages/airflow/example_dags/example_latest_only.py took 1.256 seconds
[2023-09-01T14:50:47.944+0000] {processor.py:157} INFO - Started process (PID=103) to work on /home/airflow/.local/lib/python3.8/site-packages/airflow/example_dags/example_latest_only.py
[2023-09-01T14:50:47.945+0000] {processor.py:829} INFO - Processing file /home/airflow/.local/lib/python3.8/site-packages/airflow/example_dags/example_latest_only.py for tasks to queue
[2023-09-01T14:50:47.949+0000] {logging_mixin.py:151} INFO - [2023-09-01T14:50:47.949+0000] {dagbag.py:539} INFO - Filling up the DagBag from /home/airflow/.local/lib/python3.8/site-packages/airflow/example_dags/example_latest_only.py
[2023-09-01T14:50:47.958+0000] {processor.py:839} INFO - DAG(s) dict_keys(['latest_only']) retrieved from /home/airflow/.local/lib/python3.8/site-packages/airflow/example_dags/example_latest_only.py
[2023-09-01T14:50:47.992+0000] {logging_mixin.py:151} INFO - [2023-09-01T14:50:47.991+0000] {dag.py:2907} INFO - Sync 1 DAGs
[2023-09-01T14:50:48.031+0000] {logging_mixin.py:151} INFO - [2023-09-01T14:50:48.031+0000] {dag.py:3677} INFO - Setting next_dagrun for latest_only to 2023-09-01T10:50:48.030918+00:00, run_after=2023-09-01T14:50:48.030918+00:00
[2023-09-01T14:50:48.062+0000] {processor.py:179} INFO - Processing /home/airflow/.local/lib/python3.8/site-packages/airflow/example_dags/example_latest_only.py took 0.123 seconds
[2023-09-01T14:51:18.126+0000] {processor.py:157} INFO - Started process (PID=158) to work on /home/airflow/.local/lib/python3.8/site-packages/airflow/example_dags/example_latest_only.py
[2023-09-01T14:51:18.128+0000] {processor.py:829} INFO - Processing file /home/airflow/.local/lib/python3.8/site-packages/airflow/example_dags/example_latest_only.py for tasks to queue
[2023-09-01T14:51:18.131+0000] {logging_mixin.py:151} INFO - [2023-09-01T14:51:18.131+0000] {dagbag.py:539} INFO - Filling up the DagBag from /home/airflow/.local/lib/python3.8/site-packages/airflow/example_dags/example_latest_only.py
[2023-09-01T14:51:18.139+0000] {processor.py:839} INFO - DAG(s) dict_keys(['latest_only']) retrieved from /home/airflow/.local/lib/python3.8/site-packages/airflow/example_dags/example_latest_only.py
[2023-09-01T14:51:18.169+0000] {logging_mixin.py:151} INFO - [2023-09-01T14:51:18.169+0000] {dag.py:2907} INFO - Sync 1 DAGs
[2023-09-01T14:51:18.201+0000] {logging_mixin.py:151} INFO - [2023-09-01T14:51:18.201+0000] {dag.py:3677} INFO - Setting next_dagrun for latest_only to 2023-09-01T10:51:18.200935+00:00, run_after=2023-09-01T14:51:18.200935+00:00
[2023-09-01T14:51:18.226+0000] {processor.py:179} INFO - Processing /home/airflow/.local/lib/python3.8/site-packages/airflow/example_dags/example_latest_only.py took 0.105 seconds
[2023-09-01T14:51:48.429+0000] {processor.py:157} INFO - Started process (PID=211) to work on /home/airflow/.local/lib/python3.8/site-packages/airflow/example_dags/example_latest_only.py
[2023-09-01T14:51:48.431+0000] {processor.py:829} INFO - Processing file /home/airflow/.local/lib/python3.8/site-packages/airflow/example_dags/example_latest_only.py for tasks to queue
[2023-09-01T14:51:48.434+0000] {logging_mixin.py:151} INFO - [2023-09-01T14:51:48.433+0000] {dagbag.py:539} INFO - Filling up the DagBag from /home/airflow/.local/lib/python3.8/site-packages/airflow/example_dags/example_latest_only.py
[2023-09-01T14:51:48.441+0000] {processor.py:839} INFO - DAG(s) dict_keys(['latest_only']) retrieved from /home/airflow/.local/lib/python3.8/site-packages/airflow/example_dags/example_latest_only.py
[2023-09-01T14:51:48.468+0000] {logging_mixin.py:151} INFO - [2023-09-01T14:51:48.468+0000] {dag.py:2907} INFO - Sync 1 DAGs
[2023-09-01T14:51:48.492+0000] {logging_mixin.py:151} INFO - [2023-09-01T14:51:48.492+0000] {dag.py:3677} INFO - Setting next_dagrun for latest_only to 2023-09-01T10:51:48.492289+00:00, run_after=2023-09-01T14:51:48.492289+00:00
[2023-09-01T14:51:48.511+0000] {processor.py:179} INFO - Processing /home/airflow/.local/lib/python3.8/site-packages/airflow/example_dags/example_latest_only.py took 0.087 seconds
[2023-09-01T14:52:18.643+0000] {processor.py:157} INFO - Started process (PID=265) to work on /home/airflow/.local/lib/python3.8/site-packages/airflow/example_dags/example_latest_only.py
[2023-09-01T14:52:18.645+0000] {processor.py:829} INFO - Processing file /home/airflow/.local/lib/python3.8/site-packages/airflow/example_dags/example_latest_only.py for tasks to queue
[2023-09-01T14:52:18.649+0000] {logging_mixin.py:151} INFO - [2023-09-01T14:52:18.648+0000] {dagbag.py:539} INFO - Filling up the DagBag from /home/airflow/.local/lib/python3.8/site-packages/airflow/example_dags/example_latest_only.py
[2023-09-01T14:52:18.656+0000] {processor.py:839} INFO - DAG(s) dict_keys(['latest_only']) retrieved from /home/airflow/.local/lib/python3.8/site-packages/airflow/example_dags/example_latest_only.py
[2023-09-01T14:52:18.686+0000] {logging_mixin.py:151} INFO - [2023-09-01T14:52:18.686+0000] {dag.py:2907} INFO - Sync 1 DAGs
[2023-09-01T14:52:18.718+0000] {logging_mixin.py:151} INFO - [2023-09-01T14:52:18.717+0000] {dag.py:3677} INFO - Setting next_dagrun for latest_only to 2023-09-01T10:52:18.717572+00:00, run_after=2023-09-01T14:52:18.717572+00:00
[2023-09-01T14:52:18.742+0000] {processor.py:179} INFO - Processing /home/airflow/.local/lib/python3.8/site-packages/airflow/example_dags/example_latest_only.py took 0.104 seconds
[2023-09-01T14:52:48.862+0000] {processor.py:157} INFO - Started process (PID=319) to work on /home/airflow/.local/lib/python3.8/site-packages/airflow/example_dags/example_latest_only.py
[2023-09-01T14:52:48.864+0000] {processor.py:829} INFO - Processing file /home/airflow/.local/lib/python3.8/site-packages/airflow/example_dags/example_latest_only.py for tasks to queue
[2023-09-01T14:52:48.867+0000] {logging_mixin.py:151} INFO - [2023-09-01T14:52:48.866+0000] {dagbag.py:539} INFO - Filling up the DagBag from /home/airflow/.local/lib/python3.8/site-packages/airflow/example_dags/example_latest_only.py
[2023-09-01T14:52:48.873+0000] {processor.py:839} INFO - DAG(s) dict_keys(['latest_only']) retrieved from /home/airflow/.local/lib/python3.8/site-packages/airflow/example_dags/example_latest_only.py
[2023-09-01T14:52:48.897+0000] {logging_mixin.py:151} INFO - [2023-09-01T14:52:48.896+0000] {dag.py:2907} INFO - Sync 1 DAGs
[2023-09-01T14:52:48.922+0000] {logging_mixin.py:151} INFO - [2023-09-01T14:52:48.922+0000] {dag.py:3677} INFO - Setting next_dagrun for latest_only to 2023-09-01T10:52:48.921816+00:00, run_after=2023-09-01T14:52:48.921816+00:00
[2023-09-01T14:52:48.940+0000] {processor.py:179} INFO - Processing /home/airflow/.local/lib/python3.8/site-packages/airflow/example_dags/example_latest_only.py took 0.082 seconds
[2023-09-01T14:53:19.113+0000] {processor.py:157} INFO - Started process (PID=373) to work on /home/airflow/.local/lib/python3.8/site-packages/airflow/example_dags/example_latest_only.py
[2023-09-01T14:53:19.115+0000] {processor.py:829} INFO - Processing file /home/airflow/.local/lib/python3.8/site-packages/airflow/example_dags/example_latest_only.py for tasks to queue
[2023-09-01T14:53:19.117+0000] {logging_mixin.py:151} INFO - [2023-09-01T14:53:19.117+0000] {dagbag.py:539} INFO - Filling up the DagBag from /home/airflow/.local/lib/python3.8/site-packages/airflow/example_dags/example_latest_only.py
[2023-09-01T14:53:19.123+0000] {processor.py:839} INFO - DAG(s) dict_keys(['latest_only']) retrieved from /home/airflow/.local/lib/python3.8/site-packages/airflow/example_dags/example_latest_only.py
[2023-09-01T14:53:19.153+0000] {logging_mixin.py:151} INFO - [2023-09-01T14:53:19.153+0000] {dag.py:2907} INFO - Sync 1 DAGs
[2023-09-01T14:53:19.181+0000] {logging_mixin.py:151} INFO - [2023-09-01T14:53:19.181+0000] {dag.py:3677} INFO - Setting next_dagrun for latest_only to 2023-09-01T10:53:19.180924+00:00, run_after=2023-09-01T14:53:19.180924+00:00
[2023-09-01T14:53:19.200+0000] {processor.py:179} INFO - Processing /home/airflow/.local/lib/python3.8/site-packages/airflow/example_dags/example_latest_only.py took 0.092 seconds
[2023-09-01T14:53:49.247+0000] {processor.py:157} INFO - Started process (PID=428) to work on /home/airflow/.local/lib/python3.8/site-packages/airflow/example_dags/example_latest_only.py
[2023-09-01T14:53:49.248+0000] {processor.py:829} INFO - Processing file /home/airflow/.local/lib/python3.8/site-packages/airflow/example_dags/example_latest_only.py for tasks to queue
[2023-09-01T14:53:49.252+0000] {logging_mixin.py:151} INFO - [2023-09-01T14:53:49.252+0000] {dagbag.py:539} INFO - Filling up the DagBag from /home/airflow/.local/lib/python3.8/site-packages/airflow/example_dags/example_latest_only.py
[2023-09-01T14:53:49.260+0000] {processor.py:839} INFO - DAG(s) dict_keys(['latest_only']) retrieved from /home/airflow/.local/lib/python3.8/site-packages/airflow/example_dags/example_latest_only.py
[2023-09-01T14:53:49.293+0000] {logging_mixin.py:151} INFO - [2023-09-01T14:53:49.293+0000] {dag.py:2907} INFO - Sync 1 DAGs
[2023-09-01T14:53:49.330+0000] {logging_mixin.py:151} INFO - [2023-09-01T14:53:49.329+0000] {dag.py:3677} INFO - Setting next_dagrun for latest_only to 2023-09-01T10:53:49.329540+00:00, run_after=2023-09-01T14:53:49.329540+00:00
[2023-09-01T14:53:49.356+0000] {processor.py:179} INFO - Processing /home/airflow/.local/lib/python3.8/site-packages/airflow/example_dags/example_latest_only.py took 0.115 seconds
[2023-09-01T14:54:19.458+0000] {processor.py:157} INFO - Started process (PID=482) to work on /home/airflow/.local/lib/python3.8/site-packages/airflow/example_dags/example_latest_only.py
[2023-09-01T14:54:19.459+0000] {processor.py:829} INFO - Processing file /home/airflow/.local/lib/python3.8/site-packages/airflow/example_dags/example_latest_only.py for tasks to queue
[2023-09-01T14:54:19.462+0000] {logging_mixin.py:151} INFO - [2023-09-01T14:54:19.462+0000] {dagbag.py:539} INFO - Filling up the DagBag from /home/airflow/.local/lib/python3.8/site-packages/airflow/example_dags/example_latest_only.py
[2023-09-01T14:54:19.470+0000] {processor.py:839} INFO - DAG(s) dict_keys(['latest_only']) retrieved from /home/airflow/.local/lib/python3.8/site-packages/airflow/example_dags/example_latest_only.py
[2023-09-01T14:54:19.499+0000] {logging_mixin.py:151} INFO - [2023-09-01T14:54:19.499+0000] {dag.py:2907} INFO - Sync 1 DAGs
[2023-09-01T14:54:19.525+0000] {logging_mixin.py:151} INFO - [2023-09-01T14:54:19.525+0000] {dag.py:3677} INFO - Setting next_dagrun for latest_only to 2023-09-01T10:54:19.525332+00:00, run_after=2023-09-01T14:54:19.525332+00:00
[2023-09-01T14:54:19.545+0000] {processor.py:179} INFO - Processing /home/airflow/.local/lib/python3.8/site-packages/airflow/example_dags/example_latest_only.py took 0.092 seconds
[2023-09-01T14:54:49.719+0000] {processor.py:157} INFO - Started process (PID=536) to work on /home/airflow/.local/lib/python3.8/site-packages/airflow/example_dags/example_latest_only.py
[2023-09-01T14:54:49.721+0000] {processor.py:829} INFO - Processing file /home/airflow/.local/lib/python3.8/site-packages/airflow/example_dags/example_latest_only.py for tasks to queue
[2023-09-01T14:54:49.724+0000] {logging_mixin.py:151} INFO - [2023-09-01T14:54:49.724+0000] {dagbag.py:539} INFO - Filling up the DagBag from /home/airflow/.local/lib/python3.8/site-packages/airflow/example_dags/example_latest_only.py
[2023-09-01T14:54:49.731+0000] {processor.py:839} INFO - DAG(s) dict_keys(['latest_only']) retrieved from /home/airflow/.local/lib/python3.8/site-packages/airflow/example_dags/example_latest_only.py
[2023-09-01T14:54:49.760+0000] {logging_mixin.py:151} INFO - [2023-09-01T14:54:49.759+0000] {dag.py:2907} INFO - Sync 1 DAGs
[2023-09-01T14:54:49.787+0000] {logging_mixin.py:151} INFO - [2023-09-01T14:54:49.787+0000] {dag.py:3677} INFO - Setting next_dagrun for latest_only to 2023-09-01T10:54:49.786764+00:00, run_after=2023-09-01T14:54:49.786764+00:00
[2023-09-01T14:54:49.806+0000] {processor.py:179} INFO - Processing /home/airflow/.local/lib/python3.8/site-packages/airflow/example_dags/example_latest_only.py took 0.091 seconds
[2023-09-01T14:55:20.673+0000] {processor.py:157} INFO - Started process (PID=590) to work on /home/airflow/.local/lib/python3.8/site-packages/airflow/example_dags/example_latest_only.py
[2023-09-01T14:55:20.675+0000] {processor.py:829} INFO - Processing file /home/airflow/.local/lib/python3.8/site-packages/airflow/example_dags/example_latest_only.py for tasks to queue
[2023-09-01T14:55:20.677+0000] {logging_mixin.py:151} INFO - [2023-09-01T14:55:20.677+0000] {dagbag.py:539} INFO - Filling up the DagBag from /home/airflow/.local/lib/python3.8/site-packages/airflow/example_dags/example_latest_only.py
[2023-09-01T14:55:20.683+0000] {processor.py:839} INFO - DAG(s) dict_keys(['latest_only']) retrieved from /home/airflow/.local/lib/python3.8/site-packages/airflow/example_dags/example_latest_only.py
[2023-09-01T14:55:20.710+0000] {logging_mixin.py:151} INFO - [2023-09-01T14:55:20.709+0000] {dag.py:2907} INFO - Sync 1 DAGs
[2023-09-01T14:55:20.733+0000] {logging_mixin.py:151} INFO - [2023-09-01T14:55:20.733+0000] {dag.py:3677} INFO - Setting next_dagrun for latest_only to 2023-09-01T10:55:20.733042+00:00, run_after=2023-09-01T14:55:20.733042+00:00
[2023-09-01T14:55:20.758+0000] {processor.py:179} INFO - Processing /home/airflow/.local/lib/python3.8/site-packages/airflow/example_dags/example_latest_only.py took 0.089 seconds
[2023-09-01T14:55:51.286+0000] {processor.py:157} INFO - Started process (PID=644) to work on /home/airflow/.local/lib/python3.8/site-packages/airflow/example_dags/example_latest_only.py
[2023-09-01T14:55:51.288+0000] {processor.py:829} INFO - Processing file /home/airflow/.local/lib/python3.8/site-packages/airflow/example_dags/example_latest_only.py for tasks to queue
[2023-09-01T14:55:51.291+0000] {logging_mixin.py:151} INFO - [2023-09-01T14:55:51.290+0000] {dagbag.py:539} INFO - Filling up the DagBag from /home/airflow/.local/lib/python3.8/site-packages/airflow/example_dags/example_latest_only.py
[2023-09-01T14:55:51.296+0000] {processor.py:839} INFO - DAG(s) dict_keys(['latest_only']) retrieved from /home/airflow/.local/lib/python3.8/site-packages/airflow/example_dags/example_latest_only.py
[2023-09-01T14:55:51.322+0000] {logging_mixin.py:151} INFO - [2023-09-01T14:55:51.321+0000] {dag.py:2907} INFO - Sync 1 DAGs
[2023-09-01T14:55:51.346+0000] {logging_mixin.py:151} INFO - [2023-09-01T14:55:51.346+0000] {dag.py:3677} INFO - Setting next_dagrun for latest_only to 2023-09-01T10:55:51.345739+00:00, run_after=2023-09-01T14:55:51.345739+00:00
[2023-09-01T14:55:51.370+0000] {processor.py:179} INFO - Processing /home/airflow/.local/lib/python3.8/site-packages/airflow/example_dags/example_latest_only.py took 0.087 seconds
[2023-09-01T14:56:22.104+0000] {processor.py:157} INFO - Started process (PID=698) to work on /home/airflow/.local/lib/python3.8/site-packages/airflow/example_dags/example_latest_only.py
[2023-09-01T14:56:22.106+0000] {processor.py:829} INFO - Processing file /home/airflow/.local/lib/python3.8/site-packages/airflow/example_dags/example_latest_only.py for tasks to queue
[2023-09-01T14:56:22.109+0000] {logging_mixin.py:151} INFO - [2023-09-01T14:56:22.109+0000] {dagbag.py:539} INFO - Filling up the DagBag from /home/airflow/.local/lib/python3.8/site-packages/airflow/example_dags/example_latest_only.py
[2023-09-01T14:56:22.117+0000] {processor.py:839} INFO - DAG(s) dict_keys(['latest_only']) retrieved from /home/airflow/.local/lib/python3.8/site-packages/airflow/example_dags/example_latest_only.py
[2023-09-01T14:56:22.145+0000] {logging_mixin.py:151} INFO - [2023-09-01T14:56:22.145+0000] {dag.py:2907} INFO - Sync 1 DAGs
[2023-09-01T14:56:22.172+0000] {logging_mixin.py:151} INFO - [2023-09-01T14:56:22.172+0000] {dag.py:3677} INFO - Setting next_dagrun for latest_only to 2023-09-01T10:56:22.172518+00:00, run_after=2023-09-01T14:56:22.172518+00:00
[2023-09-01T14:56:22.191+0000] {processor.py:179} INFO - Processing /home/airflow/.local/lib/python3.8/site-packages/airflow/example_dags/example_latest_only.py took 0.092 seconds
[2023-09-01T14:56:52.898+0000] {processor.py:157} INFO - Started process (PID=752) to work on /home/airflow/.local/lib/python3.8/site-packages/airflow/example_dags/example_latest_only.py
[2023-09-01T14:56:52.899+0000] {processor.py:829} INFO - Processing file /home/airflow/.local/lib/python3.8/site-packages/airflow/example_dags/example_latest_only.py for tasks to queue
[2023-09-01T14:56:52.902+0000] {logging_mixin.py:151} INFO - [2023-09-01T14:56:52.902+0000] {dagbag.py:539} INFO - Filling up the DagBag from /home/airflow/.local/lib/python3.8/site-packages/airflow/example_dags/example_latest_only.py
[2023-09-01T14:56:52.908+0000] {processor.py:839} INFO - DAG(s) dict_keys(['latest_only']) retrieved from /home/airflow/.local/lib/python3.8/site-packages/airflow/example_dags/example_latest_only.py
[2023-09-01T14:56:52.932+0000] {logging_mixin.py:151} INFO - [2023-09-01T14:56:52.932+0000] {dag.py:2907} INFO - Sync 1 DAGs
[2023-09-01T14:56:52.957+0000] {logging_mixin.py:151} INFO - [2023-09-01T14:56:52.957+0000] {dag.py:3677} INFO - Setting next_dagrun for latest_only to 2023-09-01T10:56:52.957132+00:00, run_after=2023-09-01T14:56:52.957132+00:00
[2023-09-01T14:56:52.978+0000] {processor.py:179} INFO - Processing /home/airflow/.local/lib/python3.8/site-packages/airflow/example_dags/example_latest_only.py took 0.084 seconds
[2023-09-01T14:57:23.718+0000] {processor.py:157} INFO - Started process (PID=806) to work on /home/airflow/.local/lib/python3.8/site-packages/airflow/example_dags/example_latest_only.py
[2023-09-01T14:57:23.720+0000] {processor.py:829} INFO - Processing file /home/airflow/.local/lib/python3.8/site-packages/airflow/example_dags/example_latest_only.py for tasks to queue
[2023-09-01T14:57:23.722+0000] {logging_mixin.py:151} INFO - [2023-09-01T14:57:23.722+0000] {dagbag.py:539} INFO - Filling up the DagBag from /home/airflow/.local/lib/python3.8/site-packages/airflow/example_dags/example_latest_only.py
[2023-09-01T14:57:23.729+0000] {processor.py:839} INFO - DAG(s) dict_keys(['latest_only']) retrieved from /home/airflow/.local/lib/python3.8/site-packages/airflow/example_dags/example_latest_only.py
[2023-09-01T14:57:23.752+0000] {logging_mixin.py:151} INFO - [2023-09-01T14:57:23.752+0000] {dag.py:2907} INFO - Sync 1 DAGs
[2023-09-01T14:57:23.778+0000] {logging_mixin.py:151} INFO - [2023-09-01T14:57:23.777+0000] {dag.py:3677} INFO - Setting next_dagrun for latest_only to 2023-09-01T10:57:23.777452+00:00, run_after=2023-09-01T14:57:23.777452+00:00
[2023-09-01T14:57:23.799+0000] {processor.py:179} INFO - Processing /home/airflow/.local/lib/python3.8/site-packages/airflow/example_dags/example_latest_only.py took 0.084 seconds
[2023-09-01T14:57:54.451+0000] {processor.py:157} INFO - Started process (PID=860) to work on /home/airflow/.local/lib/python3.8/site-packages/airflow/example_dags/example_latest_only.py
[2023-09-01T14:57:54.453+0000] {processor.py:829} INFO - Processing file /home/airflow/.local/lib/python3.8/site-packages/airflow/example_dags/example_latest_only.py for tasks to queue
[2023-09-01T14:57:54.456+0000] {logging_mixin.py:151} INFO - [2023-09-01T14:57:54.456+0000] {dagbag.py:539} INFO - Filling up the DagBag from /home/airflow/.local/lib/python3.8/site-packages/airflow/example_dags/example_latest_only.py
[2023-09-01T14:57:54.463+0000] {processor.py:839} INFO - DAG(s) dict_keys(['latest_only']) retrieved from /home/airflow/.local/lib/python3.8/site-packages/airflow/example_dags/example_latest_only.py
[2023-09-01T14:57:54.491+0000] {logging_mixin.py:151} INFO - [2023-09-01T14:57:54.491+0000] {dag.py:2907} INFO - Sync 1 DAGs
[2023-09-01T14:57:54.515+0000] {logging_mixin.py:151} INFO - [2023-09-01T14:57:54.515+0000] {dag.py:3677} INFO - Setting next_dagrun for latest_only to 2023-09-01T10:57:54.515395+00:00, run_after=2023-09-01T14:57:54.515395+00:00
[2023-09-01T14:57:54.534+0000] {processor.py:179} INFO - Processing /home/airflow/.local/lib/python3.8/site-packages/airflow/example_dags/example_latest_only.py took 0.088 seconds
[2023-09-01T14:58:25.251+0000] {processor.py:157} INFO - Started process (PID=914) to work on /home/airflow/.local/lib/python3.8/site-packages/airflow/example_dags/example_latest_only.py
[2023-09-01T14:58:25.253+0000] {processor.py:829} INFO - Processing file /home/airflow/.local/lib/python3.8/site-packages/airflow/example_dags/example_latest_only.py for tasks to queue
[2023-09-01T14:58:25.258+0000] {logging_mixin.py:151} INFO - [2023-09-01T14:58:25.257+0000] {dagbag.py:539} INFO - Filling up the DagBag from /home/airflow/.local/lib/python3.8/site-packages/airflow/example_dags/example_latest_only.py
[2023-09-01T14:58:25.267+0000] {processor.py:839} INFO - DAG(s) dict_keys(['latest_only']) retrieved from /home/airflow/.local/lib/python3.8/site-packages/airflow/example_dags/example_latest_only.py
[2023-09-01T14:58:25.312+0000] {logging_mixin.py:151} INFO - [2023-09-01T14:58:25.311+0000] {dag.py:2907} INFO - Sync 1 DAGs
[2023-09-01T14:58:25.357+0000] {logging_mixin.py:151} INFO - [2023-09-01T14:58:25.356+0000] {dag.py:3677} INFO - Setting next_dagrun for latest_only to 2023-09-01T10:58:25.356379+00:00, run_after=2023-09-01T14:58:25.356379+00:00
[2023-09-01T14:58:25.394+0000] {processor.py:179} INFO - Processing /home/airflow/.local/lib/python3.8/site-packages/airflow/example_dags/example_latest_only.py took 0.152 seconds
[2023-09-01T14:58:56.140+0000] {processor.py:157} INFO - Started process (PID=968) to work on /home/airflow/.local/lib/python3.8/site-packages/airflow/example_dags/example_latest_only.py
[2023-09-01T14:58:56.142+0000] {processor.py:829} INFO - Processing file /home/airflow/.local/lib/python3.8/site-packages/airflow/example_dags/example_latest_only.py for tasks to queue
[2023-09-01T14:58:56.145+0000] {logging_mixin.py:151} INFO - [2023-09-01T14:58:56.145+0000] {dagbag.py:539} INFO - Filling up the DagBag from /home/airflow/.local/lib/python3.8/site-packages/airflow/example_dags/example_latest_only.py
[2023-09-01T14:58:56.151+0000] {processor.py:839} INFO - DAG(s) dict_keys(['latest_only']) retrieved from /home/airflow/.local/lib/python3.8/site-packages/airflow/example_dags/example_latest_only.py
[2023-09-01T14:58:56.175+0000] {logging_mixin.py:151} INFO - [2023-09-01T14:58:56.175+0000] {dag.py:2907} INFO - Sync 1 DAGs
[2023-09-01T14:58:56.200+0000] {logging_mixin.py:151} INFO - [2023-09-01T14:58:56.200+0000] {dag.py:3677} INFO - Setting next_dagrun for latest_only to 2023-09-01T10:58:56.200278+00:00, run_after=2023-09-01T14:58:56.200278+00:00
[2023-09-01T14:58:56.223+0000] {processor.py:179} INFO - Processing /home/airflow/.local/lib/python3.8/site-packages/airflow/example_dags/example_latest_only.py took 0.086 seconds
[2023-09-01T14:59:26.636+0000] {processor.py:157} INFO - Started process (PID=1029) to work on /home/airflow/.local/lib/python3.8/site-packages/airflow/example_dags/example_latest_only.py
[2023-09-01T14:59:26.638+0000] {processor.py:829} INFO - Processing file /home/airflow/.local/lib/python3.8/site-packages/airflow/example_dags/example_latest_only.py for tasks to queue
[2023-09-01T14:59:26.641+0000] {logging_mixin.py:151} INFO - [2023-09-01T14:59:26.640+0000] {dagbag.py:539} INFO - Filling up the DagBag from /home/airflow/.local/lib/python3.8/site-packages/airflow/example_dags/example_latest_only.py
[2023-09-01T14:59:26.648+0000] {processor.py:839} INFO - DAG(s) dict_keys(['latest_only']) retrieved from /home/airflow/.local/lib/python3.8/site-packages/airflow/example_dags/example_latest_only.py
[2023-09-01T14:59:26.675+0000] {logging_mixin.py:151} INFO - [2023-09-01T14:59:26.675+0000] {dag.py:2907} INFO - Sync 1 DAGs
[2023-09-01T14:59:26.701+0000] {logging_mixin.py:151} INFO - [2023-09-01T14:59:26.701+0000] {dag.py:3677} INFO - Setting next_dagrun for latest_only to 2023-09-01T10:59:26.701018+00:00, run_after=2023-09-01T14:59:26.701018+00:00
[2023-09-01T14:59:26.722+0000] {processor.py:179} INFO - Processing /home/airflow/.local/lib/python3.8/site-packages/airflow/example_dags/example_latest_only.py took 0.091 seconds
[2023-09-01T14:59:57.627+0000] {processor.py:157} INFO - Started process (PID=1083) to work on /home/airflow/.local/lib/python3.8/site-packages/airflow/example_dags/example_latest_only.py
[2023-09-01T14:59:57.628+0000] {processor.py:829} INFO - Processing file /home/airflow/.local/lib/python3.8/site-packages/airflow/example_dags/example_latest_only.py for tasks to queue
[2023-09-01T14:59:57.632+0000] {logging_mixin.py:151} INFO - [2023-09-01T14:59:57.631+0000] {dagbag.py:539} INFO - Filling up the DagBag from /home/airflow/.local/lib/python3.8/site-packages/airflow/example_dags/example_latest_only.py
[2023-09-01T14:59:57.639+0000] {processor.py:839} INFO - DAG(s) dict_keys(['latest_only']) retrieved from /home/airflow/.local/lib/python3.8/site-packages/airflow/example_dags/example_latest_only.py
[2023-09-01T14:59:57.668+0000] {logging_mixin.py:151} INFO - [2023-09-01T14:59:57.667+0000] {dag.py:2907} INFO - Sync 1 DAGs
[2023-09-01T14:59:57.694+0000] {logging_mixin.py:151} INFO - [2023-09-01T14:59:57.694+0000] {dag.py:3677} INFO - Setting next_dagrun for latest_only to 2023-09-01T10:59:57.694343+00:00, run_after=2023-09-01T14:59:57.694343+00:00
[2023-09-01T14:59:57.714+0000] {processor.py:179} INFO - Processing /home/airflow/.local/lib/python3.8/site-packages/airflow/example_dags/example_latest_only.py took 0.093 seconds
[2023-09-01T15:00:28.442+0000] {processor.py:157} INFO - Started process (PID=1137) to work on /home/airflow/.local/lib/python3.8/site-packages/airflow/example_dags/example_latest_only.py
[2023-09-01T15:00:28.444+0000] {processor.py:829} INFO - Processing file /home/airflow/.local/lib/python3.8/site-packages/airflow/example_dags/example_latest_only.py for tasks to queue
[2023-09-01T15:00:28.447+0000] {logging_mixin.py:151} INFO - [2023-09-01T15:00:28.446+0000] {dagbag.py:539} INFO - Filling up the DagBag from /home/airflow/.local/lib/python3.8/site-packages/airflow/example_dags/example_latest_only.py
[2023-09-01T15:00:28.454+0000] {processor.py:839} INFO - DAG(s) dict_keys(['latest_only']) retrieved from /home/airflow/.local/lib/python3.8/site-packages/airflow/example_dags/example_latest_only.py
[2023-09-01T15:00:28.481+0000] {logging_mixin.py:151} INFO - [2023-09-01T15:00:28.481+0000] {dag.py:2907} INFO - Sync 1 DAGs
[2023-09-01T15:00:28.506+0000] {logging_mixin.py:151} INFO - [2023-09-01T15:00:28.506+0000] {dag.py:3677} INFO - Setting next_dagrun for latest_only to 2023-09-01T11:00:28.506231+00:00, run_after=2023-09-01T15:00:28.506231+00:00
[2023-09-01T15:00:28.527+0000] {processor.py:179} INFO - Processing /home/airflow/.local/lib/python3.8/site-packages/airflow/example_dags/example_latest_only.py took 0.089 seconds
[2023-09-01T15:00:59.030+0000] {processor.py:157} INFO - Started process (PID=1191) to work on /home/airflow/.local/lib/python3.8/site-packages/airflow/example_dags/example_latest_only.py
[2023-09-01T15:00:59.031+0000] {processor.py:829} INFO - Processing file /home/airflow/.local/lib/python3.8/site-packages/airflow/example_dags/example_latest_only.py for tasks to queue
[2023-09-01T15:00:59.034+0000] {logging_mixin.py:151} INFO - [2023-09-01T15:00:59.034+0000] {dagbag.py:539} INFO - Filling up the DagBag from /home/airflow/.local/lib/python3.8/site-packages/airflow/example_dags/example_latest_only.py
[2023-09-01T15:00:59.040+0000] {processor.py:839} INFO - DAG(s) dict_keys(['latest_only']) retrieved from /home/airflow/.local/lib/python3.8/site-packages/airflow/example_dags/example_latest_only.py
[2023-09-01T15:00:59.064+0000] {logging_mixin.py:151} INFO - [2023-09-01T15:00:59.064+0000] {dag.py:2907} INFO - Sync 1 DAGs
[2023-09-01T15:00:59.098+0000] {logging_mixin.py:151} INFO - [2023-09-01T15:00:59.097+0000] {dag.py:3677} INFO - Setting next_dagrun for latest_only to 2023-09-01T11:00:59.097544+00:00, run_after=2023-09-01T15:00:59.097544+00:00
[2023-09-01T15:00:59.124+0000] {processor.py:179} INFO - Processing /home/airflow/.local/lib/python3.8/site-packages/airflow/example_dags/example_latest_only.py took 0.099 seconds
[2023-09-01T15:01:29.845+0000] {processor.py:157} INFO - Started process (PID=1245) to work on /home/airflow/.local/lib/python3.8/site-packages/airflow/example_dags/example_latest_only.py
[2023-09-01T15:01:29.847+0000] {processor.py:829} INFO - Processing file /home/airflow/.local/lib/python3.8/site-packages/airflow/example_dags/example_latest_only.py for tasks to queue
[2023-09-01T15:01:29.850+0000] {logging_mixin.py:151} INFO - [2023-09-01T15:01:29.850+0000] {dagbag.py:539} INFO - Filling up the DagBag from /home/airflow/.local/lib/python3.8/site-packages/airflow/example_dags/example_latest_only.py
[2023-09-01T15:01:29.858+0000] {processor.py:839} INFO - DAG(s) dict_keys(['latest_only']) retrieved from /home/airflow/.local/lib/python3.8/site-packages/airflow/example_dags/example_latest_only.py
[2023-09-01T15:01:29.887+0000] {logging_mixin.py:151} INFO - [2023-09-01T15:01:29.886+0000] {dag.py:2907} INFO - Sync 1 DAGs
[2023-09-01T15:01:29.915+0000] {logging_mixin.py:151} INFO - [2023-09-01T15:01:29.915+0000] {dag.py:3677} INFO - Setting next_dagrun for latest_only to 2023-09-01T11:01:29.914715+00:00, run_after=2023-09-01T15:01:29.914715+00:00
[2023-09-01T15:01:29.934+0000] {processor.py:179} INFO - Processing /home/airflow/.local/lib/python3.8/site-packages/airflow/example_dags/example_latest_only.py took 0.094 seconds
[2023-09-01T15:02:00.471+0000] {processor.py:157} INFO - Started process (PID=1299) to work on /home/airflow/.local/lib/python3.8/site-packages/airflow/example_dags/example_latest_only.py
[2023-09-01T15:02:00.472+0000] {processor.py:829} INFO - Processing file /home/airflow/.local/lib/python3.8/site-packages/airflow/example_dags/example_latest_only.py for tasks to queue
[2023-09-01T15:02:00.476+0000] {logging_mixin.py:151} INFO - [2023-09-01T15:02:00.475+0000] {dagbag.py:539} INFO - Filling up the DagBag from /home/airflow/.local/lib/python3.8/site-packages/airflow/example_dags/example_latest_only.py
[2023-09-01T15:02:00.483+0000] {processor.py:839} INFO - DAG(s) dict_keys(['latest_only']) retrieved from /home/airflow/.local/lib/python3.8/site-packages/airflow/example_dags/example_latest_only.py
[2023-09-01T15:02:00.512+0000] {logging_mixin.py:151} INFO - [2023-09-01T15:02:00.512+0000] {dag.py:2907} INFO - Sync 1 DAGs
[2023-09-01T15:02:00.541+0000] {logging_mixin.py:151} INFO - [2023-09-01T15:02:00.541+0000] {dag.py:3677} INFO - Setting next_dagrun for latest_only to 2023-09-01T11:02:00.541379+00:00, run_after=2023-09-01T15:02:00.541379+00:00
[2023-09-01T15:02:00.562+0000] {processor.py:179} INFO - Processing /home/airflow/.local/lib/python3.8/site-packages/airflow/example_dags/example_latest_only.py took 0.096 seconds
[2023-09-01T15:02:30.689+0000] {processor.py:157} INFO - Started process (PID=1353) to work on /home/airflow/.local/lib/python3.8/site-packages/airflow/example_dags/example_latest_only.py
[2023-09-01T15:02:30.691+0000] {processor.py:829} INFO - Processing file /home/airflow/.local/lib/python3.8/site-packages/airflow/example_dags/example_latest_only.py for tasks to queue
[2023-09-01T15:02:30.695+0000] {logging_mixin.py:151} INFO - [2023-09-01T15:02:30.694+0000] {dagbag.py:539} INFO - Filling up the DagBag from /home/airflow/.local/lib/python3.8/site-packages/airflow/example_dags/example_latest_only.py
[2023-09-01T15:02:30.703+0000] {processor.py:839} INFO - DAG(s) dict_keys(['latest_only']) retrieved from /home/airflow/.local/lib/python3.8/site-packages/airflow/example_dags/example_latest_only.py
[2023-09-01T15:02:30.737+0000] {logging_mixin.py:151} INFO - [2023-09-01T15:02:30.737+0000] {dag.py:2907} INFO - Sync 1 DAGs
[2023-09-01T15:02:30.773+0000] {logging_mixin.py:151} INFO - [2023-09-01T15:02:30.772+0000] {dag.py:3677} INFO - Setting next_dagrun for latest_only to 2023-09-01T11:02:30.772372+00:00, run_after=2023-09-01T15:02:30.772372+00:00
[2023-09-01T15:02:30.800+0000] {processor.py:179} INFO - Processing /home/airflow/.local/lib/python3.8/site-packages/airflow/example_dags/example_latest_only.py took 0.117 seconds
[2023-09-01T15:03:00.907+0000] {processor.py:157} INFO - Started process (PID=1407) to work on /home/airflow/.local/lib/python3.8/site-packages/airflow/example_dags/example_latest_only.py
[2023-09-01T15:03:00.909+0000] {processor.py:829} INFO - Processing file /home/airflow/.local/lib/python3.8/site-packages/airflow/example_dags/example_latest_only.py for tasks to queue
[2023-09-01T15:03:00.913+0000] {logging_mixin.py:151} INFO - [2023-09-01T15:03:00.912+0000] {dagbag.py:539} INFO - Filling up the DagBag from /home/airflow/.local/lib/python3.8/site-packages/airflow/example_dags/example_latest_only.py
[2023-09-01T15:03:00.922+0000] {processor.py:839} INFO - DAG(s) dict_keys(['latest_only']) retrieved from /home/airflow/.local/lib/python3.8/site-packages/airflow/example_dags/example_latest_only.py
[2023-09-01T15:03:00.953+0000] {logging_mixin.py:151} INFO - [2023-09-01T15:03:00.952+0000] {dag.py:2907} INFO - Sync 1 DAGs
[2023-09-01T15:03:00.986+0000] {logging_mixin.py:151} INFO - [2023-09-01T15:03:00.985+0000] {dag.py:3677} INFO - Setting next_dagrun for latest_only to 2023-09-01T11:03:00.985319+00:00, run_after=2023-09-01T15:03:00.985319+00:00
[2023-09-01T15:03:01.011+0000] {processor.py:179} INFO - Processing /home/airflow/.local/lib/python3.8/site-packages/airflow/example_dags/example_latest_only.py took 0.109 seconds
[2023-09-01T15:03:31.308+0000] {processor.py:157} INFO - Started process (PID=1461) to work on /home/airflow/.local/lib/python3.8/site-packages/airflow/example_dags/example_latest_only.py
[2023-09-01T15:03:31.310+0000] {processor.py:829} INFO - Processing file /home/airflow/.local/lib/python3.8/site-packages/airflow/example_dags/example_latest_only.py for tasks to queue
[2023-09-01T15:03:31.314+0000] {logging_mixin.py:151} INFO - [2023-09-01T15:03:31.313+0000] {dagbag.py:539} INFO - Filling up the DagBag from /home/airflow/.local/lib/python3.8/site-packages/airflow/example_dags/example_latest_only.py
[2023-09-01T15:03:31.322+0000] {processor.py:839} INFO - DAG(s) dict_keys(['latest_only']) retrieved from /home/airflow/.local/lib/python3.8/site-packages/airflow/example_dags/example_latest_only.py
[2023-09-01T15:03:31.359+0000] {logging_mixin.py:151} INFO - [2023-09-01T15:03:31.359+0000] {dag.py:2907} INFO - Sync 1 DAGs
[2023-09-01T15:03:31.391+0000] {logging_mixin.py:151} INFO - [2023-09-01T15:03:31.391+0000] {dag.py:3677} INFO - Setting next_dagrun for latest_only to 2023-09-01T11:03:31.391218+00:00, run_after=2023-09-01T15:03:31.391218+00:00
[2023-09-01T15:03:31.419+0000] {processor.py:179} INFO - Processing /home/airflow/.local/lib/python3.8/site-packages/airflow/example_dags/example_latest_only.py took 0.116 seconds
[2023-09-01T15:04:01.496+0000] {processor.py:157} INFO - Started process (PID=1515) to work on /home/airflow/.local/lib/python3.8/site-packages/airflow/example_dags/example_latest_only.py
[2023-09-01T15:04:01.497+0000] {processor.py:829} INFO - Processing file /home/airflow/.local/lib/python3.8/site-packages/airflow/example_dags/example_latest_only.py for tasks to queue
[2023-09-01T15:04:01.501+0000] {logging_mixin.py:151} INFO - [2023-09-01T15:04:01.500+0000] {dagbag.py:539} INFO - Filling up the DagBag from /home/airflow/.local/lib/python3.8/site-packages/airflow/example_dags/example_latest_only.py
[2023-09-01T15:04:01.508+0000] {processor.py:839} INFO - DAG(s) dict_keys(['latest_only']) retrieved from /home/airflow/.local/lib/python3.8/site-packages/airflow/example_dags/example_latest_only.py
[2023-09-01T15:04:01.536+0000] {logging_mixin.py:151} INFO - [2023-09-01T15:04:01.536+0000] {dag.py:2907} INFO - Sync 1 DAGs
[2023-09-01T15:04:01.561+0000] {logging_mixin.py:151} INFO - [2023-09-01T15:04:01.561+0000] {dag.py:3677} INFO - Setting next_dagrun for latest_only to 2023-09-01T11:04:01.561484+00:00, run_after=2023-09-01T15:04:01.561484+00:00
[2023-09-01T15:04:01.580+0000] {processor.py:179} INFO - Processing /home/airflow/.local/lib/python3.8/site-packages/airflow/example_dags/example_latest_only.py took 0.090 seconds
[2023-09-01T15:04:31.829+0000] {processor.py:157} INFO - Started process (PID=1569) to work on /home/airflow/.local/lib/python3.8/site-packages/airflow/example_dags/example_latest_only.py
[2023-09-01T15:04:31.831+0000] {processor.py:829} INFO - Processing file /home/airflow/.local/lib/python3.8/site-packages/airflow/example_dags/example_latest_only.py for tasks to queue
[2023-09-01T15:04:31.835+0000] {logging_mixin.py:151} INFO - [2023-09-01T15:04:31.834+0000] {dagbag.py:539} INFO - Filling up the DagBag from /home/airflow/.local/lib/python3.8/site-packages/airflow/example_dags/example_latest_only.py
[2023-09-01T15:04:31.843+0000] {processor.py:839} INFO - DAG(s) dict_keys(['latest_only']) retrieved from /home/airflow/.local/lib/python3.8/site-packages/airflow/example_dags/example_latest_only.py
[2023-09-01T15:04:31.875+0000] {logging_mixin.py:151} INFO - [2023-09-01T15:04:31.875+0000] {dag.py:2907} INFO - Sync 1 DAGs
[2023-09-01T15:04:31.911+0000] {logging_mixin.py:151} INFO - [2023-09-01T15:04:31.910+0000] {dag.py:3677} INFO - Setting next_dagrun for latest_only to 2023-09-01T11:04:31.910305+00:00, run_after=2023-09-01T15:04:31.910305+00:00
[2023-09-01T15:04:31.938+0000] {processor.py:179} INFO - Processing /home/airflow/.local/lib/python3.8/site-packages/airflow/example_dags/example_latest_only.py took 0.114 seconds
[2023-09-01T15:05:02.016+0000] {processor.py:157} INFO - Started process (PID=1624) to work on /home/airflow/.local/lib/python3.8/site-packages/airflow/example_dags/example_latest_only.py
[2023-09-01T15:05:02.018+0000] {processor.py:829} INFO - Processing file /home/airflow/.local/lib/python3.8/site-packages/airflow/example_dags/example_latest_only.py for tasks to queue
[2023-09-01T15:05:02.022+0000] {logging_mixin.py:151} INFO - [2023-09-01T15:05:02.022+0000] {dagbag.py:539} INFO - Filling up the DagBag from /home/airflow/.local/lib/python3.8/site-packages/airflow/example_dags/example_latest_only.py
[2023-09-01T15:05:02.030+0000] {processor.py:839} INFO - DAG(s) dict_keys(['latest_only']) retrieved from /home/airflow/.local/lib/python3.8/site-packages/airflow/example_dags/example_latest_only.py
[2023-09-01T15:05:02.061+0000] {logging_mixin.py:151} INFO - [2023-09-01T15:05:02.060+0000] {dag.py:2907} INFO - Sync 1 DAGs
[2023-09-01T15:05:02.092+0000] {logging_mixin.py:151} INFO - [2023-09-01T15:05:02.092+0000] {dag.py:3677} INFO - Setting next_dagrun for latest_only to 2023-09-01T11:05:02.091786+00:00, run_after=2023-09-01T15:05:02.091786+00:00
[2023-09-01T15:05:02.119+0000] {processor.py:179} INFO - Processing /home/airflow/.local/lib/python3.8/site-packages/airflow/example_dags/example_latest_only.py took 0.109 seconds
[2023-09-01T15:05:32.351+0000] {processor.py:157} INFO - Started process (PID=1678) to work on /home/airflow/.local/lib/python3.8/site-packages/airflow/example_dags/example_latest_only.py
[2023-09-01T15:05:32.353+0000] {processor.py:829} INFO - Processing file /home/airflow/.local/lib/python3.8/site-packages/airflow/example_dags/example_latest_only.py for tasks to queue
[2023-09-01T15:05:32.357+0000] {logging_mixin.py:151} INFO - [2023-09-01T15:05:32.357+0000] {dagbag.py:539} INFO - Filling up the DagBag from /home/airflow/.local/lib/python3.8/site-packages/airflow/example_dags/example_latest_only.py
[2023-09-01T15:05:32.364+0000] {processor.py:839} INFO - DAG(s) dict_keys(['latest_only']) retrieved from /home/airflow/.local/lib/python3.8/site-packages/airflow/example_dags/example_latest_only.py
[2023-09-01T15:05:32.392+0000] {logging_mixin.py:151} INFO - [2023-09-01T15:05:32.392+0000] {dag.py:2907} INFO - Sync 1 DAGs
[2023-09-01T15:05:32.420+0000] {logging_mixin.py:151} INFO - [2023-09-01T15:05:32.419+0000] {dag.py:3677} INFO - Setting next_dagrun for latest_only to 2023-09-01T11:05:32.419572+00:00, run_after=2023-09-01T15:05:32.419572+00:00
[2023-09-01T15:05:32.438+0000] {processor.py:179} INFO - Processing /home/airflow/.local/lib/python3.8/site-packages/airflow/example_dags/example_latest_only.py took 0.092 seconds
[2023-09-01T15:06:02.557+0000] {processor.py:157} INFO - Started process (PID=1732) to work on /home/airflow/.local/lib/python3.8/site-packages/airflow/example_dags/example_latest_only.py
[2023-09-01T15:06:02.559+0000] {processor.py:829} INFO - Processing file /home/airflow/.local/lib/python3.8/site-packages/airflow/example_dags/example_latest_only.py for tasks to queue
[2023-09-01T15:06:02.562+0000] {logging_mixin.py:151} INFO - [2023-09-01T15:06:02.562+0000] {dagbag.py:539} INFO - Filling up the DagBag from /home/airflow/.local/lib/python3.8/site-packages/airflow/example_dags/example_latest_only.py
[2023-09-01T15:06:02.569+0000] {processor.py:839} INFO - DAG(s) dict_keys(['latest_only']) retrieved from /home/airflow/.local/lib/python3.8/site-packages/airflow/example_dags/example_latest_only.py
[2023-09-01T15:06:02.598+0000] {logging_mixin.py:151} INFO - [2023-09-01T15:06:02.598+0000] {dag.py:2907} INFO - Sync 1 DAGs
[2023-09-01T15:06:02.625+0000] {logging_mixin.py:151} INFO - [2023-09-01T15:06:02.625+0000] {dag.py:3677} INFO - Setting next_dagrun for latest_only to 2023-09-01T11:06:02.625039+00:00, run_after=2023-09-01T15:06:02.625039+00:00
[2023-09-01T15:06:02.644+0000] {processor.py:179} INFO - Processing /home/airflow/.local/lib/python3.8/site-packages/airflow/example_dags/example_latest_only.py took 0.092 seconds
[2023-09-01T15:06:32.803+0000] {processor.py:157} INFO - Started process (PID=1786) to work on /home/airflow/.local/lib/python3.8/site-packages/airflow/example_dags/example_latest_only.py
[2023-09-01T15:06:32.805+0000] {processor.py:829} INFO - Processing file /home/airflow/.local/lib/python3.8/site-packages/airflow/example_dags/example_latest_only.py for tasks to queue
[2023-09-01T15:06:32.808+0000] {logging_mixin.py:151} INFO - [2023-09-01T15:06:32.808+0000] {dagbag.py:539} INFO - Filling up the DagBag from /home/airflow/.local/lib/python3.8/site-packages/airflow/example_dags/example_latest_only.py
[2023-09-01T15:06:32.815+0000] {processor.py:839} INFO - DAG(s) dict_keys(['latest_only']) retrieved from /home/airflow/.local/lib/python3.8/site-packages/airflow/example_dags/example_latest_only.py
[2023-09-01T15:06:32.844+0000] {logging_mixin.py:151} INFO - [2023-09-01T15:06:32.843+0000] {dag.py:2907} INFO - Sync 1 DAGs
[2023-09-01T15:06:32.870+0000] {logging_mixin.py:151} INFO - [2023-09-01T15:06:32.870+0000] {dag.py:3677} INFO - Setting next_dagrun for latest_only to 2023-09-01T11:06:32.870344+00:00, run_after=2023-09-01T15:06:32.870344+00:00
[2023-09-01T15:06:32.889+0000] {processor.py:179} INFO - Processing /home/airflow/.local/lib/python3.8/site-packages/airflow/example_dags/example_latest_only.py took 0.090 seconds
[2023-09-01T15:07:02.960+0000] {processor.py:157} INFO - Started process (PID=1840) to work on /home/airflow/.local/lib/python3.8/site-packages/airflow/example_dags/example_latest_only.py
[2023-09-01T15:07:02.962+0000] {processor.py:829} INFO - Processing file /home/airflow/.local/lib/python3.8/site-packages/airflow/example_dags/example_latest_only.py for tasks to queue
[2023-09-01T15:07:02.965+0000] {logging_mixin.py:151} INFO - [2023-09-01T15:07:02.965+0000] {dagbag.py:539} INFO - Filling up the DagBag from /home/airflow/.local/lib/python3.8/site-packages/airflow/example_dags/example_latest_only.py
[2023-09-01T15:07:02.973+0000] {processor.py:839} INFO - DAG(s) dict_keys(['latest_only']) retrieved from /home/airflow/.local/lib/python3.8/site-packages/airflow/example_dags/example_latest_only.py
[2023-09-01T15:07:03.001+0000] {logging_mixin.py:151} INFO - [2023-09-01T15:07:03.001+0000] {dag.py:2907} INFO - Sync 1 DAGs
[2023-09-01T15:07:03.029+0000] {logging_mixin.py:151} INFO - [2023-09-01T15:07:03.029+0000] {dag.py:3677} INFO - Setting next_dagrun for latest_only to 2023-09-01T11:07:03.029362+00:00, run_after=2023-09-01T15:07:03.029362+00:00
[2023-09-01T15:07:03.048+0000] {processor.py:179} INFO - Processing /home/airflow/.local/lib/python3.8/site-packages/airflow/example_dags/example_latest_only.py took 0.093 seconds
[2023-09-01T15:07:33.089+0000] {processor.py:157} INFO - Started process (PID=1894) to work on /home/airflow/.local/lib/python3.8/site-packages/airflow/example_dags/example_latest_only.py
[2023-09-01T15:07:33.091+0000] {processor.py:829} INFO - Processing file /home/airflow/.local/lib/python3.8/site-packages/airflow/example_dags/example_latest_only.py for tasks to queue
[2023-09-01T15:07:33.094+0000] {logging_mixin.py:151} INFO - [2023-09-01T15:07:33.094+0000] {dagbag.py:539} INFO - Filling up the DagBag from /home/airflow/.local/lib/python3.8/site-packages/airflow/example_dags/example_latest_only.py
[2023-09-01T15:07:33.099+0000] {processor.py:839} INFO - DAG(s) dict_keys(['latest_only']) retrieved from /home/airflow/.local/lib/python3.8/site-packages/airflow/example_dags/example_latest_only.py
[2023-09-01T15:07:33.123+0000] {logging_mixin.py:151} INFO - [2023-09-01T15:07:33.123+0000] {dag.py:2907} INFO - Sync 1 DAGs
[2023-09-01T15:07:33.147+0000] {logging_mixin.py:151} INFO - [2023-09-01T15:07:33.147+0000] {dag.py:3677} INFO - Setting next_dagrun for latest_only to 2023-09-01T11:07:33.147429+00:00, run_after=2023-09-01T15:07:33.147429+00:00
[2023-09-01T15:07:33.167+0000] {processor.py:179} INFO - Processing /home/airflow/.local/lib/python3.8/site-packages/airflow/example_dags/example_latest_only.py took 0.082 seconds
[2023-09-01T15:08:03.473+0000] {processor.py:157} INFO - Started process (PID=1948) to work on /home/airflow/.local/lib/python3.8/site-packages/airflow/example_dags/example_latest_only.py
[2023-09-01T15:08:03.475+0000] {processor.py:829} INFO - Processing file /home/airflow/.local/lib/python3.8/site-packages/airflow/example_dags/example_latest_only.py for tasks to queue
[2023-09-01T15:08:03.479+0000] {logging_mixin.py:151} INFO - [2023-09-01T15:08:03.479+0000] {dagbag.py:539} INFO - Filling up the DagBag from /home/airflow/.local/lib/python3.8/site-packages/airflow/example_dags/example_latest_only.py
[2023-09-01T15:08:03.486+0000] {processor.py:839} INFO - DAG(s) dict_keys(['latest_only']) retrieved from /home/airflow/.local/lib/python3.8/site-packages/airflow/example_dags/example_latest_only.py
[2023-09-01T15:08:03.520+0000] {logging_mixin.py:151} INFO - [2023-09-01T15:08:03.520+0000] {dag.py:2907} INFO - Sync 1 DAGs
[2023-09-01T15:08:03.545+0000] {logging_mixin.py:151} INFO - [2023-09-01T15:08:03.545+0000] {dag.py:3677} INFO - Setting next_dagrun for latest_only to 2023-09-01T11:08:03.545173+00:00, run_after=2023-09-01T15:08:03.545173+00:00
[2023-09-01T15:08:03.564+0000] {processor.py:179} INFO - Processing /home/airflow/.local/lib/python3.8/site-packages/airflow/example_dags/example_latest_only.py took 0.096 seconds
[2023-09-01T15:08:33.849+0000] {processor.py:157} INFO - Started process (PID=2002) to work on /home/airflow/.local/lib/python3.8/site-packages/airflow/example_dags/example_latest_only.py
[2023-09-01T15:08:33.851+0000] {processor.py:829} INFO - Processing file /home/airflow/.local/lib/python3.8/site-packages/airflow/example_dags/example_latest_only.py for tasks to queue
[2023-09-01T15:08:33.856+0000] {logging_mixin.py:151} INFO - [2023-09-01T15:08:33.855+0000] {dagbag.py:539} INFO - Filling up the DagBag from /home/airflow/.local/lib/python3.8/site-packages/airflow/example_dags/example_latest_only.py
[2023-09-01T15:08:33.862+0000] {processor.py:839} INFO - DAG(s) dict_keys(['latest_only']) retrieved from /home/airflow/.local/lib/python3.8/site-packages/airflow/example_dags/example_latest_only.py
[2023-09-01T15:08:33.891+0000] {logging_mixin.py:151} INFO - [2023-09-01T15:08:33.891+0000] {dag.py:2907} INFO - Sync 1 DAGs
[2023-09-01T15:08:33.917+0000] {logging_mixin.py:151} INFO - [2023-09-01T15:08:33.917+0000] {dag.py:3677} INFO - Setting next_dagrun for latest_only to 2023-09-01T11:08:33.917022+00:00, run_after=2023-09-01T15:08:33.917022+00:00
[2023-09-01T15:08:33.936+0000] {processor.py:179} INFO - Processing /home/airflow/.local/lib/python3.8/site-packages/airflow/example_dags/example_latest_only.py took 0.091 seconds
[2023-09-01T15:09:04.198+0000] {processor.py:157} INFO - Started process (PID=2056) to work on /home/airflow/.local/lib/python3.8/site-packages/airflow/example_dags/example_latest_only.py
[2023-09-01T15:09:04.200+0000] {processor.py:829} INFO - Processing file /home/airflow/.local/lib/python3.8/site-packages/airflow/example_dags/example_latest_only.py for tasks to queue
[2023-09-01T15:09:04.204+0000] {logging_mixin.py:151} INFO - [2023-09-01T15:09:04.204+0000] {dagbag.py:539} INFO - Filling up the DagBag from /home/airflow/.local/lib/python3.8/site-packages/airflow/example_dags/example_latest_only.py
[2023-09-01T15:09:04.211+0000] {processor.py:839} INFO - DAG(s) dict_keys(['latest_only']) retrieved from /home/airflow/.local/lib/python3.8/site-packages/airflow/example_dags/example_latest_only.py
[2023-09-01T15:09:04.239+0000] {logging_mixin.py:151} INFO - [2023-09-01T15:09:04.239+0000] {dag.py:2907} INFO - Sync 1 DAGs
[2023-09-01T15:09:04.280+0000] {logging_mixin.py:151} INFO - [2023-09-01T15:09:04.280+0000] {dag.py:3677} INFO - Setting next_dagrun for latest_only to 2023-09-01T11:09:04.280013+00:00, run_after=2023-09-01T15:09:04.280013+00:00
[2023-09-01T15:09:04.300+0000] {processor.py:179} INFO - Processing /home/airflow/.local/lib/python3.8/site-packages/airflow/example_dags/example_latest_only.py took 0.107 seconds
[2023-09-01T15:09:35.230+0000] {processor.py:157} INFO - Started process (PID=2110) to work on /home/airflow/.local/lib/python3.8/site-packages/airflow/example_dags/example_latest_only.py
[2023-09-01T15:09:35.232+0000] {processor.py:829} INFO - Processing file /home/airflow/.local/lib/python3.8/site-packages/airflow/example_dags/example_latest_only.py for tasks to queue
[2023-09-01T15:09:35.236+0000] {logging_mixin.py:151} INFO - [2023-09-01T15:09:35.236+0000] {dagbag.py:539} INFO - Filling up the DagBag from /home/airflow/.local/lib/python3.8/site-packages/airflow/example_dags/example_latest_only.py
[2023-09-01T15:09:35.243+0000] {processor.py:839} INFO - DAG(s) dict_keys(['latest_only']) retrieved from /home/airflow/.local/lib/python3.8/site-packages/airflow/example_dags/example_latest_only.py
[2023-09-01T15:09:35.272+0000] {logging_mixin.py:151} INFO - [2023-09-01T15:09:35.272+0000] {dag.py:2907} INFO - Sync 1 DAGs
[2023-09-01T15:09:35.302+0000] {logging_mixin.py:151} INFO - [2023-09-01T15:09:35.301+0000] {dag.py:3677} INFO - Setting next_dagrun for latest_only to 2023-09-01T11:09:35.301558+00:00, run_after=2023-09-01T15:09:35.301558+00:00
[2023-09-01T15:09:35.324+0000] {processor.py:179} INFO - Processing /home/airflow/.local/lib/python3.8/site-packages/airflow/example_dags/example_latest_only.py took 0.099 seconds
[2023-09-01T15:10:05.652+0000] {processor.py:157} INFO - Started process (PID=2164) to work on /home/airflow/.local/lib/python3.8/site-packages/airflow/example_dags/example_latest_only.py
[2023-09-01T15:10:05.654+0000] {processor.py:829} INFO - Processing file /home/airflow/.local/lib/python3.8/site-packages/airflow/example_dags/example_latest_only.py for tasks to queue
[2023-09-01T15:10:05.659+0000] {logging_mixin.py:151} INFO - [2023-09-01T15:10:05.658+0000] {dagbag.py:539} INFO - Filling up the DagBag from /home/airflow/.local/lib/python3.8/site-packages/airflow/example_dags/example_latest_only.py
[2023-09-01T15:10:05.666+0000] {processor.py:839} INFO - DAG(s) dict_keys(['latest_only']) retrieved from /home/airflow/.local/lib/python3.8/site-packages/airflow/example_dags/example_latest_only.py
[2023-09-01T15:10:05.696+0000] {logging_mixin.py:151} INFO - [2023-09-01T15:10:05.695+0000] {dag.py:2907} INFO - Sync 1 DAGs
[2023-09-01T15:10:05.728+0000] {logging_mixin.py:151} INFO - [2023-09-01T15:10:05.727+0000] {dag.py:3677} INFO - Setting next_dagrun for latest_only to 2023-09-01T11:10:05.727578+00:00, run_after=2023-09-01T15:10:05.727578+00:00
[2023-09-01T15:10:05.754+0000] {processor.py:179} INFO - Processing /home/airflow/.local/lib/python3.8/site-packages/airflow/example_dags/example_latest_only.py took 0.106 seconds
[2023-09-01T15:10:36.165+0000] {processor.py:157} INFO - Started process (PID=2218) to work on /home/airflow/.local/lib/python3.8/site-packages/airflow/example_dags/example_latest_only.py
[2023-09-01T15:10:36.167+0000] {processor.py:829} INFO - Processing file /home/airflow/.local/lib/python3.8/site-packages/airflow/example_dags/example_latest_only.py for tasks to queue
[2023-09-01T15:10:36.171+0000] {logging_mixin.py:151} INFO - [2023-09-01T15:10:36.171+0000] {dagbag.py:539} INFO - Filling up the DagBag from /home/airflow/.local/lib/python3.8/site-packages/airflow/example_dags/example_latest_only.py
[2023-09-01T15:10:36.176+0000] {processor.py:839} INFO - DAG(s) dict_keys(['latest_only']) retrieved from /home/airflow/.local/lib/python3.8/site-packages/airflow/example_dags/example_latest_only.py
[2023-09-01T15:10:36.200+0000] {logging_mixin.py:151} INFO - [2023-09-01T15:10:36.200+0000] {dag.py:2907} INFO - Sync 1 DAGs
[2023-09-01T15:10:36.225+0000] {logging_mixin.py:151} INFO - [2023-09-01T15:10:36.225+0000] {dag.py:3677} INFO - Setting next_dagrun for latest_only to 2023-09-01T11:10:36.225356+00:00, run_after=2023-09-01T15:10:36.225356+00:00
[2023-09-01T15:10:36.248+0000] {processor.py:179} INFO - Processing /home/airflow/.local/lib/python3.8/site-packages/airflow/example_dags/example_latest_only.py took 0.086 seconds
[2023-09-01T15:11:06.490+0000] {processor.py:157} INFO - Started process (PID=2272) to work on /home/airflow/.local/lib/python3.8/site-packages/airflow/example_dags/example_latest_only.py
[2023-09-01T15:11:06.491+0000] {processor.py:829} INFO - Processing file /home/airflow/.local/lib/python3.8/site-packages/airflow/example_dags/example_latest_only.py for tasks to queue
[2023-09-01T15:11:06.496+0000] {logging_mixin.py:151} INFO - [2023-09-01T15:11:06.495+0000] {dagbag.py:539} INFO - Filling up the DagBag from /home/airflow/.local/lib/python3.8/site-packages/airflow/example_dags/example_latest_only.py
[2023-09-01T15:11:06.502+0000] {processor.py:839} INFO - DAG(s) dict_keys(['latest_only']) retrieved from /home/airflow/.local/lib/python3.8/site-packages/airflow/example_dags/example_latest_only.py
[2023-09-01T15:11:06.528+0000] {logging_mixin.py:151} INFO - [2023-09-01T15:11:06.527+0000] {dag.py:2907} INFO - Sync 1 DAGs
[2023-09-01T15:11:06.552+0000] {logging_mixin.py:151} INFO - [2023-09-01T15:11:06.552+0000] {dag.py:3677} INFO - Setting next_dagrun for latest_only to 2023-09-01T11:11:06.552019+00:00, run_after=2023-09-01T15:11:06.552019+00:00
[2023-09-01T15:11:06.571+0000] {processor.py:179} INFO - Processing /home/airflow/.local/lib/python3.8/site-packages/airflow/example_dags/example_latest_only.py took 0.086 seconds
[2023-09-01T15:11:36.799+0000] {processor.py:157} INFO - Started process (PID=2326) to work on /home/airflow/.local/lib/python3.8/site-packages/airflow/example_dags/example_latest_only.py
[2023-09-01T15:11:36.800+0000] {processor.py:829} INFO - Processing file /home/airflow/.local/lib/python3.8/site-packages/airflow/example_dags/example_latest_only.py for tasks to queue
[2023-09-01T15:11:36.805+0000] {logging_mixin.py:151} INFO - [2023-09-01T15:11:36.804+0000] {dagbag.py:539} INFO - Filling up the DagBag from /home/airflow/.local/lib/python3.8/site-packages/airflow/example_dags/example_latest_only.py
[2023-09-01T15:11:36.812+0000] {processor.py:839} INFO - DAG(s) dict_keys(['latest_only']) retrieved from /home/airflow/.local/lib/python3.8/site-packages/airflow/example_dags/example_latest_only.py
[2023-09-01T15:11:36.840+0000] {logging_mixin.py:151} INFO - [2023-09-01T15:11:36.840+0000] {dag.py:2907} INFO - Sync 1 DAGs
[2023-09-01T15:11:36.865+0000] {logging_mixin.py:151} INFO - [2023-09-01T15:11:36.865+0000] {dag.py:3677} INFO - Setting next_dagrun for latest_only to 2023-09-01T11:11:36.865256+00:00, run_after=2023-09-01T15:11:36.865256+00:00
[2023-09-01T15:11:36.884+0000] {processor.py:179} INFO - Processing /home/airflow/.local/lib/python3.8/site-packages/airflow/example_dags/example_latest_only.py took 0.090 seconds
[2023-09-01T15:12:06.916+0000] {processor.py:157} INFO - Started process (PID=2380) to work on /home/airflow/.local/lib/python3.8/site-packages/airflow/example_dags/example_latest_only.py
[2023-09-01T15:12:06.918+0000] {processor.py:829} INFO - Processing file /home/airflow/.local/lib/python3.8/site-packages/airflow/example_dags/example_latest_only.py for tasks to queue
[2023-09-01T15:12:06.921+0000] {logging_mixin.py:151} INFO - [2023-09-01T15:12:06.921+0000] {dagbag.py:539} INFO - Filling up the DagBag from /home/airflow/.local/lib/python3.8/site-packages/airflow/example_dags/example_latest_only.py
[2023-09-01T15:12:06.927+0000] {processor.py:839} INFO - DAG(s) dict_keys(['latest_only']) retrieved from /home/airflow/.local/lib/python3.8/site-packages/airflow/example_dags/example_latest_only.py
[2023-09-01T15:12:06.951+0000] {logging_mixin.py:151} INFO - [2023-09-01T15:12:06.950+0000] {dag.py:2907} INFO - Sync 1 DAGs
[2023-09-01T15:12:06.974+0000] {logging_mixin.py:151} INFO - [2023-09-01T15:12:06.974+0000] {dag.py:3677} INFO - Setting next_dagrun for latest_only to 2023-09-01T11:12:06.974278+00:00, run_after=2023-09-01T15:12:06.974278+00:00
[2023-09-01T15:12:06.993+0000] {processor.py:179} INFO - Processing /home/airflow/.local/lib/python3.8/site-packages/airflow/example_dags/example_latest_only.py took 0.081 seconds
[2023-09-01T15:12:37.079+0000] {processor.py:157} INFO - Started process (PID=2434) to work on /home/airflow/.local/lib/python3.8/site-packages/airflow/example_dags/example_latest_only.py
[2023-09-01T15:12:37.081+0000] {processor.py:829} INFO - Processing file /home/airflow/.local/lib/python3.8/site-packages/airflow/example_dags/example_latest_only.py for tasks to queue
[2023-09-01T15:12:37.083+0000] {logging_mixin.py:151} INFO - [2023-09-01T15:12:37.083+0000] {dagbag.py:539} INFO - Filling up the DagBag from /home/airflow/.local/lib/python3.8/site-packages/airflow/example_dags/example_latest_only.py
[2023-09-01T15:12:37.090+0000] {processor.py:839} INFO - DAG(s) dict_keys(['latest_only']) retrieved from /home/airflow/.local/lib/python3.8/site-packages/airflow/example_dags/example_latest_only.py
[2023-09-01T15:12:37.113+0000] {logging_mixin.py:151} INFO - [2023-09-01T15:12:37.113+0000] {dag.py:2907} INFO - Sync 1 DAGs
[2023-09-01T15:12:37.137+0000] {logging_mixin.py:151} INFO - [2023-09-01T15:12:37.137+0000] {dag.py:3677} INFO - Setting next_dagrun for latest_only to 2023-09-01T11:12:37.136882+00:00, run_after=2023-09-01T15:12:37.136882+00:00
[2023-09-01T15:12:37.156+0000] {processor.py:179} INFO - Processing /home/airflow/.local/lib/python3.8/site-packages/airflow/example_dags/example_latest_only.py took 0.081 seconds
[2023-09-01T15:13:07.445+0000] {processor.py:157} INFO - Started process (PID=2488) to work on /home/airflow/.local/lib/python3.8/site-packages/airflow/example_dags/example_latest_only.py
[2023-09-01T15:13:07.447+0000] {processor.py:829} INFO - Processing file /home/airflow/.local/lib/python3.8/site-packages/airflow/example_dags/example_latest_only.py for tasks to queue
[2023-09-01T15:13:07.449+0000] {logging_mixin.py:151} INFO - [2023-09-01T15:13:07.449+0000] {dagbag.py:539} INFO - Filling up the DagBag from /home/airflow/.local/lib/python3.8/site-packages/airflow/example_dags/example_latest_only.py
[2023-09-01T15:13:07.456+0000] {processor.py:839} INFO - DAG(s) dict_keys(['latest_only']) retrieved from /home/airflow/.local/lib/python3.8/site-packages/airflow/example_dags/example_latest_only.py
[2023-09-01T15:13:07.479+0000] {logging_mixin.py:151} INFO - [2023-09-01T15:13:07.479+0000] {dag.py:2907} INFO - Sync 1 DAGs
[2023-09-01T15:13:07.503+0000] {logging_mixin.py:151} INFO - [2023-09-01T15:13:07.503+0000] {dag.py:3677} INFO - Setting next_dagrun for latest_only to 2023-09-01T11:13:07.503354+00:00, run_after=2023-09-01T15:13:07.503354+00:00
[2023-09-01T15:13:07.524+0000] {processor.py:179} INFO - Processing /home/airflow/.local/lib/python3.8/site-packages/airflow/example_dags/example_latest_only.py took 0.083 seconds
[2023-09-01T15:13:38.184+0000] {processor.py:157} INFO - Started process (PID=2542) to work on /home/airflow/.local/lib/python3.8/site-packages/airflow/example_dags/example_latest_only.py
[2023-09-01T15:13:38.186+0000] {processor.py:829} INFO - Processing file /home/airflow/.local/lib/python3.8/site-packages/airflow/example_dags/example_latest_only.py for tasks to queue
[2023-09-01T15:13:38.190+0000] {logging_mixin.py:151} INFO - [2023-09-01T15:13:38.190+0000] {dagbag.py:539} INFO - Filling up the DagBag from /home/airflow/.local/lib/python3.8/site-packages/airflow/example_dags/example_latest_only.py
[2023-09-01T15:13:38.198+0000] {processor.py:839} INFO - DAG(s) dict_keys(['latest_only']) retrieved from /home/airflow/.local/lib/python3.8/site-packages/airflow/example_dags/example_latest_only.py
[2023-09-01T15:13:38.227+0000] {logging_mixin.py:151} INFO - [2023-09-01T15:13:38.227+0000] {dag.py:2907} INFO - Sync 1 DAGs
[2023-09-01T15:13:38.258+0000] {logging_mixin.py:151} INFO - [2023-09-01T15:13:38.257+0000] {dag.py:3677} INFO - Setting next_dagrun for latest_only to 2023-09-01T11:13:38.257572+00:00, run_after=2023-09-01T15:13:38.257572+00:00
[2023-09-01T15:13:38.284+0000] {processor.py:179} INFO - Processing /home/airflow/.local/lib/python3.8/site-packages/airflow/example_dags/example_latest_only.py took 0.105 seconds
[2023-09-01T15:14:08.392+0000] {processor.py:157} INFO - Started process (PID=2596) to work on /home/airflow/.local/lib/python3.8/site-packages/airflow/example_dags/example_latest_only.py
[2023-09-01T15:14:08.393+0000] {processor.py:829} INFO - Processing file /home/airflow/.local/lib/python3.8/site-packages/airflow/example_dags/example_latest_only.py for tasks to queue
[2023-09-01T15:14:08.396+0000] {logging_mixin.py:151} INFO - [2023-09-01T15:14:08.396+0000] {dagbag.py:539} INFO - Filling up the DagBag from /home/airflow/.local/lib/python3.8/site-packages/airflow/example_dags/example_latest_only.py
[2023-09-01T15:14:08.402+0000] {processor.py:839} INFO - DAG(s) dict_keys(['latest_only']) retrieved from /home/airflow/.local/lib/python3.8/site-packages/airflow/example_dags/example_latest_only.py
[2023-09-01T15:14:08.426+0000] {logging_mixin.py:151} INFO - [2023-09-01T15:14:08.426+0000] {dag.py:2907} INFO - Sync 1 DAGs
[2023-09-01T15:14:08.449+0000] {logging_mixin.py:151} INFO - [2023-09-01T15:14:08.449+0000] {dag.py:3677} INFO - Setting next_dagrun for latest_only to 2023-09-01T11:14:08.449545+00:00, run_after=2023-09-01T15:14:08.449545+00:00
[2023-09-01T15:14:08.469+0000] {processor.py:179} INFO - Processing /home/airflow/.local/lib/python3.8/site-packages/airflow/example_dags/example_latest_only.py took 0.081 seconds
[2023-09-01T15:14:39.353+0000] {processor.py:157} INFO - Started process (PID=2650) to work on /home/airflow/.local/lib/python3.8/site-packages/airflow/example_dags/example_latest_only.py
[2023-09-01T15:14:39.354+0000] {processor.py:829} INFO - Processing file /home/airflow/.local/lib/python3.8/site-packages/airflow/example_dags/example_latest_only.py for tasks to queue
[2023-09-01T15:14:39.357+0000] {logging_mixin.py:151} INFO - [2023-09-01T15:14:39.357+0000] {dagbag.py:539} INFO - Filling up the DagBag from /home/airflow/.local/lib/python3.8/site-packages/airflow/example_dags/example_latest_only.py
[2023-09-01T15:14:39.364+0000] {processor.py:839} INFO - DAG(s) dict_keys(['latest_only']) retrieved from /home/airflow/.local/lib/python3.8/site-packages/airflow/example_dags/example_latest_only.py
[2023-09-01T15:14:39.387+0000] {logging_mixin.py:151} INFO - [2023-09-01T15:14:39.387+0000] {dag.py:2907} INFO - Sync 1 DAGs
[2023-09-01T15:14:39.411+0000] {logging_mixin.py:151} INFO - [2023-09-01T15:14:39.410+0000] {dag.py:3677} INFO - Setting next_dagrun for latest_only to 2023-09-01T11:14:39.410571+00:00, run_after=2023-09-01T15:14:39.410571+00:00
[2023-09-01T15:14:39.430+0000] {processor.py:179} INFO - Processing /home/airflow/.local/lib/python3.8/site-packages/airflow/example_dags/example_latest_only.py took 0.081 seconds
[2023-09-01T15:15:10.358+0000] {processor.py:157} INFO - Started process (PID=2704) to work on /home/airflow/.local/lib/python3.8/site-packages/airflow/example_dags/example_latest_only.py
[2023-09-01T15:15:10.359+0000] {processor.py:829} INFO - Processing file /home/airflow/.local/lib/python3.8/site-packages/airflow/example_dags/example_latest_only.py for tasks to queue
[2023-09-01T15:15:10.363+0000] {logging_mixin.py:151} INFO - [2023-09-01T15:15:10.362+0000] {dagbag.py:539} INFO - Filling up the DagBag from /home/airflow/.local/lib/python3.8/site-packages/airflow/example_dags/example_latest_only.py
[2023-09-01T15:15:10.369+0000] {processor.py:839} INFO - DAG(s) dict_keys(['latest_only']) retrieved from /home/airflow/.local/lib/python3.8/site-packages/airflow/example_dags/example_latest_only.py
[2023-09-01T15:15:10.392+0000] {logging_mixin.py:151} INFO - [2023-09-01T15:15:10.391+0000] {dag.py:2907} INFO - Sync 1 DAGs
[2023-09-01T15:15:10.416+0000] {logging_mixin.py:151} INFO - [2023-09-01T15:15:10.416+0000] {dag.py:3677} INFO - Setting next_dagrun for latest_only to 2023-09-01T11:15:10.415873+00:00, run_after=2023-09-01T15:15:10.415873+00:00
[2023-09-01T15:15:10.436+0000] {processor.py:179} INFO - Processing /home/airflow/.local/lib/python3.8/site-packages/airflow/example_dags/example_latest_only.py took 0.082 seconds
[2023-09-01T15:15:40.718+0000] {processor.py:157} INFO - Started process (PID=2758) to work on /home/airflow/.local/lib/python3.8/site-packages/airflow/example_dags/example_latest_only.py
[2023-09-01T15:15:40.720+0000] {processor.py:829} INFO - Processing file /home/airflow/.local/lib/python3.8/site-packages/airflow/example_dags/example_latest_only.py for tasks to queue
[2023-09-01T15:15:40.723+0000] {logging_mixin.py:151} INFO - [2023-09-01T15:15:40.723+0000] {dagbag.py:539} INFO - Filling up the DagBag from /home/airflow/.local/lib/python3.8/site-packages/airflow/example_dags/example_latest_only.py
[2023-09-01T15:15:40.729+0000] {processor.py:839} INFO - DAG(s) dict_keys(['latest_only']) retrieved from /home/airflow/.local/lib/python3.8/site-packages/airflow/example_dags/example_latest_only.py
[2023-09-01T15:15:40.752+0000] {logging_mixin.py:151} INFO - [2023-09-01T15:15:40.752+0000] {dag.py:2907} INFO - Sync 1 DAGs
[2023-09-01T15:15:40.778+0000] {logging_mixin.py:151} INFO - [2023-09-01T15:15:40.777+0000] {dag.py:3677} INFO - Setting next_dagrun for latest_only to 2023-09-01T11:15:40.777572+00:00, run_after=2023-09-01T15:15:40.777572+00:00
[2023-09-01T15:15:40.794+0000] {processor.py:179} INFO - Processing /home/airflow/.local/lib/python3.8/site-packages/airflow/example_dags/example_latest_only.py took 0.080 seconds
[2023-09-01T15:16:11.802+0000] {processor.py:157} INFO - Started process (PID=2812) to work on /home/airflow/.local/lib/python3.8/site-packages/airflow/example_dags/example_latest_only.py
[2023-09-01T15:16:11.803+0000] {processor.py:829} INFO - Processing file /home/airflow/.local/lib/python3.8/site-packages/airflow/example_dags/example_latest_only.py for tasks to queue
[2023-09-01T15:16:11.806+0000] {logging_mixin.py:151} INFO - [2023-09-01T15:16:11.806+0000] {dagbag.py:539} INFO - Filling up the DagBag from /home/airflow/.local/lib/python3.8/site-packages/airflow/example_dags/example_latest_only.py
[2023-09-01T15:16:11.812+0000] {processor.py:839} INFO - DAG(s) dict_keys(['latest_only']) retrieved from /home/airflow/.local/lib/python3.8/site-packages/airflow/example_dags/example_latest_only.py
[2023-09-01T15:16:11.836+0000] {logging_mixin.py:151} INFO - [2023-09-01T15:16:11.835+0000] {dag.py:2907} INFO - Sync 1 DAGs
[2023-09-01T15:16:11.859+0000] {logging_mixin.py:151} INFO - [2023-09-01T15:16:11.859+0000] {dag.py:3677} INFO - Setting next_dagrun for latest_only to 2023-09-01T11:16:11.859485+00:00, run_after=2023-09-01T15:16:11.859485+00:00
[2023-09-01T15:16:11.878+0000] {processor.py:179} INFO - Processing /home/airflow/.local/lib/python3.8/site-packages/airflow/example_dags/example_latest_only.py took 0.081 seconds
[2023-09-01T15:16:42.326+0000] {processor.py:157} INFO - Started process (PID=2867) to work on /home/airflow/.local/lib/python3.8/site-packages/airflow/example_dags/example_latest_only.py
[2023-09-01T15:16:42.327+0000] {processor.py:829} INFO - Processing file /home/airflow/.local/lib/python3.8/site-packages/airflow/example_dags/example_latest_only.py for tasks to queue
[2023-09-01T15:16:42.332+0000] {logging_mixin.py:151} INFO - [2023-09-01T15:16:42.332+0000] {dagbag.py:539} INFO - Filling up the DagBag from /home/airflow/.local/lib/python3.8/site-packages/airflow/example_dags/example_latest_only.py
[2023-09-01T15:16:42.340+0000] {processor.py:839} INFO - DAG(s) dict_keys(['latest_only']) retrieved from /home/airflow/.local/lib/python3.8/site-packages/airflow/example_dags/example_latest_only.py
[2023-09-01T15:16:42.370+0000] {logging_mixin.py:151} INFO - [2023-09-01T15:16:42.370+0000] {dag.py:2907} INFO - Sync 1 DAGs
[2023-09-01T15:16:42.400+0000] {logging_mixin.py:151} INFO - [2023-09-01T15:16:42.400+0000] {dag.py:3677} INFO - Setting next_dagrun for latest_only to 2023-09-01T11:16:42.399877+00:00, run_after=2023-09-01T15:16:42.399877+00:00
[2023-09-01T15:16:42.426+0000] {processor.py:179} INFO - Processing /home/airflow/.local/lib/python3.8/site-packages/airflow/example_dags/example_latest_only.py took 0.105 seconds
[2023-09-01T15:17:12.872+0000] {processor.py:157} INFO - Started process (PID=2922) to work on /home/airflow/.local/lib/python3.8/site-packages/airflow/example_dags/example_latest_only.py
[2023-09-01T15:17:12.873+0000] {processor.py:829} INFO - Processing file /home/airflow/.local/lib/python3.8/site-packages/airflow/example_dags/example_latest_only.py for tasks to queue
[2023-09-01T15:17:12.877+0000] {logging_mixin.py:151} INFO - [2023-09-01T15:17:12.876+0000] {dagbag.py:539} INFO - Filling up the DagBag from /home/airflow/.local/lib/python3.8/site-packages/airflow/example_dags/example_latest_only.py
[2023-09-01T15:17:12.884+0000] {processor.py:839} INFO - DAG(s) dict_keys(['latest_only']) retrieved from /home/airflow/.local/lib/python3.8/site-packages/airflow/example_dags/example_latest_only.py
[2023-09-01T15:17:12.909+0000] {logging_mixin.py:151} INFO - [2023-09-01T15:17:12.909+0000] {dag.py:2907} INFO - Sync 1 DAGs
[2023-09-01T15:17:12.937+0000] {logging_mixin.py:151} INFO - [2023-09-01T15:17:12.936+0000] {dag.py:3677} INFO - Setting next_dagrun for latest_only to 2023-09-01T11:17:12.936601+00:00, run_after=2023-09-01T15:17:12.936601+00:00
[2023-09-01T15:17:12.958+0000] {processor.py:179} INFO - Processing /home/airflow/.local/lib/python3.8/site-packages/airflow/example_dags/example_latest_only.py took 0.091 seconds
[2023-09-01T15:17:43.360+0000] {processor.py:157} INFO - Started process (PID=2976) to work on /home/airflow/.local/lib/python3.8/site-packages/airflow/example_dags/example_latest_only.py
[2023-09-01T15:17:43.362+0000] {processor.py:829} INFO - Processing file /home/airflow/.local/lib/python3.8/site-packages/airflow/example_dags/example_latest_only.py for tasks to queue
[2023-09-01T15:17:43.365+0000] {logging_mixin.py:151} INFO - [2023-09-01T15:17:43.365+0000] {dagbag.py:539} INFO - Filling up the DagBag from /home/airflow/.local/lib/python3.8/site-packages/airflow/example_dags/example_latest_only.py
[2023-09-01T15:17:43.371+0000] {processor.py:839} INFO - DAG(s) dict_keys(['latest_only']) retrieved from /home/airflow/.local/lib/python3.8/site-packages/airflow/example_dags/example_latest_only.py
[2023-09-01T15:17:43.394+0000] {logging_mixin.py:151} INFO - [2023-09-01T15:17:43.394+0000] {dag.py:2907} INFO - Sync 1 DAGs
[2023-09-01T15:17:43.420+0000] {logging_mixin.py:151} INFO - [2023-09-01T15:17:43.419+0000] {dag.py:3677} INFO - Setting next_dagrun for latest_only to 2023-09-01T11:17:43.419493+00:00, run_after=2023-09-01T15:17:43.419493+00:00
[2023-09-01T15:17:43.438+0000] {processor.py:179} INFO - Processing /home/airflow/.local/lib/python3.8/site-packages/airflow/example_dags/example_latest_only.py took 0.082 seconds
[2023-09-01T15:18:14.370+0000] {processor.py:157} INFO - Started process (PID=3030) to work on /home/airflow/.local/lib/python3.8/site-packages/airflow/example_dags/example_latest_only.py
[2023-09-01T15:18:14.371+0000] {processor.py:829} INFO - Processing file /home/airflow/.local/lib/python3.8/site-packages/airflow/example_dags/example_latest_only.py for tasks to queue
[2023-09-01T15:18:14.376+0000] {logging_mixin.py:151} INFO - [2023-09-01T15:18:14.375+0000] {dagbag.py:539} INFO - Filling up the DagBag from /home/airflow/.local/lib/python3.8/site-packages/airflow/example_dags/example_latest_only.py
[2023-09-01T15:18:14.383+0000] {processor.py:839} INFO - DAG(s) dict_keys(['latest_only']) retrieved from /home/airflow/.local/lib/python3.8/site-packages/airflow/example_dags/example_latest_only.py
[2023-09-01T15:18:14.410+0000] {logging_mixin.py:151} INFO - [2023-09-01T15:18:14.410+0000] {dag.py:2907} INFO - Sync 1 DAGs
[2023-09-01T15:18:14.436+0000] {logging_mixin.py:151} INFO - [2023-09-01T15:18:14.436+0000] {dag.py:3677} INFO - Setting next_dagrun for latest_only to 2023-09-01T11:18:14.436052+00:00, run_after=2023-09-01T15:18:14.436052+00:00
[2023-09-01T15:18:14.455+0000] {processor.py:179} INFO - Processing /home/airflow/.local/lib/python3.8/site-packages/airflow/example_dags/example_latest_only.py took 0.091 seconds
[2023-09-01T15:18:45.096+0000] {processor.py:157} INFO - Started process (PID=3084) to work on /home/airflow/.local/lib/python3.8/site-packages/airflow/example_dags/example_latest_only.py
[2023-09-01T15:18:45.097+0000] {processor.py:829} INFO - Processing file /home/airflow/.local/lib/python3.8/site-packages/airflow/example_dags/example_latest_only.py for tasks to queue
[2023-09-01T15:18:45.101+0000] {logging_mixin.py:151} INFO - [2023-09-01T15:18:45.100+0000] {dagbag.py:539} INFO - Filling up the DagBag from /home/airflow/.local/lib/python3.8/site-packages/airflow/example_dags/example_latest_only.py
[2023-09-01T15:18:45.107+0000] {processor.py:839} INFO - DAG(s) dict_keys(['latest_only']) retrieved from /home/airflow/.local/lib/python3.8/site-packages/airflow/example_dags/example_latest_only.py
[2023-09-01T15:18:45.130+0000] {logging_mixin.py:151} INFO - [2023-09-01T15:18:45.130+0000] {dag.py:2907} INFO - Sync 1 DAGs
[2023-09-01T15:18:45.154+0000] {logging_mixin.py:151} INFO - [2023-09-01T15:18:45.154+0000] {dag.py:3677} INFO - Setting next_dagrun for latest_only to 2023-09-01T11:18:45.154422+00:00, run_after=2023-09-01T15:18:45.154422+00:00
[2023-09-01T15:18:45.174+0000] {processor.py:179} INFO - Processing /home/airflow/.local/lib/python3.8/site-packages/airflow/example_dags/example_latest_only.py took 0.082 seconds
[2023-09-01T15:19:15.599+0000] {processor.py:157} INFO - Started process (PID=3138) to work on /home/airflow/.local/lib/python3.8/site-packages/airflow/example_dags/example_latest_only.py
[2023-09-01T15:19:15.600+0000] {processor.py:829} INFO - Processing file /home/airflow/.local/lib/python3.8/site-packages/airflow/example_dags/example_latest_only.py for tasks to queue
[2023-09-01T15:19:15.604+0000] {logging_mixin.py:151} INFO - [2023-09-01T15:19:15.603+0000] {dagbag.py:539} INFO - Filling up the DagBag from /home/airflow/.local/lib/python3.8/site-packages/airflow/example_dags/example_latest_only.py
[2023-09-01T15:19:15.610+0000] {processor.py:839} INFO - DAG(s) dict_keys(['latest_only']) retrieved from /home/airflow/.local/lib/python3.8/site-packages/airflow/example_dags/example_latest_only.py
[2023-09-01T15:19:15.634+0000] {logging_mixin.py:151} INFO - [2023-09-01T15:19:15.634+0000] {dag.py:2907} INFO - Sync 1 DAGs
[2023-09-01T15:19:15.658+0000] {logging_mixin.py:151} INFO - [2023-09-01T15:19:15.658+0000] {dag.py:3677} INFO - Setting next_dagrun for latest_only to 2023-09-01T11:19:15.658355+00:00, run_after=2023-09-01T15:19:15.658355+00:00
[2023-09-01T15:19:15.678+0000] {processor.py:179} INFO - Processing /home/airflow/.local/lib/python3.8/site-packages/airflow/example_dags/example_latest_only.py took 0.084 seconds
[2023-09-01T15:19:46.245+0000] {processor.py:157} INFO - Started process (PID=3192) to work on /home/airflow/.local/lib/python3.8/site-packages/airflow/example_dags/example_latest_only.py
[2023-09-01T15:19:46.246+0000] {processor.py:829} INFO - Processing file /home/airflow/.local/lib/python3.8/site-packages/airflow/example_dags/example_latest_only.py for tasks to queue
[2023-09-01T15:19:46.250+0000] {logging_mixin.py:151} INFO - [2023-09-01T15:19:46.250+0000] {dagbag.py:539} INFO - Filling up the DagBag from /home/airflow/.local/lib/python3.8/site-packages/airflow/example_dags/example_latest_only.py
[2023-09-01T15:19:46.256+0000] {processor.py:839} INFO - DAG(s) dict_keys(['latest_only']) retrieved from /home/airflow/.local/lib/python3.8/site-packages/airflow/example_dags/example_latest_only.py
[2023-09-01T15:19:46.279+0000] {logging_mixin.py:151} INFO - [2023-09-01T15:19:46.279+0000] {dag.py:2907} INFO - Sync 1 DAGs
[2023-09-01T15:19:46.303+0000] {logging_mixin.py:151} INFO - [2023-09-01T15:19:46.303+0000] {dag.py:3677} INFO - Setting next_dagrun for latest_only to 2023-09-01T11:19:46.302790+00:00, run_after=2023-09-01T15:19:46.302790+00:00
[2023-09-01T15:19:46.322+0000] {processor.py:179} INFO - Processing /home/airflow/.local/lib/python3.8/site-packages/airflow/example_dags/example_latest_only.py took 0.082 seconds
[2023-09-01T15:20:16.696+0000] {processor.py:157} INFO - Started process (PID=3246) to work on /home/airflow/.local/lib/python3.8/site-packages/airflow/example_dags/example_latest_only.py
[2023-09-01T15:20:16.697+0000] {processor.py:829} INFO - Processing file /home/airflow/.local/lib/python3.8/site-packages/airflow/example_dags/example_latest_only.py for tasks to queue
[2023-09-01T15:20:16.701+0000] {logging_mixin.py:151} INFO - [2023-09-01T15:20:16.700+0000] {dagbag.py:539} INFO - Filling up the DagBag from /home/airflow/.local/lib/python3.8/site-packages/airflow/example_dags/example_latest_only.py
[2023-09-01T15:20:16.706+0000] {processor.py:839} INFO - DAG(s) dict_keys(['latest_only']) retrieved from /home/airflow/.local/lib/python3.8/site-packages/airflow/example_dags/example_latest_only.py
[2023-09-01T15:20:16.729+0000] {logging_mixin.py:151} INFO - [2023-09-01T15:20:16.729+0000] {dag.py:2907} INFO - Sync 1 DAGs
[2023-09-01T15:20:16.752+0000] {logging_mixin.py:151} INFO - [2023-09-01T15:20:16.752+0000] {dag.py:3677} INFO - Setting next_dagrun for latest_only to 2023-09-01T11:20:16.752473+00:00, run_after=2023-09-01T15:20:16.752473+00:00
[2023-09-01T15:20:16.772+0000] {processor.py:179} INFO - Processing /home/airflow/.local/lib/python3.8/site-packages/airflow/example_dags/example_latest_only.py took 0.080 seconds
[2023-09-01T15:20:47.308+0000] {processor.py:157} INFO - Started process (PID=3300) to work on /home/airflow/.local/lib/python3.8/site-packages/airflow/example_dags/example_latest_only.py
[2023-09-01T15:20:47.309+0000] {processor.py:829} INFO - Processing file /home/airflow/.local/lib/python3.8/site-packages/airflow/example_dags/example_latest_only.py for tasks to queue
[2023-09-01T15:20:47.313+0000] {logging_mixin.py:151} INFO - [2023-09-01T15:20:47.312+0000] {dagbag.py:539} INFO - Filling up the DagBag from /home/airflow/.local/lib/python3.8/site-packages/airflow/example_dags/example_latest_only.py
[2023-09-01T15:20:47.318+0000] {processor.py:839} INFO - DAG(s) dict_keys(['latest_only']) retrieved from /home/airflow/.local/lib/python3.8/site-packages/airflow/example_dags/example_latest_only.py
[2023-09-01T15:20:47.342+0000] {logging_mixin.py:151} INFO - [2023-09-01T15:20:47.342+0000] {dag.py:2907} INFO - Sync 1 DAGs
[2023-09-01T15:20:47.366+0000] {logging_mixin.py:151} INFO - [2023-09-01T15:20:47.366+0000] {dag.py:3677} INFO - Setting next_dagrun for latest_only to 2023-09-01T11:20:47.366157+00:00, run_after=2023-09-01T15:20:47.366157+00:00
[2023-09-01T15:20:47.385+0000] {processor.py:179} INFO - Processing /home/airflow/.local/lib/python3.8/site-packages/airflow/example_dags/example_latest_only.py took 0.082 seconds
[2023-09-01T15:21:17.894+0000] {processor.py:157} INFO - Started process (PID=3354) to work on /home/airflow/.local/lib/python3.8/site-packages/airflow/example_dags/example_latest_only.py
[2023-09-01T15:21:17.896+0000] {processor.py:829} INFO - Processing file /home/airflow/.local/lib/python3.8/site-packages/airflow/example_dags/example_latest_only.py for tasks to queue
[2023-09-01T15:21:17.899+0000] {logging_mixin.py:151} INFO - [2023-09-01T15:21:17.899+0000] {dagbag.py:539} INFO - Filling up the DagBag from /home/airflow/.local/lib/python3.8/site-packages/airflow/example_dags/example_latest_only.py
[2023-09-01T15:21:17.905+0000] {processor.py:839} INFO - DAG(s) dict_keys(['latest_only']) retrieved from /home/airflow/.local/lib/python3.8/site-packages/airflow/example_dags/example_latest_only.py
[2023-09-01T15:21:17.928+0000] {logging_mixin.py:151} INFO - [2023-09-01T15:21:17.928+0000] {dag.py:2907} INFO - Sync 1 DAGs
[2023-09-01T15:21:17.953+0000] {logging_mixin.py:151} INFO - [2023-09-01T15:21:17.953+0000] {dag.py:3677} INFO - Setting next_dagrun for latest_only to 2023-09-01T11:21:17.952763+00:00, run_after=2023-09-01T15:21:17.952763+00:00
[2023-09-01T15:21:17.975+0000] {processor.py:179} INFO - Processing /home/airflow/.local/lib/python3.8/site-packages/airflow/example_dags/example_latest_only.py took 0.085 seconds
[2023-09-01T15:21:48.644+0000] {processor.py:157} INFO - Started process (PID=3408) to work on /home/airflow/.local/lib/python3.8/site-packages/airflow/example_dags/example_latest_only.py
[2023-09-01T15:21:48.645+0000] {processor.py:829} INFO - Processing file /home/airflow/.local/lib/python3.8/site-packages/airflow/example_dags/example_latest_only.py for tasks to queue
[2023-09-01T15:21:48.649+0000] {logging_mixin.py:151} INFO - [2023-09-01T15:21:48.649+0000] {dagbag.py:539} INFO - Filling up the DagBag from /home/airflow/.local/lib/python3.8/site-packages/airflow/example_dags/example_latest_only.py
[2023-09-01T15:21:48.655+0000] {processor.py:839} INFO - DAG(s) dict_keys(['latest_only']) retrieved from /home/airflow/.local/lib/python3.8/site-packages/airflow/example_dags/example_latest_only.py
[2023-09-01T15:21:48.679+0000] {logging_mixin.py:151} INFO - [2023-09-01T15:21:48.679+0000] {dag.py:2907} INFO - Sync 1 DAGs
[2023-09-01T15:21:48.704+0000] {logging_mixin.py:151} INFO - [2023-09-01T15:21:48.703+0000] {dag.py:3677} INFO - Setting next_dagrun for latest_only to 2023-09-01T11:21:48.703650+00:00, run_after=2023-09-01T15:21:48.703650+00:00
[2023-09-01T15:21:48.723+0000] {processor.py:179} INFO - Processing /home/airflow/.local/lib/python3.8/site-packages/airflow/example_dags/example_latest_only.py took 0.083 seconds
