[2023-09-01T14:50:25.002+0000] {processor.py:157} INFO - Started process (PID=74) to work on /home/airflow/.local/lib/python3.8/site-packages/airflow/example_dags/example_sensors.py
[2023-09-01T14:50:25.003+0000] {processor.py:829} INFO - Processing file /home/airflow/.local/lib/python3.8/site-packages/airflow/example_dags/example_sensors.py for tasks to queue
[2023-09-01T14:50:25.008+0000] {logging_mixin.py:151} INFO - [2023-09-01T14:50:25.008+0000] {dagbag.py:539} INFO - Filling up the DagBag from /home/airflow/.local/lib/python3.8/site-packages/airflow/example_dags/example_sensors.py
[2023-09-01T14:50:25.024+0000] {processor.py:839} INFO - DAG(s) dict_keys(['example_sensors']) retrieved from /home/airflow/.local/lib/python3.8/site-packages/airflow/example_dags/example_sensors.py
[2023-09-01T14:50:25.163+0000] {logging_mixin.py:151} INFO - [2023-09-01T14:50:25.163+0000] {manager.py:501} INFO - Created Permission View: can read on DAG:example_sensors
[2023-09-01T14:50:25.176+0000] {logging_mixin.py:151} INFO - [2023-09-01T14:50:25.176+0000] {manager.py:501} INFO - Created Permission View: can edit on DAG:example_sensors
[2023-09-01T14:50:25.187+0000] {logging_mixin.py:151} INFO - [2023-09-01T14:50:25.187+0000] {manager.py:501} INFO - Created Permission View: can delete on DAG:example_sensors
[2023-09-01T14:50:25.205+0000] {logging_mixin.py:151} INFO - [2023-09-01T14:50:25.205+0000] {dag.py:2907} INFO - Sync 1 DAGs
[2023-09-01T14:50:25.222+0000] {logging_mixin.py:151} INFO - [2023-09-01T14:50:25.221+0000] {dag.py:2929} INFO - Creating ORM DAG for example_sensors
[2023-09-01T14:50:25.223+0000] {logging_mixin.py:151} INFO - [2023-09-01T14:50:25.223+0000] {dag.py:3677} INFO - Setting next_dagrun for example_sensors to None, run_after=None
[2023-09-01T14:50:25.246+0000] {processor.py:179} INFO - Processing /home/airflow/.local/lib/python3.8/site-packages/airflow/example_dags/example_sensors.py took 0.249 seconds
[2023-09-01T14:50:55.521+0000] {processor.py:157} INFO - Started process (PID=127) to work on /home/airflow/.local/lib/python3.8/site-packages/airflow/example_dags/example_sensors.py
[2023-09-01T14:50:55.523+0000] {processor.py:829} INFO - Processing file /home/airflow/.local/lib/python3.8/site-packages/airflow/example_dags/example_sensors.py for tasks to queue
[2023-09-01T14:50:55.527+0000] {logging_mixin.py:151} INFO - [2023-09-01T14:50:55.527+0000] {dagbag.py:539} INFO - Filling up the DagBag from /home/airflow/.local/lib/python3.8/site-packages/airflow/example_dags/example_sensors.py
[2023-09-01T14:50:55.545+0000] {processor.py:839} INFO - DAG(s) dict_keys(['example_sensors']) retrieved from /home/airflow/.local/lib/python3.8/site-packages/airflow/example_dags/example_sensors.py
[2023-09-01T14:50:55.598+0000] {logging_mixin.py:151} INFO - [2023-09-01T14:50:55.597+0000] {dag.py:2907} INFO - Sync 1 DAGs
[2023-09-01T14:50:55.622+0000] {logging_mixin.py:151} INFO - [2023-09-01T14:50:55.622+0000] {dag.py:3677} INFO - Setting next_dagrun for example_sensors to None, run_after=None
[2023-09-01T14:50:55.654+0000] {processor.py:179} INFO - Processing /home/airflow/.local/lib/python3.8/site-packages/airflow/example_dags/example_sensors.py took 0.138 seconds
[2023-09-01T14:51:26.017+0000] {processor.py:157} INFO - Started process (PID=188) to work on /home/airflow/.local/lib/python3.8/site-packages/airflow/example_dags/example_sensors.py
[2023-09-01T14:51:26.018+0000] {processor.py:829} INFO - Processing file /home/airflow/.local/lib/python3.8/site-packages/airflow/example_dags/example_sensors.py for tasks to queue
[2023-09-01T14:51:26.022+0000] {logging_mixin.py:151} INFO - [2023-09-01T14:51:26.021+0000] {dagbag.py:539} INFO - Filling up the DagBag from /home/airflow/.local/lib/python3.8/site-packages/airflow/example_dags/example_sensors.py
[2023-09-01T14:51:26.037+0000] {processor.py:839} INFO - DAG(s) dict_keys(['example_sensors']) retrieved from /home/airflow/.local/lib/python3.8/site-packages/airflow/example_dags/example_sensors.py
[2023-09-01T14:51:26.073+0000] {logging_mixin.py:151} INFO - [2023-09-01T14:51:26.073+0000] {dag.py:2907} INFO - Sync 1 DAGs
[2023-09-01T14:51:26.092+0000] {logging_mixin.py:151} INFO - [2023-09-01T14:51:26.092+0000] {dag.py:3677} INFO - Setting next_dagrun for example_sensors to None, run_after=None
[2023-09-01T14:51:26.121+0000] {processor.py:179} INFO - Processing /home/airflow/.local/lib/python3.8/site-packages/airflow/example_dags/example_sensors.py took 0.110 seconds
[2023-09-01T14:51:56.959+0000] {processor.py:157} INFO - Started process (PID=242) to work on /home/airflow/.local/lib/python3.8/site-packages/airflow/example_dags/example_sensors.py
[2023-09-01T14:51:56.961+0000] {processor.py:829} INFO - Processing file /home/airflow/.local/lib/python3.8/site-packages/airflow/example_dags/example_sensors.py for tasks to queue
[2023-09-01T14:51:56.963+0000] {logging_mixin.py:151} INFO - [2023-09-01T14:51:56.963+0000] {dagbag.py:539} INFO - Filling up the DagBag from /home/airflow/.local/lib/python3.8/site-packages/airflow/example_dags/example_sensors.py
[2023-09-01T14:51:56.975+0000] {processor.py:839} INFO - DAG(s) dict_keys(['example_sensors']) retrieved from /home/airflow/.local/lib/python3.8/site-packages/airflow/example_dags/example_sensors.py
[2023-09-01T14:51:57.005+0000] {logging_mixin.py:151} INFO - [2023-09-01T14:51:57.005+0000] {dag.py:2907} INFO - Sync 1 DAGs
[2023-09-01T14:51:57.019+0000] {logging_mixin.py:151} INFO - [2023-09-01T14:51:57.019+0000] {dag.py:3677} INFO - Setting next_dagrun for example_sensors to None, run_after=None
[2023-09-01T14:51:57.040+0000] {processor.py:179} INFO - Processing /home/airflow/.local/lib/python3.8/site-packages/airflow/example_dags/example_sensors.py took 0.085 seconds
[2023-09-01T14:52:27.182+0000] {processor.py:157} INFO - Started process (PID=295) to work on /home/airflow/.local/lib/python3.8/site-packages/airflow/example_dags/example_sensors.py
[2023-09-01T14:52:27.184+0000] {processor.py:829} INFO - Processing file /home/airflow/.local/lib/python3.8/site-packages/airflow/example_dags/example_sensors.py for tasks to queue
[2023-09-01T14:52:27.187+0000] {logging_mixin.py:151} INFO - [2023-09-01T14:52:27.186+0000] {dagbag.py:539} INFO - Filling up the DagBag from /home/airflow/.local/lib/python3.8/site-packages/airflow/example_dags/example_sensors.py
[2023-09-01T14:52:27.198+0000] {processor.py:839} INFO - DAG(s) dict_keys(['example_sensors']) retrieved from /home/airflow/.local/lib/python3.8/site-packages/airflow/example_dags/example_sensors.py
[2023-09-01T14:52:27.228+0000] {logging_mixin.py:151} INFO - [2023-09-01T14:52:27.228+0000] {dag.py:2907} INFO - Sync 1 DAGs
[2023-09-01T14:52:27.244+0000] {logging_mixin.py:151} INFO - [2023-09-01T14:52:27.244+0000] {dag.py:3677} INFO - Setting next_dagrun for example_sensors to None, run_after=None
[2023-09-01T14:52:27.266+0000] {processor.py:179} INFO - Processing /home/airflow/.local/lib/python3.8/site-packages/airflow/example_dags/example_sensors.py took 0.088 seconds
[2023-09-01T14:52:58.281+0000] {processor.py:157} INFO - Started process (PID=350) to work on /home/airflow/.local/lib/python3.8/site-packages/airflow/example_dags/example_sensors.py
[2023-09-01T14:52:58.282+0000] {processor.py:829} INFO - Processing file /home/airflow/.local/lib/python3.8/site-packages/airflow/example_dags/example_sensors.py for tasks to queue
[2023-09-01T14:52:58.285+0000] {logging_mixin.py:151} INFO - [2023-09-01T14:52:58.284+0000] {dagbag.py:539} INFO - Filling up the DagBag from /home/airflow/.local/lib/python3.8/site-packages/airflow/example_dags/example_sensors.py
[2023-09-01T14:52:58.296+0000] {processor.py:839} INFO - DAG(s) dict_keys(['example_sensors']) retrieved from /home/airflow/.local/lib/python3.8/site-packages/airflow/example_dags/example_sensors.py
[2023-09-01T14:52:58.327+0000] {logging_mixin.py:151} INFO - [2023-09-01T14:52:58.327+0000] {dag.py:2907} INFO - Sync 1 DAGs
[2023-09-01T14:52:58.341+0000] {logging_mixin.py:151} INFO - [2023-09-01T14:52:58.341+0000] {dag.py:3677} INFO - Setting next_dagrun for example_sensors to None, run_after=None
[2023-09-01T14:52:58.360+0000] {processor.py:179} INFO - Processing /home/airflow/.local/lib/python3.8/site-packages/airflow/example_dags/example_sensors.py took 0.085 seconds
[2023-09-01T14:53:28.961+0000] {processor.py:157} INFO - Started process (PID=405) to work on /home/airflow/.local/lib/python3.8/site-packages/airflow/example_dags/example_sensors.py
[2023-09-01T14:53:28.962+0000] {processor.py:829} INFO - Processing file /home/airflow/.local/lib/python3.8/site-packages/airflow/example_dags/example_sensors.py for tasks to queue
[2023-09-01T14:53:28.965+0000] {logging_mixin.py:151} INFO - [2023-09-01T14:53:28.964+0000] {dagbag.py:539} INFO - Filling up the DagBag from /home/airflow/.local/lib/python3.8/site-packages/airflow/example_dags/example_sensors.py
[2023-09-01T14:53:28.976+0000] {processor.py:839} INFO - DAG(s) dict_keys(['example_sensors']) retrieved from /home/airflow/.local/lib/python3.8/site-packages/airflow/example_dags/example_sensors.py
[2023-09-01T14:53:29.005+0000] {logging_mixin.py:151} INFO - [2023-09-01T14:53:29.005+0000] {dag.py:2907} INFO - Sync 1 DAGs
[2023-09-01T14:53:29.020+0000] {logging_mixin.py:151} INFO - [2023-09-01T14:53:29.020+0000] {dag.py:3677} INFO - Setting next_dagrun for example_sensors to None, run_after=None
[2023-09-01T14:53:29.042+0000] {processor.py:179} INFO - Processing /home/airflow/.local/lib/python3.8/site-packages/airflow/example_dags/example_sensors.py took 0.086 seconds
[2023-09-01T14:53:59.878+0000] {processor.py:157} INFO - Started process (PID=459) to work on /home/airflow/.local/lib/python3.8/site-packages/airflow/example_dags/example_sensors.py
[2023-09-01T14:53:59.879+0000] {processor.py:829} INFO - Processing file /home/airflow/.local/lib/python3.8/site-packages/airflow/example_dags/example_sensors.py for tasks to queue
[2023-09-01T14:53:59.882+0000] {logging_mixin.py:151} INFO - [2023-09-01T14:53:59.881+0000] {dagbag.py:539} INFO - Filling up the DagBag from /home/airflow/.local/lib/python3.8/site-packages/airflow/example_dags/example_sensors.py
[2023-09-01T14:53:59.892+0000] {processor.py:839} INFO - DAG(s) dict_keys(['example_sensors']) retrieved from /home/airflow/.local/lib/python3.8/site-packages/airflow/example_dags/example_sensors.py
[2023-09-01T14:53:59.921+0000] {logging_mixin.py:151} INFO - [2023-09-01T14:53:59.920+0000] {dag.py:2907} INFO - Sync 1 DAGs
[2023-09-01T14:53:59.935+0000] {logging_mixin.py:151} INFO - [2023-09-01T14:53:59.935+0000] {dag.py:3677} INFO - Setting next_dagrun for example_sensors to None, run_after=None
[2023-09-01T14:53:59.954+0000] {processor.py:179} INFO - Processing /home/airflow/.local/lib/python3.8/site-packages/airflow/example_dags/example_sensors.py took 0.081 seconds
[2023-09-01T14:54:30.010+0000] {processor.py:157} INFO - Started process (PID=512) to work on /home/airflow/.local/lib/python3.8/site-packages/airflow/example_dags/example_sensors.py
[2023-09-01T14:54:30.012+0000] {processor.py:829} INFO - Processing file /home/airflow/.local/lib/python3.8/site-packages/airflow/example_dags/example_sensors.py for tasks to queue
[2023-09-01T14:54:30.014+0000] {logging_mixin.py:151} INFO - [2023-09-01T14:54:30.014+0000] {dagbag.py:539} INFO - Filling up the DagBag from /home/airflow/.local/lib/python3.8/site-packages/airflow/example_dags/example_sensors.py
[2023-09-01T14:54:30.025+0000] {processor.py:839} INFO - DAG(s) dict_keys(['example_sensors']) retrieved from /home/airflow/.local/lib/python3.8/site-packages/airflow/example_dags/example_sensors.py
[2023-09-01T14:54:30.053+0000] {logging_mixin.py:151} INFO - [2023-09-01T14:54:30.053+0000] {dag.py:2907} INFO - Sync 1 DAGs
[2023-09-01T14:54:30.066+0000] {logging_mixin.py:151} INFO - [2023-09-01T14:54:30.066+0000] {dag.py:3677} INFO - Setting next_dagrun for example_sensors to None, run_after=None
[2023-09-01T14:54:30.087+0000] {processor.py:179} INFO - Processing /home/airflow/.local/lib/python3.8/site-packages/airflow/example_dags/example_sensors.py took 0.081 seconds
[2023-09-01T14:55:00.153+0000] {processor.py:157} INFO - Started process (PID=566) to work on /home/airflow/.local/lib/python3.8/site-packages/airflow/example_dags/example_sensors.py
[2023-09-01T14:55:00.154+0000] {processor.py:829} INFO - Processing file /home/airflow/.local/lib/python3.8/site-packages/airflow/example_dags/example_sensors.py for tasks to queue
[2023-09-01T14:55:00.158+0000] {logging_mixin.py:151} INFO - [2023-09-01T14:55:00.157+0000] {dagbag.py:539} INFO - Filling up the DagBag from /home/airflow/.local/lib/python3.8/site-packages/airflow/example_dags/example_sensors.py
[2023-09-01T14:55:00.170+0000] {processor.py:839} INFO - DAG(s) dict_keys(['example_sensors']) retrieved from /home/airflow/.local/lib/python3.8/site-packages/airflow/example_dags/example_sensors.py
[2023-09-01T14:55:00.201+0000] {logging_mixin.py:151} INFO - [2023-09-01T14:55:00.200+0000] {dag.py:2907} INFO - Sync 1 DAGs
[2023-09-01T14:55:00.214+0000] {logging_mixin.py:151} INFO - [2023-09-01T14:55:00.214+0000] {dag.py:3677} INFO - Setting next_dagrun for example_sensors to None, run_after=None
[2023-09-01T14:55:00.234+0000] {processor.py:179} INFO - Processing /home/airflow/.local/lib/python3.8/site-packages/airflow/example_dags/example_sensors.py took 0.086 seconds
[2023-09-01T14:55:31.101+0000] {processor.py:157} INFO - Started process (PID=620) to work on /home/airflow/.local/lib/python3.8/site-packages/airflow/example_dags/example_sensors.py
[2023-09-01T14:55:31.102+0000] {processor.py:829} INFO - Processing file /home/airflow/.local/lib/python3.8/site-packages/airflow/example_dags/example_sensors.py for tasks to queue
[2023-09-01T14:55:31.105+0000] {logging_mixin.py:151} INFO - [2023-09-01T14:55:31.104+0000] {dagbag.py:539} INFO - Filling up the DagBag from /home/airflow/.local/lib/python3.8/site-packages/airflow/example_dags/example_sensors.py
[2023-09-01T14:55:31.117+0000] {processor.py:839} INFO - DAG(s) dict_keys(['example_sensors']) retrieved from /home/airflow/.local/lib/python3.8/site-packages/airflow/example_dags/example_sensors.py
[2023-09-01T14:55:31.145+0000] {logging_mixin.py:151} INFO - [2023-09-01T14:55:31.145+0000] {dag.py:2907} INFO - Sync 1 DAGs
[2023-09-01T14:55:31.157+0000] {logging_mixin.py:151} INFO - [2023-09-01T14:55:31.157+0000] {dag.py:3677} INFO - Setting next_dagrun for example_sensors to None, run_after=None
[2023-09-01T14:55:31.174+0000] {processor.py:179} INFO - Processing /home/airflow/.local/lib/python3.8/site-packages/airflow/example_dags/example_sensors.py took 0.076 seconds
[2023-09-01T14:56:01.694+0000] {processor.py:157} INFO - Started process (PID=674) to work on /home/airflow/.local/lib/python3.8/site-packages/airflow/example_dags/example_sensors.py
[2023-09-01T14:56:01.696+0000] {processor.py:829} INFO - Processing file /home/airflow/.local/lib/python3.8/site-packages/airflow/example_dags/example_sensors.py for tasks to queue
[2023-09-01T14:56:01.698+0000] {logging_mixin.py:151} INFO - [2023-09-01T14:56:01.698+0000] {dagbag.py:539} INFO - Filling up the DagBag from /home/airflow/.local/lib/python3.8/site-packages/airflow/example_dags/example_sensors.py
[2023-09-01T14:56:01.709+0000] {processor.py:839} INFO - DAG(s) dict_keys(['example_sensors']) retrieved from /home/airflow/.local/lib/python3.8/site-packages/airflow/example_dags/example_sensors.py
[2023-09-01T14:56:01.739+0000] {logging_mixin.py:151} INFO - [2023-09-01T14:56:01.739+0000] {dag.py:2907} INFO - Sync 1 DAGs
[2023-09-01T14:56:01.753+0000] {logging_mixin.py:151} INFO - [2023-09-01T14:56:01.753+0000] {dag.py:3677} INFO - Setting next_dagrun for example_sensors to None, run_after=None
[2023-09-01T14:56:01.773+0000] {processor.py:179} INFO - Processing /home/airflow/.local/lib/python3.8/site-packages/airflow/example_dags/example_sensors.py took 0.083 seconds
[2023-09-01T14:56:32.492+0000] {processor.py:157} INFO - Started process (PID=728) to work on /home/airflow/.local/lib/python3.8/site-packages/airflow/example_dags/example_sensors.py
[2023-09-01T14:56:32.493+0000] {processor.py:829} INFO - Processing file /home/airflow/.local/lib/python3.8/site-packages/airflow/example_dags/example_sensors.py for tasks to queue
[2023-09-01T14:56:32.496+0000] {logging_mixin.py:151} INFO - [2023-09-01T14:56:32.496+0000] {dagbag.py:539} INFO - Filling up the DagBag from /home/airflow/.local/lib/python3.8/site-packages/airflow/example_dags/example_sensors.py
[2023-09-01T14:56:32.507+0000] {processor.py:839} INFO - DAG(s) dict_keys(['example_sensors']) retrieved from /home/airflow/.local/lib/python3.8/site-packages/airflow/example_dags/example_sensors.py
[2023-09-01T14:56:32.535+0000] {logging_mixin.py:151} INFO - [2023-09-01T14:56:32.534+0000] {dag.py:2907} INFO - Sync 1 DAGs
[2023-09-01T14:56:32.549+0000] {logging_mixin.py:151} INFO - [2023-09-01T14:56:32.549+0000] {dag.py:3677} INFO - Setting next_dagrun for example_sensors to None, run_after=None
[2023-09-01T14:56:32.568+0000] {processor.py:179} INFO - Processing /home/airflow/.local/lib/python3.8/site-packages/airflow/example_dags/example_sensors.py took 0.080 seconds
[2023-09-01T14:57:03.277+0000] {processor.py:157} INFO - Started process (PID=782) to work on /home/airflow/.local/lib/python3.8/site-packages/airflow/example_dags/example_sensors.py
[2023-09-01T14:57:03.279+0000] {processor.py:829} INFO - Processing file /home/airflow/.local/lib/python3.8/site-packages/airflow/example_dags/example_sensors.py for tasks to queue
[2023-09-01T14:57:03.282+0000] {logging_mixin.py:151} INFO - [2023-09-01T14:57:03.281+0000] {dagbag.py:539} INFO - Filling up the DagBag from /home/airflow/.local/lib/python3.8/site-packages/airflow/example_dags/example_sensors.py
[2023-09-01T14:57:03.293+0000] {processor.py:839} INFO - DAG(s) dict_keys(['example_sensors']) retrieved from /home/airflow/.local/lib/python3.8/site-packages/airflow/example_dags/example_sensors.py
[2023-09-01T14:57:03.321+0000] {logging_mixin.py:151} INFO - [2023-09-01T14:57:03.321+0000] {dag.py:2907} INFO - Sync 1 DAGs
[2023-09-01T14:57:03.336+0000] {logging_mixin.py:151} INFO - [2023-09-01T14:57:03.335+0000] {dag.py:3677} INFO - Setting next_dagrun for example_sensors to None, run_after=None
[2023-09-01T14:57:03.356+0000] {processor.py:179} INFO - Processing /home/airflow/.local/lib/python3.8/site-packages/airflow/example_dags/example_sensors.py took 0.083 seconds
[2023-09-01T14:57:34.085+0000] {processor.py:157} INFO - Started process (PID=836) to work on /home/airflow/.local/lib/python3.8/site-packages/airflow/example_dags/example_sensors.py
[2023-09-01T14:57:34.086+0000] {processor.py:829} INFO - Processing file /home/airflow/.local/lib/python3.8/site-packages/airflow/example_dags/example_sensors.py for tasks to queue
[2023-09-01T14:57:34.089+0000] {logging_mixin.py:151} INFO - [2023-09-01T14:57:34.089+0000] {dagbag.py:539} INFO - Filling up the DagBag from /home/airflow/.local/lib/python3.8/site-packages/airflow/example_dags/example_sensors.py
[2023-09-01T14:57:34.100+0000] {processor.py:839} INFO - DAG(s) dict_keys(['example_sensors']) retrieved from /home/airflow/.local/lib/python3.8/site-packages/airflow/example_dags/example_sensors.py
[2023-09-01T14:57:34.129+0000] {logging_mixin.py:151} INFO - [2023-09-01T14:57:34.129+0000] {dag.py:2907} INFO - Sync 1 DAGs
[2023-09-01T14:57:34.144+0000] {logging_mixin.py:151} INFO - [2023-09-01T14:57:34.144+0000] {dag.py:3677} INFO - Setting next_dagrun for example_sensors to None, run_after=None
[2023-09-01T14:57:34.164+0000] {processor.py:179} INFO - Processing /home/airflow/.local/lib/python3.8/site-packages/airflow/example_dags/example_sensors.py took 0.083 seconds
[2023-09-01T14:58:04.824+0000] {processor.py:157} INFO - Started process (PID=890) to work on /home/airflow/.local/lib/python3.8/site-packages/airflow/example_dags/example_sensors.py
[2023-09-01T14:58:04.825+0000] {processor.py:829} INFO - Processing file /home/airflow/.local/lib/python3.8/site-packages/airflow/example_dags/example_sensors.py for tasks to queue
[2023-09-01T14:58:04.828+0000] {logging_mixin.py:151} INFO - [2023-09-01T14:58:04.827+0000] {dagbag.py:539} INFO - Filling up the DagBag from /home/airflow/.local/lib/python3.8/site-packages/airflow/example_dags/example_sensors.py
[2023-09-01T14:58:04.838+0000] {processor.py:839} INFO - DAG(s) dict_keys(['example_sensors']) retrieved from /home/airflow/.local/lib/python3.8/site-packages/airflow/example_dags/example_sensors.py
[2023-09-01T14:58:04.867+0000] {logging_mixin.py:151} INFO - [2023-09-01T14:58:04.867+0000] {dag.py:2907} INFO - Sync 1 DAGs
[2023-09-01T14:58:04.880+0000] {logging_mixin.py:151} INFO - [2023-09-01T14:58:04.880+0000] {dag.py:3677} INFO - Setting next_dagrun for example_sensors to None, run_after=None
[2023-09-01T14:58:04.899+0000] {processor.py:179} INFO - Processing /home/airflow/.local/lib/python3.8/site-packages/airflow/example_dags/example_sensors.py took 0.079 seconds
[2023-09-01T14:58:35.716+0000] {processor.py:157} INFO - Started process (PID=944) to work on /home/airflow/.local/lib/python3.8/site-packages/airflow/example_dags/example_sensors.py
[2023-09-01T14:58:35.717+0000] {processor.py:829} INFO - Processing file /home/airflow/.local/lib/python3.8/site-packages/airflow/example_dags/example_sensors.py for tasks to queue
[2023-09-01T14:58:35.720+0000] {logging_mixin.py:151} INFO - [2023-09-01T14:58:35.720+0000] {dagbag.py:539} INFO - Filling up the DagBag from /home/airflow/.local/lib/python3.8/site-packages/airflow/example_dags/example_sensors.py
[2023-09-01T14:58:35.731+0000] {processor.py:839} INFO - DAG(s) dict_keys(['example_sensors']) retrieved from /home/airflow/.local/lib/python3.8/site-packages/airflow/example_dags/example_sensors.py
[2023-09-01T14:58:35.759+0000] {logging_mixin.py:151} INFO - [2023-09-01T14:58:35.759+0000] {dag.py:2907} INFO - Sync 1 DAGs
[2023-09-01T14:58:35.772+0000] {logging_mixin.py:151} INFO - [2023-09-01T14:58:35.771+0000] {dag.py:3677} INFO - Setting next_dagrun for example_sensors to None, run_after=None
[2023-09-01T14:58:35.788+0000] {processor.py:179} INFO - Processing /home/airflow/.local/lib/python3.8/site-packages/airflow/example_dags/example_sensors.py took 0.076 seconds
[2023-09-01T14:59:06.513+0000] {processor.py:157} INFO - Started process (PID=998) to work on /home/airflow/.local/lib/python3.8/site-packages/airflow/example_dags/example_sensors.py
[2023-09-01T14:59:06.514+0000] {processor.py:829} INFO - Processing file /home/airflow/.local/lib/python3.8/site-packages/airflow/example_dags/example_sensors.py for tasks to queue
[2023-09-01T14:59:06.517+0000] {logging_mixin.py:151} INFO - [2023-09-01T14:59:06.517+0000] {dagbag.py:539} INFO - Filling up the DagBag from /home/airflow/.local/lib/python3.8/site-packages/airflow/example_dags/example_sensors.py
[2023-09-01T14:59:06.528+0000] {processor.py:839} INFO - DAG(s) dict_keys(['example_sensors']) retrieved from /home/airflow/.local/lib/python3.8/site-packages/airflow/example_dags/example_sensors.py
[2023-09-01T14:59:06.556+0000] {logging_mixin.py:151} INFO - [2023-09-01T14:59:06.556+0000] {dag.py:2907} INFO - Sync 1 DAGs
[2023-09-01T14:59:06.570+0000] {logging_mixin.py:151} INFO - [2023-09-01T14:59:06.570+0000] {dag.py:3677} INFO - Setting next_dagrun for example_sensors to None, run_after=None
[2023-09-01T14:59:06.590+0000] {processor.py:179} INFO - Processing /home/airflow/.local/lib/python3.8/site-packages/airflow/example_dags/example_sensors.py took 0.081 seconds
[2023-09-01T14:59:37.164+0000] {processor.py:157} INFO - Started process (PID=1052) to work on /home/airflow/.local/lib/python3.8/site-packages/airflow/example_dags/example_sensors.py
[2023-09-01T14:59:37.165+0000] {processor.py:829} INFO - Processing file /home/airflow/.local/lib/python3.8/site-packages/airflow/example_dags/example_sensors.py for tasks to queue
[2023-09-01T14:59:37.168+0000] {logging_mixin.py:151} INFO - [2023-09-01T14:59:37.168+0000] {dagbag.py:539} INFO - Filling up the DagBag from /home/airflow/.local/lib/python3.8/site-packages/airflow/example_dags/example_sensors.py
[2023-09-01T14:59:37.179+0000] {processor.py:839} INFO - DAG(s) dict_keys(['example_sensors']) retrieved from /home/airflow/.local/lib/python3.8/site-packages/airflow/example_dags/example_sensors.py
[2023-09-01T14:59:37.207+0000] {logging_mixin.py:151} INFO - [2023-09-01T14:59:37.207+0000] {dag.py:2907} INFO - Sync 1 DAGs
[2023-09-01T14:59:37.221+0000] {logging_mixin.py:151} INFO - [2023-09-01T14:59:37.221+0000] {dag.py:3677} INFO - Setting next_dagrun for example_sensors to None, run_after=None
[2023-09-01T14:59:37.241+0000] {processor.py:179} INFO - Processing /home/airflow/.local/lib/python3.8/site-packages/airflow/example_dags/example_sensors.py took 0.081 seconds
[2023-09-01T15:00:08.024+0000] {processor.py:157} INFO - Started process (PID=1106) to work on /home/airflow/.local/lib/python3.8/site-packages/airflow/example_dags/example_sensors.py
[2023-09-01T15:00:08.025+0000] {processor.py:829} INFO - Processing file /home/airflow/.local/lib/python3.8/site-packages/airflow/example_dags/example_sensors.py for tasks to queue
[2023-09-01T15:00:08.028+0000] {logging_mixin.py:151} INFO - [2023-09-01T15:00:08.027+0000] {dagbag.py:539} INFO - Filling up the DagBag from /home/airflow/.local/lib/python3.8/site-packages/airflow/example_dags/example_sensors.py
[2023-09-01T15:00:08.039+0000] {processor.py:839} INFO - DAG(s) dict_keys(['example_sensors']) retrieved from /home/airflow/.local/lib/python3.8/site-packages/airflow/example_dags/example_sensors.py
[2023-09-01T15:00:08.069+0000] {logging_mixin.py:151} INFO - [2023-09-01T15:00:08.068+0000] {dag.py:2907} INFO - Sync 1 DAGs
[2023-09-01T15:00:08.083+0000] {logging_mixin.py:151} INFO - [2023-09-01T15:00:08.083+0000] {dag.py:3677} INFO - Setting next_dagrun for example_sensors to None, run_after=None
[2023-09-01T15:00:08.103+0000] {processor.py:179} INFO - Processing /home/airflow/.local/lib/python3.8/site-packages/airflow/example_dags/example_sensors.py took 0.084 seconds
[2023-09-01T15:00:38.859+0000] {processor.py:157} INFO - Started process (PID=1160) to work on /home/airflow/.local/lib/python3.8/site-packages/airflow/example_dags/example_sensors.py
[2023-09-01T15:00:38.860+0000] {processor.py:829} INFO - Processing file /home/airflow/.local/lib/python3.8/site-packages/airflow/example_dags/example_sensors.py for tasks to queue
[2023-09-01T15:00:38.863+0000] {logging_mixin.py:151} INFO - [2023-09-01T15:00:38.863+0000] {dagbag.py:539} INFO - Filling up the DagBag from /home/airflow/.local/lib/python3.8/site-packages/airflow/example_dags/example_sensors.py
[2023-09-01T15:00:38.874+0000] {processor.py:839} INFO - DAG(s) dict_keys(['example_sensors']) retrieved from /home/airflow/.local/lib/python3.8/site-packages/airflow/example_dags/example_sensors.py
[2023-09-01T15:00:38.903+0000] {logging_mixin.py:151} INFO - [2023-09-01T15:00:38.902+0000] {dag.py:2907} INFO - Sync 1 DAGs
[2023-09-01T15:00:38.917+0000] {logging_mixin.py:151} INFO - [2023-09-01T15:00:38.917+0000] {dag.py:3677} INFO - Setting next_dagrun for example_sensors to None, run_after=None
[2023-09-01T15:00:38.937+0000] {processor.py:179} INFO - Processing /home/airflow/.local/lib/python3.8/site-packages/airflow/example_dags/example_sensors.py took 0.081 seconds
[2023-09-01T15:01:09.422+0000] {processor.py:157} INFO - Started process (PID=1214) to work on /home/airflow/.local/lib/python3.8/site-packages/airflow/example_dags/example_sensors.py
[2023-09-01T15:01:09.423+0000] {processor.py:829} INFO - Processing file /home/airflow/.local/lib/python3.8/site-packages/airflow/example_dags/example_sensors.py for tasks to queue
[2023-09-01T15:01:09.425+0000] {logging_mixin.py:151} INFO - [2023-09-01T15:01:09.425+0000] {dagbag.py:539} INFO - Filling up the DagBag from /home/airflow/.local/lib/python3.8/site-packages/airflow/example_dags/example_sensors.py
[2023-09-01T15:01:09.436+0000] {processor.py:839} INFO - DAG(s) dict_keys(['example_sensors']) retrieved from /home/airflow/.local/lib/python3.8/site-packages/airflow/example_dags/example_sensors.py
[2023-09-01T15:01:09.464+0000] {logging_mixin.py:151} INFO - [2023-09-01T15:01:09.464+0000] {dag.py:2907} INFO - Sync 1 DAGs
[2023-09-01T15:01:09.478+0000] {logging_mixin.py:151} INFO - [2023-09-01T15:01:09.478+0000] {dag.py:3677} INFO - Setting next_dagrun for example_sensors to None, run_after=None
[2023-09-01T15:01:09.498+0000] {processor.py:179} INFO - Processing /home/airflow/.local/lib/python3.8/site-packages/airflow/example_dags/example_sensors.py took 0.080 seconds
[2023-09-01T15:01:40.268+0000] {processor.py:157} INFO - Started process (PID=1268) to work on /home/airflow/.local/lib/python3.8/site-packages/airflow/example_dags/example_sensors.py
[2023-09-01T15:01:40.270+0000] {processor.py:829} INFO - Processing file /home/airflow/.local/lib/python3.8/site-packages/airflow/example_dags/example_sensors.py for tasks to queue
[2023-09-01T15:01:40.272+0000] {logging_mixin.py:151} INFO - [2023-09-01T15:01:40.272+0000] {dagbag.py:539} INFO - Filling up the DagBag from /home/airflow/.local/lib/python3.8/site-packages/airflow/example_dags/example_sensors.py
[2023-09-01T15:01:40.284+0000] {processor.py:839} INFO - DAG(s) dict_keys(['example_sensors']) retrieved from /home/airflow/.local/lib/python3.8/site-packages/airflow/example_dags/example_sensors.py
[2023-09-01T15:01:40.313+0000] {logging_mixin.py:151} INFO - [2023-09-01T15:01:40.312+0000] {dag.py:2907} INFO - Sync 1 DAGs
[2023-09-01T15:01:40.326+0000] {logging_mixin.py:151} INFO - [2023-09-01T15:01:40.326+0000] {dag.py:3677} INFO - Setting next_dagrun for example_sensors to None, run_after=None
[2023-09-01T15:01:40.346+0000] {processor.py:179} INFO - Processing /home/airflow/.local/lib/python3.8/site-packages/airflow/example_dags/example_sensors.py took 0.082 seconds
[2023-09-01T15:02:11.138+0000] {processor.py:157} INFO - Started process (PID=1322) to work on /home/airflow/.local/lib/python3.8/site-packages/airflow/example_dags/example_sensors.py
[2023-09-01T15:02:11.140+0000] {processor.py:829} INFO - Processing file /home/airflow/.local/lib/python3.8/site-packages/airflow/example_dags/example_sensors.py for tasks to queue
[2023-09-01T15:02:11.143+0000] {logging_mixin.py:151} INFO - [2023-09-01T15:02:11.142+0000] {dagbag.py:539} INFO - Filling up the DagBag from /home/airflow/.local/lib/python3.8/site-packages/airflow/example_dags/example_sensors.py
[2023-09-01T15:02:11.154+0000] {processor.py:839} INFO - DAG(s) dict_keys(['example_sensors']) retrieved from /home/airflow/.local/lib/python3.8/site-packages/airflow/example_dags/example_sensors.py
[2023-09-01T15:02:11.184+0000] {logging_mixin.py:151} INFO - [2023-09-01T15:02:11.184+0000] {dag.py:2907} INFO - Sync 1 DAGs
[2023-09-01T15:02:11.199+0000] {logging_mixin.py:151} INFO - [2023-09-01T15:02:11.198+0000] {dag.py:3677} INFO - Setting next_dagrun for example_sensors to None, run_after=None
[2023-09-01T15:02:11.218+0000] {processor.py:179} INFO - Processing /home/airflow/.local/lib/python3.8/site-packages/airflow/example_dags/example_sensors.py took 0.085 seconds
[2023-09-01T15:02:41.380+0000] {processor.py:157} INFO - Started process (PID=1376) to work on /home/airflow/.local/lib/python3.8/site-packages/airflow/example_dags/example_sensors.py
[2023-09-01T15:02:41.382+0000] {processor.py:829} INFO - Processing file /home/airflow/.local/lib/python3.8/site-packages/airflow/example_dags/example_sensors.py for tasks to queue
[2023-09-01T15:02:41.384+0000] {logging_mixin.py:151} INFO - [2023-09-01T15:02:41.384+0000] {dagbag.py:539} INFO - Filling up the DagBag from /home/airflow/.local/lib/python3.8/site-packages/airflow/example_dags/example_sensors.py
[2023-09-01T15:02:41.396+0000] {processor.py:839} INFO - DAG(s) dict_keys(['example_sensors']) retrieved from /home/airflow/.local/lib/python3.8/site-packages/airflow/example_dags/example_sensors.py
[2023-09-01T15:02:41.424+0000] {logging_mixin.py:151} INFO - [2023-09-01T15:02:41.424+0000] {dag.py:2907} INFO - Sync 1 DAGs
[2023-09-01T15:02:41.441+0000] {logging_mixin.py:151} INFO - [2023-09-01T15:02:41.441+0000] {dag.py:3677} INFO - Setting next_dagrun for example_sensors to None, run_after=None
[2023-09-01T15:02:41.461+0000] {processor.py:179} INFO - Processing /home/airflow/.local/lib/python3.8/site-packages/airflow/example_dags/example_sensors.py took 0.085 seconds
[2023-09-01T15:03:11.725+0000] {processor.py:157} INFO - Started process (PID=1430) to work on /home/airflow/.local/lib/python3.8/site-packages/airflow/example_dags/example_sensors.py
[2023-09-01T15:03:11.726+0000] {processor.py:829} INFO - Processing file /home/airflow/.local/lib/python3.8/site-packages/airflow/example_dags/example_sensors.py for tasks to queue
[2023-09-01T15:03:11.729+0000] {logging_mixin.py:151} INFO - [2023-09-01T15:03:11.729+0000] {dagbag.py:539} INFO - Filling up the DagBag from /home/airflow/.local/lib/python3.8/site-packages/airflow/example_dags/example_sensors.py
[2023-09-01T15:03:11.740+0000] {processor.py:839} INFO - DAG(s) dict_keys(['example_sensors']) retrieved from /home/airflow/.local/lib/python3.8/site-packages/airflow/example_dags/example_sensors.py
[2023-09-01T15:03:11.769+0000] {logging_mixin.py:151} INFO - [2023-09-01T15:03:11.768+0000] {dag.py:2907} INFO - Sync 1 DAGs
[2023-09-01T15:03:11.781+0000] {logging_mixin.py:151} INFO - [2023-09-01T15:03:11.781+0000] {dag.py:3677} INFO - Setting next_dagrun for example_sensors to None, run_after=None
[2023-09-01T15:03:11.801+0000] {processor.py:179} INFO - Processing /home/airflow/.local/lib/python3.8/site-packages/airflow/example_dags/example_sensors.py took 0.081 seconds
[2023-09-01T15:03:42.880+0000] {processor.py:157} INFO - Started process (PID=1484) to work on /home/airflow/.local/lib/python3.8/site-packages/airflow/example_dags/example_sensors.py
[2023-09-01T15:03:42.881+0000] {processor.py:829} INFO - Processing file /home/airflow/.local/lib/python3.8/site-packages/airflow/example_dags/example_sensors.py for tasks to queue
[2023-09-01T15:03:42.884+0000] {logging_mixin.py:151} INFO - [2023-09-01T15:03:42.884+0000] {dagbag.py:539} INFO - Filling up the DagBag from /home/airflow/.local/lib/python3.8/site-packages/airflow/example_dags/example_sensors.py
[2023-09-01T15:03:42.895+0000] {processor.py:839} INFO - DAG(s) dict_keys(['example_sensors']) retrieved from /home/airflow/.local/lib/python3.8/site-packages/airflow/example_dags/example_sensors.py
[2023-09-01T15:03:42.925+0000] {logging_mixin.py:151} INFO - [2023-09-01T15:03:42.925+0000] {dag.py:2907} INFO - Sync 1 DAGs
[2023-09-01T15:03:42.940+0000] {logging_mixin.py:151} INFO - [2023-09-01T15:03:42.940+0000] {dag.py:3677} INFO - Setting next_dagrun for example_sensors to None, run_after=None
[2023-09-01T15:03:42.961+0000] {processor.py:179} INFO - Processing /home/airflow/.local/lib/python3.8/site-packages/airflow/example_dags/example_sensors.py took 0.086 seconds
[2023-09-01T15:04:14.009+0000] {processor.py:157} INFO - Started process (PID=1538) to work on /home/airflow/.local/lib/python3.8/site-packages/airflow/example_dags/example_sensors.py
[2023-09-01T15:04:14.011+0000] {processor.py:829} INFO - Processing file /home/airflow/.local/lib/python3.8/site-packages/airflow/example_dags/example_sensors.py for tasks to queue
[2023-09-01T15:04:14.014+0000] {logging_mixin.py:151} INFO - [2023-09-01T15:04:14.013+0000] {dagbag.py:539} INFO - Filling up the DagBag from /home/airflow/.local/lib/python3.8/site-packages/airflow/example_dags/example_sensors.py
[2023-09-01T15:04:14.025+0000] {processor.py:839} INFO - DAG(s) dict_keys(['example_sensors']) retrieved from /home/airflow/.local/lib/python3.8/site-packages/airflow/example_dags/example_sensors.py
[2023-09-01T15:04:14.054+0000] {logging_mixin.py:151} INFO - [2023-09-01T15:04:14.054+0000] {dag.py:2907} INFO - Sync 1 DAGs
[2023-09-01T15:04:14.069+0000] {logging_mixin.py:151} INFO - [2023-09-01T15:04:14.069+0000] {dag.py:3677} INFO - Setting next_dagrun for example_sensors to None, run_after=None
[2023-09-01T15:04:14.089+0000] {processor.py:179} INFO - Processing /home/airflow/.local/lib/python3.8/site-packages/airflow/example_dags/example_sensors.py took 0.084 seconds
[2023-09-01T15:04:44.355+0000] {processor.py:157} INFO - Started process (PID=1592) to work on /home/airflow/.local/lib/python3.8/site-packages/airflow/example_dags/example_sensors.py
[2023-09-01T15:04:44.356+0000] {processor.py:829} INFO - Processing file /home/airflow/.local/lib/python3.8/site-packages/airflow/example_dags/example_sensors.py for tasks to queue
[2023-09-01T15:04:44.359+0000] {logging_mixin.py:151} INFO - [2023-09-01T15:04:44.359+0000] {dagbag.py:539} INFO - Filling up the DagBag from /home/airflow/.local/lib/python3.8/site-packages/airflow/example_dags/example_sensors.py
[2023-09-01T15:04:44.370+0000] {processor.py:839} INFO - DAG(s) dict_keys(['example_sensors']) retrieved from /home/airflow/.local/lib/python3.8/site-packages/airflow/example_dags/example_sensors.py
[2023-09-01T15:04:44.399+0000] {logging_mixin.py:151} INFO - [2023-09-01T15:04:44.399+0000] {dag.py:2907} INFO - Sync 1 DAGs
[2023-09-01T15:04:44.413+0000] {logging_mixin.py:151} INFO - [2023-09-01T15:04:44.413+0000] {dag.py:3677} INFO - Setting next_dagrun for example_sensors to None, run_after=None
[2023-09-01T15:04:44.433+0000] {processor.py:179} INFO - Processing /home/airflow/.local/lib/python3.8/site-packages/airflow/example_dags/example_sensors.py took 0.082 seconds
[2023-09-01T15:05:15.498+0000] {processor.py:157} INFO - Started process (PID=1647) to work on /home/airflow/.local/lib/python3.8/site-packages/airflow/example_dags/example_sensors.py
[2023-09-01T15:05:15.499+0000] {processor.py:829} INFO - Processing file /home/airflow/.local/lib/python3.8/site-packages/airflow/example_dags/example_sensors.py for tasks to queue
[2023-09-01T15:05:15.502+0000] {logging_mixin.py:151} INFO - [2023-09-01T15:05:15.502+0000] {dagbag.py:539} INFO - Filling up the DagBag from /home/airflow/.local/lib/python3.8/site-packages/airflow/example_dags/example_sensors.py
[2023-09-01T15:05:15.514+0000] {processor.py:839} INFO - DAG(s) dict_keys(['example_sensors']) retrieved from /home/airflow/.local/lib/python3.8/site-packages/airflow/example_dags/example_sensors.py
[2023-09-01T15:05:15.544+0000] {logging_mixin.py:151} INFO - [2023-09-01T15:05:15.544+0000] {dag.py:2907} INFO - Sync 1 DAGs
[2023-09-01T15:05:15.559+0000] {logging_mixin.py:151} INFO - [2023-09-01T15:05:15.559+0000] {dag.py:3677} INFO - Setting next_dagrun for example_sensors to None, run_after=None
[2023-09-01T15:05:15.579+0000] {processor.py:179} INFO - Processing /home/airflow/.local/lib/python3.8/site-packages/airflow/example_dags/example_sensors.py took 0.086 seconds
[2023-09-01T15:05:45.867+0000] {processor.py:157} INFO - Started process (PID=1701) to work on /home/airflow/.local/lib/python3.8/site-packages/airflow/example_dags/example_sensors.py
[2023-09-01T15:05:45.868+0000] {processor.py:829} INFO - Processing file /home/airflow/.local/lib/python3.8/site-packages/airflow/example_dags/example_sensors.py for tasks to queue
[2023-09-01T15:05:45.870+0000] {logging_mixin.py:151} INFO - [2023-09-01T15:05:45.870+0000] {dagbag.py:539} INFO - Filling up the DagBag from /home/airflow/.local/lib/python3.8/site-packages/airflow/example_dags/example_sensors.py
[2023-09-01T15:05:45.881+0000] {processor.py:839} INFO - DAG(s) dict_keys(['example_sensors']) retrieved from /home/airflow/.local/lib/python3.8/site-packages/airflow/example_dags/example_sensors.py
[2023-09-01T15:05:45.911+0000] {logging_mixin.py:151} INFO - [2023-09-01T15:05:45.911+0000] {dag.py:2907} INFO - Sync 1 DAGs
[2023-09-01T15:05:45.926+0000] {logging_mixin.py:151} INFO - [2023-09-01T15:05:45.925+0000] {dag.py:3677} INFO - Setting next_dagrun for example_sensors to None, run_after=None
[2023-09-01T15:05:45.945+0000] {processor.py:179} INFO - Processing /home/airflow/.local/lib/python3.8/site-packages/airflow/example_dags/example_sensors.py took 0.083 seconds
[2023-09-01T15:06:16.004+0000] {processor.py:157} INFO - Started process (PID=1755) to work on /home/airflow/.local/lib/python3.8/site-packages/airflow/example_dags/example_sensors.py
[2023-09-01T15:06:16.006+0000] {processor.py:829} INFO - Processing file /home/airflow/.local/lib/python3.8/site-packages/airflow/example_dags/example_sensors.py for tasks to queue
[2023-09-01T15:06:16.010+0000] {logging_mixin.py:151} INFO - [2023-09-01T15:06:16.009+0000] {dagbag.py:539} INFO - Filling up the DagBag from /home/airflow/.local/lib/python3.8/site-packages/airflow/example_dags/example_sensors.py
[2023-09-01T15:06:16.025+0000] {processor.py:839} INFO - DAG(s) dict_keys(['example_sensors']) retrieved from /home/airflow/.local/lib/python3.8/site-packages/airflow/example_dags/example_sensors.py
[2023-09-01T15:06:16.064+0000] {logging_mixin.py:151} INFO - [2023-09-01T15:06:16.063+0000] {dag.py:2907} INFO - Sync 1 DAGs
[2023-09-01T15:06:16.084+0000] {logging_mixin.py:151} INFO - [2023-09-01T15:06:16.083+0000] {dag.py:3677} INFO - Setting next_dagrun for example_sensors to None, run_after=None
[2023-09-01T15:06:16.114+0000] {processor.py:179} INFO - Processing /home/airflow/.local/lib/python3.8/site-packages/airflow/example_dags/example_sensors.py took 0.116 seconds
[2023-09-01T15:06:46.327+0000] {processor.py:157} INFO - Started process (PID=1808) to work on /home/airflow/.local/lib/python3.8/site-packages/airflow/example_dags/example_sensors.py
[2023-09-01T15:06:46.328+0000] {processor.py:829} INFO - Processing file /home/airflow/.local/lib/python3.8/site-packages/airflow/example_dags/example_sensors.py for tasks to queue
[2023-09-01T15:06:46.331+0000] {logging_mixin.py:151} INFO - [2023-09-01T15:06:46.330+0000] {dagbag.py:539} INFO - Filling up the DagBag from /home/airflow/.local/lib/python3.8/site-packages/airflow/example_dags/example_sensors.py
[2023-09-01T15:06:46.341+0000] {processor.py:839} INFO - DAG(s) dict_keys(['example_sensors']) retrieved from /home/airflow/.local/lib/python3.8/site-packages/airflow/example_dags/example_sensors.py
[2023-09-01T15:06:46.369+0000] {logging_mixin.py:151} INFO - [2023-09-01T15:06:46.369+0000] {dag.py:2907} INFO - Sync 1 DAGs
[2023-09-01T15:06:46.384+0000] {logging_mixin.py:151} INFO - [2023-09-01T15:06:46.383+0000] {dag.py:3677} INFO - Setting next_dagrun for example_sensors to None, run_after=None
[2023-09-01T15:06:46.403+0000] {processor.py:179} INFO - Processing /home/airflow/.local/lib/python3.8/site-packages/airflow/example_dags/example_sensors.py took 0.080 seconds
[2023-09-01T15:07:17.427+0000] {processor.py:157} INFO - Started process (PID=1863) to work on /home/airflow/.local/lib/python3.8/site-packages/airflow/example_dags/example_sensors.py
[2023-09-01T15:07:17.428+0000] {processor.py:829} INFO - Processing file /home/airflow/.local/lib/python3.8/site-packages/airflow/example_dags/example_sensors.py for tasks to queue
[2023-09-01T15:07:17.431+0000] {logging_mixin.py:151} INFO - [2023-09-01T15:07:17.431+0000] {dagbag.py:539} INFO - Filling up the DagBag from /home/airflow/.local/lib/python3.8/site-packages/airflow/example_dags/example_sensors.py
[2023-09-01T15:07:17.443+0000] {processor.py:839} INFO - DAG(s) dict_keys(['example_sensors']) retrieved from /home/airflow/.local/lib/python3.8/site-packages/airflow/example_dags/example_sensors.py
[2023-09-01T15:07:17.471+0000] {logging_mixin.py:151} INFO - [2023-09-01T15:07:17.471+0000] {dag.py:2907} INFO - Sync 1 DAGs
[2023-09-01T15:07:17.486+0000] {logging_mixin.py:151} INFO - [2023-09-01T15:07:17.486+0000] {dag.py:3677} INFO - Setting next_dagrun for example_sensors to None, run_after=None
[2023-09-01T15:07:17.505+0000] {processor.py:179} INFO - Processing /home/airflow/.local/lib/python3.8/site-packages/airflow/example_dags/example_sensors.py took 0.083 seconds
[2023-09-01T15:07:47.772+0000] {processor.py:157} INFO - Started process (PID=1917) to work on /home/airflow/.local/lib/python3.8/site-packages/airflow/example_dags/example_sensors.py
[2023-09-01T15:07:47.773+0000] {processor.py:829} INFO - Processing file /home/airflow/.local/lib/python3.8/site-packages/airflow/example_dags/example_sensors.py for tasks to queue
[2023-09-01T15:07:47.776+0000] {logging_mixin.py:151} INFO - [2023-09-01T15:07:47.775+0000] {dagbag.py:539} INFO - Filling up the DagBag from /home/airflow/.local/lib/python3.8/site-packages/airflow/example_dags/example_sensors.py
[2023-09-01T15:07:47.787+0000] {processor.py:839} INFO - DAG(s) dict_keys(['example_sensors']) retrieved from /home/airflow/.local/lib/python3.8/site-packages/airflow/example_dags/example_sensors.py
[2023-09-01T15:07:47.816+0000] {logging_mixin.py:151} INFO - [2023-09-01T15:07:47.815+0000] {dag.py:2907} INFO - Sync 1 DAGs
[2023-09-01T15:07:47.830+0000] {logging_mixin.py:151} INFO - [2023-09-01T15:07:47.830+0000] {dag.py:3677} INFO - Setting next_dagrun for example_sensors to None, run_after=None
[2023-09-01T15:07:47.851+0000] {processor.py:179} INFO - Processing /home/airflow/.local/lib/python3.8/site-packages/airflow/example_dags/example_sensors.py took 0.083 seconds
[2023-09-01T15:08:18.000+0000] {processor.py:157} INFO - Started process (PID=1971) to work on /home/airflow/.local/lib/python3.8/site-packages/airflow/example_dags/example_sensors.py
[2023-09-01T15:08:18.002+0000] {processor.py:829} INFO - Processing file /home/airflow/.local/lib/python3.8/site-packages/airflow/example_dags/example_sensors.py for tasks to queue
[2023-09-01T15:08:18.006+0000] {logging_mixin.py:151} INFO - [2023-09-01T15:08:18.005+0000] {dagbag.py:539} INFO - Filling up the DagBag from /home/airflow/.local/lib/python3.8/site-packages/airflow/example_dags/example_sensors.py
[2023-09-01T15:08:18.022+0000] {processor.py:839} INFO - DAG(s) dict_keys(['example_sensors']) retrieved from /home/airflow/.local/lib/python3.8/site-packages/airflow/example_dags/example_sensors.py
[2023-09-01T15:08:18.064+0000] {logging_mixin.py:151} INFO - [2023-09-01T15:08:18.063+0000] {dag.py:2907} INFO - Sync 1 DAGs
[2023-09-01T15:08:18.084+0000] {logging_mixin.py:151} INFO - [2023-09-01T15:08:18.083+0000] {dag.py:3677} INFO - Setting next_dagrun for example_sensors to None, run_after=None
[2023-09-01T15:08:18.126+0000] {processor.py:179} INFO - Processing /home/airflow/.local/lib/python3.8/site-packages/airflow/example_dags/example_sensors.py took 0.131 seconds
[2023-09-01T15:08:48.176+0000] {processor.py:157} INFO - Started process (PID=2024) to work on /home/airflow/.local/lib/python3.8/site-packages/airflow/example_dags/example_sensors.py
[2023-09-01T15:08:48.178+0000] {processor.py:829} INFO - Processing file /home/airflow/.local/lib/python3.8/site-packages/airflow/example_dags/example_sensors.py for tasks to queue
[2023-09-01T15:08:48.181+0000] {logging_mixin.py:151} INFO - [2023-09-01T15:08:48.180+0000] {dagbag.py:539} INFO - Filling up the DagBag from /home/airflow/.local/lib/python3.8/site-packages/airflow/example_dags/example_sensors.py
[2023-09-01T15:08:48.193+0000] {processor.py:839} INFO - DAG(s) dict_keys(['example_sensors']) retrieved from /home/airflow/.local/lib/python3.8/site-packages/airflow/example_dags/example_sensors.py
[2023-09-01T15:08:48.222+0000] {logging_mixin.py:151} INFO - [2023-09-01T15:08:48.222+0000] {dag.py:2907} INFO - Sync 1 DAGs
[2023-09-01T15:08:48.236+0000] {logging_mixin.py:151} INFO - [2023-09-01T15:08:48.236+0000] {dag.py:3677} INFO - Setting next_dagrun for example_sensors to None, run_after=None
[2023-09-01T15:08:48.256+0000] {processor.py:179} INFO - Processing /home/airflow/.local/lib/python3.8/site-packages/airflow/example_dags/example_sensors.py took 0.085 seconds
[2023-09-01T15:09:18.408+0000] {processor.py:157} INFO - Started process (PID=2078) to work on /home/airflow/.local/lib/python3.8/site-packages/airflow/example_dags/example_sensors.py
[2023-09-01T15:09:18.409+0000] {processor.py:829} INFO - Processing file /home/airflow/.local/lib/python3.8/site-packages/airflow/example_dags/example_sensors.py for tasks to queue
[2023-09-01T15:09:18.412+0000] {logging_mixin.py:151} INFO - [2023-09-01T15:09:18.412+0000] {dagbag.py:539} INFO - Filling up the DagBag from /home/airflow/.local/lib/python3.8/site-packages/airflow/example_dags/example_sensors.py
[2023-09-01T15:09:18.423+0000] {processor.py:839} INFO - DAG(s) dict_keys(['example_sensors']) retrieved from /home/airflow/.local/lib/python3.8/site-packages/airflow/example_dags/example_sensors.py
[2023-09-01T15:09:18.452+0000] {logging_mixin.py:151} INFO - [2023-09-01T15:09:18.452+0000] {dag.py:2907} INFO - Sync 1 DAGs
[2023-09-01T15:09:18.466+0000] {logging_mixin.py:151} INFO - [2023-09-01T15:09:18.466+0000] {dag.py:3677} INFO - Setting next_dagrun for example_sensors to None, run_after=None
[2023-09-01T15:09:18.485+0000] {processor.py:179} INFO - Processing /home/airflow/.local/lib/python3.8/site-packages/airflow/example_dags/example_sensors.py took 0.081 seconds
[2023-09-01T15:09:48.656+0000] {processor.py:157} INFO - Started process (PID=2132) to work on /home/airflow/.local/lib/python3.8/site-packages/airflow/example_dags/example_sensors.py
[2023-09-01T15:09:48.657+0000] {processor.py:829} INFO - Processing file /home/airflow/.local/lib/python3.8/site-packages/airflow/example_dags/example_sensors.py for tasks to queue
[2023-09-01T15:09:48.660+0000] {logging_mixin.py:151} INFO - [2023-09-01T15:09:48.660+0000] {dagbag.py:539} INFO - Filling up the DagBag from /home/airflow/.local/lib/python3.8/site-packages/airflow/example_dags/example_sensors.py
[2023-09-01T15:09:48.672+0000] {processor.py:839} INFO - DAG(s) dict_keys(['example_sensors']) retrieved from /home/airflow/.local/lib/python3.8/site-packages/airflow/example_dags/example_sensors.py
[2023-09-01T15:09:48.704+0000] {logging_mixin.py:151} INFO - [2023-09-01T15:09:48.704+0000] {dag.py:2907} INFO - Sync 1 DAGs
[2023-09-01T15:09:48.721+0000] {logging_mixin.py:151} INFO - [2023-09-01T15:09:48.720+0000] {dag.py:3677} INFO - Setting next_dagrun for example_sensors to None, run_after=None
[2023-09-01T15:09:48.743+0000] {processor.py:179} INFO - Processing /home/airflow/.local/lib/python3.8/site-packages/airflow/example_dags/example_sensors.py took 0.092 seconds
[2023-09-01T15:10:19.100+0000] {processor.py:157} INFO - Started process (PID=2186) to work on /home/airflow/.local/lib/python3.8/site-packages/airflow/example_dags/example_sensors.py
[2023-09-01T15:10:19.101+0000] {processor.py:829} INFO - Processing file /home/airflow/.local/lib/python3.8/site-packages/airflow/example_dags/example_sensors.py for tasks to queue
[2023-09-01T15:10:19.104+0000] {logging_mixin.py:151} INFO - [2023-09-01T15:10:19.104+0000] {dagbag.py:539} INFO - Filling up the DagBag from /home/airflow/.local/lib/python3.8/site-packages/airflow/example_dags/example_sensors.py
[2023-09-01T15:10:19.115+0000] {processor.py:839} INFO - DAG(s) dict_keys(['example_sensors']) retrieved from /home/airflow/.local/lib/python3.8/site-packages/airflow/example_dags/example_sensors.py
[2023-09-01T15:10:19.142+0000] {logging_mixin.py:151} INFO - [2023-09-01T15:10:19.142+0000] {dag.py:2907} INFO - Sync 1 DAGs
[2023-09-01T15:10:19.157+0000] {logging_mixin.py:151} INFO - [2023-09-01T15:10:19.157+0000] {dag.py:3677} INFO - Setting next_dagrun for example_sensors to None, run_after=None
[2023-09-01T15:10:19.180+0000] {processor.py:179} INFO - Processing /home/airflow/.local/lib/python3.8/site-packages/airflow/example_dags/example_sensors.py took 0.085 seconds
[2023-09-01T15:10:49.451+0000] {processor.py:157} INFO - Started process (PID=2240) to work on /home/airflow/.local/lib/python3.8/site-packages/airflow/example_dags/example_sensors.py
[2023-09-01T15:10:49.452+0000] {processor.py:829} INFO - Processing file /home/airflow/.local/lib/python3.8/site-packages/airflow/example_dags/example_sensors.py for tasks to queue
[2023-09-01T15:10:49.455+0000] {logging_mixin.py:151} INFO - [2023-09-01T15:10:49.455+0000] {dagbag.py:539} INFO - Filling up the DagBag from /home/airflow/.local/lib/python3.8/site-packages/airflow/example_dags/example_sensors.py
[2023-09-01T15:10:49.467+0000] {processor.py:839} INFO - DAG(s) dict_keys(['example_sensors']) retrieved from /home/airflow/.local/lib/python3.8/site-packages/airflow/example_dags/example_sensors.py
[2023-09-01T15:10:49.495+0000] {logging_mixin.py:151} INFO - [2023-09-01T15:10:49.495+0000] {dag.py:2907} INFO - Sync 1 DAGs
[2023-09-01T15:10:49.510+0000] {logging_mixin.py:151} INFO - [2023-09-01T15:10:49.510+0000] {dag.py:3677} INFO - Setting next_dagrun for example_sensors to None, run_after=None
[2023-09-01T15:10:49.545+0000] {processor.py:179} INFO - Processing /home/airflow/.local/lib/python3.8/site-packages/airflow/example_dags/example_sensors.py took 0.098 seconds
[2023-09-01T15:11:19.888+0000] {processor.py:157} INFO - Started process (PID=2294) to work on /home/airflow/.local/lib/python3.8/site-packages/airflow/example_dags/example_sensors.py
[2023-09-01T15:11:19.889+0000] {processor.py:829} INFO - Processing file /home/airflow/.local/lib/python3.8/site-packages/airflow/example_dags/example_sensors.py for tasks to queue
[2023-09-01T15:11:19.892+0000] {logging_mixin.py:151} INFO - [2023-09-01T15:11:19.891+0000] {dagbag.py:539} INFO - Filling up the DagBag from /home/airflow/.local/lib/python3.8/site-packages/airflow/example_dags/example_sensors.py
[2023-09-01T15:11:19.903+0000] {processor.py:839} INFO - DAG(s) dict_keys(['example_sensors']) retrieved from /home/airflow/.local/lib/python3.8/site-packages/airflow/example_dags/example_sensors.py
[2023-09-01T15:11:19.932+0000] {logging_mixin.py:151} INFO - [2023-09-01T15:11:19.931+0000] {dag.py:2907} INFO - Sync 1 DAGs
[2023-09-01T15:11:19.946+0000] {logging_mixin.py:151} INFO - [2023-09-01T15:11:19.946+0000] {dag.py:3677} INFO - Setting next_dagrun for example_sensors to None, run_after=None
[2023-09-01T15:11:19.966+0000] {processor.py:179} INFO - Processing /home/airflow/.local/lib/python3.8/site-packages/airflow/example_dags/example_sensors.py took 0.083 seconds
[2023-09-01T15:11:50.159+0000] {processor.py:157} INFO - Started process (PID=2348) to work on /home/airflow/.local/lib/python3.8/site-packages/airflow/example_dags/example_sensors.py
[2023-09-01T15:11:50.160+0000] {processor.py:829} INFO - Processing file /home/airflow/.local/lib/python3.8/site-packages/airflow/example_dags/example_sensors.py for tasks to queue
[2023-09-01T15:11:50.163+0000] {logging_mixin.py:151} INFO - [2023-09-01T15:11:50.162+0000] {dagbag.py:539} INFO - Filling up the DagBag from /home/airflow/.local/lib/python3.8/site-packages/airflow/example_dags/example_sensors.py
[2023-09-01T15:11:50.174+0000] {processor.py:839} INFO - DAG(s) dict_keys(['example_sensors']) retrieved from /home/airflow/.local/lib/python3.8/site-packages/airflow/example_dags/example_sensors.py
[2023-09-01T15:11:50.203+0000] {logging_mixin.py:151} INFO - [2023-09-01T15:11:50.202+0000] {dag.py:2907} INFO - Sync 1 DAGs
[2023-09-01T15:11:50.218+0000] {logging_mixin.py:151} INFO - [2023-09-01T15:11:50.218+0000] {dag.py:3677} INFO - Setting next_dagrun for example_sensors to None, run_after=None
[2023-09-01T15:11:50.239+0000] {processor.py:179} INFO - Processing /home/airflow/.local/lib/python3.8/site-packages/airflow/example_dags/example_sensors.py took 0.085 seconds
[2023-09-01T15:12:20.458+0000] {processor.py:157} INFO - Started process (PID=2402) to work on /home/airflow/.local/lib/python3.8/site-packages/airflow/example_dags/example_sensors.py
[2023-09-01T15:12:20.459+0000] {processor.py:829} INFO - Processing file /home/airflow/.local/lib/python3.8/site-packages/airflow/example_dags/example_sensors.py for tasks to queue
[2023-09-01T15:12:20.463+0000] {logging_mixin.py:151} INFO - [2023-09-01T15:12:20.462+0000] {dagbag.py:539} INFO - Filling up the DagBag from /home/airflow/.local/lib/python3.8/site-packages/airflow/example_dags/example_sensors.py
[2023-09-01T15:12:20.477+0000] {processor.py:839} INFO - DAG(s) dict_keys(['example_sensors']) retrieved from /home/airflow/.local/lib/python3.8/site-packages/airflow/example_dags/example_sensors.py
[2023-09-01T15:12:20.513+0000] {logging_mixin.py:151} INFO - [2023-09-01T15:12:20.513+0000] {dag.py:2907} INFO - Sync 1 DAGs
[2023-09-01T15:12:20.531+0000] {logging_mixin.py:151} INFO - [2023-09-01T15:12:20.531+0000] {dag.py:3677} INFO - Setting next_dagrun for example_sensors to None, run_after=None
[2023-09-01T15:12:20.558+0000] {processor.py:179} INFO - Processing /home/airflow/.local/lib/python3.8/site-packages/airflow/example_dags/example_sensors.py took 0.105 seconds
[2023-09-01T15:12:50.668+0000] {processor.py:157} INFO - Started process (PID=2456) to work on /home/airflow/.local/lib/python3.8/site-packages/airflow/example_dags/example_sensors.py
[2023-09-01T15:12:50.670+0000] {processor.py:829} INFO - Processing file /home/airflow/.local/lib/python3.8/site-packages/airflow/example_dags/example_sensors.py for tasks to queue
[2023-09-01T15:12:50.674+0000] {logging_mixin.py:151} INFO - [2023-09-01T15:12:50.673+0000] {dagbag.py:539} INFO - Filling up the DagBag from /home/airflow/.local/lib/python3.8/site-packages/airflow/example_dags/example_sensors.py
[2023-09-01T15:12:50.687+0000] {processor.py:839} INFO - DAG(s) dict_keys(['example_sensors']) retrieved from /home/airflow/.local/lib/python3.8/site-packages/airflow/example_dags/example_sensors.py
[2023-09-01T15:12:50.724+0000] {logging_mixin.py:151} INFO - [2023-09-01T15:12:50.724+0000] {dag.py:2907} INFO - Sync 1 DAGs
[2023-09-01T15:12:50.742+0000] {logging_mixin.py:151} INFO - [2023-09-01T15:12:50.742+0000] {dag.py:3677} INFO - Setting next_dagrun for example_sensors to None, run_after=None
[2023-09-01T15:12:50.769+0000] {processor.py:179} INFO - Processing /home/airflow/.local/lib/python3.8/site-packages/airflow/example_dags/example_sensors.py took 0.105 seconds
[2023-09-01T15:13:20.817+0000] {processor.py:157} INFO - Started process (PID=2509) to work on /home/airflow/.local/lib/python3.8/site-packages/airflow/example_dags/example_sensors.py
[2023-09-01T15:13:20.818+0000] {processor.py:829} INFO - Processing file /home/airflow/.local/lib/python3.8/site-packages/airflow/example_dags/example_sensors.py for tasks to queue
[2023-09-01T15:13:20.821+0000] {logging_mixin.py:151} INFO - [2023-09-01T15:13:20.821+0000] {dagbag.py:539} INFO - Filling up the DagBag from /home/airflow/.local/lib/python3.8/site-packages/airflow/example_dags/example_sensors.py
[2023-09-01T15:13:20.832+0000] {processor.py:839} INFO - DAG(s) dict_keys(['example_sensors']) retrieved from /home/airflow/.local/lib/python3.8/site-packages/airflow/example_dags/example_sensors.py
[2023-09-01T15:13:20.858+0000] {logging_mixin.py:151} INFO - [2023-09-01T15:13:20.858+0000] {dag.py:2907} INFO - Sync 1 DAGs
[2023-09-01T15:13:20.872+0000] {logging_mixin.py:151} INFO - [2023-09-01T15:13:20.872+0000] {dag.py:3677} INFO - Setting next_dagrun for example_sensors to None, run_after=None
[2023-09-01T15:13:20.891+0000] {processor.py:179} INFO - Processing /home/airflow/.local/lib/python3.8/site-packages/airflow/example_dags/example_sensors.py took 0.078 seconds
[2023-09-01T15:13:51.771+0000] {processor.py:157} INFO - Started process (PID=2564) to work on /home/airflow/.local/lib/python3.8/site-packages/airflow/example_dags/example_sensors.py
[2023-09-01T15:13:51.773+0000] {processor.py:829} INFO - Processing file /home/airflow/.local/lib/python3.8/site-packages/airflow/example_dags/example_sensors.py for tasks to queue
[2023-09-01T15:13:51.776+0000] {logging_mixin.py:151} INFO - [2023-09-01T15:13:51.776+0000] {dagbag.py:539} INFO - Filling up the DagBag from /home/airflow/.local/lib/python3.8/site-packages/airflow/example_dags/example_sensors.py
[2023-09-01T15:13:51.790+0000] {processor.py:839} INFO - DAG(s) dict_keys(['example_sensors']) retrieved from /home/airflow/.local/lib/python3.8/site-packages/airflow/example_dags/example_sensors.py
[2023-09-01T15:13:51.822+0000] {logging_mixin.py:151} INFO - [2023-09-01T15:13:51.821+0000] {dag.py:2907} INFO - Sync 1 DAGs
[2023-09-01T15:13:51.838+0000] {logging_mixin.py:151} INFO - [2023-09-01T15:13:51.838+0000] {dag.py:3677} INFO - Setting next_dagrun for example_sensors to None, run_after=None
[2023-09-01T15:13:51.857+0000] {processor.py:179} INFO - Processing /home/airflow/.local/lib/python3.8/site-packages/airflow/example_dags/example_sensors.py took 0.091 seconds
[2023-09-01T15:14:22.741+0000] {processor.py:157} INFO - Started process (PID=2618) to work on /home/airflow/.local/lib/python3.8/site-packages/airflow/example_dags/example_sensors.py
[2023-09-01T15:14:22.743+0000] {processor.py:829} INFO - Processing file /home/airflow/.local/lib/python3.8/site-packages/airflow/example_dags/example_sensors.py for tasks to queue
[2023-09-01T15:14:22.745+0000] {logging_mixin.py:151} INFO - [2023-09-01T15:14:22.745+0000] {dagbag.py:539} INFO - Filling up the DagBag from /home/airflow/.local/lib/python3.8/site-packages/airflow/example_dags/example_sensors.py
[2023-09-01T15:14:22.756+0000] {processor.py:839} INFO - DAG(s) dict_keys(['example_sensors']) retrieved from /home/airflow/.local/lib/python3.8/site-packages/airflow/example_dags/example_sensors.py
[2023-09-01T15:14:22.783+0000] {logging_mixin.py:151} INFO - [2023-09-01T15:14:22.782+0000] {dag.py:2907} INFO - Sync 1 DAGs
[2023-09-01T15:14:22.797+0000] {logging_mixin.py:151} INFO - [2023-09-01T15:14:22.797+0000] {dag.py:3677} INFO - Setting next_dagrun for example_sensors to None, run_after=None
[2023-09-01T15:14:22.818+0000] {processor.py:179} INFO - Processing /home/airflow/.local/lib/python3.8/site-packages/airflow/example_dags/example_sensors.py took 0.080 seconds
[2023-09-01T15:14:53.710+0000] {processor.py:157} INFO - Started process (PID=2672) to work on /home/airflow/.local/lib/python3.8/site-packages/airflow/example_dags/example_sensors.py
[2023-09-01T15:14:53.711+0000] {processor.py:829} INFO - Processing file /home/airflow/.local/lib/python3.8/site-packages/airflow/example_dags/example_sensors.py for tasks to queue
[2023-09-01T15:14:53.714+0000] {logging_mixin.py:151} INFO - [2023-09-01T15:14:53.714+0000] {dagbag.py:539} INFO - Filling up the DagBag from /home/airflow/.local/lib/python3.8/site-packages/airflow/example_dags/example_sensors.py
[2023-09-01T15:14:53.725+0000] {processor.py:839} INFO - DAG(s) dict_keys(['example_sensors']) retrieved from /home/airflow/.local/lib/python3.8/site-packages/airflow/example_dags/example_sensors.py
[2023-09-01T15:14:53.754+0000] {logging_mixin.py:151} INFO - [2023-09-01T15:14:53.754+0000] {dag.py:2907} INFO - Sync 1 DAGs
[2023-09-01T15:14:53.768+0000] {logging_mixin.py:151} INFO - [2023-09-01T15:14:53.768+0000] {dag.py:3677} INFO - Setting next_dagrun for example_sensors to None, run_after=None
[2023-09-01T15:14:53.787+0000] {processor.py:179} INFO - Processing /home/airflow/.local/lib/python3.8/site-packages/airflow/example_dags/example_sensors.py took 0.081 seconds
[2023-09-01T15:15:24.807+0000] {processor.py:157} INFO - Started process (PID=2726) to work on /home/airflow/.local/lib/python3.8/site-packages/airflow/example_dags/example_sensors.py
[2023-09-01T15:15:24.809+0000] {processor.py:829} INFO - Processing file /home/airflow/.local/lib/python3.8/site-packages/airflow/example_dags/example_sensors.py for tasks to queue
[2023-09-01T15:15:24.811+0000] {logging_mixin.py:151} INFO - [2023-09-01T15:15:24.811+0000] {dagbag.py:539} INFO - Filling up the DagBag from /home/airflow/.local/lib/python3.8/site-packages/airflow/example_dags/example_sensors.py
[2023-09-01T15:15:24.822+0000] {processor.py:839} INFO - DAG(s) dict_keys(['example_sensors']) retrieved from /home/airflow/.local/lib/python3.8/site-packages/airflow/example_dags/example_sensors.py
[2023-09-01T15:15:24.850+0000] {logging_mixin.py:151} INFO - [2023-09-01T15:15:24.849+0000] {dag.py:2907} INFO - Sync 1 DAGs
[2023-09-01T15:15:24.864+0000] {logging_mixin.py:151} INFO - [2023-09-01T15:15:24.864+0000] {dag.py:3677} INFO - Setting next_dagrun for example_sensors to None, run_after=None
[2023-09-01T15:15:24.884+0000] {processor.py:179} INFO - Processing /home/airflow/.local/lib/python3.8/site-packages/airflow/example_dags/example_sensors.py took 0.081 seconds
[2023-09-01T15:15:55.085+0000] {processor.py:157} INFO - Started process (PID=2780) to work on /home/airflow/.local/lib/python3.8/site-packages/airflow/example_dags/example_sensors.py
[2023-09-01T15:15:55.087+0000] {processor.py:829} INFO - Processing file /home/airflow/.local/lib/python3.8/site-packages/airflow/example_dags/example_sensors.py for tasks to queue
[2023-09-01T15:15:55.089+0000] {logging_mixin.py:151} INFO - [2023-09-01T15:15:55.089+0000] {dagbag.py:539} INFO - Filling up the DagBag from /home/airflow/.local/lib/python3.8/site-packages/airflow/example_dags/example_sensors.py
[2023-09-01T15:15:55.101+0000] {processor.py:839} INFO - DAG(s) dict_keys(['example_sensors']) retrieved from /home/airflow/.local/lib/python3.8/site-packages/airflow/example_dags/example_sensors.py
[2023-09-01T15:15:55.130+0000] {logging_mixin.py:151} INFO - [2023-09-01T15:15:55.130+0000] {dag.py:2907} INFO - Sync 1 DAGs
[2023-09-01T15:15:55.146+0000] {logging_mixin.py:151} INFO - [2023-09-01T15:15:55.146+0000] {dag.py:3677} INFO - Setting next_dagrun for example_sensors to None, run_after=None
[2023-09-01T15:15:55.170+0000] {processor.py:179} INFO - Processing /home/airflow/.local/lib/python3.8/site-packages/airflow/example_dags/example_sensors.py took 0.089 seconds
[2023-09-01T15:16:25.305+0000] {processor.py:157} INFO - Started process (PID=2834) to work on /home/airflow/.local/lib/python3.8/site-packages/airflow/example_dags/example_sensors.py
[2023-09-01T15:16:25.307+0000] {processor.py:829} INFO - Processing file /home/airflow/.local/lib/python3.8/site-packages/airflow/example_dags/example_sensors.py for tasks to queue
[2023-09-01T15:16:25.310+0000] {logging_mixin.py:151} INFO - [2023-09-01T15:16:25.309+0000] {dagbag.py:539} INFO - Filling up the DagBag from /home/airflow/.local/lib/python3.8/site-packages/airflow/example_dags/example_sensors.py
[2023-09-01T15:16:25.321+0000] {processor.py:839} INFO - DAG(s) dict_keys(['example_sensors']) retrieved from /home/airflow/.local/lib/python3.8/site-packages/airflow/example_dags/example_sensors.py
[2023-09-01T15:16:25.355+0000] {logging_mixin.py:151} INFO - [2023-09-01T15:16:25.354+0000] {dag.py:2907} INFO - Sync 1 DAGs
[2023-09-01T15:16:25.371+0000] {logging_mixin.py:151} INFO - [2023-09-01T15:16:25.371+0000] {dag.py:3677} INFO - Setting next_dagrun for example_sensors to None, run_after=None
[2023-09-01T15:16:25.394+0000] {processor.py:179} INFO - Processing /home/airflow/.local/lib/python3.8/site-packages/airflow/example_dags/example_sensors.py took 0.093 seconds
[2023-09-01T15:16:55.737+0000] {processor.py:157} INFO - Started process (PID=2889) to work on /home/airflow/.local/lib/python3.8/site-packages/airflow/example_dags/example_sensors.py
[2023-09-01T15:16:55.738+0000] {processor.py:829} INFO - Processing file /home/airflow/.local/lib/python3.8/site-packages/airflow/example_dags/example_sensors.py for tasks to queue
[2023-09-01T15:16:55.741+0000] {logging_mixin.py:151} INFO - [2023-09-01T15:16:55.741+0000] {dagbag.py:539} INFO - Filling up the DagBag from /home/airflow/.local/lib/python3.8/site-packages/airflow/example_dags/example_sensors.py
[2023-09-01T15:16:55.753+0000] {processor.py:839} INFO - DAG(s) dict_keys(['example_sensors']) retrieved from /home/airflow/.local/lib/python3.8/site-packages/airflow/example_dags/example_sensors.py
[2023-09-01T15:16:55.783+0000] {logging_mixin.py:151} INFO - [2023-09-01T15:16:55.783+0000] {dag.py:2907} INFO - Sync 1 DAGs
[2023-09-01T15:16:55.800+0000] {logging_mixin.py:151} INFO - [2023-09-01T15:16:55.799+0000] {dag.py:3677} INFO - Setting next_dagrun for example_sensors to None, run_after=None
[2023-09-01T15:16:55.825+0000] {processor.py:179} INFO - Processing /home/airflow/.local/lib/python3.8/site-packages/airflow/example_dags/example_sensors.py took 0.092 seconds
[2023-09-01T15:17:26.341+0000] {processor.py:157} INFO - Started process (PID=2944) to work on /home/airflow/.local/lib/python3.8/site-packages/airflow/example_dags/example_sensors.py
[2023-09-01T15:17:26.343+0000] {processor.py:829} INFO - Processing file /home/airflow/.local/lib/python3.8/site-packages/airflow/example_dags/example_sensors.py for tasks to queue
[2023-09-01T15:17:26.346+0000] {logging_mixin.py:151} INFO - [2023-09-01T15:17:26.346+0000] {dagbag.py:539} INFO - Filling up the DagBag from /home/airflow/.local/lib/python3.8/site-packages/airflow/example_dags/example_sensors.py
[2023-09-01T15:17:26.359+0000] {processor.py:839} INFO - DAG(s) dict_keys(['example_sensors']) retrieved from /home/airflow/.local/lib/python3.8/site-packages/airflow/example_dags/example_sensors.py
[2023-09-01T15:17:26.394+0000] {logging_mixin.py:151} INFO - [2023-09-01T15:17:26.394+0000] {dag.py:2907} INFO - Sync 1 DAGs
[2023-09-01T15:17:26.412+0000] {logging_mixin.py:151} INFO - [2023-09-01T15:17:26.412+0000] {dag.py:3677} INFO - Setting next_dagrun for example_sensors to None, run_after=None
[2023-09-01T15:17:26.441+0000] {processor.py:179} INFO - Processing /home/airflow/.local/lib/python3.8/site-packages/airflow/example_dags/example_sensors.py took 0.104 seconds
[2023-09-01T15:17:56.682+0000] {processor.py:157} INFO - Started process (PID=2998) to work on /home/airflow/.local/lib/python3.8/site-packages/airflow/example_dags/example_sensors.py
[2023-09-01T15:17:56.683+0000] {processor.py:829} INFO - Processing file /home/airflow/.local/lib/python3.8/site-packages/airflow/example_dags/example_sensors.py for tasks to queue
[2023-09-01T15:17:56.686+0000] {logging_mixin.py:151} INFO - [2023-09-01T15:17:56.686+0000] {dagbag.py:539} INFO - Filling up the DagBag from /home/airflow/.local/lib/python3.8/site-packages/airflow/example_dags/example_sensors.py
[2023-09-01T15:17:56.697+0000] {processor.py:839} INFO - DAG(s) dict_keys(['example_sensors']) retrieved from /home/airflow/.local/lib/python3.8/site-packages/airflow/example_dags/example_sensors.py
[2023-09-01T15:17:56.725+0000] {logging_mixin.py:151} INFO - [2023-09-01T15:17:56.725+0000] {dag.py:2907} INFO - Sync 1 DAGs
[2023-09-01T15:17:56.740+0000] {logging_mixin.py:151} INFO - [2023-09-01T15:17:56.739+0000] {dag.py:3677} INFO - Setting next_dagrun for example_sensors to None, run_after=None
[2023-09-01T15:17:56.758+0000] {processor.py:179} INFO - Processing /home/airflow/.local/lib/python3.8/site-packages/airflow/example_dags/example_sensors.py took 0.081 seconds
[2023-09-01T15:18:26.890+0000] {processor.py:157} INFO - Started process (PID=3052) to work on /home/airflow/.local/lib/python3.8/site-packages/airflow/example_dags/example_sensors.py
[2023-09-01T15:18:26.892+0000] {processor.py:829} INFO - Processing file /home/airflow/.local/lib/python3.8/site-packages/airflow/example_dags/example_sensors.py for tasks to queue
[2023-09-01T15:18:26.895+0000] {logging_mixin.py:151} INFO - [2023-09-01T15:18:26.894+0000] {dagbag.py:539} INFO - Filling up the DagBag from /home/airflow/.local/lib/python3.8/site-packages/airflow/example_dags/example_sensors.py
[2023-09-01T15:18:26.906+0000] {processor.py:839} INFO - DAG(s) dict_keys(['example_sensors']) retrieved from /home/airflow/.local/lib/python3.8/site-packages/airflow/example_dags/example_sensors.py
[2023-09-01T15:18:26.935+0000] {logging_mixin.py:151} INFO - [2023-09-01T15:18:26.934+0000] {dag.py:2907} INFO - Sync 1 DAGs
[2023-09-01T15:18:26.950+0000] {logging_mixin.py:151} INFO - [2023-09-01T15:18:26.949+0000] {dag.py:3677} INFO - Setting next_dagrun for example_sensors to None, run_after=None
[2023-09-01T15:18:26.969+0000] {processor.py:179} INFO - Processing /home/airflow/.local/lib/python3.8/site-packages/airflow/example_dags/example_sensors.py took 0.083 seconds
[2023-09-01T15:18:57.474+0000] {processor.py:157} INFO - Started process (PID=3106) to work on /home/airflow/.local/lib/python3.8/site-packages/airflow/example_dags/example_sensors.py
[2023-09-01T15:18:57.476+0000] {processor.py:829} INFO - Processing file /home/airflow/.local/lib/python3.8/site-packages/airflow/example_dags/example_sensors.py for tasks to queue
[2023-09-01T15:18:57.479+0000] {logging_mixin.py:151} INFO - [2023-09-01T15:18:57.478+0000] {dagbag.py:539} INFO - Filling up the DagBag from /home/airflow/.local/lib/python3.8/site-packages/airflow/example_dags/example_sensors.py
[2023-09-01T15:18:57.490+0000] {processor.py:839} INFO - DAG(s) dict_keys(['example_sensors']) retrieved from /home/airflow/.local/lib/python3.8/site-packages/airflow/example_dags/example_sensors.py
[2023-09-01T15:18:57.521+0000] {logging_mixin.py:151} INFO - [2023-09-01T15:18:57.520+0000] {dag.py:2907} INFO - Sync 1 DAGs
[2023-09-01T15:18:57.535+0000] {logging_mixin.py:151} INFO - [2023-09-01T15:18:57.535+0000] {dag.py:3677} INFO - Setting next_dagrun for example_sensors to None, run_after=None
[2023-09-01T15:18:57.554+0000] {processor.py:179} INFO - Processing /home/airflow/.local/lib/python3.8/site-packages/airflow/example_dags/example_sensors.py took 0.084 seconds
[2023-09-01T15:19:28.027+0000] {processor.py:157} INFO - Started process (PID=3160) to work on /home/airflow/.local/lib/python3.8/site-packages/airflow/example_dags/example_sensors.py
[2023-09-01T15:19:28.028+0000] {processor.py:829} INFO - Processing file /home/airflow/.local/lib/python3.8/site-packages/airflow/example_dags/example_sensors.py for tasks to queue
[2023-09-01T15:19:28.031+0000] {logging_mixin.py:151} INFO - [2023-09-01T15:19:28.031+0000] {dagbag.py:539} INFO - Filling up the DagBag from /home/airflow/.local/lib/python3.8/site-packages/airflow/example_dags/example_sensors.py
[2023-09-01T15:19:28.044+0000] {processor.py:839} INFO - DAG(s) dict_keys(['example_sensors']) retrieved from /home/airflow/.local/lib/python3.8/site-packages/airflow/example_dags/example_sensors.py
[2023-09-01T15:19:28.073+0000] {logging_mixin.py:151} INFO - [2023-09-01T15:19:28.073+0000] {dag.py:2907} INFO - Sync 1 DAGs
[2023-09-01T15:19:28.089+0000] {logging_mixin.py:151} INFO - [2023-09-01T15:19:28.089+0000] {dag.py:3677} INFO - Setting next_dagrun for example_sensors to None, run_after=None
[2023-09-01T15:19:28.113+0000] {processor.py:179} INFO - Processing /home/airflow/.local/lib/python3.8/site-packages/airflow/example_dags/example_sensors.py took 0.090 seconds
[2023-09-01T15:19:58.666+0000] {processor.py:157} INFO - Started process (PID=3214) to work on /home/airflow/.local/lib/python3.8/site-packages/airflow/example_dags/example_sensors.py
[2023-09-01T15:19:58.667+0000] {processor.py:829} INFO - Processing file /home/airflow/.local/lib/python3.8/site-packages/airflow/example_dags/example_sensors.py for tasks to queue
[2023-09-01T15:19:58.670+0000] {logging_mixin.py:151} INFO - [2023-09-01T15:19:58.670+0000] {dagbag.py:539} INFO - Filling up the DagBag from /home/airflow/.local/lib/python3.8/site-packages/airflow/example_dags/example_sensors.py
[2023-09-01T15:19:58.682+0000] {processor.py:839} INFO - DAG(s) dict_keys(['example_sensors']) retrieved from /home/airflow/.local/lib/python3.8/site-packages/airflow/example_dags/example_sensors.py
[2023-09-01T15:19:58.714+0000] {logging_mixin.py:151} INFO - [2023-09-01T15:19:58.714+0000] {dag.py:2907} INFO - Sync 1 DAGs
[2023-09-01T15:19:58.730+0000] {logging_mixin.py:151} INFO - [2023-09-01T15:19:58.730+0000] {dag.py:3677} INFO - Setting next_dagrun for example_sensors to None, run_after=None
[2023-09-01T15:19:58.752+0000] {processor.py:179} INFO - Processing /home/airflow/.local/lib/python3.8/site-packages/airflow/example_dags/example_sensors.py took 0.090 seconds
[2023-09-01T15:20:29.063+0000] {processor.py:157} INFO - Started process (PID=3268) to work on /home/airflow/.local/lib/python3.8/site-packages/airflow/example_dags/example_sensors.py
[2023-09-01T15:20:29.064+0000] {processor.py:829} INFO - Processing file /home/airflow/.local/lib/python3.8/site-packages/airflow/example_dags/example_sensors.py for tasks to queue
[2023-09-01T15:20:29.067+0000] {logging_mixin.py:151} INFO - [2023-09-01T15:20:29.067+0000] {dagbag.py:539} INFO - Filling up the DagBag from /home/airflow/.local/lib/python3.8/site-packages/airflow/example_dags/example_sensors.py
[2023-09-01T15:20:29.078+0000] {processor.py:839} INFO - DAG(s) dict_keys(['example_sensors']) retrieved from /home/airflow/.local/lib/python3.8/site-packages/airflow/example_dags/example_sensors.py
[2023-09-01T15:20:29.106+0000] {logging_mixin.py:151} INFO - [2023-09-01T15:20:29.106+0000] {dag.py:2907} INFO - Sync 1 DAGs
[2023-09-01T15:20:29.121+0000] {logging_mixin.py:151} INFO - [2023-09-01T15:20:29.121+0000] {dag.py:3677} INFO - Setting next_dagrun for example_sensors to None, run_after=None
[2023-09-01T15:20:29.141+0000] {processor.py:179} INFO - Processing /home/airflow/.local/lib/python3.8/site-packages/airflow/example_dags/example_sensors.py took 0.082 seconds
[2023-09-01T15:20:59.655+0000] {processor.py:157} INFO - Started process (PID=3329) to work on /home/airflow/.local/lib/python3.8/site-packages/airflow/example_dags/example_sensors.py
[2023-09-01T15:20:59.656+0000] {processor.py:829} INFO - Processing file /home/airflow/.local/lib/python3.8/site-packages/airflow/example_dags/example_sensors.py for tasks to queue
[2023-09-01T15:20:59.659+0000] {logging_mixin.py:151} INFO - [2023-09-01T15:20:59.658+0000] {dagbag.py:539} INFO - Filling up the DagBag from /home/airflow/.local/lib/python3.8/site-packages/airflow/example_dags/example_sensors.py
[2023-09-01T15:20:59.669+0000] {processor.py:839} INFO - DAG(s) dict_keys(['example_sensors']) retrieved from /home/airflow/.local/lib/python3.8/site-packages/airflow/example_dags/example_sensors.py
[2023-09-01T15:20:59.698+0000] {logging_mixin.py:151} INFO - [2023-09-01T15:20:59.698+0000] {dag.py:2907} INFO - Sync 1 DAGs
[2023-09-01T15:20:59.712+0000] {logging_mixin.py:151} INFO - [2023-09-01T15:20:59.712+0000] {dag.py:3677} INFO - Setting next_dagrun for example_sensors to None, run_after=None
[2023-09-01T15:20:59.731+0000] {processor.py:179} INFO - Processing /home/airflow/.local/lib/python3.8/site-packages/airflow/example_dags/example_sensors.py took 0.081 seconds
[2023-09-01T15:21:30.258+0000] {processor.py:157} INFO - Started process (PID=3383) to work on /home/airflow/.local/lib/python3.8/site-packages/airflow/example_dags/example_sensors.py
[2023-09-01T15:21:30.259+0000] {processor.py:829} INFO - Processing file /home/airflow/.local/lib/python3.8/site-packages/airflow/example_dags/example_sensors.py for tasks to queue
[2023-09-01T15:21:30.262+0000] {logging_mixin.py:151} INFO - [2023-09-01T15:21:30.262+0000] {dagbag.py:539} INFO - Filling up the DagBag from /home/airflow/.local/lib/python3.8/site-packages/airflow/example_dags/example_sensors.py
[2023-09-01T15:21:30.273+0000] {processor.py:839} INFO - DAG(s) dict_keys(['example_sensors']) retrieved from /home/airflow/.local/lib/python3.8/site-packages/airflow/example_dags/example_sensors.py
[2023-09-01T15:21:30.302+0000] {logging_mixin.py:151} INFO - [2023-09-01T15:21:30.302+0000] {dag.py:2907} INFO - Sync 1 DAGs
[2023-09-01T15:21:30.316+0000] {logging_mixin.py:151} INFO - [2023-09-01T15:21:30.316+0000] {dag.py:3677} INFO - Setting next_dagrun for example_sensors to None, run_after=None
[2023-09-01T15:21:30.335+0000] {processor.py:179} INFO - Processing /home/airflow/.local/lib/python3.8/site-packages/airflow/example_dags/example_sensors.py took 0.081 seconds
