[2023-09-01T14:50:13.207+0000] {processor.py:157} INFO - Started process (PID=42) to work on /home/airflow/.local/lib/python3.8/site-packages/airflow/example_dags/example_branch_day_of_week_operator.py
[2023-09-01T14:50:13.209+0000] {processor.py:829} INFO - Processing file /home/airflow/.local/lib/python3.8/site-packages/airflow/example_dags/example_branch_day_of_week_operator.py for tasks to queue
[2023-09-01T14:50:13.216+0000] {logging_mixin.py:151} INFO - [2023-09-01T14:50:13.215+0000] {dagbag.py:539} INFO - Filling up the DagBag from /home/airflow/.local/lib/python3.8/site-packages/airflow/example_dags/example_branch_day_of_week_operator.py
[2023-09-01T14:50:13.237+0000] {processor.py:839} INFO - DAG(s) dict_keys(['example_weekday_branch_operator']) retrieved from /home/airflow/.local/lib/python3.8/site-packages/airflow/example_dags/example_branch_day_of_week_operator.py
[2023-09-01T14:50:13.684+0000] {logging_mixin.py:151} INFO - [2023-09-01T14:50:13.684+0000] {manager.py:501} INFO - Created Permission View: can read on DAG:example_weekday_branch_operator
[2023-09-01T14:50:13.712+0000] {logging_mixin.py:151} INFO - [2023-09-01T14:50:13.711+0000] {manager.py:501} INFO - Created Permission View: can edit on DAG:example_weekday_branch_operator
[2023-09-01T14:50:13.727+0000] {logging_mixin.py:151} INFO - [2023-09-01T14:50:13.727+0000] {manager.py:501} INFO - Created Permission View: can delete on DAG:example_weekday_branch_operator
[2023-09-01T14:50:13.758+0000] {logging_mixin.py:151} INFO - [2023-09-01T14:50:13.758+0000] {dag.py:2907} INFO - Sync 1 DAGs
[2023-09-01T14:50:13.790+0000] {logging_mixin.py:151} INFO - [2023-09-01T14:50:13.790+0000] {dag.py:2929} INFO - Creating ORM DAG for example_weekday_branch_operator
[2023-09-01T14:50:13.834+0000] {logging_mixin.py:151} INFO - [2023-09-01T14:50:13.833+0000] {dag.py:3677} INFO - Setting next_dagrun for example_weekday_branch_operator to 2023-08-31T00:00:00+00:00, run_after=2023-09-01T00:00:00+00:00
[2023-09-01T14:50:13.877+0000] {processor.py:179} INFO - Processing /home/airflow/.local/lib/python3.8/site-packages/airflow/example_dags/example_branch_day_of_week_operator.py took 0.677 seconds
[2023-09-01T14:50:44.409+0000] {processor.py:157} INFO - Started process (PID=95) to work on /home/airflow/.local/lib/python3.8/site-packages/airflow/example_dags/example_branch_day_of_week_operator.py
[2023-09-01T14:50:44.410+0000] {processor.py:829} INFO - Processing file /home/airflow/.local/lib/python3.8/site-packages/airflow/example_dags/example_branch_day_of_week_operator.py for tasks to queue
[2023-09-01T14:50:44.414+0000] {logging_mixin.py:151} INFO - [2023-09-01T14:50:44.414+0000] {dagbag.py:539} INFO - Filling up the DagBag from /home/airflow/.local/lib/python3.8/site-packages/airflow/example_dags/example_branch_day_of_week_operator.py
[2023-09-01T14:50:44.428+0000] {processor.py:839} INFO - DAG(s) dict_keys(['example_weekday_branch_operator']) retrieved from /home/airflow/.local/lib/python3.8/site-packages/airflow/example_dags/example_branch_day_of_week_operator.py
[2023-09-01T14:50:44.458+0000] {logging_mixin.py:151} INFO - [2023-09-01T14:50:44.458+0000] {dag.py:2907} INFO - Sync 1 DAGs
[2023-09-01T14:50:44.493+0000] {logging_mixin.py:151} INFO - [2023-09-01T14:50:44.493+0000] {dag.py:3677} INFO - Setting next_dagrun for example_weekday_branch_operator to 2023-08-31T00:00:00+00:00, run_after=2023-09-01T00:00:00+00:00
[2023-09-01T14:50:44.518+0000] {processor.py:179} INFO - Processing /home/airflow/.local/lib/python3.8/site-packages/airflow/example_dags/example_branch_day_of_week_operator.py took 0.114 seconds
[2023-09-01T14:51:14.570+0000] {processor.py:157} INFO - Started process (PID=149) to work on /home/airflow/.local/lib/python3.8/site-packages/airflow/example_dags/example_branch_day_of_week_operator.py
[2023-09-01T14:51:14.571+0000] {processor.py:829} INFO - Processing file /home/airflow/.local/lib/python3.8/site-packages/airflow/example_dags/example_branch_day_of_week_operator.py for tasks to queue
[2023-09-01T14:51:14.574+0000] {logging_mixin.py:151} INFO - [2023-09-01T14:51:14.573+0000] {dagbag.py:539} INFO - Filling up the DagBag from /home/airflow/.local/lib/python3.8/site-packages/airflow/example_dags/example_branch_day_of_week_operator.py
[2023-09-01T14:51:14.583+0000] {processor.py:839} INFO - DAG(s) dict_keys(['example_weekday_branch_operator']) retrieved from /home/airflow/.local/lib/python3.8/site-packages/airflow/example_dags/example_branch_day_of_week_operator.py
[2023-09-01T14:51:14.611+0000] {logging_mixin.py:151} INFO - [2023-09-01T14:51:14.610+0000] {dag.py:2907} INFO - Sync 1 DAGs
[2023-09-01T14:51:14.639+0000] {logging_mixin.py:151} INFO - [2023-09-01T14:51:14.639+0000] {dag.py:3677} INFO - Setting next_dagrun for example_weekday_branch_operator to 2023-08-31T00:00:00+00:00, run_after=2023-09-01T00:00:00+00:00
[2023-09-01T14:51:14.664+0000] {processor.py:179} INFO - Processing /home/airflow/.local/lib/python3.8/site-packages/airflow/example_dags/example_branch_day_of_week_operator.py took 0.099 seconds
[2023-09-01T14:51:45.048+0000] {processor.py:157} INFO - Started process (PID=203) to work on /home/airflow/.local/lib/python3.8/site-packages/airflow/example_dags/example_branch_day_of_week_operator.py
[2023-09-01T14:51:45.050+0000] {processor.py:829} INFO - Processing file /home/airflow/.local/lib/python3.8/site-packages/airflow/example_dags/example_branch_day_of_week_operator.py for tasks to queue
[2023-09-01T14:51:45.053+0000] {logging_mixin.py:151} INFO - [2023-09-01T14:51:45.053+0000] {dagbag.py:539} INFO - Filling up the DagBag from /home/airflow/.local/lib/python3.8/site-packages/airflow/example_dags/example_branch_day_of_week_operator.py
[2023-09-01T14:51:45.064+0000] {processor.py:839} INFO - DAG(s) dict_keys(['example_weekday_branch_operator']) retrieved from /home/airflow/.local/lib/python3.8/site-packages/airflow/example_dags/example_branch_day_of_week_operator.py
[2023-09-01T14:51:45.094+0000] {logging_mixin.py:151} INFO - [2023-09-01T14:51:45.094+0000] {dag.py:2907} INFO - Sync 1 DAGs
[2023-09-01T14:51:45.122+0000] {logging_mixin.py:151} INFO - [2023-09-01T14:51:45.122+0000] {dag.py:3677} INFO - Setting next_dagrun for example_weekday_branch_operator to 2023-08-31T00:00:00+00:00, run_after=2023-09-01T00:00:00+00:00
[2023-09-01T14:51:45.142+0000] {processor.py:179} INFO - Processing /home/airflow/.local/lib/python3.8/site-packages/airflow/example_dags/example_branch_day_of_week_operator.py took 0.098 seconds
[2023-09-01T14:52:15.242+0000] {processor.py:157} INFO - Started process (PID=257) to work on /home/airflow/.local/lib/python3.8/site-packages/airflow/example_dags/example_branch_day_of_week_operator.py
[2023-09-01T14:52:15.243+0000] {processor.py:829} INFO - Processing file /home/airflow/.local/lib/python3.8/site-packages/airflow/example_dags/example_branch_day_of_week_operator.py for tasks to queue
[2023-09-01T14:52:15.247+0000] {logging_mixin.py:151} INFO - [2023-09-01T14:52:15.246+0000] {dagbag.py:539} INFO - Filling up the DagBag from /home/airflow/.local/lib/python3.8/site-packages/airflow/example_dags/example_branch_day_of_week_operator.py
[2023-09-01T14:52:15.258+0000] {processor.py:839} INFO - DAG(s) dict_keys(['example_weekday_branch_operator']) retrieved from /home/airflow/.local/lib/python3.8/site-packages/airflow/example_dags/example_branch_day_of_week_operator.py
[2023-09-01T14:52:15.289+0000] {logging_mixin.py:151} INFO - [2023-09-01T14:52:15.289+0000] {dag.py:2907} INFO - Sync 1 DAGs
[2023-09-01T14:52:15.322+0000] {logging_mixin.py:151} INFO - [2023-09-01T14:52:15.322+0000] {dag.py:3677} INFO - Setting next_dagrun for example_weekday_branch_operator to 2023-08-31T00:00:00+00:00, run_after=2023-09-01T00:00:00+00:00
[2023-09-01T14:52:15.347+0000] {processor.py:179} INFO - Processing /home/airflow/.local/lib/python3.8/site-packages/airflow/example_dags/example_branch_day_of_week_operator.py took 0.111 seconds
[2023-09-01T14:52:45.461+0000] {processor.py:157} INFO - Started process (PID=312) to work on /home/airflow/.local/lib/python3.8/site-packages/airflow/example_dags/example_branch_day_of_week_operator.py
[2023-09-01T14:52:45.462+0000] {processor.py:829} INFO - Processing file /home/airflow/.local/lib/python3.8/site-packages/airflow/example_dags/example_branch_day_of_week_operator.py for tasks to queue
[2023-09-01T14:52:45.465+0000] {logging_mixin.py:151} INFO - [2023-09-01T14:52:45.464+0000] {dagbag.py:539} INFO - Filling up the DagBag from /home/airflow/.local/lib/python3.8/site-packages/airflow/example_dags/example_branch_day_of_week_operator.py
[2023-09-01T14:52:45.474+0000] {processor.py:839} INFO - DAG(s) dict_keys(['example_weekday_branch_operator']) retrieved from /home/airflow/.local/lib/python3.8/site-packages/airflow/example_dags/example_branch_day_of_week_operator.py
[2023-09-01T14:52:45.498+0000] {logging_mixin.py:151} INFO - [2023-09-01T14:52:45.498+0000] {dag.py:2907} INFO - Sync 1 DAGs
[2023-09-01T14:52:45.525+0000] {logging_mixin.py:151} INFO - [2023-09-01T14:52:45.525+0000] {dag.py:3677} INFO - Setting next_dagrun for example_weekday_branch_operator to 2023-08-31T00:00:00+00:00, run_after=2023-09-01T00:00:00+00:00
[2023-09-01T14:52:45.547+0000] {processor.py:179} INFO - Processing /home/airflow/.local/lib/python3.8/site-packages/airflow/example_dags/example_branch_day_of_week_operator.py took 0.091 seconds
[2023-09-01T14:53:15.580+0000] {processor.py:157} INFO - Started process (PID=366) to work on /home/airflow/.local/lib/python3.8/site-packages/airflow/example_dags/example_branch_day_of_week_operator.py
[2023-09-01T14:53:15.581+0000] {processor.py:829} INFO - Processing file /home/airflow/.local/lib/python3.8/site-packages/airflow/example_dags/example_branch_day_of_week_operator.py for tasks to queue
[2023-09-01T14:53:15.584+0000] {logging_mixin.py:151} INFO - [2023-09-01T14:53:15.584+0000] {dagbag.py:539} INFO - Filling up the DagBag from /home/airflow/.local/lib/python3.8/site-packages/airflow/example_dags/example_branch_day_of_week_operator.py
[2023-09-01T14:53:15.594+0000] {processor.py:839} INFO - DAG(s) dict_keys(['example_weekday_branch_operator']) retrieved from /home/airflow/.local/lib/python3.8/site-packages/airflow/example_dags/example_branch_day_of_week_operator.py
[2023-09-01T14:53:15.629+0000] {logging_mixin.py:151} INFO - [2023-09-01T14:53:15.629+0000] {dag.py:2907} INFO - Sync 1 DAGs
[2023-09-01T14:53:15.655+0000] {logging_mixin.py:151} INFO - [2023-09-01T14:53:15.654+0000] {dag.py:3677} INFO - Setting next_dagrun for example_weekday_branch_operator to 2023-08-31T00:00:00+00:00, run_after=2023-09-01T00:00:00+00:00
[2023-09-01T14:53:15.674+0000] {processor.py:179} INFO - Processing /home/airflow/.local/lib/python3.8/site-packages/airflow/example_dags/example_branch_day_of_week_operator.py took 0.098 seconds
[2023-09-01T14:53:45.853+0000] {processor.py:157} INFO - Started process (PID=420) to work on /home/airflow/.local/lib/python3.8/site-packages/airflow/example_dags/example_branch_day_of_week_operator.py
[2023-09-01T14:53:45.854+0000] {processor.py:829} INFO - Processing file /home/airflow/.local/lib/python3.8/site-packages/airflow/example_dags/example_branch_day_of_week_operator.py for tasks to queue
[2023-09-01T14:53:45.858+0000] {logging_mixin.py:151} INFO - [2023-09-01T14:53:45.857+0000] {dagbag.py:539} INFO - Filling up the DagBag from /home/airflow/.local/lib/python3.8/site-packages/airflow/example_dags/example_branch_day_of_week_operator.py
[2023-09-01T14:53:45.869+0000] {processor.py:839} INFO - DAG(s) dict_keys(['example_weekday_branch_operator']) retrieved from /home/airflow/.local/lib/python3.8/site-packages/airflow/example_dags/example_branch_day_of_week_operator.py
[2023-09-01T14:53:45.897+0000] {logging_mixin.py:151} INFO - [2023-09-01T14:53:45.897+0000] {dag.py:2907} INFO - Sync 1 DAGs
[2023-09-01T14:53:45.922+0000] {logging_mixin.py:151} INFO - [2023-09-01T14:53:45.922+0000] {dag.py:3677} INFO - Setting next_dagrun for example_weekday_branch_operator to 2023-08-31T00:00:00+00:00, run_after=2023-09-01T00:00:00+00:00
[2023-09-01T14:53:45.942+0000] {processor.py:179} INFO - Processing /home/airflow/.local/lib/python3.8/site-packages/airflow/example_dags/example_branch_day_of_week_operator.py took 0.093 seconds
[2023-09-01T14:54:15.979+0000] {processor.py:157} INFO - Started process (PID=474) to work on /home/airflow/.local/lib/python3.8/site-packages/airflow/example_dags/example_branch_day_of_week_operator.py
[2023-09-01T14:54:15.981+0000] {processor.py:829} INFO - Processing file /home/airflow/.local/lib/python3.8/site-packages/airflow/example_dags/example_branch_day_of_week_operator.py for tasks to queue
[2023-09-01T14:54:15.984+0000] {logging_mixin.py:151} INFO - [2023-09-01T14:54:15.983+0000] {dagbag.py:539} INFO - Filling up the DagBag from /home/airflow/.local/lib/python3.8/site-packages/airflow/example_dags/example_branch_day_of_week_operator.py
[2023-09-01T14:54:15.995+0000] {processor.py:839} INFO - DAG(s) dict_keys(['example_weekday_branch_operator']) retrieved from /home/airflow/.local/lib/python3.8/site-packages/airflow/example_dags/example_branch_day_of_week_operator.py
[2023-09-01T14:54:16.025+0000] {logging_mixin.py:151} INFO - [2023-09-01T14:54:16.024+0000] {dag.py:2907} INFO - Sync 1 DAGs
[2023-09-01T14:54:16.050+0000] {logging_mixin.py:151} INFO - [2023-09-01T14:54:16.050+0000] {dag.py:3677} INFO - Setting next_dagrun for example_weekday_branch_operator to 2023-08-31T00:00:00+00:00, run_after=2023-09-01T00:00:00+00:00
[2023-09-01T14:54:16.071+0000] {processor.py:179} INFO - Processing /home/airflow/.local/lib/python3.8/site-packages/airflow/example_dags/example_branch_day_of_week_operator.py took 0.096 seconds
[2023-09-01T14:54:46.339+0000] {processor.py:157} INFO - Started process (PID=528) to work on /home/airflow/.local/lib/python3.8/site-packages/airflow/example_dags/example_branch_day_of_week_operator.py
[2023-09-01T14:54:46.340+0000] {processor.py:829} INFO - Processing file /home/airflow/.local/lib/python3.8/site-packages/airflow/example_dags/example_branch_day_of_week_operator.py for tasks to queue
[2023-09-01T14:54:46.343+0000] {logging_mixin.py:151} INFO - [2023-09-01T14:54:46.343+0000] {dagbag.py:539} INFO - Filling up the DagBag from /home/airflow/.local/lib/python3.8/site-packages/airflow/example_dags/example_branch_day_of_week_operator.py
[2023-09-01T14:54:46.353+0000] {processor.py:839} INFO - DAG(s) dict_keys(['example_weekday_branch_operator']) retrieved from /home/airflow/.local/lib/python3.8/site-packages/airflow/example_dags/example_branch_day_of_week_operator.py
[2023-09-01T14:54:46.378+0000] {logging_mixin.py:151} INFO - [2023-09-01T14:54:46.378+0000] {dag.py:2907} INFO - Sync 1 DAGs
[2023-09-01T14:54:46.404+0000] {logging_mixin.py:151} INFO - [2023-09-01T14:54:46.404+0000] {dag.py:3677} INFO - Setting next_dagrun for example_weekday_branch_operator to 2023-08-31T00:00:00+00:00, run_after=2023-09-01T00:00:00+00:00
[2023-09-01T14:54:46.423+0000] {processor.py:179} INFO - Processing /home/airflow/.local/lib/python3.8/site-packages/airflow/example_dags/example_branch_day_of_week_operator.py took 0.088 seconds
[2023-09-01T14:55:17.297+0000] {processor.py:157} INFO - Started process (PID=582) to work on /home/airflow/.local/lib/python3.8/site-packages/airflow/example_dags/example_branch_day_of_week_operator.py
[2023-09-01T14:55:17.299+0000] {processor.py:829} INFO - Processing file /home/airflow/.local/lib/python3.8/site-packages/airflow/example_dags/example_branch_day_of_week_operator.py for tasks to queue
[2023-09-01T14:55:17.302+0000] {logging_mixin.py:151} INFO - [2023-09-01T14:55:17.302+0000] {dagbag.py:539} INFO - Filling up the DagBag from /home/airflow/.local/lib/python3.8/site-packages/airflow/example_dags/example_branch_day_of_week_operator.py
[2023-09-01T14:55:17.313+0000] {processor.py:839} INFO - DAG(s) dict_keys(['example_weekday_branch_operator']) retrieved from /home/airflow/.local/lib/python3.8/site-packages/airflow/example_dags/example_branch_day_of_week_operator.py
[2023-09-01T14:55:17.342+0000] {logging_mixin.py:151} INFO - [2023-09-01T14:55:17.342+0000] {dag.py:2907} INFO - Sync 1 DAGs
[2023-09-01T14:55:17.367+0000] {logging_mixin.py:151} INFO - [2023-09-01T14:55:17.367+0000] {dag.py:3677} INFO - Setting next_dagrun for example_weekday_branch_operator to 2023-08-31T00:00:00+00:00, run_after=2023-09-01T00:00:00+00:00
[2023-09-01T14:55:17.388+0000] {processor.py:179} INFO - Processing /home/airflow/.local/lib/python3.8/site-packages/airflow/example_dags/example_branch_day_of_week_operator.py took 0.096 seconds
[2023-09-01T14:55:47.887+0000] {processor.py:157} INFO - Started process (PID=636) to work on /home/airflow/.local/lib/python3.8/site-packages/airflow/example_dags/example_branch_day_of_week_operator.py
[2023-09-01T14:55:47.889+0000] {processor.py:829} INFO - Processing file /home/airflow/.local/lib/python3.8/site-packages/airflow/example_dags/example_branch_day_of_week_operator.py for tasks to queue
[2023-09-01T14:55:47.892+0000] {logging_mixin.py:151} INFO - [2023-09-01T14:55:47.892+0000] {dagbag.py:539} INFO - Filling up the DagBag from /home/airflow/.local/lib/python3.8/site-packages/airflow/example_dags/example_branch_day_of_week_operator.py
[2023-09-01T14:55:47.904+0000] {processor.py:839} INFO - DAG(s) dict_keys(['example_weekday_branch_operator']) retrieved from /home/airflow/.local/lib/python3.8/site-packages/airflow/example_dags/example_branch_day_of_week_operator.py
[2023-09-01T14:55:47.929+0000] {logging_mixin.py:151} INFO - [2023-09-01T14:55:47.929+0000] {dag.py:2907} INFO - Sync 1 DAGs
[2023-09-01T14:55:47.963+0000] {logging_mixin.py:151} INFO - [2023-09-01T14:55:47.962+0000] {dag.py:3677} INFO - Setting next_dagrun for example_weekday_branch_operator to 2023-08-31T00:00:00+00:00, run_after=2023-09-01T00:00:00+00:00
[2023-09-01T14:55:47.986+0000] {processor.py:179} INFO - Processing /home/airflow/.local/lib/python3.8/site-packages/airflow/example_dags/example_branch_day_of_week_operator.py took 0.104 seconds
[2023-09-01T14:56:18.717+0000] {processor.py:157} INFO - Started process (PID=690) to work on /home/airflow/.local/lib/python3.8/site-packages/airflow/example_dags/example_branch_day_of_week_operator.py
[2023-09-01T14:56:18.719+0000] {processor.py:829} INFO - Processing file /home/airflow/.local/lib/python3.8/site-packages/airflow/example_dags/example_branch_day_of_week_operator.py for tasks to queue
[2023-09-01T14:56:18.721+0000] {logging_mixin.py:151} INFO - [2023-09-01T14:56:18.721+0000] {dagbag.py:539} INFO - Filling up the DagBag from /home/airflow/.local/lib/python3.8/site-packages/airflow/example_dags/example_branch_day_of_week_operator.py
[2023-09-01T14:56:18.730+0000] {processor.py:839} INFO - DAG(s) dict_keys(['example_weekday_branch_operator']) retrieved from /home/airflow/.local/lib/python3.8/site-packages/airflow/example_dags/example_branch_day_of_week_operator.py
[2023-09-01T14:56:18.755+0000] {logging_mixin.py:151} INFO - [2023-09-01T14:56:18.755+0000] {dag.py:2907} INFO - Sync 1 DAGs
[2023-09-01T14:56:18.780+0000] {logging_mixin.py:151} INFO - [2023-09-01T14:56:18.780+0000] {dag.py:3677} INFO - Setting next_dagrun for example_weekday_branch_operator to 2023-08-31T00:00:00+00:00, run_after=2023-09-01T00:00:00+00:00
[2023-09-01T14:56:18.800+0000] {processor.py:179} INFO - Processing /home/airflow/.local/lib/python3.8/site-packages/airflow/example_dags/example_branch_day_of_week_operator.py took 0.087 seconds
[2023-09-01T14:56:49.509+0000] {processor.py:157} INFO - Started process (PID=744) to work on /home/airflow/.local/lib/python3.8/site-packages/airflow/example_dags/example_branch_day_of_week_operator.py
[2023-09-01T14:56:49.510+0000] {processor.py:829} INFO - Processing file /home/airflow/.local/lib/python3.8/site-packages/airflow/example_dags/example_branch_day_of_week_operator.py for tasks to queue
[2023-09-01T14:56:49.513+0000] {logging_mixin.py:151} INFO - [2023-09-01T14:56:49.513+0000] {dagbag.py:539} INFO - Filling up the DagBag from /home/airflow/.local/lib/python3.8/site-packages/airflow/example_dags/example_branch_day_of_week_operator.py
[2023-09-01T14:56:49.522+0000] {processor.py:839} INFO - DAG(s) dict_keys(['example_weekday_branch_operator']) retrieved from /home/airflow/.local/lib/python3.8/site-packages/airflow/example_dags/example_branch_day_of_week_operator.py
[2023-09-01T14:56:49.547+0000] {logging_mixin.py:151} INFO - [2023-09-01T14:56:49.547+0000] {dag.py:2907} INFO - Sync 1 DAGs
[2023-09-01T14:56:49.574+0000] {logging_mixin.py:151} INFO - [2023-09-01T14:56:49.573+0000] {dag.py:3677} INFO - Setting next_dagrun for example_weekday_branch_operator to 2023-08-31T00:00:00+00:00, run_after=2023-09-01T00:00:00+00:00
[2023-09-01T14:56:49.594+0000] {processor.py:179} INFO - Processing /home/airflow/.local/lib/python3.8/site-packages/airflow/example_dags/example_branch_day_of_week_operator.py took 0.088 seconds
[2023-09-01T14:57:20.307+0000] {processor.py:157} INFO - Started process (PID=798) to work on /home/airflow/.local/lib/python3.8/site-packages/airflow/example_dags/example_branch_day_of_week_operator.py
[2023-09-01T14:57:20.308+0000] {processor.py:829} INFO - Processing file /home/airflow/.local/lib/python3.8/site-packages/airflow/example_dags/example_branch_day_of_week_operator.py for tasks to queue
[2023-09-01T14:57:20.311+0000] {logging_mixin.py:151} INFO - [2023-09-01T14:57:20.311+0000] {dagbag.py:539} INFO - Filling up the DagBag from /home/airflow/.local/lib/python3.8/site-packages/airflow/example_dags/example_branch_day_of_week_operator.py
[2023-09-01T14:57:20.321+0000] {processor.py:839} INFO - DAG(s) dict_keys(['example_weekday_branch_operator']) retrieved from /home/airflow/.local/lib/python3.8/site-packages/airflow/example_dags/example_branch_day_of_week_operator.py
[2023-09-01T14:57:20.347+0000] {logging_mixin.py:151} INFO - [2023-09-01T14:57:20.347+0000] {dag.py:2907} INFO - Sync 1 DAGs
[2023-09-01T14:57:20.374+0000] {logging_mixin.py:151} INFO - [2023-09-01T14:57:20.373+0000] {dag.py:3677} INFO - Setting next_dagrun for example_weekday_branch_operator to 2023-08-31T00:00:00+00:00, run_after=2023-09-01T00:00:00+00:00
[2023-09-01T14:57:20.393+0000] {processor.py:179} INFO - Processing /home/airflow/.local/lib/python3.8/site-packages/airflow/example_dags/example_branch_day_of_week_operator.py took 0.089 seconds
[2023-09-01T14:57:51.057+0000] {processor.py:157} INFO - Started process (PID=852) to work on /home/airflow/.local/lib/python3.8/site-packages/airflow/example_dags/example_branch_day_of_week_operator.py
[2023-09-01T14:57:51.059+0000] {processor.py:829} INFO - Processing file /home/airflow/.local/lib/python3.8/site-packages/airflow/example_dags/example_branch_day_of_week_operator.py for tasks to queue
[2023-09-01T14:57:51.062+0000] {logging_mixin.py:151} INFO - [2023-09-01T14:57:51.062+0000] {dagbag.py:539} INFO - Filling up the DagBag from /home/airflow/.local/lib/python3.8/site-packages/airflow/example_dags/example_branch_day_of_week_operator.py
[2023-09-01T14:57:51.073+0000] {processor.py:839} INFO - DAG(s) dict_keys(['example_weekday_branch_operator']) retrieved from /home/airflow/.local/lib/python3.8/site-packages/airflow/example_dags/example_branch_day_of_week_operator.py
[2023-09-01T14:57:51.101+0000] {logging_mixin.py:151} INFO - [2023-09-01T14:57:51.101+0000] {dag.py:2907} INFO - Sync 1 DAGs
[2023-09-01T14:57:51.127+0000] {logging_mixin.py:151} INFO - [2023-09-01T14:57:51.127+0000] {dag.py:3677} INFO - Setting next_dagrun for example_weekday_branch_operator to 2023-08-31T00:00:00+00:00, run_after=2023-09-01T00:00:00+00:00
[2023-09-01T14:57:51.147+0000] {processor.py:179} INFO - Processing /home/airflow/.local/lib/python3.8/site-packages/airflow/example_dags/example_branch_day_of_week_operator.py took 0.094 seconds
[2023-09-01T14:58:21.841+0000] {processor.py:157} INFO - Started process (PID=906) to work on /home/airflow/.local/lib/python3.8/site-packages/airflow/example_dags/example_branch_day_of_week_operator.py
[2023-09-01T14:58:21.842+0000] {processor.py:829} INFO - Processing file /home/airflow/.local/lib/python3.8/site-packages/airflow/example_dags/example_branch_day_of_week_operator.py for tasks to queue
[2023-09-01T14:58:21.845+0000] {logging_mixin.py:151} INFO - [2023-09-01T14:58:21.845+0000] {dagbag.py:539} INFO - Filling up the DagBag from /home/airflow/.local/lib/python3.8/site-packages/airflow/example_dags/example_branch_day_of_week_operator.py
[2023-09-01T14:58:21.856+0000] {processor.py:839} INFO - DAG(s) dict_keys(['example_weekday_branch_operator']) retrieved from /home/airflow/.local/lib/python3.8/site-packages/airflow/example_dags/example_branch_day_of_week_operator.py
[2023-09-01T14:58:21.885+0000] {logging_mixin.py:151} INFO - [2023-09-01T14:58:21.885+0000] {dag.py:2907} INFO - Sync 1 DAGs
[2023-09-01T14:58:21.910+0000] {logging_mixin.py:151} INFO - [2023-09-01T14:58:21.910+0000] {dag.py:3677} INFO - Setting next_dagrun for example_weekday_branch_operator to 2023-08-31T00:00:00+00:00, run_after=2023-09-01T00:00:00+00:00
[2023-09-01T14:58:21.931+0000] {processor.py:179} INFO - Processing /home/airflow/.local/lib/python3.8/site-packages/airflow/example_dags/example_branch_day_of_week_operator.py took 0.094 seconds
[2023-09-01T14:58:52.752+0000] {processor.py:157} INFO - Started process (PID=960) to work on /home/airflow/.local/lib/python3.8/site-packages/airflow/example_dags/example_branch_day_of_week_operator.py
[2023-09-01T14:58:52.753+0000] {processor.py:829} INFO - Processing file /home/airflow/.local/lib/python3.8/site-packages/airflow/example_dags/example_branch_day_of_week_operator.py for tasks to queue
[2023-09-01T14:58:52.757+0000] {logging_mixin.py:151} INFO - [2023-09-01T14:58:52.756+0000] {dagbag.py:539} INFO - Filling up the DagBag from /home/airflow/.local/lib/python3.8/site-packages/airflow/example_dags/example_branch_day_of_week_operator.py
[2023-09-01T14:58:52.767+0000] {processor.py:839} INFO - DAG(s) dict_keys(['example_weekday_branch_operator']) retrieved from /home/airflow/.local/lib/python3.8/site-packages/airflow/example_dags/example_branch_day_of_week_operator.py
[2023-09-01T14:58:52.795+0000] {logging_mixin.py:151} INFO - [2023-09-01T14:58:52.795+0000] {dag.py:2907} INFO - Sync 1 DAGs
[2023-09-01T14:58:52.820+0000] {logging_mixin.py:151} INFO - [2023-09-01T14:58:52.820+0000] {dag.py:3677} INFO - Setting next_dagrun for example_weekday_branch_operator to 2023-08-31T00:00:00+00:00, run_after=2023-09-01T00:00:00+00:00
[2023-09-01T14:58:52.841+0000] {processor.py:179} INFO - Processing /home/airflow/.local/lib/python3.8/site-packages/airflow/example_dags/example_branch_day_of_week_operator.py took 0.093 seconds
[2023-09-01T14:59:23.249+0000] {processor.py:157} INFO - Started process (PID=1014) to work on /home/airflow/.local/lib/python3.8/site-packages/airflow/example_dags/example_branch_day_of_week_operator.py
[2023-09-01T14:59:23.250+0000] {processor.py:829} INFO - Processing file /home/airflow/.local/lib/python3.8/site-packages/airflow/example_dags/example_branch_day_of_week_operator.py for tasks to queue
[2023-09-01T14:59:23.254+0000] {logging_mixin.py:151} INFO - [2023-09-01T14:59:23.253+0000] {dagbag.py:539} INFO - Filling up the DagBag from /home/airflow/.local/lib/python3.8/site-packages/airflow/example_dags/example_branch_day_of_week_operator.py
[2023-09-01T14:59:23.265+0000] {processor.py:839} INFO - DAG(s) dict_keys(['example_weekday_branch_operator']) retrieved from /home/airflow/.local/lib/python3.8/site-packages/airflow/example_dags/example_branch_day_of_week_operator.py
[2023-09-01T14:59:23.291+0000] {logging_mixin.py:151} INFO - [2023-09-01T14:59:23.291+0000] {dag.py:2907} INFO - Sync 1 DAGs
[2023-09-01T14:59:23.316+0000] {logging_mixin.py:151} INFO - [2023-09-01T14:59:23.316+0000] {dag.py:3677} INFO - Setting next_dagrun for example_weekday_branch_operator to 2023-08-31T00:00:00+00:00, run_after=2023-09-01T00:00:00+00:00
[2023-09-01T14:59:23.334+0000] {processor.py:179} INFO - Processing /home/airflow/.local/lib/python3.8/site-packages/airflow/example_dags/example_branch_day_of_week_operator.py took 0.090 seconds
[2023-09-01T14:59:54.200+0000] {processor.py:157} INFO - Started process (PID=1068) to work on /home/airflow/.local/lib/python3.8/site-packages/airflow/example_dags/example_branch_day_of_week_operator.py
[2023-09-01T14:59:54.202+0000] {processor.py:829} INFO - Processing file /home/airflow/.local/lib/python3.8/site-packages/airflow/example_dags/example_branch_day_of_week_operator.py for tasks to queue
[2023-09-01T14:59:54.206+0000] {logging_mixin.py:151} INFO - [2023-09-01T14:59:54.206+0000] {dagbag.py:539} INFO - Filling up the DagBag from /home/airflow/.local/lib/python3.8/site-packages/airflow/example_dags/example_branch_day_of_week_operator.py
[2023-09-01T14:59:54.219+0000] {processor.py:839} INFO - DAG(s) dict_keys(['example_weekday_branch_operator']) retrieved from /home/airflow/.local/lib/python3.8/site-packages/airflow/example_dags/example_branch_day_of_week_operator.py
[2023-09-01T14:59:54.255+0000] {logging_mixin.py:151} INFO - [2023-09-01T14:59:54.255+0000] {dag.py:2907} INFO - Sync 1 DAGs
[2023-09-01T14:59:54.291+0000] {logging_mixin.py:151} INFO - [2023-09-01T14:59:54.291+0000] {dag.py:3677} INFO - Setting next_dagrun for example_weekday_branch_operator to 2023-08-31T00:00:00+00:00, run_after=2023-09-01T00:00:00+00:00
[2023-09-01T14:59:54.321+0000] {processor.py:179} INFO - Processing /home/airflow/.local/lib/python3.8/site-packages/airflow/example_dags/example_branch_day_of_week_operator.py took 0.126 seconds
[2023-09-01T15:00:25.049+0000] {processor.py:157} INFO - Started process (PID=1122) to work on /home/airflow/.local/lib/python3.8/site-packages/airflow/example_dags/example_branch_day_of_week_operator.py
[2023-09-01T15:00:25.050+0000] {processor.py:829} INFO - Processing file /home/airflow/.local/lib/python3.8/site-packages/airflow/example_dags/example_branch_day_of_week_operator.py for tasks to queue
[2023-09-01T15:00:25.053+0000] {logging_mixin.py:151} INFO - [2023-09-01T15:00:25.053+0000] {dagbag.py:539} INFO - Filling up the DagBag from /home/airflow/.local/lib/python3.8/site-packages/airflow/example_dags/example_branch_day_of_week_operator.py
[2023-09-01T15:00:25.064+0000] {processor.py:839} INFO - DAG(s) dict_keys(['example_weekday_branch_operator']) retrieved from /home/airflow/.local/lib/python3.8/site-packages/airflow/example_dags/example_branch_day_of_week_operator.py
[2023-09-01T15:00:25.092+0000] {logging_mixin.py:151} INFO - [2023-09-01T15:00:25.092+0000] {dag.py:2907} INFO - Sync 1 DAGs
[2023-09-01T15:00:25.118+0000] {logging_mixin.py:151} INFO - [2023-09-01T15:00:25.118+0000] {dag.py:3677} INFO - Setting next_dagrun for example_weekday_branch_operator to 2023-08-31T00:00:00+00:00, run_after=2023-09-01T00:00:00+00:00
[2023-09-01T15:00:25.137+0000] {processor.py:179} INFO - Processing /home/airflow/.local/lib/python3.8/site-packages/airflow/example_dags/example_branch_day_of_week_operator.py took 0.093 seconds
[2023-09-01T15:00:55.577+0000] {processor.py:157} INFO - Started process (PID=1176) to work on /home/airflow/.local/lib/python3.8/site-packages/airflow/example_dags/example_branch_day_of_week_operator.py
[2023-09-01T15:00:55.579+0000] {processor.py:829} INFO - Processing file /home/airflow/.local/lib/python3.8/site-packages/airflow/example_dags/example_branch_day_of_week_operator.py for tasks to queue
[2023-09-01T15:00:55.582+0000] {logging_mixin.py:151} INFO - [2023-09-01T15:00:55.581+0000] {dagbag.py:539} INFO - Filling up the DagBag from /home/airflow/.local/lib/python3.8/site-packages/airflow/example_dags/example_branch_day_of_week_operator.py
[2023-09-01T15:00:55.593+0000] {processor.py:839} INFO - DAG(s) dict_keys(['example_weekday_branch_operator']) retrieved from /home/airflow/.local/lib/python3.8/site-packages/airflow/example_dags/example_branch_day_of_week_operator.py
[2023-09-01T15:00:55.622+0000] {logging_mixin.py:151} INFO - [2023-09-01T15:00:55.621+0000] {dag.py:2907} INFO - Sync 1 DAGs
[2023-09-01T15:00:55.647+0000] {logging_mixin.py:151} INFO - [2023-09-01T15:00:55.647+0000] {dag.py:3677} INFO - Setting next_dagrun for example_weekday_branch_operator to 2023-08-31T00:00:00+00:00, run_after=2023-09-01T00:00:00+00:00
[2023-09-01T15:00:55.667+0000] {processor.py:179} INFO - Processing /home/airflow/.local/lib/python3.8/site-packages/airflow/example_dags/example_branch_day_of_week_operator.py took 0.094 seconds
[2023-09-01T15:01:26.456+0000] {processor.py:157} INFO - Started process (PID=1230) to work on /home/airflow/.local/lib/python3.8/site-packages/airflow/example_dags/example_branch_day_of_week_operator.py
[2023-09-01T15:01:26.457+0000] {processor.py:829} INFO - Processing file /home/airflow/.local/lib/python3.8/site-packages/airflow/example_dags/example_branch_day_of_week_operator.py for tasks to queue
[2023-09-01T15:01:26.461+0000] {logging_mixin.py:151} INFO - [2023-09-01T15:01:26.461+0000] {dagbag.py:539} INFO - Filling up the DagBag from /home/airflow/.local/lib/python3.8/site-packages/airflow/example_dags/example_branch_day_of_week_operator.py
[2023-09-01T15:01:26.473+0000] {processor.py:839} INFO - DAG(s) dict_keys(['example_weekday_branch_operator']) retrieved from /home/airflow/.local/lib/python3.8/site-packages/airflow/example_dags/example_branch_day_of_week_operator.py
[2023-09-01T15:01:26.501+0000] {logging_mixin.py:151} INFO - [2023-09-01T15:01:26.501+0000] {dag.py:2907} INFO - Sync 1 DAGs
[2023-09-01T15:01:26.526+0000] {logging_mixin.py:151} INFO - [2023-09-01T15:01:26.526+0000] {dag.py:3677} INFO - Setting next_dagrun for example_weekday_branch_operator to 2023-08-31T00:00:00+00:00, run_after=2023-09-01T00:00:00+00:00
[2023-09-01T15:01:26.547+0000] {processor.py:179} INFO - Processing /home/airflow/.local/lib/python3.8/site-packages/airflow/example_dags/example_branch_day_of_week_operator.py took 0.095 seconds
[2023-09-01T15:01:57.025+0000] {processor.py:157} INFO - Started process (PID=1291) to work on /home/airflow/.local/lib/python3.8/site-packages/airflow/example_dags/example_branch_day_of_week_operator.py
[2023-09-01T15:01:57.026+0000] {processor.py:829} INFO - Processing file /home/airflow/.local/lib/python3.8/site-packages/airflow/example_dags/example_branch_day_of_week_operator.py for tasks to queue
[2023-09-01T15:01:57.029+0000] {logging_mixin.py:151} INFO - [2023-09-01T15:01:57.029+0000] {dagbag.py:539} INFO - Filling up the DagBag from /home/airflow/.local/lib/python3.8/site-packages/airflow/example_dags/example_branch_day_of_week_operator.py
[2023-09-01T15:01:57.038+0000] {processor.py:839} INFO - DAG(s) dict_keys(['example_weekday_branch_operator']) retrieved from /home/airflow/.local/lib/python3.8/site-packages/airflow/example_dags/example_branch_day_of_week_operator.py
[2023-09-01T15:01:57.063+0000] {logging_mixin.py:151} INFO - [2023-09-01T15:01:57.063+0000] {dag.py:2907} INFO - Sync 1 DAGs
[2023-09-01T15:01:57.088+0000] {logging_mixin.py:151} INFO - [2023-09-01T15:01:57.088+0000] {dag.py:3677} INFO - Setting next_dagrun for example_weekday_branch_operator to 2023-08-31T00:00:00+00:00, run_after=2023-09-01T00:00:00+00:00
[2023-09-01T15:01:57.108+0000] {processor.py:179} INFO - Processing /home/airflow/.local/lib/python3.8/site-packages/airflow/example_dags/example_branch_day_of_week_operator.py took 0.087 seconds
[2023-09-01T15:02:27.253+0000] {processor.py:157} INFO - Started process (PID=1345) to work on /home/airflow/.local/lib/python3.8/site-packages/airflow/example_dags/example_branch_day_of_week_operator.py
[2023-09-01T15:02:27.254+0000] {processor.py:829} INFO - Processing file /home/airflow/.local/lib/python3.8/site-packages/airflow/example_dags/example_branch_day_of_week_operator.py for tasks to queue
[2023-09-01T15:02:27.257+0000] {logging_mixin.py:151} INFO - [2023-09-01T15:02:27.257+0000] {dagbag.py:539} INFO - Filling up the DagBag from /home/airflow/.local/lib/python3.8/site-packages/airflow/example_dags/example_branch_day_of_week_operator.py
[2023-09-01T15:02:27.268+0000] {processor.py:839} INFO - DAG(s) dict_keys(['example_weekday_branch_operator']) retrieved from /home/airflow/.local/lib/python3.8/site-packages/airflow/example_dags/example_branch_day_of_week_operator.py
[2023-09-01T15:02:27.294+0000] {logging_mixin.py:151} INFO - [2023-09-01T15:02:27.294+0000] {dag.py:2907} INFO - Sync 1 DAGs
[2023-09-01T15:02:27.319+0000] {logging_mixin.py:151} INFO - [2023-09-01T15:02:27.319+0000] {dag.py:3677} INFO - Setting next_dagrun for example_weekday_branch_operator to 2023-08-31T00:00:00+00:00, run_after=2023-09-01T00:00:00+00:00
[2023-09-01T15:02:27.336+0000] {processor.py:179} INFO - Processing /home/airflow/.local/lib/python3.8/site-packages/airflow/example_dags/example_branch_day_of_week_operator.py took 0.088 seconds
[2023-09-01T15:02:57.512+0000] {processor.py:157} INFO - Started process (PID=1399) to work on /home/airflow/.local/lib/python3.8/site-packages/airflow/example_dags/example_branch_day_of_week_operator.py
[2023-09-01T15:02:57.514+0000] {processor.py:829} INFO - Processing file /home/airflow/.local/lib/python3.8/site-packages/airflow/example_dags/example_branch_day_of_week_operator.py for tasks to queue
[2023-09-01T15:02:57.517+0000] {logging_mixin.py:151} INFO - [2023-09-01T15:02:57.517+0000] {dagbag.py:539} INFO - Filling up the DagBag from /home/airflow/.local/lib/python3.8/site-packages/airflow/example_dags/example_branch_day_of_week_operator.py
[2023-09-01T15:02:57.528+0000] {processor.py:839} INFO - DAG(s) dict_keys(['example_weekday_branch_operator']) retrieved from /home/airflow/.local/lib/python3.8/site-packages/airflow/example_dags/example_branch_day_of_week_operator.py
[2023-09-01T15:02:57.559+0000] {logging_mixin.py:151} INFO - [2023-09-01T15:02:57.558+0000] {dag.py:2907} INFO - Sync 1 DAGs
[2023-09-01T15:02:57.586+0000] {logging_mixin.py:151} INFO - [2023-09-01T15:02:57.585+0000] {dag.py:3677} INFO - Setting next_dagrun for example_weekday_branch_operator to 2023-08-31T00:00:00+00:00, run_after=2023-09-01T00:00:00+00:00
[2023-09-01T15:02:57.606+0000] {processor.py:179} INFO - Processing /home/airflow/.local/lib/python3.8/site-packages/airflow/example_dags/example_branch_day_of_week_operator.py took 0.098 seconds
[2023-09-01T15:03:27.891+0000] {processor.py:157} INFO - Started process (PID=1453) to work on /home/airflow/.local/lib/python3.8/site-packages/airflow/example_dags/example_branch_day_of_week_operator.py
[2023-09-01T15:03:27.893+0000] {processor.py:829} INFO - Processing file /home/airflow/.local/lib/python3.8/site-packages/airflow/example_dags/example_branch_day_of_week_operator.py for tasks to queue
[2023-09-01T15:03:27.896+0000] {logging_mixin.py:151} INFO - [2023-09-01T15:03:27.896+0000] {dagbag.py:539} INFO - Filling up the DagBag from /home/airflow/.local/lib/python3.8/site-packages/airflow/example_dags/example_branch_day_of_week_operator.py
[2023-09-01T15:03:27.907+0000] {processor.py:839} INFO - DAG(s) dict_keys(['example_weekday_branch_operator']) retrieved from /home/airflow/.local/lib/python3.8/site-packages/airflow/example_dags/example_branch_day_of_week_operator.py
[2023-09-01T15:03:27.938+0000] {logging_mixin.py:151} INFO - [2023-09-01T15:03:27.937+0000] {dag.py:2907} INFO - Sync 1 DAGs
[2023-09-01T15:03:27.967+0000] {logging_mixin.py:151} INFO - [2023-09-01T15:03:27.966+0000] {dag.py:3677} INFO - Setting next_dagrun for example_weekday_branch_operator to 2023-08-31T00:00:00+00:00, run_after=2023-09-01T00:00:00+00:00
[2023-09-01T15:03:27.990+0000] {processor.py:179} INFO - Processing /home/airflow/.local/lib/python3.8/site-packages/airflow/example_dags/example_branch_day_of_week_operator.py took 0.103 seconds
[2023-09-01T15:03:58.097+0000] {processor.py:157} INFO - Started process (PID=1507) to work on /home/airflow/.local/lib/python3.8/site-packages/airflow/example_dags/example_branch_day_of_week_operator.py
[2023-09-01T15:03:58.099+0000] {processor.py:829} INFO - Processing file /home/airflow/.local/lib/python3.8/site-packages/airflow/example_dags/example_branch_day_of_week_operator.py for tasks to queue
[2023-09-01T15:03:58.102+0000] {logging_mixin.py:151} INFO - [2023-09-01T15:03:58.102+0000] {dagbag.py:539} INFO - Filling up the DagBag from /home/airflow/.local/lib/python3.8/site-packages/airflow/example_dags/example_branch_day_of_week_operator.py
[2023-09-01T15:03:58.113+0000] {processor.py:839} INFO - DAG(s) dict_keys(['example_weekday_branch_operator']) retrieved from /home/airflow/.local/lib/python3.8/site-packages/airflow/example_dags/example_branch_day_of_week_operator.py
[2023-09-01T15:03:58.138+0000] {logging_mixin.py:151} INFO - [2023-09-01T15:03:58.138+0000] {dag.py:2907} INFO - Sync 1 DAGs
[2023-09-01T15:03:58.164+0000] {logging_mixin.py:151} INFO - [2023-09-01T15:03:58.164+0000] {dag.py:3677} INFO - Setting next_dagrun for example_weekday_branch_operator to 2023-08-31T00:00:00+00:00, run_after=2023-09-01T00:00:00+00:00
[2023-09-01T15:03:58.186+0000] {processor.py:179} INFO - Processing /home/airflow/.local/lib/python3.8/site-packages/airflow/example_dags/example_branch_day_of_week_operator.py took 0.093 seconds
[2023-09-01T15:04:28.363+0000] {processor.py:157} INFO - Started process (PID=1561) to work on /home/airflow/.local/lib/python3.8/site-packages/airflow/example_dags/example_branch_day_of_week_operator.py
[2023-09-01T15:04:28.365+0000] {processor.py:829} INFO - Processing file /home/airflow/.local/lib/python3.8/site-packages/airflow/example_dags/example_branch_day_of_week_operator.py for tasks to queue
[2023-09-01T15:04:28.369+0000] {logging_mixin.py:151} INFO - [2023-09-01T15:04:28.369+0000] {dagbag.py:539} INFO - Filling up the DagBag from /home/airflow/.local/lib/python3.8/site-packages/airflow/example_dags/example_branch_day_of_week_operator.py
[2023-09-01T15:04:28.384+0000] {processor.py:839} INFO - DAG(s) dict_keys(['example_weekday_branch_operator']) retrieved from /home/airflow/.local/lib/python3.8/site-packages/airflow/example_dags/example_branch_day_of_week_operator.py
[2023-09-01T15:04:28.425+0000] {logging_mixin.py:151} INFO - [2023-09-01T15:04:28.424+0000] {dag.py:2907} INFO - Sync 1 DAGs
[2023-09-01T15:04:28.461+0000] {logging_mixin.py:151} INFO - [2023-09-01T15:04:28.461+0000] {dag.py:3677} INFO - Setting next_dagrun for example_weekday_branch_operator to 2023-08-31T00:00:00+00:00, run_after=2023-09-01T00:00:00+00:00
[2023-09-01T15:04:28.491+0000] {processor.py:179} INFO - Processing /home/airflow/.local/lib/python3.8/site-packages/airflow/example_dags/example_branch_day_of_week_operator.py took 0.134 seconds
[2023-09-01T15:04:58.549+0000] {processor.py:157} INFO - Started process (PID=1616) to work on /home/airflow/.local/lib/python3.8/site-packages/airflow/example_dags/example_branch_day_of_week_operator.py
[2023-09-01T15:04:58.551+0000] {processor.py:829} INFO - Processing file /home/airflow/.local/lib/python3.8/site-packages/airflow/example_dags/example_branch_day_of_week_operator.py for tasks to queue
[2023-09-01T15:04:58.555+0000] {logging_mixin.py:151} INFO - [2023-09-01T15:04:58.555+0000] {dagbag.py:539} INFO - Filling up the DagBag from /home/airflow/.local/lib/python3.8/site-packages/airflow/example_dags/example_branch_day_of_week_operator.py
[2023-09-01T15:04:58.568+0000] {processor.py:839} INFO - DAG(s) dict_keys(['example_weekday_branch_operator']) retrieved from /home/airflow/.local/lib/python3.8/site-packages/airflow/example_dags/example_branch_day_of_week_operator.py
[2023-09-01T15:04:58.601+0000] {logging_mixin.py:151} INFO - [2023-09-01T15:04:58.600+0000] {dag.py:2907} INFO - Sync 1 DAGs
[2023-09-01T15:04:58.637+0000] {logging_mixin.py:151} INFO - [2023-09-01T15:04:58.637+0000] {dag.py:3677} INFO - Setting next_dagrun for example_weekday_branch_operator to 2023-08-31T00:00:00+00:00, run_after=2023-09-01T00:00:00+00:00
[2023-09-01T15:04:58.666+0000] {processor.py:179} INFO - Processing /home/airflow/.local/lib/python3.8/site-packages/airflow/example_dags/example_branch_day_of_week_operator.py took 0.122 seconds
[2023-09-01T15:05:28.923+0000] {processor.py:157} INFO - Started process (PID=1670) to work on /home/airflow/.local/lib/python3.8/site-packages/airflow/example_dags/example_branch_day_of_week_operator.py
[2023-09-01T15:05:28.925+0000] {processor.py:829} INFO - Processing file /home/airflow/.local/lib/python3.8/site-packages/airflow/example_dags/example_branch_day_of_week_operator.py for tasks to queue
[2023-09-01T15:05:28.929+0000] {logging_mixin.py:151} INFO - [2023-09-01T15:05:28.929+0000] {dagbag.py:539} INFO - Filling up the DagBag from /home/airflow/.local/lib/python3.8/site-packages/airflow/example_dags/example_branch_day_of_week_operator.py
[2023-09-01T15:05:28.942+0000] {processor.py:839} INFO - DAG(s) dict_keys(['example_weekday_branch_operator']) retrieved from /home/airflow/.local/lib/python3.8/site-packages/airflow/example_dags/example_branch_day_of_week_operator.py
[2023-09-01T15:05:28.975+0000] {logging_mixin.py:151} INFO - [2023-09-01T15:05:28.974+0000] {dag.py:2907} INFO - Sync 1 DAGs
[2023-09-01T15:05:29.011+0000] {logging_mixin.py:151} INFO - [2023-09-01T15:05:29.011+0000] {dag.py:3677} INFO - Setting next_dagrun for example_weekday_branch_operator to 2023-08-31T00:00:00+00:00, run_after=2023-09-01T00:00:00+00:00
[2023-09-01T15:05:29.041+0000] {processor.py:179} INFO - Processing /home/airflow/.local/lib/python3.8/site-packages/airflow/example_dags/example_branch_day_of_week_operator.py took 0.124 seconds
[2023-09-01T15:05:59.119+0000] {processor.py:157} INFO - Started process (PID=1724) to work on /home/airflow/.local/lib/python3.8/site-packages/airflow/example_dags/example_branch_day_of_week_operator.py
[2023-09-01T15:05:59.121+0000] {processor.py:829} INFO - Processing file /home/airflow/.local/lib/python3.8/site-packages/airflow/example_dags/example_branch_day_of_week_operator.py for tasks to queue
[2023-09-01T15:05:59.123+0000] {logging_mixin.py:151} INFO - [2023-09-01T15:05:59.123+0000] {dagbag.py:539} INFO - Filling up the DagBag from /home/airflow/.local/lib/python3.8/site-packages/airflow/example_dags/example_branch_day_of_week_operator.py
[2023-09-01T15:05:59.133+0000] {processor.py:839} INFO - DAG(s) dict_keys(['example_weekday_branch_operator']) retrieved from /home/airflow/.local/lib/python3.8/site-packages/airflow/example_dags/example_branch_day_of_week_operator.py
[2023-09-01T15:05:59.158+0000] {logging_mixin.py:151} INFO - [2023-09-01T15:05:59.158+0000] {dag.py:2907} INFO - Sync 1 DAGs
[2023-09-01T15:05:59.185+0000] {logging_mixin.py:151} INFO - [2023-09-01T15:05:59.184+0000] {dag.py:3677} INFO - Setting next_dagrun for example_weekday_branch_operator to 2023-08-31T00:00:00+00:00, run_after=2023-09-01T00:00:00+00:00
[2023-09-01T15:05:59.205+0000] {processor.py:179} INFO - Processing /home/airflow/.local/lib/python3.8/site-packages/airflow/example_dags/example_branch_day_of_week_operator.py took 0.090 seconds
[2023-09-01T15:06:29.432+0000] {processor.py:157} INFO - Started process (PID=1778) to work on /home/airflow/.local/lib/python3.8/site-packages/airflow/example_dags/example_branch_day_of_week_operator.py
[2023-09-01T15:06:29.433+0000] {processor.py:829} INFO - Processing file /home/airflow/.local/lib/python3.8/site-packages/airflow/example_dags/example_branch_day_of_week_operator.py for tasks to queue
[2023-09-01T15:06:29.436+0000] {logging_mixin.py:151} INFO - [2023-09-01T15:06:29.436+0000] {dagbag.py:539} INFO - Filling up the DagBag from /home/airflow/.local/lib/python3.8/site-packages/airflow/example_dags/example_branch_day_of_week_operator.py
[2023-09-01T15:06:29.446+0000] {processor.py:839} INFO - DAG(s) dict_keys(['example_weekday_branch_operator']) retrieved from /home/airflow/.local/lib/python3.8/site-packages/airflow/example_dags/example_branch_day_of_week_operator.py
[2023-09-01T15:06:29.471+0000] {logging_mixin.py:151} INFO - [2023-09-01T15:06:29.471+0000] {dag.py:2907} INFO - Sync 1 DAGs
[2023-09-01T15:06:29.497+0000] {logging_mixin.py:151} INFO - [2023-09-01T15:06:29.496+0000] {dag.py:3677} INFO - Setting next_dagrun for example_weekday_branch_operator to 2023-08-31T00:00:00+00:00, run_after=2023-09-01T00:00:00+00:00
[2023-09-01T15:06:29.517+0000] {processor.py:179} INFO - Processing /home/airflow/.local/lib/python3.8/site-packages/airflow/example_dags/example_branch_day_of_week_operator.py took 0.090 seconds
[2023-09-01T15:06:59.567+0000] {processor.py:157} INFO - Started process (PID=1832) to work on /home/airflow/.local/lib/python3.8/site-packages/airflow/example_dags/example_branch_day_of_week_operator.py
[2023-09-01T15:06:59.568+0000] {processor.py:829} INFO - Processing file /home/airflow/.local/lib/python3.8/site-packages/airflow/example_dags/example_branch_day_of_week_operator.py for tasks to queue
[2023-09-01T15:06:59.571+0000] {logging_mixin.py:151} INFO - [2023-09-01T15:06:59.571+0000] {dagbag.py:539} INFO - Filling up the DagBag from /home/airflow/.local/lib/python3.8/site-packages/airflow/example_dags/example_branch_day_of_week_operator.py
[2023-09-01T15:06:59.581+0000] {processor.py:839} INFO - DAG(s) dict_keys(['example_weekday_branch_operator']) retrieved from /home/airflow/.local/lib/python3.8/site-packages/airflow/example_dags/example_branch_day_of_week_operator.py
[2023-09-01T15:06:59.605+0000] {logging_mixin.py:151} INFO - [2023-09-01T15:06:59.605+0000] {dag.py:2907} INFO - Sync 1 DAGs
[2023-09-01T15:06:59.631+0000] {logging_mixin.py:151} INFO - [2023-09-01T15:06:59.631+0000] {dag.py:3677} INFO - Setting next_dagrun for example_weekday_branch_operator to 2023-08-31T00:00:00+00:00, run_after=2023-09-01T00:00:00+00:00
[2023-09-01T15:06:59.650+0000] {processor.py:179} INFO - Processing /home/airflow/.local/lib/python3.8/site-packages/airflow/example_dags/example_branch_day_of_week_operator.py took 0.087 seconds
[2023-09-01T15:07:30.630+0000] {processor.py:157} INFO - Started process (PID=1886) to work on /home/airflow/.local/lib/python3.8/site-packages/airflow/example_dags/example_branch_day_of_week_operator.py
[2023-09-01T15:07:30.631+0000] {processor.py:829} INFO - Processing file /home/airflow/.local/lib/python3.8/site-packages/airflow/example_dags/example_branch_day_of_week_operator.py for tasks to queue
[2023-09-01T15:07:30.634+0000] {logging_mixin.py:151} INFO - [2023-09-01T15:07:30.634+0000] {dagbag.py:539} INFO - Filling up the DagBag from /home/airflow/.local/lib/python3.8/site-packages/airflow/example_dags/example_branch_day_of_week_operator.py
[2023-09-01T15:07:30.643+0000] {processor.py:839} INFO - DAG(s) dict_keys(['example_weekday_branch_operator']) retrieved from /home/airflow/.local/lib/python3.8/site-packages/airflow/example_dags/example_branch_day_of_week_operator.py
[2023-09-01T15:07:30.667+0000] {logging_mixin.py:151} INFO - [2023-09-01T15:07:30.666+0000] {dag.py:2907} INFO - Sync 1 DAGs
[2023-09-01T15:07:30.692+0000] {logging_mixin.py:151} INFO - [2023-09-01T15:07:30.692+0000] {dag.py:3677} INFO - Setting next_dagrun for example_weekday_branch_operator to 2023-08-31T00:00:00+00:00, run_after=2023-09-01T00:00:00+00:00
[2023-09-01T15:07:30.711+0000] {processor.py:179} INFO - Processing /home/airflow/.local/lib/python3.8/site-packages/airflow/example_dags/example_branch_day_of_week_operator.py took 0.086 seconds
[2023-09-01T15:08:01.005+0000] {processor.py:157} INFO - Started process (PID=1940) to work on /home/airflow/.local/lib/python3.8/site-packages/airflow/example_dags/example_branch_day_of_week_operator.py
[2023-09-01T15:08:01.007+0000] {processor.py:829} INFO - Processing file /home/airflow/.local/lib/python3.8/site-packages/airflow/example_dags/example_branch_day_of_week_operator.py for tasks to queue
[2023-09-01T15:08:01.009+0000] {logging_mixin.py:151} INFO - [2023-09-01T15:08:01.009+0000] {dagbag.py:539} INFO - Filling up the DagBag from /home/airflow/.local/lib/python3.8/site-packages/airflow/example_dags/example_branch_day_of_week_operator.py
[2023-09-01T15:08:01.019+0000] {processor.py:839} INFO - DAG(s) dict_keys(['example_weekday_branch_operator']) retrieved from /home/airflow/.local/lib/python3.8/site-packages/airflow/example_dags/example_branch_day_of_week_operator.py
[2023-09-01T15:08:01.043+0000] {logging_mixin.py:151} INFO - [2023-09-01T15:08:01.042+0000] {dag.py:2907} INFO - Sync 1 DAGs
[2023-09-01T15:08:01.068+0000] {logging_mixin.py:151} INFO - [2023-09-01T15:08:01.068+0000] {dag.py:3677} INFO - Setting next_dagrun for example_weekday_branch_operator to 2023-08-31T00:00:00+00:00, run_after=2023-09-01T00:00:00+00:00
[2023-09-01T15:08:01.087+0000] {processor.py:179} INFO - Processing /home/airflow/.local/lib/python3.8/site-packages/airflow/example_dags/example_branch_day_of_week_operator.py took 0.086 seconds
[2023-09-01T15:08:31.378+0000] {processor.py:157} INFO - Started process (PID=1994) to work on /home/airflow/.local/lib/python3.8/site-packages/airflow/example_dags/example_branch_day_of_week_operator.py
[2023-09-01T15:08:31.379+0000] {processor.py:829} INFO - Processing file /home/airflow/.local/lib/python3.8/site-packages/airflow/example_dags/example_branch_day_of_week_operator.py for tasks to queue
[2023-09-01T15:08:31.382+0000] {logging_mixin.py:151} INFO - [2023-09-01T15:08:31.381+0000] {dagbag.py:539} INFO - Filling up the DagBag from /home/airflow/.local/lib/python3.8/site-packages/airflow/example_dags/example_branch_day_of_week_operator.py
[2023-09-01T15:08:31.391+0000] {processor.py:839} INFO - DAG(s) dict_keys(['example_weekday_branch_operator']) retrieved from /home/airflow/.local/lib/python3.8/site-packages/airflow/example_dags/example_branch_day_of_week_operator.py
[2023-09-01T15:08:31.415+0000] {logging_mixin.py:151} INFO - [2023-09-01T15:08:31.414+0000] {dag.py:2907} INFO - Sync 1 DAGs
[2023-09-01T15:08:31.442+0000] {logging_mixin.py:151} INFO - [2023-09-01T15:08:31.442+0000] {dag.py:3677} INFO - Setting next_dagrun for example_weekday_branch_operator to 2023-08-31T00:00:00+00:00, run_after=2023-09-01T00:00:00+00:00
[2023-09-01T15:08:31.462+0000] {processor.py:179} INFO - Processing /home/airflow/.local/lib/python3.8/site-packages/airflow/example_dags/example_branch_day_of_week_operator.py took 0.089 seconds
[2023-09-01T15:09:01.720+0000] {processor.py:157} INFO - Started process (PID=2048) to work on /home/airflow/.local/lib/python3.8/site-packages/airflow/example_dags/example_branch_day_of_week_operator.py
[2023-09-01T15:09:01.721+0000] {processor.py:829} INFO - Processing file /home/airflow/.local/lib/python3.8/site-packages/airflow/example_dags/example_branch_day_of_week_operator.py for tasks to queue
[2023-09-01T15:09:01.724+0000] {logging_mixin.py:151} INFO - [2023-09-01T15:09:01.724+0000] {dagbag.py:539} INFO - Filling up the DagBag from /home/airflow/.local/lib/python3.8/site-packages/airflow/example_dags/example_branch_day_of_week_operator.py
[2023-09-01T15:09:01.734+0000] {processor.py:839} INFO - DAG(s) dict_keys(['example_weekday_branch_operator']) retrieved from /home/airflow/.local/lib/python3.8/site-packages/airflow/example_dags/example_branch_day_of_week_operator.py
[2023-09-01T15:09:01.758+0000] {logging_mixin.py:151} INFO - [2023-09-01T15:09:01.758+0000] {dag.py:2907} INFO - Sync 1 DAGs
[2023-09-01T15:09:01.785+0000] {logging_mixin.py:151} INFO - [2023-09-01T15:09:01.784+0000] {dag.py:3677} INFO - Setting next_dagrun for example_weekday_branch_operator to 2023-08-31T00:00:00+00:00, run_after=2023-09-01T00:00:00+00:00
[2023-09-01T15:09:01.805+0000] {processor.py:179} INFO - Processing /home/airflow/.local/lib/python3.8/site-packages/airflow/example_dags/example_branch_day_of_week_operator.py took 0.089 seconds
[2023-09-01T15:09:32.669+0000] {processor.py:157} INFO - Started process (PID=2102) to work on /home/airflow/.local/lib/python3.8/site-packages/airflow/example_dags/example_branch_day_of_week_operator.py
[2023-09-01T15:09:32.671+0000] {processor.py:829} INFO - Processing file /home/airflow/.local/lib/python3.8/site-packages/airflow/example_dags/example_branch_day_of_week_operator.py for tasks to queue
[2023-09-01T15:09:32.675+0000] {logging_mixin.py:151} INFO - [2023-09-01T15:09:32.674+0000] {dagbag.py:539} INFO - Filling up the DagBag from /home/airflow/.local/lib/python3.8/site-packages/airflow/example_dags/example_branch_day_of_week_operator.py
[2023-09-01T15:09:32.688+0000] {processor.py:839} INFO - DAG(s) dict_keys(['example_weekday_branch_operator']) retrieved from /home/airflow/.local/lib/python3.8/site-packages/airflow/example_dags/example_branch_day_of_week_operator.py
[2023-09-01T15:09:32.719+0000] {logging_mixin.py:151} INFO - [2023-09-01T15:09:32.719+0000] {dag.py:2907} INFO - Sync 1 DAGs
[2023-09-01T15:09:32.752+0000] {logging_mixin.py:151} INFO - [2023-09-01T15:09:32.752+0000] {dag.py:3677} INFO - Setting next_dagrun for example_weekday_branch_operator to 2023-08-31T00:00:00+00:00, run_after=2023-09-01T00:00:00+00:00
[2023-09-01T15:09:32.780+0000] {processor.py:179} INFO - Processing /home/airflow/.local/lib/python3.8/site-packages/airflow/example_dags/example_branch_day_of_week_operator.py took 0.117 seconds
[2023-09-01T15:10:03.190+0000] {processor.py:157} INFO - Started process (PID=2156) to work on /home/airflow/.local/lib/python3.8/site-packages/airflow/example_dags/example_branch_day_of_week_operator.py
[2023-09-01T15:10:03.191+0000] {processor.py:829} INFO - Processing file /home/airflow/.local/lib/python3.8/site-packages/airflow/example_dags/example_branch_day_of_week_operator.py for tasks to queue
[2023-09-01T15:10:03.194+0000] {logging_mixin.py:151} INFO - [2023-09-01T15:10:03.194+0000] {dagbag.py:539} INFO - Filling up the DagBag from /home/airflow/.local/lib/python3.8/site-packages/airflow/example_dags/example_branch_day_of_week_operator.py
[2023-09-01T15:10:03.204+0000] {processor.py:839} INFO - DAG(s) dict_keys(['example_weekday_branch_operator']) retrieved from /home/airflow/.local/lib/python3.8/site-packages/airflow/example_dags/example_branch_day_of_week_operator.py
[2023-09-01T15:10:03.227+0000] {logging_mixin.py:151} INFO - [2023-09-01T15:10:03.227+0000] {dag.py:2907} INFO - Sync 1 DAGs
[2023-09-01T15:10:03.252+0000] {logging_mixin.py:151} INFO - [2023-09-01T15:10:03.252+0000] {dag.py:3677} INFO - Setting next_dagrun for example_weekday_branch_operator to 2023-08-31T00:00:00+00:00, run_after=2023-09-01T00:00:00+00:00
[2023-09-01T15:10:03.271+0000] {processor.py:179} INFO - Processing /home/airflow/.local/lib/python3.8/site-packages/airflow/example_dags/example_branch_day_of_week_operator.py took 0.085 seconds
[2023-09-01T15:10:33.669+0000] {processor.py:157} INFO - Started process (PID=2210) to work on /home/airflow/.local/lib/python3.8/site-packages/airflow/example_dags/example_branch_day_of_week_operator.py
[2023-09-01T15:10:33.671+0000] {processor.py:829} INFO - Processing file /home/airflow/.local/lib/python3.8/site-packages/airflow/example_dags/example_branch_day_of_week_operator.py for tasks to queue
[2023-09-01T15:10:33.675+0000] {logging_mixin.py:151} INFO - [2023-09-01T15:10:33.674+0000] {dagbag.py:539} INFO - Filling up the DagBag from /home/airflow/.local/lib/python3.8/site-packages/airflow/example_dags/example_branch_day_of_week_operator.py
[2023-09-01T15:10:33.688+0000] {processor.py:839} INFO - DAG(s) dict_keys(['example_weekday_branch_operator']) retrieved from /home/airflow/.local/lib/python3.8/site-packages/airflow/example_dags/example_branch_day_of_week_operator.py
[2023-09-01T15:10:33.717+0000] {logging_mixin.py:151} INFO - [2023-09-01T15:10:33.717+0000] {dag.py:2907} INFO - Sync 1 DAGs
[2023-09-01T15:10:33.750+0000] {logging_mixin.py:151} INFO - [2023-09-01T15:10:33.750+0000] {dag.py:3677} INFO - Setting next_dagrun for example_weekday_branch_operator to 2023-08-31T00:00:00+00:00, run_after=2023-09-01T00:00:00+00:00
[2023-09-01T15:10:33.775+0000] {processor.py:179} INFO - Processing /home/airflow/.local/lib/python3.8/site-packages/airflow/example_dags/example_branch_day_of_week_operator.py took 0.111 seconds
[2023-09-01T15:11:04.024+0000] {processor.py:157} INFO - Started process (PID=2264) to work on /home/airflow/.local/lib/python3.8/site-packages/airflow/example_dags/example_branch_day_of_week_operator.py
[2023-09-01T15:11:04.025+0000] {processor.py:829} INFO - Processing file /home/airflow/.local/lib/python3.8/site-packages/airflow/example_dags/example_branch_day_of_week_operator.py for tasks to queue
[2023-09-01T15:11:04.028+0000] {logging_mixin.py:151} INFO - [2023-09-01T15:11:04.027+0000] {dagbag.py:539} INFO - Filling up the DagBag from /home/airflow/.local/lib/python3.8/site-packages/airflow/example_dags/example_branch_day_of_week_operator.py
[2023-09-01T15:11:04.037+0000] {processor.py:839} INFO - DAG(s) dict_keys(['example_weekday_branch_operator']) retrieved from /home/airflow/.local/lib/python3.8/site-packages/airflow/example_dags/example_branch_day_of_week_operator.py
[2023-09-01T15:11:04.061+0000] {logging_mixin.py:151} INFO - [2023-09-01T15:11:04.061+0000] {dag.py:2907} INFO - Sync 1 DAGs
[2023-09-01T15:11:04.086+0000] {logging_mixin.py:151} INFO - [2023-09-01T15:11:04.086+0000] {dag.py:3677} INFO - Setting next_dagrun for example_weekday_branch_operator to 2023-08-31T00:00:00+00:00, run_after=2023-09-01T00:00:00+00:00
[2023-09-01T15:11:04.106+0000] {processor.py:179} INFO - Processing /home/airflow/.local/lib/python3.8/site-packages/airflow/example_dags/example_branch_day_of_week_operator.py took 0.086 seconds
[2023-09-01T15:11:34.365+0000] {processor.py:157} INFO - Started process (PID=2318) to work on /home/airflow/.local/lib/python3.8/site-packages/airflow/example_dags/example_branch_day_of_week_operator.py
[2023-09-01T15:11:34.367+0000] {processor.py:829} INFO - Processing file /home/airflow/.local/lib/python3.8/site-packages/airflow/example_dags/example_branch_day_of_week_operator.py for tasks to queue
[2023-09-01T15:11:34.369+0000] {logging_mixin.py:151} INFO - [2023-09-01T15:11:34.369+0000] {dagbag.py:539} INFO - Filling up the DagBag from /home/airflow/.local/lib/python3.8/site-packages/airflow/example_dags/example_branch_day_of_week_operator.py
[2023-09-01T15:11:34.379+0000] {processor.py:839} INFO - DAG(s) dict_keys(['example_weekday_branch_operator']) retrieved from /home/airflow/.local/lib/python3.8/site-packages/airflow/example_dags/example_branch_day_of_week_operator.py
[2023-09-01T15:11:34.403+0000] {logging_mixin.py:151} INFO - [2023-09-01T15:11:34.402+0000] {dag.py:2907} INFO - Sync 1 DAGs
[2023-09-01T15:11:34.427+0000] {logging_mixin.py:151} INFO - [2023-09-01T15:11:34.427+0000] {dag.py:3677} INFO - Setting next_dagrun for example_weekday_branch_operator to 2023-08-31T00:00:00+00:00, run_after=2023-09-01T00:00:00+00:00
[2023-09-01T15:11:34.446+0000] {processor.py:179} INFO - Processing /home/airflow/.local/lib/python3.8/site-packages/airflow/example_dags/example_branch_day_of_week_operator.py took 0.085 seconds
[2023-09-01T15:12:05.356+0000] {processor.py:157} INFO - Started process (PID=2372) to work on /home/airflow/.local/lib/python3.8/site-packages/airflow/example_dags/example_branch_day_of_week_operator.py
[2023-09-01T15:12:05.358+0000] {processor.py:829} INFO - Processing file /home/airflow/.local/lib/python3.8/site-packages/airflow/example_dags/example_branch_day_of_week_operator.py for tasks to queue
[2023-09-01T15:12:05.361+0000] {logging_mixin.py:151} INFO - [2023-09-01T15:12:05.360+0000] {dagbag.py:539} INFO - Filling up the DagBag from /home/airflow/.local/lib/python3.8/site-packages/airflow/example_dags/example_branch_day_of_week_operator.py
[2023-09-01T15:12:05.370+0000] {processor.py:839} INFO - DAG(s) dict_keys(['example_weekday_branch_operator']) retrieved from /home/airflow/.local/lib/python3.8/site-packages/airflow/example_dags/example_branch_day_of_week_operator.py
[2023-09-01T15:12:05.395+0000] {logging_mixin.py:151} INFO - [2023-09-01T15:12:05.395+0000] {dag.py:2907} INFO - Sync 1 DAGs
[2023-09-01T15:12:05.423+0000] {logging_mixin.py:151} INFO - [2023-09-01T15:12:05.422+0000] {dag.py:3677} INFO - Setting next_dagrun for example_weekday_branch_operator to 2023-08-31T00:00:00+00:00, run_after=2023-09-01T00:00:00+00:00
[2023-09-01T15:12:05.445+0000] {processor.py:179} INFO - Processing /home/airflow/.local/lib/python3.8/site-packages/airflow/example_dags/example_branch_day_of_week_operator.py took 0.093 seconds
[2023-09-01T15:12:35.638+0000] {processor.py:157} INFO - Started process (PID=2426) to work on /home/airflow/.local/lib/python3.8/site-packages/airflow/example_dags/example_branch_day_of_week_operator.py
[2023-09-01T15:12:35.640+0000] {processor.py:829} INFO - Processing file /home/airflow/.local/lib/python3.8/site-packages/airflow/example_dags/example_branch_day_of_week_operator.py for tasks to queue
[2023-09-01T15:12:35.642+0000] {logging_mixin.py:151} INFO - [2023-09-01T15:12:35.642+0000] {dagbag.py:539} INFO - Filling up the DagBag from /home/airflow/.local/lib/python3.8/site-packages/airflow/example_dags/example_branch_day_of_week_operator.py
[2023-09-01T15:12:35.652+0000] {processor.py:839} INFO - DAG(s) dict_keys(['example_weekday_branch_operator']) retrieved from /home/airflow/.local/lib/python3.8/site-packages/airflow/example_dags/example_branch_day_of_week_operator.py
[2023-09-01T15:12:35.676+0000] {logging_mixin.py:151} INFO - [2023-09-01T15:12:35.676+0000] {dag.py:2907} INFO - Sync 1 DAGs
[2023-09-01T15:12:35.702+0000] {logging_mixin.py:151} INFO - [2023-09-01T15:12:35.702+0000] {dag.py:3677} INFO - Setting next_dagrun for example_weekday_branch_operator to 2023-08-31T00:00:00+00:00, run_after=2023-09-01T00:00:00+00:00
[2023-09-01T15:12:35.721+0000] {processor.py:179} INFO - Processing /home/airflow/.local/lib/python3.8/site-packages/airflow/example_dags/example_branch_day_of_week_operator.py took 0.087 seconds
[2023-09-01T15:13:05.987+0000] {processor.py:157} INFO - Started process (PID=2480) to work on /home/airflow/.local/lib/python3.8/site-packages/airflow/example_dags/example_branch_day_of_week_operator.py
[2023-09-01T15:13:05.989+0000] {processor.py:829} INFO - Processing file /home/airflow/.local/lib/python3.8/site-packages/airflow/example_dags/example_branch_day_of_week_operator.py for tasks to queue
[2023-09-01T15:13:05.991+0000] {logging_mixin.py:151} INFO - [2023-09-01T15:13:05.991+0000] {dagbag.py:539} INFO - Filling up the DagBag from /home/airflow/.local/lib/python3.8/site-packages/airflow/example_dags/example_branch_day_of_week_operator.py
[2023-09-01T15:13:06.001+0000] {processor.py:839} INFO - DAG(s) dict_keys(['example_weekday_branch_operator']) retrieved from /home/airflow/.local/lib/python3.8/site-packages/airflow/example_dags/example_branch_day_of_week_operator.py
[2023-09-01T15:13:06.026+0000] {logging_mixin.py:151} INFO - [2023-09-01T15:13:06.026+0000] {dag.py:2907} INFO - Sync 1 DAGs
[2023-09-01T15:13:06.051+0000] {logging_mixin.py:151} INFO - [2023-09-01T15:13:06.051+0000] {dag.py:3677} INFO - Setting next_dagrun for example_weekday_branch_operator to 2023-08-31T00:00:00+00:00, run_after=2023-09-01T00:00:00+00:00
[2023-09-01T15:13:06.071+0000] {processor.py:179} INFO - Processing /home/airflow/.local/lib/python3.8/site-packages/airflow/example_dags/example_branch_day_of_week_operator.py took 0.088 seconds
[2023-09-01T15:13:36.639+0000] {processor.py:157} INFO - Started process (PID=2534) to work on /home/airflow/.local/lib/python3.8/site-packages/airflow/example_dags/example_branch_day_of_week_operator.py
[2023-09-01T15:13:36.641+0000] {processor.py:829} INFO - Processing file /home/airflow/.local/lib/python3.8/site-packages/airflow/example_dags/example_branch_day_of_week_operator.py for tasks to queue
[2023-09-01T15:13:36.645+0000] {logging_mixin.py:151} INFO - [2023-09-01T15:13:36.644+0000] {dagbag.py:539} INFO - Filling up the DagBag from /home/airflow/.local/lib/python3.8/site-packages/airflow/example_dags/example_branch_day_of_week_operator.py
[2023-09-01T15:13:36.657+0000] {processor.py:839} INFO - DAG(s) dict_keys(['example_weekday_branch_operator']) retrieved from /home/airflow/.local/lib/python3.8/site-packages/airflow/example_dags/example_branch_day_of_week_operator.py
[2023-09-01T15:13:36.690+0000] {logging_mixin.py:151} INFO - [2023-09-01T15:13:36.690+0000] {dag.py:2907} INFO - Sync 1 DAGs
[2023-09-01T15:13:36.723+0000] {logging_mixin.py:151} INFO - [2023-09-01T15:13:36.723+0000] {dag.py:3677} INFO - Setting next_dagrun for example_weekday_branch_operator to 2023-08-31T00:00:00+00:00, run_after=2023-09-01T00:00:00+00:00
[2023-09-01T15:13:36.749+0000] {processor.py:179} INFO - Processing /home/airflow/.local/lib/python3.8/site-packages/airflow/example_dags/example_branch_day_of_week_operator.py took 0.116 seconds
[2023-09-01T15:14:06.914+0000] {processor.py:157} INFO - Started process (PID=2588) to work on /home/airflow/.local/lib/python3.8/site-packages/airflow/example_dags/example_branch_day_of_week_operator.py
[2023-09-01T15:14:06.915+0000] {processor.py:829} INFO - Processing file /home/airflow/.local/lib/python3.8/site-packages/airflow/example_dags/example_branch_day_of_week_operator.py for tasks to queue
[2023-09-01T15:14:06.918+0000] {logging_mixin.py:151} INFO - [2023-09-01T15:14:06.918+0000] {dagbag.py:539} INFO - Filling up the DagBag from /home/airflow/.local/lib/python3.8/site-packages/airflow/example_dags/example_branch_day_of_week_operator.py
[2023-09-01T15:14:06.928+0000] {processor.py:839} INFO - DAG(s) dict_keys(['example_weekday_branch_operator']) retrieved from /home/airflow/.local/lib/python3.8/site-packages/airflow/example_dags/example_branch_day_of_week_operator.py
[2023-09-01T15:14:06.952+0000] {logging_mixin.py:151} INFO - [2023-09-01T15:14:06.952+0000] {dag.py:2907} INFO - Sync 1 DAGs
[2023-09-01T15:14:06.978+0000] {logging_mixin.py:151} INFO - [2023-09-01T15:14:06.977+0000] {dag.py:3677} INFO - Setting next_dagrun for example_weekday_branch_operator to 2023-08-31T00:00:00+00:00, run_after=2023-09-01T00:00:00+00:00
[2023-09-01T15:14:06.997+0000] {processor.py:179} INFO - Processing /home/airflow/.local/lib/python3.8/site-packages/airflow/example_dags/example_branch_day_of_week_operator.py took 0.087 seconds
[2023-09-01T15:14:37.902+0000] {processor.py:157} INFO - Started process (PID=2642) to work on /home/airflow/.local/lib/python3.8/site-packages/airflow/example_dags/example_branch_day_of_week_operator.py
[2023-09-01T15:14:37.903+0000] {processor.py:829} INFO - Processing file /home/airflow/.local/lib/python3.8/site-packages/airflow/example_dags/example_branch_day_of_week_operator.py for tasks to queue
[2023-09-01T15:14:37.906+0000] {logging_mixin.py:151} INFO - [2023-09-01T15:14:37.905+0000] {dagbag.py:539} INFO - Filling up the DagBag from /home/airflow/.local/lib/python3.8/site-packages/airflow/example_dags/example_branch_day_of_week_operator.py
[2023-09-01T15:14:37.915+0000] {processor.py:839} INFO - DAG(s) dict_keys(['example_weekday_branch_operator']) retrieved from /home/airflow/.local/lib/python3.8/site-packages/airflow/example_dags/example_branch_day_of_week_operator.py
[2023-09-01T15:14:37.939+0000] {logging_mixin.py:151} INFO - [2023-09-01T15:14:37.939+0000] {dag.py:2907} INFO - Sync 1 DAGs
[2023-09-01T15:14:37.963+0000] {logging_mixin.py:151} INFO - [2023-09-01T15:14:37.963+0000] {dag.py:3677} INFO - Setting next_dagrun for example_weekday_branch_operator to 2023-08-31T00:00:00+00:00, run_after=2023-09-01T00:00:00+00:00
[2023-09-01T15:14:37.982+0000] {processor.py:179} INFO - Processing /home/airflow/.local/lib/python3.8/site-packages/airflow/example_dags/example_branch_day_of_week_operator.py took 0.085 seconds
[2023-09-01T15:15:08.892+0000] {processor.py:157} INFO - Started process (PID=2696) to work on /home/airflow/.local/lib/python3.8/site-packages/airflow/example_dags/example_branch_day_of_week_operator.py
[2023-09-01T15:15:08.893+0000] {processor.py:829} INFO - Processing file /home/airflow/.local/lib/python3.8/site-packages/airflow/example_dags/example_branch_day_of_week_operator.py for tasks to queue
[2023-09-01T15:15:08.896+0000] {logging_mixin.py:151} INFO - [2023-09-01T15:15:08.895+0000] {dagbag.py:539} INFO - Filling up the DagBag from /home/airflow/.local/lib/python3.8/site-packages/airflow/example_dags/example_branch_day_of_week_operator.py
[2023-09-01T15:15:08.905+0000] {processor.py:839} INFO - DAG(s) dict_keys(['example_weekday_branch_operator']) retrieved from /home/airflow/.local/lib/python3.8/site-packages/airflow/example_dags/example_branch_day_of_week_operator.py
[2023-09-01T15:15:08.929+0000] {logging_mixin.py:151} INFO - [2023-09-01T15:15:08.929+0000] {dag.py:2907} INFO - Sync 1 DAGs
[2023-09-01T15:15:08.955+0000] {logging_mixin.py:151} INFO - [2023-09-01T15:15:08.955+0000] {dag.py:3677} INFO - Setting next_dagrun for example_weekday_branch_operator to 2023-08-31T00:00:00+00:00, run_after=2023-09-01T00:00:00+00:00
[2023-09-01T15:15:08.976+0000] {processor.py:179} INFO - Processing /home/airflow/.local/lib/python3.8/site-packages/airflow/example_dags/example_branch_day_of_week_operator.py took 0.088 seconds
[2023-09-01T15:15:39.262+0000] {processor.py:157} INFO - Started process (PID=2750) to work on /home/airflow/.local/lib/python3.8/site-packages/airflow/example_dags/example_branch_day_of_week_operator.py
[2023-09-01T15:15:39.264+0000] {processor.py:829} INFO - Processing file /home/airflow/.local/lib/python3.8/site-packages/airflow/example_dags/example_branch_day_of_week_operator.py for tasks to queue
[2023-09-01T15:15:39.266+0000] {logging_mixin.py:151} INFO - [2023-09-01T15:15:39.266+0000] {dagbag.py:539} INFO - Filling up the DagBag from /home/airflow/.local/lib/python3.8/site-packages/airflow/example_dags/example_branch_day_of_week_operator.py
[2023-09-01T15:15:39.276+0000] {processor.py:839} INFO - DAG(s) dict_keys(['example_weekday_branch_operator']) retrieved from /home/airflow/.local/lib/python3.8/site-packages/airflow/example_dags/example_branch_day_of_week_operator.py
[2023-09-01T15:15:39.299+0000] {logging_mixin.py:151} INFO - [2023-09-01T15:15:39.299+0000] {dag.py:2907} INFO - Sync 1 DAGs
[2023-09-01T15:15:39.324+0000] {logging_mixin.py:151} INFO - [2023-09-01T15:15:39.324+0000] {dag.py:3677} INFO - Setting next_dagrun for example_weekday_branch_operator to 2023-08-31T00:00:00+00:00, run_after=2023-09-01T00:00:00+00:00
[2023-09-01T15:15:39.344+0000] {processor.py:179} INFO - Processing /home/airflow/.local/lib/python3.8/site-packages/airflow/example_dags/example_branch_day_of_week_operator.py took 0.086 seconds
[2023-09-01T15:16:10.346+0000] {processor.py:157} INFO - Started process (PID=2804) to work on /home/airflow/.local/lib/python3.8/site-packages/airflow/example_dags/example_branch_day_of_week_operator.py
[2023-09-01T15:16:10.347+0000] {processor.py:829} INFO - Processing file /home/airflow/.local/lib/python3.8/site-packages/airflow/example_dags/example_branch_day_of_week_operator.py for tasks to queue
[2023-09-01T15:16:10.350+0000] {logging_mixin.py:151} INFO - [2023-09-01T15:16:10.350+0000] {dagbag.py:539} INFO - Filling up the DagBag from /home/airflow/.local/lib/python3.8/site-packages/airflow/example_dags/example_branch_day_of_week_operator.py
[2023-09-01T15:16:10.359+0000] {processor.py:839} INFO - DAG(s) dict_keys(['example_weekday_branch_operator']) retrieved from /home/airflow/.local/lib/python3.8/site-packages/airflow/example_dags/example_branch_day_of_week_operator.py
[2023-09-01T15:16:10.383+0000] {logging_mixin.py:151} INFO - [2023-09-01T15:16:10.382+0000] {dag.py:2907} INFO - Sync 1 DAGs
[2023-09-01T15:16:10.408+0000] {logging_mixin.py:151} INFO - [2023-09-01T15:16:10.408+0000] {dag.py:3677} INFO - Setting next_dagrun for example_weekday_branch_operator to 2023-08-31T00:00:00+00:00, run_after=2023-09-01T00:00:00+00:00
[2023-09-01T15:16:10.427+0000] {processor.py:179} INFO - Processing /home/airflow/.local/lib/python3.8/site-packages/airflow/example_dags/example_branch_day_of_week_operator.py took 0.086 seconds
[2023-09-01T15:16:40.824+0000] {processor.py:157} INFO - Started process (PID=2859) to work on /home/airflow/.local/lib/python3.8/site-packages/airflow/example_dags/example_branch_day_of_week_operator.py
[2023-09-01T15:16:40.826+0000] {processor.py:829} INFO - Processing file /home/airflow/.local/lib/python3.8/site-packages/airflow/example_dags/example_branch_day_of_week_operator.py for tasks to queue
[2023-09-01T15:16:40.829+0000] {logging_mixin.py:151} INFO - [2023-09-01T15:16:40.828+0000] {dagbag.py:539} INFO - Filling up the DagBag from /home/airflow/.local/lib/python3.8/site-packages/airflow/example_dags/example_branch_day_of_week_operator.py
[2023-09-01T15:16:40.839+0000] {processor.py:839} INFO - DAG(s) dict_keys(['example_weekday_branch_operator']) retrieved from /home/airflow/.local/lib/python3.8/site-packages/airflow/example_dags/example_branch_day_of_week_operator.py
[2023-09-01T15:16:40.862+0000] {logging_mixin.py:151} INFO - [2023-09-01T15:16:40.862+0000] {dag.py:2907} INFO - Sync 1 DAGs
[2023-09-01T15:16:40.888+0000] {logging_mixin.py:151} INFO - [2023-09-01T15:16:40.888+0000] {dag.py:3677} INFO - Setting next_dagrun for example_weekday_branch_operator to 2023-08-31T00:00:00+00:00, run_after=2023-09-01T00:00:00+00:00
[2023-09-01T15:16:40.908+0000] {processor.py:179} INFO - Processing /home/airflow/.local/lib/python3.8/site-packages/airflow/example_dags/example_branch_day_of_week_operator.py took 0.088 seconds
[2023-09-01T15:17:11.380+0000] {processor.py:157} INFO - Started process (PID=2914) to work on /home/airflow/.local/lib/python3.8/site-packages/airflow/example_dags/example_branch_day_of_week_operator.py
[2023-09-01T15:17:11.382+0000] {processor.py:829} INFO - Processing file /home/airflow/.local/lib/python3.8/site-packages/airflow/example_dags/example_branch_day_of_week_operator.py for tasks to queue
[2023-09-01T15:17:11.385+0000] {logging_mixin.py:151} INFO - [2023-09-01T15:17:11.385+0000] {dagbag.py:539} INFO - Filling up the DagBag from /home/airflow/.local/lib/python3.8/site-packages/airflow/example_dags/example_branch_day_of_week_operator.py
[2023-09-01T15:17:11.398+0000] {processor.py:839} INFO - DAG(s) dict_keys(['example_weekday_branch_operator']) retrieved from /home/airflow/.local/lib/python3.8/site-packages/airflow/example_dags/example_branch_day_of_week_operator.py
[2023-09-01T15:17:11.428+0000] {logging_mixin.py:151} INFO - [2023-09-01T15:17:11.427+0000] {dag.py:2907} INFO - Sync 1 DAGs
[2023-09-01T15:17:11.463+0000] {logging_mixin.py:151} INFO - [2023-09-01T15:17:11.463+0000] {dag.py:3677} INFO - Setting next_dagrun for example_weekday_branch_operator to 2023-08-31T00:00:00+00:00, run_after=2023-09-01T00:00:00+00:00
[2023-09-01T15:17:11.488+0000] {processor.py:179} INFO - Processing /home/airflow/.local/lib/python3.8/site-packages/airflow/example_dags/example_branch_day_of_week_operator.py took 0.113 seconds
[2023-09-01T15:17:41.927+0000] {processor.py:157} INFO - Started process (PID=2968) to work on /home/airflow/.local/lib/python3.8/site-packages/airflow/example_dags/example_branch_day_of_week_operator.py
[2023-09-01T15:17:41.928+0000] {processor.py:829} INFO - Processing file /home/airflow/.local/lib/python3.8/site-packages/airflow/example_dags/example_branch_day_of_week_operator.py for tasks to queue
[2023-09-01T15:17:41.931+0000] {logging_mixin.py:151} INFO - [2023-09-01T15:17:41.931+0000] {dagbag.py:539} INFO - Filling up the DagBag from /home/airflow/.local/lib/python3.8/site-packages/airflow/example_dags/example_branch_day_of_week_operator.py
[2023-09-01T15:17:41.941+0000] {processor.py:839} INFO - DAG(s) dict_keys(['example_weekday_branch_operator']) retrieved from /home/airflow/.local/lib/python3.8/site-packages/airflow/example_dags/example_branch_day_of_week_operator.py
[2023-09-01T15:17:41.964+0000] {logging_mixin.py:151} INFO - [2023-09-01T15:17:41.964+0000] {dag.py:2907} INFO - Sync 1 DAGs
[2023-09-01T15:17:41.989+0000] {logging_mixin.py:151} INFO - [2023-09-01T15:17:41.989+0000] {dag.py:3677} INFO - Setting next_dagrun for example_weekday_branch_operator to 2023-08-31T00:00:00+00:00, run_after=2023-09-01T00:00:00+00:00
[2023-09-01T15:17:42.008+0000] {processor.py:179} INFO - Processing /home/airflow/.local/lib/python3.8/site-packages/airflow/example_dags/example_branch_day_of_week_operator.py took 0.086 seconds
[2023-09-01T15:18:12.898+0000] {processor.py:157} INFO - Started process (PID=3022) to work on /home/airflow/.local/lib/python3.8/site-packages/airflow/example_dags/example_branch_day_of_week_operator.py
[2023-09-01T15:18:12.899+0000] {processor.py:829} INFO - Processing file /home/airflow/.local/lib/python3.8/site-packages/airflow/example_dags/example_branch_day_of_week_operator.py for tasks to queue
[2023-09-01T15:18:12.902+0000] {logging_mixin.py:151} INFO - [2023-09-01T15:18:12.901+0000] {dagbag.py:539} INFO - Filling up the DagBag from /home/airflow/.local/lib/python3.8/site-packages/airflow/example_dags/example_branch_day_of_week_operator.py
[2023-09-01T15:18:12.911+0000] {processor.py:839} INFO - DAG(s) dict_keys(['example_weekday_branch_operator']) retrieved from /home/airflow/.local/lib/python3.8/site-packages/airflow/example_dags/example_branch_day_of_week_operator.py
[2023-09-01T15:18:12.936+0000] {logging_mixin.py:151} INFO - [2023-09-01T15:18:12.935+0000] {dag.py:2907} INFO - Sync 1 DAGs
[2023-09-01T15:18:12.961+0000] {logging_mixin.py:151} INFO - [2023-09-01T15:18:12.961+0000] {dag.py:3677} INFO - Setting next_dagrun for example_weekday_branch_operator to 2023-08-31T00:00:00+00:00, run_after=2023-09-01T00:00:00+00:00
[2023-09-01T15:18:12.980+0000] {processor.py:179} INFO - Processing /home/airflow/.local/lib/python3.8/site-packages/airflow/example_dags/example_branch_day_of_week_operator.py took 0.086 seconds
[2023-09-01T15:18:43.507+0000] {processor.py:157} INFO - Started process (PID=3076) to work on /home/airflow/.local/lib/python3.8/site-packages/airflow/example_dags/example_branch_day_of_week_operator.py
[2023-09-01T15:18:43.509+0000] {processor.py:829} INFO - Processing file /home/airflow/.local/lib/python3.8/site-packages/airflow/example_dags/example_branch_day_of_week_operator.py for tasks to queue
[2023-09-01T15:18:43.512+0000] {logging_mixin.py:151} INFO - [2023-09-01T15:18:43.511+0000] {dagbag.py:539} INFO - Filling up the DagBag from /home/airflow/.local/lib/python3.8/site-packages/airflow/example_dags/example_branch_day_of_week_operator.py
[2023-09-01T15:18:43.522+0000] {processor.py:839} INFO - DAG(s) dict_keys(['example_weekday_branch_operator']) retrieved from /home/airflow/.local/lib/python3.8/site-packages/airflow/example_dags/example_branch_day_of_week_operator.py
[2023-09-01T15:18:43.557+0000] {logging_mixin.py:151} INFO - [2023-09-01T15:18:43.556+0000] {dag.py:2907} INFO - Sync 1 DAGs
[2023-09-01T15:18:43.596+0000] {logging_mixin.py:151} INFO - [2023-09-01T15:18:43.595+0000] {dag.py:3677} INFO - Setting next_dagrun for example_weekday_branch_operator to 2023-08-31T00:00:00+00:00, run_after=2023-09-01T00:00:00+00:00
[2023-09-01T15:18:43.646+0000] {processor.py:179} INFO - Processing /home/airflow/.local/lib/python3.8/site-packages/airflow/example_dags/example_branch_day_of_week_operator.py took 0.143 seconds
[2023-09-01T15:19:14.120+0000] {processor.py:157} INFO - Started process (PID=3130) to work on /home/airflow/.local/lib/python3.8/site-packages/airflow/example_dags/example_branch_day_of_week_operator.py
[2023-09-01T15:19:14.121+0000] {processor.py:829} INFO - Processing file /home/airflow/.local/lib/python3.8/site-packages/airflow/example_dags/example_branch_day_of_week_operator.py for tasks to queue
[2023-09-01T15:19:14.124+0000] {logging_mixin.py:151} INFO - [2023-09-01T15:19:14.124+0000] {dagbag.py:539} INFO - Filling up the DagBag from /home/airflow/.local/lib/python3.8/site-packages/airflow/example_dags/example_branch_day_of_week_operator.py
[2023-09-01T15:19:14.133+0000] {processor.py:839} INFO - DAG(s) dict_keys(['example_weekday_branch_operator']) retrieved from /home/airflow/.local/lib/python3.8/site-packages/airflow/example_dags/example_branch_day_of_week_operator.py
[2023-09-01T15:19:14.157+0000] {logging_mixin.py:151} INFO - [2023-09-01T15:19:14.157+0000] {dag.py:2907} INFO - Sync 1 DAGs
[2023-09-01T15:19:14.183+0000] {logging_mixin.py:151} INFO - [2023-09-01T15:19:14.183+0000] {dag.py:3677} INFO - Setting next_dagrun for example_weekday_branch_operator to 2023-08-31T00:00:00+00:00, run_after=2023-09-01T00:00:00+00:00
[2023-09-01T15:19:14.203+0000] {processor.py:179} INFO - Processing /home/airflow/.local/lib/python3.8/site-packages/airflow/example_dags/example_branch_day_of_week_operator.py took 0.088 seconds
[2023-09-01T15:19:44.768+0000] {processor.py:157} INFO - Started process (PID=3184) to work on /home/airflow/.local/lib/python3.8/site-packages/airflow/example_dags/example_branch_day_of_week_operator.py
[2023-09-01T15:19:44.769+0000] {processor.py:829} INFO - Processing file /home/airflow/.local/lib/python3.8/site-packages/airflow/example_dags/example_branch_day_of_week_operator.py for tasks to queue
[2023-09-01T15:19:44.772+0000] {logging_mixin.py:151} INFO - [2023-09-01T15:19:44.772+0000] {dagbag.py:539} INFO - Filling up the DagBag from /home/airflow/.local/lib/python3.8/site-packages/airflow/example_dags/example_branch_day_of_week_operator.py
[2023-09-01T15:19:44.782+0000] {processor.py:839} INFO - DAG(s) dict_keys(['example_weekday_branch_operator']) retrieved from /home/airflow/.local/lib/python3.8/site-packages/airflow/example_dags/example_branch_day_of_week_operator.py
[2023-09-01T15:19:44.805+0000] {logging_mixin.py:151} INFO - [2023-09-01T15:19:44.805+0000] {dag.py:2907} INFO - Sync 1 DAGs
[2023-09-01T15:19:44.831+0000] {logging_mixin.py:151} INFO - [2023-09-01T15:19:44.831+0000] {dag.py:3677} INFO - Setting next_dagrun for example_weekday_branch_operator to 2023-08-31T00:00:00+00:00, run_after=2023-09-01T00:00:00+00:00
[2023-09-01T15:19:44.851+0000] {processor.py:179} INFO - Processing /home/airflow/.local/lib/python3.8/site-packages/airflow/example_dags/example_branch_day_of_week_operator.py took 0.088 seconds
[2023-09-01T15:20:15.231+0000] {processor.py:157} INFO - Started process (PID=3238) to work on /home/airflow/.local/lib/python3.8/site-packages/airflow/example_dags/example_branch_day_of_week_operator.py
[2023-09-01T15:20:15.233+0000] {processor.py:829} INFO - Processing file /home/airflow/.local/lib/python3.8/site-packages/airflow/example_dags/example_branch_day_of_week_operator.py for tasks to queue
[2023-09-01T15:20:15.236+0000] {logging_mixin.py:151} INFO - [2023-09-01T15:20:15.235+0000] {dagbag.py:539} INFO - Filling up the DagBag from /home/airflow/.local/lib/python3.8/site-packages/airflow/example_dags/example_branch_day_of_week_operator.py
[2023-09-01T15:20:15.245+0000] {processor.py:839} INFO - DAG(s) dict_keys(['example_weekday_branch_operator']) retrieved from /home/airflow/.local/lib/python3.8/site-packages/airflow/example_dags/example_branch_day_of_week_operator.py
[2023-09-01T15:20:15.271+0000] {logging_mixin.py:151} INFO - [2023-09-01T15:20:15.271+0000] {dag.py:2907} INFO - Sync 1 DAGs
[2023-09-01T15:20:15.301+0000] {logging_mixin.py:151} INFO - [2023-09-01T15:20:15.301+0000] {dag.py:3677} INFO - Setting next_dagrun for example_weekday_branch_operator to 2023-08-31T00:00:00+00:00, run_after=2023-09-01T00:00:00+00:00
[2023-09-01T15:20:15.323+0000] {processor.py:179} INFO - Processing /home/airflow/.local/lib/python3.8/site-packages/airflow/example_dags/example_branch_day_of_week_operator.py took 0.096 seconds
[2023-09-01T15:20:45.730+0000] {processor.py:157} INFO - Started process (PID=3292) to work on /home/airflow/.local/lib/python3.8/site-packages/airflow/example_dags/example_branch_day_of_week_operator.py
[2023-09-01T15:20:45.732+0000] {processor.py:829} INFO - Processing file /home/airflow/.local/lib/python3.8/site-packages/airflow/example_dags/example_branch_day_of_week_operator.py for tasks to queue
[2023-09-01T15:20:45.734+0000] {logging_mixin.py:151} INFO - [2023-09-01T15:20:45.734+0000] {dagbag.py:539} INFO - Filling up the DagBag from /home/airflow/.local/lib/python3.8/site-packages/airflow/example_dags/example_branch_day_of_week_operator.py
[2023-09-01T15:20:45.744+0000] {processor.py:839} INFO - DAG(s) dict_keys(['example_weekday_branch_operator']) retrieved from /home/airflow/.local/lib/python3.8/site-packages/airflow/example_dags/example_branch_day_of_week_operator.py
[2023-09-01T15:20:45.769+0000] {logging_mixin.py:151} INFO - [2023-09-01T15:20:45.768+0000] {dag.py:2907} INFO - Sync 1 DAGs
[2023-09-01T15:20:45.794+0000] {logging_mixin.py:151} INFO - [2023-09-01T15:20:45.794+0000] {dag.py:3677} INFO - Setting next_dagrun for example_weekday_branch_operator to 2023-08-31T00:00:00+00:00, run_after=2023-09-01T00:00:00+00:00
[2023-09-01T15:20:45.812+0000] {processor.py:179} INFO - Processing /home/airflow/.local/lib/python3.8/site-packages/airflow/example_dags/example_branch_day_of_week_operator.py took 0.087 seconds
[2023-09-01T15:21:16.435+0000] {processor.py:157} INFO - Started process (PID=3346) to work on /home/airflow/.local/lib/python3.8/site-packages/airflow/example_dags/example_branch_day_of_week_operator.py
[2023-09-01T15:21:16.436+0000] {processor.py:829} INFO - Processing file /home/airflow/.local/lib/python3.8/site-packages/airflow/example_dags/example_branch_day_of_week_operator.py for tasks to queue
[2023-09-01T15:21:16.439+0000] {logging_mixin.py:151} INFO - [2023-09-01T15:21:16.439+0000] {dagbag.py:539} INFO - Filling up the DagBag from /home/airflow/.local/lib/python3.8/site-packages/airflow/example_dags/example_branch_day_of_week_operator.py
[2023-09-01T15:21:16.449+0000] {processor.py:839} INFO - DAG(s) dict_keys(['example_weekday_branch_operator']) retrieved from /home/airflow/.local/lib/python3.8/site-packages/airflow/example_dags/example_branch_day_of_week_operator.py
[2023-09-01T15:21:16.472+0000] {logging_mixin.py:151} INFO - [2023-09-01T15:21:16.472+0000] {dag.py:2907} INFO - Sync 1 DAGs
[2023-09-01T15:21:16.498+0000] {logging_mixin.py:151} INFO - [2023-09-01T15:21:16.498+0000] {dag.py:3677} INFO - Setting next_dagrun for example_weekday_branch_operator to 2023-08-31T00:00:00+00:00, run_after=2023-09-01T00:00:00+00:00
[2023-09-01T15:21:16.517+0000] {processor.py:179} INFO - Processing /home/airflow/.local/lib/python3.8/site-packages/airflow/example_dags/example_branch_day_of_week_operator.py took 0.087 seconds
[2023-09-01T15:21:47.164+0000] {processor.py:157} INFO - Started process (PID=3400) to work on /home/airflow/.local/lib/python3.8/site-packages/airflow/example_dags/example_branch_day_of_week_operator.py
[2023-09-01T15:21:47.166+0000] {processor.py:829} INFO - Processing file /home/airflow/.local/lib/python3.8/site-packages/airflow/example_dags/example_branch_day_of_week_operator.py for tasks to queue
[2023-09-01T15:21:47.169+0000] {logging_mixin.py:151} INFO - [2023-09-01T15:21:47.169+0000] {dagbag.py:539} INFO - Filling up the DagBag from /home/airflow/.local/lib/python3.8/site-packages/airflow/example_dags/example_branch_day_of_week_operator.py
[2023-09-01T15:21:47.182+0000] {processor.py:839} INFO - DAG(s) dict_keys(['example_weekday_branch_operator']) retrieved from /home/airflow/.local/lib/python3.8/site-packages/airflow/example_dags/example_branch_day_of_week_operator.py
[2023-09-01T15:21:47.212+0000] {logging_mixin.py:151} INFO - [2023-09-01T15:21:47.212+0000] {dag.py:2907} INFO - Sync 1 DAGs
[2023-09-01T15:21:47.246+0000] {logging_mixin.py:151} INFO - [2023-09-01T15:21:47.246+0000] {dag.py:3677} INFO - Setting next_dagrun for example_weekday_branch_operator to 2023-08-31T00:00:00+00:00, run_after=2023-09-01T00:00:00+00:00
[2023-09-01T15:21:47.273+0000] {processor.py:179} INFO - Processing /home/airflow/.local/lib/python3.8/site-packages/airflow/example_dags/example_branch_day_of_week_operator.py took 0.115 seconds
