[2023-09-01T14:50:25.199+0000] {processor.py:157} INFO - Started process (PID=75) to work on /home/airflow/.local/lib/python3.8/site-packages/airflow/example_dags/example_short_circuit_operator.py
[2023-09-01T14:50:25.201+0000] {processor.py:829} INFO - Processing file /home/airflow/.local/lib/python3.8/site-packages/airflow/example_dags/example_short_circuit_operator.py for tasks to queue
[2023-09-01T14:50:25.206+0000] {logging_mixin.py:151} INFO - [2023-09-01T14:50:25.205+0000] {dagbag.py:539} INFO - Filling up the DagBag from /home/airflow/.local/lib/python3.8/site-packages/airflow/example_dags/example_short_circuit_operator.py
[2023-09-01T14:50:25.218+0000] {processor.py:839} INFO - DAG(s) dict_keys(['example_short_circuit_operator']) retrieved from /home/airflow/.local/lib/python3.8/site-packages/airflow/example_dags/example_short_circuit_operator.py
[2023-09-01T14:50:25.367+0000] {logging_mixin.py:151} INFO - [2023-09-01T14:50:25.367+0000] {manager.py:501} INFO - Created Permission View: can read on DAG:example_short_circuit_operator
[2023-09-01T14:50:25.381+0000] {logging_mixin.py:151} INFO - [2023-09-01T14:50:25.380+0000] {manager.py:501} INFO - Created Permission View: can edit on DAG:example_short_circuit_operator
[2023-09-01T14:50:25.391+0000] {logging_mixin.py:151} INFO - [2023-09-01T14:50:25.390+0000] {manager.py:501} INFO - Created Permission View: can delete on DAG:example_short_circuit_operator
[2023-09-01T14:50:25.407+0000] {logging_mixin.py:151} INFO - [2023-09-01T14:50:25.407+0000] {dag.py:2907} INFO - Sync 1 DAGs
[2023-09-01T14:50:25.429+0000] {logging_mixin.py:151} INFO - [2023-09-01T14:50:25.428+0000] {dag.py:2929} INFO - Creating ORM DAG for example_short_circuit_operator
[2023-09-01T14:50:25.458+0000] {logging_mixin.py:151} INFO - [2023-09-01T14:50:25.457+0000] {dag.py:3677} INFO - Setting next_dagrun for example_short_circuit_operator to 2023-08-31T14:50:25.457403+00:00, run_after=2023-09-01T14:50:25.457403+00:00
[2023-09-01T14:50:25.494+0000] {processor.py:179} INFO - Processing /home/airflow/.local/lib/python3.8/site-packages/airflow/example_dags/example_short_circuit_operator.py took 0.300 seconds
[2023-09-01T14:50:55.767+0000] {processor.py:157} INFO - Started process (PID=136) to work on /home/airflow/.local/lib/python3.8/site-packages/airflow/example_dags/example_short_circuit_operator.py
[2023-09-01T14:50:55.769+0000] {processor.py:829} INFO - Processing file /home/airflow/.local/lib/python3.8/site-packages/airflow/example_dags/example_short_circuit_operator.py for tasks to queue
[2023-09-01T14:50:55.773+0000] {logging_mixin.py:151} INFO - [2023-09-01T14:50:55.773+0000] {dagbag.py:539} INFO - Filling up the DagBag from /home/airflow/.local/lib/python3.8/site-packages/airflow/example_dags/example_short_circuit_operator.py
[2023-09-01T14:50:55.786+0000] {processor.py:839} INFO - DAG(s) dict_keys(['example_short_circuit_operator']) retrieved from /home/airflow/.local/lib/python3.8/site-packages/airflow/example_dags/example_short_circuit_operator.py
[2023-09-01T14:50:55.822+0000] {logging_mixin.py:151} INFO - [2023-09-01T14:50:55.822+0000] {dag.py:2907} INFO - Sync 1 DAGs
[2023-09-01T14:50:55.855+0000] {logging_mixin.py:151} INFO - [2023-09-01T14:50:55.855+0000] {dag.py:3677} INFO - Setting next_dagrun for example_short_circuit_operator to 2023-08-31T14:50:55.855201+00:00, run_after=2023-09-01T14:50:55.855201+00:00
[2023-09-01T14:50:55.880+0000] {processor.py:179} INFO - Processing /home/airflow/.local/lib/python3.8/site-packages/airflow/example_dags/example_short_circuit_operator.py took 0.122 seconds
[2023-09-01T14:51:26.148+0000] {processor.py:157} INFO - Started process (PID=189) to work on /home/airflow/.local/lib/python3.8/site-packages/airflow/example_dags/example_short_circuit_operator.py
[2023-09-01T14:51:26.149+0000] {processor.py:829} INFO - Processing file /home/airflow/.local/lib/python3.8/site-packages/airflow/example_dags/example_short_circuit_operator.py for tasks to queue
[2023-09-01T14:51:26.153+0000] {logging_mixin.py:151} INFO - [2023-09-01T14:51:26.152+0000] {dagbag.py:539} INFO - Filling up the DagBag from /home/airflow/.local/lib/python3.8/site-packages/airflow/example_dags/example_short_circuit_operator.py
[2023-09-01T14:51:26.165+0000] {processor.py:839} INFO - DAG(s) dict_keys(['example_short_circuit_operator']) retrieved from /home/airflow/.local/lib/python3.8/site-packages/airflow/example_dags/example_short_circuit_operator.py
[2023-09-01T14:51:26.200+0000] {logging_mixin.py:151} INFO - [2023-09-01T14:51:26.199+0000] {dag.py:2907} INFO - Sync 1 DAGs
[2023-09-01T14:51:26.232+0000] {logging_mixin.py:151} INFO - [2023-09-01T14:51:26.232+0000] {dag.py:3677} INFO - Setting next_dagrun for example_short_circuit_operator to 2023-08-31T14:51:26.232350+00:00, run_after=2023-09-01T14:51:26.232350+00:00
[2023-09-01T14:51:26.260+0000] {processor.py:179} INFO - Processing /home/airflow/.local/lib/python3.8/site-packages/airflow/example_dags/example_short_circuit_operator.py took 0.117 seconds
[2023-09-01T14:51:57.065+0000] {processor.py:157} INFO - Started process (PID=243) to work on /home/airflow/.local/lib/python3.8/site-packages/airflow/example_dags/example_short_circuit_operator.py
[2023-09-01T14:51:57.067+0000] {processor.py:829} INFO - Processing file /home/airflow/.local/lib/python3.8/site-packages/airflow/example_dags/example_short_circuit_operator.py for tasks to queue
[2023-09-01T14:51:57.069+0000] {logging_mixin.py:151} INFO - [2023-09-01T14:51:57.069+0000] {dagbag.py:539} INFO - Filling up the DagBag from /home/airflow/.local/lib/python3.8/site-packages/airflow/example_dags/example_short_circuit_operator.py
[2023-09-01T14:51:57.078+0000] {processor.py:839} INFO - DAG(s) dict_keys(['example_short_circuit_operator']) retrieved from /home/airflow/.local/lib/python3.8/site-packages/airflow/example_dags/example_short_circuit_operator.py
[2023-09-01T14:51:57.105+0000] {logging_mixin.py:151} INFO - [2023-09-01T14:51:57.105+0000] {dag.py:2907} INFO - Sync 1 DAGs
[2023-09-01T14:51:57.129+0000] {logging_mixin.py:151} INFO - [2023-09-01T14:51:57.129+0000] {dag.py:3677} INFO - Setting next_dagrun for example_short_circuit_operator to 2023-08-31T14:51:57.128744+00:00, run_after=2023-09-01T14:51:57.128744+00:00
[2023-09-01T14:51:57.149+0000] {processor.py:179} INFO - Processing /home/airflow/.local/lib/python3.8/site-packages/airflow/example_dags/example_short_circuit_operator.py took 0.088 seconds
[2023-09-01T14:52:27.287+0000] {processor.py:157} INFO - Started process (PID=296) to work on /home/airflow/.local/lib/python3.8/site-packages/airflow/example_dags/example_short_circuit_operator.py
[2023-09-01T14:52:27.288+0000] {processor.py:829} INFO - Processing file /home/airflow/.local/lib/python3.8/site-packages/airflow/example_dags/example_short_circuit_operator.py for tasks to queue
[2023-09-01T14:52:27.292+0000] {logging_mixin.py:151} INFO - [2023-09-01T14:52:27.291+0000] {dagbag.py:539} INFO - Filling up the DagBag from /home/airflow/.local/lib/python3.8/site-packages/airflow/example_dags/example_short_circuit_operator.py
[2023-09-01T14:52:27.301+0000] {processor.py:839} INFO - DAG(s) dict_keys(['example_short_circuit_operator']) retrieved from /home/airflow/.local/lib/python3.8/site-packages/airflow/example_dags/example_short_circuit_operator.py
[2023-09-01T14:52:27.330+0000] {logging_mixin.py:151} INFO - [2023-09-01T14:52:27.329+0000] {dag.py:2907} INFO - Sync 1 DAGs
[2023-09-01T14:52:27.355+0000] {logging_mixin.py:151} INFO - [2023-09-01T14:52:27.354+0000] {dag.py:3677} INFO - Setting next_dagrun for example_short_circuit_operator to 2023-08-31T14:52:27.354543+00:00, run_after=2023-09-01T14:52:27.354543+00:00
[2023-09-01T14:52:27.375+0000] {processor.py:179} INFO - Processing /home/airflow/.local/lib/python3.8/site-packages/airflow/example_dags/example_short_circuit_operator.py took 0.092 seconds
[2023-09-01T14:52:58.386+0000] {processor.py:157} INFO - Started process (PID=351) to work on /home/airflow/.local/lib/python3.8/site-packages/airflow/example_dags/example_short_circuit_operator.py
[2023-09-01T14:52:58.387+0000] {processor.py:829} INFO - Processing file /home/airflow/.local/lib/python3.8/site-packages/airflow/example_dags/example_short_circuit_operator.py for tasks to queue
[2023-09-01T14:52:58.390+0000] {logging_mixin.py:151} INFO - [2023-09-01T14:52:58.390+0000] {dagbag.py:539} INFO - Filling up the DagBag from /home/airflow/.local/lib/python3.8/site-packages/airflow/example_dags/example_short_circuit_operator.py
[2023-09-01T14:52:58.400+0000] {processor.py:839} INFO - DAG(s) dict_keys(['example_short_circuit_operator']) retrieved from /home/airflow/.local/lib/python3.8/site-packages/airflow/example_dags/example_short_circuit_operator.py
[2023-09-01T14:52:58.426+0000] {logging_mixin.py:151} INFO - [2023-09-01T14:52:58.426+0000] {dag.py:2907} INFO - Sync 1 DAGs
[2023-09-01T14:52:58.451+0000] {logging_mixin.py:151} INFO - [2023-09-01T14:52:58.450+0000] {dag.py:3677} INFO - Setting next_dagrun for example_short_circuit_operator to 2023-08-31T14:52:58.450459+00:00, run_after=2023-09-01T14:52:58.450459+00:00
[2023-09-01T14:52:58.471+0000] {processor.py:179} INFO - Processing /home/airflow/.local/lib/python3.8/site-packages/airflow/example_dags/example_short_circuit_operator.py took 0.089 seconds
[2023-09-01T14:53:29.071+0000] {processor.py:157} INFO - Started process (PID=406) to work on /home/airflow/.local/lib/python3.8/site-packages/airflow/example_dags/example_short_circuit_operator.py
[2023-09-01T14:53:29.072+0000] {processor.py:829} INFO - Processing file /home/airflow/.local/lib/python3.8/site-packages/airflow/example_dags/example_short_circuit_operator.py for tasks to queue
[2023-09-01T14:53:29.075+0000] {logging_mixin.py:151} INFO - [2023-09-01T14:53:29.075+0000] {dagbag.py:539} INFO - Filling up the DagBag from /home/airflow/.local/lib/python3.8/site-packages/airflow/example_dags/example_short_circuit_operator.py
[2023-09-01T14:53:29.085+0000] {processor.py:839} INFO - DAG(s) dict_keys(['example_short_circuit_operator']) retrieved from /home/airflow/.local/lib/python3.8/site-packages/airflow/example_dags/example_short_circuit_operator.py
[2023-09-01T14:53:29.112+0000] {logging_mixin.py:151} INFO - [2023-09-01T14:53:29.112+0000] {dag.py:2907} INFO - Sync 1 DAGs
[2023-09-01T14:53:29.138+0000] {logging_mixin.py:151} INFO - [2023-09-01T14:53:29.138+0000] {dag.py:3677} INFO - Setting next_dagrun for example_short_circuit_operator to 2023-08-31T14:53:29.138172+00:00, run_after=2023-09-01T14:53:29.138172+00:00
[2023-09-01T14:53:29.163+0000] {processor.py:179} INFO - Processing /home/airflow/.local/lib/python3.8/site-packages/airflow/example_dags/example_short_circuit_operator.py took 0.097 seconds
[2023-09-01T14:53:59.978+0000] {processor.py:157} INFO - Started process (PID=460) to work on /home/airflow/.local/lib/python3.8/site-packages/airflow/example_dags/example_short_circuit_operator.py
[2023-09-01T14:53:59.980+0000] {processor.py:829} INFO - Processing file /home/airflow/.local/lib/python3.8/site-packages/airflow/example_dags/example_short_circuit_operator.py for tasks to queue
[2023-09-01T14:53:59.982+0000] {logging_mixin.py:151} INFO - [2023-09-01T14:53:59.982+0000] {dagbag.py:539} INFO - Filling up the DagBag from /home/airflow/.local/lib/python3.8/site-packages/airflow/example_dags/example_short_circuit_operator.py
[2023-09-01T14:53:59.991+0000] {processor.py:839} INFO - DAG(s) dict_keys(['example_short_circuit_operator']) retrieved from /home/airflow/.local/lib/python3.8/site-packages/airflow/example_dags/example_short_circuit_operator.py
[2023-09-01T14:54:00.018+0000] {logging_mixin.py:151} INFO - [2023-09-01T14:54:00.018+0000] {dag.py:2907} INFO - Sync 1 DAGs
[2023-09-01T14:54:00.043+0000] {logging_mixin.py:151} INFO - [2023-09-01T14:54:00.043+0000] {dag.py:3677} INFO - Setting next_dagrun for example_short_circuit_operator to 2023-08-31T14:54:00.042850+00:00, run_after=2023-09-01T14:54:00.042850+00:00
[2023-09-01T14:54:00.064+0000] {processor.py:179} INFO - Processing /home/airflow/.local/lib/python3.8/site-packages/airflow/example_dags/example_short_circuit_operator.py took 0.089 seconds
[2023-09-01T14:54:30.113+0000] {processor.py:157} INFO - Started process (PID=513) to work on /home/airflow/.local/lib/python3.8/site-packages/airflow/example_dags/example_short_circuit_operator.py
[2023-09-01T14:54:30.115+0000] {processor.py:829} INFO - Processing file /home/airflow/.local/lib/python3.8/site-packages/airflow/example_dags/example_short_circuit_operator.py for tasks to queue
[2023-09-01T14:54:30.118+0000] {logging_mixin.py:151} INFO - [2023-09-01T14:54:30.117+0000] {dagbag.py:539} INFO - Filling up the DagBag from /home/airflow/.local/lib/python3.8/site-packages/airflow/example_dags/example_short_circuit_operator.py
[2023-09-01T14:54:30.127+0000] {processor.py:839} INFO - DAG(s) dict_keys(['example_short_circuit_operator']) retrieved from /home/airflow/.local/lib/python3.8/site-packages/airflow/example_dags/example_short_circuit_operator.py
[2023-09-01T14:54:30.154+0000] {logging_mixin.py:151} INFO - [2023-09-01T14:54:30.154+0000] {dag.py:2907} INFO - Sync 1 DAGs
[2023-09-01T14:54:30.177+0000] {logging_mixin.py:151} INFO - [2023-09-01T14:54:30.177+0000] {dag.py:3677} INFO - Setting next_dagrun for example_short_circuit_operator to 2023-08-31T14:54:30.176954+00:00, run_after=2023-09-01T14:54:30.176954+00:00
[2023-09-01T14:54:30.193+0000] {processor.py:179} INFO - Processing /home/airflow/.local/lib/python3.8/site-packages/airflow/example_dags/example_short_circuit_operator.py took 0.084 seconds
[2023-09-01T14:55:00.258+0000] {processor.py:157} INFO - Started process (PID=567) to work on /home/airflow/.local/lib/python3.8/site-packages/airflow/example_dags/example_short_circuit_operator.py
[2023-09-01T14:55:00.259+0000] {processor.py:829} INFO - Processing file /home/airflow/.local/lib/python3.8/site-packages/airflow/example_dags/example_short_circuit_operator.py for tasks to queue
[2023-09-01T14:55:00.262+0000] {logging_mixin.py:151} INFO - [2023-09-01T14:55:00.262+0000] {dagbag.py:539} INFO - Filling up the DagBag from /home/airflow/.local/lib/python3.8/site-packages/airflow/example_dags/example_short_circuit_operator.py
[2023-09-01T14:55:00.271+0000] {processor.py:839} INFO - DAG(s) dict_keys(['example_short_circuit_operator']) retrieved from /home/airflow/.local/lib/python3.8/site-packages/airflow/example_dags/example_short_circuit_operator.py
[2023-09-01T14:55:00.297+0000] {logging_mixin.py:151} INFO - [2023-09-01T14:55:00.297+0000] {dag.py:2907} INFO - Sync 1 DAGs
[2023-09-01T14:55:00.320+0000] {logging_mixin.py:151} INFO - [2023-09-01T14:55:00.320+0000] {dag.py:3677} INFO - Setting next_dagrun for example_short_circuit_operator to 2023-08-31T14:55:00.320475+00:00, run_after=2023-09-01T14:55:00.320475+00:00
[2023-09-01T14:55:00.338+0000] {processor.py:179} INFO - Processing /home/airflow/.local/lib/python3.8/site-packages/airflow/example_dags/example_short_circuit_operator.py took 0.084 seconds
[2023-09-01T14:55:31.198+0000] {processor.py:157} INFO - Started process (PID=621) to work on /home/airflow/.local/lib/python3.8/site-packages/airflow/example_dags/example_short_circuit_operator.py
[2023-09-01T14:55:31.200+0000] {processor.py:829} INFO - Processing file /home/airflow/.local/lib/python3.8/site-packages/airflow/example_dags/example_short_circuit_operator.py for tasks to queue
[2023-09-01T14:55:31.202+0000] {logging_mixin.py:151} INFO - [2023-09-01T14:55:31.202+0000] {dagbag.py:539} INFO - Filling up the DagBag from /home/airflow/.local/lib/python3.8/site-packages/airflow/example_dags/example_short_circuit_operator.py
[2023-09-01T14:55:31.212+0000] {processor.py:839} INFO - DAG(s) dict_keys(['example_short_circuit_operator']) retrieved from /home/airflow/.local/lib/python3.8/site-packages/airflow/example_dags/example_short_circuit_operator.py
[2023-09-01T14:55:31.238+0000] {logging_mixin.py:151} INFO - [2023-09-01T14:55:31.237+0000] {dag.py:2907} INFO - Sync 1 DAGs
[2023-09-01T14:55:31.265+0000] {logging_mixin.py:151} INFO - [2023-09-01T14:55:31.265+0000] {dag.py:3677} INFO - Setting next_dagrun for example_short_circuit_operator to 2023-08-31T14:55:31.264803+00:00, run_after=2023-09-01T14:55:31.264803+00:00
[2023-09-01T14:55:31.285+0000] {processor.py:179} INFO - Processing /home/airflow/.local/lib/python3.8/site-packages/airflow/example_dags/example_short_circuit_operator.py took 0.092 seconds
[2023-09-01T14:56:01.797+0000] {processor.py:157} INFO - Started process (PID=675) to work on /home/airflow/.local/lib/python3.8/site-packages/airflow/example_dags/example_short_circuit_operator.py
[2023-09-01T14:56:01.798+0000] {processor.py:829} INFO - Processing file /home/airflow/.local/lib/python3.8/site-packages/airflow/example_dags/example_short_circuit_operator.py for tasks to queue
[2023-09-01T14:56:01.801+0000] {logging_mixin.py:151} INFO - [2023-09-01T14:56:01.800+0000] {dagbag.py:539} INFO - Filling up the DagBag from /home/airflow/.local/lib/python3.8/site-packages/airflow/example_dags/example_short_circuit_operator.py
[2023-09-01T14:56:01.809+0000] {processor.py:839} INFO - DAG(s) dict_keys(['example_short_circuit_operator']) retrieved from /home/airflow/.local/lib/python3.8/site-packages/airflow/example_dags/example_short_circuit_operator.py
[2023-09-01T14:56:01.836+0000] {logging_mixin.py:151} INFO - [2023-09-01T14:56:01.836+0000] {dag.py:2907} INFO - Sync 1 DAGs
[2023-09-01T14:56:01.861+0000] {logging_mixin.py:151} INFO - [2023-09-01T14:56:01.861+0000] {dag.py:3677} INFO - Setting next_dagrun for example_short_circuit_operator to 2023-08-31T14:56:01.860804+00:00, run_after=2023-09-01T14:56:01.860804+00:00
[2023-09-01T14:56:01.880+0000] {processor.py:179} INFO - Processing /home/airflow/.local/lib/python3.8/site-packages/airflow/example_dags/example_short_circuit_operator.py took 0.087 seconds
[2023-09-01T14:56:32.591+0000] {processor.py:157} INFO - Started process (PID=729) to work on /home/airflow/.local/lib/python3.8/site-packages/airflow/example_dags/example_short_circuit_operator.py
[2023-09-01T14:56:32.593+0000] {processor.py:829} INFO - Processing file /home/airflow/.local/lib/python3.8/site-packages/airflow/example_dags/example_short_circuit_operator.py for tasks to queue
[2023-09-01T14:56:32.595+0000] {logging_mixin.py:151} INFO - [2023-09-01T14:56:32.595+0000] {dagbag.py:539} INFO - Filling up the DagBag from /home/airflow/.local/lib/python3.8/site-packages/airflow/example_dags/example_short_circuit_operator.py
[2023-09-01T14:56:32.604+0000] {processor.py:839} INFO - DAG(s) dict_keys(['example_short_circuit_operator']) retrieved from /home/airflow/.local/lib/python3.8/site-packages/airflow/example_dags/example_short_circuit_operator.py
[2023-09-01T14:56:32.632+0000] {logging_mixin.py:151} INFO - [2023-09-01T14:56:32.632+0000] {dag.py:2907} INFO - Sync 1 DAGs
[2023-09-01T14:56:32.657+0000] {logging_mixin.py:151} INFO - [2023-09-01T14:56:32.657+0000] {dag.py:3677} INFO - Setting next_dagrun for example_short_circuit_operator to 2023-08-31T14:56:32.657325+00:00, run_after=2023-09-01T14:56:32.657325+00:00
[2023-09-01T14:56:32.678+0000] {processor.py:179} INFO - Processing /home/airflow/.local/lib/python3.8/site-packages/airflow/example_dags/example_short_circuit_operator.py took 0.091 seconds
[2023-09-01T14:57:03.358+0000] {processor.py:157} INFO - Started process (PID=783) to work on /home/airflow/.local/lib/python3.8/site-packages/airflow/example_dags/example_short_circuit_operator.py
[2023-09-01T14:57:03.359+0000] {processor.py:829} INFO - Processing file /home/airflow/.local/lib/python3.8/site-packages/airflow/example_dags/example_short_circuit_operator.py for tasks to queue
[2023-09-01T14:57:03.362+0000] {logging_mixin.py:151} INFO - [2023-09-01T14:57:03.362+0000] {dagbag.py:539} INFO - Filling up the DagBag from /home/airflow/.local/lib/python3.8/site-packages/airflow/example_dags/example_short_circuit_operator.py
[2023-09-01T14:57:03.371+0000] {processor.py:839} INFO - DAG(s) dict_keys(['example_short_circuit_operator']) retrieved from /home/airflow/.local/lib/python3.8/site-packages/airflow/example_dags/example_short_circuit_operator.py
[2023-09-01T14:57:03.398+0000] {logging_mixin.py:151} INFO - [2023-09-01T14:57:03.398+0000] {dag.py:2907} INFO - Sync 1 DAGs
[2023-09-01T14:57:03.422+0000] {logging_mixin.py:151} INFO - [2023-09-01T14:57:03.422+0000] {dag.py:3677} INFO - Setting next_dagrun for example_short_circuit_operator to 2023-08-31T14:57:03.421783+00:00, run_after=2023-09-01T14:57:03.421783+00:00
[2023-09-01T14:57:03.442+0000] {processor.py:179} INFO - Processing /home/airflow/.local/lib/python3.8/site-packages/airflow/example_dags/example_short_circuit_operator.py took 0.088 seconds
[2023-09-01T14:57:34.166+0000] {processor.py:157} INFO - Started process (PID=837) to work on /home/airflow/.local/lib/python3.8/site-packages/airflow/example_dags/example_short_circuit_operator.py
[2023-09-01T14:57:34.168+0000] {processor.py:829} INFO - Processing file /home/airflow/.local/lib/python3.8/site-packages/airflow/example_dags/example_short_circuit_operator.py for tasks to queue
[2023-09-01T14:57:34.171+0000] {logging_mixin.py:151} INFO - [2023-09-01T14:57:34.170+0000] {dagbag.py:539} INFO - Filling up the DagBag from /home/airflow/.local/lib/python3.8/site-packages/airflow/example_dags/example_short_circuit_operator.py
[2023-09-01T14:57:34.180+0000] {processor.py:839} INFO - DAG(s) dict_keys(['example_short_circuit_operator']) retrieved from /home/airflow/.local/lib/python3.8/site-packages/airflow/example_dags/example_short_circuit_operator.py
[2023-09-01T14:57:34.205+0000] {logging_mixin.py:151} INFO - [2023-09-01T14:57:34.205+0000] {dag.py:2907} INFO - Sync 1 DAGs
[2023-09-01T14:57:34.230+0000] {logging_mixin.py:151} INFO - [2023-09-01T14:57:34.229+0000] {dag.py:3677} INFO - Setting next_dagrun for example_short_circuit_operator to 2023-08-31T14:57:34.229566+00:00, run_after=2023-09-01T14:57:34.229566+00:00
[2023-09-01T14:57:34.249+0000] {processor.py:179} INFO - Processing /home/airflow/.local/lib/python3.8/site-packages/airflow/example_dags/example_short_circuit_operator.py took 0.087 seconds
[2023-09-01T14:58:04.921+0000] {processor.py:157} INFO - Started process (PID=891) to work on /home/airflow/.local/lib/python3.8/site-packages/airflow/example_dags/example_short_circuit_operator.py
[2023-09-01T14:58:04.922+0000] {processor.py:829} INFO - Processing file /home/airflow/.local/lib/python3.8/site-packages/airflow/example_dags/example_short_circuit_operator.py for tasks to queue
[2023-09-01T14:58:04.925+0000] {logging_mixin.py:151} INFO - [2023-09-01T14:58:04.925+0000] {dagbag.py:539} INFO - Filling up the DagBag from /home/airflow/.local/lib/python3.8/site-packages/airflow/example_dags/example_short_circuit_operator.py
[2023-09-01T14:58:04.934+0000] {processor.py:839} INFO - DAG(s) dict_keys(['example_short_circuit_operator']) retrieved from /home/airflow/.local/lib/python3.8/site-packages/airflow/example_dags/example_short_circuit_operator.py
[2023-09-01T14:58:04.961+0000] {logging_mixin.py:151} INFO - [2023-09-01T14:58:04.961+0000] {dag.py:2907} INFO - Sync 1 DAGs
[2023-09-01T14:58:04.985+0000] {logging_mixin.py:151} INFO - [2023-09-01T14:58:04.985+0000] {dag.py:3677} INFO - Setting next_dagrun for example_short_circuit_operator to 2023-08-31T14:58:04.985351+00:00, run_after=2023-09-01T14:58:04.985351+00:00
[2023-09-01T14:58:05.005+0000] {processor.py:179} INFO - Processing /home/airflow/.local/lib/python3.8/site-packages/airflow/example_dags/example_short_circuit_operator.py took 0.088 seconds
[2023-09-01T14:58:35.859+0000] {processor.py:157} INFO - Started process (PID=946) to work on /home/airflow/.local/lib/python3.8/site-packages/airflow/example_dags/example_short_circuit_operator.py
[2023-09-01T14:58:35.860+0000] {processor.py:829} INFO - Processing file /home/airflow/.local/lib/python3.8/site-packages/airflow/example_dags/example_short_circuit_operator.py for tasks to queue
[2023-09-01T14:58:35.863+0000] {logging_mixin.py:151} INFO - [2023-09-01T14:58:35.862+0000] {dagbag.py:539} INFO - Filling up the DagBag from /home/airflow/.local/lib/python3.8/site-packages/airflow/example_dags/example_short_circuit_operator.py
[2023-09-01T14:58:35.872+0000] {processor.py:839} INFO - DAG(s) dict_keys(['example_short_circuit_operator']) retrieved from /home/airflow/.local/lib/python3.8/site-packages/airflow/example_dags/example_short_circuit_operator.py
[2023-09-01T14:58:35.899+0000] {logging_mixin.py:151} INFO - [2023-09-01T14:58:35.898+0000] {dag.py:2907} INFO - Sync 1 DAGs
[2023-09-01T14:58:35.924+0000] {logging_mixin.py:151} INFO - [2023-09-01T14:58:35.924+0000] {dag.py:3677} INFO - Setting next_dagrun for example_short_circuit_operator to 2023-08-31T14:58:35.924401+00:00, run_after=2023-09-01T14:58:35.924401+00:00
[2023-09-01T14:58:35.944+0000] {processor.py:179} INFO - Processing /home/airflow/.local/lib/python3.8/site-packages/airflow/example_dags/example_short_circuit_operator.py took 0.089 seconds
[2023-09-01T14:59:06.614+0000] {processor.py:157} INFO - Started process (PID=999) to work on /home/airflow/.local/lib/python3.8/site-packages/airflow/example_dags/example_short_circuit_operator.py
[2023-09-01T14:59:06.615+0000] {processor.py:829} INFO - Processing file /home/airflow/.local/lib/python3.8/site-packages/airflow/example_dags/example_short_circuit_operator.py for tasks to queue
[2023-09-01T14:59:06.618+0000] {logging_mixin.py:151} INFO - [2023-09-01T14:59:06.618+0000] {dagbag.py:539} INFO - Filling up the DagBag from /home/airflow/.local/lib/python3.8/site-packages/airflow/example_dags/example_short_circuit_operator.py
[2023-09-01T14:59:06.627+0000] {processor.py:839} INFO - DAG(s) dict_keys(['example_short_circuit_operator']) retrieved from /home/airflow/.local/lib/python3.8/site-packages/airflow/example_dags/example_short_circuit_operator.py
[2023-09-01T14:59:06.653+0000] {logging_mixin.py:151} INFO - [2023-09-01T14:59:06.653+0000] {dag.py:2907} INFO - Sync 1 DAGs
[2023-09-01T14:59:06.678+0000] {logging_mixin.py:151} INFO - [2023-09-01T14:59:06.678+0000] {dag.py:3677} INFO - Setting next_dagrun for example_short_circuit_operator to 2023-08-31T14:59:06.677883+00:00, run_after=2023-09-01T14:59:06.677883+00:00
[2023-09-01T14:59:06.697+0000] {processor.py:179} INFO - Processing /home/airflow/.local/lib/python3.8/site-packages/airflow/example_dags/example_short_circuit_operator.py took 0.087 seconds
[2023-09-01T14:59:37.265+0000] {processor.py:157} INFO - Started process (PID=1053) to work on /home/airflow/.local/lib/python3.8/site-packages/airflow/example_dags/example_short_circuit_operator.py
[2023-09-01T14:59:37.266+0000] {processor.py:829} INFO - Processing file /home/airflow/.local/lib/python3.8/site-packages/airflow/example_dags/example_short_circuit_operator.py for tasks to queue
[2023-09-01T14:59:37.269+0000] {logging_mixin.py:151} INFO - [2023-09-01T14:59:37.269+0000] {dagbag.py:539} INFO - Filling up the DagBag from /home/airflow/.local/lib/python3.8/site-packages/airflow/example_dags/example_short_circuit_operator.py
[2023-09-01T14:59:37.278+0000] {processor.py:839} INFO - DAG(s) dict_keys(['example_short_circuit_operator']) retrieved from /home/airflow/.local/lib/python3.8/site-packages/airflow/example_dags/example_short_circuit_operator.py
[2023-09-01T14:59:37.304+0000] {logging_mixin.py:151} INFO - [2023-09-01T14:59:37.304+0000] {dag.py:2907} INFO - Sync 1 DAGs
[2023-09-01T14:59:37.329+0000] {logging_mixin.py:151} INFO - [2023-09-01T14:59:37.329+0000] {dag.py:3677} INFO - Setting next_dagrun for example_short_circuit_operator to 2023-08-31T14:59:37.328783+00:00, run_after=2023-09-01T14:59:37.328783+00:00
[2023-09-01T14:59:37.350+0000] {processor.py:179} INFO - Processing /home/airflow/.local/lib/python3.8/site-packages/airflow/example_dags/example_short_circuit_operator.py took 0.089 seconds
[2023-09-01T15:00:08.100+0000] {processor.py:157} INFO - Started process (PID=1107) to work on /home/airflow/.local/lib/python3.8/site-packages/airflow/example_dags/example_short_circuit_operator.py
[2023-09-01T15:00:08.101+0000] {processor.py:829} INFO - Processing file /home/airflow/.local/lib/python3.8/site-packages/airflow/example_dags/example_short_circuit_operator.py for tasks to queue
[2023-09-01T15:00:08.104+0000] {logging_mixin.py:151} INFO - [2023-09-01T15:00:08.104+0000] {dagbag.py:539} INFO - Filling up the DagBag from /home/airflow/.local/lib/python3.8/site-packages/airflow/example_dags/example_short_circuit_operator.py
[2023-09-01T15:00:08.113+0000] {processor.py:839} INFO - DAG(s) dict_keys(['example_short_circuit_operator']) retrieved from /home/airflow/.local/lib/python3.8/site-packages/airflow/example_dags/example_short_circuit_operator.py
[2023-09-01T15:00:08.140+0000] {logging_mixin.py:151} INFO - [2023-09-01T15:00:08.139+0000] {dag.py:2907} INFO - Sync 1 DAGs
[2023-09-01T15:00:08.165+0000] {logging_mixin.py:151} INFO - [2023-09-01T15:00:08.165+0000] {dag.py:3677} INFO - Setting next_dagrun for example_short_circuit_operator to 2023-08-31T15:00:08.165427+00:00, run_after=2023-09-01T15:00:08.165427+00:00
[2023-09-01T15:00:08.187+0000] {processor.py:179} INFO - Processing /home/airflow/.local/lib/python3.8/site-packages/airflow/example_dags/example_short_circuit_operator.py took 0.091 seconds
[2023-09-01T15:00:38.875+0000] {processor.py:157} INFO - Started process (PID=1161) to work on /home/airflow/.local/lib/python3.8/site-packages/airflow/example_dags/example_short_circuit_operator.py
[2023-09-01T15:00:38.876+0000] {processor.py:829} INFO - Processing file /home/airflow/.local/lib/python3.8/site-packages/airflow/example_dags/example_short_circuit_operator.py for tasks to queue
[2023-09-01T15:00:38.879+0000] {logging_mixin.py:151} INFO - [2023-09-01T15:00:38.879+0000] {dagbag.py:539} INFO - Filling up the DagBag from /home/airflow/.local/lib/python3.8/site-packages/airflow/example_dags/example_short_circuit_operator.py
[2023-09-01T15:00:38.889+0000] {processor.py:839} INFO - DAG(s) dict_keys(['example_short_circuit_operator']) retrieved from /home/airflow/.local/lib/python3.8/site-packages/airflow/example_dags/example_short_circuit_operator.py
[2023-09-01T15:00:38.916+0000] {logging_mixin.py:151} INFO - [2023-09-01T15:00:38.916+0000] {dag.py:2907} INFO - Sync 1 DAGs
[2023-09-01T15:00:38.940+0000] {logging_mixin.py:151} INFO - [2023-09-01T15:00:38.940+0000] {dag.py:3677} INFO - Setting next_dagrun for example_short_circuit_operator to 2023-08-31T15:00:38.940045+00:00, run_after=2023-09-01T15:00:38.940045+00:00
[2023-09-01T15:00:38.962+0000] {processor.py:179} INFO - Processing /home/airflow/.local/lib/python3.8/site-packages/airflow/example_dags/example_short_circuit_operator.py took 0.091 seconds
[2023-09-01T15:01:09.521+0000] {processor.py:157} INFO - Started process (PID=1215) to work on /home/airflow/.local/lib/python3.8/site-packages/airflow/example_dags/example_short_circuit_operator.py
[2023-09-01T15:01:09.522+0000] {processor.py:829} INFO - Processing file /home/airflow/.local/lib/python3.8/site-packages/airflow/example_dags/example_short_circuit_operator.py for tasks to queue
[2023-09-01T15:01:09.525+0000] {logging_mixin.py:151} INFO - [2023-09-01T15:01:09.525+0000] {dagbag.py:539} INFO - Filling up the DagBag from /home/airflow/.local/lib/python3.8/site-packages/airflow/example_dags/example_short_circuit_operator.py
[2023-09-01T15:01:09.534+0000] {processor.py:839} INFO - DAG(s) dict_keys(['example_short_circuit_operator']) retrieved from /home/airflow/.local/lib/python3.8/site-packages/airflow/example_dags/example_short_circuit_operator.py
[2023-09-01T15:01:09.561+0000] {logging_mixin.py:151} INFO - [2023-09-01T15:01:09.561+0000] {dag.py:2907} INFO - Sync 1 DAGs
[2023-09-01T15:01:09.586+0000] {logging_mixin.py:151} INFO - [2023-09-01T15:01:09.585+0000] {dag.py:3677} INFO - Setting next_dagrun for example_short_circuit_operator to 2023-08-31T15:01:09.585705+00:00, run_after=2023-09-01T15:01:09.585705+00:00
[2023-09-01T15:01:09.605+0000] {processor.py:179} INFO - Processing /home/airflow/.local/lib/python3.8/site-packages/airflow/example_dags/example_short_circuit_operator.py took 0.088 seconds
[2023-09-01T15:01:40.370+0000] {processor.py:157} INFO - Started process (PID=1269) to work on /home/airflow/.local/lib/python3.8/site-packages/airflow/example_dags/example_short_circuit_operator.py
[2023-09-01T15:01:40.371+0000] {processor.py:829} INFO - Processing file /home/airflow/.local/lib/python3.8/site-packages/airflow/example_dags/example_short_circuit_operator.py for tasks to queue
[2023-09-01T15:01:40.374+0000] {logging_mixin.py:151} INFO - [2023-09-01T15:01:40.374+0000] {dagbag.py:539} INFO - Filling up the DagBag from /home/airflow/.local/lib/python3.8/site-packages/airflow/example_dags/example_short_circuit_operator.py
[2023-09-01T15:01:40.383+0000] {processor.py:839} INFO - DAG(s) dict_keys(['example_short_circuit_operator']) retrieved from /home/airflow/.local/lib/python3.8/site-packages/airflow/example_dags/example_short_circuit_operator.py
[2023-09-01T15:01:40.411+0000] {logging_mixin.py:151} INFO - [2023-09-01T15:01:40.410+0000] {dag.py:2907} INFO - Sync 1 DAGs
[2023-09-01T15:01:40.436+0000] {logging_mixin.py:151} INFO - [2023-09-01T15:01:40.435+0000] {dag.py:3677} INFO - Setting next_dagrun for example_short_circuit_operator to 2023-08-31T15:01:40.435627+00:00, run_after=2023-09-01T15:01:40.435627+00:00
[2023-09-01T15:01:40.456+0000] {processor.py:179} INFO - Processing /home/airflow/.local/lib/python3.8/site-packages/airflow/example_dags/example_short_circuit_operator.py took 0.090 seconds
[2023-09-01T15:02:11.197+0000] {processor.py:157} INFO - Started process (PID=1323) to work on /home/airflow/.local/lib/python3.8/site-packages/airflow/example_dags/example_short_circuit_operator.py
[2023-09-01T15:02:11.198+0000] {processor.py:829} INFO - Processing file /home/airflow/.local/lib/python3.8/site-packages/airflow/example_dags/example_short_circuit_operator.py for tasks to queue
[2023-09-01T15:02:11.201+0000] {logging_mixin.py:151} INFO - [2023-09-01T15:02:11.200+0000] {dagbag.py:539} INFO - Filling up the DagBag from /home/airflow/.local/lib/python3.8/site-packages/airflow/example_dags/example_short_circuit_operator.py
[2023-09-01T15:02:11.210+0000] {processor.py:839} INFO - DAG(s) dict_keys(['example_short_circuit_operator']) retrieved from /home/airflow/.local/lib/python3.8/site-packages/airflow/example_dags/example_short_circuit_operator.py
[2023-09-01T15:02:11.237+0000] {logging_mixin.py:151} INFO - [2023-09-01T15:02:11.237+0000] {dag.py:2907} INFO - Sync 1 DAGs
[2023-09-01T15:02:11.262+0000] {logging_mixin.py:151} INFO - [2023-09-01T15:02:11.262+0000] {dag.py:3677} INFO - Setting next_dagrun for example_short_circuit_operator to 2023-08-31T15:02:11.262425+00:00, run_after=2023-09-01T15:02:11.262425+00:00
[2023-09-01T15:02:11.281+0000] {processor.py:179} INFO - Processing /home/airflow/.local/lib/python3.8/site-packages/airflow/example_dags/example_short_circuit_operator.py took 0.089 seconds
[2023-09-01T15:02:41.486+0000] {processor.py:157} INFO - Started process (PID=1377) to work on /home/airflow/.local/lib/python3.8/site-packages/airflow/example_dags/example_short_circuit_operator.py
[2023-09-01T15:02:41.488+0000] {processor.py:829} INFO - Processing file /home/airflow/.local/lib/python3.8/site-packages/airflow/example_dags/example_short_circuit_operator.py for tasks to queue
[2023-09-01T15:02:41.490+0000] {logging_mixin.py:151} INFO - [2023-09-01T15:02:41.490+0000] {dagbag.py:539} INFO - Filling up the DagBag from /home/airflow/.local/lib/python3.8/site-packages/airflow/example_dags/example_short_circuit_operator.py
[2023-09-01T15:02:41.499+0000] {processor.py:839} INFO - DAG(s) dict_keys(['example_short_circuit_operator']) retrieved from /home/airflow/.local/lib/python3.8/site-packages/airflow/example_dags/example_short_circuit_operator.py
[2023-09-01T15:02:41.526+0000] {logging_mixin.py:151} INFO - [2023-09-01T15:02:41.526+0000] {dag.py:2907} INFO - Sync 1 DAGs
[2023-09-01T15:02:41.551+0000] {logging_mixin.py:151} INFO - [2023-09-01T15:02:41.551+0000] {dag.py:3677} INFO - Setting next_dagrun for example_short_circuit_operator to 2023-08-31T15:02:41.551269+00:00, run_after=2023-09-01T15:02:41.551269+00:00
[2023-09-01T15:02:41.570+0000] {processor.py:179} INFO - Processing /home/airflow/.local/lib/python3.8/site-packages/airflow/example_dags/example_short_circuit_operator.py took 0.088 seconds
[2023-09-01T15:03:11.832+0000] {processor.py:157} INFO - Started process (PID=1431) to work on /home/airflow/.local/lib/python3.8/site-packages/airflow/example_dags/example_short_circuit_operator.py
[2023-09-01T15:03:11.833+0000] {processor.py:829} INFO - Processing file /home/airflow/.local/lib/python3.8/site-packages/airflow/example_dags/example_short_circuit_operator.py for tasks to queue
[2023-09-01T15:03:11.837+0000] {logging_mixin.py:151} INFO - [2023-09-01T15:03:11.837+0000] {dagbag.py:539} INFO - Filling up the DagBag from /home/airflow/.local/lib/python3.8/site-packages/airflow/example_dags/example_short_circuit_operator.py
[2023-09-01T15:03:11.848+0000] {processor.py:839} INFO - DAG(s) dict_keys(['example_short_circuit_operator']) retrieved from /home/airflow/.local/lib/python3.8/site-packages/airflow/example_dags/example_short_circuit_operator.py
[2023-09-01T15:03:11.876+0000] {logging_mixin.py:151} INFO - [2023-09-01T15:03:11.876+0000] {dag.py:2907} INFO - Sync 1 DAGs
[2023-09-01T15:03:11.900+0000] {logging_mixin.py:151} INFO - [2023-09-01T15:03:11.899+0000] {dag.py:3677} INFO - Setting next_dagrun for example_short_circuit_operator to 2023-08-31T15:03:11.899623+00:00, run_after=2023-09-01T15:03:11.899623+00:00
[2023-09-01T15:03:11.921+0000] {processor.py:179} INFO - Processing /home/airflow/.local/lib/python3.8/site-packages/airflow/example_dags/example_short_circuit_operator.py took 0.094 seconds
[2023-09-01T15:03:42.949+0000] {processor.py:157} INFO - Started process (PID=1485) to work on /home/airflow/.local/lib/python3.8/site-packages/airflow/example_dags/example_short_circuit_operator.py
[2023-09-01T15:03:42.951+0000] {processor.py:829} INFO - Processing file /home/airflow/.local/lib/python3.8/site-packages/airflow/example_dags/example_short_circuit_operator.py for tasks to queue
[2023-09-01T15:03:42.954+0000] {logging_mixin.py:151} INFO - [2023-09-01T15:03:42.953+0000] {dagbag.py:539} INFO - Filling up the DagBag from /home/airflow/.local/lib/python3.8/site-packages/airflow/example_dags/example_short_circuit_operator.py
[2023-09-01T15:03:42.963+0000] {processor.py:839} INFO - DAG(s) dict_keys(['example_short_circuit_operator']) retrieved from /home/airflow/.local/lib/python3.8/site-packages/airflow/example_dags/example_short_circuit_operator.py
[2023-09-01T15:03:42.992+0000] {logging_mixin.py:151} INFO - [2023-09-01T15:03:42.991+0000] {dag.py:2907} INFO - Sync 1 DAGs
[2023-09-01T15:03:43.021+0000] {logging_mixin.py:151} INFO - [2023-09-01T15:03:43.020+0000] {dag.py:3677} INFO - Setting next_dagrun for example_short_circuit_operator to 2023-08-31T15:03:43.020472+00:00, run_after=2023-09-01T15:03:43.020472+00:00
[2023-09-01T15:03:43.047+0000] {processor.py:179} INFO - Processing /home/airflow/.local/lib/python3.8/site-packages/airflow/example_dags/example_short_circuit_operator.py took 0.102 seconds
[2023-09-01T15:04:14.075+0000] {processor.py:157} INFO - Started process (PID=1539) to work on /home/airflow/.local/lib/python3.8/site-packages/airflow/example_dags/example_short_circuit_operator.py
[2023-09-01T15:04:14.076+0000] {processor.py:829} INFO - Processing file /home/airflow/.local/lib/python3.8/site-packages/airflow/example_dags/example_short_circuit_operator.py for tasks to queue
[2023-09-01T15:04:14.079+0000] {logging_mixin.py:151} INFO - [2023-09-01T15:04:14.079+0000] {dagbag.py:539} INFO - Filling up the DagBag from /home/airflow/.local/lib/python3.8/site-packages/airflow/example_dags/example_short_circuit_operator.py
[2023-09-01T15:04:14.088+0000] {processor.py:839} INFO - DAG(s) dict_keys(['example_short_circuit_operator']) retrieved from /home/airflow/.local/lib/python3.8/site-packages/airflow/example_dags/example_short_circuit_operator.py
[2023-09-01T15:04:14.116+0000] {logging_mixin.py:151} INFO - [2023-09-01T15:04:14.116+0000] {dag.py:2907} INFO - Sync 1 DAGs
[2023-09-01T15:04:14.140+0000] {logging_mixin.py:151} INFO - [2023-09-01T15:04:14.140+0000] {dag.py:3677} INFO - Setting next_dagrun for example_short_circuit_operator to 2023-08-31T15:04:14.140403+00:00, run_after=2023-09-01T15:04:14.140403+00:00
[2023-09-01T15:04:14.161+0000] {processor.py:179} INFO - Processing /home/airflow/.local/lib/python3.8/site-packages/airflow/example_dags/example_short_circuit_operator.py took 0.090 seconds
[2023-09-01T15:04:44.458+0000] {processor.py:157} INFO - Started process (PID=1593) to work on /home/airflow/.local/lib/python3.8/site-packages/airflow/example_dags/example_short_circuit_operator.py
[2023-09-01T15:04:44.459+0000] {processor.py:829} INFO - Processing file /home/airflow/.local/lib/python3.8/site-packages/airflow/example_dags/example_short_circuit_operator.py for tasks to queue
[2023-09-01T15:04:44.462+0000] {logging_mixin.py:151} INFO - [2023-09-01T15:04:44.461+0000] {dagbag.py:539} INFO - Filling up the DagBag from /home/airflow/.local/lib/python3.8/site-packages/airflow/example_dags/example_short_circuit_operator.py
[2023-09-01T15:04:44.470+0000] {processor.py:839} INFO - DAG(s) dict_keys(['example_short_circuit_operator']) retrieved from /home/airflow/.local/lib/python3.8/site-packages/airflow/example_dags/example_short_circuit_operator.py
[2023-09-01T15:04:44.495+0000] {logging_mixin.py:151} INFO - [2023-09-01T15:04:44.495+0000] {dag.py:2907} INFO - Sync 1 DAGs
[2023-09-01T15:04:44.519+0000] {logging_mixin.py:151} INFO - [2023-09-01T15:04:44.519+0000] {dag.py:3677} INFO - Setting next_dagrun for example_short_circuit_operator to 2023-08-31T15:04:44.519286+00:00, run_after=2023-09-01T15:04:44.519286+00:00
[2023-09-01T15:04:44.538+0000] {processor.py:179} INFO - Processing /home/airflow/.local/lib/python3.8/site-packages/airflow/example_dags/example_short_circuit_operator.py took 0.084 seconds
[2023-09-01T15:05:15.577+0000] {processor.py:157} INFO - Started process (PID=1648) to work on /home/airflow/.local/lib/python3.8/site-packages/airflow/example_dags/example_short_circuit_operator.py
[2023-09-01T15:05:15.578+0000] {processor.py:829} INFO - Processing file /home/airflow/.local/lib/python3.8/site-packages/airflow/example_dags/example_short_circuit_operator.py for tasks to queue
[2023-09-01T15:05:15.581+0000] {logging_mixin.py:151} INFO - [2023-09-01T15:05:15.581+0000] {dagbag.py:539} INFO - Filling up the DagBag from /home/airflow/.local/lib/python3.8/site-packages/airflow/example_dags/example_short_circuit_operator.py
[2023-09-01T15:05:15.590+0000] {processor.py:839} INFO - DAG(s) dict_keys(['example_short_circuit_operator']) retrieved from /home/airflow/.local/lib/python3.8/site-packages/airflow/example_dags/example_short_circuit_operator.py
[2023-09-01T15:05:15.616+0000] {logging_mixin.py:151} INFO - [2023-09-01T15:05:15.616+0000] {dag.py:2907} INFO - Sync 1 DAGs
[2023-09-01T15:05:15.642+0000] {logging_mixin.py:151} INFO - [2023-09-01T15:05:15.641+0000] {dag.py:3677} INFO - Setting next_dagrun for example_short_circuit_operator to 2023-08-31T15:05:15.641687+00:00, run_after=2023-09-01T15:05:15.641687+00:00
[2023-09-01T15:05:15.662+0000] {processor.py:179} INFO - Processing /home/airflow/.local/lib/python3.8/site-packages/airflow/example_dags/example_short_circuit_operator.py took 0.089 seconds
[2023-09-01T15:05:45.970+0000] {processor.py:157} INFO - Started process (PID=1702) to work on /home/airflow/.local/lib/python3.8/site-packages/airflow/example_dags/example_short_circuit_operator.py
[2023-09-01T15:05:45.971+0000] {processor.py:829} INFO - Processing file /home/airflow/.local/lib/python3.8/site-packages/airflow/example_dags/example_short_circuit_operator.py for tasks to queue
[2023-09-01T15:05:45.974+0000] {logging_mixin.py:151} INFO - [2023-09-01T15:05:45.974+0000] {dagbag.py:539} INFO - Filling up the DagBag from /home/airflow/.local/lib/python3.8/site-packages/airflow/example_dags/example_short_circuit_operator.py
[2023-09-01T15:05:45.983+0000] {processor.py:839} INFO - DAG(s) dict_keys(['example_short_circuit_operator']) retrieved from /home/airflow/.local/lib/python3.8/site-packages/airflow/example_dags/example_short_circuit_operator.py
[2023-09-01T15:05:46.009+0000] {logging_mixin.py:151} INFO - [2023-09-01T15:05:46.009+0000] {dag.py:2907} INFO - Sync 1 DAGs
[2023-09-01T15:05:46.035+0000] {logging_mixin.py:151} INFO - [2023-09-01T15:05:46.035+0000] {dag.py:3677} INFO - Setting next_dagrun for example_short_circuit_operator to 2023-08-31T15:05:46.035027+00:00, run_after=2023-09-01T15:05:46.035027+00:00
[2023-09-01T15:05:46.054+0000] {processor.py:179} INFO - Processing /home/airflow/.local/lib/python3.8/site-packages/airflow/example_dags/example_short_circuit_operator.py took 0.087 seconds
[2023-09-01T15:06:16.150+0000] {processor.py:157} INFO - Started process (PID=1756) to work on /home/airflow/.local/lib/python3.8/site-packages/airflow/example_dags/example_short_circuit_operator.py
[2023-09-01T15:06:16.152+0000] {processor.py:829} INFO - Processing file /home/airflow/.local/lib/python3.8/site-packages/airflow/example_dags/example_short_circuit_operator.py for tasks to queue
[2023-09-01T15:06:16.155+0000] {logging_mixin.py:151} INFO - [2023-09-01T15:06:16.155+0000] {dagbag.py:539} INFO - Filling up the DagBag from /home/airflow/.local/lib/python3.8/site-packages/airflow/example_dags/example_short_circuit_operator.py
[2023-09-01T15:06:16.167+0000] {processor.py:839} INFO - DAG(s) dict_keys(['example_short_circuit_operator']) retrieved from /home/airflow/.local/lib/python3.8/site-packages/airflow/example_dags/example_short_circuit_operator.py
[2023-09-01T15:06:16.199+0000] {logging_mixin.py:151} INFO - [2023-09-01T15:06:16.198+0000] {dag.py:2907} INFO - Sync 1 DAGs
[2023-09-01T15:06:16.224+0000] {logging_mixin.py:151} INFO - [2023-09-01T15:06:16.224+0000] {dag.py:3677} INFO - Setting next_dagrun for example_short_circuit_operator to 2023-08-31T15:06:16.223772+00:00, run_after=2023-09-01T15:06:16.223772+00:00
[2023-09-01T15:06:16.244+0000] {processor.py:179} INFO - Processing /home/airflow/.local/lib/python3.8/site-packages/airflow/example_dags/example_short_circuit_operator.py took 0.100 seconds
[2023-09-01T15:06:46.342+0000] {processor.py:157} INFO - Started process (PID=1809) to work on /home/airflow/.local/lib/python3.8/site-packages/airflow/example_dags/example_short_circuit_operator.py
[2023-09-01T15:06:46.343+0000] {processor.py:829} INFO - Processing file /home/airflow/.local/lib/python3.8/site-packages/airflow/example_dags/example_short_circuit_operator.py for tasks to queue
[2023-09-01T15:06:46.346+0000] {logging_mixin.py:151} INFO - [2023-09-01T15:06:46.346+0000] {dagbag.py:539} INFO - Filling up the DagBag from /home/airflow/.local/lib/python3.8/site-packages/airflow/example_dags/example_short_circuit_operator.py
[2023-09-01T15:06:46.355+0000] {processor.py:839} INFO - DAG(s) dict_keys(['example_short_circuit_operator']) retrieved from /home/airflow/.local/lib/python3.8/site-packages/airflow/example_dags/example_short_circuit_operator.py
[2023-09-01T15:06:46.382+0000] {logging_mixin.py:151} INFO - [2023-09-01T15:06:46.382+0000] {dag.py:2907} INFO - Sync 1 DAGs
[2023-09-01T15:06:46.408+0000] {logging_mixin.py:151} INFO - [2023-09-01T15:06:46.407+0000] {dag.py:3677} INFO - Setting next_dagrun for example_short_circuit_operator to 2023-08-31T15:06:46.407568+00:00, run_after=2023-09-01T15:06:46.407568+00:00
[2023-09-01T15:06:46.430+0000] {processor.py:179} INFO - Processing /home/airflow/.local/lib/python3.8/site-packages/airflow/example_dags/example_short_circuit_operator.py took 0.093 seconds
[2023-09-01T15:07:17.500+0000] {processor.py:157} INFO - Started process (PID=1864) to work on /home/airflow/.local/lib/python3.8/site-packages/airflow/example_dags/example_short_circuit_operator.py
[2023-09-01T15:07:17.501+0000] {processor.py:829} INFO - Processing file /home/airflow/.local/lib/python3.8/site-packages/airflow/example_dags/example_short_circuit_operator.py for tasks to queue
[2023-09-01T15:07:17.504+0000] {logging_mixin.py:151} INFO - [2023-09-01T15:07:17.504+0000] {dagbag.py:539} INFO - Filling up the DagBag from /home/airflow/.local/lib/python3.8/site-packages/airflow/example_dags/example_short_circuit_operator.py
[2023-09-01T15:07:17.513+0000] {processor.py:839} INFO - DAG(s) dict_keys(['example_short_circuit_operator']) retrieved from /home/airflow/.local/lib/python3.8/site-packages/airflow/example_dags/example_short_circuit_operator.py
[2023-09-01T15:07:17.540+0000] {logging_mixin.py:151} INFO - [2023-09-01T15:07:17.540+0000] {dag.py:2907} INFO - Sync 1 DAGs
[2023-09-01T15:07:17.564+0000] {logging_mixin.py:151} INFO - [2023-09-01T15:07:17.564+0000] {dag.py:3677} INFO - Setting next_dagrun for example_short_circuit_operator to 2023-08-31T15:07:17.564272+00:00, run_after=2023-09-01T15:07:17.564272+00:00
[2023-09-01T15:07:17.584+0000] {processor.py:179} INFO - Processing /home/airflow/.local/lib/python3.8/site-packages/airflow/example_dags/example_short_circuit_operator.py took 0.089 seconds
[2023-09-01T15:07:47.876+0000] {processor.py:157} INFO - Started process (PID=1918) to work on /home/airflow/.local/lib/python3.8/site-packages/airflow/example_dags/example_short_circuit_operator.py
[2023-09-01T15:07:47.877+0000] {processor.py:829} INFO - Processing file /home/airflow/.local/lib/python3.8/site-packages/airflow/example_dags/example_short_circuit_operator.py for tasks to queue
[2023-09-01T15:07:47.880+0000] {logging_mixin.py:151} INFO - [2023-09-01T15:07:47.879+0000] {dagbag.py:539} INFO - Filling up the DagBag from /home/airflow/.local/lib/python3.8/site-packages/airflow/example_dags/example_short_circuit_operator.py
[2023-09-01T15:07:47.888+0000] {processor.py:839} INFO - DAG(s) dict_keys(['example_short_circuit_operator']) retrieved from /home/airflow/.local/lib/python3.8/site-packages/airflow/example_dags/example_short_circuit_operator.py
[2023-09-01T15:07:47.915+0000] {logging_mixin.py:151} INFO - [2023-09-01T15:07:47.914+0000] {dag.py:2907} INFO - Sync 1 DAGs
[2023-09-01T15:07:47.938+0000] {logging_mixin.py:151} INFO - [2023-09-01T15:07:47.938+0000] {dag.py:3677} INFO - Setting next_dagrun for example_short_circuit_operator to 2023-08-31T15:07:47.938331+00:00, run_after=2023-09-01T15:07:47.938331+00:00
[2023-09-01T15:07:47.959+0000] {processor.py:179} INFO - Processing /home/airflow/.local/lib/python3.8/site-packages/airflow/example_dags/example_short_circuit_operator.py took 0.088 seconds
[2023-09-01T15:08:18.162+0000] {processor.py:157} INFO - Started process (PID=1972) to work on /home/airflow/.local/lib/python3.8/site-packages/airflow/example_dags/example_short_circuit_operator.py
[2023-09-01T15:08:18.164+0000] {processor.py:829} INFO - Processing file /home/airflow/.local/lib/python3.8/site-packages/airflow/example_dags/example_short_circuit_operator.py for tasks to queue
[2023-09-01T15:08:18.168+0000] {logging_mixin.py:151} INFO - [2023-09-01T15:08:18.167+0000] {dagbag.py:539} INFO - Filling up the DagBag from /home/airflow/.local/lib/python3.8/site-packages/airflow/example_dags/example_short_circuit_operator.py
[2023-09-01T15:08:18.179+0000] {processor.py:839} INFO - DAG(s) dict_keys(['example_short_circuit_operator']) retrieved from /home/airflow/.local/lib/python3.8/site-packages/airflow/example_dags/example_short_circuit_operator.py
[2023-09-01T15:08:18.207+0000] {logging_mixin.py:151} INFO - [2023-09-01T15:08:18.207+0000] {dag.py:2907} INFO - Sync 1 DAGs
[2023-09-01T15:08:18.232+0000] {logging_mixin.py:151} INFO - [2023-09-01T15:08:18.232+0000] {dag.py:3677} INFO - Setting next_dagrun for example_short_circuit_operator to 2023-08-31T15:08:18.231981+00:00, run_after=2023-09-01T15:08:18.231981+00:00
[2023-09-01T15:08:18.252+0000] {processor.py:179} INFO - Processing /home/airflow/.local/lib/python3.8/site-packages/airflow/example_dags/example_short_circuit_operator.py took 0.095 seconds
[2023-09-01T15:08:48.286+0000] {processor.py:157} INFO - Started process (PID=2025) to work on /home/airflow/.local/lib/python3.8/site-packages/airflow/example_dags/example_short_circuit_operator.py
[2023-09-01T15:08:48.287+0000] {processor.py:829} INFO - Processing file /home/airflow/.local/lib/python3.8/site-packages/airflow/example_dags/example_short_circuit_operator.py for tasks to queue
[2023-09-01T15:08:48.291+0000] {logging_mixin.py:151} INFO - [2023-09-01T15:08:48.290+0000] {dagbag.py:539} INFO - Filling up the DagBag from /home/airflow/.local/lib/python3.8/site-packages/airflow/example_dags/example_short_circuit_operator.py
[2023-09-01T15:08:48.302+0000] {processor.py:839} INFO - DAG(s) dict_keys(['example_short_circuit_operator']) retrieved from /home/airflow/.local/lib/python3.8/site-packages/airflow/example_dags/example_short_circuit_operator.py
[2023-09-01T15:08:48.330+0000] {logging_mixin.py:151} INFO - [2023-09-01T15:08:48.329+0000] {dag.py:2907} INFO - Sync 1 DAGs
[2023-09-01T15:08:48.354+0000] {logging_mixin.py:151} INFO - [2023-09-01T15:08:48.353+0000] {dag.py:3677} INFO - Setting next_dagrun for example_short_circuit_operator to 2023-08-31T15:08:48.353549+00:00, run_after=2023-09-01T15:08:48.353549+00:00
[2023-09-01T15:08:48.374+0000] {processor.py:179} INFO - Processing /home/airflow/.local/lib/python3.8/site-packages/airflow/example_dags/example_short_circuit_operator.py took 0.093 seconds
[2023-09-01T15:09:18.477+0000] {processor.py:157} INFO - Started process (PID=2079) to work on /home/airflow/.local/lib/python3.8/site-packages/airflow/example_dags/example_short_circuit_operator.py
[2023-09-01T15:09:18.479+0000] {processor.py:829} INFO - Processing file /home/airflow/.local/lib/python3.8/site-packages/airflow/example_dags/example_short_circuit_operator.py for tasks to queue
[2023-09-01T15:09:18.481+0000] {logging_mixin.py:151} INFO - [2023-09-01T15:09:18.481+0000] {dagbag.py:539} INFO - Filling up the DagBag from /home/airflow/.local/lib/python3.8/site-packages/airflow/example_dags/example_short_circuit_operator.py
[2023-09-01T15:09:18.490+0000] {processor.py:839} INFO - DAG(s) dict_keys(['example_short_circuit_operator']) retrieved from /home/airflow/.local/lib/python3.8/site-packages/airflow/example_dags/example_short_circuit_operator.py
[2023-09-01T15:09:18.517+0000] {logging_mixin.py:151} INFO - [2023-09-01T15:09:18.517+0000] {dag.py:2907} INFO - Sync 1 DAGs
[2023-09-01T15:09:18.541+0000] {logging_mixin.py:151} INFO - [2023-09-01T15:09:18.541+0000] {dag.py:3677} INFO - Setting next_dagrun for example_short_circuit_operator to 2023-08-31T15:09:18.540944+00:00, run_after=2023-09-01T15:09:18.540944+00:00
[2023-09-01T15:09:18.560+0000] {processor.py:179} INFO - Processing /home/airflow/.local/lib/python3.8/site-packages/airflow/example_dags/example_short_circuit_operator.py took 0.087 seconds
[2023-09-01T15:09:48.702+0000] {processor.py:157} INFO - Started process (PID=2133) to work on /home/airflow/.local/lib/python3.8/site-packages/airflow/example_dags/example_short_circuit_operator.py
[2023-09-01T15:09:48.704+0000] {processor.py:829} INFO - Processing file /home/airflow/.local/lib/python3.8/site-packages/airflow/example_dags/example_short_circuit_operator.py for tasks to queue
[2023-09-01T15:09:48.707+0000] {logging_mixin.py:151} INFO - [2023-09-01T15:09:48.706+0000] {dagbag.py:539} INFO - Filling up the DagBag from /home/airflow/.local/lib/python3.8/site-packages/airflow/example_dags/example_short_circuit_operator.py
[2023-09-01T15:09:48.717+0000] {processor.py:839} INFO - DAG(s) dict_keys(['example_short_circuit_operator']) retrieved from /home/airflow/.local/lib/python3.8/site-packages/airflow/example_dags/example_short_circuit_operator.py
[2023-09-01T15:09:48.746+0000] {logging_mixin.py:151} INFO - [2023-09-01T15:09:48.746+0000] {dag.py:2907} INFO - Sync 1 DAGs
[2023-09-01T15:09:48.776+0000] {logging_mixin.py:151} INFO - [2023-09-01T15:09:48.776+0000] {dag.py:3677} INFO - Setting next_dagrun for example_short_circuit_operator to 2023-08-31T15:09:48.776048+00:00, run_after=2023-09-01T15:09:48.776048+00:00
[2023-09-01T15:09:48.798+0000] {processor.py:179} INFO - Processing /home/airflow/.local/lib/python3.8/site-packages/airflow/example_dags/example_short_circuit_operator.py took 0.101 seconds
[2023-09-01T15:10:19.117+0000] {processor.py:157} INFO - Started process (PID=2187) to work on /home/airflow/.local/lib/python3.8/site-packages/airflow/example_dags/example_short_circuit_operator.py
[2023-09-01T15:10:19.118+0000] {processor.py:829} INFO - Processing file /home/airflow/.local/lib/python3.8/site-packages/airflow/example_dags/example_short_circuit_operator.py for tasks to queue
[2023-09-01T15:10:19.121+0000] {logging_mixin.py:151} INFO - [2023-09-01T15:10:19.121+0000] {dagbag.py:539} INFO - Filling up the DagBag from /home/airflow/.local/lib/python3.8/site-packages/airflow/example_dags/example_short_circuit_operator.py
[2023-09-01T15:10:19.130+0000] {processor.py:839} INFO - DAG(s) dict_keys(['example_short_circuit_operator']) retrieved from /home/airflow/.local/lib/python3.8/site-packages/airflow/example_dags/example_short_circuit_operator.py
[2023-09-01T15:10:19.158+0000] {logging_mixin.py:151} INFO - [2023-09-01T15:10:19.158+0000] {dag.py:2907} INFO - Sync 1 DAGs
[2023-09-01T15:10:19.186+0000] {logging_mixin.py:151} INFO - [2023-09-01T15:10:19.186+0000] {dag.py:3677} INFO - Setting next_dagrun for example_short_circuit_operator to 2023-08-31T15:10:19.185953+00:00, run_after=2023-09-01T15:10:19.185953+00:00
[2023-09-01T15:10:19.207+0000] {processor.py:179} INFO - Processing /home/airflow/.local/lib/python3.8/site-packages/airflow/example_dags/example_short_circuit_operator.py took 0.095 seconds
[2023-09-01T15:10:49.532+0000] {processor.py:157} INFO - Started process (PID=2241) to work on /home/airflow/.local/lib/python3.8/site-packages/airflow/example_dags/example_short_circuit_operator.py
[2023-09-01T15:10:49.533+0000] {processor.py:829} INFO - Processing file /home/airflow/.local/lib/python3.8/site-packages/airflow/example_dags/example_short_circuit_operator.py for tasks to queue
[2023-09-01T15:10:49.536+0000] {logging_mixin.py:151} INFO - [2023-09-01T15:10:49.536+0000] {dagbag.py:539} INFO - Filling up the DagBag from /home/airflow/.local/lib/python3.8/site-packages/airflow/example_dags/example_short_circuit_operator.py
[2023-09-01T15:10:49.545+0000] {processor.py:839} INFO - DAG(s) dict_keys(['example_short_circuit_operator']) retrieved from /home/airflow/.local/lib/python3.8/site-packages/airflow/example_dags/example_short_circuit_operator.py
[2023-09-01T15:10:49.573+0000] {logging_mixin.py:151} INFO - [2023-09-01T15:10:49.573+0000] {dag.py:2907} INFO - Sync 1 DAGs
[2023-09-01T15:10:49.598+0000] {logging_mixin.py:151} INFO - [2023-09-01T15:10:49.598+0000] {dag.py:3677} INFO - Setting next_dagrun for example_short_circuit_operator to 2023-08-31T15:10:49.598133+00:00, run_after=2023-09-01T15:10:49.598133+00:00
[2023-09-01T15:10:49.620+0000] {processor.py:179} INFO - Processing /home/airflow/.local/lib/python3.8/site-packages/airflow/example_dags/example_short_circuit_operator.py took 0.093 seconds
[2023-09-01T15:11:19.960+0000] {processor.py:157} INFO - Started process (PID=2295) to work on /home/airflow/.local/lib/python3.8/site-packages/airflow/example_dags/example_short_circuit_operator.py
[2023-09-01T15:11:19.961+0000] {processor.py:829} INFO - Processing file /home/airflow/.local/lib/python3.8/site-packages/airflow/example_dags/example_short_circuit_operator.py for tasks to queue
[2023-09-01T15:11:19.964+0000] {logging_mixin.py:151} INFO - [2023-09-01T15:11:19.963+0000] {dagbag.py:539} INFO - Filling up the DagBag from /home/airflow/.local/lib/python3.8/site-packages/airflow/example_dags/example_short_circuit_operator.py
[2023-09-01T15:11:19.973+0000] {processor.py:839} INFO - DAG(s) dict_keys(['example_short_circuit_operator']) retrieved from /home/airflow/.local/lib/python3.8/site-packages/airflow/example_dags/example_short_circuit_operator.py
[2023-09-01T15:11:20.000+0000] {logging_mixin.py:151} INFO - [2023-09-01T15:11:20.000+0000] {dag.py:2907} INFO - Sync 1 DAGs
[2023-09-01T15:11:20.024+0000] {logging_mixin.py:151} INFO - [2023-09-01T15:11:20.023+0000] {dag.py:3677} INFO - Setting next_dagrun for example_short_circuit_operator to 2023-08-31T15:11:20.023656+00:00, run_after=2023-09-01T15:11:20.023656+00:00
[2023-09-01T15:11:20.042+0000] {processor.py:179} INFO - Processing /home/airflow/.local/lib/python3.8/site-packages/airflow/example_dags/example_short_circuit_operator.py took 0.087 seconds
[2023-09-01T15:11:50.232+0000] {processor.py:157} INFO - Started process (PID=2349) to work on /home/airflow/.local/lib/python3.8/site-packages/airflow/example_dags/example_short_circuit_operator.py
[2023-09-01T15:11:50.233+0000] {processor.py:829} INFO - Processing file /home/airflow/.local/lib/python3.8/site-packages/airflow/example_dags/example_short_circuit_operator.py for tasks to queue
[2023-09-01T15:11:50.237+0000] {logging_mixin.py:151} INFO - [2023-09-01T15:11:50.236+0000] {dagbag.py:539} INFO - Filling up the DagBag from /home/airflow/.local/lib/python3.8/site-packages/airflow/example_dags/example_short_circuit_operator.py
[2023-09-01T15:11:50.246+0000] {processor.py:839} INFO - DAG(s) dict_keys(['example_short_circuit_operator']) retrieved from /home/airflow/.local/lib/python3.8/site-packages/airflow/example_dags/example_short_circuit_operator.py
[2023-09-01T15:11:50.274+0000] {logging_mixin.py:151} INFO - [2023-09-01T15:11:50.274+0000] {dag.py:2907} INFO - Sync 1 DAGs
[2023-09-01T15:11:50.300+0000] {logging_mixin.py:151} INFO - [2023-09-01T15:11:50.300+0000] {dag.py:3677} INFO - Setting next_dagrun for example_short_circuit_operator to 2023-08-31T15:11:50.299915+00:00, run_after=2023-09-01T15:11:50.299915+00:00
[2023-09-01T15:11:50.322+0000] {processor.py:179} INFO - Processing /home/airflow/.local/lib/python3.8/site-packages/airflow/example_dags/example_short_circuit_operator.py took 0.094 seconds
[2023-09-01T15:12:20.480+0000] {processor.py:157} INFO - Started process (PID=2403) to work on /home/airflow/.local/lib/python3.8/site-packages/airflow/example_dags/example_short_circuit_operator.py
[2023-09-01T15:12:20.482+0000] {processor.py:829} INFO - Processing file /home/airflow/.local/lib/python3.8/site-packages/airflow/example_dags/example_short_circuit_operator.py for tasks to queue
[2023-09-01T15:12:20.486+0000] {logging_mixin.py:151} INFO - [2023-09-01T15:12:20.485+0000] {dagbag.py:539} INFO - Filling up the DagBag from /home/airflow/.local/lib/python3.8/site-packages/airflow/example_dags/example_short_circuit_operator.py
[2023-09-01T15:12:20.498+0000] {processor.py:839} INFO - DAG(s) dict_keys(['example_short_circuit_operator']) retrieved from /home/airflow/.local/lib/python3.8/site-packages/airflow/example_dags/example_short_circuit_operator.py
[2023-09-01T15:12:20.532+0000] {logging_mixin.py:151} INFO - [2023-09-01T15:12:20.531+0000] {dag.py:2907} INFO - Sync 1 DAGs
[2023-09-01T15:12:20.563+0000] {logging_mixin.py:151} INFO - [2023-09-01T15:12:20.563+0000] {dag.py:3677} INFO - Setting next_dagrun for example_short_circuit_operator to 2023-08-31T15:12:20.563228+00:00, run_after=2023-09-01T15:12:20.563228+00:00
[2023-09-01T15:12:20.590+0000] {processor.py:179} INFO - Processing /home/airflow/.local/lib/python3.8/site-packages/airflow/example_dags/example_short_circuit_operator.py took 0.115 seconds
[2023-09-01T15:12:50.802+0000] {processor.py:157} INFO - Started process (PID=2457) to work on /home/airflow/.local/lib/python3.8/site-packages/airflow/example_dags/example_short_circuit_operator.py
[2023-09-01T15:12:50.803+0000] {processor.py:829} INFO - Processing file /home/airflow/.local/lib/python3.8/site-packages/airflow/example_dags/example_short_circuit_operator.py for tasks to queue
[2023-09-01T15:12:50.807+0000] {logging_mixin.py:151} INFO - [2023-09-01T15:12:50.806+0000] {dagbag.py:539} INFO - Filling up the DagBag from /home/airflow/.local/lib/python3.8/site-packages/airflow/example_dags/example_short_circuit_operator.py
[2023-09-01T15:12:50.818+0000] {processor.py:839} INFO - DAG(s) dict_keys(['example_short_circuit_operator']) retrieved from /home/airflow/.local/lib/python3.8/site-packages/airflow/example_dags/example_short_circuit_operator.py
[2023-09-01T15:12:50.853+0000] {logging_mixin.py:151} INFO - [2023-09-01T15:12:50.853+0000] {dag.py:2907} INFO - Sync 1 DAGs
[2023-09-01T15:12:50.884+0000] {logging_mixin.py:151} INFO - [2023-09-01T15:12:50.884+0000] {dag.py:3677} INFO - Setting next_dagrun for example_short_circuit_operator to 2023-08-31T15:12:50.884338+00:00, run_after=2023-09-01T15:12:50.884338+00:00
[2023-09-01T15:12:50.908+0000] {processor.py:179} INFO - Processing /home/airflow/.local/lib/python3.8/site-packages/airflow/example_dags/example_short_circuit_operator.py took 0.112 seconds
[2023-09-01T15:13:20.971+0000] {processor.py:157} INFO - Started process (PID=2512) to work on /home/airflow/.local/lib/python3.8/site-packages/airflow/example_dags/example_short_circuit_operator.py
[2023-09-01T15:13:20.972+0000] {processor.py:829} INFO - Processing file /home/airflow/.local/lib/python3.8/site-packages/airflow/example_dags/example_short_circuit_operator.py for tasks to queue
[2023-09-01T15:13:20.975+0000] {logging_mixin.py:151} INFO - [2023-09-01T15:13:20.975+0000] {dagbag.py:539} INFO - Filling up the DagBag from /home/airflow/.local/lib/python3.8/site-packages/airflow/example_dags/example_short_circuit_operator.py
[2023-09-01T15:13:20.984+0000] {processor.py:839} INFO - DAG(s) dict_keys(['example_short_circuit_operator']) retrieved from /home/airflow/.local/lib/python3.8/site-packages/airflow/example_dags/example_short_circuit_operator.py
[2023-09-01T15:13:21.011+0000] {logging_mixin.py:151} INFO - [2023-09-01T15:13:21.011+0000] {dag.py:2907} INFO - Sync 1 DAGs
[2023-09-01T15:13:21.035+0000] {logging_mixin.py:151} INFO - [2023-09-01T15:13:21.035+0000] {dag.py:3677} INFO - Setting next_dagrun for example_short_circuit_operator to 2023-08-31T15:13:21.035286+00:00, run_after=2023-09-01T15:13:21.035286+00:00
[2023-09-01T15:13:21.055+0000] {processor.py:179} INFO - Processing /home/airflow/.local/lib/python3.8/site-packages/airflow/example_dags/example_short_circuit_operator.py took 0.088 seconds
[2023-09-01T15:13:51.791+0000] {processor.py:157} INFO - Started process (PID=2565) to work on /home/airflow/.local/lib/python3.8/site-packages/airflow/example_dags/example_short_circuit_operator.py
[2023-09-01T15:13:51.793+0000] {processor.py:829} INFO - Processing file /home/airflow/.local/lib/python3.8/site-packages/airflow/example_dags/example_short_circuit_operator.py for tasks to queue
[2023-09-01T15:13:51.796+0000] {logging_mixin.py:151} INFO - [2023-09-01T15:13:51.796+0000] {dagbag.py:539} INFO - Filling up the DagBag from /home/airflow/.local/lib/python3.8/site-packages/airflow/example_dags/example_short_circuit_operator.py
[2023-09-01T15:13:51.808+0000] {processor.py:839} INFO - DAG(s) dict_keys(['example_short_circuit_operator']) retrieved from /home/airflow/.local/lib/python3.8/site-packages/airflow/example_dags/example_short_circuit_operator.py
[2023-09-01T15:13:51.838+0000] {logging_mixin.py:151} INFO - [2023-09-01T15:13:51.838+0000] {dag.py:2907} INFO - Sync 1 DAGs
[2023-09-01T15:13:51.862+0000] {logging_mixin.py:151} INFO - [2023-09-01T15:13:51.862+0000] {dag.py:3677} INFO - Setting next_dagrun for example_short_circuit_operator to 2023-08-31T15:13:51.862265+00:00, run_after=2023-09-01T15:13:51.862265+00:00
[2023-09-01T15:13:51.882+0000] {processor.py:179} INFO - Processing /home/airflow/.local/lib/python3.8/site-packages/airflow/example_dags/example_short_circuit_operator.py took 0.095 seconds
[2023-09-01T15:14:22.757+0000] {processor.py:157} INFO - Started process (PID=2619) to work on /home/airflow/.local/lib/python3.8/site-packages/airflow/example_dags/example_short_circuit_operator.py
[2023-09-01T15:14:22.758+0000] {processor.py:829} INFO - Processing file /home/airflow/.local/lib/python3.8/site-packages/airflow/example_dags/example_short_circuit_operator.py for tasks to queue
[2023-09-01T15:14:22.761+0000] {logging_mixin.py:151} INFO - [2023-09-01T15:14:22.760+0000] {dagbag.py:539} INFO - Filling up the DagBag from /home/airflow/.local/lib/python3.8/site-packages/airflow/example_dags/example_short_circuit_operator.py
[2023-09-01T15:14:22.770+0000] {processor.py:839} INFO - DAG(s) dict_keys(['example_short_circuit_operator']) retrieved from /home/airflow/.local/lib/python3.8/site-packages/airflow/example_dags/example_short_circuit_operator.py
[2023-09-01T15:14:22.796+0000] {logging_mixin.py:151} INFO - [2023-09-01T15:14:22.796+0000] {dag.py:2907} INFO - Sync 1 DAGs
[2023-09-01T15:14:22.822+0000] {logging_mixin.py:151} INFO - [2023-09-01T15:14:22.822+0000] {dag.py:3677} INFO - Setting next_dagrun for example_short_circuit_operator to 2023-08-31T15:14:22.822208+00:00, run_after=2023-09-01T15:14:22.822208+00:00
[2023-09-01T15:14:22.842+0000] {processor.py:179} INFO - Processing /home/airflow/.local/lib/python3.8/site-packages/airflow/example_dags/example_short_circuit_operator.py took 0.090 seconds
[2023-09-01T15:14:53.780+0000] {processor.py:157} INFO - Started process (PID=2673) to work on /home/airflow/.local/lib/python3.8/site-packages/airflow/example_dags/example_short_circuit_operator.py
[2023-09-01T15:14:53.782+0000] {processor.py:829} INFO - Processing file /home/airflow/.local/lib/python3.8/site-packages/airflow/example_dags/example_short_circuit_operator.py for tasks to queue
[2023-09-01T15:14:53.784+0000] {logging_mixin.py:151} INFO - [2023-09-01T15:14:53.784+0000] {dagbag.py:539} INFO - Filling up the DagBag from /home/airflow/.local/lib/python3.8/site-packages/airflow/example_dags/example_short_circuit_operator.py
[2023-09-01T15:14:53.794+0000] {processor.py:839} INFO - DAG(s) dict_keys(['example_short_circuit_operator']) retrieved from /home/airflow/.local/lib/python3.8/site-packages/airflow/example_dags/example_short_circuit_operator.py
[2023-09-01T15:14:53.820+0000] {logging_mixin.py:151} INFO - [2023-09-01T15:14:53.820+0000] {dag.py:2907} INFO - Sync 1 DAGs
[2023-09-01T15:14:53.844+0000] {logging_mixin.py:151} INFO - [2023-09-01T15:14:53.843+0000] {dag.py:3677} INFO - Setting next_dagrun for example_short_circuit_operator to 2023-08-31T15:14:53.843632+00:00, run_after=2023-09-01T15:14:53.843632+00:00
[2023-09-01T15:14:53.863+0000] {processor.py:179} INFO - Processing /home/airflow/.local/lib/python3.8/site-packages/airflow/example_dags/example_short_circuit_operator.py took 0.087 seconds
[2023-09-01T15:15:24.827+0000] {processor.py:157} INFO - Started process (PID=2727) to work on /home/airflow/.local/lib/python3.8/site-packages/airflow/example_dags/example_short_circuit_operator.py
[2023-09-01T15:15:24.828+0000] {processor.py:829} INFO - Processing file /home/airflow/.local/lib/python3.8/site-packages/airflow/example_dags/example_short_circuit_operator.py for tasks to queue
[2023-09-01T15:15:24.831+0000] {logging_mixin.py:151} INFO - [2023-09-01T15:15:24.831+0000] {dagbag.py:539} INFO - Filling up the DagBag from /home/airflow/.local/lib/python3.8/site-packages/airflow/example_dags/example_short_circuit_operator.py
[2023-09-01T15:15:24.840+0000] {processor.py:839} INFO - DAG(s) dict_keys(['example_short_circuit_operator']) retrieved from /home/airflow/.local/lib/python3.8/site-packages/airflow/example_dags/example_short_circuit_operator.py
[2023-09-01T15:15:24.867+0000] {logging_mixin.py:151} INFO - [2023-09-01T15:15:24.866+0000] {dag.py:2907} INFO - Sync 1 DAGs
[2023-09-01T15:15:24.891+0000] {logging_mixin.py:151} INFO - [2023-09-01T15:15:24.891+0000] {dag.py:3677} INFO - Setting next_dagrun for example_short_circuit_operator to 2023-08-31T15:15:24.891181+00:00, run_after=2023-09-01T15:15:24.891181+00:00
[2023-09-01T15:15:24.914+0000] {processor.py:179} INFO - Processing /home/airflow/.local/lib/python3.8/site-packages/airflow/example_dags/example_short_circuit_operator.py took 0.091 seconds
[2023-09-01T15:15:55.162+0000] {processor.py:157} INFO - Started process (PID=2781) to work on /home/airflow/.local/lib/python3.8/site-packages/airflow/example_dags/example_short_circuit_operator.py
[2023-09-01T15:15:55.164+0000] {processor.py:829} INFO - Processing file /home/airflow/.local/lib/python3.8/site-packages/airflow/example_dags/example_short_circuit_operator.py for tasks to queue
[2023-09-01T15:15:55.167+0000] {logging_mixin.py:151} INFO - [2023-09-01T15:15:55.167+0000] {dagbag.py:539} INFO - Filling up the DagBag from /home/airflow/.local/lib/python3.8/site-packages/airflow/example_dags/example_short_circuit_operator.py
[2023-09-01T15:15:55.179+0000] {processor.py:839} INFO - DAG(s) dict_keys(['example_short_circuit_operator']) retrieved from /home/airflow/.local/lib/python3.8/site-packages/airflow/example_dags/example_short_circuit_operator.py
[2023-09-01T15:15:55.212+0000] {logging_mixin.py:151} INFO - [2023-09-01T15:15:55.211+0000] {dag.py:2907} INFO - Sync 1 DAGs
[2023-09-01T15:15:55.243+0000] {logging_mixin.py:151} INFO - [2023-09-01T15:15:55.243+0000] {dag.py:3677} INFO - Setting next_dagrun for example_short_circuit_operator to 2023-08-31T15:15:55.242871+00:00, run_after=2023-09-01T15:15:55.242871+00:00
[2023-09-01T15:15:55.269+0000] {processor.py:179} INFO - Processing /home/airflow/.local/lib/python3.8/site-packages/airflow/example_dags/example_short_circuit_operator.py took 0.112 seconds
[2023-09-01T15:16:25.430+0000] {processor.py:157} INFO - Started process (PID=2836) to work on /home/airflow/.local/lib/python3.8/site-packages/airflow/example_dags/example_short_circuit_operator.py
[2023-09-01T15:16:25.432+0000] {processor.py:829} INFO - Processing file /home/airflow/.local/lib/python3.8/site-packages/airflow/example_dags/example_short_circuit_operator.py for tasks to queue
[2023-09-01T15:16:25.435+0000] {logging_mixin.py:151} INFO - [2023-09-01T15:16:25.435+0000] {dagbag.py:539} INFO - Filling up the DagBag from /home/airflow/.local/lib/python3.8/site-packages/airflow/example_dags/example_short_circuit_operator.py
[2023-09-01T15:16:25.447+0000] {processor.py:839} INFO - DAG(s) dict_keys(['example_short_circuit_operator']) retrieved from /home/airflow/.local/lib/python3.8/site-packages/airflow/example_dags/example_short_circuit_operator.py
[2023-09-01T15:16:25.481+0000] {logging_mixin.py:151} INFO - [2023-09-01T15:16:25.481+0000] {dag.py:2907} INFO - Sync 1 DAGs
[2023-09-01T15:16:25.521+0000] {logging_mixin.py:151} INFO - [2023-09-01T15:16:25.520+0000] {dag.py:3677} INFO - Setting next_dagrun for example_short_circuit_operator to 2023-08-31T15:16:25.520453+00:00, run_after=2023-09-01T15:16:25.520453+00:00
[2023-09-01T15:16:25.547+0000] {processor.py:179} INFO - Processing /home/airflow/.local/lib/python3.8/site-packages/airflow/example_dags/example_short_circuit_operator.py took 0.122 seconds
[2023-09-01T15:16:55.885+0000] {processor.py:157} INFO - Started process (PID=2892) to work on /home/airflow/.local/lib/python3.8/site-packages/airflow/example_dags/example_short_circuit_operator.py
[2023-09-01T15:16:55.887+0000] {processor.py:829} INFO - Processing file /home/airflow/.local/lib/python3.8/site-packages/airflow/example_dags/example_short_circuit_operator.py for tasks to queue
[2023-09-01T15:16:55.891+0000] {logging_mixin.py:151} INFO - [2023-09-01T15:16:55.890+0000] {dagbag.py:539} INFO - Filling up the DagBag from /home/airflow/.local/lib/python3.8/site-packages/airflow/example_dags/example_short_circuit_operator.py
[2023-09-01T15:16:55.902+0000] {processor.py:839} INFO - DAG(s) dict_keys(['example_short_circuit_operator']) retrieved from /home/airflow/.local/lib/python3.8/site-packages/airflow/example_dags/example_short_circuit_operator.py
[2023-09-01T15:16:55.933+0000] {logging_mixin.py:151} INFO - [2023-09-01T15:16:55.933+0000] {dag.py:2907} INFO - Sync 1 DAGs
[2023-09-01T15:16:55.967+0000] {logging_mixin.py:151} INFO - [2023-09-01T15:16:55.967+0000] {dag.py:3677} INFO - Setting next_dagrun for example_short_circuit_operator to 2023-08-31T15:16:55.967314+00:00, run_after=2023-09-01T15:16:55.967314+00:00
[2023-09-01T15:16:55.995+0000] {processor.py:179} INFO - Processing /home/airflow/.local/lib/python3.8/site-packages/airflow/example_dags/example_short_circuit_operator.py took 0.115 seconds
[2023-09-01T15:17:26.432+0000] {processor.py:157} INFO - Started process (PID=2945) to work on /home/airflow/.local/lib/python3.8/site-packages/airflow/example_dags/example_short_circuit_operator.py
[2023-09-01T15:17:26.434+0000] {processor.py:829} INFO - Processing file /home/airflow/.local/lib/python3.8/site-packages/airflow/example_dags/example_short_circuit_operator.py for tasks to queue
[2023-09-01T15:17:26.439+0000] {logging_mixin.py:151} INFO - [2023-09-01T15:17:26.438+0000] {dagbag.py:539} INFO - Filling up the DagBag from /home/airflow/.local/lib/python3.8/site-packages/airflow/example_dags/example_short_circuit_operator.py
[2023-09-01T15:17:26.455+0000] {processor.py:839} INFO - DAG(s) dict_keys(['example_short_circuit_operator']) retrieved from /home/airflow/.local/lib/python3.8/site-packages/airflow/example_dags/example_short_circuit_operator.py
[2023-09-01T15:17:26.494+0000] {logging_mixin.py:151} INFO - [2023-09-01T15:17:26.493+0000] {dag.py:2907} INFO - Sync 1 DAGs
[2023-09-01T15:17:26.527+0000] {logging_mixin.py:151} INFO - [2023-09-01T15:17:26.527+0000] {dag.py:3677} INFO - Setting next_dagrun for example_short_circuit_operator to 2023-08-31T15:17:26.527072+00:00, run_after=2023-09-01T15:17:26.527072+00:00
[2023-09-01T15:17:26.553+0000] {processor.py:179} INFO - Processing /home/airflow/.local/lib/python3.8/site-packages/airflow/example_dags/example_short_circuit_operator.py took 0.126 seconds
[2023-09-01T15:17:56.753+0000] {processor.py:157} INFO - Started process (PID=2999) to work on /home/airflow/.local/lib/python3.8/site-packages/airflow/example_dags/example_short_circuit_operator.py
[2023-09-01T15:17:56.754+0000] {processor.py:829} INFO - Processing file /home/airflow/.local/lib/python3.8/site-packages/airflow/example_dags/example_short_circuit_operator.py for tasks to queue
[2023-09-01T15:17:56.757+0000] {logging_mixin.py:151} INFO - [2023-09-01T15:17:56.757+0000] {dagbag.py:539} INFO - Filling up the DagBag from /home/airflow/.local/lib/python3.8/site-packages/airflow/example_dags/example_short_circuit_operator.py
[2023-09-01T15:17:56.767+0000] {processor.py:839} INFO - DAG(s) dict_keys(['example_short_circuit_operator']) retrieved from /home/airflow/.local/lib/python3.8/site-packages/airflow/example_dags/example_short_circuit_operator.py
[2023-09-01T15:17:56.794+0000] {logging_mixin.py:151} INFO - [2023-09-01T15:17:56.794+0000] {dag.py:2907} INFO - Sync 1 DAGs
[2023-09-01T15:17:56.818+0000] {logging_mixin.py:151} INFO - [2023-09-01T15:17:56.817+0000] {dag.py:3677} INFO - Setting next_dagrun for example_short_circuit_operator to 2023-08-31T15:17:56.817671+00:00, run_after=2023-09-01T15:17:56.817671+00:00
[2023-09-01T15:17:56.838+0000] {processor.py:179} INFO - Processing /home/airflow/.local/lib/python3.8/site-packages/airflow/example_dags/example_short_circuit_operator.py took 0.089 seconds
[2023-09-01T15:18:26.962+0000] {processor.py:157} INFO - Started process (PID=3053) to work on /home/airflow/.local/lib/python3.8/site-packages/airflow/example_dags/example_short_circuit_operator.py
[2023-09-01T15:18:26.963+0000] {processor.py:829} INFO - Processing file /home/airflow/.local/lib/python3.8/site-packages/airflow/example_dags/example_short_circuit_operator.py for tasks to queue
[2023-09-01T15:18:26.966+0000] {logging_mixin.py:151} INFO - [2023-09-01T15:18:26.966+0000] {dagbag.py:539} INFO - Filling up the DagBag from /home/airflow/.local/lib/python3.8/site-packages/airflow/example_dags/example_short_circuit_operator.py
[2023-09-01T15:18:26.976+0000] {processor.py:839} INFO - DAG(s) dict_keys(['example_short_circuit_operator']) retrieved from /home/airflow/.local/lib/python3.8/site-packages/airflow/example_dags/example_short_circuit_operator.py
[2023-09-01T15:18:27.002+0000] {logging_mixin.py:151} INFO - [2023-09-01T15:18:27.002+0000] {dag.py:2907} INFO - Sync 1 DAGs
[2023-09-01T15:18:27.027+0000] {logging_mixin.py:151} INFO - [2023-09-01T15:18:27.027+0000] {dag.py:3677} INFO - Setting next_dagrun for example_short_circuit_operator to 2023-08-31T15:18:27.026943+00:00, run_after=2023-09-01T15:18:27.026943+00:00
[2023-09-01T15:18:27.046+0000] {processor.py:179} INFO - Processing /home/airflow/.local/lib/python3.8/site-packages/airflow/example_dags/example_short_circuit_operator.py took 0.088 seconds
[2023-09-01T15:18:57.550+0000] {processor.py:157} INFO - Started process (PID=3107) to work on /home/airflow/.local/lib/python3.8/site-packages/airflow/example_dags/example_short_circuit_operator.py
[2023-09-01T15:18:57.551+0000] {processor.py:829} INFO - Processing file /home/airflow/.local/lib/python3.8/site-packages/airflow/example_dags/example_short_circuit_operator.py for tasks to queue
[2023-09-01T15:18:57.554+0000] {logging_mixin.py:151} INFO - [2023-09-01T15:18:57.554+0000] {dagbag.py:539} INFO - Filling up the DagBag from /home/airflow/.local/lib/python3.8/site-packages/airflow/example_dags/example_short_circuit_operator.py
[2023-09-01T15:18:57.563+0000] {processor.py:839} INFO - DAG(s) dict_keys(['example_short_circuit_operator']) retrieved from /home/airflow/.local/lib/python3.8/site-packages/airflow/example_dags/example_short_circuit_operator.py
[2023-09-01T15:18:57.589+0000] {logging_mixin.py:151} INFO - [2023-09-01T15:18:57.589+0000] {dag.py:2907} INFO - Sync 1 DAGs
[2023-09-01T15:18:57.613+0000] {logging_mixin.py:151} INFO - [2023-09-01T15:18:57.613+0000] {dag.py:3677} INFO - Setting next_dagrun for example_short_circuit_operator to 2023-08-31T15:18:57.613396+00:00, run_after=2023-09-01T15:18:57.613396+00:00
[2023-09-01T15:18:57.634+0000] {processor.py:179} INFO - Processing /home/airflow/.local/lib/python3.8/site-packages/airflow/example_dags/example_short_circuit_operator.py took 0.088 seconds
[2023-09-01T15:19:28.106+0000] {processor.py:157} INFO - Started process (PID=3161) to work on /home/airflow/.local/lib/python3.8/site-packages/airflow/example_dags/example_short_circuit_operator.py
[2023-09-01T15:19:28.108+0000] {processor.py:829} INFO - Processing file /home/airflow/.local/lib/python3.8/site-packages/airflow/example_dags/example_short_circuit_operator.py for tasks to queue
[2023-09-01T15:19:28.111+0000] {logging_mixin.py:151} INFO - [2023-09-01T15:19:28.111+0000] {dagbag.py:539} INFO - Filling up the DagBag from /home/airflow/.local/lib/python3.8/site-packages/airflow/example_dags/example_short_circuit_operator.py
[2023-09-01T15:19:28.121+0000] {processor.py:839} INFO - DAG(s) dict_keys(['example_short_circuit_operator']) retrieved from /home/airflow/.local/lib/python3.8/site-packages/airflow/example_dags/example_short_circuit_operator.py
[2023-09-01T15:19:28.149+0000] {logging_mixin.py:151} INFO - [2023-09-01T15:19:28.148+0000] {dag.py:2907} INFO - Sync 1 DAGs
[2023-09-01T15:19:28.174+0000] {logging_mixin.py:151} INFO - [2023-09-01T15:19:28.173+0000] {dag.py:3677} INFO - Setting next_dagrun for example_short_circuit_operator to 2023-08-31T15:19:28.173652+00:00, run_after=2023-09-01T15:19:28.173652+00:00
[2023-09-01T15:19:28.193+0000] {processor.py:179} INFO - Processing /home/airflow/.local/lib/python3.8/site-packages/airflow/example_dags/example_short_circuit_operator.py took 0.092 seconds
[2023-09-01T15:19:58.738+0000] {processor.py:157} INFO - Started process (PID=3215) to work on /home/airflow/.local/lib/python3.8/site-packages/airflow/example_dags/example_short_circuit_operator.py
[2023-09-01T15:19:58.739+0000] {processor.py:829} INFO - Processing file /home/airflow/.local/lib/python3.8/site-packages/airflow/example_dags/example_short_circuit_operator.py for tasks to queue
[2023-09-01T15:19:58.743+0000] {logging_mixin.py:151} INFO - [2023-09-01T15:19:58.742+0000] {dagbag.py:539} INFO - Filling up the DagBag from /home/airflow/.local/lib/python3.8/site-packages/airflow/example_dags/example_short_circuit_operator.py
[2023-09-01T15:19:58.752+0000] {processor.py:839} INFO - DAG(s) dict_keys(['example_short_circuit_operator']) retrieved from /home/airflow/.local/lib/python3.8/site-packages/airflow/example_dags/example_short_circuit_operator.py
[2023-09-01T15:19:58.781+0000] {logging_mixin.py:151} INFO - [2023-09-01T15:19:58.781+0000] {dag.py:2907} INFO - Sync 1 DAGs
[2023-09-01T15:19:58.808+0000] {logging_mixin.py:151} INFO - [2023-09-01T15:19:58.807+0000] {dag.py:3677} INFO - Setting next_dagrun for example_short_circuit_operator to 2023-08-31T15:19:58.807502+00:00, run_after=2023-09-01T15:19:58.807502+00:00
[2023-09-01T15:19:58.829+0000] {processor.py:179} INFO - Processing /home/airflow/.local/lib/python3.8/site-packages/airflow/example_dags/example_short_circuit_operator.py took 0.095 seconds
[2023-09-01T15:20:29.134+0000] {processor.py:157} INFO - Started process (PID=3269) to work on /home/airflow/.local/lib/python3.8/site-packages/airflow/example_dags/example_short_circuit_operator.py
[2023-09-01T15:20:29.135+0000] {processor.py:829} INFO - Processing file /home/airflow/.local/lib/python3.8/site-packages/airflow/example_dags/example_short_circuit_operator.py for tasks to queue
[2023-09-01T15:20:29.138+0000] {logging_mixin.py:151} INFO - [2023-09-01T15:20:29.137+0000] {dagbag.py:539} INFO - Filling up the DagBag from /home/airflow/.local/lib/python3.8/site-packages/airflow/example_dags/example_short_circuit_operator.py
[2023-09-01T15:20:29.147+0000] {processor.py:839} INFO - DAG(s) dict_keys(['example_short_circuit_operator']) retrieved from /home/airflow/.local/lib/python3.8/site-packages/airflow/example_dags/example_short_circuit_operator.py
[2023-09-01T15:20:29.175+0000] {logging_mixin.py:151} INFO - [2023-09-01T15:20:29.175+0000] {dag.py:2907} INFO - Sync 1 DAGs
[2023-09-01T15:20:29.203+0000] {logging_mixin.py:151} INFO - [2023-09-01T15:20:29.203+0000] {dag.py:3677} INFO - Setting next_dagrun for example_short_circuit_operator to 2023-08-31T15:20:29.203366+00:00, run_after=2023-09-01T15:20:29.203366+00:00
[2023-09-01T15:20:29.224+0000] {processor.py:179} INFO - Processing /home/airflow/.local/lib/python3.8/site-packages/airflow/example_dags/example_short_circuit_operator.py took 0.095 seconds
[2023-09-01T15:20:59.725+0000] {processor.py:157} INFO - Started process (PID=3330) to work on /home/airflow/.local/lib/python3.8/site-packages/airflow/example_dags/example_short_circuit_operator.py
[2023-09-01T15:20:59.726+0000] {processor.py:829} INFO - Processing file /home/airflow/.local/lib/python3.8/site-packages/airflow/example_dags/example_short_circuit_operator.py for tasks to queue
[2023-09-01T15:20:59.729+0000] {logging_mixin.py:151} INFO - [2023-09-01T15:20:59.729+0000] {dagbag.py:539} INFO - Filling up the DagBag from /home/airflow/.local/lib/python3.8/site-packages/airflow/example_dags/example_short_circuit_operator.py
[2023-09-01T15:20:59.738+0000] {processor.py:839} INFO - DAG(s) dict_keys(['example_short_circuit_operator']) retrieved from /home/airflow/.local/lib/python3.8/site-packages/airflow/example_dags/example_short_circuit_operator.py
[2023-09-01T15:20:59.764+0000] {logging_mixin.py:151} INFO - [2023-09-01T15:20:59.764+0000] {dag.py:2907} INFO - Sync 1 DAGs
[2023-09-01T15:20:59.788+0000] {logging_mixin.py:151} INFO - [2023-09-01T15:20:59.788+0000] {dag.py:3677} INFO - Setting next_dagrun for example_short_circuit_operator to 2023-08-31T15:20:59.788308+00:00, run_after=2023-09-01T15:20:59.788308+00:00
[2023-09-01T15:20:59.807+0000] {processor.py:179} INFO - Processing /home/airflow/.local/lib/python3.8/site-packages/airflow/example_dags/example_short_circuit_operator.py took 0.087 seconds
[2023-09-01T15:21:30.328+0000] {processor.py:157} INFO - Started process (PID=3384) to work on /home/airflow/.local/lib/python3.8/site-packages/airflow/example_dags/example_short_circuit_operator.py
[2023-09-01T15:21:30.329+0000] {processor.py:829} INFO - Processing file /home/airflow/.local/lib/python3.8/site-packages/airflow/example_dags/example_short_circuit_operator.py for tasks to queue
[2023-09-01T15:21:30.332+0000] {logging_mixin.py:151} INFO - [2023-09-01T15:21:30.332+0000] {dagbag.py:539} INFO - Filling up the DagBag from /home/airflow/.local/lib/python3.8/site-packages/airflow/example_dags/example_short_circuit_operator.py
[2023-09-01T15:21:30.341+0000] {processor.py:839} INFO - DAG(s) dict_keys(['example_short_circuit_operator']) retrieved from /home/airflow/.local/lib/python3.8/site-packages/airflow/example_dags/example_short_circuit_operator.py
[2023-09-01T15:21:30.389+0000] {logging_mixin.py:151} INFO - [2023-09-01T15:21:30.389+0000] {dag.py:2907} INFO - Sync 1 DAGs
[2023-09-01T15:21:30.423+0000] {logging_mixin.py:151} INFO - [2023-09-01T15:21:30.423+0000] {dag.py:3677} INFO - Setting next_dagrun for example_short_circuit_operator to 2023-08-31T15:21:30.423066+00:00, run_after=2023-09-01T15:21:30.423066+00:00
[2023-09-01T15:21:30.446+0000] {processor.py:179} INFO - Processing /home/airflow/.local/lib/python3.8/site-packages/airflow/example_dags/example_short_circuit_operator.py took 0.122 seconds
