[2023-09-01T14:50:21.983+0000] {processor.py:157} INFO - Started process (PID=63) to work on /home/airflow/.local/lib/python3.8/site-packages/airflow/example_dags/example_short_circuit_decorator.py
[2023-09-01T14:50:21.985+0000] {processor.py:829} INFO - Processing file /home/airflow/.local/lib/python3.8/site-packages/airflow/example_dags/example_short_circuit_decorator.py for tasks to queue
[2023-09-01T14:50:21.989+0000] {logging_mixin.py:151} INFO - [2023-09-01T14:50:21.989+0000] {dagbag.py:539} INFO - Filling up the DagBag from /home/airflow/.local/lib/python3.8/site-packages/airflow/example_dags/example_short_circuit_decorator.py
[2023-09-01T14:50:22.168+0000] {processor.py:839} INFO - DAG(s) dict_keys(['example_short_circuit_decorator']) retrieved from /home/airflow/.local/lib/python3.8/site-packages/airflow/example_dags/example_short_circuit_decorator.py
[2023-09-01T14:50:22.295+0000] {logging_mixin.py:151} INFO - [2023-09-01T14:50:22.295+0000] {manager.py:501} INFO - Created Permission View: can read on DAG:example_short_circuit_decorator
[2023-09-01T14:50:22.308+0000] {logging_mixin.py:151} INFO - [2023-09-01T14:50:22.308+0000] {manager.py:501} INFO - Created Permission View: can edit on DAG:example_short_circuit_decorator
[2023-09-01T14:50:22.320+0000] {logging_mixin.py:151} INFO - [2023-09-01T14:50:22.320+0000] {manager.py:501} INFO - Created Permission View: can delete on DAG:example_short_circuit_decorator
[2023-09-01T14:50:22.337+0000] {logging_mixin.py:151} INFO - [2023-09-01T14:50:22.336+0000] {dag.py:2907} INFO - Sync 1 DAGs
[2023-09-01T14:50:22.350+0000] {logging_mixin.py:151} INFO - [2023-09-01T14:50:22.350+0000] {dag.py:2929} INFO - Creating ORM DAG for example_short_circuit_decorator
[2023-09-01T14:50:22.363+0000] {logging_mixin.py:151} INFO - [2023-09-01T14:50:22.363+0000] {dag.py:3677} INFO - Setting next_dagrun for example_short_circuit_decorator to 2023-08-31T14:50:22.362917+00:00, run_after=2023-09-01T14:50:22.362917+00:00
[2023-09-01T14:50:22.387+0000] {processor.py:179} INFO - Processing /home/airflow/.local/lib/python3.8/site-packages/airflow/example_dags/example_short_circuit_decorator.py took 0.409 seconds
[2023-09-01T14:50:53.079+0000] {processor.py:157} INFO - Started process (PID=116) to work on /home/airflow/.local/lib/python3.8/site-packages/airflow/example_dags/example_short_circuit_decorator.py
[2023-09-01T14:50:53.081+0000] {processor.py:829} INFO - Processing file /home/airflow/.local/lib/python3.8/site-packages/airflow/example_dags/example_short_circuit_decorator.py for tasks to queue
[2023-09-01T14:50:53.084+0000] {logging_mixin.py:151} INFO - [2023-09-01T14:50:53.084+0000] {dagbag.py:539} INFO - Filling up the DagBag from /home/airflow/.local/lib/python3.8/site-packages/airflow/example_dags/example_short_circuit_decorator.py
[2023-09-01T14:50:53.096+0000] {processor.py:839} INFO - DAG(s) dict_keys(['example_short_circuit_decorator']) retrieved from /home/airflow/.local/lib/python3.8/site-packages/airflow/example_dags/example_short_circuit_decorator.py
[2023-09-01T14:50:53.125+0000] {logging_mixin.py:151} INFO - [2023-09-01T14:50:53.125+0000] {dag.py:2907} INFO - Sync 1 DAGs
[2023-09-01T14:50:53.151+0000] {logging_mixin.py:151} INFO - [2023-09-01T14:50:53.151+0000] {dag.py:3677} INFO - Setting next_dagrun for example_short_circuit_decorator to 2023-08-31T14:50:53.151434+00:00, run_after=2023-09-01T14:50:53.151434+00:00
[2023-09-01T14:50:53.174+0000] {processor.py:179} INFO - Processing /home/airflow/.local/lib/python3.8/site-packages/airflow/example_dags/example_short_circuit_decorator.py took 0.100 seconds
[2023-09-01T14:51:23.272+0000] {processor.py:157} INFO - Started process (PID=170) to work on /home/airflow/.local/lib/python3.8/site-packages/airflow/example_dags/example_short_circuit_decorator.py
[2023-09-01T14:51:23.274+0000] {processor.py:829} INFO - Processing file /home/airflow/.local/lib/python3.8/site-packages/airflow/example_dags/example_short_circuit_decorator.py for tasks to queue
[2023-09-01T14:51:23.278+0000] {logging_mixin.py:151} INFO - [2023-09-01T14:51:23.278+0000] {dagbag.py:539} INFO - Filling up the DagBag from /home/airflow/.local/lib/python3.8/site-packages/airflow/example_dags/example_short_circuit_decorator.py
[2023-09-01T14:51:23.294+0000] {processor.py:839} INFO - DAG(s) dict_keys(['example_short_circuit_decorator']) retrieved from /home/airflow/.local/lib/python3.8/site-packages/airflow/example_dags/example_short_circuit_decorator.py
[2023-09-01T14:51:23.329+0000] {logging_mixin.py:151} INFO - [2023-09-01T14:51:23.329+0000] {dag.py:2907} INFO - Sync 1 DAGs
[2023-09-01T14:51:23.363+0000] {logging_mixin.py:151} INFO - [2023-09-01T14:51:23.363+0000] {dag.py:3677} INFO - Setting next_dagrun for example_short_circuit_decorator to 2023-08-31T14:51:23.362631+00:00, run_after=2023-09-01T14:51:23.362631+00:00
[2023-09-01T14:51:23.389+0000] {processor.py:179} INFO - Processing /home/airflow/.local/lib/python3.8/site-packages/airflow/example_dags/example_short_circuit_decorator.py took 0.123 seconds
[2023-09-01T14:51:54.165+0000] {processor.py:157} INFO - Started process (PID=224) to work on /home/airflow/.local/lib/python3.8/site-packages/airflow/example_dags/example_short_circuit_decorator.py
[2023-09-01T14:51:54.166+0000] {processor.py:829} INFO - Processing file /home/airflow/.local/lib/python3.8/site-packages/airflow/example_dags/example_short_circuit_decorator.py for tasks to queue
[2023-09-01T14:51:54.169+0000] {logging_mixin.py:151} INFO - [2023-09-01T14:51:54.169+0000] {dagbag.py:539} INFO - Filling up the DagBag from /home/airflow/.local/lib/python3.8/site-packages/airflow/example_dags/example_short_circuit_decorator.py
[2023-09-01T14:51:54.180+0000] {processor.py:839} INFO - DAG(s) dict_keys(['example_short_circuit_decorator']) retrieved from /home/airflow/.local/lib/python3.8/site-packages/airflow/example_dags/example_short_circuit_decorator.py
[2023-09-01T14:51:54.207+0000] {logging_mixin.py:151} INFO - [2023-09-01T14:51:54.207+0000] {dag.py:2907} INFO - Sync 1 DAGs
[2023-09-01T14:51:54.233+0000] {logging_mixin.py:151} INFO - [2023-09-01T14:51:54.233+0000] {dag.py:3677} INFO - Setting next_dagrun for example_short_circuit_decorator to 2023-08-31T14:51:54.233108+00:00, run_after=2023-09-01T14:51:54.233108+00:00
[2023-09-01T14:51:54.254+0000] {processor.py:179} INFO - Processing /home/airflow/.local/lib/python3.8/site-packages/airflow/example_dags/example_short_circuit_decorator.py took 0.093 seconds
[2023-09-01T14:52:24.455+0000] {processor.py:157} INFO - Started process (PID=278) to work on /home/airflow/.local/lib/python3.8/site-packages/airflow/example_dags/example_short_circuit_decorator.py
[2023-09-01T14:52:24.457+0000] {processor.py:829} INFO - Processing file /home/airflow/.local/lib/python3.8/site-packages/airflow/example_dags/example_short_circuit_decorator.py for tasks to queue
[2023-09-01T14:52:24.461+0000] {logging_mixin.py:151} INFO - [2023-09-01T14:52:24.460+0000] {dagbag.py:539} INFO - Filling up the DagBag from /home/airflow/.local/lib/python3.8/site-packages/airflow/example_dags/example_short_circuit_decorator.py
[2023-09-01T14:52:24.475+0000] {processor.py:839} INFO - DAG(s) dict_keys(['example_short_circuit_decorator']) retrieved from /home/airflow/.local/lib/python3.8/site-packages/airflow/example_dags/example_short_circuit_decorator.py
[2023-09-01T14:52:24.507+0000] {logging_mixin.py:151} INFO - [2023-09-01T14:52:24.507+0000] {dag.py:2907} INFO - Sync 1 DAGs
[2023-09-01T14:52:24.539+0000] {logging_mixin.py:151} INFO - [2023-09-01T14:52:24.539+0000] {dag.py:3677} INFO - Setting next_dagrun for example_short_circuit_decorator to 2023-08-31T14:52:24.538734+00:00, run_after=2023-09-01T14:52:24.538734+00:00
[2023-09-01T14:52:24.565+0000] {processor.py:179} INFO - Processing /home/airflow/.local/lib/python3.8/site-packages/airflow/example_dags/example_short_circuit_decorator.py took 0.115 seconds
[2023-09-01T14:52:55.445+0000] {processor.py:157} INFO - Started process (PID=332) to work on /home/airflow/.local/lib/python3.8/site-packages/airflow/example_dags/example_short_circuit_decorator.py
[2023-09-01T14:52:55.446+0000] {processor.py:829} INFO - Processing file /home/airflow/.local/lib/python3.8/site-packages/airflow/example_dags/example_short_circuit_decorator.py for tasks to queue
[2023-09-01T14:52:55.449+0000] {logging_mixin.py:151} INFO - [2023-09-01T14:52:55.449+0000] {dagbag.py:539} INFO - Filling up the DagBag from /home/airflow/.local/lib/python3.8/site-packages/airflow/example_dags/example_short_circuit_decorator.py
[2023-09-01T14:52:55.460+0000] {processor.py:839} INFO - DAG(s) dict_keys(['example_short_circuit_decorator']) retrieved from /home/airflow/.local/lib/python3.8/site-packages/airflow/example_dags/example_short_circuit_decorator.py
[2023-09-01T14:52:55.486+0000] {logging_mixin.py:151} INFO - [2023-09-01T14:52:55.486+0000] {dag.py:2907} INFO - Sync 1 DAGs
[2023-09-01T14:52:55.510+0000] {logging_mixin.py:151} INFO - [2023-09-01T14:52:55.509+0000] {dag.py:3677} INFO - Setting next_dagrun for example_short_circuit_decorator to 2023-08-31T14:52:55.509515+00:00, run_after=2023-09-01T14:52:55.509515+00:00
[2023-09-01T14:52:55.529+0000] {processor.py:179} INFO - Processing /home/airflow/.local/lib/python3.8/site-packages/airflow/example_dags/example_short_circuit_decorator.py took 0.089 seconds
[2023-09-01T14:53:25.673+0000] {processor.py:157} INFO - Started process (PID=385) to work on /home/airflow/.local/lib/python3.8/site-packages/airflow/example_dags/example_short_circuit_decorator.py
[2023-09-01T14:53:25.675+0000] {processor.py:829} INFO - Processing file /home/airflow/.local/lib/python3.8/site-packages/airflow/example_dags/example_short_circuit_decorator.py for tasks to queue
[2023-09-01T14:53:25.679+0000] {logging_mixin.py:151} INFO - [2023-09-01T14:53:25.678+0000] {dagbag.py:539} INFO - Filling up the DagBag from /home/airflow/.local/lib/python3.8/site-packages/airflow/example_dags/example_short_circuit_decorator.py
[2023-09-01T14:53:25.694+0000] {processor.py:839} INFO - DAG(s) dict_keys(['example_short_circuit_decorator']) retrieved from /home/airflow/.local/lib/python3.8/site-packages/airflow/example_dags/example_short_circuit_decorator.py
[2023-09-01T14:53:25.732+0000] {logging_mixin.py:151} INFO - [2023-09-01T14:53:25.731+0000] {dag.py:2907} INFO - Sync 1 DAGs
[2023-09-01T14:53:25.767+0000] {logging_mixin.py:151} INFO - [2023-09-01T14:53:25.766+0000] {dag.py:3677} INFO - Setting next_dagrun for example_short_circuit_decorator to 2023-08-31T14:53:25.766554+00:00, run_after=2023-09-01T14:53:25.766554+00:00
[2023-09-01T14:53:25.792+0000] {processor.py:179} INFO - Processing /home/airflow/.local/lib/python3.8/site-packages/airflow/example_dags/example_short_circuit_decorator.py took 0.124 seconds
[2023-09-01T14:53:55.902+0000] {processor.py:157} INFO - Started process (PID=440) to work on /home/airflow/.local/lib/python3.8/site-packages/airflow/example_dags/example_short_circuit_decorator.py
[2023-09-01T14:53:55.903+0000] {processor.py:829} INFO - Processing file /home/airflow/.local/lib/python3.8/site-packages/airflow/example_dags/example_short_circuit_decorator.py for tasks to queue
[2023-09-01T14:53:55.907+0000] {logging_mixin.py:151} INFO - [2023-09-01T14:53:55.906+0000] {dagbag.py:539} INFO - Filling up the DagBag from /home/airflow/.local/lib/python3.8/site-packages/airflow/example_dags/example_short_circuit_decorator.py
[2023-09-01T14:53:55.921+0000] {processor.py:839} INFO - DAG(s) dict_keys(['example_short_circuit_decorator']) retrieved from /home/airflow/.local/lib/python3.8/site-packages/airflow/example_dags/example_short_circuit_decorator.py
[2023-09-01T14:53:55.955+0000] {logging_mixin.py:151} INFO - [2023-09-01T14:53:55.955+0000] {dag.py:2907} INFO - Sync 1 DAGs
[2023-09-01T14:53:55.983+0000] {logging_mixin.py:151} INFO - [2023-09-01T14:53:55.983+0000] {dag.py:3677} INFO - Setting next_dagrun for example_short_circuit_decorator to 2023-08-31T14:53:55.983349+00:00, run_after=2023-09-01T14:53:55.983349+00:00
[2023-09-01T14:53:56.006+0000] {processor.py:179} INFO - Processing /home/airflow/.local/lib/python3.8/site-packages/airflow/example_dags/example_short_circuit_decorator.py took 0.109 seconds
[2023-09-01T14:54:26.089+0000] {processor.py:157} INFO - Started process (PID=501) to work on /home/airflow/.local/lib/python3.8/site-packages/airflow/example_dags/example_short_circuit_decorator.py
[2023-09-01T14:54:26.090+0000] {processor.py:829} INFO - Processing file /home/airflow/.local/lib/python3.8/site-packages/airflow/example_dags/example_short_circuit_decorator.py for tasks to queue
[2023-09-01T14:54:26.093+0000] {logging_mixin.py:151} INFO - [2023-09-01T14:54:26.093+0000] {dagbag.py:539} INFO - Filling up the DagBag from /home/airflow/.local/lib/python3.8/site-packages/airflow/example_dags/example_short_circuit_decorator.py
[2023-09-01T14:54:26.106+0000] {processor.py:839} INFO - DAG(s) dict_keys(['example_short_circuit_decorator']) retrieved from /home/airflow/.local/lib/python3.8/site-packages/airflow/example_dags/example_short_circuit_decorator.py
[2023-09-01T14:54:26.133+0000] {logging_mixin.py:151} INFO - [2023-09-01T14:54:26.133+0000] {dag.py:2907} INFO - Sync 1 DAGs
[2023-09-01T14:54:26.157+0000] {logging_mixin.py:151} INFO - [2023-09-01T14:54:26.157+0000] {dag.py:3677} INFO - Setting next_dagrun for example_short_circuit_decorator to 2023-08-31T14:54:26.156779+00:00, run_after=2023-09-01T14:54:26.156779+00:00
[2023-09-01T14:54:26.176+0000] {processor.py:179} INFO - Processing /home/airflow/.local/lib/python3.8/site-packages/airflow/example_dags/example_short_circuit_decorator.py took 0.092 seconds
[2023-09-01T14:54:56.247+0000] {processor.py:157} INFO - Started process (PID=555) to work on /home/airflow/.local/lib/python3.8/site-packages/airflow/example_dags/example_short_circuit_decorator.py
[2023-09-01T14:54:56.249+0000] {processor.py:829} INFO - Processing file /home/airflow/.local/lib/python3.8/site-packages/airflow/example_dags/example_short_circuit_decorator.py for tasks to queue
[2023-09-01T14:54:56.252+0000] {logging_mixin.py:151} INFO - [2023-09-01T14:54:56.252+0000] {dagbag.py:539} INFO - Filling up the DagBag from /home/airflow/.local/lib/python3.8/site-packages/airflow/example_dags/example_short_circuit_decorator.py
[2023-09-01T14:54:56.265+0000] {processor.py:839} INFO - DAG(s) dict_keys(['example_short_circuit_decorator']) retrieved from /home/airflow/.local/lib/python3.8/site-packages/airflow/example_dags/example_short_circuit_decorator.py
[2023-09-01T14:54:56.297+0000] {logging_mixin.py:151} INFO - [2023-09-01T14:54:56.297+0000] {dag.py:2907} INFO - Sync 1 DAGs
[2023-09-01T14:54:56.321+0000] {logging_mixin.py:151} INFO - [2023-09-01T14:54:56.321+0000] {dag.py:3677} INFO - Setting next_dagrun for example_short_circuit_decorator to 2023-08-31T14:54:56.321017+00:00, run_after=2023-09-01T14:54:56.321017+00:00
[2023-09-01T14:54:56.340+0000] {processor.py:179} INFO - Processing /home/airflow/.local/lib/python3.8/site-packages/airflow/example_dags/example_short_circuit_decorator.py took 0.098 seconds
[2023-09-01T14:55:27.230+0000] {processor.py:157} INFO - Started process (PID=609) to work on /home/airflow/.local/lib/python3.8/site-packages/airflow/example_dags/example_short_circuit_decorator.py
[2023-09-01T14:55:27.232+0000] {processor.py:829} INFO - Processing file /home/airflow/.local/lib/python3.8/site-packages/airflow/example_dags/example_short_circuit_decorator.py for tasks to queue
[2023-09-01T14:55:27.236+0000] {logging_mixin.py:151} INFO - [2023-09-01T14:55:27.235+0000] {dagbag.py:539} INFO - Filling up the DagBag from /home/airflow/.local/lib/python3.8/site-packages/airflow/example_dags/example_short_circuit_decorator.py
[2023-09-01T14:55:27.251+0000] {processor.py:839} INFO - DAG(s) dict_keys(['example_short_circuit_decorator']) retrieved from /home/airflow/.local/lib/python3.8/site-packages/airflow/example_dags/example_short_circuit_decorator.py
[2023-09-01T14:55:27.283+0000] {logging_mixin.py:151} INFO - [2023-09-01T14:55:27.283+0000] {dag.py:2907} INFO - Sync 1 DAGs
[2023-09-01T14:55:27.317+0000] {logging_mixin.py:151} INFO - [2023-09-01T14:55:27.316+0000] {dag.py:3677} INFO - Setting next_dagrun for example_short_circuit_decorator to 2023-08-31T14:55:27.316479+00:00, run_after=2023-09-01T14:55:27.316479+00:00
[2023-09-01T14:55:27.340+0000] {processor.py:179} INFO - Processing /home/airflow/.local/lib/python3.8/site-packages/airflow/example_dags/example_short_circuit_decorator.py took 0.116 seconds
[2023-09-01T14:55:57.812+0000] {processor.py:157} INFO - Started process (PID=663) to work on /home/airflow/.local/lib/python3.8/site-packages/airflow/example_dags/example_short_circuit_decorator.py
[2023-09-01T14:55:57.813+0000] {processor.py:829} INFO - Processing file /home/airflow/.local/lib/python3.8/site-packages/airflow/example_dags/example_short_circuit_decorator.py for tasks to queue
[2023-09-01T14:55:57.816+0000] {logging_mixin.py:151} INFO - [2023-09-01T14:55:57.816+0000] {dagbag.py:539} INFO - Filling up the DagBag from /home/airflow/.local/lib/python3.8/site-packages/airflow/example_dags/example_short_circuit_decorator.py
[2023-09-01T14:55:57.827+0000] {processor.py:839} INFO - DAG(s) dict_keys(['example_short_circuit_decorator']) retrieved from /home/airflow/.local/lib/python3.8/site-packages/airflow/example_dags/example_short_circuit_decorator.py
[2023-09-01T14:55:57.854+0000] {logging_mixin.py:151} INFO - [2023-09-01T14:55:57.854+0000] {dag.py:2907} INFO - Sync 1 DAGs
[2023-09-01T14:55:57.881+0000] {logging_mixin.py:151} INFO - [2023-09-01T14:55:57.881+0000] {dag.py:3677} INFO - Setting next_dagrun for example_short_circuit_decorator to 2023-08-31T14:55:57.880663+00:00, run_after=2023-09-01T14:55:57.880663+00:00
[2023-09-01T14:55:57.902+0000] {processor.py:179} INFO - Processing /home/airflow/.local/lib/python3.8/site-packages/airflow/example_dags/example_short_circuit_decorator.py took 0.094 seconds
[2023-09-01T14:56:28.629+0000] {processor.py:157} INFO - Started process (PID=717) to work on /home/airflow/.local/lib/python3.8/site-packages/airflow/example_dags/example_short_circuit_decorator.py
[2023-09-01T14:56:28.630+0000] {processor.py:829} INFO - Processing file /home/airflow/.local/lib/python3.8/site-packages/airflow/example_dags/example_short_circuit_decorator.py for tasks to queue
[2023-09-01T14:56:28.634+0000] {logging_mixin.py:151} INFO - [2023-09-01T14:56:28.633+0000] {dagbag.py:539} INFO - Filling up the DagBag from /home/airflow/.local/lib/python3.8/site-packages/airflow/example_dags/example_short_circuit_decorator.py
[2023-09-01T14:56:28.647+0000] {processor.py:839} INFO - DAG(s) dict_keys(['example_short_circuit_decorator']) retrieved from /home/airflow/.local/lib/python3.8/site-packages/airflow/example_dags/example_short_circuit_decorator.py
[2023-09-01T14:56:28.678+0000] {logging_mixin.py:151} INFO - [2023-09-01T14:56:28.677+0000] {dag.py:2907} INFO - Sync 1 DAGs
[2023-09-01T14:56:28.702+0000] {logging_mixin.py:151} INFO - [2023-09-01T14:56:28.702+0000] {dag.py:3677} INFO - Setting next_dagrun for example_short_circuit_decorator to 2023-08-31T14:56:28.702393+00:00, run_after=2023-09-01T14:56:28.702393+00:00
[2023-09-01T14:56:28.722+0000] {processor.py:179} INFO - Processing /home/airflow/.local/lib/python3.8/site-packages/airflow/example_dags/example_short_circuit_decorator.py took 0.098 seconds
[2023-09-01T14:56:59.409+0000] {processor.py:157} INFO - Started process (PID=771) to work on /home/airflow/.local/lib/python3.8/site-packages/airflow/example_dags/example_short_circuit_decorator.py
[2023-09-01T14:56:59.411+0000] {processor.py:829} INFO - Processing file /home/airflow/.local/lib/python3.8/site-packages/airflow/example_dags/example_short_circuit_decorator.py for tasks to queue
[2023-09-01T14:56:59.414+0000] {logging_mixin.py:151} INFO - [2023-09-01T14:56:59.414+0000] {dagbag.py:539} INFO - Filling up the DagBag from /home/airflow/.local/lib/python3.8/site-packages/airflow/example_dags/example_short_circuit_decorator.py
[2023-09-01T14:56:59.427+0000] {processor.py:839} INFO - DAG(s) dict_keys(['example_short_circuit_decorator']) retrieved from /home/airflow/.local/lib/python3.8/site-packages/airflow/example_dags/example_short_circuit_decorator.py
[2023-09-01T14:56:59.456+0000] {logging_mixin.py:151} INFO - [2023-09-01T14:56:59.456+0000] {dag.py:2907} INFO - Sync 1 DAGs
[2023-09-01T14:56:59.480+0000] {logging_mixin.py:151} INFO - [2023-09-01T14:56:59.480+0000] {dag.py:3677} INFO - Setting next_dagrun for example_short_circuit_decorator to 2023-08-31T14:56:59.479906+00:00, run_after=2023-09-01T14:56:59.479906+00:00
[2023-09-01T14:56:59.499+0000] {processor.py:179} INFO - Processing /home/airflow/.local/lib/python3.8/site-packages/airflow/example_dags/example_short_circuit_decorator.py took 0.095 seconds
[2023-09-01T14:57:30.240+0000] {processor.py:157} INFO - Started process (PID=825) to work on /home/airflow/.local/lib/python3.8/site-packages/airflow/example_dags/example_short_circuit_decorator.py
[2023-09-01T14:57:30.242+0000] {processor.py:829} INFO - Processing file /home/airflow/.local/lib/python3.8/site-packages/airflow/example_dags/example_short_circuit_decorator.py for tasks to queue
[2023-09-01T14:57:30.245+0000] {logging_mixin.py:151} INFO - [2023-09-01T14:57:30.245+0000] {dagbag.py:539} INFO - Filling up the DagBag from /home/airflow/.local/lib/python3.8/site-packages/airflow/example_dags/example_short_circuit_decorator.py
[2023-09-01T14:57:30.257+0000] {processor.py:839} INFO - DAG(s) dict_keys(['example_short_circuit_decorator']) retrieved from /home/airflow/.local/lib/python3.8/site-packages/airflow/example_dags/example_short_circuit_decorator.py
[2023-09-01T14:57:30.284+0000] {logging_mixin.py:151} INFO - [2023-09-01T14:57:30.283+0000] {dag.py:2907} INFO - Sync 1 DAGs
[2023-09-01T14:57:30.305+0000] {logging_mixin.py:151} INFO - [2023-09-01T14:57:30.305+0000] {dag.py:3677} INFO - Setting next_dagrun for example_short_circuit_decorator to 2023-08-31T14:57:30.305241+00:00, run_after=2023-09-01T14:57:30.305241+00:00
[2023-09-01T14:57:30.321+0000] {processor.py:179} INFO - Processing /home/airflow/.local/lib/python3.8/site-packages/airflow/example_dags/example_short_circuit_decorator.py took 0.087 seconds
[2023-09-01T14:58:00.977+0000] {processor.py:157} INFO - Started process (PID=879) to work on /home/airflow/.local/lib/python3.8/site-packages/airflow/example_dags/example_short_circuit_decorator.py
[2023-09-01T14:58:00.979+0000] {processor.py:829} INFO - Processing file /home/airflow/.local/lib/python3.8/site-packages/airflow/example_dags/example_short_circuit_decorator.py for tasks to queue
[2023-09-01T14:58:00.982+0000] {logging_mixin.py:151} INFO - [2023-09-01T14:58:00.982+0000] {dagbag.py:539} INFO - Filling up the DagBag from /home/airflow/.local/lib/python3.8/site-packages/airflow/example_dags/example_short_circuit_decorator.py
[2023-09-01T14:58:00.995+0000] {processor.py:839} INFO - DAG(s) dict_keys(['example_short_circuit_decorator']) retrieved from /home/airflow/.local/lib/python3.8/site-packages/airflow/example_dags/example_short_circuit_decorator.py
[2023-09-01T14:58:01.022+0000] {logging_mixin.py:151} INFO - [2023-09-01T14:58:01.022+0000] {dag.py:2907} INFO - Sync 1 DAGs
[2023-09-01T14:58:01.046+0000] {logging_mixin.py:151} INFO - [2023-09-01T14:58:01.045+0000] {dag.py:3677} INFO - Setting next_dagrun for example_short_circuit_decorator to 2023-08-31T14:58:01.045656+00:00, run_after=2023-09-01T14:58:01.045656+00:00
[2023-09-01T14:58:01.065+0000] {processor.py:179} INFO - Processing /home/airflow/.local/lib/python3.8/site-packages/airflow/example_dags/example_short_circuit_decorator.py took 0.092 seconds
[2023-09-01T14:58:31.843+0000] {processor.py:157} INFO - Started process (PID=933) to work on /home/airflow/.local/lib/python3.8/site-packages/airflow/example_dags/example_short_circuit_decorator.py
[2023-09-01T14:58:31.845+0000] {processor.py:829} INFO - Processing file /home/airflow/.local/lib/python3.8/site-packages/airflow/example_dags/example_short_circuit_decorator.py for tasks to queue
[2023-09-01T14:58:31.848+0000] {logging_mixin.py:151} INFO - [2023-09-01T14:58:31.848+0000] {dagbag.py:539} INFO - Filling up the DagBag from /home/airflow/.local/lib/python3.8/site-packages/airflow/example_dags/example_short_circuit_decorator.py
[2023-09-01T14:58:31.861+0000] {processor.py:839} INFO - DAG(s) dict_keys(['example_short_circuit_decorator']) retrieved from /home/airflow/.local/lib/python3.8/site-packages/airflow/example_dags/example_short_circuit_decorator.py
[2023-09-01T14:58:31.893+0000] {logging_mixin.py:151} INFO - [2023-09-01T14:58:31.892+0000] {dag.py:2907} INFO - Sync 1 DAGs
[2023-09-01T14:58:31.918+0000] {logging_mixin.py:151} INFO - [2023-09-01T14:58:31.917+0000] {dag.py:3677} INFO - Setting next_dagrun for example_short_circuit_decorator to 2023-08-31T14:58:31.917628+00:00, run_after=2023-09-01T14:58:31.917628+00:00
[2023-09-01T14:58:31.937+0000] {processor.py:179} INFO - Processing /home/airflow/.local/lib/python3.8/site-packages/airflow/example_dags/example_short_circuit_decorator.py took 0.098 seconds
[2023-09-01T14:59:02.661+0000] {processor.py:157} INFO - Started process (PID=987) to work on /home/airflow/.local/lib/python3.8/site-packages/airflow/example_dags/example_short_circuit_decorator.py
[2023-09-01T14:59:02.662+0000] {processor.py:829} INFO - Processing file /home/airflow/.local/lib/python3.8/site-packages/airflow/example_dags/example_short_circuit_decorator.py for tasks to queue
[2023-09-01T14:59:02.664+0000] {logging_mixin.py:151} INFO - [2023-09-01T14:59:02.664+0000] {dagbag.py:539} INFO - Filling up the DagBag from /home/airflow/.local/lib/python3.8/site-packages/airflow/example_dags/example_short_circuit_decorator.py
[2023-09-01T14:59:02.674+0000] {processor.py:839} INFO - DAG(s) dict_keys(['example_short_circuit_decorator']) retrieved from /home/airflow/.local/lib/python3.8/site-packages/airflow/example_dags/example_short_circuit_decorator.py
[2023-09-01T14:59:02.700+0000] {logging_mixin.py:151} INFO - [2023-09-01T14:59:02.700+0000] {dag.py:2907} INFO - Sync 1 DAGs
[2023-09-01T14:59:02.726+0000] {logging_mixin.py:151} INFO - [2023-09-01T14:59:02.725+0000] {dag.py:3677} INFO - Setting next_dagrun for example_short_circuit_decorator to 2023-08-31T14:59:02.725557+00:00, run_after=2023-09-01T14:59:02.725557+00:00
[2023-09-01T14:59:02.747+0000] {processor.py:179} INFO - Processing /home/airflow/.local/lib/python3.8/site-packages/airflow/example_dags/example_short_circuit_decorator.py took 0.090 seconds
[2023-09-01T14:59:33.172+0000] {processor.py:157} INFO - Started process (PID=1041) to work on /home/airflow/.local/lib/python3.8/site-packages/airflow/example_dags/example_short_circuit_decorator.py
[2023-09-01T14:59:33.174+0000] {processor.py:829} INFO - Processing file /home/airflow/.local/lib/python3.8/site-packages/airflow/example_dags/example_short_circuit_decorator.py for tasks to queue
[2023-09-01T14:59:33.178+0000] {logging_mixin.py:151} INFO - [2023-09-01T14:59:33.178+0000] {dagbag.py:539} INFO - Filling up the DagBag from /home/airflow/.local/lib/python3.8/site-packages/airflow/example_dags/example_short_circuit_decorator.py
[2023-09-01T14:59:33.197+0000] {processor.py:839} INFO - DAG(s) dict_keys(['example_short_circuit_decorator']) retrieved from /home/airflow/.local/lib/python3.8/site-packages/airflow/example_dags/example_short_circuit_decorator.py
[2023-09-01T14:59:33.233+0000] {logging_mixin.py:151} INFO - [2023-09-01T14:59:33.233+0000] {dag.py:2907} INFO - Sync 1 DAGs
[2023-09-01T14:59:33.263+0000] {logging_mixin.py:151} INFO - [2023-09-01T14:59:33.262+0000] {dag.py:3677} INFO - Setting next_dagrun for example_short_circuit_decorator to 2023-08-31T14:59:33.262491+00:00, run_after=2023-09-01T14:59:33.262491+00:00
[2023-09-01T14:59:33.283+0000] {processor.py:179} INFO - Processing /home/airflow/.local/lib/python3.8/site-packages/airflow/example_dags/example_short_circuit_decorator.py took 0.119 seconds
[2023-09-01T15:00:04.147+0000] {processor.py:157} INFO - Started process (PID=1095) to work on /home/airflow/.local/lib/python3.8/site-packages/airflow/example_dags/example_short_circuit_decorator.py
[2023-09-01T15:00:04.148+0000] {processor.py:829} INFO - Processing file /home/airflow/.local/lib/python3.8/site-packages/airflow/example_dags/example_short_circuit_decorator.py for tasks to queue
[2023-09-01T15:00:04.151+0000] {logging_mixin.py:151} INFO - [2023-09-01T15:00:04.150+0000] {dagbag.py:539} INFO - Filling up the DagBag from /home/airflow/.local/lib/python3.8/site-packages/airflow/example_dags/example_short_circuit_decorator.py
[2023-09-01T15:00:04.162+0000] {processor.py:839} INFO - DAG(s) dict_keys(['example_short_circuit_decorator']) retrieved from /home/airflow/.local/lib/python3.8/site-packages/airflow/example_dags/example_short_circuit_decorator.py
[2023-09-01T15:00:04.188+0000] {logging_mixin.py:151} INFO - [2023-09-01T15:00:04.188+0000] {dag.py:2907} INFO - Sync 1 DAGs
[2023-09-01T15:00:04.212+0000] {logging_mixin.py:151} INFO - [2023-09-01T15:00:04.212+0000] {dag.py:3677} INFO - Setting next_dagrun for example_short_circuit_decorator to 2023-08-31T15:00:04.211826+00:00, run_after=2023-09-01T15:00:04.211826+00:00
[2023-09-01T15:00:04.232+0000] {processor.py:179} INFO - Processing /home/airflow/.local/lib/python3.8/site-packages/airflow/example_dags/example_short_circuit_decorator.py took 0.090 seconds
[2023-09-01T15:00:34.936+0000] {processor.py:157} INFO - Started process (PID=1149) to work on /home/airflow/.local/lib/python3.8/site-packages/airflow/example_dags/example_short_circuit_decorator.py
[2023-09-01T15:00:34.937+0000] {processor.py:829} INFO - Processing file /home/airflow/.local/lib/python3.8/site-packages/airflow/example_dags/example_short_circuit_decorator.py for tasks to queue
[2023-09-01T15:00:34.941+0000] {logging_mixin.py:151} INFO - [2023-09-01T15:00:34.940+0000] {dagbag.py:539} INFO - Filling up the DagBag from /home/airflow/.local/lib/python3.8/site-packages/airflow/example_dags/example_short_circuit_decorator.py
[2023-09-01T15:00:34.952+0000] {processor.py:839} INFO - DAG(s) dict_keys(['example_short_circuit_decorator']) retrieved from /home/airflow/.local/lib/python3.8/site-packages/airflow/example_dags/example_short_circuit_decorator.py
[2023-09-01T15:00:34.983+0000] {logging_mixin.py:151} INFO - [2023-09-01T15:00:34.983+0000] {dag.py:2907} INFO - Sync 1 DAGs
[2023-09-01T15:00:35.015+0000] {logging_mixin.py:151} INFO - [2023-09-01T15:00:35.015+0000] {dag.py:3677} INFO - Setting next_dagrun for example_short_circuit_decorator to 2023-08-31T15:00:35.015009+00:00, run_after=2023-09-01T15:00:35.015009+00:00
[2023-09-01T15:00:35.040+0000] {processor.py:179} INFO - Processing /home/airflow/.local/lib/python3.8/site-packages/airflow/example_dags/example_short_circuit_decorator.py took 0.108 seconds
[2023-09-01T15:01:05.572+0000] {processor.py:157} INFO - Started process (PID=1203) to work on /home/airflow/.local/lib/python3.8/site-packages/airflow/example_dags/example_short_circuit_decorator.py
[2023-09-01T15:01:05.574+0000] {processor.py:829} INFO - Processing file /home/airflow/.local/lib/python3.8/site-packages/airflow/example_dags/example_short_circuit_decorator.py for tasks to queue
[2023-09-01T15:01:05.577+0000] {logging_mixin.py:151} INFO - [2023-09-01T15:01:05.577+0000] {dagbag.py:539} INFO - Filling up the DagBag from /home/airflow/.local/lib/python3.8/site-packages/airflow/example_dags/example_short_circuit_decorator.py
[2023-09-01T15:01:05.591+0000] {processor.py:839} INFO - DAG(s) dict_keys(['example_short_circuit_decorator']) retrieved from /home/airflow/.local/lib/python3.8/site-packages/airflow/example_dags/example_short_circuit_decorator.py
[2023-09-01T15:01:05.621+0000] {logging_mixin.py:151} INFO - [2023-09-01T15:01:05.621+0000] {dag.py:2907} INFO - Sync 1 DAGs
[2023-09-01T15:01:05.645+0000] {logging_mixin.py:151} INFO - [2023-09-01T15:01:05.644+0000] {dag.py:3677} INFO - Setting next_dagrun for example_short_circuit_decorator to 2023-08-31T15:01:05.644556+00:00, run_after=2023-09-01T15:01:05.644556+00:00
[2023-09-01T15:01:05.663+0000] {processor.py:179} INFO - Processing /home/airflow/.local/lib/python3.8/site-packages/airflow/example_dags/example_short_circuit_decorator.py took 0.096 seconds
[2023-09-01T15:01:36.397+0000] {processor.py:157} INFO - Started process (PID=1257) to work on /home/airflow/.local/lib/python3.8/site-packages/airflow/example_dags/example_short_circuit_decorator.py
[2023-09-01T15:01:36.398+0000] {processor.py:829} INFO - Processing file /home/airflow/.local/lib/python3.8/site-packages/airflow/example_dags/example_short_circuit_decorator.py for tasks to queue
[2023-09-01T15:01:36.402+0000] {logging_mixin.py:151} INFO - [2023-09-01T15:01:36.402+0000] {dagbag.py:539} INFO - Filling up the DagBag from /home/airflow/.local/lib/python3.8/site-packages/airflow/example_dags/example_short_circuit_decorator.py
[2023-09-01T15:01:36.415+0000] {processor.py:839} INFO - DAG(s) dict_keys(['example_short_circuit_decorator']) retrieved from /home/airflow/.local/lib/python3.8/site-packages/airflow/example_dags/example_short_circuit_decorator.py
[2023-09-01T15:01:36.448+0000] {logging_mixin.py:151} INFO - [2023-09-01T15:01:36.447+0000] {dag.py:2907} INFO - Sync 1 DAGs
[2023-09-01T15:01:36.477+0000] {logging_mixin.py:151} INFO - [2023-09-01T15:01:36.477+0000] {dag.py:3677} INFO - Setting next_dagrun for example_short_circuit_decorator to 2023-08-31T15:01:36.476747+00:00, run_after=2023-09-01T15:01:36.476747+00:00
[2023-09-01T15:01:36.500+0000] {processor.py:179} INFO - Processing /home/airflow/.local/lib/python3.8/site-packages/airflow/example_dags/example_short_circuit_decorator.py took 0.109 seconds
[2023-09-01T15:02:07.056+0000] {processor.py:157} INFO - Started process (PID=1311) to work on /home/airflow/.local/lib/python3.8/site-packages/airflow/example_dags/example_short_circuit_decorator.py
[2023-09-01T15:02:07.058+0000] {processor.py:829} INFO - Processing file /home/airflow/.local/lib/python3.8/site-packages/airflow/example_dags/example_short_circuit_decorator.py for tasks to queue
[2023-09-01T15:02:07.062+0000] {logging_mixin.py:151} INFO - [2023-09-01T15:02:07.062+0000] {dagbag.py:539} INFO - Filling up the DagBag from /home/airflow/.local/lib/python3.8/site-packages/airflow/example_dags/example_short_circuit_decorator.py
[2023-09-01T15:02:07.077+0000] {processor.py:839} INFO - DAG(s) dict_keys(['example_short_circuit_decorator']) retrieved from /home/airflow/.local/lib/python3.8/site-packages/airflow/example_dags/example_short_circuit_decorator.py
[2023-09-01T15:02:07.116+0000] {logging_mixin.py:151} INFO - [2023-09-01T15:02:07.116+0000] {dag.py:2907} INFO - Sync 1 DAGs
[2023-09-01T15:02:07.154+0000] {logging_mixin.py:151} INFO - [2023-09-01T15:02:07.153+0000] {dag.py:3677} INFO - Setting next_dagrun for example_short_circuit_decorator to 2023-08-31T15:02:07.153543+00:00, run_after=2023-09-01T15:02:07.153543+00:00
[2023-09-01T15:02:07.186+0000] {processor.py:179} INFO - Processing /home/airflow/.local/lib/python3.8/site-packages/airflow/example_dags/example_short_circuit_decorator.py took 0.136 seconds
[2023-09-01T15:02:37.364+0000] {processor.py:157} INFO - Started process (PID=1365) to work on /home/airflow/.local/lib/python3.8/site-packages/airflow/example_dags/example_short_circuit_decorator.py
[2023-09-01T15:02:37.366+0000] {processor.py:829} INFO - Processing file /home/airflow/.local/lib/python3.8/site-packages/airflow/example_dags/example_short_circuit_decorator.py for tasks to queue
[2023-09-01T15:02:37.369+0000] {logging_mixin.py:151} INFO - [2023-09-01T15:02:37.369+0000] {dagbag.py:539} INFO - Filling up the DagBag from /home/airflow/.local/lib/python3.8/site-packages/airflow/example_dags/example_short_circuit_decorator.py
[2023-09-01T15:02:37.385+0000] {processor.py:839} INFO - DAG(s) dict_keys(['example_short_circuit_decorator']) retrieved from /home/airflow/.local/lib/python3.8/site-packages/airflow/example_dags/example_short_circuit_decorator.py
[2023-09-01T15:02:37.423+0000] {logging_mixin.py:151} INFO - [2023-09-01T15:02:37.422+0000] {dag.py:2907} INFO - Sync 1 DAGs
[2023-09-01T15:02:37.456+0000] {logging_mixin.py:151} INFO - [2023-09-01T15:02:37.456+0000] {dag.py:3677} INFO - Setting next_dagrun for example_short_circuit_decorator to 2023-08-31T15:02:37.455683+00:00, run_after=2023-09-01T15:02:37.455683+00:00
[2023-09-01T15:02:37.487+0000] {processor.py:179} INFO - Processing /home/airflow/.local/lib/python3.8/site-packages/airflow/example_dags/example_short_circuit_decorator.py took 0.128 seconds
[2023-09-01T15:03:07.534+0000] {processor.py:157} INFO - Started process (PID=1419) to work on /home/airflow/.local/lib/python3.8/site-packages/airflow/example_dags/example_short_circuit_decorator.py
[2023-09-01T15:03:07.535+0000] {processor.py:829} INFO - Processing file /home/airflow/.local/lib/python3.8/site-packages/airflow/example_dags/example_short_circuit_decorator.py for tasks to queue
[2023-09-01T15:03:07.540+0000] {logging_mixin.py:151} INFO - [2023-09-01T15:03:07.539+0000] {dagbag.py:539} INFO - Filling up the DagBag from /home/airflow/.local/lib/python3.8/site-packages/airflow/example_dags/example_short_circuit_decorator.py
[2023-09-01T15:03:07.555+0000] {processor.py:839} INFO - DAG(s) dict_keys(['example_short_circuit_decorator']) retrieved from /home/airflow/.local/lib/python3.8/site-packages/airflow/example_dags/example_short_circuit_decorator.py
[2023-09-01T15:03:07.591+0000] {logging_mixin.py:151} INFO - [2023-09-01T15:03:07.590+0000] {dag.py:2907} INFO - Sync 1 DAGs
[2023-09-01T15:03:07.623+0000] {logging_mixin.py:151} INFO - [2023-09-01T15:03:07.623+0000] {dag.py:3677} INFO - Setting next_dagrun for example_short_circuit_decorator to 2023-08-31T15:03:07.623051+00:00, run_after=2023-09-01T15:03:07.623051+00:00
[2023-09-01T15:03:07.651+0000] {processor.py:179} INFO - Processing /home/airflow/.local/lib/python3.8/site-packages/airflow/example_dags/example_short_circuit_decorator.py took 0.122 seconds
[2023-09-01T15:03:37.921+0000] {processor.py:157} INFO - Started process (PID=1473) to work on /home/airflow/.local/lib/python3.8/site-packages/airflow/example_dags/example_short_circuit_decorator.py
[2023-09-01T15:03:37.923+0000] {processor.py:829} INFO - Processing file /home/airflow/.local/lib/python3.8/site-packages/airflow/example_dags/example_short_circuit_decorator.py for tasks to queue
[2023-09-01T15:03:37.926+0000] {logging_mixin.py:151} INFO - [2023-09-01T15:03:37.926+0000] {dagbag.py:539} INFO - Filling up the DagBag from /home/airflow/.local/lib/python3.8/site-packages/airflow/example_dags/example_short_circuit_decorator.py
[2023-09-01T15:03:37.940+0000] {processor.py:839} INFO - DAG(s) dict_keys(['example_short_circuit_decorator']) retrieved from /home/airflow/.local/lib/python3.8/site-packages/airflow/example_dags/example_short_circuit_decorator.py
[2023-09-01T15:03:37.974+0000] {logging_mixin.py:151} INFO - [2023-09-01T15:03:37.974+0000] {dag.py:2907} INFO - Sync 1 DAGs
[2023-09-01T15:03:38.003+0000] {logging_mixin.py:151} INFO - [2023-09-01T15:03:38.003+0000] {dag.py:3677} INFO - Setting next_dagrun for example_short_circuit_decorator to 2023-08-31T15:03:38.002926+00:00, run_after=2023-09-01T15:03:38.002926+00:00
[2023-09-01T15:03:38.027+0000] {processor.py:179} INFO - Processing /home/airflow/.local/lib/python3.8/site-packages/airflow/example_dags/example_short_circuit_decorator.py took 0.111 seconds
[2023-09-01T15:04:08.122+0000] {processor.py:157} INFO - Started process (PID=1527) to work on /home/airflow/.local/lib/python3.8/site-packages/airflow/example_dags/example_short_circuit_decorator.py
[2023-09-01T15:04:08.124+0000] {processor.py:829} INFO - Processing file /home/airflow/.local/lib/python3.8/site-packages/airflow/example_dags/example_short_circuit_decorator.py for tasks to queue
[2023-09-01T15:04:08.128+0000] {logging_mixin.py:151} INFO - [2023-09-01T15:04:08.127+0000] {dagbag.py:539} INFO - Filling up the DagBag from /home/airflow/.local/lib/python3.8/site-packages/airflow/example_dags/example_short_circuit_decorator.py
[2023-09-01T15:04:08.143+0000] {processor.py:839} INFO - DAG(s) dict_keys(['example_short_circuit_decorator']) retrieved from /home/airflow/.local/lib/python3.8/site-packages/airflow/example_dags/example_short_circuit_decorator.py
[2023-09-01T15:04:08.178+0000] {logging_mixin.py:151} INFO - [2023-09-01T15:04:08.178+0000] {dag.py:2907} INFO - Sync 1 DAGs
[2023-09-01T15:04:08.212+0000] {logging_mixin.py:151} INFO - [2023-09-01T15:04:08.212+0000] {dag.py:3677} INFO - Setting next_dagrun for example_short_circuit_decorator to 2023-08-31T15:04:08.211574+00:00, run_after=2023-09-01T15:04:08.211574+00:00
[2023-09-01T15:04:08.242+0000] {processor.py:179} INFO - Processing /home/airflow/.local/lib/python3.8/site-packages/airflow/example_dags/example_short_circuit_decorator.py took 0.126 seconds
[2023-09-01T15:04:38.429+0000] {processor.py:157} INFO - Started process (PID=1581) to work on /home/airflow/.local/lib/python3.8/site-packages/airflow/example_dags/example_short_circuit_decorator.py
[2023-09-01T15:04:38.431+0000] {processor.py:829} INFO - Processing file /home/airflow/.local/lib/python3.8/site-packages/airflow/example_dags/example_short_circuit_decorator.py for tasks to queue
[2023-09-01T15:04:38.433+0000] {logging_mixin.py:151} INFO - [2023-09-01T15:04:38.433+0000] {dagbag.py:539} INFO - Filling up the DagBag from /home/airflow/.local/lib/python3.8/site-packages/airflow/example_dags/example_short_circuit_decorator.py
[2023-09-01T15:04:38.444+0000] {processor.py:839} INFO - DAG(s) dict_keys(['example_short_circuit_decorator']) retrieved from /home/airflow/.local/lib/python3.8/site-packages/airflow/example_dags/example_short_circuit_decorator.py
[2023-09-01T15:04:38.471+0000] {logging_mixin.py:151} INFO - [2023-09-01T15:04:38.471+0000] {dag.py:2907} INFO - Sync 1 DAGs
[2023-09-01T15:04:38.493+0000] {logging_mixin.py:151} INFO - [2023-09-01T15:04:38.492+0000] {dag.py:3677} INFO - Setting next_dagrun for example_short_circuit_decorator to 2023-08-31T15:04:38.492554+00:00, run_after=2023-09-01T15:04:38.492554+00:00
[2023-09-01T15:04:38.512+0000] {processor.py:179} INFO - Processing /home/airflow/.local/lib/python3.8/site-packages/airflow/example_dags/example_short_circuit_decorator.py took 0.087 seconds
[2023-09-01T15:05:08.569+0000] {processor.py:157} INFO - Started process (PID=1636) to work on /home/airflow/.local/lib/python3.8/site-packages/airflow/example_dags/example_short_circuit_decorator.py
[2023-09-01T15:05:08.570+0000] {processor.py:829} INFO - Processing file /home/airflow/.local/lib/python3.8/site-packages/airflow/example_dags/example_short_circuit_decorator.py for tasks to queue
[2023-09-01T15:05:08.572+0000] {logging_mixin.py:151} INFO - [2023-09-01T15:05:08.572+0000] {dagbag.py:539} INFO - Filling up the DagBag from /home/airflow/.local/lib/python3.8/site-packages/airflow/example_dags/example_short_circuit_decorator.py
[2023-09-01T15:05:08.585+0000] {processor.py:839} INFO - DAG(s) dict_keys(['example_short_circuit_decorator']) retrieved from /home/airflow/.local/lib/python3.8/site-packages/airflow/example_dags/example_short_circuit_decorator.py
[2023-09-01T15:05:08.612+0000] {logging_mixin.py:151} INFO - [2023-09-01T15:05:08.611+0000] {dag.py:2907} INFO - Sync 1 DAGs
[2023-09-01T15:05:08.636+0000] {logging_mixin.py:151} INFO - [2023-09-01T15:05:08.636+0000] {dag.py:3677} INFO - Setting next_dagrun for example_short_circuit_decorator to 2023-08-31T15:05:08.636182+00:00, run_after=2023-09-01T15:05:08.636182+00:00
[2023-09-01T15:05:08.655+0000] {processor.py:179} INFO - Processing /home/airflow/.local/lib/python3.8/site-packages/airflow/example_dags/example_short_circuit_decorator.py took 0.092 seconds
[2023-09-01T15:05:38.885+0000] {processor.py:157} INFO - Started process (PID=1690) to work on /home/airflow/.local/lib/python3.8/site-packages/airflow/example_dags/example_short_circuit_decorator.py
[2023-09-01T15:05:38.886+0000] {processor.py:829} INFO - Processing file /home/airflow/.local/lib/python3.8/site-packages/airflow/example_dags/example_short_circuit_decorator.py for tasks to queue
[2023-09-01T15:05:38.889+0000] {logging_mixin.py:151} INFO - [2023-09-01T15:05:38.889+0000] {dagbag.py:539} INFO - Filling up the DagBag from /home/airflow/.local/lib/python3.8/site-packages/airflow/example_dags/example_short_circuit_decorator.py
[2023-09-01T15:05:38.901+0000] {processor.py:839} INFO - DAG(s) dict_keys(['example_short_circuit_decorator']) retrieved from /home/airflow/.local/lib/python3.8/site-packages/airflow/example_dags/example_short_circuit_decorator.py
[2023-09-01T15:05:38.927+0000] {logging_mixin.py:151} INFO - [2023-09-01T15:05:38.926+0000] {dag.py:2907} INFO - Sync 1 DAGs
[2023-09-01T15:05:38.948+0000] {logging_mixin.py:151} INFO - [2023-09-01T15:05:38.948+0000] {dag.py:3677} INFO - Setting next_dagrun for example_short_circuit_decorator to 2023-08-31T15:05:38.948252+00:00, run_after=2023-09-01T15:05:38.948252+00:00
[2023-09-01T15:05:38.968+0000] {processor.py:179} INFO - Processing /home/airflow/.local/lib/python3.8/site-packages/airflow/example_dags/example_short_circuit_decorator.py took 0.087 seconds
[2023-09-01T15:06:09.144+0000] {processor.py:157} INFO - Started process (PID=1744) to work on /home/airflow/.local/lib/python3.8/site-packages/airflow/example_dags/example_short_circuit_decorator.py
[2023-09-01T15:06:09.146+0000] {processor.py:829} INFO - Processing file /home/airflow/.local/lib/python3.8/site-packages/airflow/example_dags/example_short_circuit_decorator.py for tasks to queue
[2023-09-01T15:06:09.148+0000] {logging_mixin.py:151} INFO - [2023-09-01T15:06:09.148+0000] {dagbag.py:539} INFO - Filling up the DagBag from /home/airflow/.local/lib/python3.8/site-packages/airflow/example_dags/example_short_circuit_decorator.py
[2023-09-01T15:06:09.159+0000] {processor.py:839} INFO - DAG(s) dict_keys(['example_short_circuit_decorator']) retrieved from /home/airflow/.local/lib/python3.8/site-packages/airflow/example_dags/example_short_circuit_decorator.py
[2023-09-01T15:06:09.185+0000] {logging_mixin.py:151} INFO - [2023-09-01T15:06:09.185+0000] {dag.py:2907} INFO - Sync 1 DAGs
[2023-09-01T15:06:09.210+0000] {logging_mixin.py:151} INFO - [2023-09-01T15:06:09.209+0000] {dag.py:3677} INFO - Setting next_dagrun for example_short_circuit_decorator to 2023-08-31T15:06:09.209664+00:00, run_after=2023-09-01T15:06:09.209664+00:00
[2023-09-01T15:06:09.229+0000] {processor.py:179} INFO - Processing /home/airflow/.local/lib/python3.8/site-packages/airflow/example_dags/example_short_circuit_decorator.py took 0.089 seconds
[2023-09-01T15:06:39.338+0000] {processor.py:157} INFO - Started process (PID=1798) to work on /home/airflow/.local/lib/python3.8/site-packages/airflow/example_dags/example_short_circuit_decorator.py
[2023-09-01T15:06:39.339+0000] {processor.py:829} INFO - Processing file /home/airflow/.local/lib/python3.8/site-packages/airflow/example_dags/example_short_circuit_decorator.py for tasks to queue
[2023-09-01T15:06:39.342+0000] {logging_mixin.py:151} INFO - [2023-09-01T15:06:39.342+0000] {dagbag.py:539} INFO - Filling up the DagBag from /home/airflow/.local/lib/python3.8/site-packages/airflow/example_dags/example_short_circuit_decorator.py
[2023-09-01T15:06:39.353+0000] {processor.py:839} INFO - DAG(s) dict_keys(['example_short_circuit_decorator']) retrieved from /home/airflow/.local/lib/python3.8/site-packages/airflow/example_dags/example_short_circuit_decorator.py
[2023-09-01T15:06:39.379+0000] {logging_mixin.py:151} INFO - [2023-09-01T15:06:39.379+0000] {dag.py:2907} INFO - Sync 1 DAGs
[2023-09-01T15:06:39.402+0000] {logging_mixin.py:151} INFO - [2023-09-01T15:06:39.402+0000] {dag.py:3677} INFO - Setting next_dagrun for example_short_circuit_decorator to 2023-08-31T15:06:39.402340+00:00, run_after=2023-09-01T15:06:39.402340+00:00
[2023-09-01T15:06:39.421+0000] {processor.py:179} INFO - Processing /home/airflow/.local/lib/python3.8/site-packages/airflow/example_dags/example_short_circuit_decorator.py took 0.088 seconds
[2023-09-01T15:07:09.518+0000] {processor.py:157} INFO - Started process (PID=1852) to work on /home/airflow/.local/lib/python3.8/site-packages/airflow/example_dags/example_short_circuit_decorator.py
[2023-09-01T15:07:09.519+0000] {processor.py:829} INFO - Processing file /home/airflow/.local/lib/python3.8/site-packages/airflow/example_dags/example_short_circuit_decorator.py for tasks to queue
[2023-09-01T15:07:09.523+0000] {logging_mixin.py:151} INFO - [2023-09-01T15:07:09.523+0000] {dagbag.py:539} INFO - Filling up the DagBag from /home/airflow/.local/lib/python3.8/site-packages/airflow/example_dags/example_short_circuit_decorator.py
[2023-09-01T15:07:09.538+0000] {processor.py:839} INFO - DAG(s) dict_keys(['example_short_circuit_decorator']) retrieved from /home/airflow/.local/lib/python3.8/site-packages/airflow/example_dags/example_short_circuit_decorator.py
[2023-09-01T15:07:09.566+0000] {logging_mixin.py:151} INFO - [2023-09-01T15:07:09.566+0000] {dag.py:2907} INFO - Sync 1 DAGs
[2023-09-01T15:07:09.590+0000] {logging_mixin.py:151} INFO - [2023-09-01T15:07:09.590+0000] {dag.py:3677} INFO - Setting next_dagrun for example_short_circuit_decorator to 2023-08-31T15:07:09.590200+00:00, run_after=2023-09-01T15:07:09.590200+00:00
[2023-09-01T15:07:09.609+0000] {processor.py:179} INFO - Processing /home/airflow/.local/lib/python3.8/site-packages/airflow/example_dags/example_short_circuit_decorator.py took 0.098 seconds
[2023-09-01T15:07:39.687+0000] {processor.py:157} INFO - Started process (PID=1906) to work on /home/airflow/.local/lib/python3.8/site-packages/airflow/example_dags/example_short_circuit_decorator.py
[2023-09-01T15:07:39.688+0000] {processor.py:829} INFO - Processing file /home/airflow/.local/lib/python3.8/site-packages/airflow/example_dags/example_short_circuit_decorator.py for tasks to queue
[2023-09-01T15:07:39.692+0000] {logging_mixin.py:151} INFO - [2023-09-01T15:07:39.691+0000] {dagbag.py:539} INFO - Filling up the DagBag from /home/airflow/.local/lib/python3.8/site-packages/airflow/example_dags/example_short_circuit_decorator.py
[2023-09-01T15:07:39.705+0000] {processor.py:839} INFO - DAG(s) dict_keys(['example_short_circuit_decorator']) retrieved from /home/airflow/.local/lib/python3.8/site-packages/airflow/example_dags/example_short_circuit_decorator.py
[2023-09-01T15:07:39.736+0000] {logging_mixin.py:151} INFO - [2023-09-01T15:07:39.736+0000] {dag.py:2907} INFO - Sync 1 DAGs
[2023-09-01T15:07:39.760+0000] {logging_mixin.py:151} INFO - [2023-09-01T15:07:39.759+0000] {dag.py:3677} INFO - Setting next_dagrun for example_short_circuit_decorator to 2023-08-31T15:07:39.759574+00:00, run_after=2023-09-01T15:07:39.759574+00:00
[2023-09-01T15:07:39.780+0000] {processor.py:179} INFO - Processing /home/airflow/.local/lib/python3.8/site-packages/airflow/example_dags/example_short_circuit_decorator.py took 0.098 seconds
[2023-09-01T15:08:10.045+0000] {processor.py:157} INFO - Started process (PID=1960) to work on /home/airflow/.local/lib/python3.8/site-packages/airflow/example_dags/example_short_circuit_decorator.py
[2023-09-01T15:08:10.047+0000] {processor.py:829} INFO - Processing file /home/airflow/.local/lib/python3.8/site-packages/airflow/example_dags/example_short_circuit_decorator.py for tasks to queue
[2023-09-01T15:08:10.050+0000] {logging_mixin.py:151} INFO - [2023-09-01T15:08:10.050+0000] {dagbag.py:539} INFO - Filling up the DagBag from /home/airflow/.local/lib/python3.8/site-packages/airflow/example_dags/example_short_circuit_decorator.py
[2023-09-01T15:08:10.064+0000] {processor.py:839} INFO - DAG(s) dict_keys(['example_short_circuit_decorator']) retrieved from /home/airflow/.local/lib/python3.8/site-packages/airflow/example_dags/example_short_circuit_decorator.py
[2023-09-01T15:08:10.096+0000] {logging_mixin.py:151} INFO - [2023-09-01T15:08:10.096+0000] {dag.py:2907} INFO - Sync 1 DAGs
[2023-09-01T15:08:10.123+0000] {logging_mixin.py:151} INFO - [2023-09-01T15:08:10.123+0000] {dag.py:3677} INFO - Setting next_dagrun for example_short_circuit_decorator to 2023-08-31T15:08:10.122998+00:00, run_after=2023-09-01T15:08:10.122998+00:00
[2023-09-01T15:08:10.142+0000] {processor.py:179} INFO - Processing /home/airflow/.local/lib/python3.8/site-packages/airflow/example_dags/example_short_circuit_decorator.py took 0.102 seconds
[2023-09-01T15:08:40.368+0000] {processor.py:157} INFO - Started process (PID=2014) to work on /home/airflow/.local/lib/python3.8/site-packages/airflow/example_dags/example_short_circuit_decorator.py
[2023-09-01T15:08:40.369+0000] {processor.py:829} INFO - Processing file /home/airflow/.local/lib/python3.8/site-packages/airflow/example_dags/example_short_circuit_decorator.py for tasks to queue
[2023-09-01T15:08:40.372+0000] {logging_mixin.py:151} INFO - [2023-09-01T15:08:40.372+0000] {dagbag.py:539} INFO - Filling up the DagBag from /home/airflow/.local/lib/python3.8/site-packages/airflow/example_dags/example_short_circuit_decorator.py
[2023-09-01T15:08:40.386+0000] {processor.py:839} INFO - DAG(s) dict_keys(['example_short_circuit_decorator']) retrieved from /home/airflow/.local/lib/python3.8/site-packages/airflow/example_dags/example_short_circuit_decorator.py
[2023-09-01T15:08:40.417+0000] {logging_mixin.py:151} INFO - [2023-09-01T15:08:40.417+0000] {dag.py:2907} INFO - Sync 1 DAGs
[2023-09-01T15:08:40.440+0000] {logging_mixin.py:151} INFO - [2023-09-01T15:08:40.440+0000] {dag.py:3677} INFO - Setting next_dagrun for example_short_circuit_decorator to 2023-08-31T15:08:40.440288+00:00, run_after=2023-09-01T15:08:40.440288+00:00
[2023-09-01T15:08:40.459+0000] {processor.py:179} INFO - Processing /home/airflow/.local/lib/python3.8/site-packages/airflow/example_dags/example_short_circuit_decorator.py took 0.097 seconds
[2023-09-01T15:09:10.740+0000] {processor.py:157} INFO - Started process (PID=2068) to work on /home/airflow/.local/lib/python3.8/site-packages/airflow/example_dags/example_short_circuit_decorator.py
[2023-09-01T15:09:10.741+0000] {processor.py:829} INFO - Processing file /home/airflow/.local/lib/python3.8/site-packages/airflow/example_dags/example_short_circuit_decorator.py for tasks to queue
[2023-09-01T15:09:10.744+0000] {logging_mixin.py:151} INFO - [2023-09-01T15:09:10.743+0000] {dagbag.py:539} INFO - Filling up the DagBag from /home/airflow/.local/lib/python3.8/site-packages/airflow/example_dags/example_short_circuit_decorator.py
[2023-09-01T15:09:10.755+0000] {processor.py:839} INFO - DAG(s) dict_keys(['example_short_circuit_decorator']) retrieved from /home/airflow/.local/lib/python3.8/site-packages/airflow/example_dags/example_short_circuit_decorator.py
[2023-09-01T15:09:10.781+0000] {logging_mixin.py:151} INFO - [2023-09-01T15:09:10.781+0000] {dag.py:2907} INFO - Sync 1 DAGs
[2023-09-01T15:09:10.804+0000] {logging_mixin.py:151} INFO - [2023-09-01T15:09:10.804+0000] {dag.py:3677} INFO - Setting next_dagrun for example_short_circuit_decorator to 2023-08-31T15:09:10.803742+00:00, run_after=2023-09-01T15:09:10.803742+00:00
[2023-09-01T15:09:10.822+0000] {processor.py:179} INFO - Processing /home/airflow/.local/lib/python3.8/site-packages/airflow/example_dags/example_short_circuit_decorator.py took 0.087 seconds
[2023-09-01T15:09:40.876+0000] {processor.py:157} INFO - Started process (PID=2122) to work on /home/airflow/.local/lib/python3.8/site-packages/airflow/example_dags/example_short_circuit_decorator.py
[2023-09-01T15:09:40.878+0000] {processor.py:829} INFO - Processing file /home/airflow/.local/lib/python3.8/site-packages/airflow/example_dags/example_short_circuit_decorator.py for tasks to queue
[2023-09-01T15:09:40.881+0000] {logging_mixin.py:151} INFO - [2023-09-01T15:09:40.881+0000] {dagbag.py:539} INFO - Filling up the DagBag from /home/airflow/.local/lib/python3.8/site-packages/airflow/example_dags/example_short_circuit_decorator.py
[2023-09-01T15:09:40.894+0000] {processor.py:839} INFO - DAG(s) dict_keys(['example_short_circuit_decorator']) retrieved from /home/airflow/.local/lib/python3.8/site-packages/airflow/example_dags/example_short_circuit_decorator.py
[2023-09-01T15:09:40.926+0000] {logging_mixin.py:151} INFO - [2023-09-01T15:09:40.925+0000] {dag.py:2907} INFO - Sync 1 DAGs
[2023-09-01T15:09:40.952+0000] {logging_mixin.py:151} INFO - [2023-09-01T15:09:40.952+0000] {dag.py:3677} INFO - Setting next_dagrun for example_short_circuit_decorator to 2023-08-31T15:09:40.951927+00:00, run_after=2023-09-01T15:09:40.951927+00:00
[2023-09-01T15:09:40.972+0000] {processor.py:179} INFO - Processing /home/airflow/.local/lib/python3.8/site-packages/airflow/example_dags/example_short_circuit_decorator.py took 0.100 seconds
[2023-09-01T15:10:11.291+0000] {processor.py:157} INFO - Started process (PID=2176) to work on /home/airflow/.local/lib/python3.8/site-packages/airflow/example_dags/example_short_circuit_decorator.py
[2023-09-01T15:10:11.292+0000] {processor.py:829} INFO - Processing file /home/airflow/.local/lib/python3.8/site-packages/airflow/example_dags/example_short_circuit_decorator.py for tasks to queue
[2023-09-01T15:10:11.295+0000] {logging_mixin.py:151} INFO - [2023-09-01T15:10:11.295+0000] {dagbag.py:539} INFO - Filling up the DagBag from /home/airflow/.local/lib/python3.8/site-packages/airflow/example_dags/example_short_circuit_decorator.py
[2023-09-01T15:10:11.308+0000] {processor.py:839} INFO - DAG(s) dict_keys(['example_short_circuit_decorator']) retrieved from /home/airflow/.local/lib/python3.8/site-packages/airflow/example_dags/example_short_circuit_decorator.py
[2023-09-01T15:10:11.338+0000] {logging_mixin.py:151} INFO - [2023-09-01T15:10:11.338+0000] {dag.py:2907} INFO - Sync 1 DAGs
[2023-09-01T15:10:11.362+0000] {logging_mixin.py:151} INFO - [2023-09-01T15:10:11.362+0000] {dag.py:3677} INFO - Setting next_dagrun for example_short_circuit_decorator to 2023-08-31T15:10:11.362536+00:00, run_after=2023-09-01T15:10:11.362536+00:00
[2023-09-01T15:10:11.381+0000] {processor.py:179} INFO - Processing /home/airflow/.local/lib/python3.8/site-packages/airflow/example_dags/example_short_circuit_decorator.py took 0.095 seconds
[2023-09-01T15:10:41.745+0000] {processor.py:157} INFO - Started process (PID=2230) to work on /home/airflow/.local/lib/python3.8/site-packages/airflow/example_dags/example_short_circuit_decorator.py
[2023-09-01T15:10:41.747+0000] {processor.py:829} INFO - Processing file /home/airflow/.local/lib/python3.8/site-packages/airflow/example_dags/example_short_circuit_decorator.py for tasks to queue
[2023-09-01T15:10:41.750+0000] {logging_mixin.py:151} INFO - [2023-09-01T15:10:41.750+0000] {dagbag.py:539} INFO - Filling up the DagBag from /home/airflow/.local/lib/python3.8/site-packages/airflow/example_dags/example_short_circuit_decorator.py
[2023-09-01T15:10:41.763+0000] {processor.py:839} INFO - DAG(s) dict_keys(['example_short_circuit_decorator']) retrieved from /home/airflow/.local/lib/python3.8/site-packages/airflow/example_dags/example_short_circuit_decorator.py
[2023-09-01T15:10:41.793+0000] {logging_mixin.py:151} INFO - [2023-09-01T15:10:41.793+0000] {dag.py:2907} INFO - Sync 1 DAGs
[2023-09-01T15:10:41.817+0000] {logging_mixin.py:151} INFO - [2023-09-01T15:10:41.817+0000] {dag.py:3677} INFO - Setting next_dagrun for example_short_circuit_decorator to 2023-08-31T15:10:41.817125+00:00, run_after=2023-09-01T15:10:41.817125+00:00
[2023-09-01T15:10:41.836+0000] {processor.py:179} INFO - Processing /home/airflow/.local/lib/python3.8/site-packages/airflow/example_dags/example_short_circuit_decorator.py took 0.095 seconds
[2023-09-01T15:11:12.179+0000] {processor.py:157} INFO - Started process (PID=2284) to work on /home/airflow/.local/lib/python3.8/site-packages/airflow/example_dags/example_short_circuit_decorator.py
[2023-09-01T15:11:12.181+0000] {processor.py:829} INFO - Processing file /home/airflow/.local/lib/python3.8/site-packages/airflow/example_dags/example_short_circuit_decorator.py for tasks to queue
[2023-09-01T15:11:12.185+0000] {logging_mixin.py:151} INFO - [2023-09-01T15:11:12.184+0000] {dagbag.py:539} INFO - Filling up the DagBag from /home/airflow/.local/lib/python3.8/site-packages/airflow/example_dags/example_short_circuit_decorator.py
[2023-09-01T15:11:12.198+0000] {processor.py:839} INFO - DAG(s) dict_keys(['example_short_circuit_decorator']) retrieved from /home/airflow/.local/lib/python3.8/site-packages/airflow/example_dags/example_short_circuit_decorator.py
[2023-09-01T15:11:12.231+0000] {logging_mixin.py:151} INFO - [2023-09-01T15:11:12.231+0000] {dag.py:2907} INFO - Sync 1 DAGs
[2023-09-01T15:11:12.262+0000] {logging_mixin.py:151} INFO - [2023-09-01T15:11:12.262+0000] {dag.py:3677} INFO - Setting next_dagrun for example_short_circuit_decorator to 2023-08-31T15:11:12.261906+00:00, run_after=2023-09-01T15:11:12.261906+00:00
[2023-09-01T15:11:12.287+0000] {processor.py:179} INFO - Processing /home/airflow/.local/lib/python3.8/site-packages/airflow/example_dags/example_short_circuit_decorator.py took 0.113 seconds
[2023-09-01T15:11:42.411+0000] {processor.py:157} INFO - Started process (PID=2338) to work on /home/airflow/.local/lib/python3.8/site-packages/airflow/example_dags/example_short_circuit_decorator.py
[2023-09-01T15:11:42.413+0000] {processor.py:829} INFO - Processing file /home/airflow/.local/lib/python3.8/site-packages/airflow/example_dags/example_short_circuit_decorator.py for tasks to queue
[2023-09-01T15:11:42.417+0000] {logging_mixin.py:151} INFO - [2023-09-01T15:11:42.416+0000] {dagbag.py:539} INFO - Filling up the DagBag from /home/airflow/.local/lib/python3.8/site-packages/airflow/example_dags/example_short_circuit_decorator.py
[2023-09-01T15:11:42.430+0000] {processor.py:839} INFO - DAG(s) dict_keys(['example_short_circuit_decorator']) retrieved from /home/airflow/.local/lib/python3.8/site-packages/airflow/example_dags/example_short_circuit_decorator.py
[2023-09-01T15:11:42.461+0000] {logging_mixin.py:151} INFO - [2023-09-01T15:11:42.461+0000] {dag.py:2907} INFO - Sync 1 DAGs
[2023-09-01T15:11:42.484+0000] {logging_mixin.py:151} INFO - [2023-09-01T15:11:42.484+0000] {dag.py:3677} INFO - Setting next_dagrun for example_short_circuit_decorator to 2023-08-31T15:11:42.484407+00:00, run_after=2023-09-01T15:11:42.484407+00:00
[2023-09-01T15:11:42.504+0000] {processor.py:179} INFO - Processing /home/airflow/.local/lib/python3.8/site-packages/airflow/example_dags/example_short_circuit_decorator.py took 0.098 seconds
[2023-09-01T15:12:12.647+0000] {processor.py:157} INFO - Started process (PID=2392) to work on /home/airflow/.local/lib/python3.8/site-packages/airflow/example_dags/example_short_circuit_decorator.py
[2023-09-01T15:12:12.648+0000] {processor.py:829} INFO - Processing file /home/airflow/.local/lib/python3.8/site-packages/airflow/example_dags/example_short_circuit_decorator.py for tasks to queue
[2023-09-01T15:12:12.651+0000] {logging_mixin.py:151} INFO - [2023-09-01T15:12:12.651+0000] {dagbag.py:539} INFO - Filling up the DagBag from /home/airflow/.local/lib/python3.8/site-packages/airflow/example_dags/example_short_circuit_decorator.py
[2023-09-01T15:12:12.663+0000] {processor.py:839} INFO - DAG(s) dict_keys(['example_short_circuit_decorator']) retrieved from /home/airflow/.local/lib/python3.8/site-packages/airflow/example_dags/example_short_circuit_decorator.py
[2023-09-01T15:12:12.693+0000] {logging_mixin.py:151} INFO - [2023-09-01T15:12:12.693+0000] {dag.py:2907} INFO - Sync 1 DAGs
[2023-09-01T15:12:12.721+0000] {logging_mixin.py:151} INFO - [2023-09-01T15:12:12.720+0000] {dag.py:3677} INFO - Setting next_dagrun for example_short_circuit_decorator to 2023-08-31T15:12:12.720611+00:00, run_after=2023-09-01T15:12:12.720611+00:00
[2023-09-01T15:12:12.747+0000] {processor.py:179} INFO - Processing /home/airflow/.local/lib/python3.8/site-packages/airflow/example_dags/example_short_circuit_decorator.py took 0.105 seconds
[2023-09-01T15:12:42.870+0000] {processor.py:157} INFO - Started process (PID=2446) to work on /home/airflow/.local/lib/python3.8/site-packages/airflow/example_dags/example_short_circuit_decorator.py
[2023-09-01T15:12:42.872+0000] {processor.py:829} INFO - Processing file /home/airflow/.local/lib/python3.8/site-packages/airflow/example_dags/example_short_circuit_decorator.py for tasks to queue
[2023-09-01T15:12:42.875+0000] {logging_mixin.py:151} INFO - [2023-09-01T15:12:42.875+0000] {dagbag.py:539} INFO - Filling up the DagBag from /home/airflow/.local/lib/python3.8/site-packages/airflow/example_dags/example_short_circuit_decorator.py
[2023-09-01T15:12:42.887+0000] {processor.py:839} INFO - DAG(s) dict_keys(['example_short_circuit_decorator']) retrieved from /home/airflow/.local/lib/python3.8/site-packages/airflow/example_dags/example_short_circuit_decorator.py
[2023-09-01T15:12:42.915+0000] {logging_mixin.py:151} INFO - [2023-09-01T15:12:42.914+0000] {dag.py:2907} INFO - Sync 1 DAGs
[2023-09-01T15:12:42.941+0000] {logging_mixin.py:151} INFO - [2023-09-01T15:12:42.941+0000] {dag.py:3677} INFO - Setting next_dagrun for example_short_circuit_decorator to 2023-08-31T15:12:42.940929+00:00, run_after=2023-09-01T15:12:42.940929+00:00
[2023-09-01T15:12:42.965+0000] {processor.py:179} INFO - Processing /home/airflow/.local/lib/python3.8/site-packages/airflow/example_dags/example_short_circuit_decorator.py took 0.100 seconds
[2023-09-01T15:13:13.134+0000] {processor.py:157} INFO - Started process (PID=2500) to work on /home/airflow/.local/lib/python3.8/site-packages/airflow/example_dags/example_short_circuit_decorator.py
[2023-09-01T15:13:13.135+0000] {processor.py:829} INFO - Processing file /home/airflow/.local/lib/python3.8/site-packages/airflow/example_dags/example_short_circuit_decorator.py for tasks to queue
[2023-09-01T15:13:13.138+0000] {logging_mixin.py:151} INFO - [2023-09-01T15:13:13.138+0000] {dagbag.py:539} INFO - Filling up the DagBag from /home/airflow/.local/lib/python3.8/site-packages/airflow/example_dags/example_short_circuit_decorator.py
[2023-09-01T15:13:13.150+0000] {processor.py:839} INFO - DAG(s) dict_keys(['example_short_circuit_decorator']) retrieved from /home/airflow/.local/lib/python3.8/site-packages/airflow/example_dags/example_short_circuit_decorator.py
[2023-09-01T15:13:13.176+0000] {logging_mixin.py:151} INFO - [2023-09-01T15:13:13.176+0000] {dag.py:2907} INFO - Sync 1 DAGs
[2023-09-01T15:13:13.200+0000] {logging_mixin.py:151} INFO - [2023-09-01T15:13:13.200+0000] {dag.py:3677} INFO - Setting next_dagrun for example_short_circuit_decorator to 2023-08-31T15:13:13.199820+00:00, run_after=2023-09-01T15:13:13.199820+00:00
[2023-09-01T15:13:13.217+0000] {processor.py:179} INFO - Processing /home/airflow/.local/lib/python3.8/site-packages/airflow/example_dags/example_short_circuit_decorator.py took 0.088 seconds
[2023-09-01T15:13:43.923+0000] {processor.py:157} INFO - Started process (PID=2554) to work on /home/airflow/.local/lib/python3.8/site-packages/airflow/example_dags/example_short_circuit_decorator.py
[2023-09-01T15:13:43.924+0000] {processor.py:829} INFO - Processing file /home/airflow/.local/lib/python3.8/site-packages/airflow/example_dags/example_short_circuit_decorator.py for tasks to queue
[2023-09-01T15:13:43.927+0000] {logging_mixin.py:151} INFO - [2023-09-01T15:13:43.927+0000] {dagbag.py:539} INFO - Filling up the DagBag from /home/airflow/.local/lib/python3.8/site-packages/airflow/example_dags/example_short_circuit_decorator.py
[2023-09-01T15:13:43.938+0000] {processor.py:839} INFO - DAG(s) dict_keys(['example_short_circuit_decorator']) retrieved from /home/airflow/.local/lib/python3.8/site-packages/airflow/example_dags/example_short_circuit_decorator.py
[2023-09-01T15:13:43.963+0000] {logging_mixin.py:151} INFO - [2023-09-01T15:13:43.962+0000] {dag.py:2907} INFO - Sync 1 DAGs
[2023-09-01T15:13:43.987+0000] {logging_mixin.py:151} INFO - [2023-09-01T15:13:43.987+0000] {dag.py:3677} INFO - Setting next_dagrun for example_short_circuit_decorator to 2023-08-31T15:13:43.986893+00:00, run_after=2023-09-01T15:13:43.986893+00:00
[2023-09-01T15:13:44.006+0000] {processor.py:179} INFO - Processing /home/airflow/.local/lib/python3.8/site-packages/airflow/example_dags/example_short_circuit_decorator.py took 0.087 seconds
[2023-09-01T15:14:14.060+0000] {processor.py:157} INFO - Started process (PID=2608) to work on /home/airflow/.local/lib/python3.8/site-packages/airflow/example_dags/example_short_circuit_decorator.py
[2023-09-01T15:14:14.062+0000] {processor.py:829} INFO - Processing file /home/airflow/.local/lib/python3.8/site-packages/airflow/example_dags/example_short_circuit_decorator.py for tasks to queue
[2023-09-01T15:14:14.065+0000] {logging_mixin.py:151} INFO - [2023-09-01T15:14:14.065+0000] {dagbag.py:539} INFO - Filling up the DagBag from /home/airflow/.local/lib/python3.8/site-packages/airflow/example_dags/example_short_circuit_decorator.py
[2023-09-01T15:14:14.078+0000] {processor.py:839} INFO - DAG(s) dict_keys(['example_short_circuit_decorator']) retrieved from /home/airflow/.local/lib/python3.8/site-packages/airflow/example_dags/example_short_circuit_decorator.py
[2023-09-01T15:14:14.107+0000] {logging_mixin.py:151} INFO - [2023-09-01T15:14:14.106+0000] {dag.py:2907} INFO - Sync 1 DAGs
[2023-09-01T15:14:14.130+0000] {logging_mixin.py:151} INFO - [2023-09-01T15:14:14.130+0000] {dag.py:3677} INFO - Setting next_dagrun for example_short_circuit_decorator to 2023-08-31T15:14:14.130065+00:00, run_after=2023-09-01T15:14:14.130065+00:00
[2023-09-01T15:14:14.149+0000] {processor.py:179} INFO - Processing /home/airflow/.local/lib/python3.8/site-packages/airflow/example_dags/example_short_circuit_decorator.py took 0.093 seconds
[2023-09-01T15:14:45.019+0000] {processor.py:157} INFO - Started process (PID=2662) to work on /home/airflow/.local/lib/python3.8/site-packages/airflow/example_dags/example_short_circuit_decorator.py
[2023-09-01T15:14:45.020+0000] {processor.py:829} INFO - Processing file /home/airflow/.local/lib/python3.8/site-packages/airflow/example_dags/example_short_circuit_decorator.py for tasks to queue
[2023-09-01T15:14:45.023+0000] {logging_mixin.py:151} INFO - [2023-09-01T15:14:45.022+0000] {dagbag.py:539} INFO - Filling up the DagBag from /home/airflow/.local/lib/python3.8/site-packages/airflow/example_dags/example_short_circuit_decorator.py
[2023-09-01T15:14:45.034+0000] {processor.py:839} INFO - DAG(s) dict_keys(['example_short_circuit_decorator']) retrieved from /home/airflow/.local/lib/python3.8/site-packages/airflow/example_dags/example_short_circuit_decorator.py
[2023-09-01T15:14:45.060+0000] {logging_mixin.py:151} INFO - [2023-09-01T15:14:45.059+0000] {dag.py:2907} INFO - Sync 1 DAGs
[2023-09-01T15:14:45.080+0000] {logging_mixin.py:151} INFO - [2023-09-01T15:14:45.080+0000] {dag.py:3677} INFO - Setting next_dagrun for example_short_circuit_decorator to 2023-08-31T15:14:45.080391+00:00, run_after=2023-09-01T15:14:45.080391+00:00
[2023-09-01T15:14:45.097+0000] {processor.py:179} INFO - Processing /home/airflow/.local/lib/python3.8/site-packages/airflow/example_dags/example_short_circuit_decorator.py took 0.082 seconds
[2023-09-01T15:15:16.066+0000] {processor.py:157} INFO - Started process (PID=2716) to work on /home/airflow/.local/lib/python3.8/site-packages/airflow/example_dags/example_short_circuit_decorator.py
[2023-09-01T15:15:16.068+0000] {processor.py:829} INFO - Processing file /home/airflow/.local/lib/python3.8/site-packages/airflow/example_dags/example_short_circuit_decorator.py for tasks to queue
[2023-09-01T15:15:16.071+0000] {logging_mixin.py:151} INFO - [2023-09-01T15:15:16.071+0000] {dagbag.py:539} INFO - Filling up the DagBag from /home/airflow/.local/lib/python3.8/site-packages/airflow/example_dags/example_short_circuit_decorator.py
[2023-09-01T15:15:16.084+0000] {processor.py:839} INFO - DAG(s) dict_keys(['example_short_circuit_decorator']) retrieved from /home/airflow/.local/lib/python3.8/site-packages/airflow/example_dags/example_short_circuit_decorator.py
[2023-09-01T15:15:16.114+0000] {logging_mixin.py:151} INFO - [2023-09-01T15:15:16.114+0000] {dag.py:2907} INFO - Sync 1 DAGs
[2023-09-01T15:15:16.138+0000] {logging_mixin.py:151} INFO - [2023-09-01T15:15:16.138+0000] {dag.py:3677} INFO - Setting next_dagrun for example_short_circuit_decorator to 2023-08-31T15:15:16.138220+00:00, run_after=2023-09-01T15:15:16.138220+00:00
[2023-09-01T15:15:16.157+0000] {processor.py:179} INFO - Processing /home/airflow/.local/lib/python3.8/site-packages/airflow/example_dags/example_short_circuit_decorator.py took 0.096 seconds
[2023-09-01T15:15:46.379+0000] {processor.py:157} INFO - Started process (PID=2770) to work on /home/airflow/.local/lib/python3.8/site-packages/airflow/example_dags/example_short_circuit_decorator.py
[2023-09-01T15:15:46.380+0000] {processor.py:829} INFO - Processing file /home/airflow/.local/lib/python3.8/site-packages/airflow/example_dags/example_short_circuit_decorator.py for tasks to queue
[2023-09-01T15:15:46.384+0000] {logging_mixin.py:151} INFO - [2023-09-01T15:15:46.383+0000] {dagbag.py:539} INFO - Filling up the DagBag from /home/airflow/.local/lib/python3.8/site-packages/airflow/example_dags/example_short_circuit_decorator.py
[2023-09-01T15:15:46.397+0000] {processor.py:839} INFO - DAG(s) dict_keys(['example_short_circuit_decorator']) retrieved from /home/airflow/.local/lib/python3.8/site-packages/airflow/example_dags/example_short_circuit_decorator.py
[2023-09-01T15:15:46.425+0000] {logging_mixin.py:151} INFO - [2023-09-01T15:15:46.425+0000] {dag.py:2907} INFO - Sync 1 DAGs
[2023-09-01T15:15:46.450+0000] {logging_mixin.py:151} INFO - [2023-09-01T15:15:46.450+0000] {dag.py:3677} INFO - Setting next_dagrun for example_short_circuit_decorator to 2023-08-31T15:15:46.449907+00:00, run_after=2023-09-01T15:15:46.449907+00:00
[2023-09-01T15:15:46.469+0000] {processor.py:179} INFO - Processing /home/airflow/.local/lib/python3.8/site-packages/airflow/example_dags/example_short_circuit_decorator.py took 0.095 seconds
[2023-09-01T15:16:16.564+0000] {processor.py:157} INFO - Started process (PID=2824) to work on /home/airflow/.local/lib/python3.8/site-packages/airflow/example_dags/example_short_circuit_decorator.py
[2023-09-01T15:16:16.566+0000] {processor.py:829} INFO - Processing file /home/airflow/.local/lib/python3.8/site-packages/airflow/example_dags/example_short_circuit_decorator.py for tasks to queue
[2023-09-01T15:16:16.569+0000] {logging_mixin.py:151} INFO - [2023-09-01T15:16:16.569+0000] {dagbag.py:539} INFO - Filling up the DagBag from /home/airflow/.local/lib/python3.8/site-packages/airflow/example_dags/example_short_circuit_decorator.py
[2023-09-01T15:16:16.584+0000] {processor.py:839} INFO - DAG(s) dict_keys(['example_short_circuit_decorator']) retrieved from /home/airflow/.local/lib/python3.8/site-packages/airflow/example_dags/example_short_circuit_decorator.py
[2023-09-01T15:16:16.616+0000] {logging_mixin.py:151} INFO - [2023-09-01T15:16:16.616+0000] {dag.py:2907} INFO - Sync 1 DAGs
[2023-09-01T15:16:16.645+0000] {logging_mixin.py:151} INFO - [2023-09-01T15:16:16.645+0000] {dag.py:3677} INFO - Setting next_dagrun for example_short_circuit_decorator to 2023-08-31T15:16:16.645189+00:00, run_after=2023-09-01T15:16:16.645189+00:00
[2023-09-01T15:16:16.668+0000] {processor.py:179} INFO - Processing /home/airflow/.local/lib/python3.8/site-packages/airflow/example_dags/example_short_circuit_decorator.py took 0.109 seconds
[2023-09-01T15:16:47.035+0000] {processor.py:157} INFO - Started process (PID=2879) to work on /home/airflow/.local/lib/python3.8/site-packages/airflow/example_dags/example_short_circuit_decorator.py
[2023-09-01T15:16:47.037+0000] {processor.py:829} INFO - Processing file /home/airflow/.local/lib/python3.8/site-packages/airflow/example_dags/example_short_circuit_decorator.py for tasks to queue
[2023-09-01T15:16:47.040+0000] {logging_mixin.py:151} INFO - [2023-09-01T15:16:47.040+0000] {dagbag.py:539} INFO - Filling up the DagBag from /home/airflow/.local/lib/python3.8/site-packages/airflow/example_dags/example_short_circuit_decorator.py
[2023-09-01T15:16:47.054+0000] {processor.py:839} INFO - DAG(s) dict_keys(['example_short_circuit_decorator']) retrieved from /home/airflow/.local/lib/python3.8/site-packages/airflow/example_dags/example_short_circuit_decorator.py
[2023-09-01T15:16:47.083+0000] {logging_mixin.py:151} INFO - [2023-09-01T15:16:47.083+0000] {dag.py:2907} INFO - Sync 1 DAGs
[2023-09-01T15:16:47.107+0000] {logging_mixin.py:151} INFO - [2023-09-01T15:16:47.107+0000] {dag.py:3677} INFO - Setting next_dagrun for example_short_circuit_decorator to 2023-08-31T15:16:47.106880+00:00, run_after=2023-09-01T15:16:47.106880+00:00
[2023-09-01T15:16:47.126+0000] {processor.py:179} INFO - Processing /home/airflow/.local/lib/python3.8/site-packages/airflow/example_dags/example_short_circuit_decorator.py took 0.096 seconds
[2023-09-01T15:17:17.586+0000] {processor.py:157} INFO - Started process (PID=2934) to work on /home/airflow/.local/lib/python3.8/site-packages/airflow/example_dags/example_short_circuit_decorator.py
[2023-09-01T15:17:17.587+0000] {processor.py:829} INFO - Processing file /home/airflow/.local/lib/python3.8/site-packages/airflow/example_dags/example_short_circuit_decorator.py for tasks to queue
[2023-09-01T15:17:17.590+0000] {logging_mixin.py:151} INFO - [2023-09-01T15:17:17.590+0000] {dagbag.py:539} INFO - Filling up the DagBag from /home/airflow/.local/lib/python3.8/site-packages/airflow/example_dags/example_short_circuit_decorator.py
[2023-09-01T15:17:17.601+0000] {processor.py:839} INFO - DAG(s) dict_keys(['example_short_circuit_decorator']) retrieved from /home/airflow/.local/lib/python3.8/site-packages/airflow/example_dags/example_short_circuit_decorator.py
[2023-09-01T15:17:17.627+0000] {logging_mixin.py:151} INFO - [2023-09-01T15:17:17.626+0000] {dag.py:2907} INFO - Sync 1 DAGs
[2023-09-01T15:17:17.650+0000] {logging_mixin.py:151} INFO - [2023-09-01T15:17:17.650+0000] {dag.py:3677} INFO - Setting next_dagrun for example_short_circuit_decorator to 2023-08-31T15:17:17.649996+00:00, run_after=2023-09-01T15:17:17.649996+00:00
[2023-09-01T15:17:17.667+0000] {processor.py:179} INFO - Processing /home/airflow/.local/lib/python3.8/site-packages/airflow/example_dags/example_short_circuit_decorator.py took 0.085 seconds
[2023-09-01T15:17:47.977+0000] {processor.py:157} INFO - Started process (PID=2988) to work on /home/airflow/.local/lib/python3.8/site-packages/airflow/example_dags/example_short_circuit_decorator.py
[2023-09-01T15:17:47.978+0000] {processor.py:829} INFO - Processing file /home/airflow/.local/lib/python3.8/site-packages/airflow/example_dags/example_short_circuit_decorator.py for tasks to queue
[2023-09-01T15:17:47.981+0000] {logging_mixin.py:151} INFO - [2023-09-01T15:17:47.981+0000] {dagbag.py:539} INFO - Filling up the DagBag from /home/airflow/.local/lib/python3.8/site-packages/airflow/example_dags/example_short_circuit_decorator.py
[2023-09-01T15:17:47.994+0000] {processor.py:839} INFO - DAG(s) dict_keys(['example_short_circuit_decorator']) retrieved from /home/airflow/.local/lib/python3.8/site-packages/airflow/example_dags/example_short_circuit_decorator.py
[2023-09-01T15:17:48.025+0000] {logging_mixin.py:151} INFO - [2023-09-01T15:17:48.024+0000] {dag.py:2907} INFO - Sync 1 DAGs
[2023-09-01T15:17:48.060+0000] {logging_mixin.py:151} INFO - [2023-09-01T15:17:48.059+0000] {dag.py:3677} INFO - Setting next_dagrun for example_short_circuit_decorator to 2023-08-31T15:17:48.059458+00:00, run_after=2023-09-01T15:17:48.059458+00:00
[2023-09-01T15:17:48.080+0000] {processor.py:179} INFO - Processing /home/airflow/.local/lib/python3.8/site-packages/airflow/example_dags/example_short_circuit_decorator.py took 0.108 seconds
[2023-09-01T15:18:18.154+0000] {processor.py:157} INFO - Started process (PID=3042) to work on /home/airflow/.local/lib/python3.8/site-packages/airflow/example_dags/example_short_circuit_decorator.py
[2023-09-01T15:18:18.155+0000] {processor.py:829} INFO - Processing file /home/airflow/.local/lib/python3.8/site-packages/airflow/example_dags/example_short_circuit_decorator.py for tasks to queue
[2023-09-01T15:18:18.158+0000] {logging_mixin.py:151} INFO - [2023-09-01T15:18:18.158+0000] {dagbag.py:539} INFO - Filling up the DagBag from /home/airflow/.local/lib/python3.8/site-packages/airflow/example_dags/example_short_circuit_decorator.py
[2023-09-01T15:18:18.170+0000] {processor.py:839} INFO - DAG(s) dict_keys(['example_short_circuit_decorator']) retrieved from /home/airflow/.local/lib/python3.8/site-packages/airflow/example_dags/example_short_circuit_decorator.py
[2023-09-01T15:18:18.196+0000] {logging_mixin.py:151} INFO - [2023-09-01T15:18:18.196+0000] {dag.py:2907} INFO - Sync 1 DAGs
[2023-09-01T15:18:18.219+0000] {logging_mixin.py:151} INFO - [2023-09-01T15:18:18.219+0000] {dag.py:3677} INFO - Setting next_dagrun for example_short_circuit_decorator to 2023-08-31T15:18:18.218899+00:00, run_after=2023-09-01T15:18:18.218899+00:00
[2023-09-01T15:18:18.237+0000] {processor.py:179} INFO - Processing /home/airflow/.local/lib/python3.8/site-packages/airflow/example_dags/example_short_circuit_decorator.py took 0.087 seconds
[2023-09-01T15:18:48.800+0000] {processor.py:157} INFO - Started process (PID=3096) to work on /home/airflow/.local/lib/python3.8/site-packages/airflow/example_dags/example_short_circuit_decorator.py
[2023-09-01T15:18:48.801+0000] {processor.py:829} INFO - Processing file /home/airflow/.local/lib/python3.8/site-packages/airflow/example_dags/example_short_circuit_decorator.py for tasks to queue
[2023-09-01T15:18:48.804+0000] {logging_mixin.py:151} INFO - [2023-09-01T15:18:48.804+0000] {dagbag.py:539} INFO - Filling up the DagBag from /home/airflow/.local/lib/python3.8/site-packages/airflow/example_dags/example_short_circuit_decorator.py
[2023-09-01T15:18:48.815+0000] {processor.py:839} INFO - DAG(s) dict_keys(['example_short_circuit_decorator']) retrieved from /home/airflow/.local/lib/python3.8/site-packages/airflow/example_dags/example_short_circuit_decorator.py
[2023-09-01T15:18:48.842+0000] {logging_mixin.py:151} INFO - [2023-09-01T15:18:48.842+0000] {dag.py:2907} INFO - Sync 1 DAGs
[2023-09-01T15:18:48.866+0000] {logging_mixin.py:151} INFO - [2023-09-01T15:18:48.866+0000] {dag.py:3677} INFO - Setting next_dagrun for example_short_circuit_decorator to 2023-08-31T15:18:48.865718+00:00, run_after=2023-09-01T15:18:48.865718+00:00
[2023-09-01T15:18:48.885+0000] {processor.py:179} INFO - Processing /home/airflow/.local/lib/python3.8/site-packages/airflow/example_dags/example_short_circuit_decorator.py took 0.089 seconds
[2023-09-01T15:19:19.339+0000] {processor.py:157} INFO - Started process (PID=3150) to work on /home/airflow/.local/lib/python3.8/site-packages/airflow/example_dags/example_short_circuit_decorator.py
[2023-09-01T15:19:19.341+0000] {processor.py:829} INFO - Processing file /home/airflow/.local/lib/python3.8/site-packages/airflow/example_dags/example_short_circuit_decorator.py for tasks to queue
[2023-09-01T15:19:19.344+0000] {logging_mixin.py:151} INFO - [2023-09-01T15:19:19.343+0000] {dagbag.py:539} INFO - Filling up the DagBag from /home/airflow/.local/lib/python3.8/site-packages/airflow/example_dags/example_short_circuit_decorator.py
[2023-09-01T15:19:19.355+0000] {processor.py:839} INFO - DAG(s) dict_keys(['example_short_circuit_decorator']) retrieved from /home/airflow/.local/lib/python3.8/site-packages/airflow/example_dags/example_short_circuit_decorator.py
[2023-09-01T15:19:19.384+0000] {logging_mixin.py:151} INFO - [2023-09-01T15:19:19.383+0000] {dag.py:2907} INFO - Sync 1 DAGs
[2023-09-01T15:19:19.413+0000] {logging_mixin.py:151} INFO - [2023-09-01T15:19:19.412+0000] {dag.py:3677} INFO - Setting next_dagrun for example_short_circuit_decorator to 2023-08-31T15:19:19.412626+00:00, run_after=2023-09-01T15:19:19.412626+00:00
[2023-09-01T15:19:19.438+0000] {processor.py:179} INFO - Processing /home/airflow/.local/lib/python3.8/site-packages/airflow/example_dags/example_short_circuit_decorator.py took 0.104 seconds
[2023-09-01T15:19:50.019+0000] {processor.py:157} INFO - Started process (PID=3204) to work on /home/airflow/.local/lib/python3.8/site-packages/airflow/example_dags/example_short_circuit_decorator.py
[2023-09-01T15:19:50.021+0000] {processor.py:829} INFO - Processing file /home/airflow/.local/lib/python3.8/site-packages/airflow/example_dags/example_short_circuit_decorator.py for tasks to queue
[2023-09-01T15:19:50.023+0000] {logging_mixin.py:151} INFO - [2023-09-01T15:19:50.023+0000] {dagbag.py:539} INFO - Filling up the DagBag from /home/airflow/.local/lib/python3.8/site-packages/airflow/example_dags/example_short_circuit_decorator.py
[2023-09-01T15:19:50.034+0000] {processor.py:839} INFO - DAG(s) dict_keys(['example_short_circuit_decorator']) retrieved from /home/airflow/.local/lib/python3.8/site-packages/airflow/example_dags/example_short_circuit_decorator.py
[2023-09-01T15:19:50.060+0000] {logging_mixin.py:151} INFO - [2023-09-01T15:19:50.060+0000] {dag.py:2907} INFO - Sync 1 DAGs
[2023-09-01T15:19:50.086+0000] {logging_mixin.py:151} INFO - [2023-09-01T15:19:50.086+0000] {dag.py:3677} INFO - Setting next_dagrun for example_short_circuit_decorator to 2023-08-31T15:19:50.085935+00:00, run_after=2023-09-01T15:19:50.085935+00:00
[2023-09-01T15:19:50.107+0000] {processor.py:179} INFO - Processing /home/airflow/.local/lib/python3.8/site-packages/airflow/example_dags/example_short_circuit_decorator.py took 0.092 seconds
[2023-09-01T15:20:20.465+0000] {processor.py:157} INFO - Started process (PID=3258) to work on /home/airflow/.local/lib/python3.8/site-packages/airflow/example_dags/example_short_circuit_decorator.py
[2023-09-01T15:20:20.466+0000] {processor.py:829} INFO - Processing file /home/airflow/.local/lib/python3.8/site-packages/airflow/example_dags/example_short_circuit_decorator.py for tasks to queue
[2023-09-01T15:20:20.469+0000] {logging_mixin.py:151} INFO - [2023-09-01T15:20:20.469+0000] {dagbag.py:539} INFO - Filling up the DagBag from /home/airflow/.local/lib/python3.8/site-packages/airflow/example_dags/example_short_circuit_decorator.py
[2023-09-01T15:20:20.480+0000] {processor.py:839} INFO - DAG(s) dict_keys(['example_short_circuit_decorator']) retrieved from /home/airflow/.local/lib/python3.8/site-packages/airflow/example_dags/example_short_circuit_decorator.py
[2023-09-01T15:20:20.506+0000] {logging_mixin.py:151} INFO - [2023-09-01T15:20:20.506+0000] {dag.py:2907} INFO - Sync 1 DAGs
[2023-09-01T15:20:20.528+0000] {logging_mixin.py:151} INFO - [2023-09-01T15:20:20.527+0000] {dag.py:3677} INFO - Setting next_dagrun for example_short_circuit_decorator to 2023-08-31T15:20:20.527629+00:00, run_after=2023-09-01T15:20:20.527629+00:00
[2023-09-01T15:20:20.545+0000] {processor.py:179} INFO - Processing /home/airflow/.local/lib/python3.8/site-packages/airflow/example_dags/example_short_circuit_decorator.py took 0.084 seconds
[2023-09-01T15:20:51.070+0000] {processor.py:157} INFO - Started process (PID=3312) to work on /home/airflow/.local/lib/python3.8/site-packages/airflow/example_dags/example_short_circuit_decorator.py
[2023-09-01T15:20:51.071+0000] {processor.py:829} INFO - Processing file /home/airflow/.local/lib/python3.8/site-packages/airflow/example_dags/example_short_circuit_decorator.py for tasks to queue
[2023-09-01T15:20:51.074+0000] {logging_mixin.py:151} INFO - [2023-09-01T15:20:51.074+0000] {dagbag.py:539} INFO - Filling up the DagBag from /home/airflow/.local/lib/python3.8/site-packages/airflow/example_dags/example_short_circuit_decorator.py
[2023-09-01T15:20:51.085+0000] {processor.py:839} INFO - DAG(s) dict_keys(['example_short_circuit_decorator']) retrieved from /home/airflow/.local/lib/python3.8/site-packages/airflow/example_dags/example_short_circuit_decorator.py
[2023-09-01T15:20:51.111+0000] {logging_mixin.py:151} INFO - [2023-09-01T15:20:51.111+0000] {dag.py:2907} INFO - Sync 1 DAGs
[2023-09-01T15:20:51.134+0000] {logging_mixin.py:151} INFO - [2023-09-01T15:20:51.134+0000] {dag.py:3677} INFO - Setting next_dagrun for example_short_circuit_decorator to 2023-08-31T15:20:51.133941+00:00, run_after=2023-09-01T15:20:51.133941+00:00
[2023-09-01T15:20:51.151+0000] {processor.py:179} INFO - Processing /home/airflow/.local/lib/python3.8/site-packages/airflow/example_dags/example_short_circuit_decorator.py took 0.085 seconds
[2023-09-01T15:21:21.597+0000] {processor.py:157} INFO - Started process (PID=3366) to work on /home/airflow/.local/lib/python3.8/site-packages/airflow/example_dags/example_short_circuit_decorator.py
[2023-09-01T15:21:21.599+0000] {processor.py:829} INFO - Processing file /home/airflow/.local/lib/python3.8/site-packages/airflow/example_dags/example_short_circuit_decorator.py for tasks to queue
[2023-09-01T15:21:21.601+0000] {logging_mixin.py:151} INFO - [2023-09-01T15:21:21.601+0000] {dagbag.py:539} INFO - Filling up the DagBag from /home/airflow/.local/lib/python3.8/site-packages/airflow/example_dags/example_short_circuit_decorator.py
[2023-09-01T15:21:21.612+0000] {processor.py:839} INFO - DAG(s) dict_keys(['example_short_circuit_decorator']) retrieved from /home/airflow/.local/lib/python3.8/site-packages/airflow/example_dags/example_short_circuit_decorator.py
[2023-09-01T15:21:21.638+0000] {logging_mixin.py:151} INFO - [2023-09-01T15:21:21.638+0000] {dag.py:2907} INFO - Sync 1 DAGs
[2023-09-01T15:21:21.662+0000] {logging_mixin.py:151} INFO - [2023-09-01T15:21:21.662+0000] {dag.py:3677} INFO - Setting next_dagrun for example_short_circuit_decorator to 2023-08-31T15:21:21.661764+00:00, run_after=2023-09-01T15:21:21.661764+00:00
[2023-09-01T15:21:21.681+0000] {processor.py:179} INFO - Processing /home/airflow/.local/lib/python3.8/site-packages/airflow/example_dags/example_short_circuit_decorator.py took 0.088 seconds
