[2023-09-01T14:50:22.914+0000] {processor.py:157} INFO - Started process (PID=66) to work on /home/airflow/.local/lib/python3.8/site-packages/airflow/example_dags/example_task_group.py
[2023-09-01T14:50:22.916+0000] {processor.py:829} INFO - Processing file /home/airflow/.local/lib/python3.8/site-packages/airflow/example_dags/example_task_group.py for tasks to queue
[2023-09-01T14:50:22.920+0000] {logging_mixin.py:151} INFO - [2023-09-01T14:50:22.920+0000] {dagbag.py:539} INFO - Filling up the DagBag from /home/airflow/.local/lib/python3.8/site-packages/airflow/example_dags/example_task_group.py
[2023-09-01T14:50:23.086+0000] {processor.py:839} INFO - DAG(s) dict_keys(['example_task_group']) retrieved from /home/airflow/.local/lib/python3.8/site-packages/airflow/example_dags/example_task_group.py
[2023-09-01T14:50:23.221+0000] {logging_mixin.py:151} INFO - [2023-09-01T14:50:23.221+0000] {manager.py:501} INFO - Created Permission View: can read on DAG:example_task_group
[2023-09-01T14:50:23.236+0000] {logging_mixin.py:151} INFO - [2023-09-01T14:50:23.236+0000] {manager.py:501} INFO - Created Permission View: can edit on DAG:example_task_group
[2023-09-01T14:50:23.246+0000] {logging_mixin.py:151} INFO - [2023-09-01T14:50:23.246+0000] {manager.py:501} INFO - Created Permission View: can delete on DAG:example_task_group
[2023-09-01T14:50:23.265+0000] {logging_mixin.py:151} INFO - [2023-09-01T14:50:23.265+0000] {dag.py:2907} INFO - Sync 1 DAGs
[2023-09-01T14:50:23.279+0000] {logging_mixin.py:151} INFO - [2023-09-01T14:50:23.278+0000] {dag.py:2929} INFO - Creating ORM DAG for example_task_group
[2023-09-01T14:50:23.290+0000] {logging_mixin.py:151} INFO - [2023-09-01T14:50:23.290+0000] {dag.py:3677} INFO - Setting next_dagrun for example_task_group to 2023-08-31T14:50:23.290201+00:00, run_after=2023-09-01T14:50:23.290201+00:00
[2023-09-01T14:50:23.314+0000] {processor.py:179} INFO - Processing /home/airflow/.local/lib/python3.8/site-packages/airflow/example_dags/example_task_group.py took 0.405 seconds
[2023-09-01T14:50:53.599+0000] {processor.py:157} INFO - Started process (PID=119) to work on /home/airflow/.local/lib/python3.8/site-packages/airflow/example_dags/example_task_group.py
[2023-09-01T14:50:53.601+0000] {processor.py:829} INFO - Processing file /home/airflow/.local/lib/python3.8/site-packages/airflow/example_dags/example_task_group.py for tasks to queue
[2023-09-01T14:50:53.604+0000] {logging_mixin.py:151} INFO - [2023-09-01T14:50:53.604+0000] {dagbag.py:539} INFO - Filling up the DagBag from /home/airflow/.local/lib/python3.8/site-packages/airflow/example_dags/example_task_group.py
[2023-09-01T14:50:53.617+0000] {processor.py:839} INFO - DAG(s) dict_keys(['example_task_group']) retrieved from /home/airflow/.local/lib/python3.8/site-packages/airflow/example_dags/example_task_group.py
[2023-09-01T14:50:53.649+0000] {logging_mixin.py:151} INFO - [2023-09-01T14:50:53.649+0000] {dag.py:2907} INFO - Sync 1 DAGs
[2023-09-01T14:50:53.681+0000] {logging_mixin.py:151} INFO - [2023-09-01T14:50:53.681+0000] {dag.py:3677} INFO - Setting next_dagrun for example_task_group to 2023-08-31T14:50:53.680801+00:00, run_after=2023-09-01T14:50:53.680801+00:00
[2023-09-01T14:50:53.706+0000] {processor.py:179} INFO - Processing /home/airflow/.local/lib/python3.8/site-packages/airflow/example_dags/example_task_group.py took 0.112 seconds
[2023-09-01T14:51:23.853+0000] {processor.py:157} INFO - Started process (PID=173) to work on /home/airflow/.local/lib/python3.8/site-packages/airflow/example_dags/example_task_group.py
[2023-09-01T14:51:23.854+0000] {processor.py:829} INFO - Processing file /home/airflow/.local/lib/python3.8/site-packages/airflow/example_dags/example_task_group.py for tasks to queue
[2023-09-01T14:51:23.858+0000] {logging_mixin.py:151} INFO - [2023-09-01T14:51:23.858+0000] {dagbag.py:539} INFO - Filling up the DagBag from /home/airflow/.local/lib/python3.8/site-packages/airflow/example_dags/example_task_group.py
[2023-09-01T14:51:23.871+0000] {processor.py:839} INFO - DAG(s) dict_keys(['example_task_group']) retrieved from /home/airflow/.local/lib/python3.8/site-packages/airflow/example_dags/example_task_group.py
[2023-09-01T14:51:23.906+0000] {logging_mixin.py:151} INFO - [2023-09-01T14:51:23.905+0000] {dag.py:2907} INFO - Sync 1 DAGs
[2023-09-01T14:51:23.940+0000] {logging_mixin.py:151} INFO - [2023-09-01T14:51:23.940+0000] {dag.py:3677} INFO - Setting next_dagrun for example_task_group to 2023-08-31T14:51:23.939987+00:00, run_after=2023-09-01T14:51:23.939987+00:00
[2023-09-01T14:51:23.969+0000] {processor.py:179} INFO - Processing /home/airflow/.local/lib/python3.8/site-packages/airflow/example_dags/example_task_group.py took 0.122 seconds
[2023-09-01T14:51:54.395+0000] {processor.py:157} INFO - Started process (PID=227) to work on /home/airflow/.local/lib/python3.8/site-packages/airflow/example_dags/example_task_group.py
[2023-09-01T14:51:54.397+0000] {processor.py:829} INFO - Processing file /home/airflow/.local/lib/python3.8/site-packages/airflow/example_dags/example_task_group.py for tasks to queue
[2023-09-01T14:51:54.400+0000] {logging_mixin.py:151} INFO - [2023-09-01T14:51:54.399+0000] {dagbag.py:539} INFO - Filling up the DagBag from /home/airflow/.local/lib/python3.8/site-packages/airflow/example_dags/example_task_group.py
[2023-09-01T14:51:54.408+0000] {processor.py:839} INFO - DAG(s) dict_keys(['example_task_group']) retrieved from /home/airflow/.local/lib/python3.8/site-packages/airflow/example_dags/example_task_group.py
[2023-09-01T14:51:54.434+0000] {logging_mixin.py:151} INFO - [2023-09-01T14:51:54.433+0000] {dag.py:2907} INFO - Sync 1 DAGs
[2023-09-01T14:51:54.459+0000] {logging_mixin.py:151} INFO - [2023-09-01T14:51:54.459+0000] {dag.py:3677} INFO - Setting next_dagrun for example_task_group to 2023-08-31T14:51:54.459405+00:00, run_after=2023-09-01T14:51:54.459405+00:00
[2023-09-01T14:51:54.481+0000] {processor.py:179} INFO - Processing /home/airflow/.local/lib/python3.8/site-packages/airflow/example_dags/example_task_group.py took 0.090 seconds
[2023-09-01T14:52:24.777+0000] {processor.py:157} INFO - Started process (PID=281) to work on /home/airflow/.local/lib/python3.8/site-packages/airflow/example_dags/example_task_group.py
[2023-09-01T14:52:24.778+0000] {processor.py:829} INFO - Processing file /home/airflow/.local/lib/python3.8/site-packages/airflow/example_dags/example_task_group.py for tasks to queue
[2023-09-01T14:52:24.781+0000] {logging_mixin.py:151} INFO - [2023-09-01T14:52:24.781+0000] {dagbag.py:539} INFO - Filling up the DagBag from /home/airflow/.local/lib/python3.8/site-packages/airflow/example_dags/example_task_group.py
[2023-09-01T14:52:24.790+0000] {processor.py:839} INFO - DAG(s) dict_keys(['example_task_group']) retrieved from /home/airflow/.local/lib/python3.8/site-packages/airflow/example_dags/example_task_group.py
[2023-09-01T14:52:24.817+0000] {logging_mixin.py:151} INFO - [2023-09-01T14:52:24.817+0000] {dag.py:2907} INFO - Sync 1 DAGs
[2023-09-01T14:52:24.848+0000] {logging_mixin.py:151} INFO - [2023-09-01T14:52:24.848+0000] {dag.py:3677} INFO - Setting next_dagrun for example_task_group to 2023-08-31T14:52:24.848272+00:00, run_after=2023-09-01T14:52:24.848272+00:00
[2023-09-01T14:52:24.872+0000] {processor.py:179} INFO - Processing /home/airflow/.local/lib/python3.8/site-packages/airflow/example_dags/example_task_group.py took 0.099 seconds
[2023-09-01T14:52:55.864+0000] {processor.py:157} INFO - Started process (PID=342) to work on /home/airflow/.local/lib/python3.8/site-packages/airflow/example_dags/example_task_group.py
[2023-09-01T14:52:55.865+0000] {processor.py:829} INFO - Processing file /home/airflow/.local/lib/python3.8/site-packages/airflow/example_dags/example_task_group.py for tasks to queue
[2023-09-01T14:52:55.868+0000] {logging_mixin.py:151} INFO - [2023-09-01T14:52:55.867+0000] {dagbag.py:539} INFO - Filling up the DagBag from /home/airflow/.local/lib/python3.8/site-packages/airflow/example_dags/example_task_group.py
[2023-09-01T14:52:55.878+0000] {processor.py:839} INFO - DAG(s) dict_keys(['example_task_group']) retrieved from /home/airflow/.local/lib/python3.8/site-packages/airflow/example_dags/example_task_group.py
[2023-09-01T14:52:55.909+0000] {logging_mixin.py:151} INFO - [2023-09-01T14:52:55.908+0000] {dag.py:2907} INFO - Sync 1 DAGs
[2023-09-01T14:52:55.939+0000] {logging_mixin.py:151} INFO - [2023-09-01T14:52:55.938+0000] {dag.py:3677} INFO - Setting next_dagrun for example_task_group to 2023-08-31T14:52:55.938597+00:00, run_after=2023-09-01T14:52:55.938597+00:00
[2023-09-01T14:52:55.960+0000] {processor.py:179} INFO - Processing /home/airflow/.local/lib/python3.8/site-packages/airflow/example_dags/example_task_group.py took 0.101 seconds
[2023-09-01T14:53:26.390+0000] {processor.py:157} INFO - Started process (PID=397) to work on /home/airflow/.local/lib/python3.8/site-packages/airflow/example_dags/example_task_group.py
[2023-09-01T14:53:26.392+0000] {processor.py:829} INFO - Processing file /home/airflow/.local/lib/python3.8/site-packages/airflow/example_dags/example_task_group.py for tasks to queue
[2023-09-01T14:53:26.395+0000] {logging_mixin.py:151} INFO - [2023-09-01T14:53:26.395+0000] {dagbag.py:539} INFO - Filling up the DagBag from /home/airflow/.local/lib/python3.8/site-packages/airflow/example_dags/example_task_group.py
[2023-09-01T14:53:26.406+0000] {processor.py:839} INFO - DAG(s) dict_keys(['example_task_group']) retrieved from /home/airflow/.local/lib/python3.8/site-packages/airflow/example_dags/example_task_group.py
[2023-09-01T14:53:26.439+0000] {logging_mixin.py:151} INFO - [2023-09-01T14:53:26.438+0000] {dag.py:2907} INFO - Sync 1 DAGs
[2023-09-01T14:53:26.471+0000] {logging_mixin.py:151} INFO - [2023-09-01T14:53:26.471+0000] {dag.py:3677} INFO - Setting next_dagrun for example_task_group to 2023-08-31T14:53:26.471173+00:00, run_after=2023-09-01T14:53:26.471173+00:00
[2023-09-01T14:53:26.493+0000] {processor.py:179} INFO - Processing /home/airflow/.local/lib/python3.8/site-packages/airflow/example_dags/example_task_group.py took 0.109 seconds
[2023-09-01T14:53:57.375+0000] {processor.py:157} INFO - Started process (PID=451) to work on /home/airflow/.local/lib/python3.8/site-packages/airflow/example_dags/example_task_group.py
[2023-09-01T14:53:57.376+0000] {processor.py:829} INFO - Processing file /home/airflow/.local/lib/python3.8/site-packages/airflow/example_dags/example_task_group.py for tasks to queue
[2023-09-01T14:53:57.379+0000] {logging_mixin.py:151} INFO - [2023-09-01T14:53:57.379+0000] {dagbag.py:539} INFO - Filling up the DagBag from /home/airflow/.local/lib/python3.8/site-packages/airflow/example_dags/example_task_group.py
[2023-09-01T14:53:57.388+0000] {processor.py:839} INFO - DAG(s) dict_keys(['example_task_group']) retrieved from /home/airflow/.local/lib/python3.8/site-packages/airflow/example_dags/example_task_group.py
[2023-09-01T14:53:57.414+0000] {logging_mixin.py:151} INFO - [2023-09-01T14:53:57.413+0000] {dag.py:2907} INFO - Sync 1 DAGs
[2023-09-01T14:53:57.438+0000] {logging_mixin.py:151} INFO - [2023-09-01T14:53:57.437+0000] {dag.py:3677} INFO - Setting next_dagrun for example_task_group to 2023-08-31T14:53:57.437567+00:00, run_after=2023-09-01T14:53:57.437567+00:00
[2023-09-01T14:53:57.457+0000] {processor.py:179} INFO - Processing /home/airflow/.local/lib/python3.8/site-packages/airflow/example_dags/example_task_group.py took 0.086 seconds
[2023-09-01T14:54:28.508+0000] {processor.py:157} INFO - Started process (PID=505) to work on /home/airflow/.local/lib/python3.8/site-packages/airflow/example_dags/example_task_group.py
[2023-09-01T14:54:28.510+0000] {processor.py:829} INFO - Processing file /home/airflow/.local/lib/python3.8/site-packages/airflow/example_dags/example_task_group.py for tasks to queue
[2023-09-01T14:54:28.512+0000] {logging_mixin.py:151} INFO - [2023-09-01T14:54:28.512+0000] {dagbag.py:539} INFO - Filling up the DagBag from /home/airflow/.local/lib/python3.8/site-packages/airflow/example_dags/example_task_group.py
[2023-09-01T14:54:28.521+0000] {processor.py:839} INFO - DAG(s) dict_keys(['example_task_group']) retrieved from /home/airflow/.local/lib/python3.8/site-packages/airflow/example_dags/example_task_group.py
[2023-09-01T14:54:28.546+0000] {logging_mixin.py:151} INFO - [2023-09-01T14:54:28.546+0000] {dag.py:2907} INFO - Sync 1 DAGs
[2023-09-01T14:54:28.571+0000] {logging_mixin.py:151} INFO - [2023-09-01T14:54:28.571+0000] {dag.py:3677} INFO - Setting next_dagrun for example_task_group to 2023-08-31T14:54:28.570866+00:00, run_after=2023-09-01T14:54:28.570866+00:00
[2023-09-01T14:54:28.590+0000] {processor.py:179} INFO - Processing /home/airflow/.local/lib/python3.8/site-packages/airflow/example_dags/example_task_group.py took 0.086 seconds
[2023-09-01T14:54:59.601+0000] {processor.py:157} INFO - Started process (PID=559) to work on /home/airflow/.local/lib/python3.8/site-packages/airflow/example_dags/example_task_group.py
[2023-09-01T14:54:59.602+0000] {processor.py:829} INFO - Processing file /home/airflow/.local/lib/python3.8/site-packages/airflow/example_dags/example_task_group.py for tasks to queue
[2023-09-01T14:54:59.605+0000] {logging_mixin.py:151} INFO - [2023-09-01T14:54:59.605+0000] {dagbag.py:539} INFO - Filling up the DagBag from /home/airflow/.local/lib/python3.8/site-packages/airflow/example_dags/example_task_group.py
[2023-09-01T14:54:59.614+0000] {processor.py:839} INFO - DAG(s) dict_keys(['example_task_group']) retrieved from /home/airflow/.local/lib/python3.8/site-packages/airflow/example_dags/example_task_group.py
[2023-09-01T14:54:59.642+0000] {logging_mixin.py:151} INFO - [2023-09-01T14:54:59.642+0000] {dag.py:2907} INFO - Sync 1 DAGs
[2023-09-01T14:54:59.669+0000] {logging_mixin.py:151} INFO - [2023-09-01T14:54:59.669+0000] {dag.py:3677} INFO - Setting next_dagrun for example_task_group to 2023-08-31T14:54:59.669131+00:00, run_after=2023-09-01T14:54:59.669131+00:00
[2023-09-01T14:54:59.689+0000] {processor.py:179} INFO - Processing /home/airflow/.local/lib/python3.8/site-packages/airflow/example_dags/example_task_group.py took 0.092 seconds
[2023-09-01T14:55:30.559+0000] {processor.py:157} INFO - Started process (PID=613) to work on /home/airflow/.local/lib/python3.8/site-packages/airflow/example_dags/example_task_group.py
[2023-09-01T14:55:30.560+0000] {processor.py:829} INFO - Processing file /home/airflow/.local/lib/python3.8/site-packages/airflow/example_dags/example_task_group.py for tasks to queue
[2023-09-01T14:55:30.563+0000] {logging_mixin.py:151} INFO - [2023-09-01T14:55:30.563+0000] {dagbag.py:539} INFO - Filling up the DagBag from /home/airflow/.local/lib/python3.8/site-packages/airflow/example_dags/example_task_group.py
[2023-09-01T14:55:30.571+0000] {processor.py:839} INFO - DAG(s) dict_keys(['example_task_group']) retrieved from /home/airflow/.local/lib/python3.8/site-packages/airflow/example_dags/example_task_group.py
[2023-09-01T14:55:30.595+0000] {logging_mixin.py:151} INFO - [2023-09-01T14:55:30.594+0000] {dag.py:2907} INFO - Sync 1 DAGs
[2023-09-01T14:55:30.620+0000] {logging_mixin.py:151} INFO - [2023-09-01T14:55:30.620+0000] {dag.py:3677} INFO - Setting next_dagrun for example_task_group to 2023-08-31T14:55:30.620546+00:00, run_after=2023-09-01T14:55:30.620546+00:00
[2023-09-01T14:55:30.640+0000] {processor.py:179} INFO - Processing /home/airflow/.local/lib/python3.8/site-packages/airflow/example_dags/example_task_group.py took 0.087 seconds
[2023-09-01T14:56:01.143+0000] {processor.py:157} INFO - Started process (PID=667) to work on /home/airflow/.local/lib/python3.8/site-packages/airflow/example_dags/example_task_group.py
[2023-09-01T14:56:01.145+0000] {processor.py:829} INFO - Processing file /home/airflow/.local/lib/python3.8/site-packages/airflow/example_dags/example_task_group.py for tasks to queue
[2023-09-01T14:56:01.147+0000] {logging_mixin.py:151} INFO - [2023-09-01T14:56:01.147+0000] {dagbag.py:539} INFO - Filling up the DagBag from /home/airflow/.local/lib/python3.8/site-packages/airflow/example_dags/example_task_group.py
[2023-09-01T14:56:01.156+0000] {processor.py:839} INFO - DAG(s) dict_keys(['example_task_group']) retrieved from /home/airflow/.local/lib/python3.8/site-packages/airflow/example_dags/example_task_group.py
[2023-09-01T14:56:01.181+0000] {logging_mixin.py:151} INFO - [2023-09-01T14:56:01.181+0000] {dag.py:2907} INFO - Sync 1 DAGs
[2023-09-01T14:56:01.205+0000] {logging_mixin.py:151} INFO - [2023-09-01T14:56:01.205+0000] {dag.py:3677} INFO - Setting next_dagrun for example_task_group to 2023-08-31T14:56:01.205463+00:00, run_after=2023-09-01T14:56:01.205463+00:00
[2023-09-01T14:56:01.225+0000] {processor.py:179} INFO - Processing /home/airflow/.local/lib/python3.8/site-packages/airflow/example_dags/example_task_group.py took 0.086 seconds
[2023-09-01T14:56:31.946+0000] {processor.py:157} INFO - Started process (PID=721) to work on /home/airflow/.local/lib/python3.8/site-packages/airflow/example_dags/example_task_group.py
[2023-09-01T14:56:31.947+0000] {processor.py:829} INFO - Processing file /home/airflow/.local/lib/python3.8/site-packages/airflow/example_dags/example_task_group.py for tasks to queue
[2023-09-01T14:56:31.950+0000] {logging_mixin.py:151} INFO - [2023-09-01T14:56:31.950+0000] {dagbag.py:539} INFO - Filling up the DagBag from /home/airflow/.local/lib/python3.8/site-packages/airflow/example_dags/example_task_group.py
[2023-09-01T14:56:31.958+0000] {processor.py:839} INFO - DAG(s) dict_keys(['example_task_group']) retrieved from /home/airflow/.local/lib/python3.8/site-packages/airflow/example_dags/example_task_group.py
[2023-09-01T14:56:31.983+0000] {logging_mixin.py:151} INFO - [2023-09-01T14:56:31.983+0000] {dag.py:2907} INFO - Sync 1 DAGs
[2023-09-01T14:56:32.008+0000] {logging_mixin.py:151} INFO - [2023-09-01T14:56:32.007+0000] {dag.py:3677} INFO - Setting next_dagrun for example_task_group to 2023-08-31T14:56:32.007508+00:00, run_after=2023-09-01T14:56:32.007508+00:00
[2023-09-01T14:56:32.026+0000] {processor.py:179} INFO - Processing /home/airflow/.local/lib/python3.8/site-packages/airflow/example_dags/example_task_group.py took 0.084 seconds
[2023-09-01T14:57:02.725+0000] {processor.py:157} INFO - Started process (PID=775) to work on /home/airflow/.local/lib/python3.8/site-packages/airflow/example_dags/example_task_group.py
[2023-09-01T14:57:02.726+0000] {processor.py:829} INFO - Processing file /home/airflow/.local/lib/python3.8/site-packages/airflow/example_dags/example_task_group.py for tasks to queue
[2023-09-01T14:57:02.729+0000] {logging_mixin.py:151} INFO - [2023-09-01T14:57:02.728+0000] {dagbag.py:539} INFO - Filling up the DagBag from /home/airflow/.local/lib/python3.8/site-packages/airflow/example_dags/example_task_group.py
[2023-09-01T14:57:02.737+0000] {processor.py:839} INFO - DAG(s) dict_keys(['example_task_group']) retrieved from /home/airflow/.local/lib/python3.8/site-packages/airflow/example_dags/example_task_group.py
[2023-09-01T14:57:02.762+0000] {logging_mixin.py:151} INFO - [2023-09-01T14:57:02.762+0000] {dag.py:2907} INFO - Sync 1 DAGs
[2023-09-01T14:57:02.786+0000] {logging_mixin.py:151} INFO - [2023-09-01T14:57:02.786+0000] {dag.py:3677} INFO - Setting next_dagrun for example_task_group to 2023-08-31T14:57:02.785826+00:00, run_after=2023-09-01T14:57:02.785826+00:00
[2023-09-01T14:57:02.806+0000] {processor.py:179} INFO - Processing /home/airflow/.local/lib/python3.8/site-packages/airflow/example_dags/example_task_group.py took 0.086 seconds
[2023-09-01T14:57:33.542+0000] {processor.py:157} INFO - Started process (PID=829) to work on /home/airflow/.local/lib/python3.8/site-packages/airflow/example_dags/example_task_group.py
[2023-09-01T14:57:33.543+0000] {processor.py:829} INFO - Processing file /home/airflow/.local/lib/python3.8/site-packages/airflow/example_dags/example_task_group.py for tasks to queue
[2023-09-01T14:57:33.546+0000] {logging_mixin.py:151} INFO - [2023-09-01T14:57:33.546+0000] {dagbag.py:539} INFO - Filling up the DagBag from /home/airflow/.local/lib/python3.8/site-packages/airflow/example_dags/example_task_group.py
[2023-09-01T14:57:33.554+0000] {processor.py:839} INFO - DAG(s) dict_keys(['example_task_group']) retrieved from /home/airflow/.local/lib/python3.8/site-packages/airflow/example_dags/example_task_group.py
[2023-09-01T14:57:33.579+0000] {logging_mixin.py:151} INFO - [2023-09-01T14:57:33.579+0000] {dag.py:2907} INFO - Sync 1 DAGs
[2023-09-01T14:57:33.602+0000] {logging_mixin.py:151} INFO - [2023-09-01T14:57:33.602+0000] {dag.py:3677} INFO - Setting next_dagrun for example_task_group to 2023-08-31T14:57:33.602380+00:00, run_after=2023-09-01T14:57:33.602380+00:00
[2023-09-01T14:57:33.622+0000] {processor.py:179} INFO - Processing /home/airflow/.local/lib/python3.8/site-packages/airflow/example_dags/example_task_group.py took 0.084 seconds
[2023-09-01T14:58:04.282+0000] {processor.py:157} INFO - Started process (PID=883) to work on /home/airflow/.local/lib/python3.8/site-packages/airflow/example_dags/example_task_group.py
[2023-09-01T14:58:04.283+0000] {processor.py:829} INFO - Processing file /home/airflow/.local/lib/python3.8/site-packages/airflow/example_dags/example_task_group.py for tasks to queue
[2023-09-01T14:58:04.286+0000] {logging_mixin.py:151} INFO - [2023-09-01T14:58:04.286+0000] {dagbag.py:539} INFO - Filling up the DagBag from /home/airflow/.local/lib/python3.8/site-packages/airflow/example_dags/example_task_group.py
[2023-09-01T14:58:04.294+0000] {processor.py:839} INFO - DAG(s) dict_keys(['example_task_group']) retrieved from /home/airflow/.local/lib/python3.8/site-packages/airflow/example_dags/example_task_group.py
[2023-09-01T14:58:04.319+0000] {logging_mixin.py:151} INFO - [2023-09-01T14:58:04.319+0000] {dag.py:2907} INFO - Sync 1 DAGs
[2023-09-01T14:58:04.342+0000] {logging_mixin.py:151} INFO - [2023-09-01T14:58:04.341+0000] {dag.py:3677} INFO - Setting next_dagrun for example_task_group to 2023-08-31T14:58:04.341670+00:00, run_after=2023-09-01T14:58:04.341670+00:00
[2023-09-01T14:58:04.358+0000] {processor.py:179} INFO - Processing /home/airflow/.local/lib/python3.8/site-packages/airflow/example_dags/example_task_group.py took 0.081 seconds
[2023-09-01T14:58:35.155+0000] {processor.py:157} INFO - Started process (PID=937) to work on /home/airflow/.local/lib/python3.8/site-packages/airflow/example_dags/example_task_group.py
[2023-09-01T14:58:35.156+0000] {processor.py:829} INFO - Processing file /home/airflow/.local/lib/python3.8/site-packages/airflow/example_dags/example_task_group.py for tasks to queue
[2023-09-01T14:58:35.159+0000] {logging_mixin.py:151} INFO - [2023-09-01T14:58:35.158+0000] {dagbag.py:539} INFO - Filling up the DagBag from /home/airflow/.local/lib/python3.8/site-packages/airflow/example_dags/example_task_group.py
[2023-09-01T14:58:35.167+0000] {processor.py:839} INFO - DAG(s) dict_keys(['example_task_group']) retrieved from /home/airflow/.local/lib/python3.8/site-packages/airflow/example_dags/example_task_group.py
[2023-09-01T14:58:35.192+0000] {logging_mixin.py:151} INFO - [2023-09-01T14:58:35.192+0000] {dag.py:2907} INFO - Sync 1 DAGs
[2023-09-01T14:58:35.216+0000] {logging_mixin.py:151} INFO - [2023-09-01T14:58:35.215+0000] {dag.py:3677} INFO - Setting next_dagrun for example_task_group to 2023-08-31T14:58:35.215597+00:00, run_after=2023-09-01T14:58:35.215597+00:00
[2023-09-01T14:58:35.239+0000] {processor.py:179} INFO - Processing /home/airflow/.local/lib/python3.8/site-packages/airflow/example_dags/example_task_group.py took 0.089 seconds
[2023-09-01T14:59:05.963+0000] {processor.py:157} INFO - Started process (PID=991) to work on /home/airflow/.local/lib/python3.8/site-packages/airflow/example_dags/example_task_group.py
[2023-09-01T14:59:05.965+0000] {processor.py:829} INFO - Processing file /home/airflow/.local/lib/python3.8/site-packages/airflow/example_dags/example_task_group.py for tasks to queue
[2023-09-01T14:59:05.967+0000] {logging_mixin.py:151} INFO - [2023-09-01T14:59:05.967+0000] {dagbag.py:539} INFO - Filling up the DagBag from /home/airflow/.local/lib/python3.8/site-packages/airflow/example_dags/example_task_group.py
[2023-09-01T14:59:05.976+0000] {processor.py:839} INFO - DAG(s) dict_keys(['example_task_group']) retrieved from /home/airflow/.local/lib/python3.8/site-packages/airflow/example_dags/example_task_group.py
[2023-09-01T14:59:06.001+0000] {logging_mixin.py:151} INFO - [2023-09-01T14:59:06.001+0000] {dag.py:2907} INFO - Sync 1 DAGs
[2023-09-01T14:59:06.026+0000] {logging_mixin.py:151} INFO - [2023-09-01T14:59:06.025+0000] {dag.py:3677} INFO - Setting next_dagrun for example_task_group to 2023-08-31T14:59:06.025629+00:00, run_after=2023-09-01T14:59:06.025629+00:00
[2023-09-01T14:59:06.045+0000] {processor.py:179} INFO - Processing /home/airflow/.local/lib/python3.8/site-packages/airflow/example_dags/example_task_group.py took 0.086 seconds
[2023-09-01T14:59:36.516+0000] {processor.py:157} INFO - Started process (PID=1045) to work on /home/airflow/.local/lib/python3.8/site-packages/airflow/example_dags/example_task_group.py
[2023-09-01T14:59:36.518+0000] {processor.py:829} INFO - Processing file /home/airflow/.local/lib/python3.8/site-packages/airflow/example_dags/example_task_group.py for tasks to queue
[2023-09-01T14:59:36.521+0000] {logging_mixin.py:151} INFO - [2023-09-01T14:59:36.520+0000] {dagbag.py:539} INFO - Filling up the DagBag from /home/airflow/.local/lib/python3.8/site-packages/airflow/example_dags/example_task_group.py
[2023-09-01T14:59:36.529+0000] {processor.py:839} INFO - DAG(s) dict_keys(['example_task_group']) retrieved from /home/airflow/.local/lib/python3.8/site-packages/airflow/example_dags/example_task_group.py
[2023-09-01T14:59:36.555+0000] {logging_mixin.py:151} INFO - [2023-09-01T14:59:36.555+0000] {dag.py:2907} INFO - Sync 1 DAGs
[2023-09-01T14:59:36.580+0000] {logging_mixin.py:151} INFO - [2023-09-01T14:59:36.580+0000] {dag.py:3677} INFO - Setting next_dagrun for example_task_group to 2023-08-31T14:59:36.579943+00:00, run_after=2023-09-01T14:59:36.579943+00:00
[2023-09-01T14:59:36.601+0000] {processor.py:179} INFO - Processing /home/airflow/.local/lib/python3.8/site-packages/airflow/example_dags/example_task_group.py took 0.089 seconds
[2023-09-01T15:00:07.444+0000] {processor.py:157} INFO - Started process (PID=1099) to work on /home/airflow/.local/lib/python3.8/site-packages/airflow/example_dags/example_task_group.py
[2023-09-01T15:00:07.445+0000] {processor.py:829} INFO - Processing file /home/airflow/.local/lib/python3.8/site-packages/airflow/example_dags/example_task_group.py for tasks to queue
[2023-09-01T15:00:07.448+0000] {logging_mixin.py:151} INFO - [2023-09-01T15:00:07.448+0000] {dagbag.py:539} INFO - Filling up the DagBag from /home/airflow/.local/lib/python3.8/site-packages/airflow/example_dags/example_task_group.py
[2023-09-01T15:00:07.456+0000] {processor.py:839} INFO - DAG(s) dict_keys(['example_task_group']) retrieved from /home/airflow/.local/lib/python3.8/site-packages/airflow/example_dags/example_task_group.py
[2023-09-01T15:00:07.482+0000] {logging_mixin.py:151} INFO - [2023-09-01T15:00:07.482+0000] {dag.py:2907} INFO - Sync 1 DAGs
[2023-09-01T15:00:07.503+0000] {logging_mixin.py:151} INFO - [2023-09-01T15:00:07.503+0000] {dag.py:3677} INFO - Setting next_dagrun for example_task_group to 2023-08-31T15:00:07.503514+00:00, run_after=2023-09-01T15:00:07.503514+00:00
[2023-09-01T15:00:07.521+0000] {processor.py:179} INFO - Processing /home/airflow/.local/lib/python3.8/site-packages/airflow/example_dags/example_task_group.py took 0.081 seconds
[2023-09-01T15:00:38.282+0000] {processor.py:157} INFO - Started process (PID=1153) to work on /home/airflow/.local/lib/python3.8/site-packages/airflow/example_dags/example_task_group.py
[2023-09-01T15:00:38.283+0000] {processor.py:829} INFO - Processing file /home/airflow/.local/lib/python3.8/site-packages/airflow/example_dags/example_task_group.py for tasks to queue
[2023-09-01T15:00:38.286+0000] {logging_mixin.py:151} INFO - [2023-09-01T15:00:38.286+0000] {dagbag.py:539} INFO - Filling up the DagBag from /home/airflow/.local/lib/python3.8/site-packages/airflow/example_dags/example_task_group.py
[2023-09-01T15:00:38.295+0000] {processor.py:839} INFO - DAG(s) dict_keys(['example_task_group']) retrieved from /home/airflow/.local/lib/python3.8/site-packages/airflow/example_dags/example_task_group.py
[2023-09-01T15:00:38.324+0000] {logging_mixin.py:151} INFO - [2023-09-01T15:00:38.324+0000] {dag.py:2907} INFO - Sync 1 DAGs
[2023-09-01T15:00:38.351+0000] {logging_mixin.py:151} INFO - [2023-09-01T15:00:38.351+0000] {dag.py:3677} INFO - Setting next_dagrun for example_task_group to 2023-08-31T15:00:38.350881+00:00, run_after=2023-09-01T15:00:38.350881+00:00
[2023-09-01T15:00:38.375+0000] {processor.py:179} INFO - Processing /home/airflow/.local/lib/python3.8/site-packages/airflow/example_dags/example_task_group.py took 0.098 seconds
[2023-09-01T15:01:08.868+0000] {processor.py:157} INFO - Started process (PID=1207) to work on /home/airflow/.local/lib/python3.8/site-packages/airflow/example_dags/example_task_group.py
[2023-09-01T15:01:08.870+0000] {processor.py:829} INFO - Processing file /home/airflow/.local/lib/python3.8/site-packages/airflow/example_dags/example_task_group.py for tasks to queue
[2023-09-01T15:01:08.872+0000] {logging_mixin.py:151} INFO - [2023-09-01T15:01:08.872+0000] {dagbag.py:539} INFO - Filling up the DagBag from /home/airflow/.local/lib/python3.8/site-packages/airflow/example_dags/example_task_group.py
[2023-09-01T15:01:08.881+0000] {processor.py:839} INFO - DAG(s) dict_keys(['example_task_group']) retrieved from /home/airflow/.local/lib/python3.8/site-packages/airflow/example_dags/example_task_group.py
[2023-09-01T15:01:08.906+0000] {logging_mixin.py:151} INFO - [2023-09-01T15:01:08.906+0000] {dag.py:2907} INFO - Sync 1 DAGs
[2023-09-01T15:01:08.931+0000] {logging_mixin.py:151} INFO - [2023-09-01T15:01:08.930+0000] {dag.py:3677} INFO - Setting next_dagrun for example_task_group to 2023-08-31T15:01:08.930591+00:00, run_after=2023-09-01T15:01:08.930591+00:00
[2023-09-01T15:01:08.952+0000] {processor.py:179} INFO - Processing /home/airflow/.local/lib/python3.8/site-packages/airflow/example_dags/example_task_group.py took 0.088 seconds
[2023-09-01T15:01:39.710+0000] {processor.py:157} INFO - Started process (PID=1261) to work on /home/airflow/.local/lib/python3.8/site-packages/airflow/example_dags/example_task_group.py
[2023-09-01T15:01:39.712+0000] {processor.py:829} INFO - Processing file /home/airflow/.local/lib/python3.8/site-packages/airflow/example_dags/example_task_group.py for tasks to queue
[2023-09-01T15:01:39.715+0000] {logging_mixin.py:151} INFO - [2023-09-01T15:01:39.714+0000] {dagbag.py:539} INFO - Filling up the DagBag from /home/airflow/.local/lib/python3.8/site-packages/airflow/example_dags/example_task_group.py
[2023-09-01T15:01:39.723+0000] {processor.py:839} INFO - DAG(s) dict_keys(['example_task_group']) retrieved from /home/airflow/.local/lib/python3.8/site-packages/airflow/example_dags/example_task_group.py
[2023-09-01T15:01:39.749+0000] {logging_mixin.py:151} INFO - [2023-09-01T15:01:39.749+0000] {dag.py:2907} INFO - Sync 1 DAGs
[2023-09-01T15:01:39.774+0000] {logging_mixin.py:151} INFO - [2023-09-01T15:01:39.774+0000] {dag.py:3677} INFO - Setting next_dagrun for example_task_group to 2023-08-31T15:01:39.773926+00:00, run_after=2023-09-01T15:01:39.773926+00:00
[2023-09-01T15:01:39.794+0000] {processor.py:179} INFO - Processing /home/airflow/.local/lib/python3.8/site-packages/airflow/example_dags/example_task_group.py took 0.088 seconds
[2023-09-01T15:02:10.424+0000] {processor.py:157} INFO - Started process (PID=1315) to work on /home/airflow/.local/lib/python3.8/site-packages/airflow/example_dags/example_task_group.py
[2023-09-01T15:02:10.425+0000] {processor.py:829} INFO - Processing file /home/airflow/.local/lib/python3.8/site-packages/airflow/example_dags/example_task_group.py for tasks to queue
[2023-09-01T15:02:10.429+0000] {logging_mixin.py:151} INFO - [2023-09-01T15:02:10.428+0000] {dagbag.py:539} INFO - Filling up the DagBag from /home/airflow/.local/lib/python3.8/site-packages/airflow/example_dags/example_task_group.py
[2023-09-01T15:02:10.439+0000] {processor.py:839} INFO - DAG(s) dict_keys(['example_task_group']) retrieved from /home/airflow/.local/lib/python3.8/site-packages/airflow/example_dags/example_task_group.py
[2023-09-01T15:02:10.472+0000] {logging_mixin.py:151} INFO - [2023-09-01T15:02:10.471+0000] {dag.py:2907} INFO - Sync 1 DAGs
[2023-09-01T15:02:10.506+0000] {logging_mixin.py:151} INFO - [2023-09-01T15:02:10.506+0000] {dag.py:3677} INFO - Setting next_dagrun for example_task_group to 2023-08-31T15:02:10.505932+00:00, run_after=2023-09-01T15:02:10.505932+00:00
[2023-09-01T15:02:10.538+0000] {processor.py:179} INFO - Processing /home/airflow/.local/lib/python3.8/site-packages/airflow/example_dags/example_task_group.py took 0.119 seconds
[2023-09-01T15:02:40.709+0000] {processor.py:157} INFO - Started process (PID=1369) to work on /home/airflow/.local/lib/python3.8/site-packages/airflow/example_dags/example_task_group.py
[2023-09-01T15:02:40.710+0000] {processor.py:829} INFO - Processing file /home/airflow/.local/lib/python3.8/site-packages/airflow/example_dags/example_task_group.py for tasks to queue
[2023-09-01T15:02:40.712+0000] {logging_mixin.py:151} INFO - [2023-09-01T15:02:40.712+0000] {dagbag.py:539} INFO - Filling up the DagBag from /home/airflow/.local/lib/python3.8/site-packages/airflow/example_dags/example_task_group.py
[2023-09-01T15:02:40.721+0000] {processor.py:839} INFO - DAG(s) dict_keys(['example_task_group']) retrieved from /home/airflow/.local/lib/python3.8/site-packages/airflow/example_dags/example_task_group.py
[2023-09-01T15:02:40.748+0000] {logging_mixin.py:151} INFO - [2023-09-01T15:02:40.748+0000] {dag.py:2907} INFO - Sync 1 DAGs
[2023-09-01T15:02:40.775+0000] {logging_mixin.py:151} INFO - [2023-09-01T15:02:40.775+0000] {dag.py:3677} INFO - Setting next_dagrun for example_task_group to 2023-08-31T15:02:40.774845+00:00, run_after=2023-09-01T15:02:40.774845+00:00
[2023-09-01T15:02:40.798+0000] {processor.py:179} INFO - Processing /home/airflow/.local/lib/python3.8/site-packages/airflow/example_dags/example_task_group.py took 0.094 seconds
[2023-09-01T15:03:10.850+0000] {processor.py:157} INFO - Started process (PID=1422) to work on /home/airflow/.local/lib/python3.8/site-packages/airflow/example_dags/example_task_group.py
[2023-09-01T15:03:10.851+0000] {processor.py:829} INFO - Processing file /home/airflow/.local/lib/python3.8/site-packages/airflow/example_dags/example_task_group.py for tasks to queue
[2023-09-01T15:03:10.854+0000] {logging_mixin.py:151} INFO - [2023-09-01T15:03:10.854+0000] {dagbag.py:539} INFO - Filling up the DagBag from /home/airflow/.local/lib/python3.8/site-packages/airflow/example_dags/example_task_group.py
[2023-09-01T15:03:10.864+0000] {processor.py:839} INFO - DAG(s) dict_keys(['example_task_group']) retrieved from /home/airflow/.local/lib/python3.8/site-packages/airflow/example_dags/example_task_group.py
[2023-09-01T15:03:10.895+0000] {logging_mixin.py:151} INFO - [2023-09-01T15:03:10.895+0000] {dag.py:2907} INFO - Sync 1 DAGs
[2023-09-01T15:03:10.933+0000] {logging_mixin.py:151} INFO - [2023-09-01T15:03:10.933+0000] {dag.py:3677} INFO - Setting next_dagrun for example_task_group to 2023-08-31T15:03:10.933048+00:00, run_after=2023-09-01T15:03:10.933048+00:00
[2023-09-01T15:03:10.965+0000] {processor.py:179} INFO - Processing /home/airflow/.local/lib/python3.8/site-packages/airflow/example_dags/example_task_group.py took 0.120 seconds
[2023-09-01T15:03:41.087+0000] {processor.py:157} INFO - Started process (PID=1476) to work on /home/airflow/.local/lib/python3.8/site-packages/airflow/example_dags/example_task_group.py
[2023-09-01T15:03:41.088+0000] {processor.py:829} INFO - Processing file /home/airflow/.local/lib/python3.8/site-packages/airflow/example_dags/example_task_group.py for tasks to queue
[2023-09-01T15:03:41.092+0000] {logging_mixin.py:151} INFO - [2023-09-01T15:03:41.091+0000] {dagbag.py:539} INFO - Filling up the DagBag from /home/airflow/.local/lib/python3.8/site-packages/airflow/example_dags/example_task_group.py
[2023-09-01T15:03:41.102+0000] {processor.py:839} INFO - DAG(s) dict_keys(['example_task_group']) retrieved from /home/airflow/.local/lib/python3.8/site-packages/airflow/example_dags/example_task_group.py
[2023-09-01T15:03:41.132+0000] {logging_mixin.py:151} INFO - [2023-09-01T15:03:41.132+0000] {dag.py:2907} INFO - Sync 1 DAGs
[2023-09-01T15:03:41.157+0000] {logging_mixin.py:151} INFO - [2023-09-01T15:03:41.157+0000] {dag.py:3677} INFO - Setting next_dagrun for example_task_group to 2023-08-31T15:03:41.157257+00:00, run_after=2023-09-01T15:03:41.157257+00:00
[2023-09-01T15:03:41.177+0000] {processor.py:179} INFO - Processing /home/airflow/.local/lib/python3.8/site-packages/airflow/example_dags/example_task_group.py took 0.095 seconds
[2023-09-01T15:04:11.306+0000] {processor.py:157} INFO - Started process (PID=1530) to work on /home/airflow/.local/lib/python3.8/site-packages/airflow/example_dags/example_task_group.py
[2023-09-01T15:04:11.307+0000] {processor.py:829} INFO - Processing file /home/airflow/.local/lib/python3.8/site-packages/airflow/example_dags/example_task_group.py for tasks to queue
[2023-09-01T15:04:11.311+0000] {logging_mixin.py:151} INFO - [2023-09-01T15:04:11.310+0000] {dagbag.py:539} INFO - Filling up the DagBag from /home/airflow/.local/lib/python3.8/site-packages/airflow/example_dags/example_task_group.py
[2023-09-01T15:04:11.321+0000] {processor.py:839} INFO - DAG(s) dict_keys(['example_task_group']) retrieved from /home/airflow/.local/lib/python3.8/site-packages/airflow/example_dags/example_task_group.py
[2023-09-01T15:04:11.350+0000] {logging_mixin.py:151} INFO - [2023-09-01T15:04:11.350+0000] {dag.py:2907} INFO - Sync 1 DAGs
[2023-09-01T15:04:11.374+0000] {logging_mixin.py:151} INFO - [2023-09-01T15:04:11.373+0000] {dag.py:3677} INFO - Setting next_dagrun for example_task_group to 2023-08-31T15:04:11.373580+00:00, run_after=2023-09-01T15:04:11.373580+00:00
[2023-09-01T15:04:11.393+0000] {processor.py:179} INFO - Processing /home/airflow/.local/lib/python3.8/site-packages/airflow/example_dags/example_task_group.py took 0.092 seconds
[2023-09-01T15:04:41.575+0000] {processor.py:157} INFO - Started process (PID=1584) to work on /home/airflow/.local/lib/python3.8/site-packages/airflow/example_dags/example_task_group.py
[2023-09-01T15:04:41.577+0000] {processor.py:829} INFO - Processing file /home/airflow/.local/lib/python3.8/site-packages/airflow/example_dags/example_task_group.py for tasks to queue
[2023-09-01T15:04:41.580+0000] {logging_mixin.py:151} INFO - [2023-09-01T15:04:41.580+0000] {dagbag.py:539} INFO - Filling up the DagBag from /home/airflow/.local/lib/python3.8/site-packages/airflow/example_dags/example_task_group.py
[2023-09-01T15:04:41.591+0000] {processor.py:839} INFO - DAG(s) dict_keys(['example_task_group']) retrieved from /home/airflow/.local/lib/python3.8/site-packages/airflow/example_dags/example_task_group.py
[2023-09-01T15:04:41.619+0000] {logging_mixin.py:151} INFO - [2023-09-01T15:04:41.619+0000] {dag.py:2907} INFO - Sync 1 DAGs
[2023-09-01T15:04:41.643+0000] {logging_mixin.py:151} INFO - [2023-09-01T15:04:41.643+0000] {dag.py:3677} INFO - Setting next_dagrun for example_task_group to 2023-08-31T15:04:41.642699+00:00, run_after=2023-09-01T15:04:41.642699+00:00
[2023-09-01T15:04:41.662+0000] {processor.py:179} INFO - Processing /home/airflow/.local/lib/python3.8/site-packages/airflow/example_dags/example_task_group.py took 0.091 seconds
[2023-09-01T15:05:11.731+0000] {processor.py:157} INFO - Started process (PID=1638) to work on /home/airflow/.local/lib/python3.8/site-packages/airflow/example_dags/example_task_group.py
[2023-09-01T15:05:11.732+0000] {processor.py:829} INFO - Processing file /home/airflow/.local/lib/python3.8/site-packages/airflow/example_dags/example_task_group.py for tasks to queue
[2023-09-01T15:05:11.736+0000] {logging_mixin.py:151} INFO - [2023-09-01T15:05:11.735+0000] {dagbag.py:539} INFO - Filling up the DagBag from /home/airflow/.local/lib/python3.8/site-packages/airflow/example_dags/example_task_group.py
[2023-09-01T15:05:11.745+0000] {processor.py:839} INFO - DAG(s) dict_keys(['example_task_group']) retrieved from /home/airflow/.local/lib/python3.8/site-packages/airflow/example_dags/example_task_group.py
[2023-09-01T15:05:11.768+0000] {logging_mixin.py:151} INFO - [2023-09-01T15:05:11.768+0000] {dag.py:2907} INFO - Sync 1 DAGs
[2023-09-01T15:05:11.792+0000] {logging_mixin.py:151} INFO - [2023-09-01T15:05:11.792+0000] {dag.py:3677} INFO - Setting next_dagrun for example_task_group to 2023-08-31T15:05:11.791789+00:00, run_after=2023-09-01T15:05:11.791789+00:00
[2023-09-01T15:05:11.811+0000] {processor.py:179} INFO - Processing /home/airflow/.local/lib/python3.8/site-packages/airflow/example_dags/example_task_group.py took 0.085 seconds
[2023-09-01T15:05:42.159+0000] {processor.py:157} INFO - Started process (PID=1693) to work on /home/airflow/.local/lib/python3.8/site-packages/airflow/example_dags/example_task_group.py
[2023-09-01T15:05:42.160+0000] {processor.py:829} INFO - Processing file /home/airflow/.local/lib/python3.8/site-packages/airflow/example_dags/example_task_group.py for tasks to queue
[2023-09-01T15:05:42.163+0000] {logging_mixin.py:151} INFO - [2023-09-01T15:05:42.163+0000] {dagbag.py:539} INFO - Filling up the DagBag from /home/airflow/.local/lib/python3.8/site-packages/airflow/example_dags/example_task_group.py
[2023-09-01T15:05:42.172+0000] {processor.py:839} INFO - DAG(s) dict_keys(['example_task_group']) retrieved from /home/airflow/.local/lib/python3.8/site-packages/airflow/example_dags/example_task_group.py
[2023-09-01T15:05:42.196+0000] {logging_mixin.py:151} INFO - [2023-09-01T15:05:42.195+0000] {dag.py:2907} INFO - Sync 1 DAGs
[2023-09-01T15:05:42.221+0000] {logging_mixin.py:151} INFO - [2023-09-01T15:05:42.221+0000] {dag.py:3677} INFO - Setting next_dagrun for example_task_group to 2023-08-31T15:05:42.221243+00:00, run_after=2023-09-01T15:05:42.221243+00:00
[2023-09-01T15:05:42.247+0000] {processor.py:179} INFO - Processing /home/airflow/.local/lib/python3.8/site-packages/airflow/example_dags/example_task_group.py took 0.092 seconds
[2023-09-01T15:06:12.425+0000] {processor.py:157} INFO - Started process (PID=1747) to work on /home/airflow/.local/lib/python3.8/site-packages/airflow/example_dags/example_task_group.py
[2023-09-01T15:06:12.426+0000] {processor.py:829} INFO - Processing file /home/airflow/.local/lib/python3.8/site-packages/airflow/example_dags/example_task_group.py for tasks to queue
[2023-09-01T15:06:12.429+0000] {logging_mixin.py:151} INFO - [2023-09-01T15:06:12.428+0000] {dagbag.py:539} INFO - Filling up the DagBag from /home/airflow/.local/lib/python3.8/site-packages/airflow/example_dags/example_task_group.py
[2023-09-01T15:06:12.437+0000] {processor.py:839} INFO - DAG(s) dict_keys(['example_task_group']) retrieved from /home/airflow/.local/lib/python3.8/site-packages/airflow/example_dags/example_task_group.py
[2023-09-01T15:06:12.461+0000] {logging_mixin.py:151} INFO - [2023-09-01T15:06:12.461+0000] {dag.py:2907} INFO - Sync 1 DAGs
[2023-09-01T15:06:12.485+0000] {logging_mixin.py:151} INFO - [2023-09-01T15:06:12.485+0000] {dag.py:3677} INFO - Setting next_dagrun for example_task_group to 2023-08-31T15:06:12.484720+00:00, run_after=2023-09-01T15:06:12.484720+00:00
[2023-09-01T15:06:12.505+0000] {processor.py:179} INFO - Processing /home/airflow/.local/lib/python3.8/site-packages/airflow/example_dags/example_task_group.py took 0.084 seconds
[2023-09-01T15:06:42.622+0000] {processor.py:157} INFO - Started process (PID=1801) to work on /home/airflow/.local/lib/python3.8/site-packages/airflow/example_dags/example_task_group.py
[2023-09-01T15:06:42.623+0000] {processor.py:829} INFO - Processing file /home/airflow/.local/lib/python3.8/site-packages/airflow/example_dags/example_task_group.py for tasks to queue
[2023-09-01T15:06:42.626+0000] {logging_mixin.py:151} INFO - [2023-09-01T15:06:42.626+0000] {dagbag.py:539} INFO - Filling up the DagBag from /home/airflow/.local/lib/python3.8/site-packages/airflow/example_dags/example_task_group.py
[2023-09-01T15:06:42.634+0000] {processor.py:839} INFO - DAG(s) dict_keys(['example_task_group']) retrieved from /home/airflow/.local/lib/python3.8/site-packages/airflow/example_dags/example_task_group.py
[2023-09-01T15:06:42.659+0000] {logging_mixin.py:151} INFO - [2023-09-01T15:06:42.659+0000] {dag.py:2907} INFO - Sync 1 DAGs
[2023-09-01T15:06:42.683+0000] {logging_mixin.py:151} INFO - [2023-09-01T15:06:42.683+0000] {dag.py:3677} INFO - Setting next_dagrun for example_task_group to 2023-08-31T15:06:42.683216+00:00, run_after=2023-09-01T15:06:42.683216+00:00
[2023-09-01T15:06:42.702+0000] {processor.py:179} INFO - Processing /home/airflow/.local/lib/python3.8/site-packages/airflow/example_dags/example_task_group.py took 0.085 seconds
[2023-09-01T15:07:12.793+0000] {processor.py:157} INFO - Started process (PID=1855) to work on /home/airflow/.local/lib/python3.8/site-packages/airflow/example_dags/example_task_group.py
[2023-09-01T15:07:12.794+0000] {processor.py:829} INFO - Processing file /home/airflow/.local/lib/python3.8/site-packages/airflow/example_dags/example_task_group.py for tasks to queue
[2023-09-01T15:07:12.797+0000] {logging_mixin.py:151} INFO - [2023-09-01T15:07:12.797+0000] {dagbag.py:539} INFO - Filling up the DagBag from /home/airflow/.local/lib/python3.8/site-packages/airflow/example_dags/example_task_group.py
[2023-09-01T15:07:12.806+0000] {processor.py:839} INFO - DAG(s) dict_keys(['example_task_group']) retrieved from /home/airflow/.local/lib/python3.8/site-packages/airflow/example_dags/example_task_group.py
[2023-09-01T15:07:12.831+0000] {logging_mixin.py:151} INFO - [2023-09-01T15:07:12.831+0000] {dag.py:2907} INFO - Sync 1 DAGs
[2023-09-01T15:07:12.855+0000] {logging_mixin.py:151} INFO - [2023-09-01T15:07:12.855+0000] {dag.py:3677} INFO - Setting next_dagrun for example_task_group to 2023-08-31T15:07:12.855330+00:00, run_after=2023-09-01T15:07:12.855330+00:00
[2023-09-01T15:07:12.875+0000] {processor.py:179} INFO - Processing /home/airflow/.local/lib/python3.8/site-packages/airflow/example_dags/example_task_group.py took 0.086 seconds
[2023-09-01T15:07:42.967+0000] {processor.py:157} INFO - Started process (PID=1909) to work on /home/airflow/.local/lib/python3.8/site-packages/airflow/example_dags/example_task_group.py
[2023-09-01T15:07:42.968+0000] {processor.py:829} INFO - Processing file /home/airflow/.local/lib/python3.8/site-packages/airflow/example_dags/example_task_group.py for tasks to queue
[2023-09-01T15:07:42.971+0000] {logging_mixin.py:151} INFO - [2023-09-01T15:07:42.971+0000] {dagbag.py:539} INFO - Filling up the DagBag from /home/airflow/.local/lib/python3.8/site-packages/airflow/example_dags/example_task_group.py
[2023-09-01T15:07:42.979+0000] {processor.py:839} INFO - DAG(s) dict_keys(['example_task_group']) retrieved from /home/airflow/.local/lib/python3.8/site-packages/airflow/example_dags/example_task_group.py
[2023-09-01T15:07:43.003+0000] {logging_mixin.py:151} INFO - [2023-09-01T15:07:43.003+0000] {dag.py:2907} INFO - Sync 1 DAGs
[2023-09-01T15:07:43.027+0000] {logging_mixin.py:151} INFO - [2023-09-01T15:07:43.027+0000] {dag.py:3677} INFO - Setting next_dagrun for example_task_group to 2023-08-31T15:07:43.027284+00:00, run_after=2023-09-01T15:07:43.027284+00:00
[2023-09-01T15:07:43.047+0000] {processor.py:179} INFO - Processing /home/airflow/.local/lib/python3.8/site-packages/airflow/example_dags/example_task_group.py took 0.084 seconds
[2023-09-01T15:08:13.337+0000] {processor.py:157} INFO - Started process (PID=1963) to work on /home/airflow/.local/lib/python3.8/site-packages/airflow/example_dags/example_task_group.py
[2023-09-01T15:08:13.338+0000] {processor.py:829} INFO - Processing file /home/airflow/.local/lib/python3.8/site-packages/airflow/example_dags/example_task_group.py for tasks to queue
[2023-09-01T15:08:13.340+0000] {logging_mixin.py:151} INFO - [2023-09-01T15:08:13.340+0000] {dagbag.py:539} INFO - Filling up the DagBag from /home/airflow/.local/lib/python3.8/site-packages/airflow/example_dags/example_task_group.py
[2023-09-01T15:08:13.349+0000] {processor.py:839} INFO - DAG(s) dict_keys(['example_task_group']) retrieved from /home/airflow/.local/lib/python3.8/site-packages/airflow/example_dags/example_task_group.py
[2023-09-01T15:08:13.373+0000] {logging_mixin.py:151} INFO - [2023-09-01T15:08:13.373+0000] {dag.py:2907} INFO - Sync 1 DAGs
[2023-09-01T15:08:13.398+0000] {logging_mixin.py:151} INFO - [2023-09-01T15:08:13.397+0000] {dag.py:3677} INFO - Setting next_dagrun for example_task_group to 2023-08-31T15:08:13.397536+00:00, run_after=2023-09-01T15:08:13.397536+00:00
[2023-09-01T15:08:13.418+0000] {processor.py:179} INFO - Processing /home/airflow/.local/lib/python3.8/site-packages/airflow/example_dags/example_task_group.py took 0.086 seconds
[2023-09-01T15:08:43.647+0000] {processor.py:157} INFO - Started process (PID=2017) to work on /home/airflow/.local/lib/python3.8/site-packages/airflow/example_dags/example_task_group.py
[2023-09-01T15:08:43.648+0000] {processor.py:829} INFO - Processing file /home/airflow/.local/lib/python3.8/site-packages/airflow/example_dags/example_task_group.py for tasks to queue
[2023-09-01T15:08:43.651+0000] {logging_mixin.py:151} INFO - [2023-09-01T15:08:43.651+0000] {dagbag.py:539} INFO - Filling up the DagBag from /home/airflow/.local/lib/python3.8/site-packages/airflow/example_dags/example_task_group.py
[2023-09-01T15:08:43.660+0000] {processor.py:839} INFO - DAG(s) dict_keys(['example_task_group']) retrieved from /home/airflow/.local/lib/python3.8/site-packages/airflow/example_dags/example_task_group.py
[2023-09-01T15:08:43.687+0000] {logging_mixin.py:151} INFO - [2023-09-01T15:08:43.687+0000] {dag.py:2907} INFO - Sync 1 DAGs
[2023-09-01T15:08:43.713+0000] {logging_mixin.py:151} INFO - [2023-09-01T15:08:43.712+0000] {dag.py:3677} INFO - Setting next_dagrun for example_task_group to 2023-08-31T15:08:43.712590+00:00, run_after=2023-09-01T15:08:43.712590+00:00
[2023-09-01T15:08:43.731+0000] {processor.py:179} INFO - Processing /home/airflow/.local/lib/python3.8/site-packages/airflow/example_dags/example_task_group.py took 0.088 seconds
[2023-09-01T15:09:14.003+0000] {processor.py:157} INFO - Started process (PID=2071) to work on /home/airflow/.local/lib/python3.8/site-packages/airflow/example_dags/example_task_group.py
[2023-09-01T15:09:14.004+0000] {processor.py:829} INFO - Processing file /home/airflow/.local/lib/python3.8/site-packages/airflow/example_dags/example_task_group.py for tasks to queue
[2023-09-01T15:09:14.007+0000] {logging_mixin.py:151} INFO - [2023-09-01T15:09:14.007+0000] {dagbag.py:539} INFO - Filling up the DagBag from /home/airflow/.local/lib/python3.8/site-packages/airflow/example_dags/example_task_group.py
[2023-09-01T15:09:14.015+0000] {processor.py:839} INFO - DAG(s) dict_keys(['example_task_group']) retrieved from /home/airflow/.local/lib/python3.8/site-packages/airflow/example_dags/example_task_group.py
[2023-09-01T15:09:14.039+0000] {logging_mixin.py:151} INFO - [2023-09-01T15:09:14.039+0000] {dag.py:2907} INFO - Sync 1 DAGs
[2023-09-01T15:09:14.063+0000] {logging_mixin.py:151} INFO - [2023-09-01T15:09:14.063+0000] {dag.py:3677} INFO - Setting next_dagrun for example_task_group to 2023-08-31T15:09:14.062824+00:00, run_after=2023-09-01T15:09:14.062824+00:00
[2023-09-01T15:09:14.082+0000] {processor.py:179} INFO - Processing /home/airflow/.local/lib/python3.8/site-packages/airflow/example_dags/example_task_group.py took 0.083 seconds
[2023-09-01T15:09:44.154+0000] {processor.py:157} INFO - Started process (PID=2125) to work on /home/airflow/.local/lib/python3.8/site-packages/airflow/example_dags/example_task_group.py
[2023-09-01T15:09:44.155+0000] {processor.py:829} INFO - Processing file /home/airflow/.local/lib/python3.8/site-packages/airflow/example_dags/example_task_group.py for tasks to queue
[2023-09-01T15:09:44.158+0000] {logging_mixin.py:151} INFO - [2023-09-01T15:09:44.158+0000] {dagbag.py:539} INFO - Filling up the DagBag from /home/airflow/.local/lib/python3.8/site-packages/airflow/example_dags/example_task_group.py
[2023-09-01T15:09:44.167+0000] {processor.py:839} INFO - DAG(s) dict_keys(['example_task_group']) retrieved from /home/airflow/.local/lib/python3.8/site-packages/airflow/example_dags/example_task_group.py
[2023-09-01T15:09:44.192+0000] {logging_mixin.py:151} INFO - [2023-09-01T15:09:44.192+0000] {dag.py:2907} INFO - Sync 1 DAGs
[2023-09-01T15:09:44.216+0000] {logging_mixin.py:151} INFO - [2023-09-01T15:09:44.216+0000] {dag.py:3677} INFO - Setting next_dagrun for example_task_group to 2023-08-31T15:09:44.216213+00:00, run_after=2023-09-01T15:09:44.216213+00:00
[2023-09-01T15:09:44.235+0000] {processor.py:179} INFO - Processing /home/airflow/.local/lib/python3.8/site-packages/airflow/example_dags/example_task_group.py took 0.085 seconds
[2023-09-01T15:10:14.550+0000] {processor.py:157} INFO - Started process (PID=2179) to work on /home/airflow/.local/lib/python3.8/site-packages/airflow/example_dags/example_task_group.py
[2023-09-01T15:10:14.552+0000] {processor.py:829} INFO - Processing file /home/airflow/.local/lib/python3.8/site-packages/airflow/example_dags/example_task_group.py for tasks to queue
[2023-09-01T15:10:14.555+0000] {logging_mixin.py:151} INFO - [2023-09-01T15:10:14.555+0000] {dagbag.py:539} INFO - Filling up the DagBag from /home/airflow/.local/lib/python3.8/site-packages/airflow/example_dags/example_task_group.py
[2023-09-01T15:10:14.567+0000] {processor.py:839} INFO - DAG(s) dict_keys(['example_task_group']) retrieved from /home/airflow/.local/lib/python3.8/site-packages/airflow/example_dags/example_task_group.py
[2023-09-01T15:10:14.597+0000] {logging_mixin.py:151} INFO - [2023-09-01T15:10:14.597+0000] {dag.py:2907} INFO - Sync 1 DAGs
[2023-09-01T15:10:14.629+0000] {logging_mixin.py:151} INFO - [2023-09-01T15:10:14.628+0000] {dag.py:3677} INFO - Setting next_dagrun for example_task_group to 2023-08-31T15:10:14.628590+00:00, run_after=2023-09-01T15:10:14.628590+00:00
[2023-09-01T15:10:14.657+0000] {processor.py:179} INFO - Processing /home/airflow/.local/lib/python3.8/site-packages/airflow/example_dags/example_task_group.py took 0.112 seconds
[2023-09-01T15:10:45.033+0000] {processor.py:157} INFO - Started process (PID=2233) to work on /home/airflow/.local/lib/python3.8/site-packages/airflow/example_dags/example_task_group.py
[2023-09-01T15:10:45.034+0000] {processor.py:829} INFO - Processing file /home/airflow/.local/lib/python3.8/site-packages/airflow/example_dags/example_task_group.py for tasks to queue
[2023-09-01T15:10:45.037+0000] {logging_mixin.py:151} INFO - [2023-09-01T15:10:45.037+0000] {dagbag.py:539} INFO - Filling up the DagBag from /home/airflow/.local/lib/python3.8/site-packages/airflow/example_dags/example_task_group.py
[2023-09-01T15:10:45.045+0000] {processor.py:839} INFO - DAG(s) dict_keys(['example_task_group']) retrieved from /home/airflow/.local/lib/python3.8/site-packages/airflow/example_dags/example_task_group.py
[2023-09-01T15:10:45.069+0000] {logging_mixin.py:151} INFO - [2023-09-01T15:10:45.069+0000] {dag.py:2907} INFO - Sync 1 DAGs
[2023-09-01T15:10:45.093+0000] {logging_mixin.py:151} INFO - [2023-09-01T15:10:45.093+0000] {dag.py:3677} INFO - Setting next_dagrun for example_task_group to 2023-08-31T15:10:45.092928+00:00, run_after=2023-09-01T15:10:45.092928+00:00
[2023-09-01T15:10:45.112+0000] {processor.py:179} INFO - Processing /home/airflow/.local/lib/python3.8/site-packages/airflow/example_dags/example_task_group.py took 0.084 seconds
[2023-09-01T15:11:15.486+0000] {processor.py:157} INFO - Started process (PID=2287) to work on /home/airflow/.local/lib/python3.8/site-packages/airflow/example_dags/example_task_group.py
[2023-09-01T15:11:15.487+0000] {processor.py:829} INFO - Processing file /home/airflow/.local/lib/python3.8/site-packages/airflow/example_dags/example_task_group.py for tasks to queue
[2023-09-01T15:11:15.490+0000] {logging_mixin.py:151} INFO - [2023-09-01T15:11:15.489+0000] {dagbag.py:539} INFO - Filling up the DagBag from /home/airflow/.local/lib/python3.8/site-packages/airflow/example_dags/example_task_group.py
[2023-09-01T15:11:15.498+0000] {processor.py:839} INFO - DAG(s) dict_keys(['example_task_group']) retrieved from /home/airflow/.local/lib/python3.8/site-packages/airflow/example_dags/example_task_group.py
[2023-09-01T15:11:15.522+0000] {logging_mixin.py:151} INFO - [2023-09-01T15:11:15.522+0000] {dag.py:2907} INFO - Sync 1 DAGs
[2023-09-01T15:11:15.547+0000] {logging_mixin.py:151} INFO - [2023-09-01T15:11:15.547+0000] {dag.py:3677} INFO - Setting next_dagrun for example_task_group to 2023-08-31T15:11:15.546920+00:00, run_after=2023-09-01T15:11:15.546920+00:00
[2023-09-01T15:11:15.565+0000] {processor.py:179} INFO - Processing /home/airflow/.local/lib/python3.8/site-packages/airflow/example_dags/example_task_group.py took 0.084 seconds
[2023-09-01T15:11:45.729+0000] {processor.py:157} INFO - Started process (PID=2341) to work on /home/airflow/.local/lib/python3.8/site-packages/airflow/example_dags/example_task_group.py
[2023-09-01T15:11:45.731+0000] {processor.py:829} INFO - Processing file /home/airflow/.local/lib/python3.8/site-packages/airflow/example_dags/example_task_group.py for tasks to queue
[2023-09-01T15:11:45.734+0000] {logging_mixin.py:151} INFO - [2023-09-01T15:11:45.734+0000] {dagbag.py:539} INFO - Filling up the DagBag from /home/airflow/.local/lib/python3.8/site-packages/airflow/example_dags/example_task_group.py
[2023-09-01T15:11:45.744+0000] {processor.py:839} INFO - DAG(s) dict_keys(['example_task_group']) retrieved from /home/airflow/.local/lib/python3.8/site-packages/airflow/example_dags/example_task_group.py
[2023-09-01T15:11:45.774+0000] {logging_mixin.py:151} INFO - [2023-09-01T15:11:45.773+0000] {dag.py:2907} INFO - Sync 1 DAGs
[2023-09-01T15:11:45.802+0000] {logging_mixin.py:151} INFO - [2023-09-01T15:11:45.802+0000] {dag.py:3677} INFO - Setting next_dagrun for example_task_group to 2023-08-31T15:11:45.801895+00:00, run_after=2023-09-01T15:11:45.801895+00:00
[2023-09-01T15:11:45.823+0000] {processor.py:179} INFO - Processing /home/airflow/.local/lib/python3.8/site-packages/airflow/example_dags/example_task_group.py took 0.099 seconds
[2023-09-01T15:12:15.936+0000] {processor.py:157} INFO - Started process (PID=2395) to work on /home/airflow/.local/lib/python3.8/site-packages/airflow/example_dags/example_task_group.py
[2023-09-01T15:12:15.937+0000] {processor.py:829} INFO - Processing file /home/airflow/.local/lib/python3.8/site-packages/airflow/example_dags/example_task_group.py for tasks to queue
[2023-09-01T15:12:15.940+0000] {logging_mixin.py:151} INFO - [2023-09-01T15:12:15.939+0000] {dagbag.py:539} INFO - Filling up the DagBag from /home/airflow/.local/lib/python3.8/site-packages/airflow/example_dags/example_task_group.py
[2023-09-01T15:12:15.948+0000] {processor.py:839} INFO - DAG(s) dict_keys(['example_task_group']) retrieved from /home/airflow/.local/lib/python3.8/site-packages/airflow/example_dags/example_task_group.py
[2023-09-01T15:12:15.973+0000] {logging_mixin.py:151} INFO - [2023-09-01T15:12:15.973+0000] {dag.py:2907} INFO - Sync 1 DAGs
[2023-09-01T15:12:15.996+0000] {logging_mixin.py:151} INFO - [2023-09-01T15:12:15.996+0000] {dag.py:3677} INFO - Setting next_dagrun for example_task_group to 2023-08-31T15:12:15.996133+00:00, run_after=2023-09-01T15:12:15.996133+00:00
[2023-09-01T15:12:16.016+0000] {processor.py:179} INFO - Processing /home/airflow/.local/lib/python3.8/site-packages/airflow/example_dags/example_task_group.py took 0.085 seconds
[2023-09-01T15:12:46.190+0000] {processor.py:157} INFO - Started process (PID=2449) to work on /home/airflow/.local/lib/python3.8/site-packages/airflow/example_dags/example_task_group.py
[2023-09-01T15:12:46.192+0000] {processor.py:829} INFO - Processing file /home/airflow/.local/lib/python3.8/site-packages/airflow/example_dags/example_task_group.py for tasks to queue
[2023-09-01T15:12:46.195+0000] {logging_mixin.py:151} INFO - [2023-09-01T15:12:46.194+0000] {dagbag.py:539} INFO - Filling up the DagBag from /home/airflow/.local/lib/python3.8/site-packages/airflow/example_dags/example_task_group.py
[2023-09-01T15:12:46.203+0000] {processor.py:839} INFO - DAG(s) dict_keys(['example_task_group']) retrieved from /home/airflow/.local/lib/python3.8/site-packages/airflow/example_dags/example_task_group.py
[2023-09-01T15:12:46.227+0000] {logging_mixin.py:151} INFO - [2023-09-01T15:12:46.227+0000] {dag.py:2907} INFO - Sync 1 DAGs
[2023-09-01T15:12:46.251+0000] {logging_mixin.py:151} INFO - [2023-09-01T15:12:46.251+0000] {dag.py:3677} INFO - Setting next_dagrun for example_task_group to 2023-08-31T15:12:46.251017+00:00, run_after=2023-09-01T15:12:46.251017+00:00
[2023-09-01T15:12:46.270+0000] {processor.py:179} INFO - Processing /home/airflow/.local/lib/python3.8/site-packages/airflow/example_dags/example_task_group.py took 0.084 seconds
[2023-09-01T15:13:16.440+0000] {processor.py:157} INFO - Started process (PID=2503) to work on /home/airflow/.local/lib/python3.8/site-packages/airflow/example_dags/example_task_group.py
[2023-09-01T15:13:16.442+0000] {processor.py:829} INFO - Processing file /home/airflow/.local/lib/python3.8/site-packages/airflow/example_dags/example_task_group.py for tasks to queue
[2023-09-01T15:13:16.445+0000] {logging_mixin.py:151} INFO - [2023-09-01T15:13:16.444+0000] {dagbag.py:539} INFO - Filling up the DagBag from /home/airflow/.local/lib/python3.8/site-packages/airflow/example_dags/example_task_group.py
[2023-09-01T15:13:16.454+0000] {processor.py:839} INFO - DAG(s) dict_keys(['example_task_group']) retrieved from /home/airflow/.local/lib/python3.8/site-packages/airflow/example_dags/example_task_group.py
[2023-09-01T15:13:16.482+0000] {logging_mixin.py:151} INFO - [2023-09-01T15:13:16.482+0000] {dag.py:2907} INFO - Sync 1 DAGs
[2023-09-01T15:13:16.509+0000] {logging_mixin.py:151} INFO - [2023-09-01T15:13:16.508+0000] {dag.py:3677} INFO - Setting next_dagrun for example_task_group to 2023-08-31T15:13:16.508564+00:00, run_after=2023-09-01T15:13:16.508564+00:00
[2023-09-01T15:13:16.530+0000] {processor.py:179} INFO - Processing /home/airflow/.local/lib/python3.8/site-packages/airflow/example_dags/example_task_group.py took 0.094 seconds
[2023-09-01T15:13:47.190+0000] {processor.py:157} INFO - Started process (PID=2557) to work on /home/airflow/.local/lib/python3.8/site-packages/airflow/example_dags/example_task_group.py
[2023-09-01T15:13:47.191+0000] {processor.py:829} INFO - Processing file /home/airflow/.local/lib/python3.8/site-packages/airflow/example_dags/example_task_group.py for tasks to queue
[2023-09-01T15:13:47.194+0000] {logging_mixin.py:151} INFO - [2023-09-01T15:13:47.194+0000] {dagbag.py:539} INFO - Filling up the DagBag from /home/airflow/.local/lib/python3.8/site-packages/airflow/example_dags/example_task_group.py
[2023-09-01T15:13:47.203+0000] {processor.py:839} INFO - DAG(s) dict_keys(['example_task_group']) retrieved from /home/airflow/.local/lib/python3.8/site-packages/airflow/example_dags/example_task_group.py
[2023-09-01T15:13:47.229+0000] {logging_mixin.py:151} INFO - [2023-09-01T15:13:47.229+0000] {dag.py:2907} INFO - Sync 1 DAGs
[2023-09-01T15:13:47.254+0000] {logging_mixin.py:151} INFO - [2023-09-01T15:13:47.254+0000] {dag.py:3677} INFO - Setting next_dagrun for example_task_group to 2023-08-31T15:13:47.254331+00:00, run_after=2023-09-01T15:13:47.254331+00:00
[2023-09-01T15:13:47.275+0000] {processor.py:179} INFO - Processing /home/airflow/.local/lib/python3.8/site-packages/airflow/example_dags/example_task_group.py took 0.090 seconds
[2023-09-01T15:14:18.262+0000] {processor.py:157} INFO - Started process (PID=2611) to work on /home/airflow/.local/lib/python3.8/site-packages/airflow/example_dags/example_task_group.py
[2023-09-01T15:14:18.263+0000] {processor.py:829} INFO - Processing file /home/airflow/.local/lib/python3.8/site-packages/airflow/example_dags/example_task_group.py for tasks to queue
[2023-09-01T15:14:18.266+0000] {logging_mixin.py:151} INFO - [2023-09-01T15:14:18.265+0000] {dagbag.py:539} INFO - Filling up the DagBag from /home/airflow/.local/lib/python3.8/site-packages/airflow/example_dags/example_task_group.py
[2023-09-01T15:14:18.275+0000] {processor.py:839} INFO - DAG(s) dict_keys(['example_task_group']) retrieved from /home/airflow/.local/lib/python3.8/site-packages/airflow/example_dags/example_task_group.py
[2023-09-01T15:14:18.300+0000] {logging_mixin.py:151} INFO - [2023-09-01T15:14:18.299+0000] {dag.py:2907} INFO - Sync 1 DAGs
[2023-09-01T15:14:18.324+0000] {logging_mixin.py:151} INFO - [2023-09-01T15:14:18.324+0000] {dag.py:3677} INFO - Setting next_dagrun for example_task_group to 2023-08-31T15:14:18.323772+00:00, run_after=2023-09-01T15:14:18.323772+00:00
[2023-09-01T15:14:18.344+0000] {processor.py:179} INFO - Processing /home/airflow/.local/lib/python3.8/site-packages/airflow/example_dags/example_task_group.py took 0.087 seconds
[2023-09-01T15:14:49.300+0000] {processor.py:157} INFO - Started process (PID=2665) to work on /home/airflow/.local/lib/python3.8/site-packages/airflow/example_dags/example_task_group.py
[2023-09-01T15:14:49.302+0000] {processor.py:829} INFO - Processing file /home/airflow/.local/lib/python3.8/site-packages/airflow/example_dags/example_task_group.py for tasks to queue
[2023-09-01T15:14:49.305+0000] {logging_mixin.py:151} INFO - [2023-09-01T15:14:49.304+0000] {dagbag.py:539} INFO - Filling up the DagBag from /home/airflow/.local/lib/python3.8/site-packages/airflow/example_dags/example_task_group.py
[2023-09-01T15:14:49.313+0000] {processor.py:839} INFO - DAG(s) dict_keys(['example_task_group']) retrieved from /home/airflow/.local/lib/python3.8/site-packages/airflow/example_dags/example_task_group.py
[2023-09-01T15:14:49.338+0000] {logging_mixin.py:151} INFO - [2023-09-01T15:14:49.337+0000] {dag.py:2907} INFO - Sync 1 DAGs
[2023-09-01T15:14:49.361+0000] {logging_mixin.py:151} INFO - [2023-09-01T15:14:49.361+0000] {dag.py:3677} INFO - Setting next_dagrun for example_task_group to 2023-08-31T15:14:49.361440+00:00, run_after=2023-09-01T15:14:49.361440+00:00
[2023-09-01T15:14:49.382+0000] {processor.py:179} INFO - Processing /home/airflow/.local/lib/python3.8/site-packages/airflow/example_dags/example_task_group.py took 0.086 seconds
[2023-09-01T15:15:20.323+0000] {processor.py:157} INFO - Started process (PID=2719) to work on /home/airflow/.local/lib/python3.8/site-packages/airflow/example_dags/example_task_group.py
[2023-09-01T15:15:20.324+0000] {processor.py:829} INFO - Processing file /home/airflow/.local/lib/python3.8/site-packages/airflow/example_dags/example_task_group.py for tasks to queue
[2023-09-01T15:15:20.327+0000] {logging_mixin.py:151} INFO - [2023-09-01T15:15:20.327+0000] {dagbag.py:539} INFO - Filling up the DagBag from /home/airflow/.local/lib/python3.8/site-packages/airflow/example_dags/example_task_group.py
[2023-09-01T15:15:20.335+0000] {processor.py:839} INFO - DAG(s) dict_keys(['example_task_group']) retrieved from /home/airflow/.local/lib/python3.8/site-packages/airflow/example_dags/example_task_group.py
[2023-09-01T15:15:20.363+0000] {logging_mixin.py:151} INFO - [2023-09-01T15:15:20.362+0000] {dag.py:2907} INFO - Sync 1 DAGs
[2023-09-01T15:15:20.387+0000] {logging_mixin.py:151} INFO - [2023-09-01T15:15:20.387+0000] {dag.py:3677} INFO - Setting next_dagrun for example_task_group to 2023-08-31T15:15:20.386742+00:00, run_after=2023-09-01T15:15:20.386742+00:00
[2023-09-01T15:15:20.406+0000] {processor.py:179} INFO - Processing /home/airflow/.local/lib/python3.8/site-packages/airflow/example_dags/example_task_group.py took 0.088 seconds
[2023-09-01T15:15:50.675+0000] {processor.py:157} INFO - Started process (PID=2773) to work on /home/airflow/.local/lib/python3.8/site-packages/airflow/example_dags/example_task_group.py
[2023-09-01T15:15:50.676+0000] {processor.py:829} INFO - Processing file /home/airflow/.local/lib/python3.8/site-packages/airflow/example_dags/example_task_group.py for tasks to queue
[2023-09-01T15:15:50.679+0000] {logging_mixin.py:151} INFO - [2023-09-01T15:15:50.679+0000] {dagbag.py:539} INFO - Filling up the DagBag from /home/airflow/.local/lib/python3.8/site-packages/airflow/example_dags/example_task_group.py
[2023-09-01T15:15:50.688+0000] {processor.py:839} INFO - DAG(s) dict_keys(['example_task_group']) retrieved from /home/airflow/.local/lib/python3.8/site-packages/airflow/example_dags/example_task_group.py
[2023-09-01T15:15:50.713+0000] {logging_mixin.py:151} INFO - [2023-09-01T15:15:50.712+0000] {dag.py:2907} INFO - Sync 1 DAGs
[2023-09-01T15:15:50.736+0000] {logging_mixin.py:151} INFO - [2023-09-01T15:15:50.736+0000] {dag.py:3677} INFO - Setting next_dagrun for example_task_group to 2023-08-31T15:15:50.736467+00:00, run_after=2023-09-01T15:15:50.736467+00:00
[2023-09-01T15:15:50.756+0000] {processor.py:179} INFO - Processing /home/airflow/.local/lib/python3.8/site-packages/airflow/example_dags/example_task_group.py took 0.085 seconds
[2023-09-01T15:16:20.883+0000] {processor.py:157} INFO - Started process (PID=2827) to work on /home/airflow/.local/lib/python3.8/site-packages/airflow/example_dags/example_task_group.py
[2023-09-01T15:16:20.884+0000] {processor.py:829} INFO - Processing file /home/airflow/.local/lib/python3.8/site-packages/airflow/example_dags/example_task_group.py for tasks to queue
[2023-09-01T15:16:20.887+0000] {logging_mixin.py:151} INFO - [2023-09-01T15:16:20.887+0000] {dagbag.py:539} INFO - Filling up the DagBag from /home/airflow/.local/lib/python3.8/site-packages/airflow/example_dags/example_task_group.py
[2023-09-01T15:16:20.896+0000] {processor.py:839} INFO - DAG(s) dict_keys(['example_task_group']) retrieved from /home/airflow/.local/lib/python3.8/site-packages/airflow/example_dags/example_task_group.py
[2023-09-01T15:16:20.921+0000] {logging_mixin.py:151} INFO - [2023-09-01T15:16:20.920+0000] {dag.py:2907} INFO - Sync 1 DAGs
[2023-09-01T15:16:20.945+0000] {logging_mixin.py:151} INFO - [2023-09-01T15:16:20.945+0000] {dag.py:3677} INFO - Setting next_dagrun for example_task_group to 2023-08-31T15:16:20.945428+00:00, run_after=2023-09-01T15:16:20.945428+00:00
[2023-09-01T15:16:20.975+0000] {processor.py:179} INFO - Processing /home/airflow/.local/lib/python3.8/site-packages/airflow/example_dags/example_task_group.py took 0.097 seconds
[2023-09-01T15:16:51.315+0000] {processor.py:157} INFO - Started process (PID=2882) to work on /home/airflow/.local/lib/python3.8/site-packages/airflow/example_dags/example_task_group.py
[2023-09-01T15:16:51.317+0000] {processor.py:829} INFO - Processing file /home/airflow/.local/lib/python3.8/site-packages/airflow/example_dags/example_task_group.py for tasks to queue
[2023-09-01T15:16:51.319+0000] {logging_mixin.py:151} INFO - [2023-09-01T15:16:51.319+0000] {dagbag.py:539} INFO - Filling up the DagBag from /home/airflow/.local/lib/python3.8/site-packages/airflow/example_dags/example_task_group.py
[2023-09-01T15:16:51.328+0000] {processor.py:839} INFO - DAG(s) dict_keys(['example_task_group']) retrieved from /home/airflow/.local/lib/python3.8/site-packages/airflow/example_dags/example_task_group.py
[2023-09-01T15:16:51.351+0000] {logging_mixin.py:151} INFO - [2023-09-01T15:16:51.351+0000] {dag.py:2907} INFO - Sync 1 DAGs
[2023-09-01T15:16:51.375+0000] {logging_mixin.py:151} INFO - [2023-09-01T15:16:51.375+0000] {dag.py:3677} INFO - Setting next_dagrun for example_task_group to 2023-08-31T15:16:51.375332+00:00, run_after=2023-09-01T15:16:51.375332+00:00
[2023-09-01T15:16:51.394+0000] {processor.py:179} INFO - Processing /home/airflow/.local/lib/python3.8/site-packages/airflow/example_dags/example_task_group.py took 0.083 seconds
[2023-09-01T15:17:21.872+0000] {processor.py:157} INFO - Started process (PID=2937) to work on /home/airflow/.local/lib/python3.8/site-packages/airflow/example_dags/example_task_group.py
[2023-09-01T15:17:21.874+0000] {processor.py:829} INFO - Processing file /home/airflow/.local/lib/python3.8/site-packages/airflow/example_dags/example_task_group.py for tasks to queue
[2023-09-01T15:17:21.877+0000] {logging_mixin.py:151} INFO - [2023-09-01T15:17:21.877+0000] {dagbag.py:539} INFO - Filling up the DagBag from /home/airflow/.local/lib/python3.8/site-packages/airflow/example_dags/example_task_group.py
[2023-09-01T15:17:21.889+0000] {processor.py:839} INFO - DAG(s) dict_keys(['example_task_group']) retrieved from /home/airflow/.local/lib/python3.8/site-packages/airflow/example_dags/example_task_group.py
[2023-09-01T15:17:21.919+0000] {logging_mixin.py:151} INFO - [2023-09-01T15:17:21.919+0000] {dag.py:2907} INFO - Sync 1 DAGs
[2023-09-01T15:17:21.947+0000] {logging_mixin.py:151} INFO - [2023-09-01T15:17:21.947+0000] {dag.py:3677} INFO - Setting next_dagrun for example_task_group to 2023-08-31T15:17:21.946848+00:00, run_after=2023-09-01T15:17:21.946848+00:00
[2023-09-01T15:17:21.970+0000] {processor.py:179} INFO - Processing /home/airflow/.local/lib/python3.8/site-packages/airflow/example_dags/example_task_group.py took 0.103 seconds
[2023-09-01T15:17:52.282+0000] {processor.py:157} INFO - Started process (PID=2991) to work on /home/airflow/.local/lib/python3.8/site-packages/airflow/example_dags/example_task_group.py
[2023-09-01T15:17:52.284+0000] {processor.py:829} INFO - Processing file /home/airflow/.local/lib/python3.8/site-packages/airflow/example_dags/example_task_group.py for tasks to queue
[2023-09-01T15:17:52.286+0000] {logging_mixin.py:151} INFO - [2023-09-01T15:17:52.286+0000] {dagbag.py:539} INFO - Filling up the DagBag from /home/airflow/.local/lib/python3.8/site-packages/airflow/example_dags/example_task_group.py
[2023-09-01T15:17:52.295+0000] {processor.py:839} INFO - DAG(s) dict_keys(['example_task_group']) retrieved from /home/airflow/.local/lib/python3.8/site-packages/airflow/example_dags/example_task_group.py
[2023-09-01T15:17:52.319+0000] {logging_mixin.py:151} INFO - [2023-09-01T15:17:52.319+0000] {dag.py:2907} INFO - Sync 1 DAGs
[2023-09-01T15:17:52.344+0000] {logging_mixin.py:151} INFO - [2023-09-01T15:17:52.343+0000] {dag.py:3677} INFO - Setting next_dagrun for example_task_group to 2023-08-31T15:17:52.343660+00:00, run_after=2023-09-01T15:17:52.343660+00:00
[2023-09-01T15:17:52.363+0000] {processor.py:179} INFO - Processing /home/airflow/.local/lib/python3.8/site-packages/airflow/example_dags/example_task_group.py took 0.086 seconds
[2023-09-01T15:18:22.431+0000] {processor.py:157} INFO - Started process (PID=3045) to work on /home/airflow/.local/lib/python3.8/site-packages/airflow/example_dags/example_task_group.py
[2023-09-01T15:18:22.432+0000] {processor.py:829} INFO - Processing file /home/airflow/.local/lib/python3.8/site-packages/airflow/example_dags/example_task_group.py for tasks to queue
[2023-09-01T15:18:22.434+0000] {logging_mixin.py:151} INFO - [2023-09-01T15:18:22.434+0000] {dagbag.py:539} INFO - Filling up the DagBag from /home/airflow/.local/lib/python3.8/site-packages/airflow/example_dags/example_task_group.py
[2023-09-01T15:18:22.443+0000] {processor.py:839} INFO - DAG(s) dict_keys(['example_task_group']) retrieved from /home/airflow/.local/lib/python3.8/site-packages/airflow/example_dags/example_task_group.py
[2023-09-01T15:18:22.468+0000] {logging_mixin.py:151} INFO - [2023-09-01T15:18:22.468+0000] {dag.py:2907} INFO - Sync 1 DAGs
[2023-09-01T15:18:22.493+0000] {logging_mixin.py:151} INFO - [2023-09-01T15:18:22.493+0000] {dag.py:3677} INFO - Setting next_dagrun for example_task_group to 2023-08-31T15:18:22.493255+00:00, run_after=2023-09-01T15:18:22.493255+00:00
[2023-09-01T15:18:22.513+0000] {processor.py:179} INFO - Processing /home/airflow/.local/lib/python3.8/site-packages/airflow/example_dags/example_task_group.py took 0.087 seconds
[2023-09-01T15:18:53.070+0000] {processor.py:157} INFO - Started process (PID=3099) to work on /home/airflow/.local/lib/python3.8/site-packages/airflow/example_dags/example_task_group.py
[2023-09-01T15:18:53.071+0000] {processor.py:829} INFO - Processing file /home/airflow/.local/lib/python3.8/site-packages/airflow/example_dags/example_task_group.py for tasks to queue
[2023-09-01T15:18:53.074+0000] {logging_mixin.py:151} INFO - [2023-09-01T15:18:53.074+0000] {dagbag.py:539} INFO - Filling up the DagBag from /home/airflow/.local/lib/python3.8/site-packages/airflow/example_dags/example_task_group.py
[2023-09-01T15:18:53.083+0000] {processor.py:839} INFO - DAG(s) dict_keys(['example_task_group']) retrieved from /home/airflow/.local/lib/python3.8/site-packages/airflow/example_dags/example_task_group.py
[2023-09-01T15:18:53.109+0000] {logging_mixin.py:151} INFO - [2023-09-01T15:18:53.109+0000] {dag.py:2907} INFO - Sync 1 DAGs
[2023-09-01T15:18:53.133+0000] {logging_mixin.py:151} INFO - [2023-09-01T15:18:53.133+0000] {dag.py:3677} INFO - Setting next_dagrun for example_task_group to 2023-08-31T15:18:53.133190+00:00, run_after=2023-09-01T15:18:53.133190+00:00
[2023-09-01T15:18:53.153+0000] {processor.py:179} INFO - Processing /home/airflow/.local/lib/python3.8/site-packages/airflow/example_dags/example_task_group.py took 0.088 seconds
[2023-09-01T15:19:23.601+0000] {processor.py:157} INFO - Started process (PID=3153) to work on /home/airflow/.local/lib/python3.8/site-packages/airflow/example_dags/example_task_group.py
[2023-09-01T15:19:23.602+0000] {processor.py:829} INFO - Processing file /home/airflow/.local/lib/python3.8/site-packages/airflow/example_dags/example_task_group.py for tasks to queue
[2023-09-01T15:19:23.605+0000] {logging_mixin.py:151} INFO - [2023-09-01T15:19:23.605+0000] {dagbag.py:539} INFO - Filling up the DagBag from /home/airflow/.local/lib/python3.8/site-packages/airflow/example_dags/example_task_group.py
[2023-09-01T15:19:23.614+0000] {processor.py:839} INFO - DAG(s) dict_keys(['example_task_group']) retrieved from /home/airflow/.local/lib/python3.8/site-packages/airflow/example_dags/example_task_group.py
[2023-09-01T15:19:23.638+0000] {logging_mixin.py:151} INFO - [2023-09-01T15:19:23.638+0000] {dag.py:2907} INFO - Sync 1 DAGs
[2023-09-01T15:19:23.662+0000] {logging_mixin.py:151} INFO - [2023-09-01T15:19:23.662+0000] {dag.py:3677} INFO - Setting next_dagrun for example_task_group to 2023-08-31T15:19:23.661980+00:00, run_after=2023-09-01T15:19:23.661980+00:00
[2023-09-01T15:19:23.682+0000] {processor.py:179} INFO - Processing /home/airflow/.local/lib/python3.8/site-packages/airflow/example_dags/example_task_group.py took 0.085 seconds
[2023-09-01T15:19:54.202+0000] {processor.py:157} INFO - Started process (PID=3207) to work on /home/airflow/.local/lib/python3.8/site-packages/airflow/example_dags/example_task_group.py
[2023-09-01T15:19:54.203+0000] {processor.py:829} INFO - Processing file /home/airflow/.local/lib/python3.8/site-packages/airflow/example_dags/example_task_group.py for tasks to queue
[2023-09-01T15:19:54.206+0000] {logging_mixin.py:151} INFO - [2023-09-01T15:19:54.206+0000] {dagbag.py:539} INFO - Filling up the DagBag from /home/airflow/.local/lib/python3.8/site-packages/airflow/example_dags/example_task_group.py
[2023-09-01T15:19:54.214+0000] {processor.py:839} INFO - DAG(s) dict_keys(['example_task_group']) retrieved from /home/airflow/.local/lib/python3.8/site-packages/airflow/example_dags/example_task_group.py
[2023-09-01T15:19:54.240+0000] {logging_mixin.py:151} INFO - [2023-09-01T15:19:54.240+0000] {dag.py:2907} INFO - Sync 1 DAGs
[2023-09-01T15:19:54.264+0000] {logging_mixin.py:151} INFO - [2023-09-01T15:19:54.264+0000] {dag.py:3677} INFO - Setting next_dagrun for example_task_group to 2023-08-31T15:19:54.263889+00:00, run_after=2023-09-01T15:19:54.263889+00:00
[2023-09-01T15:19:54.283+0000] {processor.py:179} INFO - Processing /home/airflow/.local/lib/python3.8/site-packages/airflow/example_dags/example_task_group.py took 0.086 seconds
[2023-09-01T15:20:24.651+0000] {processor.py:157} INFO - Started process (PID=3261) to work on /home/airflow/.local/lib/python3.8/site-packages/airflow/example_dags/example_task_group.py
[2023-09-01T15:20:24.652+0000] {processor.py:829} INFO - Processing file /home/airflow/.local/lib/python3.8/site-packages/airflow/example_dags/example_task_group.py for tasks to queue
[2023-09-01T15:20:24.655+0000] {logging_mixin.py:151} INFO - [2023-09-01T15:20:24.655+0000] {dagbag.py:539} INFO - Filling up the DagBag from /home/airflow/.local/lib/python3.8/site-packages/airflow/example_dags/example_task_group.py
[2023-09-01T15:20:24.663+0000] {processor.py:839} INFO - DAG(s) dict_keys(['example_task_group']) retrieved from /home/airflow/.local/lib/python3.8/site-packages/airflow/example_dags/example_task_group.py
[2023-09-01T15:20:24.688+0000] {logging_mixin.py:151} INFO - [2023-09-01T15:20:24.688+0000] {dag.py:2907} INFO - Sync 1 DAGs
[2023-09-01T15:20:24.711+0000] {logging_mixin.py:151} INFO - [2023-09-01T15:20:24.711+0000] {dag.py:3677} INFO - Setting next_dagrun for example_task_group to 2023-08-31T15:20:24.711416+00:00, run_after=2023-09-01T15:20:24.711416+00:00
[2023-09-01T15:20:24.731+0000] {processor.py:179} INFO - Processing /home/airflow/.local/lib/python3.8/site-packages/airflow/example_dags/example_task_group.py took 0.085 seconds
[2023-09-01T15:20:55.243+0000] {processor.py:157} INFO - Started process (PID=3315) to work on /home/airflow/.local/lib/python3.8/site-packages/airflow/example_dags/example_task_group.py
[2023-09-01T15:20:55.244+0000] {processor.py:829} INFO - Processing file /home/airflow/.local/lib/python3.8/site-packages/airflow/example_dags/example_task_group.py for tasks to queue
[2023-09-01T15:20:55.247+0000] {logging_mixin.py:151} INFO - [2023-09-01T15:20:55.247+0000] {dagbag.py:539} INFO - Filling up the DagBag from /home/airflow/.local/lib/python3.8/site-packages/airflow/example_dags/example_task_group.py
[2023-09-01T15:20:55.256+0000] {processor.py:839} INFO - DAG(s) dict_keys(['example_task_group']) retrieved from /home/airflow/.local/lib/python3.8/site-packages/airflow/example_dags/example_task_group.py
[2023-09-01T15:20:55.280+0000] {logging_mixin.py:151} INFO - [2023-09-01T15:20:55.280+0000] {dag.py:2907} INFO - Sync 1 DAGs
[2023-09-01T15:20:55.304+0000] {logging_mixin.py:151} INFO - [2023-09-01T15:20:55.304+0000] {dag.py:3677} INFO - Setting next_dagrun for example_task_group to 2023-08-31T15:20:55.303765+00:00, run_after=2023-09-01T15:20:55.303765+00:00
[2023-09-01T15:20:55.323+0000] {processor.py:179} INFO - Processing /home/airflow/.local/lib/python3.8/site-packages/airflow/example_dags/example_task_group.py took 0.085 seconds
[2023-09-01T15:21:25.845+0000] {processor.py:157} INFO - Started process (PID=3369) to work on /home/airflow/.local/lib/python3.8/site-packages/airflow/example_dags/example_task_group.py
[2023-09-01T15:21:25.846+0000] {processor.py:829} INFO - Processing file /home/airflow/.local/lib/python3.8/site-packages/airflow/example_dags/example_task_group.py for tasks to queue
[2023-09-01T15:21:25.849+0000] {logging_mixin.py:151} INFO - [2023-09-01T15:21:25.848+0000] {dagbag.py:539} INFO - Filling up the DagBag from /home/airflow/.local/lib/python3.8/site-packages/airflow/example_dags/example_task_group.py
[2023-09-01T15:21:25.857+0000] {processor.py:839} INFO - DAG(s) dict_keys(['example_task_group']) retrieved from /home/airflow/.local/lib/python3.8/site-packages/airflow/example_dags/example_task_group.py
[2023-09-01T15:21:25.882+0000] {logging_mixin.py:151} INFO - [2023-09-01T15:21:25.881+0000] {dag.py:2907} INFO - Sync 1 DAGs
[2023-09-01T15:21:25.905+0000] {logging_mixin.py:151} INFO - [2023-09-01T15:21:25.905+0000] {dag.py:3677} INFO - Setting next_dagrun for example_task_group to 2023-08-31T15:21:25.904865+00:00, run_after=2023-09-01T15:21:25.904865+00:00
[2023-09-01T15:21:25.924+0000] {processor.py:179} INFO - Processing /home/airflow/.local/lib/python3.8/site-packages/airflow/example_dags/example_task_group.py took 0.084 seconds
