[2023-09-01T14:50:19.186+0000] {processor.py:157} INFO - Started process (PID=55) to work on /home/airflow/.local/lib/python3.8/site-packages/airflow/example_dags/example_local_kubernetes_executor.py
[2023-09-01T14:50:19.188+0000] {processor.py:829} INFO - Processing file /home/airflow/.local/lib/python3.8/site-packages/airflow/example_dags/example_local_kubernetes_executor.py for tasks to queue
[2023-09-01T14:50:19.193+0000] {logging_mixin.py:151} INFO - [2023-09-01T14:50:19.192+0000] {dagbag.py:539} INFO - Filling up the DagBag from /home/airflow/.local/lib/python3.8/site-packages/airflow/example_dags/example_local_kubernetes_executor.py
[2023-09-01T14:50:21.188+0000] {processor.py:839} INFO - DAG(s) dict_keys(['example_local_kubernetes_executor']) retrieved from /home/airflow/.local/lib/python3.8/site-packages/airflow/example_dags/example_local_kubernetes_executor.py
[2023-09-01T14:50:21.351+0000] {logging_mixin.py:151} INFO - [2023-09-01T14:50:21.351+0000] {manager.py:501} INFO - Created Permission View: can read on DAG:example_local_kubernetes_executor
[2023-09-01T14:50:21.365+0000] {logging_mixin.py:151} INFO - [2023-09-01T14:50:21.365+0000] {manager.py:501} INFO - Created Permission View: can edit on DAG:example_local_kubernetes_executor
[2023-09-01T14:50:21.377+0000] {logging_mixin.py:151} INFO - [2023-09-01T14:50:21.376+0000] {manager.py:501} INFO - Created Permission View: can delete on DAG:example_local_kubernetes_executor
[2023-09-01T14:50:21.399+0000] {logging_mixin.py:151} INFO - [2023-09-01T14:50:21.399+0000] {dag.py:2907} INFO - Sync 1 DAGs
[2023-09-01T14:50:21.418+0000] {logging_mixin.py:151} INFO - [2023-09-01T14:50:21.418+0000] {dag.py:2929} INFO - Creating ORM DAG for example_local_kubernetes_executor
[2023-09-01T14:50:21.420+0000] {logging_mixin.py:151} INFO - [2023-09-01T14:50:21.419+0000] {dag.py:3677} INFO - Setting next_dagrun for example_local_kubernetes_executor to None, run_after=None
[2023-09-01T14:50:21.450+0000] {processor.py:179} INFO - Processing /home/airflow/.local/lib/python3.8/site-packages/airflow/example_dags/example_local_kubernetes_executor.py took 2.269 seconds
[2023-09-01T14:50:51.554+0000] {processor.py:157} INFO - Started process (PID=110) to work on /home/airflow/.local/lib/python3.8/site-packages/airflow/example_dags/example_local_kubernetes_executor.py
[2023-09-01T14:50:51.556+0000] {processor.py:829} INFO - Processing file /home/airflow/.local/lib/python3.8/site-packages/airflow/example_dags/example_local_kubernetes_executor.py for tasks to queue
[2023-09-01T14:50:51.560+0000] {logging_mixin.py:151} INFO - [2023-09-01T14:50:51.559+0000] {dagbag.py:539} INFO - Filling up the DagBag from /home/airflow/.local/lib/python3.8/site-packages/airflow/example_dags/example_local_kubernetes_executor.py
[2023-09-01T14:50:51.933+0000] {processor.py:839} INFO - DAG(s) dict_keys(['example_local_kubernetes_executor']) retrieved from /home/airflow/.local/lib/python3.8/site-packages/airflow/example_dags/example_local_kubernetes_executor.py
[2023-09-01T14:50:51.982+0000] {logging_mixin.py:151} INFO - [2023-09-01T14:50:51.980+0000] {dag.py:2907} INFO - Sync 1 DAGs
[2023-09-01T14:50:52.000+0000] {logging_mixin.py:151} INFO - [2023-09-01T14:50:52.000+0000] {dag.py:3677} INFO - Setting next_dagrun for example_local_kubernetes_executor to None, run_after=None
[2023-09-01T14:50:52.030+0000] {processor.py:179} INFO - Processing /home/airflow/.local/lib/python3.8/site-packages/airflow/example_dags/example_local_kubernetes_executor.py took 0.481 seconds
[2023-09-01T14:51:22.599+0000] {processor.py:157} INFO - Started process (PID=164) to work on /home/airflow/.local/lib/python3.8/site-packages/airflow/example_dags/example_local_kubernetes_executor.py
[2023-09-01T14:51:22.600+0000] {processor.py:829} INFO - Processing file /home/airflow/.local/lib/python3.8/site-packages/airflow/example_dags/example_local_kubernetes_executor.py for tasks to queue
[2023-09-01T14:51:22.604+0000] {logging_mixin.py:151} INFO - [2023-09-01T14:51:22.604+0000] {dagbag.py:539} INFO - Filling up the DagBag from /home/airflow/.local/lib/python3.8/site-packages/airflow/example_dags/example_local_kubernetes_executor.py
[2023-09-01T14:51:22.968+0000] {processor.py:839} INFO - DAG(s) dict_keys(['example_local_kubernetes_executor']) retrieved from /home/airflow/.local/lib/python3.8/site-packages/airflow/example_dags/example_local_kubernetes_executor.py
[2023-09-01T14:51:23.024+0000] {logging_mixin.py:151} INFO - [2023-09-01T14:51:23.023+0000] {dag.py:2907} INFO - Sync 1 DAGs
[2023-09-01T14:51:23.060+0000] {logging_mixin.py:151} INFO - [2023-09-01T14:51:23.060+0000] {dag.py:3677} INFO - Setting next_dagrun for example_local_kubernetes_executor to None, run_after=None
[2023-09-01T14:51:23.102+0000] {processor.py:179} INFO - Processing /home/airflow/.local/lib/python3.8/site-packages/airflow/example_dags/example_local_kubernetes_executor.py took 0.509 seconds
[2023-09-01T14:51:53.803+0000] {processor.py:157} INFO - Started process (PID=219) to work on /home/airflow/.local/lib/python3.8/site-packages/airflow/example_dags/example_local_kubernetes_executor.py
[2023-09-01T14:51:53.804+0000] {processor.py:829} INFO - Processing file /home/airflow/.local/lib/python3.8/site-packages/airflow/example_dags/example_local_kubernetes_executor.py for tasks to queue
[2023-09-01T14:51:53.809+0000] {logging_mixin.py:151} INFO - [2023-09-01T14:51:53.808+0000] {dagbag.py:539} INFO - Filling up the DagBag from /home/airflow/.local/lib/python3.8/site-packages/airflow/example_dags/example_local_kubernetes_executor.py
[2023-09-01T14:51:54.069+0000] {processor.py:839} INFO - DAG(s) dict_keys(['example_local_kubernetes_executor']) retrieved from /home/airflow/.local/lib/python3.8/site-packages/airflow/example_dags/example_local_kubernetes_executor.py
[2023-09-01T14:51:54.102+0000] {logging_mixin.py:151} INFO - [2023-09-01T14:51:54.101+0000] {dag.py:2907} INFO - Sync 1 DAGs
[2023-09-01T14:51:54.117+0000] {logging_mixin.py:151} INFO - [2023-09-01T14:51:54.117+0000] {dag.py:3677} INFO - Setting next_dagrun for example_local_kubernetes_executor to None, run_after=None
[2023-09-01T14:51:54.135+0000] {processor.py:179} INFO - Processing /home/airflow/.local/lib/python3.8/site-packages/airflow/example_dags/example_local_kubernetes_executor.py took 0.337 seconds
[2023-09-01T14:52:24.195+0000] {processor.py:157} INFO - Started process (PID=276) to work on /home/airflow/.local/lib/python3.8/site-packages/airflow/example_dags/example_local_kubernetes_executor.py
[2023-09-01T14:52:24.196+0000] {processor.py:829} INFO - Processing file /home/airflow/.local/lib/python3.8/site-packages/airflow/example_dags/example_local_kubernetes_executor.py for tasks to queue
[2023-09-01T14:52:24.200+0000] {logging_mixin.py:151} INFO - [2023-09-01T14:52:24.199+0000] {dagbag.py:539} INFO - Filling up the DagBag from /home/airflow/.local/lib/python3.8/site-packages/airflow/example_dags/example_local_kubernetes_executor.py
[2023-09-01T14:52:24.529+0000] {processor.py:839} INFO - DAG(s) dict_keys(['example_local_kubernetes_executor']) retrieved from /home/airflow/.local/lib/python3.8/site-packages/airflow/example_dags/example_local_kubernetes_executor.py
[2023-09-01T14:52:24.575+0000] {logging_mixin.py:151} INFO - [2023-09-01T14:52:24.575+0000] {dag.py:2907} INFO - Sync 1 DAGs
[2023-09-01T14:52:24.594+0000] {logging_mixin.py:151} INFO - [2023-09-01T14:52:24.593+0000] {dag.py:3677} INFO - Setting next_dagrun for example_local_kubernetes_executor to None, run_after=None
[2023-09-01T14:52:24.620+0000] {processor.py:179} INFO - Processing /home/airflow/.local/lib/python3.8/site-packages/airflow/example_dags/example_local_kubernetes_executor.py took 0.431 seconds
[2023-09-01T14:52:55.331+0000] {processor.py:157} INFO - Started process (PID=330) to work on /home/airflow/.local/lib/python3.8/site-packages/airflow/example_dags/example_local_kubernetes_executor.py
[2023-09-01T14:52:55.332+0000] {processor.py:829} INFO - Processing file /home/airflow/.local/lib/python3.8/site-packages/airflow/example_dags/example_local_kubernetes_executor.py for tasks to queue
[2023-09-01T14:52:55.335+0000] {logging_mixin.py:151} INFO - [2023-09-01T14:52:55.335+0000] {dagbag.py:539} INFO - Filling up the DagBag from /home/airflow/.local/lib/python3.8/site-packages/airflow/example_dags/example_local_kubernetes_executor.py
[2023-09-01T14:52:55.600+0000] {processor.py:839} INFO - DAG(s) dict_keys(['example_local_kubernetes_executor']) retrieved from /home/airflow/.local/lib/python3.8/site-packages/airflow/example_dags/example_local_kubernetes_executor.py
[2023-09-01T14:52:55.633+0000] {logging_mixin.py:151} INFO - [2023-09-01T14:52:55.632+0000] {dag.py:2907} INFO - Sync 1 DAGs
[2023-09-01T14:52:55.647+0000] {logging_mixin.py:151} INFO - [2023-09-01T14:52:55.647+0000] {dag.py:3677} INFO - Setting next_dagrun for example_local_kubernetes_executor to None, run_after=None
[2023-09-01T14:52:55.665+0000] {processor.py:179} INFO - Processing /home/airflow/.local/lib/python3.8/site-packages/airflow/example_dags/example_local_kubernetes_executor.py took 0.339 seconds
[2023-09-01T14:53:25.814+0000] {processor.py:157} INFO - Started process (PID=386) to work on /home/airflow/.local/lib/python3.8/site-packages/airflow/example_dags/example_local_kubernetes_executor.py
[2023-09-01T14:53:25.816+0000] {processor.py:829} INFO - Processing file /home/airflow/.local/lib/python3.8/site-packages/airflow/example_dags/example_local_kubernetes_executor.py for tasks to queue
[2023-09-01T14:53:25.819+0000] {logging_mixin.py:151} INFO - [2023-09-01T14:53:25.818+0000] {dagbag.py:539} INFO - Filling up the DagBag from /home/airflow/.local/lib/python3.8/site-packages/airflow/example_dags/example_local_kubernetes_executor.py
[2023-09-01T14:53:26.115+0000] {processor.py:839} INFO - DAG(s) dict_keys(['example_local_kubernetes_executor']) retrieved from /home/airflow/.local/lib/python3.8/site-packages/airflow/example_dags/example_local_kubernetes_executor.py
[2023-09-01T14:53:26.155+0000] {logging_mixin.py:151} INFO - [2023-09-01T14:53:26.154+0000] {dag.py:2907} INFO - Sync 1 DAGs
[2023-09-01T14:53:26.170+0000] {logging_mixin.py:151} INFO - [2023-09-01T14:53:26.170+0000] {dag.py:3677} INFO - Setting next_dagrun for example_local_kubernetes_executor to None, run_after=None
[2023-09-01T14:53:26.194+0000] {processor.py:179} INFO - Processing /home/airflow/.local/lib/python3.8/site-packages/airflow/example_dags/example_local_kubernetes_executor.py took 0.386 seconds
[2023-09-01T14:53:57.034+0000] {processor.py:157} INFO - Started process (PID=448) to work on /home/airflow/.local/lib/python3.8/site-packages/airflow/example_dags/example_local_kubernetes_executor.py
[2023-09-01T14:53:57.036+0000] {processor.py:829} INFO - Processing file /home/airflow/.local/lib/python3.8/site-packages/airflow/example_dags/example_local_kubernetes_executor.py for tasks to queue
[2023-09-01T14:53:57.039+0000] {logging_mixin.py:151} INFO - [2023-09-01T14:53:57.039+0000] {dagbag.py:539} INFO - Filling up the DagBag from /home/airflow/.local/lib/python3.8/site-packages/airflow/example_dags/example_local_kubernetes_executor.py
[2023-09-01T14:53:57.321+0000] {processor.py:839} INFO - DAG(s) dict_keys(['example_local_kubernetes_executor']) retrieved from /home/airflow/.local/lib/python3.8/site-packages/airflow/example_dags/example_local_kubernetes_executor.py
[2023-09-01T14:53:57.355+0000] {logging_mixin.py:151} INFO - [2023-09-01T14:53:57.353+0000] {dag.py:2907} INFO - Sync 1 DAGs
[2023-09-01T14:53:57.368+0000] {logging_mixin.py:151} INFO - [2023-09-01T14:53:57.368+0000] {dag.py:3677} INFO - Setting next_dagrun for example_local_kubernetes_executor to None, run_after=None
[2023-09-01T14:53:57.387+0000] {processor.py:179} INFO - Processing /home/airflow/.local/lib/python3.8/site-packages/airflow/example_dags/example_local_kubernetes_executor.py took 0.358 seconds
[2023-09-01T14:54:28.202+0000] {processor.py:157} INFO - Started process (PID=502) to work on /home/airflow/.local/lib/python3.8/site-packages/airflow/example_dags/example_local_kubernetes_executor.py
[2023-09-01T14:54:28.204+0000] {processor.py:829} INFO - Processing file /home/airflow/.local/lib/python3.8/site-packages/airflow/example_dags/example_local_kubernetes_executor.py for tasks to queue
[2023-09-01T14:54:28.208+0000] {logging_mixin.py:151} INFO - [2023-09-01T14:54:28.207+0000] {dagbag.py:539} INFO - Filling up the DagBag from /home/airflow/.local/lib/python3.8/site-packages/airflow/example_dags/example_local_kubernetes_executor.py
[2023-09-01T14:54:28.457+0000] {processor.py:839} INFO - DAG(s) dict_keys(['example_local_kubernetes_executor']) retrieved from /home/airflow/.local/lib/python3.8/site-packages/airflow/example_dags/example_local_kubernetes_executor.py
[2023-09-01T14:54:28.489+0000] {logging_mixin.py:151} INFO - [2023-09-01T14:54:28.488+0000] {dag.py:2907} INFO - Sync 1 DAGs
[2023-09-01T14:54:28.503+0000] {logging_mixin.py:151} INFO - [2023-09-01T14:54:28.503+0000] {dag.py:3677} INFO - Setting next_dagrun for example_local_kubernetes_executor to None, run_after=None
[2023-09-01T14:54:28.523+0000] {processor.py:179} INFO - Processing /home/airflow/.local/lib/python3.8/site-packages/airflow/example_dags/example_local_kubernetes_executor.py took 0.325 seconds
[2023-09-01T14:54:59.387+0000] {processor.py:157} INFO - Started process (PID=557) to work on /home/airflow/.local/lib/python3.8/site-packages/airflow/example_dags/example_local_kubernetes_executor.py
[2023-09-01T14:54:59.389+0000] {processor.py:829} INFO - Processing file /home/airflow/.local/lib/python3.8/site-packages/airflow/example_dags/example_local_kubernetes_executor.py for tasks to queue
[2023-09-01T14:54:59.392+0000] {logging_mixin.py:151} INFO - [2023-09-01T14:54:59.392+0000] {dagbag.py:539} INFO - Filling up the DagBag from /home/airflow/.local/lib/python3.8/site-packages/airflow/example_dags/example_local_kubernetes_executor.py
[2023-09-01T14:54:59.648+0000] {processor.py:839} INFO - DAG(s) dict_keys(['example_local_kubernetes_executor']) retrieved from /home/airflow/.local/lib/python3.8/site-packages/airflow/example_dags/example_local_kubernetes_executor.py
[2023-09-01T14:54:59.685+0000] {logging_mixin.py:151} INFO - [2023-09-01T14:54:59.685+0000] {dag.py:2907} INFO - Sync 1 DAGs
[2023-09-01T14:54:59.699+0000] {logging_mixin.py:151} INFO - [2023-09-01T14:54:59.699+0000] {dag.py:3677} INFO - Setting next_dagrun for example_local_kubernetes_executor to None, run_after=None
[2023-09-01T14:54:59.718+0000] {processor.py:179} INFO - Processing /home/airflow/.local/lib/python3.8/site-packages/airflow/example_dags/example_local_kubernetes_executor.py took 0.336 seconds
[2023-09-01T14:55:30.395+0000] {processor.py:157} INFO - Started process (PID=611) to work on /home/airflow/.local/lib/python3.8/site-packages/airflow/example_dags/example_local_kubernetes_executor.py
[2023-09-01T14:55:30.396+0000] {processor.py:829} INFO - Processing file /home/airflow/.local/lib/python3.8/site-packages/airflow/example_dags/example_local_kubernetes_executor.py for tasks to queue
[2023-09-01T14:55:30.399+0000] {logging_mixin.py:151} INFO - [2023-09-01T14:55:30.399+0000] {dagbag.py:539} INFO - Filling up the DagBag from /home/airflow/.local/lib/python3.8/site-packages/airflow/example_dags/example_local_kubernetes_executor.py
[2023-09-01T14:55:30.651+0000] {processor.py:839} INFO - DAG(s) dict_keys(['example_local_kubernetes_executor']) retrieved from /home/airflow/.local/lib/python3.8/site-packages/airflow/example_dags/example_local_kubernetes_executor.py
[2023-09-01T14:55:30.689+0000] {logging_mixin.py:151} INFO - [2023-09-01T14:55:30.688+0000] {dag.py:2907} INFO - Sync 1 DAGs
[2023-09-01T14:55:30.701+0000] {logging_mixin.py:151} INFO - [2023-09-01T14:55:30.701+0000] {dag.py:3677} INFO - Setting next_dagrun for example_local_kubernetes_executor to None, run_after=None
[2023-09-01T14:55:30.719+0000] {processor.py:179} INFO - Processing /home/airflow/.local/lib/python3.8/site-packages/airflow/example_dags/example_local_kubernetes_executor.py took 0.328 seconds
[2023-09-01T14:56:00.961+0000] {processor.py:157} INFO - Started process (PID=665) to work on /home/airflow/.local/lib/python3.8/site-packages/airflow/example_dags/example_local_kubernetes_executor.py
[2023-09-01T14:56:00.962+0000] {processor.py:829} INFO - Processing file /home/airflow/.local/lib/python3.8/site-packages/airflow/example_dags/example_local_kubernetes_executor.py for tasks to queue
[2023-09-01T14:56:00.965+0000] {logging_mixin.py:151} INFO - [2023-09-01T14:56:00.965+0000] {dagbag.py:539} INFO - Filling up the DagBag from /home/airflow/.local/lib/python3.8/site-packages/airflow/example_dags/example_local_kubernetes_executor.py
[2023-09-01T14:56:01.240+0000] {processor.py:839} INFO - DAG(s) dict_keys(['example_local_kubernetes_executor']) retrieved from /home/airflow/.local/lib/python3.8/site-packages/airflow/example_dags/example_local_kubernetes_executor.py
[2023-09-01T14:56:01.275+0000] {logging_mixin.py:151} INFO - [2023-09-01T14:56:01.274+0000] {dag.py:2907} INFO - Sync 1 DAGs
[2023-09-01T14:56:01.288+0000] {logging_mixin.py:151} INFO - [2023-09-01T14:56:01.288+0000] {dag.py:3677} INFO - Setting next_dagrun for example_local_kubernetes_executor to None, run_after=None
[2023-09-01T14:56:01.307+0000] {processor.py:179} INFO - Processing /home/airflow/.local/lib/python3.8/site-packages/airflow/example_dags/example_local_kubernetes_executor.py took 0.352 seconds
[2023-09-01T14:56:31.779+0000] {processor.py:157} INFO - Started process (PID=719) to work on /home/airflow/.local/lib/python3.8/site-packages/airflow/example_dags/example_local_kubernetes_executor.py
[2023-09-01T14:56:31.781+0000] {processor.py:829} INFO - Processing file /home/airflow/.local/lib/python3.8/site-packages/airflow/example_dags/example_local_kubernetes_executor.py for tasks to queue
[2023-09-01T14:56:31.784+0000] {logging_mixin.py:151} INFO - [2023-09-01T14:56:31.784+0000] {dagbag.py:539} INFO - Filling up the DagBag from /home/airflow/.local/lib/python3.8/site-packages/airflow/example_dags/example_local_kubernetes_executor.py
[2023-09-01T14:56:32.040+0000] {processor.py:839} INFO - DAG(s) dict_keys(['example_local_kubernetes_executor']) retrieved from /home/airflow/.local/lib/python3.8/site-packages/airflow/example_dags/example_local_kubernetes_executor.py
[2023-09-01T14:56:32.075+0000] {logging_mixin.py:151} INFO - [2023-09-01T14:56:32.073+0000] {dag.py:2907} INFO - Sync 1 DAGs
[2023-09-01T14:56:32.089+0000] {logging_mixin.py:151} INFO - [2023-09-01T14:56:32.089+0000] {dag.py:3677} INFO - Setting next_dagrun for example_local_kubernetes_executor to None, run_after=None
[2023-09-01T14:56:32.108+0000] {processor.py:179} INFO - Processing /home/airflow/.local/lib/python3.8/site-packages/airflow/example_dags/example_local_kubernetes_executor.py took 0.334 seconds
[2023-09-01T14:57:02.556+0000] {processor.py:157} INFO - Started process (PID=773) to work on /home/airflow/.local/lib/python3.8/site-packages/airflow/example_dags/example_local_kubernetes_executor.py
[2023-09-01T14:57:02.558+0000] {processor.py:829} INFO - Processing file /home/airflow/.local/lib/python3.8/site-packages/airflow/example_dags/example_local_kubernetes_executor.py for tasks to queue
[2023-09-01T14:57:02.561+0000] {logging_mixin.py:151} INFO - [2023-09-01T14:57:02.561+0000] {dagbag.py:539} INFO - Filling up the DagBag from /home/airflow/.local/lib/python3.8/site-packages/airflow/example_dags/example_local_kubernetes_executor.py
[2023-09-01T14:57:02.823+0000] {processor.py:839} INFO - DAG(s) dict_keys(['example_local_kubernetes_executor']) retrieved from /home/airflow/.local/lib/python3.8/site-packages/airflow/example_dags/example_local_kubernetes_executor.py
[2023-09-01T14:57:02.857+0000] {logging_mixin.py:151} INFO - [2023-09-01T14:57:02.856+0000] {dag.py:2907} INFO - Sync 1 DAGs
[2023-09-01T14:57:02.872+0000] {logging_mixin.py:151} INFO - [2023-09-01T14:57:02.872+0000] {dag.py:3677} INFO - Setting next_dagrun for example_local_kubernetes_executor to None, run_after=None
[2023-09-01T14:57:02.892+0000] {processor.py:179} INFO - Processing /home/airflow/.local/lib/python3.8/site-packages/airflow/example_dags/example_local_kubernetes_executor.py took 0.341 seconds
[2023-09-01T14:57:33.377+0000] {processor.py:157} INFO - Started process (PID=827) to work on /home/airflow/.local/lib/python3.8/site-packages/airflow/example_dags/example_local_kubernetes_executor.py
[2023-09-01T14:57:33.379+0000] {processor.py:829} INFO - Processing file /home/airflow/.local/lib/python3.8/site-packages/airflow/example_dags/example_local_kubernetes_executor.py for tasks to queue
[2023-09-01T14:57:33.382+0000] {logging_mixin.py:151} INFO - [2023-09-01T14:57:33.382+0000] {dagbag.py:539} INFO - Filling up the DagBag from /home/airflow/.local/lib/python3.8/site-packages/airflow/example_dags/example_local_kubernetes_executor.py
[2023-09-01T14:57:33.638+0000] {processor.py:839} INFO - DAG(s) dict_keys(['example_local_kubernetes_executor']) retrieved from /home/airflow/.local/lib/python3.8/site-packages/airflow/example_dags/example_local_kubernetes_executor.py
[2023-09-01T14:57:33.672+0000] {logging_mixin.py:151} INFO - [2023-09-01T14:57:33.671+0000] {dag.py:2907} INFO - Sync 1 DAGs
[2023-09-01T14:57:33.685+0000] {logging_mixin.py:151} INFO - [2023-09-01T14:57:33.685+0000] {dag.py:3677} INFO - Setting next_dagrun for example_local_kubernetes_executor to None, run_after=None
[2023-09-01T14:57:33.706+0000] {processor.py:179} INFO - Processing /home/airflow/.local/lib/python3.8/site-packages/airflow/example_dags/example_local_kubernetes_executor.py took 0.334 seconds
[2023-09-01T14:58:04.118+0000] {processor.py:157} INFO - Started process (PID=881) to work on /home/airflow/.local/lib/python3.8/site-packages/airflow/example_dags/example_local_kubernetes_executor.py
[2023-09-01T14:58:04.120+0000] {processor.py:829} INFO - Processing file /home/airflow/.local/lib/python3.8/site-packages/airflow/example_dags/example_local_kubernetes_executor.py for tasks to queue
[2023-09-01T14:58:04.123+0000] {logging_mixin.py:151} INFO - [2023-09-01T14:58:04.123+0000] {dagbag.py:539} INFO - Filling up the DagBag from /home/airflow/.local/lib/python3.8/site-packages/airflow/example_dags/example_local_kubernetes_executor.py
[2023-09-01T14:58:04.373+0000] {processor.py:839} INFO - DAG(s) dict_keys(['example_local_kubernetes_executor']) retrieved from /home/airflow/.local/lib/python3.8/site-packages/airflow/example_dags/example_local_kubernetes_executor.py
[2023-09-01T14:58:04.408+0000] {logging_mixin.py:151} INFO - [2023-09-01T14:58:04.407+0000] {dag.py:2907} INFO - Sync 1 DAGs
[2023-09-01T14:58:04.421+0000] {logging_mixin.py:151} INFO - [2023-09-01T14:58:04.421+0000] {dag.py:3677} INFO - Setting next_dagrun for example_local_kubernetes_executor to None, run_after=None
[2023-09-01T14:58:04.440+0000] {processor.py:179} INFO - Processing /home/airflow/.local/lib/python3.8/site-packages/airflow/example_dags/example_local_kubernetes_executor.py took 0.327 seconds
[2023-09-01T14:58:34.988+0000] {processor.py:157} INFO - Started process (PID=935) to work on /home/airflow/.local/lib/python3.8/site-packages/airflow/example_dags/example_local_kubernetes_executor.py
[2023-09-01T14:58:34.989+0000] {processor.py:829} INFO - Processing file /home/airflow/.local/lib/python3.8/site-packages/airflow/example_dags/example_local_kubernetes_executor.py for tasks to queue
[2023-09-01T14:58:34.992+0000] {logging_mixin.py:151} INFO - [2023-09-01T14:58:34.992+0000] {dagbag.py:539} INFO - Filling up the DagBag from /home/airflow/.local/lib/python3.8/site-packages/airflow/example_dags/example_local_kubernetes_executor.py
[2023-09-01T14:58:35.255+0000] {processor.py:839} INFO - DAG(s) dict_keys(['example_local_kubernetes_executor']) retrieved from /home/airflow/.local/lib/python3.8/site-packages/airflow/example_dags/example_local_kubernetes_executor.py
[2023-09-01T14:58:35.294+0000] {logging_mixin.py:151} INFO - [2023-09-01T14:58:35.293+0000] {dag.py:2907} INFO - Sync 1 DAGs
[2023-09-01T14:58:35.309+0000] {logging_mixin.py:151} INFO - [2023-09-01T14:58:35.309+0000] {dag.py:3677} INFO - Setting next_dagrun for example_local_kubernetes_executor to None, run_after=None
[2023-09-01T14:58:35.328+0000] {processor.py:179} INFO - Processing /home/airflow/.local/lib/python3.8/site-packages/airflow/example_dags/example_local_kubernetes_executor.py took 0.344 seconds
[2023-09-01T14:59:05.797+0000] {processor.py:157} INFO - Started process (PID=989) to work on /home/airflow/.local/lib/python3.8/site-packages/airflow/example_dags/example_local_kubernetes_executor.py
[2023-09-01T14:59:05.799+0000] {processor.py:829} INFO - Processing file /home/airflow/.local/lib/python3.8/site-packages/airflow/example_dags/example_local_kubernetes_executor.py for tasks to queue
[2023-09-01T14:59:05.802+0000] {logging_mixin.py:151} INFO - [2023-09-01T14:59:05.802+0000] {dagbag.py:539} INFO - Filling up the DagBag from /home/airflow/.local/lib/python3.8/site-packages/airflow/example_dags/example_local_kubernetes_executor.py
[2023-09-01T14:59:06.057+0000] {processor.py:839} INFO - DAG(s) dict_keys(['example_local_kubernetes_executor']) retrieved from /home/airflow/.local/lib/python3.8/site-packages/airflow/example_dags/example_local_kubernetes_executor.py
[2023-09-01T14:59:06.093+0000] {logging_mixin.py:151} INFO - [2023-09-01T14:59:06.091+0000] {dag.py:2907} INFO - Sync 1 DAGs
[2023-09-01T14:59:06.107+0000] {logging_mixin.py:151} INFO - [2023-09-01T14:59:06.107+0000] {dag.py:3677} INFO - Setting next_dagrun for example_local_kubernetes_executor to None, run_after=None
[2023-09-01T14:59:06.126+0000] {processor.py:179} INFO - Processing /home/airflow/.local/lib/python3.8/site-packages/airflow/example_dags/example_local_kubernetes_executor.py took 0.333 seconds
[2023-09-01T14:59:36.342+0000] {processor.py:157} INFO - Started process (PID=1043) to work on /home/airflow/.local/lib/python3.8/site-packages/airflow/example_dags/example_local_kubernetes_executor.py
[2023-09-01T14:59:36.344+0000] {processor.py:829} INFO - Processing file /home/airflow/.local/lib/python3.8/site-packages/airflow/example_dags/example_local_kubernetes_executor.py for tasks to queue
[2023-09-01T14:59:36.346+0000] {logging_mixin.py:151} INFO - [2023-09-01T14:59:36.346+0000] {dagbag.py:539} INFO - Filling up the DagBag from /home/airflow/.local/lib/python3.8/site-packages/airflow/example_dags/example_local_kubernetes_executor.py
[2023-09-01T14:59:36.617+0000] {processor.py:839} INFO - DAG(s) dict_keys(['example_local_kubernetes_executor']) retrieved from /home/airflow/.local/lib/python3.8/site-packages/airflow/example_dags/example_local_kubernetes_executor.py
[2023-09-01T14:59:36.652+0000] {logging_mixin.py:151} INFO - [2023-09-01T14:59:36.652+0000] {dag.py:2907} INFO - Sync 1 DAGs
[2023-09-01T14:59:36.668+0000] {logging_mixin.py:151} INFO - [2023-09-01T14:59:36.668+0000] {dag.py:3677} INFO - Setting next_dagrun for example_local_kubernetes_executor to None, run_after=None
[2023-09-01T14:59:36.687+0000] {processor.py:179} INFO - Processing /home/airflow/.local/lib/python3.8/site-packages/airflow/example_dags/example_local_kubernetes_executor.py took 0.349 seconds
[2023-09-01T15:00:07.275+0000] {processor.py:157} INFO - Started process (PID=1097) to work on /home/airflow/.local/lib/python3.8/site-packages/airflow/example_dags/example_local_kubernetes_executor.py
[2023-09-01T15:00:07.277+0000] {processor.py:829} INFO - Processing file /home/airflow/.local/lib/python3.8/site-packages/airflow/example_dags/example_local_kubernetes_executor.py for tasks to queue
[2023-09-01T15:00:07.279+0000] {logging_mixin.py:151} INFO - [2023-09-01T15:00:07.279+0000] {dagbag.py:539} INFO - Filling up the DagBag from /home/airflow/.local/lib/python3.8/site-packages/airflow/example_dags/example_local_kubernetes_executor.py
[2023-09-01T15:00:07.537+0000] {processor.py:839} INFO - DAG(s) dict_keys(['example_local_kubernetes_executor']) retrieved from /home/airflow/.local/lib/python3.8/site-packages/airflow/example_dags/example_local_kubernetes_executor.py
[2023-09-01T15:00:07.572+0000] {logging_mixin.py:151} INFO - [2023-09-01T15:00:07.571+0000] {dag.py:2907} INFO - Sync 1 DAGs
[2023-09-01T15:00:07.585+0000] {logging_mixin.py:151} INFO - [2023-09-01T15:00:07.585+0000] {dag.py:3677} INFO - Setting next_dagrun for example_local_kubernetes_executor to None, run_after=None
[2023-09-01T15:00:07.606+0000] {processor.py:179} INFO - Processing /home/airflow/.local/lib/python3.8/site-packages/airflow/example_dags/example_local_kubernetes_executor.py took 0.335 seconds
[2023-09-01T15:00:38.093+0000] {processor.py:157} INFO - Started process (PID=1151) to work on /home/airflow/.local/lib/python3.8/site-packages/airflow/example_dags/example_local_kubernetes_executor.py
[2023-09-01T15:00:38.094+0000] {processor.py:829} INFO - Processing file /home/airflow/.local/lib/python3.8/site-packages/airflow/example_dags/example_local_kubernetes_executor.py for tasks to queue
[2023-09-01T15:00:38.097+0000] {logging_mixin.py:151} INFO - [2023-09-01T15:00:38.097+0000] {dagbag.py:539} INFO - Filling up the DagBag from /home/airflow/.local/lib/python3.8/site-packages/airflow/example_dags/example_local_kubernetes_executor.py
[2023-09-01T15:00:38.382+0000] {processor.py:839} INFO - DAG(s) dict_keys(['example_local_kubernetes_executor']) retrieved from /home/airflow/.local/lib/python3.8/site-packages/airflow/example_dags/example_local_kubernetes_executor.py
[2023-09-01T15:00:38.418+0000] {logging_mixin.py:151} INFO - [2023-09-01T15:00:38.417+0000] {dag.py:2907} INFO - Sync 1 DAGs
[2023-09-01T15:00:38.432+0000] {logging_mixin.py:151} INFO - [2023-09-01T15:00:38.432+0000] {dag.py:3677} INFO - Setting next_dagrun for example_local_kubernetes_executor to None, run_after=None
[2023-09-01T15:00:38.454+0000] {processor.py:179} INFO - Processing /home/airflow/.local/lib/python3.8/site-packages/airflow/example_dags/example_local_kubernetes_executor.py took 0.365 seconds
[2023-09-01T15:01:08.710+0000] {processor.py:157} INFO - Started process (PID=1205) to work on /home/airflow/.local/lib/python3.8/site-packages/airflow/example_dags/example_local_kubernetes_executor.py
[2023-09-01T15:01:08.712+0000] {processor.py:829} INFO - Processing file /home/airflow/.local/lib/python3.8/site-packages/airflow/example_dags/example_local_kubernetes_executor.py for tasks to queue
[2023-09-01T15:01:08.715+0000] {logging_mixin.py:151} INFO - [2023-09-01T15:01:08.714+0000] {dagbag.py:539} INFO - Filling up the DagBag from /home/airflow/.local/lib/python3.8/site-packages/airflow/example_dags/example_local_kubernetes_executor.py
[2023-09-01T15:01:08.962+0000] {processor.py:839} INFO - DAG(s) dict_keys(['example_local_kubernetes_executor']) retrieved from /home/airflow/.local/lib/python3.8/site-packages/airflow/example_dags/example_local_kubernetes_executor.py
[2023-09-01T15:01:08.998+0000] {logging_mixin.py:151} INFO - [2023-09-01T15:01:08.998+0000] {dag.py:2907} INFO - Sync 1 DAGs
[2023-09-01T15:01:09.013+0000] {logging_mixin.py:151} INFO - [2023-09-01T15:01:09.012+0000] {dag.py:3677} INFO - Setting next_dagrun for example_local_kubernetes_executor to None, run_after=None
[2023-09-01T15:01:09.033+0000] {processor.py:179} INFO - Processing /home/airflow/.local/lib/python3.8/site-packages/airflow/example_dags/example_local_kubernetes_executor.py took 0.326 seconds
[2023-09-01T15:01:39.547+0000] {processor.py:157} INFO - Started process (PID=1259) to work on /home/airflow/.local/lib/python3.8/site-packages/airflow/example_dags/example_local_kubernetes_executor.py
[2023-09-01T15:01:39.548+0000] {processor.py:829} INFO - Processing file /home/airflow/.local/lib/python3.8/site-packages/airflow/example_dags/example_local_kubernetes_executor.py for tasks to queue
[2023-09-01T15:01:39.551+0000] {logging_mixin.py:151} INFO - [2023-09-01T15:01:39.551+0000] {dagbag.py:539} INFO - Filling up the DagBag from /home/airflow/.local/lib/python3.8/site-packages/airflow/example_dags/example_local_kubernetes_executor.py
[2023-09-01T15:01:39.805+0000] {processor.py:839} INFO - DAG(s) dict_keys(['example_local_kubernetes_executor']) retrieved from /home/airflow/.local/lib/python3.8/site-packages/airflow/example_dags/example_local_kubernetes_executor.py
[2023-09-01T15:01:39.841+0000] {logging_mixin.py:151} INFO - [2023-09-01T15:01:39.840+0000] {dag.py:2907} INFO - Sync 1 DAGs
[2023-09-01T15:01:39.855+0000] {logging_mixin.py:151} INFO - [2023-09-01T15:01:39.854+0000] {dag.py:3677} INFO - Setting next_dagrun for example_local_kubernetes_executor to None, run_after=None
[2023-09-01T15:01:39.874+0000] {processor.py:179} INFO - Processing /home/airflow/.local/lib/python3.8/site-packages/airflow/example_dags/example_local_kubernetes_executor.py took 0.331 seconds
[2023-09-01T15:02:10.247+0000] {processor.py:157} INFO - Started process (PID=1313) to work on /home/airflow/.local/lib/python3.8/site-packages/airflow/example_dags/example_local_kubernetes_executor.py
[2023-09-01T15:02:10.249+0000] {processor.py:829} INFO - Processing file /home/airflow/.local/lib/python3.8/site-packages/airflow/example_dags/example_local_kubernetes_executor.py for tasks to queue
[2023-09-01T15:02:10.252+0000] {logging_mixin.py:151} INFO - [2023-09-01T15:02:10.252+0000] {dagbag.py:539} INFO - Filling up the DagBag from /home/airflow/.local/lib/python3.8/site-packages/airflow/example_dags/example_local_kubernetes_executor.py
[2023-09-01T15:02:10.546+0000] {processor.py:839} INFO - DAG(s) dict_keys(['example_local_kubernetes_executor']) retrieved from /home/airflow/.local/lib/python3.8/site-packages/airflow/example_dags/example_local_kubernetes_executor.py
[2023-09-01T15:02:10.596+0000] {logging_mixin.py:151} INFO - [2023-09-01T15:02:10.595+0000] {dag.py:2907} INFO - Sync 1 DAGs
[2023-09-01T15:02:10.615+0000] {logging_mixin.py:151} INFO - [2023-09-01T15:02:10.615+0000] {dag.py:3677} INFO - Setting next_dagrun for example_local_kubernetes_executor to None, run_after=None
[2023-09-01T15:02:10.641+0000] {processor.py:179} INFO - Processing /home/airflow/.local/lib/python3.8/site-packages/airflow/example_dags/example_local_kubernetes_executor.py took 0.398 seconds
[2023-09-01T15:02:40.687+0000] {processor.py:157} INFO - Started process (PID=1368) to work on /home/airflow/.local/lib/python3.8/site-packages/airflow/example_dags/example_local_kubernetes_executor.py
[2023-09-01T15:02:40.688+0000] {processor.py:829} INFO - Processing file /home/airflow/.local/lib/python3.8/site-packages/airflow/example_dags/example_local_kubernetes_executor.py for tasks to queue
[2023-09-01T15:02:40.691+0000] {logging_mixin.py:151} INFO - [2023-09-01T15:02:40.691+0000] {dagbag.py:539} INFO - Filling up the DagBag from /home/airflow/.local/lib/python3.8/site-packages/airflow/example_dags/example_local_kubernetes_executor.py
[2023-09-01T15:02:41.017+0000] {processor.py:839} INFO - DAG(s) dict_keys(['example_local_kubernetes_executor']) retrieved from /home/airflow/.local/lib/python3.8/site-packages/airflow/example_dags/example_local_kubernetes_executor.py
[2023-09-01T15:02:41.064+0000] {logging_mixin.py:151} INFO - [2023-09-01T15:02:41.061+0000] {dag.py:2907} INFO - Sync 1 DAGs
[2023-09-01T15:02:41.080+0000] {logging_mixin.py:151} INFO - [2023-09-01T15:02:41.080+0000] {dag.py:3677} INFO - Setting next_dagrun for example_local_kubernetes_executor to None, run_after=None
[2023-09-01T15:02:41.104+0000] {processor.py:179} INFO - Processing /home/airflow/.local/lib/python3.8/site-packages/airflow/example_dags/example_local_kubernetes_executor.py took 0.421 seconds
[2023-09-01T15:03:11.135+0000] {processor.py:157} INFO - Started process (PID=1424) to work on /home/airflow/.local/lib/python3.8/site-packages/airflow/example_dags/example_local_kubernetes_executor.py
[2023-09-01T15:03:11.137+0000] {processor.py:829} INFO - Processing file /home/airflow/.local/lib/python3.8/site-packages/airflow/example_dags/example_local_kubernetes_executor.py for tasks to queue
[2023-09-01T15:03:11.140+0000] {logging_mixin.py:151} INFO - [2023-09-01T15:03:11.140+0000] {dagbag.py:539} INFO - Filling up the DagBag from /home/airflow/.local/lib/python3.8/site-packages/airflow/example_dags/example_local_kubernetes_executor.py
[2023-09-01T15:03:11.445+0000] {processor.py:839} INFO - DAG(s) dict_keys(['example_local_kubernetes_executor']) retrieved from /home/airflow/.local/lib/python3.8/site-packages/airflow/example_dags/example_local_kubernetes_executor.py
[2023-09-01T15:03:11.503+0000] {logging_mixin.py:151} INFO - [2023-09-01T15:03:11.502+0000] {dag.py:2907} INFO - Sync 1 DAGs
[2023-09-01T15:03:11.526+0000] {logging_mixin.py:151} INFO - [2023-09-01T15:03:11.525+0000] {dag.py:3677} INFO - Setting next_dagrun for example_local_kubernetes_executor to None, run_after=None
[2023-09-01T15:03:11.553+0000] {processor.py:179} INFO - Processing /home/airflow/.local/lib/python3.8/site-packages/airflow/example_dags/example_local_kubernetes_executor.py took 0.423 seconds
[2023-09-01T15:03:42.446+0000] {processor.py:157} INFO - Started process (PID=1480) to work on /home/airflow/.local/lib/python3.8/site-packages/airflow/example_dags/example_local_kubernetes_executor.py
[2023-09-01T15:03:42.449+0000] {processor.py:829} INFO - Processing file /home/airflow/.local/lib/python3.8/site-packages/airflow/example_dags/example_local_kubernetes_executor.py for tasks to queue
[2023-09-01T15:03:42.452+0000] {logging_mixin.py:151} INFO - [2023-09-01T15:03:42.452+0000] {dagbag.py:539} INFO - Filling up the DagBag from /home/airflow/.local/lib/python3.8/site-packages/airflow/example_dags/example_local_kubernetes_executor.py
[2023-09-01T15:03:42.737+0000] {processor.py:839} INFO - DAG(s) dict_keys(['example_local_kubernetes_executor']) retrieved from /home/airflow/.local/lib/python3.8/site-packages/airflow/example_dags/example_local_kubernetes_executor.py
[2023-09-01T15:03:42.771+0000] {logging_mixin.py:151} INFO - [2023-09-01T15:03:42.771+0000] {dag.py:2907} INFO - Sync 1 DAGs
[2023-09-01T15:03:42.786+0000] {logging_mixin.py:151} INFO - [2023-09-01T15:03:42.785+0000] {dag.py:3677} INFO - Setting next_dagrun for example_local_kubernetes_executor to None, run_after=None
[2023-09-01T15:03:42.808+0000] {processor.py:179} INFO - Processing /home/airflow/.local/lib/python3.8/site-packages/airflow/example_dags/example_local_kubernetes_executor.py took 0.367 seconds
[2023-09-01T15:04:13.598+0000] {processor.py:157} INFO - Started process (PID=1534) to work on /home/airflow/.local/lib/python3.8/site-packages/airflow/example_dags/example_local_kubernetes_executor.py
[2023-09-01T15:04:13.599+0000] {processor.py:829} INFO - Processing file /home/airflow/.local/lib/python3.8/site-packages/airflow/example_dags/example_local_kubernetes_executor.py for tasks to queue
[2023-09-01T15:04:13.603+0000] {logging_mixin.py:151} INFO - [2023-09-01T15:04:13.602+0000] {dagbag.py:539} INFO - Filling up the DagBag from /home/airflow/.local/lib/python3.8/site-packages/airflow/example_dags/example_local_kubernetes_executor.py
[2023-09-01T15:04:13.868+0000] {processor.py:839} INFO - DAG(s) dict_keys(['example_local_kubernetes_executor']) retrieved from /home/airflow/.local/lib/python3.8/site-packages/airflow/example_dags/example_local_kubernetes_executor.py
[2023-09-01T15:04:13.903+0000] {logging_mixin.py:151} INFO - [2023-09-01T15:04:13.902+0000] {dag.py:2907} INFO - Sync 1 DAGs
[2023-09-01T15:04:13.917+0000] {logging_mixin.py:151} INFO - [2023-09-01T15:04:13.917+0000] {dag.py:3677} INFO - Setting next_dagrun for example_local_kubernetes_executor to None, run_after=None
[2023-09-01T15:04:13.937+0000] {processor.py:179} INFO - Processing /home/airflow/.local/lib/python3.8/site-packages/airflow/example_dags/example_local_kubernetes_executor.py took 0.344 seconds
[2023-09-01T15:04:44.130+0000] {processor.py:157} INFO - Started process (PID=1589) to work on /home/airflow/.local/lib/python3.8/site-packages/airflow/example_dags/example_local_kubernetes_executor.py
[2023-09-01T15:04:44.131+0000] {processor.py:829} INFO - Processing file /home/airflow/.local/lib/python3.8/site-packages/airflow/example_dags/example_local_kubernetes_executor.py for tasks to queue
[2023-09-01T15:04:44.134+0000] {logging_mixin.py:151} INFO - [2023-09-01T15:04:44.133+0000] {dagbag.py:539} INFO - Filling up the DagBag from /home/airflow/.local/lib/python3.8/site-packages/airflow/example_dags/example_local_kubernetes_executor.py
[2023-09-01T15:04:44.373+0000] {processor.py:839} INFO - DAG(s) dict_keys(['example_local_kubernetes_executor']) retrieved from /home/airflow/.local/lib/python3.8/site-packages/airflow/example_dags/example_local_kubernetes_executor.py
[2023-09-01T15:04:44.407+0000] {logging_mixin.py:151} INFO - [2023-09-01T15:04:44.406+0000] {dag.py:2907} INFO - Sync 1 DAGs
[2023-09-01T15:04:44.420+0000] {logging_mixin.py:151} INFO - [2023-09-01T15:04:44.420+0000] {dag.py:3677} INFO - Setting next_dagrun for example_local_kubernetes_executor to None, run_after=None
[2023-09-01T15:04:44.439+0000] {processor.py:179} INFO - Processing /home/airflow/.local/lib/python3.8/site-packages/airflow/example_dags/example_local_kubernetes_executor.py took 0.314 seconds
[2023-09-01T15:05:15.092+0000] {processor.py:157} INFO - Started process (PID=1643) to work on /home/airflow/.local/lib/python3.8/site-packages/airflow/example_dags/example_local_kubernetes_executor.py
[2023-09-01T15:05:15.093+0000] {processor.py:829} INFO - Processing file /home/airflow/.local/lib/python3.8/site-packages/airflow/example_dags/example_local_kubernetes_executor.py for tasks to queue
[2023-09-01T15:05:15.096+0000] {logging_mixin.py:151} INFO - [2023-09-01T15:05:15.095+0000] {dagbag.py:539} INFO - Filling up the DagBag from /home/airflow/.local/lib/python3.8/site-packages/airflow/example_dags/example_local_kubernetes_executor.py
[2023-09-01T15:05:15.356+0000] {processor.py:839} INFO - DAG(s) dict_keys(['example_local_kubernetes_executor']) retrieved from /home/airflow/.local/lib/python3.8/site-packages/airflow/example_dags/example_local_kubernetes_executor.py
[2023-09-01T15:05:15.394+0000] {logging_mixin.py:151} INFO - [2023-09-01T15:05:15.393+0000] {dag.py:2907} INFO - Sync 1 DAGs
[2023-09-01T15:05:15.408+0000] {logging_mixin.py:151} INFO - [2023-09-01T15:05:15.407+0000] {dag.py:3677} INFO - Setting next_dagrun for example_local_kubernetes_executor to None, run_after=None
[2023-09-01T15:05:15.430+0000] {processor.py:179} INFO - Processing /home/airflow/.local/lib/python3.8/site-packages/airflow/example_dags/example_local_kubernetes_executor.py took 0.343 seconds
[2023-09-01T15:05:45.619+0000] {processor.py:157} INFO - Started process (PID=1698) to work on /home/airflow/.local/lib/python3.8/site-packages/airflow/example_dags/example_local_kubernetes_executor.py
[2023-09-01T15:05:45.620+0000] {processor.py:829} INFO - Processing file /home/airflow/.local/lib/python3.8/site-packages/airflow/example_dags/example_local_kubernetes_executor.py for tasks to queue
[2023-09-01T15:05:45.624+0000] {logging_mixin.py:151} INFO - [2023-09-01T15:05:45.623+0000] {dagbag.py:539} INFO - Filling up the DagBag from /home/airflow/.local/lib/python3.8/site-packages/airflow/example_dags/example_local_kubernetes_executor.py
[2023-09-01T15:05:45.886+0000] {processor.py:839} INFO - DAG(s) dict_keys(['example_local_kubernetes_executor']) retrieved from /home/airflow/.local/lib/python3.8/site-packages/airflow/example_dags/example_local_kubernetes_executor.py
[2023-09-01T15:05:45.921+0000] {logging_mixin.py:151} INFO - [2023-09-01T15:05:45.919+0000] {dag.py:2907} INFO - Sync 1 DAGs
[2023-09-01T15:05:45.934+0000] {logging_mixin.py:151} INFO - [2023-09-01T15:05:45.934+0000] {dag.py:3677} INFO - Setting next_dagrun for example_local_kubernetes_executor to None, run_after=None
[2023-09-01T15:05:45.953+0000] {processor.py:179} INFO - Processing /home/airflow/.local/lib/python3.8/site-packages/airflow/example_dags/example_local_kubernetes_executor.py took 0.339 seconds
[2023-09-01T15:06:15.989+0000] {processor.py:157} INFO - Started process (PID=1754) to work on /home/airflow/.local/lib/python3.8/site-packages/airflow/example_dags/example_local_kubernetes_executor.py
[2023-09-01T15:06:15.992+0000] {processor.py:829} INFO - Processing file /home/airflow/.local/lib/python3.8/site-packages/airflow/example_dags/example_local_kubernetes_executor.py for tasks to queue
[2023-09-01T15:06:15.999+0000] {logging_mixin.py:151} INFO - [2023-09-01T15:06:15.998+0000] {dagbag.py:539} INFO - Filling up the DagBag from /home/airflow/.local/lib/python3.8/site-packages/airflow/example_dags/example_local_kubernetes_executor.py
[2023-09-01T15:06:16.307+0000] {processor.py:839} INFO - DAG(s) dict_keys(['example_local_kubernetes_executor']) retrieved from /home/airflow/.local/lib/python3.8/site-packages/airflow/example_dags/example_local_kubernetes_executor.py
[2023-09-01T15:06:16.341+0000] {logging_mixin.py:151} INFO - [2023-09-01T15:06:16.340+0000] {dag.py:2907} INFO - Sync 1 DAGs
[2023-09-01T15:06:16.363+0000] {logging_mixin.py:151} INFO - [2023-09-01T15:06:16.362+0000] {dag.py:3677} INFO - Setting next_dagrun for example_local_kubernetes_executor to None, run_after=None
[2023-09-01T15:06:16.391+0000] {processor.py:179} INFO - Processing /home/airflow/.local/lib/python3.8/site-packages/airflow/example_dags/example_local_kubernetes_executor.py took 0.406 seconds
[2023-09-01T15:06:46.460+0000] {processor.py:157} INFO - Started process (PID=1811) to work on /home/airflow/.local/lib/python3.8/site-packages/airflow/example_dags/example_local_kubernetes_executor.py
[2023-09-01T15:06:46.462+0000] {processor.py:829} INFO - Processing file /home/airflow/.local/lib/python3.8/site-packages/airflow/example_dags/example_local_kubernetes_executor.py for tasks to queue
[2023-09-01T15:06:46.465+0000] {logging_mixin.py:151} INFO - [2023-09-01T15:06:46.464+0000] {dagbag.py:539} INFO - Filling up the DagBag from /home/airflow/.local/lib/python3.8/site-packages/airflow/example_dags/example_local_kubernetes_executor.py
[2023-09-01T15:06:46.700+0000] {processor.py:839} INFO - DAG(s) dict_keys(['example_local_kubernetes_executor']) retrieved from /home/airflow/.local/lib/python3.8/site-packages/airflow/example_dags/example_local_kubernetes_executor.py
[2023-09-01T15:06:46.732+0000] {logging_mixin.py:151} INFO - [2023-09-01T15:06:46.731+0000] {dag.py:2907} INFO - Sync 1 DAGs
[2023-09-01T15:06:46.745+0000] {logging_mixin.py:151} INFO - [2023-09-01T15:06:46.744+0000] {dag.py:3677} INFO - Setting next_dagrun for example_local_kubernetes_executor to None, run_after=None
[2023-09-01T15:06:46.765+0000] {processor.py:179} INFO - Processing /home/airflow/.local/lib/python3.8/site-packages/airflow/example_dags/example_local_kubernetes_executor.py took 0.309 seconds
[2023-09-01T15:07:17.031+0000] {processor.py:157} INFO - Started process (PID=1859) to work on /home/airflow/.local/lib/python3.8/site-packages/airflow/example_dags/example_local_kubernetes_executor.py
[2023-09-01T15:07:17.033+0000] {processor.py:829} INFO - Processing file /home/airflow/.local/lib/python3.8/site-packages/airflow/example_dags/example_local_kubernetes_executor.py for tasks to queue
[2023-09-01T15:07:17.037+0000] {logging_mixin.py:151} INFO - [2023-09-01T15:07:17.036+0000] {dagbag.py:539} INFO - Filling up the DagBag from /home/airflow/.local/lib/python3.8/site-packages/airflow/example_dags/example_local_kubernetes_executor.py
[2023-09-01T15:07:17.294+0000] {processor.py:839} INFO - DAG(s) dict_keys(['example_local_kubernetes_executor']) retrieved from /home/airflow/.local/lib/python3.8/site-packages/airflow/example_dags/example_local_kubernetes_executor.py
[2023-09-01T15:07:17.328+0000] {logging_mixin.py:151} INFO - [2023-09-01T15:07:17.327+0000] {dag.py:2907} INFO - Sync 1 DAGs
[2023-09-01T15:07:17.342+0000] {logging_mixin.py:151} INFO - [2023-09-01T15:07:17.342+0000] {dag.py:3677} INFO - Setting next_dagrun for example_local_kubernetes_executor to None, run_after=None
[2023-09-01T15:07:17.361+0000] {processor.py:179} INFO - Processing /home/airflow/.local/lib/python3.8/site-packages/airflow/example_dags/example_local_kubernetes_executor.py took 0.335 seconds
[2023-09-01T15:07:47.541+0000] {processor.py:157} INFO - Started process (PID=1914) to work on /home/airflow/.local/lib/python3.8/site-packages/airflow/example_dags/example_local_kubernetes_executor.py
[2023-09-01T15:07:47.542+0000] {processor.py:829} INFO - Processing file /home/airflow/.local/lib/python3.8/site-packages/airflow/example_dags/example_local_kubernetes_executor.py for tasks to queue
[2023-09-01T15:07:47.545+0000] {logging_mixin.py:151} INFO - [2023-09-01T15:07:47.545+0000] {dagbag.py:539} INFO - Filling up the DagBag from /home/airflow/.local/lib/python3.8/site-packages/airflow/example_dags/example_local_kubernetes_executor.py
[2023-09-01T15:07:47.789+0000] {processor.py:839} INFO - DAG(s) dict_keys(['example_local_kubernetes_executor']) retrieved from /home/airflow/.local/lib/python3.8/site-packages/airflow/example_dags/example_local_kubernetes_executor.py
[2023-09-01T15:07:47.823+0000] {logging_mixin.py:151} INFO - [2023-09-01T15:07:47.822+0000] {dag.py:2907} INFO - Sync 1 DAGs
[2023-09-01T15:07:47.836+0000] {logging_mixin.py:151} INFO - [2023-09-01T15:07:47.836+0000] {dag.py:3677} INFO - Setting next_dagrun for example_local_kubernetes_executor to None, run_after=None
[2023-09-01T15:07:47.855+0000] {processor.py:179} INFO - Processing /home/airflow/.local/lib/python3.8/site-packages/airflow/example_dags/example_local_kubernetes_executor.py took 0.319 seconds
[2023-09-01T15:08:17.987+0000] {processor.py:157} INFO - Started process (PID=1970) to work on /home/airflow/.local/lib/python3.8/site-packages/airflow/example_dags/example_local_kubernetes_executor.py
[2023-09-01T15:08:17.989+0000] {processor.py:829} INFO - Processing file /home/airflow/.local/lib/python3.8/site-packages/airflow/example_dags/example_local_kubernetes_executor.py for tasks to queue
[2023-09-01T15:08:17.993+0000] {logging_mixin.py:151} INFO - [2023-09-01T15:08:17.993+0000] {dagbag.py:539} INFO - Filling up the DagBag from /home/airflow/.local/lib/python3.8/site-packages/airflow/example_dags/example_local_kubernetes_executor.py
[2023-09-01T15:08:18.309+0000] {processor.py:839} INFO - DAG(s) dict_keys(['example_local_kubernetes_executor']) retrieved from /home/airflow/.local/lib/python3.8/site-packages/airflow/example_dags/example_local_kubernetes_executor.py
[2023-09-01T15:08:18.344+0000] {logging_mixin.py:151} INFO - [2023-09-01T15:08:18.343+0000] {dag.py:2907} INFO - Sync 1 DAGs
[2023-09-01T15:08:18.360+0000] {logging_mixin.py:151} INFO - [2023-09-01T15:08:18.360+0000] {dag.py:3677} INFO - Setting next_dagrun for example_local_kubernetes_executor to None, run_after=None
[2023-09-01T15:08:18.379+0000] {processor.py:179} INFO - Processing /home/airflow/.local/lib/python3.8/site-packages/airflow/example_dags/example_local_kubernetes_executor.py took 0.398 seconds
[2023-09-01T15:08:48.448+0000] {processor.py:157} INFO - Started process (PID=2028) to work on /home/airflow/.local/lib/python3.8/site-packages/airflow/example_dags/example_local_kubernetes_executor.py
[2023-09-01T15:08:48.449+0000] {processor.py:829} INFO - Processing file /home/airflow/.local/lib/python3.8/site-packages/airflow/example_dags/example_local_kubernetes_executor.py for tasks to queue
[2023-09-01T15:08:48.452+0000] {logging_mixin.py:151} INFO - [2023-09-01T15:08:48.451+0000] {dagbag.py:539} INFO - Filling up the DagBag from /home/airflow/.local/lib/python3.8/site-packages/airflow/example_dags/example_local_kubernetes_executor.py
[2023-09-01T15:08:48.667+0000] {processor.py:839} INFO - DAG(s) dict_keys(['example_local_kubernetes_executor']) retrieved from /home/airflow/.local/lib/python3.8/site-packages/airflow/example_dags/example_local_kubernetes_executor.py
[2023-09-01T15:08:48.699+0000] {logging_mixin.py:151} INFO - [2023-09-01T15:08:48.699+0000] {dag.py:2907} INFO - Sync 1 DAGs
[2023-09-01T15:08:48.712+0000] {logging_mixin.py:151} INFO - [2023-09-01T15:08:48.712+0000] {dag.py:3677} INFO - Setting next_dagrun for example_local_kubernetes_executor to None, run_after=None
[2023-09-01T15:08:48.733+0000] {processor.py:179} INFO - Processing /home/airflow/.local/lib/python3.8/site-packages/airflow/example_dags/example_local_kubernetes_executor.py took 0.289 seconds
[2023-09-01T15:09:19.593+0000] {processor.py:157} INFO - Started process (PID=2082) to work on /home/airflow/.local/lib/python3.8/site-packages/airflow/example_dags/example_local_kubernetes_executor.py
[2023-09-01T15:09:19.594+0000] {processor.py:829} INFO - Processing file /home/airflow/.local/lib/python3.8/site-packages/airflow/example_dags/example_local_kubernetes_executor.py for tasks to queue
[2023-09-01T15:09:19.598+0000] {logging_mixin.py:151} INFO - [2023-09-01T15:09:19.597+0000] {dagbag.py:539} INFO - Filling up the DagBag from /home/airflow/.local/lib/python3.8/site-packages/airflow/example_dags/example_local_kubernetes_executor.py
[2023-09-01T15:09:19.835+0000] {processor.py:839} INFO - DAG(s) dict_keys(['example_local_kubernetes_executor']) retrieved from /home/airflow/.local/lib/python3.8/site-packages/airflow/example_dags/example_local_kubernetes_executor.py
[2023-09-01T15:09:19.866+0000] {logging_mixin.py:151} INFO - [2023-09-01T15:09:19.865+0000] {dag.py:2907} INFO - Sync 1 DAGs
[2023-09-01T15:09:19.876+0000] {logging_mixin.py:151} INFO - [2023-09-01T15:09:19.876+0000] {dag.py:3677} INFO - Setting next_dagrun for example_local_kubernetes_executor to None, run_after=None
[2023-09-01T15:09:19.894+0000] {processor.py:179} INFO - Processing /home/airflow/.local/lib/python3.8/site-packages/airflow/example_dags/example_local_kubernetes_executor.py took 0.305 seconds
[2023-09-01T15:09:50.888+0000] {processor.py:157} INFO - Started process (PID=2137) to work on /home/airflow/.local/lib/python3.8/site-packages/airflow/example_dags/example_local_kubernetes_executor.py
[2023-09-01T15:09:50.889+0000] {processor.py:829} INFO - Processing file /home/airflow/.local/lib/python3.8/site-packages/airflow/example_dags/example_local_kubernetes_executor.py for tasks to queue
[2023-09-01T15:09:50.893+0000] {logging_mixin.py:151} INFO - [2023-09-01T15:09:50.892+0000] {dagbag.py:539} INFO - Filling up the DagBag from /home/airflow/.local/lib/python3.8/site-packages/airflow/example_dags/example_local_kubernetes_executor.py
[2023-09-01T15:09:51.111+0000] {processor.py:839} INFO - DAG(s) dict_keys(['example_local_kubernetes_executor']) retrieved from /home/airflow/.local/lib/python3.8/site-packages/airflow/example_dags/example_local_kubernetes_executor.py
[2023-09-01T15:09:51.147+0000] {logging_mixin.py:151} INFO - [2023-09-01T15:09:51.146+0000] {dag.py:2907} INFO - Sync 1 DAGs
[2023-09-01T15:09:51.160+0000] {logging_mixin.py:151} INFO - [2023-09-01T15:09:51.160+0000] {dag.py:3677} INFO - Setting next_dagrun for example_local_kubernetes_executor to None, run_after=None
[2023-09-01T15:09:51.180+0000] {processor.py:179} INFO - Processing /home/airflow/.local/lib/python3.8/site-packages/airflow/example_dags/example_local_kubernetes_executor.py took 0.297 seconds
[2023-09-01T15:10:21.293+0000] {processor.py:157} INFO - Started process (PID=2191) to work on /home/airflow/.local/lib/python3.8/site-packages/airflow/example_dags/example_local_kubernetes_executor.py
[2023-09-01T15:10:21.294+0000] {processor.py:829} INFO - Processing file /home/airflow/.local/lib/python3.8/site-packages/airflow/example_dags/example_local_kubernetes_executor.py for tasks to queue
[2023-09-01T15:10:21.297+0000] {logging_mixin.py:151} INFO - [2023-09-01T15:10:21.296+0000] {dagbag.py:539} INFO - Filling up the DagBag from /home/airflow/.local/lib/python3.8/site-packages/airflow/example_dags/example_local_kubernetes_executor.py
[2023-09-01T15:10:21.567+0000] {processor.py:839} INFO - DAG(s) dict_keys(['example_local_kubernetes_executor']) retrieved from /home/airflow/.local/lib/python3.8/site-packages/airflow/example_dags/example_local_kubernetes_executor.py
[2023-09-01T15:10:21.604+0000] {logging_mixin.py:151} INFO - [2023-09-01T15:10:21.602+0000] {dag.py:2907} INFO - Sync 1 DAGs
[2023-09-01T15:10:21.618+0000] {logging_mixin.py:151} INFO - [2023-09-01T15:10:21.618+0000] {dag.py:3677} INFO - Setting next_dagrun for example_local_kubernetes_executor to None, run_after=None
[2023-09-01T15:10:21.640+0000] {processor.py:179} INFO - Processing /home/airflow/.local/lib/python3.8/site-packages/airflow/example_dags/example_local_kubernetes_executor.py took 0.350 seconds
[2023-09-01T15:10:51.691+0000] {processor.py:157} INFO - Started process (PID=2245) to work on /home/airflow/.local/lib/python3.8/site-packages/airflow/example_dags/example_local_kubernetes_executor.py
[2023-09-01T15:10:51.693+0000] {processor.py:829} INFO - Processing file /home/airflow/.local/lib/python3.8/site-packages/airflow/example_dags/example_local_kubernetes_executor.py for tasks to queue
[2023-09-01T15:10:51.696+0000] {logging_mixin.py:151} INFO - [2023-09-01T15:10:51.696+0000] {dagbag.py:539} INFO - Filling up the DagBag from /home/airflow/.local/lib/python3.8/site-packages/airflow/example_dags/example_local_kubernetes_executor.py
[2023-09-01T15:10:51.918+0000] {processor.py:839} INFO - DAG(s) dict_keys(['example_local_kubernetes_executor']) retrieved from /home/airflow/.local/lib/python3.8/site-packages/airflow/example_dags/example_local_kubernetes_executor.py
[2023-09-01T15:10:51.950+0000] {logging_mixin.py:151} INFO - [2023-09-01T15:10:51.949+0000] {dag.py:2907} INFO - Sync 1 DAGs
[2023-09-01T15:10:51.963+0000] {logging_mixin.py:151} INFO - [2023-09-01T15:10:51.963+0000] {dag.py:3677} INFO - Setting next_dagrun for example_local_kubernetes_executor to None, run_after=None
[2023-09-01T15:10:51.983+0000] {processor.py:179} INFO - Processing /home/airflow/.local/lib/python3.8/site-packages/airflow/example_dags/example_local_kubernetes_executor.py took 0.297 seconds
[2023-09-01T15:11:22.103+0000] {processor.py:157} INFO - Started process (PID=2299) to work on /home/airflow/.local/lib/python3.8/site-packages/airflow/example_dags/example_local_kubernetes_executor.py
[2023-09-01T15:11:22.105+0000] {processor.py:829} INFO - Processing file /home/airflow/.local/lib/python3.8/site-packages/airflow/example_dags/example_local_kubernetes_executor.py for tasks to queue
[2023-09-01T15:11:22.108+0000] {logging_mixin.py:151} INFO - [2023-09-01T15:11:22.108+0000] {dagbag.py:539} INFO - Filling up the DagBag from /home/airflow/.local/lib/python3.8/site-packages/airflow/example_dags/example_local_kubernetes_executor.py
[2023-09-01T15:11:22.328+0000] {processor.py:839} INFO - DAG(s) dict_keys(['example_local_kubernetes_executor']) retrieved from /home/airflow/.local/lib/python3.8/site-packages/airflow/example_dags/example_local_kubernetes_executor.py
[2023-09-01T15:11:22.356+0000] {logging_mixin.py:151} INFO - [2023-09-01T15:11:22.355+0000] {dag.py:2907} INFO - Sync 1 DAGs
[2023-09-01T15:11:22.368+0000] {logging_mixin.py:151} INFO - [2023-09-01T15:11:22.368+0000] {dag.py:3677} INFO - Setting next_dagrun for example_local_kubernetes_executor to None, run_after=None
[2023-09-01T15:11:22.384+0000] {processor.py:179} INFO - Processing /home/airflow/.local/lib/python3.8/site-packages/airflow/example_dags/example_local_kubernetes_executor.py took 0.286 seconds
[2023-09-01T15:11:52.421+0000] {processor.py:157} INFO - Started process (PID=2353) to work on /home/airflow/.local/lib/python3.8/site-packages/airflow/example_dags/example_local_kubernetes_executor.py
[2023-09-01T15:11:52.423+0000] {processor.py:829} INFO - Processing file /home/airflow/.local/lib/python3.8/site-packages/airflow/example_dags/example_local_kubernetes_executor.py for tasks to queue
[2023-09-01T15:11:52.426+0000] {logging_mixin.py:151} INFO - [2023-09-01T15:11:52.425+0000] {dagbag.py:539} INFO - Filling up the DagBag from /home/airflow/.local/lib/python3.8/site-packages/airflow/example_dags/example_local_kubernetes_executor.py
[2023-09-01T15:11:52.651+0000] {processor.py:839} INFO - DAG(s) dict_keys(['example_local_kubernetes_executor']) retrieved from /home/airflow/.local/lib/python3.8/site-packages/airflow/example_dags/example_local_kubernetes_executor.py
[2023-09-01T15:11:52.686+0000] {logging_mixin.py:151} INFO - [2023-09-01T15:11:52.686+0000] {dag.py:2907} INFO - Sync 1 DAGs
[2023-09-01T15:11:52.699+0000] {logging_mixin.py:151} INFO - [2023-09-01T15:11:52.699+0000] {dag.py:3677} INFO - Setting next_dagrun for example_local_kubernetes_executor to None, run_after=None
[2023-09-01T15:11:52.719+0000] {processor.py:179} INFO - Processing /home/airflow/.local/lib/python3.8/site-packages/airflow/example_dags/example_local_kubernetes_executor.py took 0.303 seconds
[2023-09-01T15:12:23.701+0000] {processor.py:157} INFO - Started process (PID=2407) to work on /home/airflow/.local/lib/python3.8/site-packages/airflow/example_dags/example_local_kubernetes_executor.py
[2023-09-01T15:12:23.702+0000] {processor.py:829} INFO - Processing file /home/airflow/.local/lib/python3.8/site-packages/airflow/example_dags/example_local_kubernetes_executor.py for tasks to queue
[2023-09-01T15:12:23.705+0000] {logging_mixin.py:151} INFO - [2023-09-01T15:12:23.705+0000] {dagbag.py:539} INFO - Filling up the DagBag from /home/airflow/.local/lib/python3.8/site-packages/airflow/example_dags/example_local_kubernetes_executor.py
[2023-09-01T15:12:23.918+0000] {processor.py:839} INFO - DAG(s) dict_keys(['example_local_kubernetes_executor']) retrieved from /home/airflow/.local/lib/python3.8/site-packages/airflow/example_dags/example_local_kubernetes_executor.py
[2023-09-01T15:12:23.947+0000] {logging_mixin.py:151} INFO - [2023-09-01T15:12:23.947+0000] {dag.py:2907} INFO - Sync 1 DAGs
[2023-09-01T15:12:23.961+0000] {logging_mixin.py:151} INFO - [2023-09-01T15:12:23.961+0000] {dag.py:3677} INFO - Setting next_dagrun for example_local_kubernetes_executor to None, run_after=None
[2023-09-01T15:12:23.977+0000] {processor.py:179} INFO - Processing /home/airflow/.local/lib/python3.8/site-packages/airflow/example_dags/example_local_kubernetes_executor.py took 0.280 seconds
[2023-09-01T15:12:54.019+0000] {processor.py:157} INFO - Started process (PID=2461) to work on /home/airflow/.local/lib/python3.8/site-packages/airflow/example_dags/example_local_kubernetes_executor.py
[2023-09-01T15:12:54.020+0000] {processor.py:829} INFO - Processing file /home/airflow/.local/lib/python3.8/site-packages/airflow/example_dags/example_local_kubernetes_executor.py for tasks to queue
[2023-09-01T15:12:54.024+0000] {logging_mixin.py:151} INFO - [2023-09-01T15:12:54.023+0000] {dagbag.py:539} INFO - Filling up the DagBag from /home/airflow/.local/lib/python3.8/site-packages/airflow/example_dags/example_local_kubernetes_executor.py
[2023-09-01T15:12:54.277+0000] {processor.py:839} INFO - DAG(s) dict_keys(['example_local_kubernetes_executor']) retrieved from /home/airflow/.local/lib/python3.8/site-packages/airflow/example_dags/example_local_kubernetes_executor.py
[2023-09-01T15:12:54.310+0000] {logging_mixin.py:151} INFO - [2023-09-01T15:12:54.309+0000] {dag.py:2907} INFO - Sync 1 DAGs
[2023-09-01T15:12:54.321+0000] {logging_mixin.py:151} INFO - [2023-09-01T15:12:54.321+0000] {dag.py:3677} INFO - Setting next_dagrun for example_local_kubernetes_executor to None, run_after=None
[2023-09-01T15:12:54.339+0000] {processor.py:179} INFO - Processing /home/airflow/.local/lib/python3.8/site-packages/airflow/example_dags/example_local_kubernetes_executor.py took 0.326 seconds
[2023-09-01T15:13:25.185+0000] {processor.py:157} INFO - Started process (PID=2515) to work on /home/airflow/.local/lib/python3.8/site-packages/airflow/example_dags/example_local_kubernetes_executor.py
[2023-09-01T15:13:25.186+0000] {processor.py:829} INFO - Processing file /home/airflow/.local/lib/python3.8/site-packages/airflow/example_dags/example_local_kubernetes_executor.py for tasks to queue
[2023-09-01T15:13:25.189+0000] {logging_mixin.py:151} INFO - [2023-09-01T15:13:25.189+0000] {dagbag.py:539} INFO - Filling up the DagBag from /home/airflow/.local/lib/python3.8/site-packages/airflow/example_dags/example_local_kubernetes_executor.py
[2023-09-01T15:13:25.406+0000] {processor.py:839} INFO - DAG(s) dict_keys(['example_local_kubernetes_executor']) retrieved from /home/airflow/.local/lib/python3.8/site-packages/airflow/example_dags/example_local_kubernetes_executor.py
[2023-09-01T15:13:25.443+0000] {logging_mixin.py:151} INFO - [2023-09-01T15:13:25.443+0000] {dag.py:2907} INFO - Sync 1 DAGs
[2023-09-01T15:13:25.458+0000] {logging_mixin.py:151} INFO - [2023-09-01T15:13:25.457+0000] {dag.py:3677} INFO - Setting next_dagrun for example_local_kubernetes_executor to None, run_after=None
[2023-09-01T15:13:25.479+0000] {processor.py:179} INFO - Processing /home/airflow/.local/lib/python3.8/site-packages/airflow/example_dags/example_local_kubernetes_executor.py took 0.297 seconds
[2023-09-01T15:13:55.985+0000] {processor.py:157} INFO - Started process (PID=2569) to work on /home/airflow/.local/lib/python3.8/site-packages/airflow/example_dags/example_local_kubernetes_executor.py
[2023-09-01T15:13:55.986+0000] {processor.py:829} INFO - Processing file /home/airflow/.local/lib/python3.8/site-packages/airflow/example_dags/example_local_kubernetes_executor.py for tasks to queue
[2023-09-01T15:13:55.990+0000] {logging_mixin.py:151} INFO - [2023-09-01T15:13:55.989+0000] {dagbag.py:539} INFO - Filling up the DagBag from /home/airflow/.local/lib/python3.8/site-packages/airflow/example_dags/example_local_kubernetes_executor.py
[2023-09-01T15:13:56.212+0000] {processor.py:839} INFO - DAG(s) dict_keys(['example_local_kubernetes_executor']) retrieved from /home/airflow/.local/lib/python3.8/site-packages/airflow/example_dags/example_local_kubernetes_executor.py
[2023-09-01T15:13:56.245+0000] {logging_mixin.py:151} INFO - [2023-09-01T15:13:56.244+0000] {dag.py:2907} INFO - Sync 1 DAGs
[2023-09-01T15:13:56.258+0000] {logging_mixin.py:151} INFO - [2023-09-01T15:13:56.258+0000] {dag.py:3677} INFO - Setting next_dagrun for example_local_kubernetes_executor to None, run_after=None
[2023-09-01T15:13:56.275+0000] {processor.py:179} INFO - Processing /home/airflow/.local/lib/python3.8/site-packages/airflow/example_dags/example_local_kubernetes_executor.py took 0.295 seconds
[2023-09-01T15:14:26.943+0000] {processor.py:157} INFO - Started process (PID=2623) to work on /home/airflow/.local/lib/python3.8/site-packages/airflow/example_dags/example_local_kubernetes_executor.py
[2023-09-01T15:14:26.945+0000] {processor.py:829} INFO - Processing file /home/airflow/.local/lib/python3.8/site-packages/airflow/example_dags/example_local_kubernetes_executor.py for tasks to queue
[2023-09-01T15:14:26.948+0000] {logging_mixin.py:151} INFO - [2023-09-01T15:14:26.948+0000] {dagbag.py:539} INFO - Filling up the DagBag from /home/airflow/.local/lib/python3.8/site-packages/airflow/example_dags/example_local_kubernetes_executor.py
[2023-09-01T15:14:27.169+0000] {processor.py:839} INFO - DAG(s) dict_keys(['example_local_kubernetes_executor']) retrieved from /home/airflow/.local/lib/python3.8/site-packages/airflow/example_dags/example_local_kubernetes_executor.py
[2023-09-01T15:14:27.203+0000] {logging_mixin.py:151} INFO - [2023-09-01T15:14:27.203+0000] {dag.py:2907} INFO - Sync 1 DAGs
[2023-09-01T15:14:27.217+0000] {logging_mixin.py:151} INFO - [2023-09-01T15:14:27.217+0000] {dag.py:3677} INFO - Setting next_dagrun for example_local_kubernetes_executor to None, run_after=None
[2023-09-01T15:14:27.236+0000] {processor.py:179} INFO - Processing /home/airflow/.local/lib/python3.8/site-packages/airflow/example_dags/example_local_kubernetes_executor.py took 0.297 seconds
[2023-09-01T15:14:57.934+0000] {processor.py:157} INFO - Started process (PID=2677) to work on /home/airflow/.local/lib/python3.8/site-packages/airflow/example_dags/example_local_kubernetes_executor.py
[2023-09-01T15:14:57.935+0000] {processor.py:829} INFO - Processing file /home/airflow/.local/lib/python3.8/site-packages/airflow/example_dags/example_local_kubernetes_executor.py for tasks to queue
[2023-09-01T15:14:57.939+0000] {logging_mixin.py:151} INFO - [2023-09-01T15:14:57.938+0000] {dagbag.py:539} INFO - Filling up the DagBag from /home/airflow/.local/lib/python3.8/site-packages/airflow/example_dags/example_local_kubernetes_executor.py
[2023-09-01T15:14:58.202+0000] {processor.py:839} INFO - DAG(s) dict_keys(['example_local_kubernetes_executor']) retrieved from /home/airflow/.local/lib/python3.8/site-packages/airflow/example_dags/example_local_kubernetes_executor.py
[2023-09-01T15:14:58.233+0000] {logging_mixin.py:151} INFO - [2023-09-01T15:14:58.233+0000] {dag.py:2907} INFO - Sync 1 DAGs
[2023-09-01T15:14:58.246+0000] {logging_mixin.py:151} INFO - [2023-09-01T15:14:58.245+0000] {dag.py:3677} INFO - Setting next_dagrun for example_local_kubernetes_executor to None, run_after=None
[2023-09-01T15:14:58.261+0000] {processor.py:179} INFO - Processing /home/airflow/.local/lib/python3.8/site-packages/airflow/example_dags/example_local_kubernetes_executor.py took 0.332 seconds
[2023-09-01T15:15:29.017+0000] {processor.py:157} INFO - Started process (PID=2738) to work on /home/airflow/.local/lib/python3.8/site-packages/airflow/example_dags/example_local_kubernetes_executor.py
[2023-09-01T15:15:29.018+0000] {processor.py:829} INFO - Processing file /home/airflow/.local/lib/python3.8/site-packages/airflow/example_dags/example_local_kubernetes_executor.py for tasks to queue
[2023-09-01T15:15:29.022+0000] {logging_mixin.py:151} INFO - [2023-09-01T15:15:29.021+0000] {dagbag.py:539} INFO - Filling up the DagBag from /home/airflow/.local/lib/python3.8/site-packages/airflow/example_dags/example_local_kubernetes_executor.py
[2023-09-01T15:15:29.240+0000] {processor.py:839} INFO - DAG(s) dict_keys(['example_local_kubernetes_executor']) retrieved from /home/airflow/.local/lib/python3.8/site-packages/airflow/example_dags/example_local_kubernetes_executor.py
[2023-09-01T15:15:29.270+0000] {logging_mixin.py:151} INFO - [2023-09-01T15:15:29.270+0000] {dag.py:2907} INFO - Sync 1 DAGs
[2023-09-01T15:15:29.283+0000] {logging_mixin.py:151} INFO - [2023-09-01T15:15:29.283+0000] {dag.py:3677} INFO - Setting next_dagrun for example_local_kubernetes_executor to None, run_after=None
[2023-09-01T15:15:29.304+0000] {processor.py:179} INFO - Processing /home/airflow/.local/lib/python3.8/site-packages/airflow/example_dags/example_local_kubernetes_executor.py took 0.292 seconds
[2023-09-01T15:15:59.350+0000] {processor.py:157} INFO - Started process (PID=2792) to work on /home/airflow/.local/lib/python3.8/site-packages/airflow/example_dags/example_local_kubernetes_executor.py
[2023-09-01T15:15:59.351+0000] {processor.py:829} INFO - Processing file /home/airflow/.local/lib/python3.8/site-packages/airflow/example_dags/example_local_kubernetes_executor.py for tasks to queue
[2023-09-01T15:15:59.355+0000] {logging_mixin.py:151} INFO - [2023-09-01T15:15:59.354+0000] {dagbag.py:539} INFO - Filling up the DagBag from /home/airflow/.local/lib/python3.8/site-packages/airflow/example_dags/example_local_kubernetes_executor.py
[2023-09-01T15:15:59.577+0000] {processor.py:839} INFO - DAG(s) dict_keys(['example_local_kubernetes_executor']) retrieved from /home/airflow/.local/lib/python3.8/site-packages/airflow/example_dags/example_local_kubernetes_executor.py
[2023-09-01T15:15:59.607+0000] {logging_mixin.py:151} INFO - [2023-09-01T15:15:59.607+0000] {dag.py:2907} INFO - Sync 1 DAGs
[2023-09-01T15:15:59.620+0000] {logging_mixin.py:151} INFO - [2023-09-01T15:15:59.620+0000] {dag.py:3677} INFO - Setting next_dagrun for example_local_kubernetes_executor to None, run_after=None
[2023-09-01T15:15:59.639+0000] {processor.py:179} INFO - Processing /home/airflow/.local/lib/python3.8/site-packages/airflow/example_dags/example_local_kubernetes_executor.py took 0.294 seconds
[2023-09-01T15:16:30.547+0000] {processor.py:157} INFO - Started process (PID=2847) to work on /home/airflow/.local/lib/python3.8/site-packages/airflow/example_dags/example_local_kubernetes_executor.py
[2023-09-01T15:16:30.548+0000] {processor.py:829} INFO - Processing file /home/airflow/.local/lib/python3.8/site-packages/airflow/example_dags/example_local_kubernetes_executor.py for tasks to queue
[2023-09-01T15:16:30.550+0000] {logging_mixin.py:151} INFO - [2023-09-01T15:16:30.550+0000] {dagbag.py:539} INFO - Filling up the DagBag from /home/airflow/.local/lib/python3.8/site-packages/airflow/example_dags/example_local_kubernetes_executor.py
[2023-09-01T15:16:30.764+0000] {processor.py:839} INFO - DAG(s) dict_keys(['example_local_kubernetes_executor']) retrieved from /home/airflow/.local/lib/python3.8/site-packages/airflow/example_dags/example_local_kubernetes_executor.py
[2023-09-01T15:16:30.798+0000] {logging_mixin.py:151} INFO - [2023-09-01T15:16:30.797+0000] {dag.py:2907} INFO - Sync 1 DAGs
[2023-09-01T15:16:30.811+0000] {logging_mixin.py:151} INFO - [2023-09-01T15:16:30.811+0000] {dag.py:3677} INFO - Setting next_dagrun for example_local_kubernetes_executor to None, run_after=None
[2023-09-01T15:16:30.830+0000] {processor.py:179} INFO - Processing /home/airflow/.local/lib/python3.8/site-packages/airflow/example_dags/example_local_kubernetes_executor.py took 0.287 seconds
[2023-09-01T15:17:01.013+0000] {processor.py:157} INFO - Started process (PID=2902) to work on /home/airflow/.local/lib/python3.8/site-packages/airflow/example_dags/example_local_kubernetes_executor.py
[2023-09-01T15:17:01.015+0000] {processor.py:829} INFO - Processing file /home/airflow/.local/lib/python3.8/site-packages/airflow/example_dags/example_local_kubernetes_executor.py for tasks to queue
[2023-09-01T15:17:01.018+0000] {logging_mixin.py:151} INFO - [2023-09-01T15:17:01.018+0000] {dagbag.py:539} INFO - Filling up the DagBag from /home/airflow/.local/lib/python3.8/site-packages/airflow/example_dags/example_local_kubernetes_executor.py
[2023-09-01T15:17:01.269+0000] {processor.py:839} INFO - DAG(s) dict_keys(['example_local_kubernetes_executor']) retrieved from /home/airflow/.local/lib/python3.8/site-packages/airflow/example_dags/example_local_kubernetes_executor.py
[2023-09-01T15:17:01.298+0000] {logging_mixin.py:151} INFO - [2023-09-01T15:17:01.297+0000] {dag.py:2907} INFO - Sync 1 DAGs
[2023-09-01T15:17:01.313+0000] {logging_mixin.py:151} INFO - [2023-09-01T15:17:01.313+0000] {dag.py:3677} INFO - Setting next_dagrun for example_local_kubernetes_executor to None, run_after=None
[2023-09-01T15:17:01.332+0000] {processor.py:179} INFO - Processing /home/airflow/.local/lib/python3.8/site-packages/airflow/example_dags/example_local_kubernetes_executor.py took 0.323 seconds
[2023-09-01T15:17:31.636+0000] {processor.py:157} INFO - Started process (PID=2956) to work on /home/airflow/.local/lib/python3.8/site-packages/airflow/example_dags/example_local_kubernetes_executor.py
[2023-09-01T15:17:31.637+0000] {processor.py:829} INFO - Processing file /home/airflow/.local/lib/python3.8/site-packages/airflow/example_dags/example_local_kubernetes_executor.py for tasks to queue
[2023-09-01T15:17:31.640+0000] {logging_mixin.py:151} INFO - [2023-09-01T15:17:31.639+0000] {dagbag.py:539} INFO - Filling up the DagBag from /home/airflow/.local/lib/python3.8/site-packages/airflow/example_dags/example_local_kubernetes_executor.py
[2023-09-01T15:17:31.865+0000] {processor.py:839} INFO - DAG(s) dict_keys(['example_local_kubernetes_executor']) retrieved from /home/airflow/.local/lib/python3.8/site-packages/airflow/example_dags/example_local_kubernetes_executor.py
[2023-09-01T15:17:31.895+0000] {logging_mixin.py:151} INFO - [2023-09-01T15:17:31.895+0000] {dag.py:2907} INFO - Sync 1 DAGs
[2023-09-01T15:17:31.911+0000] {logging_mixin.py:151} INFO - [2023-09-01T15:17:31.911+0000] {dag.py:3677} INFO - Setting next_dagrun for example_local_kubernetes_executor to None, run_after=None
[2023-09-01T15:17:31.931+0000] {processor.py:179} INFO - Processing /home/airflow/.local/lib/python3.8/site-packages/airflow/example_dags/example_local_kubernetes_executor.py took 0.300 seconds
[2023-09-01T15:18:02.924+0000] {processor.py:157} INFO - Started process (PID=3010) to work on /home/airflow/.local/lib/python3.8/site-packages/airflow/example_dags/example_local_kubernetes_executor.py
[2023-09-01T15:18:02.926+0000] {processor.py:829} INFO - Processing file /home/airflow/.local/lib/python3.8/site-packages/airflow/example_dags/example_local_kubernetes_executor.py for tasks to queue
[2023-09-01T15:18:02.929+0000] {logging_mixin.py:151} INFO - [2023-09-01T15:18:02.929+0000] {dagbag.py:539} INFO - Filling up the DagBag from /home/airflow/.local/lib/python3.8/site-packages/airflow/example_dags/example_local_kubernetes_executor.py
[2023-09-01T15:18:03.147+0000] {processor.py:839} INFO - DAG(s) dict_keys(['example_local_kubernetes_executor']) retrieved from /home/airflow/.local/lib/python3.8/site-packages/airflow/example_dags/example_local_kubernetes_executor.py
[2023-09-01T15:18:03.180+0000] {logging_mixin.py:151} INFO - [2023-09-01T15:18:03.180+0000] {dag.py:2907} INFO - Sync 1 DAGs
[2023-09-01T15:18:03.194+0000] {logging_mixin.py:151} INFO - [2023-09-01T15:18:03.194+0000] {dag.py:3677} INFO - Setting next_dagrun for example_local_kubernetes_executor to None, run_after=None
[2023-09-01T15:18:03.214+0000] {processor.py:179} INFO - Processing /home/airflow/.local/lib/python3.8/site-packages/airflow/example_dags/example_local_kubernetes_executor.py took 0.293 seconds
[2023-09-01T15:18:34.139+0000] {processor.py:157} INFO - Started process (PID=3064) to work on /home/airflow/.local/lib/python3.8/site-packages/airflow/example_dags/example_local_kubernetes_executor.py
[2023-09-01T15:18:34.141+0000] {processor.py:829} INFO - Processing file /home/airflow/.local/lib/python3.8/site-packages/airflow/example_dags/example_local_kubernetes_executor.py for tasks to queue
[2023-09-01T15:18:34.145+0000] {logging_mixin.py:151} INFO - [2023-09-01T15:18:34.145+0000] {dagbag.py:539} INFO - Filling up the DagBag from /home/airflow/.local/lib/python3.8/site-packages/airflow/example_dags/example_local_kubernetes_executor.py
[2023-09-01T15:18:34.406+0000] {processor.py:839} INFO - DAG(s) dict_keys(['example_local_kubernetes_executor']) retrieved from /home/airflow/.local/lib/python3.8/site-packages/airflow/example_dags/example_local_kubernetes_executor.py
[2023-09-01T15:18:34.437+0000] {logging_mixin.py:151} INFO - [2023-09-01T15:18:34.437+0000] {dag.py:2907} INFO - Sync 1 DAGs
[2023-09-01T15:18:34.451+0000] {logging_mixin.py:151} INFO - [2023-09-01T15:18:34.450+0000] {dag.py:3677} INFO - Setting next_dagrun for example_local_kubernetes_executor to None, run_after=None
[2023-09-01T15:18:34.469+0000] {processor.py:179} INFO - Processing /home/airflow/.local/lib/python3.8/site-packages/airflow/example_dags/example_local_kubernetes_executor.py took 0.335 seconds
[2023-09-01T15:19:04.739+0000] {processor.py:157} INFO - Started process (PID=3118) to work on /home/airflow/.local/lib/python3.8/site-packages/airflow/example_dags/example_local_kubernetes_executor.py
[2023-09-01T15:19:04.740+0000] {processor.py:829} INFO - Processing file /home/airflow/.local/lib/python3.8/site-packages/airflow/example_dags/example_local_kubernetes_executor.py for tasks to queue
[2023-09-01T15:19:04.743+0000] {logging_mixin.py:151} INFO - [2023-09-01T15:19:04.742+0000] {dagbag.py:539} INFO - Filling up the DagBag from /home/airflow/.local/lib/python3.8/site-packages/airflow/example_dags/example_local_kubernetes_executor.py
[2023-09-01T15:19:04.956+0000] {processor.py:839} INFO - DAG(s) dict_keys(['example_local_kubernetes_executor']) retrieved from /home/airflow/.local/lib/python3.8/site-packages/airflow/example_dags/example_local_kubernetes_executor.py
[2023-09-01T15:19:04.989+0000] {logging_mixin.py:151} INFO - [2023-09-01T15:19:04.988+0000] {dag.py:2907} INFO - Sync 1 DAGs
[2023-09-01T15:19:05.122+0000] {logging_mixin.py:151} INFO - [2023-09-01T15:19:05.121+0000] {dag.py:3677} INFO - Setting next_dagrun for example_local_kubernetes_executor to None, run_after=None
[2023-09-01T15:19:05.143+0000] {processor.py:179} INFO - Processing /home/airflow/.local/lib/python3.8/site-packages/airflow/example_dags/example_local_kubernetes_executor.py took 0.408 seconds
[2023-09-01T15:19:35.294+0000] {processor.py:157} INFO - Started process (PID=3172) to work on /home/airflow/.local/lib/python3.8/site-packages/airflow/example_dags/example_local_kubernetes_executor.py
[2023-09-01T15:19:35.295+0000] {processor.py:829} INFO - Processing file /home/airflow/.local/lib/python3.8/site-packages/airflow/example_dags/example_local_kubernetes_executor.py for tasks to queue
[2023-09-01T15:19:35.299+0000] {logging_mixin.py:151} INFO - [2023-09-01T15:19:35.298+0000] {dagbag.py:539} INFO - Filling up the DagBag from /home/airflow/.local/lib/python3.8/site-packages/airflow/example_dags/example_local_kubernetes_executor.py
[2023-09-01T15:19:35.567+0000] {processor.py:839} INFO - DAG(s) dict_keys(['example_local_kubernetes_executor']) retrieved from /home/airflow/.local/lib/python3.8/site-packages/airflow/example_dags/example_local_kubernetes_executor.py
[2023-09-01T15:19:35.599+0000] {logging_mixin.py:151} INFO - [2023-09-01T15:19:35.599+0000] {dag.py:2907} INFO - Sync 1 DAGs
[2023-09-01T15:19:35.612+0000] {logging_mixin.py:151} INFO - [2023-09-01T15:19:35.611+0000] {dag.py:3677} INFO - Setting next_dagrun for example_local_kubernetes_executor to None, run_after=None
[2023-09-01T15:19:35.633+0000] {processor.py:179} INFO - Processing /home/airflow/.local/lib/python3.8/site-packages/airflow/example_dags/example_local_kubernetes_executor.py took 0.343 seconds
[2023-09-01T15:20:05.930+0000] {processor.py:157} INFO - Started process (PID=3226) to work on /home/airflow/.local/lib/python3.8/site-packages/airflow/example_dags/example_local_kubernetes_executor.py
[2023-09-01T15:20:05.931+0000] {processor.py:829} INFO - Processing file /home/airflow/.local/lib/python3.8/site-packages/airflow/example_dags/example_local_kubernetes_executor.py for tasks to queue
[2023-09-01T15:20:05.934+0000] {logging_mixin.py:151} INFO - [2023-09-01T15:20:05.934+0000] {dagbag.py:539} INFO - Filling up the DagBag from /home/airflow/.local/lib/python3.8/site-packages/airflow/example_dags/example_local_kubernetes_executor.py
[2023-09-01T15:20:06.171+0000] {processor.py:839} INFO - DAG(s) dict_keys(['example_local_kubernetes_executor']) retrieved from /home/airflow/.local/lib/python3.8/site-packages/airflow/example_dags/example_local_kubernetes_executor.py
[2023-09-01T15:20:06.216+0000] {logging_mixin.py:151} INFO - [2023-09-01T15:20:06.215+0000] {dag.py:2907} INFO - Sync 1 DAGs
[2023-09-01T15:20:06.230+0000] {logging_mixin.py:151} INFO - [2023-09-01T15:20:06.230+0000] {dag.py:3677} INFO - Setting next_dagrun for example_local_kubernetes_executor to None, run_after=None
[2023-09-01T15:20:06.250+0000] {processor.py:179} INFO - Processing /home/airflow/.local/lib/python3.8/site-packages/airflow/example_dags/example_local_kubernetes_executor.py took 0.324 seconds
[2023-09-01T15:20:36.338+0000] {processor.py:157} INFO - Started process (PID=3280) to work on /home/airflow/.local/lib/python3.8/site-packages/airflow/example_dags/example_local_kubernetes_executor.py
[2023-09-01T15:20:36.339+0000] {processor.py:829} INFO - Processing file /home/airflow/.local/lib/python3.8/site-packages/airflow/example_dags/example_local_kubernetes_executor.py for tasks to queue
[2023-09-01T15:20:36.342+0000] {logging_mixin.py:151} INFO - [2023-09-01T15:20:36.341+0000] {dagbag.py:539} INFO - Filling up the DagBag from /home/airflow/.local/lib/python3.8/site-packages/airflow/example_dags/example_local_kubernetes_executor.py
[2023-09-01T15:20:36.578+0000] {processor.py:839} INFO - DAG(s) dict_keys(['example_local_kubernetes_executor']) retrieved from /home/airflow/.local/lib/python3.8/site-packages/airflow/example_dags/example_local_kubernetes_executor.py
[2023-09-01T15:20:36.727+0000] {logging_mixin.py:151} INFO - [2023-09-01T15:20:36.612+0000] {dag.py:2907} INFO - Sync 1 DAGs
[2023-09-01T15:20:36.741+0000] {logging_mixin.py:151} INFO - [2023-09-01T15:20:36.740+0000] {dag.py:3677} INFO - Setting next_dagrun for example_local_kubernetes_executor to None, run_after=None
[2023-09-01T15:20:36.760+0000] {processor.py:179} INFO - Processing /home/airflow/.local/lib/python3.8/site-packages/airflow/example_dags/example_local_kubernetes_executor.py took 0.425 seconds
[2023-09-01T15:21:06.909+0000] {processor.py:157} INFO - Started process (PID=3334) to work on /home/airflow/.local/lib/python3.8/site-packages/airflow/example_dags/example_local_kubernetes_executor.py
[2023-09-01T15:21:06.910+0000] {processor.py:829} INFO - Processing file /home/airflow/.local/lib/python3.8/site-packages/airflow/example_dags/example_local_kubernetes_executor.py for tasks to queue
[2023-09-01T15:21:06.914+0000] {logging_mixin.py:151} INFO - [2023-09-01T15:21:06.914+0000] {dagbag.py:539} INFO - Filling up the DagBag from /home/airflow/.local/lib/python3.8/site-packages/airflow/example_dags/example_local_kubernetes_executor.py
[2023-09-01T15:21:07.165+0000] {processor.py:839} INFO - DAG(s) dict_keys(['example_local_kubernetes_executor']) retrieved from /home/airflow/.local/lib/python3.8/site-packages/airflow/example_dags/example_local_kubernetes_executor.py
[2023-09-01T15:21:07.197+0000] {logging_mixin.py:151} INFO - [2023-09-01T15:21:07.196+0000] {dag.py:2907} INFO - Sync 1 DAGs
[2023-09-01T15:21:07.211+0000] {logging_mixin.py:151} INFO - [2023-09-01T15:21:07.211+0000] {dag.py:3677} INFO - Setting next_dagrun for example_local_kubernetes_executor to None, run_after=None
[2023-09-01T15:21:07.352+0000] {processor.py:179} INFO - Processing /home/airflow/.local/lib/python3.8/site-packages/airflow/example_dags/example_local_kubernetes_executor.py took 0.447 seconds
[2023-09-01T15:21:37.581+0000] {processor.py:157} INFO - Started process (PID=3388) to work on /home/airflow/.local/lib/python3.8/site-packages/airflow/example_dags/example_local_kubernetes_executor.py
[2023-09-01T15:21:37.582+0000] {processor.py:829} INFO - Processing file /home/airflow/.local/lib/python3.8/site-packages/airflow/example_dags/example_local_kubernetes_executor.py for tasks to queue
[2023-09-01T15:21:37.586+0000] {logging_mixin.py:151} INFO - [2023-09-01T15:21:37.586+0000] {dagbag.py:539} INFO - Filling up the DagBag from /home/airflow/.local/lib/python3.8/site-packages/airflow/example_dags/example_local_kubernetes_executor.py
[2023-09-01T15:21:37.852+0000] {processor.py:839} INFO - DAG(s) dict_keys(['example_local_kubernetes_executor']) retrieved from /home/airflow/.local/lib/python3.8/site-packages/airflow/example_dags/example_local_kubernetes_executor.py
[2023-09-01T15:21:37.888+0000] {logging_mixin.py:151} INFO - [2023-09-01T15:21:37.887+0000] {dag.py:2907} INFO - Sync 1 DAGs
[2023-09-01T15:21:37.903+0000] {logging_mixin.py:151} INFO - [2023-09-01T15:21:37.902+0000] {dag.py:3677} INFO - Setting next_dagrun for example_local_kubernetes_executor to None, run_after=None
[2023-09-01T15:21:37.922+0000] {processor.py:179} INFO - Processing /home/airflow/.local/lib/python3.8/site-packages/airflow/example_dags/example_local_kubernetes_executor.py took 0.346 seconds
