[2023-09-01T14:50:13.236+0000] {processor.py:157} INFO - Started process (PID=43) to work on /home/airflow/.local/lib/python3.8/site-packages/airflow/example_dags/example_trigger_target_dag.py
[2023-09-01T14:50:13.239+0000] {processor.py:829} INFO - Processing file /home/airflow/.local/lib/python3.8/site-packages/airflow/example_dags/example_trigger_target_dag.py for tasks to queue
[2023-09-01T14:50:13.246+0000] {logging_mixin.py:151} INFO - [2023-09-01T14:50:13.245+0000] {dagbag.py:539} INFO - Filling up the DagBag from /home/airflow/.local/lib/python3.8/site-packages/airflow/example_dags/example_trigger_target_dag.py
[2023-09-01T14:50:13.266+0000] {processor.py:839} INFO - DAG(s) dict_keys(['example_trigger_target_dag']) retrieved from /home/airflow/.local/lib/python3.8/site-packages/airflow/example_dags/example_trigger_target_dag.py
[2023-09-01T14:50:13.708+0000] {logging_mixin.py:151} INFO - [2023-09-01T14:50:13.707+0000] {manager.py:501} INFO - Created Permission View: can read on DAG:example_trigger_target_dag
[2023-09-01T14:50:13.730+0000] {logging_mixin.py:151} INFO - [2023-09-01T14:50:13.729+0000] {manager.py:501} INFO - Created Permission View: can edit on DAG:example_trigger_target_dag
[2023-09-01T14:50:13.748+0000] {logging_mixin.py:151} INFO - [2023-09-01T14:50:13.747+0000] {manager.py:501} INFO - Created Permission View: can delete on DAG:example_trigger_target_dag
[2023-09-01T14:50:13.794+0000] {logging_mixin.py:151} INFO - [2023-09-01T14:50:13.793+0000] {dag.py:2907} INFO - Sync 1 DAGs
[2023-09-01T14:50:13.833+0000] {logging_mixin.py:151} INFO - [2023-09-01T14:50:13.833+0000] {dag.py:2929} INFO - Creating ORM DAG for example_trigger_target_dag
[2023-09-01T14:50:13.835+0000] {logging_mixin.py:151} INFO - [2023-09-01T14:50:13.834+0000] {dag.py:3677} INFO - Setting next_dagrun for example_trigger_target_dag to None, run_after=None
[2023-09-01T14:50:13.898+0000] {processor.py:179} INFO - Processing /home/airflow/.local/lib/python3.8/site-packages/airflow/example_dags/example_trigger_target_dag.py took 0.652 seconds
[2023-09-01T14:50:44.417+0000] {processor.py:157} INFO - Started process (PID=96) to work on /home/airflow/.local/lib/python3.8/site-packages/airflow/example_dags/example_trigger_target_dag.py
[2023-09-01T14:50:44.419+0000] {processor.py:829} INFO - Processing file /home/airflow/.local/lib/python3.8/site-packages/airflow/example_dags/example_trigger_target_dag.py for tasks to queue
[2023-09-01T14:50:44.425+0000] {logging_mixin.py:151} INFO - [2023-09-01T14:50:44.424+0000] {dagbag.py:539} INFO - Filling up the DagBag from /home/airflow/.local/lib/python3.8/site-packages/airflow/example_dags/example_trigger_target_dag.py
[2023-09-01T14:50:44.436+0000] {processor.py:839} INFO - DAG(s) dict_keys(['example_trigger_target_dag']) retrieved from /home/airflow/.local/lib/python3.8/site-packages/airflow/example_dags/example_trigger_target_dag.py
[2023-09-01T14:50:44.465+0000] {logging_mixin.py:151} INFO - [2023-09-01T14:50:44.464+0000] {dag.py:2907} INFO - Sync 1 DAGs
[2023-09-01T14:50:44.484+0000] {logging_mixin.py:151} INFO - [2023-09-01T14:50:44.484+0000] {dag.py:3677} INFO - Setting next_dagrun for example_trigger_target_dag to None, run_after=None
[2023-09-01T14:50:44.511+0000] {processor.py:179} INFO - Processing /home/airflow/.local/lib/python3.8/site-packages/airflow/example_dags/example_trigger_target_dag.py took 0.100 seconds
[2023-09-01T14:51:14.577+0000] {processor.py:157} INFO - Started process (PID=150) to work on /home/airflow/.local/lib/python3.8/site-packages/airflow/example_dags/example_trigger_target_dag.py
[2023-09-01T14:51:14.578+0000] {processor.py:829} INFO - Processing file /home/airflow/.local/lib/python3.8/site-packages/airflow/example_dags/example_trigger_target_dag.py for tasks to queue
[2023-09-01T14:51:14.581+0000] {logging_mixin.py:151} INFO - [2023-09-01T14:51:14.581+0000] {dagbag.py:539} INFO - Filling up the DagBag from /home/airflow/.local/lib/python3.8/site-packages/airflow/example_dags/example_trigger_target_dag.py
[2023-09-01T14:51:14.589+0000] {processor.py:839} INFO - DAG(s) dict_keys(['example_trigger_target_dag']) retrieved from /home/airflow/.local/lib/python3.8/site-packages/airflow/example_dags/example_trigger_target_dag.py
[2023-09-01T14:51:14.614+0000] {logging_mixin.py:151} INFO - [2023-09-01T14:51:14.614+0000] {dag.py:2907} INFO - Sync 1 DAGs
[2023-09-01T14:51:14.629+0000] {logging_mixin.py:151} INFO - [2023-09-01T14:51:14.629+0000] {dag.py:3677} INFO - Setting next_dagrun for example_trigger_target_dag to None, run_after=None
[2023-09-01T14:51:14.654+0000] {processor.py:179} INFO - Processing /home/airflow/.local/lib/python3.8/site-packages/airflow/example_dags/example_trigger_target_dag.py took 0.081 seconds
[2023-09-01T14:51:45.056+0000] {processor.py:157} INFO - Started process (PID=204) to work on /home/airflow/.local/lib/python3.8/site-packages/airflow/example_dags/example_trigger_target_dag.py
[2023-09-01T14:51:45.058+0000] {processor.py:829} INFO - Processing file /home/airflow/.local/lib/python3.8/site-packages/airflow/example_dags/example_trigger_target_dag.py for tasks to queue
[2023-09-01T14:51:45.061+0000] {logging_mixin.py:151} INFO - [2023-09-01T14:51:45.061+0000] {dagbag.py:539} INFO - Filling up the DagBag from /home/airflow/.local/lib/python3.8/site-packages/airflow/example_dags/example_trigger_target_dag.py
[2023-09-01T14:51:45.070+0000] {processor.py:839} INFO - DAG(s) dict_keys(['example_trigger_target_dag']) retrieved from /home/airflow/.local/lib/python3.8/site-packages/airflow/example_dags/example_trigger_target_dag.py
[2023-09-01T14:51:45.097+0000] {logging_mixin.py:151} INFO - [2023-09-01T14:51:45.097+0000] {dag.py:2907} INFO - Sync 1 DAGs
[2023-09-01T14:51:45.113+0000] {logging_mixin.py:151} INFO - [2023-09-01T14:51:45.112+0000] {dag.py:3677} INFO - Setting next_dagrun for example_trigger_target_dag to None, run_after=None
[2023-09-01T14:51:45.133+0000] {processor.py:179} INFO - Processing /home/airflow/.local/lib/python3.8/site-packages/airflow/example_dags/example_trigger_target_dag.py took 0.081 seconds
[2023-09-01T14:52:15.249+0000] {processor.py:157} INFO - Started process (PID=258) to work on /home/airflow/.local/lib/python3.8/site-packages/airflow/example_dags/example_trigger_target_dag.py
[2023-09-01T14:52:15.251+0000] {processor.py:829} INFO - Processing file /home/airflow/.local/lib/python3.8/site-packages/airflow/example_dags/example_trigger_target_dag.py for tasks to queue
[2023-09-01T14:52:15.254+0000] {logging_mixin.py:151} INFO - [2023-09-01T14:52:15.254+0000] {dagbag.py:539} INFO - Filling up the DagBag from /home/airflow/.local/lib/python3.8/site-packages/airflow/example_dags/example_trigger_target_dag.py
[2023-09-01T14:52:15.264+0000] {processor.py:839} INFO - DAG(s) dict_keys(['example_trigger_target_dag']) retrieved from /home/airflow/.local/lib/python3.8/site-packages/airflow/example_dags/example_trigger_target_dag.py
[2023-09-01T14:52:15.292+0000] {logging_mixin.py:151} INFO - [2023-09-01T14:52:15.291+0000] {dag.py:2907} INFO - Sync 1 DAGs
[2023-09-01T14:52:15.310+0000] {logging_mixin.py:151} INFO - [2023-09-01T14:52:15.309+0000] {dag.py:3677} INFO - Setting next_dagrun for example_trigger_target_dag to None, run_after=None
[2023-09-01T14:52:15.334+0000] {processor.py:179} INFO - Processing /home/airflow/.local/lib/python3.8/site-packages/airflow/example_dags/example_trigger_target_dag.py took 0.090 seconds
[2023-09-01T14:52:45.365+0000] {processor.py:157} INFO - Started process (PID=311) to work on /home/airflow/.local/lib/python3.8/site-packages/airflow/example_dags/example_trigger_target_dag.py
[2023-09-01T14:52:45.366+0000] {processor.py:829} INFO - Processing file /home/airflow/.local/lib/python3.8/site-packages/airflow/example_dags/example_trigger_target_dag.py for tasks to queue
[2023-09-01T14:52:45.369+0000] {logging_mixin.py:151} INFO - [2023-09-01T14:52:45.369+0000] {dagbag.py:539} INFO - Filling up the DagBag from /home/airflow/.local/lib/python3.8/site-packages/airflow/example_dags/example_trigger_target_dag.py
[2023-09-01T14:52:45.377+0000] {processor.py:839} INFO - DAG(s) dict_keys(['example_trigger_target_dag']) retrieved from /home/airflow/.local/lib/python3.8/site-packages/airflow/example_dags/example_trigger_target_dag.py
[2023-09-01T14:52:45.400+0000] {logging_mixin.py:151} INFO - [2023-09-01T14:52:45.400+0000] {dag.py:2907} INFO - Sync 1 DAGs
[2023-09-01T14:52:45.414+0000] {logging_mixin.py:151} INFO - [2023-09-01T14:52:45.414+0000] {dag.py:3677} INFO - Setting next_dagrun for example_trigger_target_dag to None, run_after=None
[2023-09-01T14:52:45.435+0000] {processor.py:179} INFO - Processing /home/airflow/.local/lib/python3.8/site-packages/airflow/example_dags/example_trigger_target_dag.py took 0.074 seconds
[2023-09-01T14:53:15.482+0000] {processor.py:157} INFO - Started process (PID=365) to work on /home/airflow/.local/lib/python3.8/site-packages/airflow/example_dags/example_trigger_target_dag.py
[2023-09-01T14:53:15.483+0000] {processor.py:829} INFO - Processing file /home/airflow/.local/lib/python3.8/site-packages/airflow/example_dags/example_trigger_target_dag.py for tasks to queue
[2023-09-01T14:53:15.486+0000] {logging_mixin.py:151} INFO - [2023-09-01T14:53:15.486+0000] {dagbag.py:539} INFO - Filling up the DagBag from /home/airflow/.local/lib/python3.8/site-packages/airflow/example_dags/example_trigger_target_dag.py
[2023-09-01T14:53:15.493+0000] {processor.py:839} INFO - DAG(s) dict_keys(['example_trigger_target_dag']) retrieved from /home/airflow/.local/lib/python3.8/site-packages/airflow/example_dags/example_trigger_target_dag.py
[2023-09-01T14:53:15.517+0000] {logging_mixin.py:151} INFO - [2023-09-01T14:53:15.517+0000] {dag.py:2907} INFO - Sync 1 DAGs
[2023-09-01T14:53:15.533+0000] {logging_mixin.py:151} INFO - [2023-09-01T14:53:15.532+0000] {dag.py:3677} INFO - Setting next_dagrun for example_trigger_target_dag to None, run_after=None
[2023-09-01T14:53:15.555+0000] {processor.py:179} INFO - Processing /home/airflow/.local/lib/python3.8/site-packages/airflow/example_dags/example_trigger_target_dag.py took 0.078 seconds
[2023-09-01T14:53:45.965+0000] {processor.py:157} INFO - Started process (PID=421) to work on /home/airflow/.local/lib/python3.8/site-packages/airflow/example_dags/example_trigger_target_dag.py
[2023-09-01T14:53:45.966+0000] {processor.py:829} INFO - Processing file /home/airflow/.local/lib/python3.8/site-packages/airflow/example_dags/example_trigger_target_dag.py for tasks to queue
[2023-09-01T14:53:45.969+0000] {logging_mixin.py:151} INFO - [2023-09-01T14:53:45.969+0000] {dagbag.py:539} INFO - Filling up the DagBag from /home/airflow/.local/lib/python3.8/site-packages/airflow/example_dags/example_trigger_target_dag.py
[2023-09-01T14:53:45.976+0000] {processor.py:839} INFO - DAG(s) dict_keys(['example_trigger_target_dag']) retrieved from /home/airflow/.local/lib/python3.8/site-packages/airflow/example_dags/example_trigger_target_dag.py
[2023-09-01T14:53:45.999+0000] {logging_mixin.py:151} INFO - [2023-09-01T14:53:45.998+0000] {dag.py:2907} INFO - Sync 1 DAGs
[2023-09-01T14:53:46.012+0000] {logging_mixin.py:151} INFO - [2023-09-01T14:53:46.012+0000] {dag.py:3677} INFO - Setting next_dagrun for example_trigger_target_dag to None, run_after=None
[2023-09-01T14:53:46.030+0000] {processor.py:179} INFO - Processing /home/airflow/.local/lib/python3.8/site-packages/airflow/example_dags/example_trigger_target_dag.py took 0.069 seconds
[2023-09-01T14:54:16.095+0000] {processor.py:157} INFO - Started process (PID=475) to work on /home/airflow/.local/lib/python3.8/site-packages/airflow/example_dags/example_trigger_target_dag.py
[2023-09-01T14:54:16.096+0000] {processor.py:829} INFO - Processing file /home/airflow/.local/lib/python3.8/site-packages/airflow/example_dags/example_trigger_target_dag.py for tasks to queue
[2023-09-01T14:54:16.099+0000] {logging_mixin.py:151} INFO - [2023-09-01T14:54:16.098+0000] {dagbag.py:539} INFO - Filling up the DagBag from /home/airflow/.local/lib/python3.8/site-packages/airflow/example_dags/example_trigger_target_dag.py
[2023-09-01T14:54:16.106+0000] {processor.py:839} INFO - DAG(s) dict_keys(['example_trigger_target_dag']) retrieved from /home/airflow/.local/lib/python3.8/site-packages/airflow/example_dags/example_trigger_target_dag.py
[2023-09-01T14:54:16.129+0000] {logging_mixin.py:151} INFO - [2023-09-01T14:54:16.129+0000] {dag.py:2907} INFO - Sync 1 DAGs
[2023-09-01T14:54:16.143+0000] {logging_mixin.py:151} INFO - [2023-09-01T14:54:16.143+0000] {dag.py:3677} INFO - Setting next_dagrun for example_trigger_target_dag to None, run_after=None
[2023-09-01T14:54:16.162+0000] {processor.py:179} INFO - Processing /home/airflow/.local/lib/python3.8/site-packages/airflow/example_dags/example_trigger_target_dag.py took 0.072 seconds
[2023-09-01T14:54:46.446+0000] {processor.py:157} INFO - Started process (PID=529) to work on /home/airflow/.local/lib/python3.8/site-packages/airflow/example_dags/example_trigger_target_dag.py
[2023-09-01T14:54:46.448+0000] {processor.py:829} INFO - Processing file /home/airflow/.local/lib/python3.8/site-packages/airflow/example_dags/example_trigger_target_dag.py for tasks to queue
[2023-09-01T14:54:46.451+0000] {logging_mixin.py:151} INFO - [2023-09-01T14:54:46.451+0000] {dagbag.py:539} INFO - Filling up the DagBag from /home/airflow/.local/lib/python3.8/site-packages/airflow/example_dags/example_trigger_target_dag.py
[2023-09-01T14:54:46.458+0000] {processor.py:839} INFO - DAG(s) dict_keys(['example_trigger_target_dag']) retrieved from /home/airflow/.local/lib/python3.8/site-packages/airflow/example_dags/example_trigger_target_dag.py
[2023-09-01T14:54:46.481+0000] {logging_mixin.py:151} INFO - [2023-09-01T14:54:46.481+0000] {dag.py:2907} INFO - Sync 1 DAGs
[2023-09-01T14:54:46.495+0000] {logging_mixin.py:151} INFO - [2023-09-01T14:54:46.495+0000] {dag.py:3677} INFO - Setting next_dagrun for example_trigger_target_dag to None, run_after=None
[2023-09-01T14:54:46.510+0000] {processor.py:179} INFO - Processing /home/airflow/.local/lib/python3.8/site-packages/airflow/example_dags/example_trigger_target_dag.py took 0.069 seconds
[2023-09-01T14:55:17.412+0000] {processor.py:157} INFO - Started process (PID=583) to work on /home/airflow/.local/lib/python3.8/site-packages/airflow/example_dags/example_trigger_target_dag.py
[2023-09-01T14:55:17.413+0000] {processor.py:829} INFO - Processing file /home/airflow/.local/lib/python3.8/site-packages/airflow/example_dags/example_trigger_target_dag.py for tasks to queue
[2023-09-01T14:55:17.416+0000] {logging_mixin.py:151} INFO - [2023-09-01T14:55:17.416+0000] {dagbag.py:539} INFO - Filling up the DagBag from /home/airflow/.local/lib/python3.8/site-packages/airflow/example_dags/example_trigger_target_dag.py
[2023-09-01T14:55:17.423+0000] {processor.py:839} INFO - DAG(s) dict_keys(['example_trigger_target_dag']) retrieved from /home/airflow/.local/lib/python3.8/site-packages/airflow/example_dags/example_trigger_target_dag.py
[2023-09-01T14:55:17.445+0000] {logging_mixin.py:151} INFO - [2023-09-01T14:55:17.445+0000] {dag.py:2907} INFO - Sync 1 DAGs
[2023-09-01T14:55:17.459+0000] {logging_mixin.py:151} INFO - [2023-09-01T14:55:17.459+0000] {dag.py:3677} INFO - Setting next_dagrun for example_trigger_target_dag to None, run_after=None
[2023-09-01T14:55:17.480+0000] {processor.py:179} INFO - Processing /home/airflow/.local/lib/python3.8/site-packages/airflow/example_dags/example_trigger_target_dag.py took 0.072 seconds
[2023-09-01T14:55:48.014+0000] {processor.py:157} INFO - Started process (PID=637) to work on /home/airflow/.local/lib/python3.8/site-packages/airflow/example_dags/example_trigger_target_dag.py
[2023-09-01T14:55:48.016+0000] {processor.py:829} INFO - Processing file /home/airflow/.local/lib/python3.8/site-packages/airflow/example_dags/example_trigger_target_dag.py for tasks to queue
[2023-09-01T14:55:48.019+0000] {logging_mixin.py:151} INFO - [2023-09-01T14:55:48.019+0000] {dagbag.py:539} INFO - Filling up the DagBag from /home/airflow/.local/lib/python3.8/site-packages/airflow/example_dags/example_trigger_target_dag.py
[2023-09-01T14:55:48.028+0000] {processor.py:839} INFO - DAG(s) dict_keys(['example_trigger_target_dag']) retrieved from /home/airflow/.local/lib/python3.8/site-packages/airflow/example_dags/example_trigger_target_dag.py
[2023-09-01T14:55:48.056+0000] {logging_mixin.py:151} INFO - [2023-09-01T14:55:48.056+0000] {dag.py:2907} INFO - Sync 1 DAGs
[2023-09-01T14:55:48.082+0000] {logging_mixin.py:151} INFO - [2023-09-01T14:55:48.082+0000] {dag.py:3677} INFO - Setting next_dagrun for example_trigger_target_dag to None, run_after=None
[2023-09-01T14:55:48.101+0000] {processor.py:179} INFO - Processing /home/airflow/.local/lib/python3.8/site-packages/airflow/example_dags/example_trigger_target_dag.py took 0.092 seconds
[2023-09-01T14:56:18.823+0000] {processor.py:157} INFO - Started process (PID=691) to work on /home/airflow/.local/lib/python3.8/site-packages/airflow/example_dags/example_trigger_target_dag.py
[2023-09-01T14:56:18.824+0000] {processor.py:829} INFO - Processing file /home/airflow/.local/lib/python3.8/site-packages/airflow/example_dags/example_trigger_target_dag.py for tasks to queue
[2023-09-01T14:56:18.827+0000] {logging_mixin.py:151} INFO - [2023-09-01T14:56:18.827+0000] {dagbag.py:539} INFO - Filling up the DagBag from /home/airflow/.local/lib/python3.8/site-packages/airflow/example_dags/example_trigger_target_dag.py
[2023-09-01T14:56:18.834+0000] {processor.py:839} INFO - DAG(s) dict_keys(['example_trigger_target_dag']) retrieved from /home/airflow/.local/lib/python3.8/site-packages/airflow/example_dags/example_trigger_target_dag.py
[2023-09-01T14:56:18.854+0000] {logging_mixin.py:151} INFO - [2023-09-01T14:56:18.854+0000] {dag.py:2907} INFO - Sync 1 DAGs
[2023-09-01T14:56:18.866+0000] {logging_mixin.py:151} INFO - [2023-09-01T14:56:18.866+0000] {dag.py:3677} INFO - Setting next_dagrun for example_trigger_target_dag to None, run_after=None
[2023-09-01T14:56:18.882+0000] {processor.py:179} INFO - Processing /home/airflow/.local/lib/python3.8/site-packages/airflow/example_dags/example_trigger_target_dag.py took 0.063 seconds
[2023-09-01T14:56:49.618+0000] {processor.py:157} INFO - Started process (PID=745) to work on /home/airflow/.local/lib/python3.8/site-packages/airflow/example_dags/example_trigger_target_dag.py
[2023-09-01T14:56:49.619+0000] {processor.py:829} INFO - Processing file /home/airflow/.local/lib/python3.8/site-packages/airflow/example_dags/example_trigger_target_dag.py for tasks to queue
[2023-09-01T14:56:49.622+0000] {logging_mixin.py:151} INFO - [2023-09-01T14:56:49.622+0000] {dagbag.py:539} INFO - Filling up the DagBag from /home/airflow/.local/lib/python3.8/site-packages/airflow/example_dags/example_trigger_target_dag.py
[2023-09-01T14:56:49.630+0000] {processor.py:839} INFO - DAG(s) dict_keys(['example_trigger_target_dag']) retrieved from /home/airflow/.local/lib/python3.8/site-packages/airflow/example_dags/example_trigger_target_dag.py
[2023-09-01T14:56:49.653+0000] {logging_mixin.py:151} INFO - [2023-09-01T14:56:49.653+0000] {dag.py:2907} INFO - Sync 1 DAGs
[2023-09-01T14:56:49.668+0000] {logging_mixin.py:151} INFO - [2023-09-01T14:56:49.668+0000] {dag.py:3677} INFO - Setting next_dagrun for example_trigger_target_dag to None, run_after=None
[2023-09-01T14:56:49.688+0000] {processor.py:179} INFO - Processing /home/airflow/.local/lib/python3.8/site-packages/airflow/example_dags/example_trigger_target_dag.py took 0.075 seconds
[2023-09-01T14:57:20.417+0000] {processor.py:157} INFO - Started process (PID=799) to work on /home/airflow/.local/lib/python3.8/site-packages/airflow/example_dags/example_trigger_target_dag.py
[2023-09-01T14:57:20.418+0000] {processor.py:829} INFO - Processing file /home/airflow/.local/lib/python3.8/site-packages/airflow/example_dags/example_trigger_target_dag.py for tasks to queue
[2023-09-01T14:57:20.421+0000] {logging_mixin.py:151} INFO - [2023-09-01T14:57:20.421+0000] {dagbag.py:539} INFO - Filling up the DagBag from /home/airflow/.local/lib/python3.8/site-packages/airflow/example_dags/example_trigger_target_dag.py
[2023-09-01T14:57:20.429+0000] {processor.py:839} INFO - DAG(s) dict_keys(['example_trigger_target_dag']) retrieved from /home/airflow/.local/lib/python3.8/site-packages/airflow/example_dags/example_trigger_target_dag.py
[2023-09-01T14:57:20.452+0000] {logging_mixin.py:151} INFO - [2023-09-01T14:57:20.452+0000] {dag.py:2907} INFO - Sync 1 DAGs
[2023-09-01T14:57:20.467+0000] {logging_mixin.py:151} INFO - [2023-09-01T14:57:20.467+0000] {dag.py:3677} INFO - Setting next_dagrun for example_trigger_target_dag to None, run_after=None
[2023-09-01T14:57:20.487+0000] {processor.py:179} INFO - Processing /home/airflow/.local/lib/python3.8/site-packages/airflow/example_dags/example_trigger_target_dag.py took 0.075 seconds
[2023-09-01T14:57:51.170+0000] {processor.py:157} INFO - Started process (PID=853) to work on /home/airflow/.local/lib/python3.8/site-packages/airflow/example_dags/example_trigger_target_dag.py
[2023-09-01T14:57:51.171+0000] {processor.py:829} INFO - Processing file /home/airflow/.local/lib/python3.8/site-packages/airflow/example_dags/example_trigger_target_dag.py for tasks to queue
[2023-09-01T14:57:51.174+0000] {logging_mixin.py:151} INFO - [2023-09-01T14:57:51.174+0000] {dagbag.py:539} INFO - Filling up the DagBag from /home/airflow/.local/lib/python3.8/site-packages/airflow/example_dags/example_trigger_target_dag.py
[2023-09-01T14:57:51.181+0000] {processor.py:839} INFO - DAG(s) dict_keys(['example_trigger_target_dag']) retrieved from /home/airflow/.local/lib/python3.8/site-packages/airflow/example_dags/example_trigger_target_dag.py
[2023-09-01T14:57:51.204+0000] {logging_mixin.py:151} INFO - [2023-09-01T14:57:51.204+0000] {dag.py:2907} INFO - Sync 1 DAGs
[2023-09-01T14:57:51.218+0000] {logging_mixin.py:151} INFO - [2023-09-01T14:57:51.218+0000] {dag.py:3677} INFO - Setting next_dagrun for example_trigger_target_dag to None, run_after=None
[2023-09-01T14:57:51.239+0000] {processor.py:179} INFO - Processing /home/airflow/.local/lib/python3.8/site-packages/airflow/example_dags/example_trigger_target_dag.py took 0.073 seconds
[2023-09-01T14:58:21.954+0000] {processor.py:157} INFO - Started process (PID=907) to work on /home/airflow/.local/lib/python3.8/site-packages/airflow/example_dags/example_trigger_target_dag.py
[2023-09-01T14:58:21.955+0000] {processor.py:829} INFO - Processing file /home/airflow/.local/lib/python3.8/site-packages/airflow/example_dags/example_trigger_target_dag.py for tasks to queue
[2023-09-01T14:58:21.958+0000] {logging_mixin.py:151} INFO - [2023-09-01T14:58:21.957+0000] {dagbag.py:539} INFO - Filling up the DagBag from /home/airflow/.local/lib/python3.8/site-packages/airflow/example_dags/example_trigger_target_dag.py
[2023-09-01T14:58:21.965+0000] {processor.py:839} INFO - DAG(s) dict_keys(['example_trigger_target_dag']) retrieved from /home/airflow/.local/lib/python3.8/site-packages/airflow/example_dags/example_trigger_target_dag.py
[2023-09-01T14:58:21.987+0000] {logging_mixin.py:151} INFO - [2023-09-01T14:58:21.987+0000] {dag.py:2907} INFO - Sync 1 DAGs
[2023-09-01T14:58:22.001+0000] {logging_mixin.py:151} INFO - [2023-09-01T14:58:22.001+0000] {dag.py:3677} INFO - Setting next_dagrun for example_trigger_target_dag to None, run_after=None
[2023-09-01T14:58:22.020+0000] {processor.py:179} INFO - Processing /home/airflow/.local/lib/python3.8/site-packages/airflow/example_dags/example_trigger_target_dag.py took 0.070 seconds
[2023-09-01T14:58:52.865+0000] {processor.py:157} INFO - Started process (PID=961) to work on /home/airflow/.local/lib/python3.8/site-packages/airflow/example_dags/example_trigger_target_dag.py
[2023-09-01T14:58:52.866+0000] {processor.py:829} INFO - Processing file /home/airflow/.local/lib/python3.8/site-packages/airflow/example_dags/example_trigger_target_dag.py for tasks to queue
[2023-09-01T14:58:52.869+0000] {logging_mixin.py:151} INFO - [2023-09-01T14:58:52.868+0000] {dagbag.py:539} INFO - Filling up the DagBag from /home/airflow/.local/lib/python3.8/site-packages/airflow/example_dags/example_trigger_target_dag.py
[2023-09-01T14:58:52.876+0000] {processor.py:839} INFO - DAG(s) dict_keys(['example_trigger_target_dag']) retrieved from /home/airflow/.local/lib/python3.8/site-packages/airflow/example_dags/example_trigger_target_dag.py
[2023-09-01T14:58:52.899+0000] {logging_mixin.py:151} INFO - [2023-09-01T14:58:52.898+0000] {dag.py:2907} INFO - Sync 1 DAGs
[2023-09-01T14:58:52.913+0000] {logging_mixin.py:151} INFO - [2023-09-01T14:58:52.913+0000] {dag.py:3677} INFO - Setting next_dagrun for example_trigger_target_dag to None, run_after=None
[2023-09-01T14:58:52.932+0000] {processor.py:179} INFO - Processing /home/airflow/.local/lib/python3.8/site-packages/airflow/example_dags/example_trigger_target_dag.py took 0.072 seconds
[2023-09-01T14:59:23.359+0000] {processor.py:157} INFO - Started process (PID=1015) to work on /home/airflow/.local/lib/python3.8/site-packages/airflow/example_dags/example_trigger_target_dag.py
[2023-09-01T14:59:23.360+0000] {processor.py:829} INFO - Processing file /home/airflow/.local/lib/python3.8/site-packages/airflow/example_dags/example_trigger_target_dag.py for tasks to queue
[2023-09-01T14:59:23.363+0000] {logging_mixin.py:151} INFO - [2023-09-01T14:59:23.363+0000] {dagbag.py:539} INFO - Filling up the DagBag from /home/airflow/.local/lib/python3.8/site-packages/airflow/example_dags/example_trigger_target_dag.py
[2023-09-01T14:59:23.370+0000] {processor.py:839} INFO - DAG(s) dict_keys(['example_trigger_target_dag']) retrieved from /home/airflow/.local/lib/python3.8/site-packages/airflow/example_dags/example_trigger_target_dag.py
[2023-09-01T14:59:23.391+0000] {logging_mixin.py:151} INFO - [2023-09-01T14:59:23.391+0000] {dag.py:2907} INFO - Sync 1 DAGs
[2023-09-01T14:59:23.403+0000] {logging_mixin.py:151} INFO - [2023-09-01T14:59:23.403+0000] {dag.py:3677} INFO - Setting next_dagrun for example_trigger_target_dag to None, run_after=None
[2023-09-01T14:59:23.419+0000] {processor.py:179} INFO - Processing /home/airflow/.local/lib/python3.8/site-packages/airflow/example_dags/example_trigger_target_dag.py took 0.064 seconds
[2023-09-01T14:59:54.355+0000] {processor.py:157} INFO - Started process (PID=1069) to work on /home/airflow/.local/lib/python3.8/site-packages/airflow/example_dags/example_trigger_target_dag.py
[2023-09-01T14:59:54.356+0000] {processor.py:829} INFO - Processing file /home/airflow/.local/lib/python3.8/site-packages/airflow/example_dags/example_trigger_target_dag.py for tasks to queue
[2023-09-01T14:59:54.360+0000] {logging_mixin.py:151} INFO - [2023-09-01T14:59:54.360+0000] {dagbag.py:539} INFO - Filling up the DagBag from /home/airflow/.local/lib/python3.8/site-packages/airflow/example_dags/example_trigger_target_dag.py
[2023-09-01T14:59:54.370+0000] {processor.py:839} INFO - DAG(s) dict_keys(['example_trigger_target_dag']) retrieved from /home/airflow/.local/lib/python3.8/site-packages/airflow/example_dags/example_trigger_target_dag.py
[2023-09-01T14:59:54.399+0000] {logging_mixin.py:151} INFO - [2023-09-01T14:59:54.398+0000] {dag.py:2907} INFO - Sync 1 DAGs
[2023-09-01T14:59:54.415+0000] {logging_mixin.py:151} INFO - [2023-09-01T14:59:54.415+0000] {dag.py:3677} INFO - Setting next_dagrun for example_trigger_target_dag to None, run_after=None
[2023-09-01T14:59:54.434+0000] {processor.py:179} INFO - Processing /home/airflow/.local/lib/python3.8/site-packages/airflow/example_dags/example_trigger_target_dag.py took 0.085 seconds
[2023-09-01T15:00:25.161+0000] {processor.py:157} INFO - Started process (PID=1123) to work on /home/airflow/.local/lib/python3.8/site-packages/airflow/example_dags/example_trigger_target_dag.py
[2023-09-01T15:00:25.162+0000] {processor.py:829} INFO - Processing file /home/airflow/.local/lib/python3.8/site-packages/airflow/example_dags/example_trigger_target_dag.py for tasks to queue
[2023-09-01T15:00:25.165+0000] {logging_mixin.py:151} INFO - [2023-09-01T15:00:25.164+0000] {dagbag.py:539} INFO - Filling up the DagBag from /home/airflow/.local/lib/python3.8/site-packages/airflow/example_dags/example_trigger_target_dag.py
[2023-09-01T15:00:25.172+0000] {processor.py:839} INFO - DAG(s) dict_keys(['example_trigger_target_dag']) retrieved from /home/airflow/.local/lib/python3.8/site-packages/airflow/example_dags/example_trigger_target_dag.py
[2023-09-01T15:00:25.194+0000] {logging_mixin.py:151} INFO - [2023-09-01T15:00:25.194+0000] {dag.py:2907} INFO - Sync 1 DAGs
[2023-09-01T15:00:25.209+0000] {logging_mixin.py:151} INFO - [2023-09-01T15:00:25.209+0000] {dag.py:3677} INFO - Setting next_dagrun for example_trigger_target_dag to None, run_after=None
[2023-09-01T15:00:25.228+0000] {processor.py:179} INFO - Processing /home/airflow/.local/lib/python3.8/site-packages/airflow/example_dags/example_trigger_target_dag.py took 0.072 seconds
[2023-09-01T15:00:55.690+0000] {processor.py:157} INFO - Started process (PID=1177) to work on /home/airflow/.local/lib/python3.8/site-packages/airflow/example_dags/example_trigger_target_dag.py
[2023-09-01T15:00:55.691+0000] {processor.py:829} INFO - Processing file /home/airflow/.local/lib/python3.8/site-packages/airflow/example_dags/example_trigger_target_dag.py for tasks to queue
[2023-09-01T15:00:55.694+0000] {logging_mixin.py:151} INFO - [2023-09-01T15:00:55.693+0000] {dagbag.py:539} INFO - Filling up the DagBag from /home/airflow/.local/lib/python3.8/site-packages/airflow/example_dags/example_trigger_target_dag.py
[2023-09-01T15:00:55.701+0000] {processor.py:839} INFO - DAG(s) dict_keys(['example_trigger_target_dag']) retrieved from /home/airflow/.local/lib/python3.8/site-packages/airflow/example_dags/example_trigger_target_dag.py
[2023-09-01T15:00:55.723+0000] {logging_mixin.py:151} INFO - [2023-09-01T15:00:55.723+0000] {dag.py:2907} INFO - Sync 1 DAGs
[2023-09-01T15:00:55.737+0000] {logging_mixin.py:151} INFO - [2023-09-01T15:00:55.737+0000] {dag.py:3677} INFO - Setting next_dagrun for example_trigger_target_dag to None, run_after=None
[2023-09-01T15:00:55.758+0000] {processor.py:179} INFO - Processing /home/airflow/.local/lib/python3.8/site-packages/airflow/example_dags/example_trigger_target_dag.py took 0.072 seconds
[2023-09-01T15:01:26.570+0000] {processor.py:157} INFO - Started process (PID=1231) to work on /home/airflow/.local/lib/python3.8/site-packages/airflow/example_dags/example_trigger_target_dag.py
[2023-09-01T15:01:26.571+0000] {processor.py:829} INFO - Processing file /home/airflow/.local/lib/python3.8/site-packages/airflow/example_dags/example_trigger_target_dag.py for tasks to queue
[2023-09-01T15:01:26.574+0000] {logging_mixin.py:151} INFO - [2023-09-01T15:01:26.573+0000] {dagbag.py:539} INFO - Filling up the DagBag from /home/airflow/.local/lib/python3.8/site-packages/airflow/example_dags/example_trigger_target_dag.py
[2023-09-01T15:01:26.581+0000] {processor.py:839} INFO - DAG(s) dict_keys(['example_trigger_target_dag']) retrieved from /home/airflow/.local/lib/python3.8/site-packages/airflow/example_dags/example_trigger_target_dag.py
[2023-09-01T15:01:26.604+0000] {logging_mixin.py:151} INFO - [2023-09-01T15:01:26.603+0000] {dag.py:2907} INFO - Sync 1 DAGs
[2023-09-01T15:01:26.617+0000] {logging_mixin.py:151} INFO - [2023-09-01T15:01:26.617+0000] {dag.py:3677} INFO - Setting next_dagrun for example_trigger_target_dag to None, run_after=None
[2023-09-01T15:01:26.637+0000] {processor.py:179} INFO - Processing /home/airflow/.local/lib/python3.8/site-packages/airflow/example_dags/example_trigger_target_dag.py took 0.072 seconds
[2023-09-01T15:01:57.131+0000] {processor.py:157} INFO - Started process (PID=1292) to work on /home/airflow/.local/lib/python3.8/site-packages/airflow/example_dags/example_trigger_target_dag.py
[2023-09-01T15:01:57.132+0000] {processor.py:829} INFO - Processing file /home/airflow/.local/lib/python3.8/site-packages/airflow/example_dags/example_trigger_target_dag.py for tasks to queue
[2023-09-01T15:01:57.135+0000] {logging_mixin.py:151} INFO - [2023-09-01T15:01:57.135+0000] {dagbag.py:539} INFO - Filling up the DagBag from /home/airflow/.local/lib/python3.8/site-packages/airflow/example_dags/example_trigger_target_dag.py
[2023-09-01T15:01:57.142+0000] {processor.py:839} INFO - DAG(s) dict_keys(['example_trigger_target_dag']) retrieved from /home/airflow/.local/lib/python3.8/site-packages/airflow/example_dags/example_trigger_target_dag.py
[2023-09-01T15:01:57.165+0000] {logging_mixin.py:151} INFO - [2023-09-01T15:01:57.165+0000] {dag.py:2907} INFO - Sync 1 DAGs
[2023-09-01T15:01:57.179+0000] {logging_mixin.py:151} INFO - [2023-09-01T15:01:57.179+0000] {dag.py:3677} INFO - Setting next_dagrun for example_trigger_target_dag to None, run_after=None
[2023-09-01T15:01:57.199+0000] {processor.py:179} INFO - Processing /home/airflow/.local/lib/python3.8/site-packages/airflow/example_dags/example_trigger_target_dag.py took 0.072 seconds
[2023-09-01T15:02:27.361+0000] {processor.py:157} INFO - Started process (PID=1346) to work on /home/airflow/.local/lib/python3.8/site-packages/airflow/example_dags/example_trigger_target_dag.py
[2023-09-01T15:02:27.362+0000] {processor.py:829} INFO - Processing file /home/airflow/.local/lib/python3.8/site-packages/airflow/example_dags/example_trigger_target_dag.py for tasks to queue
[2023-09-01T15:02:27.365+0000] {logging_mixin.py:151} INFO - [2023-09-01T15:02:27.364+0000] {dagbag.py:539} INFO - Filling up the DagBag from /home/airflow/.local/lib/python3.8/site-packages/airflow/example_dags/example_trigger_target_dag.py
[2023-09-01T15:02:27.372+0000] {processor.py:839} INFO - DAG(s) dict_keys(['example_trigger_target_dag']) retrieved from /home/airflow/.local/lib/python3.8/site-packages/airflow/example_dags/example_trigger_target_dag.py
[2023-09-01T15:02:27.396+0000] {logging_mixin.py:151} INFO - [2023-09-01T15:02:27.395+0000] {dag.py:2907} INFO - Sync 1 DAGs
[2023-09-01T15:02:27.411+0000] {logging_mixin.py:151} INFO - [2023-09-01T15:02:27.410+0000] {dag.py:3677} INFO - Setting next_dagrun for example_trigger_target_dag to None, run_after=None
[2023-09-01T15:02:27.431+0000] {processor.py:179} INFO - Processing /home/airflow/.local/lib/python3.8/site-packages/airflow/example_dags/example_trigger_target_dag.py took 0.074 seconds
[2023-09-01T15:02:57.630+0000] {processor.py:157} INFO - Started process (PID=1400) to work on /home/airflow/.local/lib/python3.8/site-packages/airflow/example_dags/example_trigger_target_dag.py
[2023-09-01T15:02:57.632+0000] {processor.py:829} INFO - Processing file /home/airflow/.local/lib/python3.8/site-packages/airflow/example_dags/example_trigger_target_dag.py for tasks to queue
[2023-09-01T15:02:57.635+0000] {logging_mixin.py:151} INFO - [2023-09-01T15:02:57.634+0000] {dagbag.py:539} INFO - Filling up the DagBag from /home/airflow/.local/lib/python3.8/site-packages/airflow/example_dags/example_trigger_target_dag.py
[2023-09-01T15:02:57.642+0000] {processor.py:839} INFO - DAG(s) dict_keys(['example_trigger_target_dag']) retrieved from /home/airflow/.local/lib/python3.8/site-packages/airflow/example_dags/example_trigger_target_dag.py
[2023-09-01T15:02:57.666+0000] {logging_mixin.py:151} INFO - [2023-09-01T15:02:57.666+0000] {dag.py:2907} INFO - Sync 1 DAGs
[2023-09-01T15:02:57.680+0000] {logging_mixin.py:151} INFO - [2023-09-01T15:02:57.680+0000] {dag.py:3677} INFO - Setting next_dagrun for example_trigger_target_dag to None, run_after=None
[2023-09-01T15:02:57.700+0000] {processor.py:179} INFO - Processing /home/airflow/.local/lib/python3.8/site-packages/airflow/example_dags/example_trigger_target_dag.py took 0.075 seconds
[2023-09-01T15:03:28.020+0000] {processor.py:157} INFO - Started process (PID=1454) to work on /home/airflow/.local/lib/python3.8/site-packages/airflow/example_dags/example_trigger_target_dag.py
[2023-09-01T15:03:28.021+0000] {processor.py:829} INFO - Processing file /home/airflow/.local/lib/python3.8/site-packages/airflow/example_dags/example_trigger_target_dag.py for tasks to queue
[2023-09-01T15:03:28.025+0000] {logging_mixin.py:151} INFO - [2023-09-01T15:03:28.024+0000] {dagbag.py:539} INFO - Filling up the DagBag from /home/airflow/.local/lib/python3.8/site-packages/airflow/example_dags/example_trigger_target_dag.py
[2023-09-01T15:03:28.045+0000] {processor.py:839} INFO - DAG(s) dict_keys(['example_trigger_target_dag']) retrieved from /home/airflow/.local/lib/python3.8/site-packages/airflow/example_dags/example_trigger_target_dag.py
[2023-09-01T15:03:28.075+0000] {logging_mixin.py:151} INFO - [2023-09-01T15:03:28.075+0000] {dag.py:2907} INFO - Sync 1 DAGs
[2023-09-01T15:03:28.093+0000] {logging_mixin.py:151} INFO - [2023-09-01T15:03:28.093+0000] {dag.py:3677} INFO - Setting next_dagrun for example_trigger_target_dag to None, run_after=None
[2023-09-01T15:03:28.113+0000] {processor.py:179} INFO - Processing /home/airflow/.local/lib/python3.8/site-packages/airflow/example_dags/example_trigger_target_dag.py took 0.098 seconds
[2023-09-01T15:03:58.212+0000] {processor.py:157} INFO - Started process (PID=1508) to work on /home/airflow/.local/lib/python3.8/site-packages/airflow/example_dags/example_trigger_target_dag.py
[2023-09-01T15:03:58.213+0000] {processor.py:829} INFO - Processing file /home/airflow/.local/lib/python3.8/site-packages/airflow/example_dags/example_trigger_target_dag.py for tasks to queue
[2023-09-01T15:03:58.216+0000] {logging_mixin.py:151} INFO - [2023-09-01T15:03:58.216+0000] {dagbag.py:539} INFO - Filling up the DagBag from /home/airflow/.local/lib/python3.8/site-packages/airflow/example_dags/example_trigger_target_dag.py
[2023-09-01T15:03:58.223+0000] {processor.py:839} INFO - DAG(s) dict_keys(['example_trigger_target_dag']) retrieved from /home/airflow/.local/lib/python3.8/site-packages/airflow/example_dags/example_trigger_target_dag.py
[2023-09-01T15:03:58.248+0000] {logging_mixin.py:151} INFO - [2023-09-01T15:03:58.248+0000] {dag.py:2907} INFO - Sync 1 DAGs
[2023-09-01T15:03:58.265+0000] {logging_mixin.py:151} INFO - [2023-09-01T15:03:58.265+0000] {dag.py:3677} INFO - Setting next_dagrun for example_trigger_target_dag to None, run_after=None
[2023-09-01T15:03:58.286+0000] {processor.py:179} INFO - Processing /home/airflow/.local/lib/python3.8/site-packages/airflow/example_dags/example_trigger_target_dag.py took 0.078 seconds
[2023-09-01T15:04:28.523+0000] {processor.py:157} INFO - Started process (PID=1562) to work on /home/airflow/.local/lib/python3.8/site-packages/airflow/example_dags/example_trigger_target_dag.py
[2023-09-01T15:04:28.525+0000] {processor.py:829} INFO - Processing file /home/airflow/.local/lib/python3.8/site-packages/airflow/example_dags/example_trigger_target_dag.py for tasks to queue
[2023-09-01T15:04:28.529+0000] {logging_mixin.py:151} INFO - [2023-09-01T15:04:28.528+0000] {dagbag.py:539} INFO - Filling up the DagBag from /home/airflow/.local/lib/python3.8/site-packages/airflow/example_dags/example_trigger_target_dag.py
[2023-09-01T15:04:28.538+0000] {processor.py:839} INFO - DAG(s) dict_keys(['example_trigger_target_dag']) retrieved from /home/airflow/.local/lib/python3.8/site-packages/airflow/example_dags/example_trigger_target_dag.py
[2023-09-01T15:04:28.568+0000] {logging_mixin.py:151} INFO - [2023-09-01T15:04:28.568+0000] {dag.py:2907} INFO - Sync 1 DAGs
[2023-09-01T15:04:28.585+0000] {logging_mixin.py:151} INFO - [2023-09-01T15:04:28.585+0000] {dag.py:3677} INFO - Setting next_dagrun for example_trigger_target_dag to None, run_after=None
[2023-09-01T15:04:28.610+0000] {processor.py:179} INFO - Processing /home/airflow/.local/lib/python3.8/site-packages/airflow/example_dags/example_trigger_target_dag.py took 0.092 seconds
[2023-09-01T15:04:58.702+0000] {processor.py:157} INFO - Started process (PID=1617) to work on /home/airflow/.local/lib/python3.8/site-packages/airflow/example_dags/example_trigger_target_dag.py
[2023-09-01T15:04:58.704+0000] {processor.py:829} INFO - Processing file /home/airflow/.local/lib/python3.8/site-packages/airflow/example_dags/example_trigger_target_dag.py for tasks to queue
[2023-09-01T15:04:58.707+0000] {logging_mixin.py:151} INFO - [2023-09-01T15:04:58.707+0000] {dagbag.py:539} INFO - Filling up the DagBag from /home/airflow/.local/lib/python3.8/site-packages/airflow/example_dags/example_trigger_target_dag.py
[2023-09-01T15:04:58.718+0000] {processor.py:839} INFO - DAG(s) dict_keys(['example_trigger_target_dag']) retrieved from /home/airflow/.local/lib/python3.8/site-packages/airflow/example_dags/example_trigger_target_dag.py
[2023-09-01T15:04:58.750+0000] {logging_mixin.py:151} INFO - [2023-09-01T15:04:58.750+0000] {dag.py:2907} INFO - Sync 1 DAGs
[2023-09-01T15:04:58.770+0000] {logging_mixin.py:151} INFO - [2023-09-01T15:04:58.770+0000] {dag.py:3677} INFO - Setting next_dagrun for example_trigger_target_dag to None, run_after=None
[2023-09-01T15:04:58.802+0000] {processor.py:179} INFO - Processing /home/airflow/.local/lib/python3.8/site-packages/airflow/example_dags/example_trigger_target_dag.py took 0.106 seconds
[2023-09-01T15:05:29.078+0000] {processor.py:157} INFO - Started process (PID=1671) to work on /home/airflow/.local/lib/python3.8/site-packages/airflow/example_dags/example_trigger_target_dag.py
[2023-09-01T15:05:29.080+0000] {processor.py:829} INFO - Processing file /home/airflow/.local/lib/python3.8/site-packages/airflow/example_dags/example_trigger_target_dag.py for tasks to queue
[2023-09-01T15:05:29.083+0000] {logging_mixin.py:151} INFO - [2023-09-01T15:05:29.083+0000] {dagbag.py:539} INFO - Filling up the DagBag from /home/airflow/.local/lib/python3.8/site-packages/airflow/example_dags/example_trigger_target_dag.py
[2023-09-01T15:05:29.093+0000] {processor.py:839} INFO - DAG(s) dict_keys(['example_trigger_target_dag']) retrieved from /home/airflow/.local/lib/python3.8/site-packages/airflow/example_dags/example_trigger_target_dag.py
[2023-09-01T15:05:29.125+0000] {logging_mixin.py:151} INFO - [2023-09-01T15:05:29.125+0000] {dag.py:2907} INFO - Sync 1 DAGs
[2023-09-01T15:05:29.145+0000] {logging_mixin.py:151} INFO - [2023-09-01T15:05:29.144+0000] {dag.py:3677} INFO - Setting next_dagrun for example_trigger_target_dag to None, run_after=None
[2023-09-01T15:05:29.177+0000] {processor.py:179} INFO - Processing /home/airflow/.local/lib/python3.8/site-packages/airflow/example_dags/example_trigger_target_dag.py took 0.105 seconds
[2023-09-01T15:05:59.233+0000] {processor.py:157} INFO - Started process (PID=1725) to work on /home/airflow/.local/lib/python3.8/site-packages/airflow/example_dags/example_trigger_target_dag.py
[2023-09-01T15:05:59.234+0000] {processor.py:829} INFO - Processing file /home/airflow/.local/lib/python3.8/site-packages/airflow/example_dags/example_trigger_target_dag.py for tasks to queue
[2023-09-01T15:05:59.237+0000] {logging_mixin.py:151} INFO - [2023-09-01T15:05:59.237+0000] {dagbag.py:539} INFO - Filling up the DagBag from /home/airflow/.local/lib/python3.8/site-packages/airflow/example_dags/example_trigger_target_dag.py
[2023-09-01T15:05:59.245+0000] {processor.py:839} INFO - DAG(s) dict_keys(['example_trigger_target_dag']) retrieved from /home/airflow/.local/lib/python3.8/site-packages/airflow/example_dags/example_trigger_target_dag.py
[2023-09-01T15:05:59.268+0000] {logging_mixin.py:151} INFO - [2023-09-01T15:05:59.268+0000] {dag.py:2907} INFO - Sync 1 DAGs
[2023-09-01T15:05:59.284+0000] {logging_mixin.py:151} INFO - [2023-09-01T15:05:59.284+0000] {dag.py:3677} INFO - Setting next_dagrun for example_trigger_target_dag to None, run_after=None
[2023-09-01T15:05:59.306+0000] {processor.py:179} INFO - Processing /home/airflow/.local/lib/python3.8/site-packages/airflow/example_dags/example_trigger_target_dag.py took 0.078 seconds
[2023-09-01T15:06:29.542+0000] {processor.py:157} INFO - Started process (PID=1779) to work on /home/airflow/.local/lib/python3.8/site-packages/airflow/example_dags/example_trigger_target_dag.py
[2023-09-01T15:06:29.543+0000] {processor.py:829} INFO - Processing file /home/airflow/.local/lib/python3.8/site-packages/airflow/example_dags/example_trigger_target_dag.py for tasks to queue
[2023-09-01T15:06:29.546+0000] {logging_mixin.py:151} INFO - [2023-09-01T15:06:29.545+0000] {dagbag.py:539} INFO - Filling up the DagBag from /home/airflow/.local/lib/python3.8/site-packages/airflow/example_dags/example_trigger_target_dag.py
[2023-09-01T15:06:29.553+0000] {processor.py:839} INFO - DAG(s) dict_keys(['example_trigger_target_dag']) retrieved from /home/airflow/.local/lib/python3.8/site-packages/airflow/example_dags/example_trigger_target_dag.py
[2023-09-01T15:06:29.574+0000] {logging_mixin.py:151} INFO - [2023-09-01T15:06:29.574+0000] {dag.py:2907} INFO - Sync 1 DAGs
[2023-09-01T15:06:29.587+0000] {logging_mixin.py:151} INFO - [2023-09-01T15:06:29.586+0000] {dag.py:3677} INFO - Setting next_dagrun for example_trigger_target_dag to None, run_after=None
[2023-09-01T15:06:29.605+0000] {processor.py:179} INFO - Processing /home/airflow/.local/lib/python3.8/site-packages/airflow/example_dags/example_trigger_target_dag.py took 0.067 seconds
[2023-09-01T15:06:59.676+0000] {processor.py:157} INFO - Started process (PID=1833) to work on /home/airflow/.local/lib/python3.8/site-packages/airflow/example_dags/example_trigger_target_dag.py
[2023-09-01T15:06:59.677+0000] {processor.py:829} INFO - Processing file /home/airflow/.local/lib/python3.8/site-packages/airflow/example_dags/example_trigger_target_dag.py for tasks to queue
[2023-09-01T15:06:59.680+0000] {logging_mixin.py:151} INFO - [2023-09-01T15:06:59.679+0000] {dagbag.py:539} INFO - Filling up the DagBag from /home/airflow/.local/lib/python3.8/site-packages/airflow/example_dags/example_trigger_target_dag.py
[2023-09-01T15:06:59.687+0000] {processor.py:839} INFO - DAG(s) dict_keys(['example_trigger_target_dag']) retrieved from /home/airflow/.local/lib/python3.8/site-packages/airflow/example_dags/example_trigger_target_dag.py
[2023-09-01T15:06:59.710+0000] {logging_mixin.py:151} INFO - [2023-09-01T15:06:59.710+0000] {dag.py:2907} INFO - Sync 1 DAGs
[2023-09-01T15:06:59.724+0000] {logging_mixin.py:151} INFO - [2023-09-01T15:06:59.724+0000] {dag.py:3677} INFO - Setting next_dagrun for example_trigger_target_dag to None, run_after=None
[2023-09-01T15:06:59.742+0000] {processor.py:179} INFO - Processing /home/airflow/.local/lib/python3.8/site-packages/airflow/example_dags/example_trigger_target_dag.py took 0.072 seconds
[2023-09-01T15:07:30.653+0000] {processor.py:157} INFO - Started process (PID=1887) to work on /home/airflow/.local/lib/python3.8/site-packages/airflow/example_dags/example_trigger_target_dag.py
[2023-09-01T15:07:30.655+0000] {processor.py:829} INFO - Processing file /home/airflow/.local/lib/python3.8/site-packages/airflow/example_dags/example_trigger_target_dag.py for tasks to queue
[2023-09-01T15:07:30.657+0000] {logging_mixin.py:151} INFO - [2023-09-01T15:07:30.657+0000] {dagbag.py:539} INFO - Filling up the DagBag from /home/airflow/.local/lib/python3.8/site-packages/airflow/example_dags/example_trigger_target_dag.py
[2023-09-01T15:07:30.664+0000] {processor.py:839} INFO - DAG(s) dict_keys(['example_trigger_target_dag']) retrieved from /home/airflow/.local/lib/python3.8/site-packages/airflow/example_dags/example_trigger_target_dag.py
[2023-09-01T15:07:30.687+0000] {logging_mixin.py:151} INFO - [2023-09-01T15:07:30.687+0000] {dag.py:2907} INFO - Sync 1 DAGs
[2023-09-01T15:07:30.702+0000] {logging_mixin.py:151} INFO - [2023-09-01T15:07:30.701+0000] {dag.py:3677} INFO - Setting next_dagrun for example_trigger_target_dag to None, run_after=None
[2023-09-01T15:07:30.721+0000] {processor.py:179} INFO - Processing /home/airflow/.local/lib/python3.8/site-packages/airflow/example_dags/example_trigger_target_dag.py took 0.072 seconds
[2023-09-01T15:08:01.027+0000] {processor.py:157} INFO - Started process (PID=1941) to work on /home/airflow/.local/lib/python3.8/site-packages/airflow/example_dags/example_trigger_target_dag.py
[2023-09-01T15:08:01.028+0000] {processor.py:829} INFO - Processing file /home/airflow/.local/lib/python3.8/site-packages/airflow/example_dags/example_trigger_target_dag.py for tasks to queue
[2023-09-01T15:08:01.031+0000] {logging_mixin.py:151} INFO - [2023-09-01T15:08:01.031+0000] {dagbag.py:539} INFO - Filling up the DagBag from /home/airflow/.local/lib/python3.8/site-packages/airflow/example_dags/example_trigger_target_dag.py
[2023-09-01T15:08:01.038+0000] {processor.py:839} INFO - DAG(s) dict_keys(['example_trigger_target_dag']) retrieved from /home/airflow/.local/lib/python3.8/site-packages/airflow/example_dags/example_trigger_target_dag.py
[2023-09-01T15:08:01.062+0000] {logging_mixin.py:151} INFO - [2023-09-01T15:08:01.061+0000] {dag.py:2907} INFO - Sync 1 DAGs
[2023-09-01T15:08:01.076+0000] {logging_mixin.py:151} INFO - [2023-09-01T15:08:01.075+0000] {dag.py:3677} INFO - Setting next_dagrun for example_trigger_target_dag to None, run_after=None
[2023-09-01T15:08:01.095+0000] {processor.py:179} INFO - Processing /home/airflow/.local/lib/python3.8/site-packages/airflow/example_dags/example_trigger_target_dag.py took 0.072 seconds
[2023-09-01T15:08:31.400+0000] {processor.py:157} INFO - Started process (PID=1995) to work on /home/airflow/.local/lib/python3.8/site-packages/airflow/example_dags/example_trigger_target_dag.py
[2023-09-01T15:08:31.401+0000] {processor.py:829} INFO - Processing file /home/airflow/.local/lib/python3.8/site-packages/airflow/example_dags/example_trigger_target_dag.py for tasks to queue
[2023-09-01T15:08:31.404+0000] {logging_mixin.py:151} INFO - [2023-09-01T15:08:31.403+0000] {dagbag.py:539} INFO - Filling up the DagBag from /home/airflow/.local/lib/python3.8/site-packages/airflow/example_dags/example_trigger_target_dag.py
[2023-09-01T15:08:31.411+0000] {processor.py:839} INFO - DAG(s) dict_keys(['example_trigger_target_dag']) retrieved from /home/airflow/.local/lib/python3.8/site-packages/airflow/example_dags/example_trigger_target_dag.py
[2023-09-01T15:08:31.435+0000] {logging_mixin.py:151} INFO - [2023-09-01T15:08:31.435+0000] {dag.py:2907} INFO - Sync 1 DAGs
[2023-09-01T15:08:31.451+0000] {logging_mixin.py:151} INFO - [2023-09-01T15:08:31.451+0000] {dag.py:3677} INFO - Setting next_dagrun for example_trigger_target_dag to None, run_after=None
[2023-09-01T15:08:31.471+0000] {processor.py:179} INFO - Processing /home/airflow/.local/lib/python3.8/site-packages/airflow/example_dags/example_trigger_target_dag.py took 0.076 seconds
[2023-09-01T15:09:01.830+0000] {processor.py:157} INFO - Started process (PID=2049) to work on /home/airflow/.local/lib/python3.8/site-packages/airflow/example_dags/example_trigger_target_dag.py
[2023-09-01T15:09:01.832+0000] {processor.py:829} INFO - Processing file /home/airflow/.local/lib/python3.8/site-packages/airflow/example_dags/example_trigger_target_dag.py for tasks to queue
[2023-09-01T15:09:01.835+0000] {logging_mixin.py:151} INFO - [2023-09-01T15:09:01.834+0000] {dagbag.py:539} INFO - Filling up the DagBag from /home/airflow/.local/lib/python3.8/site-packages/airflow/example_dags/example_trigger_target_dag.py
[2023-09-01T15:09:01.843+0000] {processor.py:839} INFO - DAG(s) dict_keys(['example_trigger_target_dag']) retrieved from /home/airflow/.local/lib/python3.8/site-packages/airflow/example_dags/example_trigger_target_dag.py
[2023-09-01T15:09:01.872+0000] {logging_mixin.py:151} INFO - [2023-09-01T15:09:01.871+0000] {dag.py:2907} INFO - Sync 1 DAGs
[2023-09-01T15:09:01.890+0000] {logging_mixin.py:151} INFO - [2023-09-01T15:09:01.890+0000] {dag.py:3677} INFO - Setting next_dagrun for example_trigger_target_dag to None, run_after=None
[2023-09-01T15:09:01.915+0000] {processor.py:179} INFO - Processing /home/airflow/.local/lib/python3.8/site-packages/airflow/example_dags/example_trigger_target_dag.py took 0.089 seconds
[2023-09-01T15:09:32.701+0000] {processor.py:157} INFO - Started process (PID=2103) to work on /home/airflow/.local/lib/python3.8/site-packages/airflow/example_dags/example_trigger_target_dag.py
[2023-09-01T15:09:32.703+0000] {processor.py:829} INFO - Processing file /home/airflow/.local/lib/python3.8/site-packages/airflow/example_dags/example_trigger_target_dag.py for tasks to queue
[2023-09-01T15:09:32.707+0000] {logging_mixin.py:151} INFO - [2023-09-01T15:09:32.706+0000] {dagbag.py:539} INFO - Filling up the DagBag from /home/airflow/.local/lib/python3.8/site-packages/airflow/example_dags/example_trigger_target_dag.py
[2023-09-01T15:09:32.716+0000] {processor.py:839} INFO - DAG(s) dict_keys(['example_trigger_target_dag']) retrieved from /home/airflow/.local/lib/python3.8/site-packages/airflow/example_dags/example_trigger_target_dag.py
[2023-09-01T15:09:32.747+0000] {logging_mixin.py:151} INFO - [2023-09-01T15:09:32.746+0000] {dag.py:2907} INFO - Sync 1 DAGs
[2023-09-01T15:09:32.765+0000] {logging_mixin.py:151} INFO - [2023-09-01T15:09:32.765+0000] {dag.py:3677} INFO - Setting next_dagrun for example_trigger_target_dag to None, run_after=None
[2023-09-01T15:09:32.793+0000] {processor.py:179} INFO - Processing /home/airflow/.local/lib/python3.8/site-packages/airflow/example_dags/example_trigger_target_dag.py took 0.098 seconds
[2023-09-01T15:10:03.213+0000] {processor.py:157} INFO - Started process (PID=2157) to work on /home/airflow/.local/lib/python3.8/site-packages/airflow/example_dags/example_trigger_target_dag.py
[2023-09-01T15:10:03.214+0000] {processor.py:829} INFO - Processing file /home/airflow/.local/lib/python3.8/site-packages/airflow/example_dags/example_trigger_target_dag.py for tasks to queue
[2023-09-01T15:10:03.217+0000] {logging_mixin.py:151} INFO - [2023-09-01T15:10:03.216+0000] {dagbag.py:539} INFO - Filling up the DagBag from /home/airflow/.local/lib/python3.8/site-packages/airflow/example_dags/example_trigger_target_dag.py
[2023-09-01T15:10:03.224+0000] {processor.py:839} INFO - DAG(s) dict_keys(['example_trigger_target_dag']) retrieved from /home/airflow/.local/lib/python3.8/site-packages/airflow/example_dags/example_trigger_target_dag.py
[2023-09-01T15:10:03.247+0000] {logging_mixin.py:151} INFO - [2023-09-01T15:10:03.247+0000] {dag.py:2907} INFO - Sync 1 DAGs
[2023-09-01T15:10:03.261+0000] {logging_mixin.py:151} INFO - [2023-09-01T15:10:03.261+0000] {dag.py:3677} INFO - Setting next_dagrun for example_trigger_target_dag to None, run_after=None
[2023-09-01T15:10:03.280+0000] {processor.py:179} INFO - Processing /home/airflow/.local/lib/python3.8/site-packages/airflow/example_dags/example_trigger_target_dag.py took 0.072 seconds
[2023-09-01T15:10:33.699+0000] {processor.py:157} INFO - Started process (PID=2211) to work on /home/airflow/.local/lib/python3.8/site-packages/airflow/example_dags/example_trigger_target_dag.py
[2023-09-01T15:10:33.701+0000] {processor.py:829} INFO - Processing file /home/airflow/.local/lib/python3.8/site-packages/airflow/example_dags/example_trigger_target_dag.py for tasks to queue
[2023-09-01T15:10:33.704+0000] {logging_mixin.py:151} INFO - [2023-09-01T15:10:33.704+0000] {dagbag.py:539} INFO - Filling up the DagBag from /home/airflow/.local/lib/python3.8/site-packages/airflow/example_dags/example_trigger_target_dag.py
[2023-09-01T15:10:33.714+0000] {processor.py:839} INFO - DAG(s) dict_keys(['example_trigger_target_dag']) retrieved from /home/airflow/.local/lib/python3.8/site-packages/airflow/example_dags/example_trigger_target_dag.py
[2023-09-01T15:10:33.743+0000] {logging_mixin.py:151} INFO - [2023-09-01T15:10:33.743+0000] {dag.py:2907} INFO - Sync 1 DAGs
[2023-09-01T15:10:33.762+0000] {logging_mixin.py:151} INFO - [2023-09-01T15:10:33.761+0000] {dag.py:3677} INFO - Setting next_dagrun for example_trigger_target_dag to None, run_after=None
[2023-09-01T15:10:33.787+0000] {processor.py:179} INFO - Processing /home/airflow/.local/lib/python3.8/site-packages/airflow/example_dags/example_trigger_target_dag.py took 0.094 seconds
[2023-09-01T15:11:04.047+0000] {processor.py:157} INFO - Started process (PID=2265) to work on /home/airflow/.local/lib/python3.8/site-packages/airflow/example_dags/example_trigger_target_dag.py
[2023-09-01T15:11:04.049+0000] {processor.py:829} INFO - Processing file /home/airflow/.local/lib/python3.8/site-packages/airflow/example_dags/example_trigger_target_dag.py for tasks to queue
[2023-09-01T15:11:04.052+0000] {logging_mixin.py:151} INFO - [2023-09-01T15:11:04.051+0000] {dagbag.py:539} INFO - Filling up the DagBag from /home/airflow/.local/lib/python3.8/site-packages/airflow/example_dags/example_trigger_target_dag.py
[2023-09-01T15:11:04.059+0000] {processor.py:839} INFO - DAG(s) dict_keys(['example_trigger_target_dag']) retrieved from /home/airflow/.local/lib/python3.8/site-packages/airflow/example_dags/example_trigger_target_dag.py
[2023-09-01T15:11:04.082+0000] {logging_mixin.py:151} INFO - [2023-09-01T15:11:04.081+0000] {dag.py:2907} INFO - Sync 1 DAGs
[2023-09-01T15:11:04.096+0000] {logging_mixin.py:151} INFO - [2023-09-01T15:11:04.095+0000] {dag.py:3677} INFO - Setting next_dagrun for example_trigger_target_dag to None, run_after=None
[2023-09-01T15:11:04.115+0000] {processor.py:179} INFO - Processing /home/airflow/.local/lib/python3.8/site-packages/airflow/example_dags/example_trigger_target_dag.py took 0.072 seconds
[2023-09-01T15:11:34.389+0000] {processor.py:157} INFO - Started process (PID=2319) to work on /home/airflow/.local/lib/python3.8/site-packages/airflow/example_dags/example_trigger_target_dag.py
[2023-09-01T15:11:34.390+0000] {processor.py:829} INFO - Processing file /home/airflow/.local/lib/python3.8/site-packages/airflow/example_dags/example_trigger_target_dag.py for tasks to queue
[2023-09-01T15:11:34.393+0000] {logging_mixin.py:151} INFO - [2023-09-01T15:11:34.393+0000] {dagbag.py:539} INFO - Filling up the DagBag from /home/airflow/.local/lib/python3.8/site-packages/airflow/example_dags/example_trigger_target_dag.py
[2023-09-01T15:11:34.400+0000] {processor.py:839} INFO - DAG(s) dict_keys(['example_trigger_target_dag']) retrieved from /home/airflow/.local/lib/python3.8/site-packages/airflow/example_dags/example_trigger_target_dag.py
[2023-09-01T15:11:34.423+0000] {logging_mixin.py:151} INFO - [2023-09-01T15:11:34.423+0000] {dag.py:2907} INFO - Sync 1 DAGs
[2023-09-01T15:11:34.437+0000] {logging_mixin.py:151} INFO - [2023-09-01T15:11:34.437+0000] {dag.py:3677} INFO - Setting next_dagrun for example_trigger_target_dag to None, run_after=None
[2023-09-01T15:11:34.456+0000] {processor.py:179} INFO - Processing /home/airflow/.local/lib/python3.8/site-packages/airflow/example_dags/example_trigger_target_dag.py took 0.071 seconds
[2023-09-01T15:12:05.379+0000] {processor.py:157} INFO - Started process (PID=2373) to work on /home/airflow/.local/lib/python3.8/site-packages/airflow/example_dags/example_trigger_target_dag.py
[2023-09-01T15:12:05.380+0000] {processor.py:829} INFO - Processing file /home/airflow/.local/lib/python3.8/site-packages/airflow/example_dags/example_trigger_target_dag.py for tasks to queue
[2023-09-01T15:12:05.383+0000] {logging_mixin.py:151} INFO - [2023-09-01T15:12:05.383+0000] {dagbag.py:539} INFO - Filling up the DagBag from /home/airflow/.local/lib/python3.8/site-packages/airflow/example_dags/example_trigger_target_dag.py
[2023-09-01T15:12:05.391+0000] {processor.py:839} INFO - DAG(s) dict_keys(['example_trigger_target_dag']) retrieved from /home/airflow/.local/lib/python3.8/site-packages/airflow/example_dags/example_trigger_target_dag.py
[2023-09-01T15:12:05.416+0000] {logging_mixin.py:151} INFO - [2023-09-01T15:12:05.415+0000] {dag.py:2907} INFO - Sync 1 DAGs
[2023-09-01T15:12:05.431+0000] {logging_mixin.py:151} INFO - [2023-09-01T15:12:05.431+0000] {dag.py:3677} INFO - Setting next_dagrun for example_trigger_target_dag to None, run_after=None
[2023-09-01T15:12:05.459+0000] {processor.py:179} INFO - Processing /home/airflow/.local/lib/python3.8/site-packages/airflow/example_dags/example_trigger_target_dag.py took 0.085 seconds
[2023-09-01T15:12:35.662+0000] {processor.py:157} INFO - Started process (PID=2427) to work on /home/airflow/.local/lib/python3.8/site-packages/airflow/example_dags/example_trigger_target_dag.py
[2023-09-01T15:12:35.664+0000] {processor.py:829} INFO - Processing file /home/airflow/.local/lib/python3.8/site-packages/airflow/example_dags/example_trigger_target_dag.py for tasks to queue
[2023-09-01T15:12:35.666+0000] {logging_mixin.py:151} INFO - [2023-09-01T15:12:35.666+0000] {dagbag.py:539} INFO - Filling up the DagBag from /home/airflow/.local/lib/python3.8/site-packages/airflow/example_dags/example_trigger_target_dag.py
[2023-09-01T15:12:35.674+0000] {processor.py:839} INFO - DAG(s) dict_keys(['example_trigger_target_dag']) retrieved from /home/airflow/.local/lib/python3.8/site-packages/airflow/example_dags/example_trigger_target_dag.py
[2023-09-01T15:12:35.696+0000] {logging_mixin.py:151} INFO - [2023-09-01T15:12:35.696+0000] {dag.py:2907} INFO - Sync 1 DAGs
[2023-09-01T15:12:35.711+0000] {logging_mixin.py:151} INFO - [2023-09-01T15:12:35.711+0000] {dag.py:3677} INFO - Setting next_dagrun for example_trigger_target_dag to None, run_after=None
[2023-09-01T15:12:35.730+0000] {processor.py:179} INFO - Processing /home/airflow/.local/lib/python3.8/site-packages/airflow/example_dags/example_trigger_target_dag.py took 0.072 seconds
[2023-09-01T15:13:06.019+0000] {processor.py:157} INFO - Started process (PID=2481) to work on /home/airflow/.local/lib/python3.8/site-packages/airflow/example_dags/example_trigger_target_dag.py
[2023-09-01T15:13:06.020+0000] {processor.py:829} INFO - Processing file /home/airflow/.local/lib/python3.8/site-packages/airflow/example_dags/example_trigger_target_dag.py for tasks to queue
[2023-09-01T15:13:06.022+0000] {logging_mixin.py:151} INFO - [2023-09-01T15:13:06.022+0000] {dagbag.py:539} INFO - Filling up the DagBag from /home/airflow/.local/lib/python3.8/site-packages/airflow/example_dags/example_trigger_target_dag.py
[2023-09-01T15:13:06.030+0000] {processor.py:839} INFO - DAG(s) dict_keys(['example_trigger_target_dag']) retrieved from /home/airflow/.local/lib/python3.8/site-packages/airflow/example_dags/example_trigger_target_dag.py
[2023-09-01T15:13:06.053+0000] {logging_mixin.py:151} INFO - [2023-09-01T15:13:06.052+0000] {dag.py:2907} INFO - Sync 1 DAGs
[2023-09-01T15:13:06.066+0000] {logging_mixin.py:151} INFO - [2023-09-01T15:13:06.066+0000] {dag.py:3677} INFO - Setting next_dagrun for example_trigger_target_dag to None, run_after=None
[2023-09-01T15:13:06.086+0000] {processor.py:179} INFO - Processing /home/airflow/.local/lib/python3.8/site-packages/airflow/example_dags/example_trigger_target_dag.py took 0.071 seconds
[2023-09-01T15:13:36.673+0000] {processor.py:157} INFO - Started process (PID=2535) to work on /home/airflow/.local/lib/python3.8/site-packages/airflow/example_dags/example_trigger_target_dag.py
[2023-09-01T15:13:36.676+0000] {processor.py:829} INFO - Processing file /home/airflow/.local/lib/python3.8/site-packages/airflow/example_dags/example_trigger_target_dag.py for tasks to queue
[2023-09-01T15:13:36.680+0000] {logging_mixin.py:151} INFO - [2023-09-01T15:13:36.679+0000] {dagbag.py:539} INFO - Filling up the DagBag from /home/airflow/.local/lib/python3.8/site-packages/airflow/example_dags/example_trigger_target_dag.py
[2023-09-01T15:13:36.689+0000] {processor.py:839} INFO - DAG(s) dict_keys(['example_trigger_target_dag']) retrieved from /home/airflow/.local/lib/python3.8/site-packages/airflow/example_dags/example_trigger_target_dag.py
[2023-09-01T15:13:36.719+0000] {logging_mixin.py:151} INFO - [2023-09-01T15:13:36.719+0000] {dag.py:2907} INFO - Sync 1 DAGs
[2023-09-01T15:13:36.738+0000] {logging_mixin.py:151} INFO - [2023-09-01T15:13:36.737+0000] {dag.py:3677} INFO - Setting next_dagrun for example_trigger_target_dag to None, run_after=None
[2023-09-01T15:13:36.764+0000] {processor.py:179} INFO - Processing /home/airflow/.local/lib/python3.8/site-packages/airflow/example_dags/example_trigger_target_dag.py took 0.096 seconds
[2023-09-01T15:14:06.947+0000] {processor.py:157} INFO - Started process (PID=2589) to work on /home/airflow/.local/lib/python3.8/site-packages/airflow/example_dags/example_trigger_target_dag.py
[2023-09-01T15:14:06.948+0000] {processor.py:829} INFO - Processing file /home/airflow/.local/lib/python3.8/site-packages/airflow/example_dags/example_trigger_target_dag.py for tasks to queue
[2023-09-01T15:14:06.951+0000] {logging_mixin.py:151} INFO - [2023-09-01T15:14:06.950+0000] {dagbag.py:539} INFO - Filling up the DagBag from /home/airflow/.local/lib/python3.8/site-packages/airflow/example_dags/example_trigger_target_dag.py
[2023-09-01T15:14:06.958+0000] {processor.py:839} INFO - DAG(s) dict_keys(['example_trigger_target_dag']) retrieved from /home/airflow/.local/lib/python3.8/site-packages/airflow/example_dags/example_trigger_target_dag.py
[2023-09-01T15:14:06.981+0000] {logging_mixin.py:151} INFO - [2023-09-01T15:14:06.981+0000] {dag.py:2907} INFO - Sync 1 DAGs
[2023-09-01T15:14:06.995+0000] {logging_mixin.py:151} INFO - [2023-09-01T15:14:06.995+0000] {dag.py:3677} INFO - Setting next_dagrun for example_trigger_target_dag to None, run_after=None
[2023-09-01T15:14:07.015+0000] {processor.py:179} INFO - Processing /home/airflow/.local/lib/python3.8/site-packages/airflow/example_dags/example_trigger_target_dag.py took 0.073 seconds
[2023-09-01T15:14:37.925+0000] {processor.py:157} INFO - Started process (PID=2643) to work on /home/airflow/.local/lib/python3.8/site-packages/airflow/example_dags/example_trigger_target_dag.py
[2023-09-01T15:14:37.926+0000] {processor.py:829} INFO - Processing file /home/airflow/.local/lib/python3.8/site-packages/airflow/example_dags/example_trigger_target_dag.py for tasks to queue
[2023-09-01T15:14:37.929+0000] {logging_mixin.py:151} INFO - [2023-09-01T15:14:37.929+0000] {dagbag.py:539} INFO - Filling up the DagBag from /home/airflow/.local/lib/python3.8/site-packages/airflow/example_dags/example_trigger_target_dag.py
[2023-09-01T15:14:37.936+0000] {processor.py:839} INFO - DAG(s) dict_keys(['example_trigger_target_dag']) retrieved from /home/airflow/.local/lib/python3.8/site-packages/airflow/example_dags/example_trigger_target_dag.py
[2023-09-01T15:14:37.959+0000] {logging_mixin.py:151} INFO - [2023-09-01T15:14:37.959+0000] {dag.py:2907} INFO - Sync 1 DAGs
[2023-09-01T15:14:37.973+0000] {logging_mixin.py:151} INFO - [2023-09-01T15:14:37.973+0000] {dag.py:3677} INFO - Setting next_dagrun for example_trigger_target_dag to None, run_after=None
[2023-09-01T15:14:37.992+0000] {processor.py:179} INFO - Processing /home/airflow/.local/lib/python3.8/site-packages/airflow/example_dags/example_trigger_target_dag.py took 0.072 seconds
[2023-09-01T15:15:08.915+0000] {processor.py:157} INFO - Started process (PID=2697) to work on /home/airflow/.local/lib/python3.8/site-packages/airflow/example_dags/example_trigger_target_dag.py
[2023-09-01T15:15:08.916+0000] {processor.py:829} INFO - Processing file /home/airflow/.local/lib/python3.8/site-packages/airflow/example_dags/example_trigger_target_dag.py for tasks to queue
[2023-09-01T15:15:08.919+0000] {logging_mixin.py:151} INFO - [2023-09-01T15:15:08.919+0000] {dagbag.py:539} INFO - Filling up the DagBag from /home/airflow/.local/lib/python3.8/site-packages/airflow/example_dags/example_trigger_target_dag.py
[2023-09-01T15:15:08.926+0000] {processor.py:839} INFO - DAG(s) dict_keys(['example_trigger_target_dag']) retrieved from /home/airflow/.local/lib/python3.8/site-packages/airflow/example_dags/example_trigger_target_dag.py
[2023-09-01T15:15:08.950+0000] {logging_mixin.py:151} INFO - [2023-09-01T15:15:08.950+0000] {dag.py:2907} INFO - Sync 1 DAGs
[2023-09-01T15:15:08.965+0000] {logging_mixin.py:151} INFO - [2023-09-01T15:15:08.965+0000] {dag.py:3677} INFO - Setting next_dagrun for example_trigger_target_dag to None, run_after=None
[2023-09-01T15:15:08.985+0000] {processor.py:179} INFO - Processing /home/airflow/.local/lib/python3.8/site-packages/airflow/example_dags/example_trigger_target_dag.py took 0.074 seconds
[2023-09-01T15:15:39.285+0000] {processor.py:157} INFO - Started process (PID=2751) to work on /home/airflow/.local/lib/python3.8/site-packages/airflow/example_dags/example_trigger_target_dag.py
[2023-09-01T15:15:39.286+0000] {processor.py:829} INFO - Processing file /home/airflow/.local/lib/python3.8/site-packages/airflow/example_dags/example_trigger_target_dag.py for tasks to queue
[2023-09-01T15:15:39.289+0000] {logging_mixin.py:151} INFO - [2023-09-01T15:15:39.289+0000] {dagbag.py:539} INFO - Filling up the DagBag from /home/airflow/.local/lib/python3.8/site-packages/airflow/example_dags/example_trigger_target_dag.py
[2023-09-01T15:15:39.296+0000] {processor.py:839} INFO - DAG(s) dict_keys(['example_trigger_target_dag']) retrieved from /home/airflow/.local/lib/python3.8/site-packages/airflow/example_dags/example_trigger_target_dag.py
[2023-09-01T15:15:39.319+0000] {logging_mixin.py:151} INFO - [2023-09-01T15:15:39.319+0000] {dag.py:2907} INFO - Sync 1 DAGs
[2023-09-01T15:15:39.334+0000] {logging_mixin.py:151} INFO - [2023-09-01T15:15:39.333+0000] {dag.py:3677} INFO - Setting next_dagrun for example_trigger_target_dag to None, run_after=None
[2023-09-01T15:15:39.353+0000] {processor.py:179} INFO - Processing /home/airflow/.local/lib/python3.8/site-packages/airflow/example_dags/example_trigger_target_dag.py took 0.072 seconds
[2023-09-01T15:16:10.369+0000] {processor.py:157} INFO - Started process (PID=2805) to work on /home/airflow/.local/lib/python3.8/site-packages/airflow/example_dags/example_trigger_target_dag.py
[2023-09-01T15:16:10.371+0000] {processor.py:829} INFO - Processing file /home/airflow/.local/lib/python3.8/site-packages/airflow/example_dags/example_trigger_target_dag.py for tasks to queue
[2023-09-01T15:16:10.373+0000] {logging_mixin.py:151} INFO - [2023-09-01T15:16:10.373+0000] {dagbag.py:539} INFO - Filling up the DagBag from /home/airflow/.local/lib/python3.8/site-packages/airflow/example_dags/example_trigger_target_dag.py
[2023-09-01T15:16:10.380+0000] {processor.py:839} INFO - DAG(s) dict_keys(['example_trigger_target_dag']) retrieved from /home/airflow/.local/lib/python3.8/site-packages/airflow/example_dags/example_trigger_target_dag.py
[2023-09-01T15:16:10.403+0000] {logging_mixin.py:151} INFO - [2023-09-01T15:16:10.403+0000] {dag.py:2907} INFO - Sync 1 DAGs
[2023-09-01T15:16:10.418+0000] {logging_mixin.py:151} INFO - [2023-09-01T15:16:10.417+0000] {dag.py:3677} INFO - Setting next_dagrun for example_trigger_target_dag to None, run_after=None
[2023-09-01T15:16:10.437+0000] {processor.py:179} INFO - Processing /home/airflow/.local/lib/python3.8/site-packages/airflow/example_dags/example_trigger_target_dag.py took 0.072 seconds
[2023-09-01T15:16:40.849+0000] {processor.py:157} INFO - Started process (PID=2860) to work on /home/airflow/.local/lib/python3.8/site-packages/airflow/example_dags/example_trigger_target_dag.py
[2023-09-01T15:16:40.850+0000] {processor.py:829} INFO - Processing file /home/airflow/.local/lib/python3.8/site-packages/airflow/example_dags/example_trigger_target_dag.py for tasks to queue
[2023-09-01T15:16:40.853+0000] {logging_mixin.py:151} INFO - [2023-09-01T15:16:40.852+0000] {dagbag.py:539} INFO - Filling up the DagBag from /home/airflow/.local/lib/python3.8/site-packages/airflow/example_dags/example_trigger_target_dag.py
[2023-09-01T15:16:40.860+0000] {processor.py:839} INFO - DAG(s) dict_keys(['example_trigger_target_dag']) retrieved from /home/airflow/.local/lib/python3.8/site-packages/airflow/example_dags/example_trigger_target_dag.py
[2023-09-01T15:16:40.884+0000] {logging_mixin.py:151} INFO - [2023-09-01T15:16:40.883+0000] {dag.py:2907} INFO - Sync 1 DAGs
[2023-09-01T15:16:40.898+0000] {logging_mixin.py:151} INFO - [2023-09-01T15:16:40.898+0000] {dag.py:3677} INFO - Setting next_dagrun for example_trigger_target_dag to None, run_after=None
[2023-09-01T15:16:40.918+0000] {processor.py:179} INFO - Processing /home/airflow/.local/lib/python3.8/site-packages/airflow/example_dags/example_trigger_target_dag.py took 0.074 seconds
[2023-09-01T15:17:11.409+0000] {processor.py:157} INFO - Started process (PID=2915) to work on /home/airflow/.local/lib/python3.8/site-packages/airflow/example_dags/example_trigger_target_dag.py
[2023-09-01T15:17:11.411+0000] {processor.py:829} INFO - Processing file /home/airflow/.local/lib/python3.8/site-packages/airflow/example_dags/example_trigger_target_dag.py for tasks to queue
[2023-09-01T15:17:11.415+0000] {logging_mixin.py:151} INFO - [2023-09-01T15:17:11.415+0000] {dagbag.py:539} INFO - Filling up the DagBag from /home/airflow/.local/lib/python3.8/site-packages/airflow/example_dags/example_trigger_target_dag.py
[2023-09-01T15:17:11.424+0000] {processor.py:839} INFO - DAG(s) dict_keys(['example_trigger_target_dag']) retrieved from /home/airflow/.local/lib/python3.8/site-packages/airflow/example_dags/example_trigger_target_dag.py
[2023-09-01T15:17:11.454+0000] {logging_mixin.py:151} INFO - [2023-09-01T15:17:11.454+0000] {dag.py:2907} INFO - Sync 1 DAGs
[2023-09-01T15:17:11.473+0000] {logging_mixin.py:151} INFO - [2023-09-01T15:17:11.473+0000] {dag.py:3677} INFO - Setting next_dagrun for example_trigger_target_dag to None, run_after=None
[2023-09-01T15:17:11.496+0000] {processor.py:179} INFO - Processing /home/airflow/.local/lib/python3.8/site-packages/airflow/example_dags/example_trigger_target_dag.py took 0.092 seconds
[2023-09-01T15:17:41.947+0000] {processor.py:157} INFO - Started process (PID=2969) to work on /home/airflow/.local/lib/python3.8/site-packages/airflow/example_dags/example_trigger_target_dag.py
[2023-09-01T15:17:41.949+0000] {processor.py:829} INFO - Processing file /home/airflow/.local/lib/python3.8/site-packages/airflow/example_dags/example_trigger_target_dag.py for tasks to queue
[2023-09-01T15:17:41.952+0000] {logging_mixin.py:151} INFO - [2023-09-01T15:17:41.951+0000] {dagbag.py:539} INFO - Filling up the DagBag from /home/airflow/.local/lib/python3.8/site-packages/airflow/example_dags/example_trigger_target_dag.py
[2023-09-01T15:17:41.959+0000] {processor.py:839} INFO - DAG(s) dict_keys(['example_trigger_target_dag']) retrieved from /home/airflow/.local/lib/python3.8/site-packages/airflow/example_dags/example_trigger_target_dag.py
[2023-09-01T15:17:41.982+0000] {logging_mixin.py:151} INFO - [2023-09-01T15:17:41.982+0000] {dag.py:2907} INFO - Sync 1 DAGs
[2023-09-01T15:17:41.996+0000] {logging_mixin.py:151} INFO - [2023-09-01T15:17:41.996+0000] {dag.py:3677} INFO - Setting next_dagrun for example_trigger_target_dag to None, run_after=None
[2023-09-01T15:17:42.015+0000] {processor.py:179} INFO - Processing /home/airflow/.local/lib/python3.8/site-packages/airflow/example_dags/example_trigger_target_dag.py took 0.072 seconds
[2023-09-01T15:18:12.922+0000] {processor.py:157} INFO - Started process (PID=3023) to work on /home/airflow/.local/lib/python3.8/site-packages/airflow/example_dags/example_trigger_target_dag.py
[2023-09-01T15:18:12.923+0000] {processor.py:829} INFO - Processing file /home/airflow/.local/lib/python3.8/site-packages/airflow/example_dags/example_trigger_target_dag.py for tasks to queue
[2023-09-01T15:18:12.926+0000] {logging_mixin.py:151} INFO - [2023-09-01T15:18:12.926+0000] {dagbag.py:539} INFO - Filling up the DagBag from /home/airflow/.local/lib/python3.8/site-packages/airflow/example_dags/example_trigger_target_dag.py
[2023-09-01T15:18:12.933+0000] {processor.py:839} INFO - DAG(s) dict_keys(['example_trigger_target_dag']) retrieved from /home/airflow/.local/lib/python3.8/site-packages/airflow/example_dags/example_trigger_target_dag.py
[2023-09-01T15:18:12.956+0000] {logging_mixin.py:151} INFO - [2023-09-01T15:18:12.956+0000] {dag.py:2907} INFO - Sync 1 DAGs
[2023-09-01T15:18:12.971+0000] {logging_mixin.py:151} INFO - [2023-09-01T15:18:12.971+0000] {dag.py:3677} INFO - Setting next_dagrun for example_trigger_target_dag to None, run_after=None
[2023-09-01T15:18:12.990+0000] {processor.py:179} INFO - Processing /home/airflow/.local/lib/python3.8/site-packages/airflow/example_dags/example_trigger_target_dag.py took 0.072 seconds
[2023-09-01T15:18:43.534+0000] {processor.py:157} INFO - Started process (PID=3077) to work on /home/airflow/.local/lib/python3.8/site-packages/airflow/example_dags/example_trigger_target_dag.py
[2023-09-01T15:18:43.535+0000] {processor.py:829} INFO - Processing file /home/airflow/.local/lib/python3.8/site-packages/airflow/example_dags/example_trigger_target_dag.py for tasks to queue
[2023-09-01T15:18:43.539+0000] {logging_mixin.py:151} INFO - [2023-09-01T15:18:43.538+0000] {dagbag.py:539} INFO - Filling up the DagBag from /home/airflow/.local/lib/python3.8/site-packages/airflow/example_dags/example_trigger_target_dag.py
[2023-09-01T15:18:43.552+0000] {processor.py:839} INFO - DAG(s) dict_keys(['example_trigger_target_dag']) retrieved from /home/airflow/.local/lib/python3.8/site-packages/airflow/example_dags/example_trigger_target_dag.py
[2023-09-01T15:18:43.586+0000] {logging_mixin.py:151} INFO - [2023-09-01T15:18:43.586+0000] {dag.py:2907} INFO - Sync 1 DAGs
[2023-09-01T15:18:43.617+0000] {logging_mixin.py:151} INFO - [2023-09-01T15:18:43.616+0000] {dag.py:3677} INFO - Setting next_dagrun for example_trigger_target_dag to None, run_after=None
[2023-09-01T15:18:43.657+0000] {processor.py:179} INFO - Processing /home/airflow/.local/lib/python3.8/site-packages/airflow/example_dags/example_trigger_target_dag.py took 0.128 seconds
[2023-09-01T15:19:14.142+0000] {processor.py:157} INFO - Started process (PID=3131) to work on /home/airflow/.local/lib/python3.8/site-packages/airflow/example_dags/example_trigger_target_dag.py
[2023-09-01T15:19:14.143+0000] {processor.py:829} INFO - Processing file /home/airflow/.local/lib/python3.8/site-packages/airflow/example_dags/example_trigger_target_dag.py for tasks to queue
[2023-09-01T15:19:14.146+0000] {logging_mixin.py:151} INFO - [2023-09-01T15:19:14.145+0000] {dagbag.py:539} INFO - Filling up the DagBag from /home/airflow/.local/lib/python3.8/site-packages/airflow/example_dags/example_trigger_target_dag.py
[2023-09-01T15:19:14.153+0000] {processor.py:839} INFO - DAG(s) dict_keys(['example_trigger_target_dag']) retrieved from /home/airflow/.local/lib/python3.8/site-packages/airflow/example_dags/example_trigger_target_dag.py
[2023-09-01T15:19:14.176+0000] {logging_mixin.py:151} INFO - [2023-09-01T15:19:14.175+0000] {dag.py:2907} INFO - Sync 1 DAGs
[2023-09-01T15:19:14.191+0000] {logging_mixin.py:151} INFO - [2023-09-01T15:19:14.190+0000] {dag.py:3677} INFO - Setting next_dagrun for example_trigger_target_dag to None, run_after=None
[2023-09-01T15:19:14.211+0000] {processor.py:179} INFO - Processing /home/airflow/.local/lib/python3.8/site-packages/airflow/example_dags/example_trigger_target_dag.py took 0.073 seconds
[2023-09-01T15:19:44.791+0000] {processor.py:157} INFO - Started process (PID=3185) to work on /home/airflow/.local/lib/python3.8/site-packages/airflow/example_dags/example_trigger_target_dag.py
[2023-09-01T15:19:44.792+0000] {processor.py:829} INFO - Processing file /home/airflow/.local/lib/python3.8/site-packages/airflow/example_dags/example_trigger_target_dag.py for tasks to queue
[2023-09-01T15:19:44.795+0000] {logging_mixin.py:151} INFO - [2023-09-01T15:19:44.795+0000] {dagbag.py:539} INFO - Filling up the DagBag from /home/airflow/.local/lib/python3.8/site-packages/airflow/example_dags/example_trigger_target_dag.py
[2023-09-01T15:19:44.802+0000] {processor.py:839} INFO - DAG(s) dict_keys(['example_trigger_target_dag']) retrieved from /home/airflow/.local/lib/python3.8/site-packages/airflow/example_dags/example_trigger_target_dag.py
[2023-09-01T15:19:44.825+0000] {logging_mixin.py:151} INFO - [2023-09-01T15:19:44.825+0000] {dag.py:2907} INFO - Sync 1 DAGs
[2023-09-01T15:19:44.839+0000] {logging_mixin.py:151} INFO - [2023-09-01T15:19:44.839+0000] {dag.py:3677} INFO - Setting next_dagrun for example_trigger_target_dag to None, run_after=None
[2023-09-01T15:19:44.859+0000] {processor.py:179} INFO - Processing /home/airflow/.local/lib/python3.8/site-packages/airflow/example_dags/example_trigger_target_dag.py took 0.072 seconds
[2023-09-01T15:20:15.255+0000] {processor.py:157} INFO - Started process (PID=3239) to work on /home/airflow/.local/lib/python3.8/site-packages/airflow/example_dags/example_trigger_target_dag.py
[2023-09-01T15:20:15.257+0000] {processor.py:829} INFO - Processing file /home/airflow/.local/lib/python3.8/site-packages/airflow/example_dags/example_trigger_target_dag.py for tasks to queue
[2023-09-01T15:20:15.260+0000] {logging_mixin.py:151} INFO - [2023-09-01T15:20:15.259+0000] {dagbag.py:539} INFO - Filling up the DagBag from /home/airflow/.local/lib/python3.8/site-packages/airflow/example_dags/example_trigger_target_dag.py
[2023-09-01T15:20:15.268+0000] {processor.py:839} INFO - DAG(s) dict_keys(['example_trigger_target_dag']) retrieved from /home/airflow/.local/lib/python3.8/site-packages/airflow/example_dags/example_trigger_target_dag.py
[2023-09-01T15:20:15.294+0000] {logging_mixin.py:151} INFO - [2023-09-01T15:20:15.294+0000] {dag.py:2907} INFO - Sync 1 DAGs
[2023-09-01T15:20:15.310+0000] {logging_mixin.py:151} INFO - [2023-09-01T15:20:15.310+0000] {dag.py:3677} INFO - Setting next_dagrun for example_trigger_target_dag to None, run_after=None
[2023-09-01T15:20:15.333+0000] {processor.py:179} INFO - Processing /home/airflow/.local/lib/python3.8/site-packages/airflow/example_dags/example_trigger_target_dag.py took 0.082 seconds
[2023-09-01T15:20:45.753+0000] {processor.py:157} INFO - Started process (PID=3293) to work on /home/airflow/.local/lib/python3.8/site-packages/airflow/example_dags/example_trigger_target_dag.py
[2023-09-01T15:20:45.754+0000] {processor.py:829} INFO - Processing file /home/airflow/.local/lib/python3.8/site-packages/airflow/example_dags/example_trigger_target_dag.py for tasks to queue
[2023-09-01T15:20:45.757+0000] {logging_mixin.py:151} INFO - [2023-09-01T15:20:45.757+0000] {dagbag.py:539} INFO - Filling up the DagBag from /home/airflow/.local/lib/python3.8/site-packages/airflow/example_dags/example_trigger_target_dag.py
[2023-09-01T15:20:45.765+0000] {processor.py:839} INFO - DAG(s) dict_keys(['example_trigger_target_dag']) retrieved from /home/airflow/.local/lib/python3.8/site-packages/airflow/example_dags/example_trigger_target_dag.py
[2023-09-01T15:20:45.788+0000] {logging_mixin.py:151} INFO - [2023-09-01T15:20:45.788+0000] {dag.py:2907} INFO - Sync 1 DAGs
[2023-09-01T15:20:45.802+0000] {logging_mixin.py:151} INFO - [2023-09-01T15:20:45.802+0000] {dag.py:3677} INFO - Setting next_dagrun for example_trigger_target_dag to None, run_after=None
[2023-09-01T15:20:45.820+0000] {processor.py:179} INFO - Processing /home/airflow/.local/lib/python3.8/site-packages/airflow/example_dags/example_trigger_target_dag.py took 0.071 seconds
[2023-09-01T15:21:16.457+0000] {processor.py:157} INFO - Started process (PID=3347) to work on /home/airflow/.local/lib/python3.8/site-packages/airflow/example_dags/example_trigger_target_dag.py
[2023-09-01T15:21:16.459+0000] {processor.py:829} INFO - Processing file /home/airflow/.local/lib/python3.8/site-packages/airflow/example_dags/example_trigger_target_dag.py for tasks to queue
[2023-09-01T15:21:16.461+0000] {logging_mixin.py:151} INFO - [2023-09-01T15:21:16.461+0000] {dagbag.py:539} INFO - Filling up the DagBag from /home/airflow/.local/lib/python3.8/site-packages/airflow/example_dags/example_trigger_target_dag.py
[2023-09-01T15:21:16.468+0000] {processor.py:839} INFO - DAG(s) dict_keys(['example_trigger_target_dag']) retrieved from /home/airflow/.local/lib/python3.8/site-packages/airflow/example_dags/example_trigger_target_dag.py
[2023-09-01T15:21:16.492+0000] {logging_mixin.py:151} INFO - [2023-09-01T15:21:16.492+0000] {dag.py:2907} INFO - Sync 1 DAGs
[2023-09-01T15:21:16.506+0000] {logging_mixin.py:151} INFO - [2023-09-01T15:21:16.506+0000] {dag.py:3677} INFO - Setting next_dagrun for example_trigger_target_dag to None, run_after=None
[2023-09-01T15:21:16.526+0000] {processor.py:179} INFO - Processing /home/airflow/.local/lib/python3.8/site-packages/airflow/example_dags/example_trigger_target_dag.py took 0.073 seconds
[2023-09-01T15:21:47.196+0000] {processor.py:157} INFO - Started process (PID=3401) to work on /home/airflow/.local/lib/python3.8/site-packages/airflow/example_dags/example_trigger_target_dag.py
[2023-09-01T15:21:47.197+0000] {processor.py:829} INFO - Processing file /home/airflow/.local/lib/python3.8/site-packages/airflow/example_dags/example_trigger_target_dag.py for tasks to queue
[2023-09-01T15:21:47.201+0000] {logging_mixin.py:151} INFO - [2023-09-01T15:21:47.201+0000] {dagbag.py:539} INFO - Filling up the DagBag from /home/airflow/.local/lib/python3.8/site-packages/airflow/example_dags/example_trigger_target_dag.py
[2023-09-01T15:21:47.211+0000] {processor.py:839} INFO - DAG(s) dict_keys(['example_trigger_target_dag']) retrieved from /home/airflow/.local/lib/python3.8/site-packages/airflow/example_dags/example_trigger_target_dag.py
[2023-09-01T15:21:47.240+0000] {logging_mixin.py:151} INFO - [2023-09-01T15:21:47.240+0000] {dag.py:2907} INFO - Sync 1 DAGs
[2023-09-01T15:21:47.259+0000] {logging_mixin.py:151} INFO - [2023-09-01T15:21:47.259+0000] {dag.py:3677} INFO - Setting next_dagrun for example_trigger_target_dag to None, run_after=None
[2023-09-01T15:21:47.291+0000] {processor.py:179} INFO - Processing /home/airflow/.local/lib/python3.8/site-packages/airflow/example_dags/example_trigger_target_dag.py took 0.100 seconds
