[2023-09-01T14:50:15.627+0000] {processor.py:157} INFO - Started process (PID=49) to work on /home/airflow/.local/lib/python3.8/site-packages/airflow/example_dags/example_setup_teardown_taskflow.py
[2023-09-01T14:50:15.630+0000] {processor.py:829} INFO - Processing file /home/airflow/.local/lib/python3.8/site-packages/airflow/example_dags/example_setup_teardown_taskflow.py for tasks to queue
[2023-09-01T14:50:15.638+0000] {logging_mixin.py:151} INFO - [2023-09-01T14:50:15.637+0000] {dagbag.py:539} INFO - Filling up the DagBag from /home/airflow/.local/lib/python3.8/site-packages/airflow/example_dags/example_setup_teardown_taskflow.py
[2023-09-01T14:50:15.667+0000] {processor.py:839} INFO - DAG(s) dict_keys(['example_setup_teardown_taskflow']) retrieved from /home/airflow/.local/lib/python3.8/site-packages/airflow/example_dags/example_setup_teardown_taskflow.py
[2023-09-01T14:50:16.220+0000] {logging_mixin.py:151} INFO - [2023-09-01T14:50:16.219+0000] {manager.py:501} INFO - Created Permission View: can read on DAG:example_setup_teardown_taskflow
[2023-09-01T14:50:16.243+0000] {logging_mixin.py:151} INFO - [2023-09-01T14:50:16.242+0000] {manager.py:501} INFO - Created Permission View: can edit on DAG:example_setup_teardown_taskflow
[2023-09-01T14:50:16.261+0000] {logging_mixin.py:151} INFO - [2023-09-01T14:50:16.260+0000] {manager.py:501} INFO - Created Permission View: can delete on DAG:example_setup_teardown_taskflow
[2023-09-01T14:50:16.313+0000] {logging_mixin.py:151} INFO - [2023-09-01T14:50:16.313+0000] {dag.py:2907} INFO - Sync 1 DAGs
[2023-09-01T14:50:16.349+0000] {logging_mixin.py:151} INFO - [2023-09-01T14:50:16.349+0000] {dag.py:2929} INFO - Creating ORM DAG for example_setup_teardown_taskflow
[2023-09-01T14:50:16.384+0000] {logging_mixin.py:151} INFO - [2023-09-01T14:50:16.384+0000] {dag.py:3677} INFO - Setting next_dagrun for example_setup_teardown_taskflow to 2023-08-31T14:50:16.383654+00:00, run_after=2023-09-01T14:50:16.383654+00:00
[2023-09-01T14:50:16.444+0000] {processor.py:179} INFO - Processing /home/airflow/.local/lib/python3.8/site-packages/airflow/example_dags/example_setup_teardown_taskflow.py took 0.827 seconds
[2023-09-01T14:50:46.828+0000] {processor.py:157} INFO - Started process (PID=102) to work on /home/airflow/.local/lib/python3.8/site-packages/airflow/example_dags/example_setup_teardown_taskflow.py
[2023-09-01T14:50:46.830+0000] {processor.py:829} INFO - Processing file /home/airflow/.local/lib/python3.8/site-packages/airflow/example_dags/example_setup_teardown_taskflow.py for tasks to queue
[2023-09-01T14:50:46.833+0000] {logging_mixin.py:151} INFO - [2023-09-01T14:50:46.832+0000] {dagbag.py:539} INFO - Filling up the DagBag from /home/airflow/.local/lib/python3.8/site-packages/airflow/example_dags/example_setup_teardown_taskflow.py
[2023-09-01T14:50:46.845+0000] {processor.py:839} INFO - DAG(s) dict_keys(['example_setup_teardown_taskflow']) retrieved from /home/airflow/.local/lib/python3.8/site-packages/airflow/example_dags/example_setup_teardown_taskflow.py
[2023-09-01T14:50:46.873+0000] {logging_mixin.py:151} INFO - [2023-09-01T14:50:46.873+0000] {dag.py:2907} INFO - Sync 1 DAGs
[2023-09-01T14:50:46.903+0000] {logging_mixin.py:151} INFO - [2023-09-01T14:50:46.903+0000] {dag.py:3677} INFO - Setting next_dagrun for example_setup_teardown_taskflow to 2023-08-31T14:50:46.902856+00:00, run_after=2023-09-01T14:50:46.902856+00:00
[2023-09-01T14:50:46.928+0000] {processor.py:179} INFO - Processing /home/airflow/.local/lib/python3.8/site-packages/airflow/example_dags/example_setup_teardown_taskflow.py took 0.105 seconds
[2023-09-01T14:51:16.978+0000] {processor.py:157} INFO - Started process (PID=156) to work on /home/airflow/.local/lib/python3.8/site-packages/airflow/example_dags/example_setup_teardown_taskflow.py
[2023-09-01T14:51:16.980+0000] {processor.py:829} INFO - Processing file /home/airflow/.local/lib/python3.8/site-packages/airflow/example_dags/example_setup_teardown_taskflow.py for tasks to queue
[2023-09-01T14:51:16.983+0000] {logging_mixin.py:151} INFO - [2023-09-01T14:51:16.983+0000] {dagbag.py:539} INFO - Filling up the DagBag from /home/airflow/.local/lib/python3.8/site-packages/airflow/example_dags/example_setup_teardown_taskflow.py
[2023-09-01T14:51:16.998+0000] {processor.py:839} INFO - DAG(s) dict_keys(['example_setup_teardown_taskflow']) retrieved from /home/airflow/.local/lib/python3.8/site-packages/airflow/example_dags/example_setup_teardown_taskflow.py
[2023-09-01T14:51:17.029+0000] {logging_mixin.py:151} INFO - [2023-09-01T14:51:17.029+0000] {dag.py:2907} INFO - Sync 1 DAGs
[2023-09-01T14:51:17.061+0000] {logging_mixin.py:151} INFO - [2023-09-01T14:51:17.061+0000] {dag.py:3677} INFO - Setting next_dagrun for example_setup_teardown_taskflow to 2023-08-31T14:51:17.060766+00:00, run_after=2023-09-01T14:51:17.060766+00:00
[2023-09-01T14:51:17.087+0000] {processor.py:179} INFO - Processing /home/airflow/.local/lib/python3.8/site-packages/airflow/example_dags/example_setup_teardown_taskflow.py took 0.114 seconds
[2023-09-01T14:51:47.403+0000] {processor.py:157} INFO - Started process (PID=210) to work on /home/airflow/.local/lib/python3.8/site-packages/airflow/example_dags/example_setup_teardown_taskflow.py
[2023-09-01T14:51:47.404+0000] {processor.py:829} INFO - Processing file /home/airflow/.local/lib/python3.8/site-packages/airflow/example_dags/example_setup_teardown_taskflow.py for tasks to queue
[2023-09-01T14:51:47.407+0000] {logging_mixin.py:151} INFO - [2023-09-01T14:51:47.407+0000] {dagbag.py:539} INFO - Filling up the DagBag from /home/airflow/.local/lib/python3.8/site-packages/airflow/example_dags/example_setup_teardown_taskflow.py
[2023-09-01T14:51:47.418+0000] {processor.py:839} INFO - DAG(s) dict_keys(['example_setup_teardown_taskflow']) retrieved from /home/airflow/.local/lib/python3.8/site-packages/airflow/example_dags/example_setup_teardown_taskflow.py
[2023-09-01T14:51:47.441+0000] {logging_mixin.py:151} INFO - [2023-09-01T14:51:47.441+0000] {dag.py:2907} INFO - Sync 1 DAGs
[2023-09-01T14:51:47.466+0000] {logging_mixin.py:151} INFO - [2023-09-01T14:51:47.465+0000] {dag.py:3677} INFO - Setting next_dagrun for example_setup_teardown_taskflow to 2023-08-31T14:51:47.465548+00:00, run_after=2023-09-01T14:51:47.465548+00:00
[2023-09-01T14:51:47.485+0000] {processor.py:179} INFO - Processing /home/airflow/.local/lib/python3.8/site-packages/airflow/example_dags/example_setup_teardown_taskflow.py took 0.086 seconds
[2023-09-01T14:52:17.621+0000] {processor.py:157} INFO - Started process (PID=264) to work on /home/airflow/.local/lib/python3.8/site-packages/airflow/example_dags/example_setup_teardown_taskflow.py
[2023-09-01T14:52:17.622+0000] {processor.py:829} INFO - Processing file /home/airflow/.local/lib/python3.8/site-packages/airflow/example_dags/example_setup_teardown_taskflow.py for tasks to queue
[2023-09-01T14:52:17.625+0000] {logging_mixin.py:151} INFO - [2023-09-01T14:52:17.624+0000] {dagbag.py:539} INFO - Filling up the DagBag from /home/airflow/.local/lib/python3.8/site-packages/airflow/example_dags/example_setup_teardown_taskflow.py
[2023-09-01T14:52:17.636+0000] {processor.py:839} INFO - DAG(s) dict_keys(['example_setup_teardown_taskflow']) retrieved from /home/airflow/.local/lib/python3.8/site-packages/airflow/example_dags/example_setup_teardown_taskflow.py
[2023-09-01T14:52:17.659+0000] {logging_mixin.py:151} INFO - [2023-09-01T14:52:17.658+0000] {dag.py:2907} INFO - Sync 1 DAGs
[2023-09-01T14:52:17.683+0000] {logging_mixin.py:151} INFO - [2023-09-01T14:52:17.682+0000] {dag.py:3677} INFO - Setting next_dagrun for example_setup_teardown_taskflow to 2023-08-31T14:52:17.682559+00:00, run_after=2023-09-01T14:52:17.682559+00:00
[2023-09-01T14:52:17.701+0000] {processor.py:179} INFO - Processing /home/airflow/.local/lib/python3.8/site-packages/airflow/example_dags/example_setup_teardown_taskflow.py took 0.084 seconds
[2023-09-01T14:52:47.826+0000] {processor.py:157} INFO - Started process (PID=318) to work on /home/airflow/.local/lib/python3.8/site-packages/airflow/example_dags/example_setup_teardown_taskflow.py
[2023-09-01T14:52:47.830+0000] {processor.py:829} INFO - Processing file /home/airflow/.local/lib/python3.8/site-packages/airflow/example_dags/example_setup_teardown_taskflow.py for tasks to queue
[2023-09-01T14:52:47.837+0000] {logging_mixin.py:151} INFO - [2023-09-01T14:52:47.836+0000] {dagbag.py:539} INFO - Filling up the DagBag from /home/airflow/.local/lib/python3.8/site-packages/airflow/example_dags/example_setup_teardown_taskflow.py
[2023-09-01T14:52:47.862+0000] {processor.py:839} INFO - DAG(s) dict_keys(['example_setup_teardown_taskflow']) retrieved from /home/airflow/.local/lib/python3.8/site-packages/airflow/example_dags/example_setup_teardown_taskflow.py
[2023-09-01T14:52:47.898+0000] {logging_mixin.py:151} INFO - [2023-09-01T14:52:47.898+0000] {dag.py:2907} INFO - Sync 1 DAGs
[2023-09-01T14:52:47.931+0000] {logging_mixin.py:151} INFO - [2023-09-01T14:52:47.931+0000] {dag.py:3677} INFO - Setting next_dagrun for example_setup_teardown_taskflow to 2023-08-31T14:52:47.931057+00:00, run_after=2023-09-01T14:52:47.931057+00:00
[2023-09-01T14:52:47.954+0000] {processor.py:179} INFO - Processing /home/airflow/.local/lib/python3.8/site-packages/airflow/example_dags/example_setup_teardown_taskflow.py took 0.137 seconds
[2023-09-01T14:53:18.103+0000] {processor.py:157} INFO - Started process (PID=372) to work on /home/airflow/.local/lib/python3.8/site-packages/airflow/example_dags/example_setup_teardown_taskflow.py
[2023-09-01T14:53:18.104+0000] {processor.py:829} INFO - Processing file /home/airflow/.local/lib/python3.8/site-packages/airflow/example_dags/example_setup_teardown_taskflow.py for tasks to queue
[2023-09-01T14:53:18.107+0000] {logging_mixin.py:151} INFO - [2023-09-01T14:53:18.106+0000] {dagbag.py:539} INFO - Filling up the DagBag from /home/airflow/.local/lib/python3.8/site-packages/airflow/example_dags/example_setup_teardown_taskflow.py
[2023-09-01T14:53:18.118+0000] {processor.py:839} INFO - DAG(s) dict_keys(['example_setup_teardown_taskflow']) retrieved from /home/airflow/.local/lib/python3.8/site-packages/airflow/example_dags/example_setup_teardown_taskflow.py
[2023-09-01T14:53:18.143+0000] {logging_mixin.py:151} INFO - [2023-09-01T14:53:18.143+0000] {dag.py:2907} INFO - Sync 1 DAGs
[2023-09-01T14:53:18.167+0000] {logging_mixin.py:151} INFO - [2023-09-01T14:53:18.167+0000] {dag.py:3677} INFO - Setting next_dagrun for example_setup_teardown_taskflow to 2023-08-31T14:53:18.166782+00:00, run_after=2023-09-01T14:53:18.166782+00:00
[2023-09-01T14:53:18.187+0000] {processor.py:179} INFO - Processing /home/airflow/.local/lib/python3.8/site-packages/airflow/example_dags/example_setup_teardown_taskflow.py took 0.089 seconds
[2023-09-01T14:53:48.221+0000] {processor.py:157} INFO - Started process (PID=427) to work on /home/airflow/.local/lib/python3.8/site-packages/airflow/example_dags/example_setup_teardown_taskflow.py
[2023-09-01T14:53:48.222+0000] {processor.py:829} INFO - Processing file /home/airflow/.local/lib/python3.8/site-packages/airflow/example_dags/example_setup_teardown_taskflow.py for tasks to queue
[2023-09-01T14:53:48.224+0000] {logging_mixin.py:151} INFO - [2023-09-01T14:53:48.224+0000] {dagbag.py:539} INFO - Filling up the DagBag from /home/airflow/.local/lib/python3.8/site-packages/airflow/example_dags/example_setup_teardown_taskflow.py
[2023-09-01T14:53:48.236+0000] {processor.py:839} INFO - DAG(s) dict_keys(['example_setup_teardown_taskflow']) retrieved from /home/airflow/.local/lib/python3.8/site-packages/airflow/example_dags/example_setup_teardown_taskflow.py
[2023-09-01T14:53:48.259+0000] {logging_mixin.py:151} INFO - [2023-09-01T14:53:48.259+0000] {dag.py:2907} INFO - Sync 1 DAGs
[2023-09-01T14:53:48.283+0000] {logging_mixin.py:151} INFO - [2023-09-01T14:53:48.283+0000] {dag.py:3677} INFO - Setting next_dagrun for example_setup_teardown_taskflow to 2023-08-31T14:53:48.282844+00:00, run_after=2023-09-01T14:53:48.282844+00:00
[2023-09-01T14:53:48.303+0000] {processor.py:179} INFO - Processing /home/airflow/.local/lib/python3.8/site-packages/airflow/example_dags/example_setup_teardown_taskflow.py took 0.086 seconds
[2023-09-01T14:54:18.346+0000] {processor.py:157} INFO - Started process (PID=481) to work on /home/airflow/.local/lib/python3.8/site-packages/airflow/example_dags/example_setup_teardown_taskflow.py
[2023-09-01T14:54:18.347+0000] {processor.py:829} INFO - Processing file /home/airflow/.local/lib/python3.8/site-packages/airflow/example_dags/example_setup_teardown_taskflow.py for tasks to queue
[2023-09-01T14:54:18.350+0000] {logging_mixin.py:151} INFO - [2023-09-01T14:54:18.349+0000] {dagbag.py:539} INFO - Filling up the DagBag from /home/airflow/.local/lib/python3.8/site-packages/airflow/example_dags/example_setup_teardown_taskflow.py
[2023-09-01T14:54:18.361+0000] {processor.py:839} INFO - DAG(s) dict_keys(['example_setup_teardown_taskflow']) retrieved from /home/airflow/.local/lib/python3.8/site-packages/airflow/example_dags/example_setup_teardown_taskflow.py
[2023-09-01T14:54:18.385+0000] {logging_mixin.py:151} INFO - [2023-09-01T14:54:18.384+0000] {dag.py:2907} INFO - Sync 1 DAGs
[2023-09-01T14:54:18.408+0000] {logging_mixin.py:151} INFO - [2023-09-01T14:54:18.408+0000] {dag.py:3677} INFO - Setting next_dagrun for example_setup_teardown_taskflow to 2023-08-31T14:54:18.407923+00:00, run_after=2023-09-01T14:54:18.407923+00:00
[2023-09-01T14:54:18.427+0000] {processor.py:179} INFO - Processing /home/airflow/.local/lib/python3.8/site-packages/airflow/example_dags/example_setup_teardown_taskflow.py took 0.086 seconds
[2023-09-01T14:54:48.695+0000] {processor.py:157} INFO - Started process (PID=535) to work on /home/airflow/.local/lib/python3.8/site-packages/airflow/example_dags/example_setup_teardown_taskflow.py
[2023-09-01T14:54:48.696+0000] {processor.py:829} INFO - Processing file /home/airflow/.local/lib/python3.8/site-packages/airflow/example_dags/example_setup_teardown_taskflow.py for tasks to queue
[2023-09-01T14:54:48.699+0000] {logging_mixin.py:151} INFO - [2023-09-01T14:54:48.698+0000] {dagbag.py:539} INFO - Filling up the DagBag from /home/airflow/.local/lib/python3.8/site-packages/airflow/example_dags/example_setup_teardown_taskflow.py
[2023-09-01T14:54:48.709+0000] {processor.py:839} INFO - DAG(s) dict_keys(['example_setup_teardown_taskflow']) retrieved from /home/airflow/.local/lib/python3.8/site-packages/airflow/example_dags/example_setup_teardown_taskflow.py
[2023-09-01T14:54:48.733+0000] {logging_mixin.py:151} INFO - [2023-09-01T14:54:48.732+0000] {dag.py:2907} INFO - Sync 1 DAGs
[2023-09-01T14:54:48.756+0000] {logging_mixin.py:151} INFO - [2023-09-01T14:54:48.756+0000] {dag.py:3677} INFO - Setting next_dagrun for example_setup_teardown_taskflow to 2023-08-31T14:54:48.755823+00:00, run_after=2023-09-01T14:54:48.755823+00:00
[2023-09-01T14:54:48.775+0000] {processor.py:179} INFO - Processing /home/airflow/.local/lib/python3.8/site-packages/airflow/example_dags/example_setup_teardown_taskflow.py took 0.084 seconds
[2023-09-01T14:55:19.651+0000] {processor.py:157} INFO - Started process (PID=589) to work on /home/airflow/.local/lib/python3.8/site-packages/airflow/example_dags/example_setup_teardown_taskflow.py
[2023-09-01T14:55:19.652+0000] {processor.py:829} INFO - Processing file /home/airflow/.local/lib/python3.8/site-packages/airflow/example_dags/example_setup_teardown_taskflow.py for tasks to queue
[2023-09-01T14:55:19.655+0000] {logging_mixin.py:151} INFO - [2023-09-01T14:55:19.655+0000] {dagbag.py:539} INFO - Filling up the DagBag from /home/airflow/.local/lib/python3.8/site-packages/airflow/example_dags/example_setup_teardown_taskflow.py
[2023-09-01T14:55:19.666+0000] {processor.py:839} INFO - DAG(s) dict_keys(['example_setup_teardown_taskflow']) retrieved from /home/airflow/.local/lib/python3.8/site-packages/airflow/example_dags/example_setup_teardown_taskflow.py
[2023-09-01T14:55:19.689+0000] {logging_mixin.py:151} INFO - [2023-09-01T14:55:19.688+0000] {dag.py:2907} INFO - Sync 1 DAGs
[2023-09-01T14:55:19.709+0000] {logging_mixin.py:151} INFO - [2023-09-01T14:55:19.708+0000] {dag.py:3677} INFO - Setting next_dagrun for example_setup_teardown_taskflow to 2023-08-31T14:55:19.708589+00:00, run_after=2023-09-01T14:55:19.708589+00:00
[2023-09-01T14:55:19.731+0000] {processor.py:179} INFO - Processing /home/airflow/.local/lib/python3.8/site-packages/airflow/example_dags/example_setup_teardown_taskflow.py took 0.084 seconds
[2023-09-01T14:55:50.276+0000] {processor.py:157} INFO - Started process (PID=643) to work on /home/airflow/.local/lib/python3.8/site-packages/airflow/example_dags/example_setup_teardown_taskflow.py
[2023-09-01T14:55:50.277+0000] {processor.py:829} INFO - Processing file /home/airflow/.local/lib/python3.8/site-packages/airflow/example_dags/example_setup_teardown_taskflow.py for tasks to queue
[2023-09-01T14:55:50.280+0000] {logging_mixin.py:151} INFO - [2023-09-01T14:55:50.280+0000] {dagbag.py:539} INFO - Filling up the DagBag from /home/airflow/.local/lib/python3.8/site-packages/airflow/example_dags/example_setup_teardown_taskflow.py
[2023-09-01T14:55:50.291+0000] {processor.py:839} INFO - DAG(s) dict_keys(['example_setup_teardown_taskflow']) retrieved from /home/airflow/.local/lib/python3.8/site-packages/airflow/example_dags/example_setup_teardown_taskflow.py
[2023-09-01T14:55:50.314+0000] {logging_mixin.py:151} INFO - [2023-09-01T14:55:50.314+0000] {dag.py:2907} INFO - Sync 1 DAGs
[2023-09-01T14:55:50.334+0000] {logging_mixin.py:151} INFO - [2023-09-01T14:55:50.334+0000] {dag.py:3677} INFO - Setting next_dagrun for example_setup_teardown_taskflow to 2023-08-31T14:55:50.333968+00:00, run_after=2023-09-01T14:55:50.333968+00:00
[2023-09-01T14:55:50.351+0000] {processor.py:179} INFO - Processing /home/airflow/.local/lib/python3.8/site-packages/airflow/example_dags/example_setup_teardown_taskflow.py took 0.078 seconds
[2023-09-01T14:56:21.080+0000] {processor.py:157} INFO - Started process (PID=697) to work on /home/airflow/.local/lib/python3.8/site-packages/airflow/example_dags/example_setup_teardown_taskflow.py
[2023-09-01T14:56:21.081+0000] {processor.py:829} INFO - Processing file /home/airflow/.local/lib/python3.8/site-packages/airflow/example_dags/example_setup_teardown_taskflow.py for tasks to queue
[2023-09-01T14:56:21.084+0000] {logging_mixin.py:151} INFO - [2023-09-01T14:56:21.084+0000] {dagbag.py:539} INFO - Filling up the DagBag from /home/airflow/.local/lib/python3.8/site-packages/airflow/example_dags/example_setup_teardown_taskflow.py
[2023-09-01T14:56:21.095+0000] {processor.py:839} INFO - DAG(s) dict_keys(['example_setup_teardown_taskflow']) retrieved from /home/airflow/.local/lib/python3.8/site-packages/airflow/example_dags/example_setup_teardown_taskflow.py
[2023-09-01T14:56:21.119+0000] {logging_mixin.py:151} INFO - [2023-09-01T14:56:21.119+0000] {dag.py:2907} INFO - Sync 1 DAGs
[2023-09-01T14:56:21.142+0000] {logging_mixin.py:151} INFO - [2023-09-01T14:56:21.142+0000] {dag.py:3677} INFO - Setting next_dagrun for example_setup_teardown_taskflow to 2023-08-31T14:56:21.142085+00:00, run_after=2023-09-01T14:56:21.142085+00:00
[2023-09-01T14:56:21.162+0000] {processor.py:179} INFO - Processing /home/airflow/.local/lib/python3.8/site-packages/airflow/example_dags/example_setup_teardown_taskflow.py took 0.086 seconds
[2023-09-01T14:56:51.874+0000] {processor.py:157} INFO - Started process (PID=751) to work on /home/airflow/.local/lib/python3.8/site-packages/airflow/example_dags/example_setup_teardown_taskflow.py
[2023-09-01T14:56:51.875+0000] {processor.py:829} INFO - Processing file /home/airflow/.local/lib/python3.8/site-packages/airflow/example_dags/example_setup_teardown_taskflow.py for tasks to queue
[2023-09-01T14:56:51.878+0000] {logging_mixin.py:151} INFO - [2023-09-01T14:56:51.878+0000] {dagbag.py:539} INFO - Filling up the DagBag from /home/airflow/.local/lib/python3.8/site-packages/airflow/example_dags/example_setup_teardown_taskflow.py
[2023-09-01T14:56:51.889+0000] {processor.py:839} INFO - DAG(s) dict_keys(['example_setup_teardown_taskflow']) retrieved from /home/airflow/.local/lib/python3.8/site-packages/airflow/example_dags/example_setup_teardown_taskflow.py
[2023-09-01T14:56:51.911+0000] {logging_mixin.py:151} INFO - [2023-09-01T14:56:51.911+0000] {dag.py:2907} INFO - Sync 1 DAGs
[2023-09-01T14:56:51.934+0000] {logging_mixin.py:151} INFO - [2023-09-01T14:56:51.934+0000] {dag.py:3677} INFO - Setting next_dagrun for example_setup_teardown_taskflow to 2023-08-31T14:56:51.934034+00:00, run_after=2023-09-01T14:56:51.934034+00:00
[2023-09-01T14:56:51.951+0000] {processor.py:179} INFO - Processing /home/airflow/.local/lib/python3.8/site-packages/airflow/example_dags/example_setup_teardown_taskflow.py took 0.081 seconds
[2023-09-01T14:57:22.695+0000] {processor.py:157} INFO - Started process (PID=805) to work on /home/airflow/.local/lib/python3.8/site-packages/airflow/example_dags/example_setup_teardown_taskflow.py
[2023-09-01T14:57:22.696+0000] {processor.py:829} INFO - Processing file /home/airflow/.local/lib/python3.8/site-packages/airflow/example_dags/example_setup_teardown_taskflow.py for tasks to queue
[2023-09-01T14:57:22.699+0000] {logging_mixin.py:151} INFO - [2023-09-01T14:57:22.698+0000] {dagbag.py:539} INFO - Filling up the DagBag from /home/airflow/.local/lib/python3.8/site-packages/airflow/example_dags/example_setup_teardown_taskflow.py
[2023-09-01T14:57:22.709+0000] {processor.py:839} INFO - DAG(s) dict_keys(['example_setup_teardown_taskflow']) retrieved from /home/airflow/.local/lib/python3.8/site-packages/airflow/example_dags/example_setup_teardown_taskflow.py
[2023-09-01T14:57:22.732+0000] {logging_mixin.py:151} INFO - [2023-09-01T14:57:22.732+0000] {dag.py:2907} INFO - Sync 1 DAGs
[2023-09-01T14:57:22.755+0000] {logging_mixin.py:151} INFO - [2023-09-01T14:57:22.755+0000] {dag.py:3677} INFO - Setting next_dagrun for example_setup_teardown_taskflow to 2023-08-31T14:57:22.755399+00:00, run_after=2023-09-01T14:57:22.755399+00:00
[2023-09-01T14:57:22.773+0000] {processor.py:179} INFO - Processing /home/airflow/.local/lib/python3.8/site-packages/airflow/example_dags/example_setup_teardown_taskflow.py took 0.083 seconds
[2023-09-01T14:57:53.424+0000] {processor.py:157} INFO - Started process (PID=859) to work on /home/airflow/.local/lib/python3.8/site-packages/airflow/example_dags/example_setup_teardown_taskflow.py
[2023-09-01T14:57:53.425+0000] {processor.py:829} INFO - Processing file /home/airflow/.local/lib/python3.8/site-packages/airflow/example_dags/example_setup_teardown_taskflow.py for tasks to queue
[2023-09-01T14:57:53.428+0000] {logging_mixin.py:151} INFO - [2023-09-01T14:57:53.428+0000] {dagbag.py:539} INFO - Filling up the DagBag from /home/airflow/.local/lib/python3.8/site-packages/airflow/example_dags/example_setup_teardown_taskflow.py
[2023-09-01T14:57:53.440+0000] {processor.py:839} INFO - DAG(s) dict_keys(['example_setup_teardown_taskflow']) retrieved from /home/airflow/.local/lib/python3.8/site-packages/airflow/example_dags/example_setup_teardown_taskflow.py
[2023-09-01T14:57:53.468+0000] {logging_mixin.py:151} INFO - [2023-09-01T14:57:53.468+0000] {dag.py:2907} INFO - Sync 1 DAGs
[2023-09-01T14:57:53.498+0000] {logging_mixin.py:151} INFO - [2023-09-01T14:57:53.498+0000] {dag.py:3677} INFO - Setting next_dagrun for example_setup_teardown_taskflow to 2023-08-31T14:57:53.498318+00:00, run_after=2023-09-01T14:57:53.498318+00:00
[2023-09-01T14:57:53.523+0000] {processor.py:179} INFO - Processing /home/airflow/.local/lib/python3.8/site-packages/airflow/example_dags/example_setup_teardown_taskflow.py took 0.103 seconds
[2023-09-01T14:58:24.207+0000] {processor.py:157} INFO - Started process (PID=913) to work on /home/airflow/.local/lib/python3.8/site-packages/airflow/example_dags/example_setup_teardown_taskflow.py
[2023-09-01T14:58:24.208+0000] {processor.py:829} INFO - Processing file /home/airflow/.local/lib/python3.8/site-packages/airflow/example_dags/example_setup_teardown_taskflow.py for tasks to queue
[2023-09-01T14:58:24.211+0000] {logging_mixin.py:151} INFO - [2023-09-01T14:58:24.211+0000] {dagbag.py:539} INFO - Filling up the DagBag from /home/airflow/.local/lib/python3.8/site-packages/airflow/example_dags/example_setup_teardown_taskflow.py
[2023-09-01T14:58:24.222+0000] {processor.py:839} INFO - DAG(s) dict_keys(['example_setup_teardown_taskflow']) retrieved from /home/airflow/.local/lib/python3.8/site-packages/airflow/example_dags/example_setup_teardown_taskflow.py
[2023-09-01T14:58:24.246+0000] {logging_mixin.py:151} INFO - [2023-09-01T14:58:24.245+0000] {dag.py:2907} INFO - Sync 1 DAGs
[2023-09-01T14:58:24.271+0000] {logging_mixin.py:151} INFO - [2023-09-01T14:58:24.271+0000] {dag.py:3677} INFO - Setting next_dagrun for example_setup_teardown_taskflow to 2023-08-31T14:58:24.271354+00:00, run_after=2023-09-01T14:58:24.271354+00:00
[2023-09-01T14:58:24.295+0000] {processor.py:179} INFO - Processing /home/airflow/.local/lib/python3.8/site-packages/airflow/example_dags/example_setup_teardown_taskflow.py took 0.092 seconds
[2023-09-01T14:58:55.118+0000] {processor.py:157} INFO - Started process (PID=967) to work on /home/airflow/.local/lib/python3.8/site-packages/airflow/example_dags/example_setup_teardown_taskflow.py
[2023-09-01T14:58:55.120+0000] {processor.py:829} INFO - Processing file /home/airflow/.local/lib/python3.8/site-packages/airflow/example_dags/example_setup_teardown_taskflow.py for tasks to queue
[2023-09-01T14:58:55.122+0000] {logging_mixin.py:151} INFO - [2023-09-01T14:58:55.122+0000] {dagbag.py:539} INFO - Filling up the DagBag from /home/airflow/.local/lib/python3.8/site-packages/airflow/example_dags/example_setup_teardown_taskflow.py
[2023-09-01T14:58:55.133+0000] {processor.py:839} INFO - DAG(s) dict_keys(['example_setup_teardown_taskflow']) retrieved from /home/airflow/.local/lib/python3.8/site-packages/airflow/example_dags/example_setup_teardown_taskflow.py
[2023-09-01T14:58:55.156+0000] {logging_mixin.py:151} INFO - [2023-09-01T14:58:55.156+0000] {dag.py:2907} INFO - Sync 1 DAGs
[2023-09-01T14:58:55.178+0000] {logging_mixin.py:151} INFO - [2023-09-01T14:58:55.178+0000] {dag.py:3677} INFO - Setting next_dagrun for example_setup_teardown_taskflow to 2023-08-31T14:58:55.178345+00:00, run_after=2023-09-01T14:58:55.178345+00:00
[2023-09-01T14:58:55.201+0000] {processor.py:179} INFO - Processing /home/airflow/.local/lib/python3.8/site-packages/airflow/example_dags/example_setup_teardown_taskflow.py took 0.087 seconds
[2023-09-01T14:59:25.612+0000] {processor.py:157} INFO - Started process (PID=1021) to work on /home/airflow/.local/lib/python3.8/site-packages/airflow/example_dags/example_setup_teardown_taskflow.py
[2023-09-01T14:59:25.613+0000] {processor.py:829} INFO - Processing file /home/airflow/.local/lib/python3.8/site-packages/airflow/example_dags/example_setup_teardown_taskflow.py for tasks to queue
[2023-09-01T14:59:25.616+0000] {logging_mixin.py:151} INFO - [2023-09-01T14:59:25.616+0000] {dagbag.py:539} INFO - Filling up the DagBag from /home/airflow/.local/lib/python3.8/site-packages/airflow/example_dags/example_setup_teardown_taskflow.py
[2023-09-01T14:59:25.627+0000] {processor.py:839} INFO - DAG(s) dict_keys(['example_setup_teardown_taskflow']) retrieved from /home/airflow/.local/lib/python3.8/site-packages/airflow/example_dags/example_setup_teardown_taskflow.py
[2023-09-01T14:59:25.649+0000] {logging_mixin.py:151} INFO - [2023-09-01T14:59:25.649+0000] {dag.py:2907} INFO - Sync 1 DAGs
[2023-09-01T14:59:25.671+0000] {logging_mixin.py:151} INFO - [2023-09-01T14:59:25.671+0000] {dag.py:3677} INFO - Setting next_dagrun for example_setup_teardown_taskflow to 2023-08-31T14:59:25.671538+00:00, run_after=2023-09-01T14:59:25.671538+00:00
[2023-09-01T14:59:25.689+0000] {processor.py:179} INFO - Processing /home/airflow/.local/lib/python3.8/site-packages/airflow/example_dags/example_setup_teardown_taskflow.py took 0.081 seconds
[2023-09-01T14:59:56.600+0000] {processor.py:157} INFO - Started process (PID=1075) to work on /home/airflow/.local/lib/python3.8/site-packages/airflow/example_dags/example_setup_teardown_taskflow.py
[2023-09-01T14:59:56.601+0000] {processor.py:829} INFO - Processing file /home/airflow/.local/lib/python3.8/site-packages/airflow/example_dags/example_setup_teardown_taskflow.py for tasks to queue
[2023-09-01T14:59:56.604+0000] {logging_mixin.py:151} INFO - [2023-09-01T14:59:56.604+0000] {dagbag.py:539} INFO - Filling up the DagBag from /home/airflow/.local/lib/python3.8/site-packages/airflow/example_dags/example_setup_teardown_taskflow.py
[2023-09-01T14:59:56.616+0000] {processor.py:839} INFO - DAG(s) dict_keys(['example_setup_teardown_taskflow']) retrieved from /home/airflow/.local/lib/python3.8/site-packages/airflow/example_dags/example_setup_teardown_taskflow.py
[2023-09-01T14:59:56.641+0000] {logging_mixin.py:151} INFO - [2023-09-01T14:59:56.640+0000] {dag.py:2907} INFO - Sync 1 DAGs
[2023-09-01T14:59:56.665+0000] {logging_mixin.py:151} INFO - [2023-09-01T14:59:56.665+0000] {dag.py:3677} INFO - Setting next_dagrun for example_setup_teardown_taskflow to 2023-08-31T14:59:56.664835+00:00, run_after=2023-09-01T14:59:56.664835+00:00
[2023-09-01T14:59:56.688+0000] {processor.py:179} INFO - Processing /home/airflow/.local/lib/python3.8/site-packages/airflow/example_dags/example_setup_teardown_taskflow.py took 0.092 seconds
[2023-09-01T15:00:27.421+0000] {processor.py:157} INFO - Started process (PID=1136) to work on /home/airflow/.local/lib/python3.8/site-packages/airflow/example_dags/example_setup_teardown_taskflow.py
[2023-09-01T15:00:27.422+0000] {processor.py:829} INFO - Processing file /home/airflow/.local/lib/python3.8/site-packages/airflow/example_dags/example_setup_teardown_taskflow.py for tasks to queue
[2023-09-01T15:00:27.425+0000] {logging_mixin.py:151} INFO - [2023-09-01T15:00:27.424+0000] {dagbag.py:539} INFO - Filling up the DagBag from /home/airflow/.local/lib/python3.8/site-packages/airflow/example_dags/example_setup_teardown_taskflow.py
[2023-09-01T15:00:27.435+0000] {processor.py:839} INFO - DAG(s) dict_keys(['example_setup_teardown_taskflow']) retrieved from /home/airflow/.local/lib/python3.8/site-packages/airflow/example_dags/example_setup_teardown_taskflow.py
[2023-09-01T15:00:27.459+0000] {logging_mixin.py:151} INFO - [2023-09-01T15:00:27.458+0000] {dag.py:2907} INFO - Sync 1 DAGs
[2023-09-01T15:00:27.481+0000] {logging_mixin.py:151} INFO - [2023-09-01T15:00:27.481+0000] {dag.py:3677} INFO - Setting next_dagrun for example_setup_teardown_taskflow to 2023-08-31T15:00:27.481313+00:00, run_after=2023-09-01T15:00:27.481313+00:00
[2023-09-01T15:00:27.497+0000] {processor.py:179} INFO - Processing /home/airflow/.local/lib/python3.8/site-packages/airflow/example_dags/example_setup_teardown_taskflow.py took 0.081 seconds
[2023-09-01T15:00:58.000+0000] {processor.py:157} INFO - Started process (PID=1190) to work on /home/airflow/.local/lib/python3.8/site-packages/airflow/example_dags/example_setup_teardown_taskflow.py
[2023-09-01T15:00:58.002+0000] {processor.py:829} INFO - Processing file /home/airflow/.local/lib/python3.8/site-packages/airflow/example_dags/example_setup_teardown_taskflow.py for tasks to queue
[2023-09-01T15:00:58.005+0000] {logging_mixin.py:151} INFO - [2023-09-01T15:00:58.004+0000] {dagbag.py:539} INFO - Filling up the DagBag from /home/airflow/.local/lib/python3.8/site-packages/airflow/example_dags/example_setup_teardown_taskflow.py
[2023-09-01T15:00:58.016+0000] {processor.py:839} INFO - DAG(s) dict_keys(['example_setup_teardown_taskflow']) retrieved from /home/airflow/.local/lib/python3.8/site-packages/airflow/example_dags/example_setup_teardown_taskflow.py
[2023-09-01T15:00:58.040+0000] {logging_mixin.py:151} INFO - [2023-09-01T15:00:58.040+0000] {dag.py:2907} INFO - Sync 1 DAGs
[2023-09-01T15:00:58.066+0000] {logging_mixin.py:151} INFO - [2023-09-01T15:00:58.066+0000] {dag.py:3677} INFO - Setting next_dagrun for example_setup_teardown_taskflow to 2023-08-31T15:00:58.065964+00:00, run_after=2023-09-01T15:00:58.065964+00:00
[2023-09-01T15:00:58.084+0000] {processor.py:179} INFO - Processing /home/airflow/.local/lib/python3.8/site-packages/airflow/example_dags/example_setup_teardown_taskflow.py took 0.089 seconds
[2023-09-01T15:01:28.817+0000] {processor.py:157} INFO - Started process (PID=1244) to work on /home/airflow/.local/lib/python3.8/site-packages/airflow/example_dags/example_setup_teardown_taskflow.py
[2023-09-01T15:01:28.818+0000] {processor.py:829} INFO - Processing file /home/airflow/.local/lib/python3.8/site-packages/airflow/example_dags/example_setup_teardown_taskflow.py for tasks to queue
[2023-09-01T15:01:28.821+0000] {logging_mixin.py:151} INFO - [2023-09-01T15:01:28.821+0000] {dagbag.py:539} INFO - Filling up the DagBag from /home/airflow/.local/lib/python3.8/site-packages/airflow/example_dags/example_setup_teardown_taskflow.py
[2023-09-01T15:01:28.832+0000] {processor.py:839} INFO - DAG(s) dict_keys(['example_setup_teardown_taskflow']) retrieved from /home/airflow/.local/lib/python3.8/site-packages/airflow/example_dags/example_setup_teardown_taskflow.py
[2023-09-01T15:01:28.855+0000] {logging_mixin.py:151} INFO - [2023-09-01T15:01:28.855+0000] {dag.py:2907} INFO - Sync 1 DAGs
[2023-09-01T15:01:28.879+0000] {logging_mixin.py:151} INFO - [2023-09-01T15:01:28.878+0000] {dag.py:3677} INFO - Setting next_dagrun for example_setup_teardown_taskflow to 2023-08-31T15:01:28.878535+00:00, run_after=2023-09-01T15:01:28.878535+00:00
[2023-09-01T15:01:28.898+0000] {processor.py:179} INFO - Processing /home/airflow/.local/lib/python3.8/site-packages/airflow/example_dags/example_setup_teardown_taskflow.py took 0.086 seconds
[2023-09-01T15:01:59.458+0000] {processor.py:157} INFO - Started process (PID=1298) to work on /home/airflow/.local/lib/python3.8/site-packages/airflow/example_dags/example_setup_teardown_taskflow.py
[2023-09-01T15:01:59.472+0000] {processor.py:829} INFO - Processing file /home/airflow/.local/lib/python3.8/site-packages/airflow/example_dags/example_setup_teardown_taskflow.py for tasks to queue
[2023-09-01T15:01:59.492+0000] {logging_mixin.py:151} INFO - [2023-09-01T15:01:59.491+0000] {dagbag.py:539} INFO - Filling up the DagBag from /home/airflow/.local/lib/python3.8/site-packages/airflow/example_dags/example_setup_teardown_taskflow.py
[2023-09-01T15:01:59.541+0000] {processor.py:839} INFO - DAG(s) dict_keys(['example_setup_teardown_taskflow']) retrieved from /home/airflow/.local/lib/python3.8/site-packages/airflow/example_dags/example_setup_teardown_taskflow.py
[2023-09-01T15:01:59.577+0000] {logging_mixin.py:151} INFO - [2023-09-01T15:01:59.577+0000] {dag.py:2907} INFO - Sync 1 DAGs
[2023-09-01T15:01:59.603+0000] {logging_mixin.py:151} INFO - [2023-09-01T15:01:59.602+0000] {dag.py:3677} INFO - Setting next_dagrun for example_setup_teardown_taskflow to 2023-08-31T15:01:59.602511+00:00, run_after=2023-09-01T15:01:59.602511+00:00
[2023-09-01T15:01:59.624+0000] {processor.py:179} INFO - Processing /home/airflow/.local/lib/python3.8/site-packages/airflow/example_dags/example_setup_teardown_taskflow.py took 0.171 seconds
[2023-09-01T15:02:29.676+0000] {processor.py:157} INFO - Started process (PID=1352) to work on /home/airflow/.local/lib/python3.8/site-packages/airflow/example_dags/example_setup_teardown_taskflow.py
[2023-09-01T15:02:29.678+0000] {processor.py:829} INFO - Processing file /home/airflow/.local/lib/python3.8/site-packages/airflow/example_dags/example_setup_teardown_taskflow.py for tasks to queue
[2023-09-01T15:02:29.682+0000] {logging_mixin.py:151} INFO - [2023-09-01T15:02:29.682+0000] {dagbag.py:539} INFO - Filling up the DagBag from /home/airflow/.local/lib/python3.8/site-packages/airflow/example_dags/example_setup_teardown_taskflow.py
[2023-09-01T15:02:29.699+0000] {processor.py:839} INFO - DAG(s) dict_keys(['example_setup_teardown_taskflow']) retrieved from /home/airflow/.local/lib/python3.8/site-packages/airflow/example_dags/example_setup_teardown_taskflow.py
[2023-09-01T15:02:29.732+0000] {logging_mixin.py:151} INFO - [2023-09-01T15:02:29.731+0000] {dag.py:2907} INFO - Sync 1 DAGs
[2023-09-01T15:02:29.765+0000] {logging_mixin.py:151} INFO - [2023-09-01T15:02:29.764+0000] {dag.py:3677} INFO - Setting next_dagrun for example_setup_teardown_taskflow to 2023-08-31T15:02:29.764279+00:00, run_after=2023-09-01T15:02:29.764279+00:00
[2023-09-01T15:02:29.789+0000] {processor.py:179} INFO - Processing /home/airflow/.local/lib/python3.8/site-packages/airflow/example_dags/example_setup_teardown_taskflow.py took 0.119 seconds
[2023-09-01T15:02:59.880+0000] {processor.py:157} INFO - Started process (PID=1406) to work on /home/airflow/.local/lib/python3.8/site-packages/airflow/example_dags/example_setup_teardown_taskflow.py
[2023-09-01T15:02:59.881+0000] {processor.py:829} INFO - Processing file /home/airflow/.local/lib/python3.8/site-packages/airflow/example_dags/example_setup_teardown_taskflow.py for tasks to queue
[2023-09-01T15:02:59.884+0000] {logging_mixin.py:151} INFO - [2023-09-01T15:02:59.884+0000] {dagbag.py:539} INFO - Filling up the DagBag from /home/airflow/.local/lib/python3.8/site-packages/airflow/example_dags/example_setup_teardown_taskflow.py
[2023-09-01T15:02:59.895+0000] {processor.py:839} INFO - DAG(s) dict_keys(['example_setup_teardown_taskflow']) retrieved from /home/airflow/.local/lib/python3.8/site-packages/airflow/example_dags/example_setup_teardown_taskflow.py
[2023-09-01T15:02:59.918+0000] {logging_mixin.py:151} INFO - [2023-09-01T15:02:59.918+0000] {dag.py:2907} INFO - Sync 1 DAGs
[2023-09-01T15:02:59.942+0000] {logging_mixin.py:151} INFO - [2023-09-01T15:02:59.942+0000] {dag.py:3677} INFO - Setting next_dagrun for example_setup_teardown_taskflow to 2023-08-31T15:02:59.942164+00:00, run_after=2023-09-01T15:02:59.942164+00:00
[2023-09-01T15:02:59.962+0000] {processor.py:179} INFO - Processing /home/airflow/.local/lib/python3.8/site-packages/airflow/example_dags/example_setup_teardown_taskflow.py took 0.087 seconds
[2023-09-01T15:03:30.284+0000] {processor.py:157} INFO - Started process (PID=1460) to work on /home/airflow/.local/lib/python3.8/site-packages/airflow/example_dags/example_setup_teardown_taskflow.py
[2023-09-01T15:03:30.285+0000] {processor.py:829} INFO - Processing file /home/airflow/.local/lib/python3.8/site-packages/airflow/example_dags/example_setup_teardown_taskflow.py for tasks to queue
[2023-09-01T15:03:30.288+0000] {logging_mixin.py:151} INFO - [2023-09-01T15:03:30.287+0000] {dagbag.py:539} INFO - Filling up the DagBag from /home/airflow/.local/lib/python3.8/site-packages/airflow/example_dags/example_setup_teardown_taskflow.py
[2023-09-01T15:03:30.299+0000] {processor.py:839} INFO - DAG(s) dict_keys(['example_setup_teardown_taskflow']) retrieved from /home/airflow/.local/lib/python3.8/site-packages/airflow/example_dags/example_setup_teardown_taskflow.py
[2023-09-01T15:03:30.326+0000] {logging_mixin.py:151} INFO - [2023-09-01T15:03:30.326+0000] {dag.py:2907} INFO - Sync 1 DAGs
[2023-09-01T15:03:30.357+0000] {logging_mixin.py:151} INFO - [2023-09-01T15:03:30.357+0000] {dag.py:3677} INFO - Setting next_dagrun for example_setup_teardown_taskflow to 2023-08-31T15:03:30.356854+00:00, run_after=2023-09-01T15:03:30.356854+00:00
[2023-09-01T15:03:30.386+0000] {processor.py:179} INFO - Processing /home/airflow/.local/lib/python3.8/site-packages/airflow/example_dags/example_setup_teardown_taskflow.py took 0.107 seconds
[2023-09-01T15:04:00.469+0000] {processor.py:157} INFO - Started process (PID=1514) to work on /home/airflow/.local/lib/python3.8/site-packages/airflow/example_dags/example_setup_teardown_taskflow.py
[2023-09-01T15:04:00.470+0000] {processor.py:829} INFO - Processing file /home/airflow/.local/lib/python3.8/site-packages/airflow/example_dags/example_setup_teardown_taskflow.py for tasks to queue
[2023-09-01T15:04:00.473+0000] {logging_mixin.py:151} INFO - [2023-09-01T15:04:00.473+0000] {dagbag.py:539} INFO - Filling up the DagBag from /home/airflow/.local/lib/python3.8/site-packages/airflow/example_dags/example_setup_teardown_taskflow.py
[2023-09-01T15:04:00.484+0000] {processor.py:839} INFO - DAG(s) dict_keys(['example_setup_teardown_taskflow']) retrieved from /home/airflow/.local/lib/python3.8/site-packages/airflow/example_dags/example_setup_teardown_taskflow.py
[2023-09-01T15:04:00.507+0000] {logging_mixin.py:151} INFO - [2023-09-01T15:04:00.507+0000] {dag.py:2907} INFO - Sync 1 DAGs
[2023-09-01T15:04:00.531+0000] {logging_mixin.py:151} INFO - [2023-09-01T15:04:00.531+0000] {dag.py:3677} INFO - Setting next_dagrun for example_setup_teardown_taskflow to 2023-08-31T15:04:00.530687+00:00, run_after=2023-09-01T15:04:00.530687+00:00
[2023-09-01T15:04:00.550+0000] {processor.py:179} INFO - Processing /home/airflow/.local/lib/python3.8/site-packages/airflow/example_dags/example_setup_teardown_taskflow.py took 0.085 seconds
[2023-09-01T15:04:30.802+0000] {processor.py:157} INFO - Started process (PID=1568) to work on /home/airflow/.local/lib/python3.8/site-packages/airflow/example_dags/example_setup_teardown_taskflow.py
[2023-09-01T15:04:30.803+0000] {processor.py:829} INFO - Processing file /home/airflow/.local/lib/python3.8/site-packages/airflow/example_dags/example_setup_teardown_taskflow.py for tasks to queue
[2023-09-01T15:04:30.806+0000] {logging_mixin.py:151} INFO - [2023-09-01T15:04:30.806+0000] {dagbag.py:539} INFO - Filling up the DagBag from /home/airflow/.local/lib/python3.8/site-packages/airflow/example_dags/example_setup_teardown_taskflow.py
[2023-09-01T15:04:30.818+0000] {processor.py:839} INFO - DAG(s) dict_keys(['example_setup_teardown_taskflow']) retrieved from /home/airflow/.local/lib/python3.8/site-packages/airflow/example_dags/example_setup_teardown_taskflow.py
[2023-09-01T15:04:30.840+0000] {logging_mixin.py:151} INFO - [2023-09-01T15:04:30.840+0000] {dag.py:2907} INFO - Sync 1 DAGs
[2023-09-01T15:04:30.862+0000] {logging_mixin.py:151} INFO - [2023-09-01T15:04:30.861+0000] {dag.py:3677} INFO - Setting next_dagrun for example_setup_teardown_taskflow to 2023-08-31T15:04:30.861716+00:00, run_after=2023-09-01T15:04:30.861716+00:00
[2023-09-01T15:04:30.879+0000] {processor.py:179} INFO - Processing /home/airflow/.local/lib/python3.8/site-packages/airflow/example_dags/example_setup_teardown_taskflow.py took 0.080 seconds
[2023-09-01T15:05:00.989+0000] {processor.py:157} INFO - Started process (PID=1623) to work on /home/airflow/.local/lib/python3.8/site-packages/airflow/example_dags/example_setup_teardown_taskflow.py
[2023-09-01T15:05:00.990+0000] {processor.py:829} INFO - Processing file /home/airflow/.local/lib/python3.8/site-packages/airflow/example_dags/example_setup_teardown_taskflow.py for tasks to queue
[2023-09-01T15:05:00.993+0000] {logging_mixin.py:151} INFO - [2023-09-01T15:05:00.993+0000] {dagbag.py:539} INFO - Filling up the DagBag from /home/airflow/.local/lib/python3.8/site-packages/airflow/example_dags/example_setup_teardown_taskflow.py
[2023-09-01T15:05:01.004+0000] {processor.py:839} INFO - DAG(s) dict_keys(['example_setup_teardown_taskflow']) retrieved from /home/airflow/.local/lib/python3.8/site-packages/airflow/example_dags/example_setup_teardown_taskflow.py
[2023-09-01T15:05:01.028+0000] {logging_mixin.py:151} INFO - [2023-09-01T15:05:01.027+0000] {dag.py:2907} INFO - Sync 1 DAGs
[2023-09-01T15:05:01.051+0000] {logging_mixin.py:151} INFO - [2023-09-01T15:05:01.050+0000] {dag.py:3677} INFO - Setting next_dagrun for example_setup_teardown_taskflow to 2023-08-31T15:05:01.050582+00:00, run_after=2023-09-01T15:05:01.050582+00:00
[2023-09-01T15:05:01.073+0000] {processor.py:179} INFO - Processing /home/airflow/.local/lib/python3.8/site-packages/airflow/example_dags/example_setup_teardown_taskflow.py took 0.088 seconds
[2023-09-01T15:05:31.326+0000] {processor.py:157} INFO - Started process (PID=1677) to work on /home/airflow/.local/lib/python3.8/site-packages/airflow/example_dags/example_setup_teardown_taskflow.py
[2023-09-01T15:05:31.327+0000] {processor.py:829} INFO - Processing file /home/airflow/.local/lib/python3.8/site-packages/airflow/example_dags/example_setup_teardown_taskflow.py for tasks to queue
[2023-09-01T15:05:31.330+0000] {logging_mixin.py:151} INFO - [2023-09-01T15:05:31.330+0000] {dagbag.py:539} INFO - Filling up the DagBag from /home/airflow/.local/lib/python3.8/site-packages/airflow/example_dags/example_setup_teardown_taskflow.py
[2023-09-01T15:05:31.341+0000] {processor.py:839} INFO - DAG(s) dict_keys(['example_setup_teardown_taskflow']) retrieved from /home/airflow/.local/lib/python3.8/site-packages/airflow/example_dags/example_setup_teardown_taskflow.py
[2023-09-01T15:05:31.365+0000] {logging_mixin.py:151} INFO - [2023-09-01T15:05:31.365+0000] {dag.py:2907} INFO - Sync 1 DAGs
[2023-09-01T15:05:31.390+0000] {logging_mixin.py:151} INFO - [2023-09-01T15:05:31.390+0000] {dag.py:3677} INFO - Setting next_dagrun for example_setup_teardown_taskflow to 2023-08-31T15:05:31.389955+00:00, run_after=2023-09-01T15:05:31.389955+00:00
[2023-09-01T15:05:31.417+0000] {processor.py:179} INFO - Processing /home/airflow/.local/lib/python3.8/site-packages/airflow/example_dags/example_setup_teardown_taskflow.py took 0.095 seconds
[2023-09-01T15:06:01.529+0000] {processor.py:157} INFO - Started process (PID=1731) to work on /home/airflow/.local/lib/python3.8/site-packages/airflow/example_dags/example_setup_teardown_taskflow.py
[2023-09-01T15:06:01.531+0000] {processor.py:829} INFO - Processing file /home/airflow/.local/lib/python3.8/site-packages/airflow/example_dags/example_setup_teardown_taskflow.py for tasks to queue
[2023-09-01T15:06:01.534+0000] {logging_mixin.py:151} INFO - [2023-09-01T15:06:01.534+0000] {dagbag.py:539} INFO - Filling up the DagBag from /home/airflow/.local/lib/python3.8/site-packages/airflow/example_dags/example_setup_teardown_taskflow.py
[2023-09-01T15:06:01.548+0000] {processor.py:839} INFO - DAG(s) dict_keys(['example_setup_teardown_taskflow']) retrieved from /home/airflow/.local/lib/python3.8/site-packages/airflow/example_dags/example_setup_teardown_taskflow.py
[2023-09-01T15:06:01.575+0000] {logging_mixin.py:151} INFO - [2023-09-01T15:06:01.575+0000] {dag.py:2907} INFO - Sync 1 DAGs
[2023-09-01T15:06:01.600+0000] {logging_mixin.py:151} INFO - [2023-09-01T15:06:01.600+0000] {dag.py:3677} INFO - Setting next_dagrun for example_setup_teardown_taskflow to 2023-08-31T15:06:01.600086+00:00, run_after=2023-09-01T15:06:01.600086+00:00
[2023-09-01T15:06:01.620+0000] {processor.py:179} INFO - Processing /home/airflow/.local/lib/python3.8/site-packages/airflow/example_dags/example_setup_teardown_taskflow.py took 0.096 seconds
[2023-09-01T15:06:31.777+0000] {processor.py:157} INFO - Started process (PID=1785) to work on /home/airflow/.local/lib/python3.8/site-packages/airflow/example_dags/example_setup_teardown_taskflow.py
[2023-09-01T15:06:31.778+0000] {processor.py:829} INFO - Processing file /home/airflow/.local/lib/python3.8/site-packages/airflow/example_dags/example_setup_teardown_taskflow.py for tasks to queue
[2023-09-01T15:06:31.781+0000] {logging_mixin.py:151} INFO - [2023-09-01T15:06:31.781+0000] {dagbag.py:539} INFO - Filling up the DagBag from /home/airflow/.local/lib/python3.8/site-packages/airflow/example_dags/example_setup_teardown_taskflow.py
[2023-09-01T15:06:31.792+0000] {processor.py:839} INFO - DAG(s) dict_keys(['example_setup_teardown_taskflow']) retrieved from /home/airflow/.local/lib/python3.8/site-packages/airflow/example_dags/example_setup_teardown_taskflow.py
[2023-09-01T15:06:31.815+0000] {logging_mixin.py:151} INFO - [2023-09-01T15:06:31.814+0000] {dag.py:2907} INFO - Sync 1 DAGs
[2023-09-01T15:06:31.838+0000] {logging_mixin.py:151} INFO - [2023-09-01T15:06:31.838+0000] {dag.py:3677} INFO - Setting next_dagrun for example_setup_teardown_taskflow to 2023-08-31T15:06:31.837834+00:00, run_after=2023-09-01T15:06:31.837834+00:00
[2023-09-01T15:06:31.857+0000] {processor.py:179} INFO - Processing /home/airflow/.local/lib/python3.8/site-packages/airflow/example_dags/example_setup_teardown_taskflow.py took 0.084 seconds
[2023-09-01T15:07:01.934+0000] {processor.py:157} INFO - Started process (PID=1839) to work on /home/airflow/.local/lib/python3.8/site-packages/airflow/example_dags/example_setup_teardown_taskflow.py
[2023-09-01T15:07:01.935+0000] {processor.py:829} INFO - Processing file /home/airflow/.local/lib/python3.8/site-packages/airflow/example_dags/example_setup_teardown_taskflow.py for tasks to queue
[2023-09-01T15:07:01.938+0000] {logging_mixin.py:151} INFO - [2023-09-01T15:07:01.937+0000] {dagbag.py:539} INFO - Filling up the DagBag from /home/airflow/.local/lib/python3.8/site-packages/airflow/example_dags/example_setup_teardown_taskflow.py
[2023-09-01T15:07:01.949+0000] {processor.py:839} INFO - DAG(s) dict_keys(['example_setup_teardown_taskflow']) retrieved from /home/airflow/.local/lib/python3.8/site-packages/airflow/example_dags/example_setup_teardown_taskflow.py
[2023-09-01T15:07:01.972+0000] {logging_mixin.py:151} INFO - [2023-09-01T15:07:01.972+0000] {dag.py:2907} INFO - Sync 1 DAGs
[2023-09-01T15:07:01.995+0000] {logging_mixin.py:151} INFO - [2023-09-01T15:07:01.995+0000] {dag.py:3677} INFO - Setting next_dagrun for example_setup_teardown_taskflow to 2023-08-31T15:07:01.995012+00:00, run_after=2023-09-01T15:07:01.995012+00:00
[2023-09-01T15:07:02.012+0000] {processor.py:179} INFO - Processing /home/airflow/.local/lib/python3.8/site-packages/airflow/example_dags/example_setup_teardown_taskflow.py took 0.083 seconds
[2023-09-01T15:07:32.068+0000] {processor.py:157} INFO - Started process (PID=1893) to work on /home/airflow/.local/lib/python3.8/site-packages/airflow/example_dags/example_setup_teardown_taskflow.py
[2023-09-01T15:07:32.070+0000] {processor.py:829} INFO - Processing file /home/airflow/.local/lib/python3.8/site-packages/airflow/example_dags/example_setup_teardown_taskflow.py for tasks to queue
[2023-09-01T15:07:32.073+0000] {logging_mixin.py:151} INFO - [2023-09-01T15:07:32.073+0000] {dagbag.py:539} INFO - Filling up the DagBag from /home/airflow/.local/lib/python3.8/site-packages/airflow/example_dags/example_setup_teardown_taskflow.py
[2023-09-01T15:07:32.084+0000] {processor.py:839} INFO - DAG(s) dict_keys(['example_setup_teardown_taskflow']) retrieved from /home/airflow/.local/lib/python3.8/site-packages/airflow/example_dags/example_setup_teardown_taskflow.py
[2023-09-01T15:07:32.106+0000] {logging_mixin.py:151} INFO - [2023-09-01T15:07:32.106+0000] {dag.py:2907} INFO - Sync 1 DAGs
[2023-09-01T15:07:32.129+0000] {logging_mixin.py:151} INFO - [2023-09-01T15:07:32.129+0000] {dag.py:3677} INFO - Setting next_dagrun for example_setup_teardown_taskflow to 2023-08-31T15:07:32.129335+00:00, run_after=2023-09-01T15:07:32.129335+00:00
[2023-09-01T15:07:32.148+0000] {processor.py:179} INFO - Processing /home/airflow/.local/lib/python3.8/site-packages/airflow/example_dags/example_setup_teardown_taskflow.py took 0.083 seconds
[2023-09-01T15:08:02.446+0000] {processor.py:157} INFO - Started process (PID=1947) to work on /home/airflow/.local/lib/python3.8/site-packages/airflow/example_dags/example_setup_teardown_taskflow.py
[2023-09-01T15:08:02.447+0000] {processor.py:829} INFO - Processing file /home/airflow/.local/lib/python3.8/site-packages/airflow/example_dags/example_setup_teardown_taskflow.py for tasks to queue
[2023-09-01T15:08:02.450+0000] {logging_mixin.py:151} INFO - [2023-09-01T15:08:02.450+0000] {dagbag.py:539} INFO - Filling up the DagBag from /home/airflow/.local/lib/python3.8/site-packages/airflow/example_dags/example_setup_teardown_taskflow.py
[2023-09-01T15:08:02.461+0000] {processor.py:839} INFO - DAG(s) dict_keys(['example_setup_teardown_taskflow']) retrieved from /home/airflow/.local/lib/python3.8/site-packages/airflow/example_dags/example_setup_teardown_taskflow.py
[2023-09-01T15:08:02.484+0000] {logging_mixin.py:151} INFO - [2023-09-01T15:08:02.484+0000] {dag.py:2907} INFO - Sync 1 DAGs
[2023-09-01T15:08:02.507+0000] {logging_mixin.py:151} INFO - [2023-09-01T15:08:02.507+0000] {dag.py:3677} INFO - Setting next_dagrun for example_setup_teardown_taskflow to 2023-08-31T15:08:02.507130+00:00, run_after=2023-09-01T15:08:02.507130+00:00
[2023-09-01T15:08:02.525+0000] {processor.py:179} INFO - Processing /home/airflow/.local/lib/python3.8/site-packages/airflow/example_dags/example_setup_teardown_taskflow.py took 0.083 seconds
[2023-09-01T15:08:32.824+0000] {processor.py:157} INFO - Started process (PID=2001) to work on /home/airflow/.local/lib/python3.8/site-packages/airflow/example_dags/example_setup_teardown_taskflow.py
[2023-09-01T15:08:32.825+0000] {processor.py:829} INFO - Processing file /home/airflow/.local/lib/python3.8/site-packages/airflow/example_dags/example_setup_teardown_taskflow.py for tasks to queue
[2023-09-01T15:08:32.828+0000] {logging_mixin.py:151} INFO - [2023-09-01T15:08:32.828+0000] {dagbag.py:539} INFO - Filling up the DagBag from /home/airflow/.local/lib/python3.8/site-packages/airflow/example_dags/example_setup_teardown_taskflow.py
[2023-09-01T15:08:32.839+0000] {processor.py:839} INFO - DAG(s) dict_keys(['example_setup_teardown_taskflow']) retrieved from /home/airflow/.local/lib/python3.8/site-packages/airflow/example_dags/example_setup_teardown_taskflow.py
[2023-09-01T15:08:32.862+0000] {logging_mixin.py:151} INFO - [2023-09-01T15:08:32.862+0000] {dag.py:2907} INFO - Sync 1 DAGs
[2023-09-01T15:08:32.885+0000] {logging_mixin.py:151} INFO - [2023-09-01T15:08:32.884+0000] {dag.py:3677} INFO - Setting next_dagrun for example_setup_teardown_taskflow to 2023-08-31T15:08:32.884665+00:00, run_after=2023-09-01T15:08:32.884665+00:00
[2023-09-01T15:08:32.903+0000] {processor.py:179} INFO - Processing /home/airflow/.local/lib/python3.8/site-packages/airflow/example_dags/example_setup_teardown_taskflow.py took 0.083 seconds
[2023-09-01T15:09:03.173+0000] {processor.py:157} INFO - Started process (PID=2055) to work on /home/airflow/.local/lib/python3.8/site-packages/airflow/example_dags/example_setup_teardown_taskflow.py
[2023-09-01T15:09:03.174+0000] {processor.py:829} INFO - Processing file /home/airflow/.local/lib/python3.8/site-packages/airflow/example_dags/example_setup_teardown_taskflow.py for tasks to queue
[2023-09-01T15:09:03.178+0000] {logging_mixin.py:151} INFO - [2023-09-01T15:09:03.177+0000] {dagbag.py:539} INFO - Filling up the DagBag from /home/airflow/.local/lib/python3.8/site-packages/airflow/example_dags/example_setup_teardown_taskflow.py
[2023-09-01T15:09:03.188+0000] {processor.py:839} INFO - DAG(s) dict_keys(['example_setup_teardown_taskflow']) retrieved from /home/airflow/.local/lib/python3.8/site-packages/airflow/example_dags/example_setup_teardown_taskflow.py
[2023-09-01T15:09:03.212+0000] {logging_mixin.py:151} INFO - [2023-09-01T15:09:03.211+0000] {dag.py:2907} INFO - Sync 1 DAGs
[2023-09-01T15:09:03.235+0000] {logging_mixin.py:151} INFO - [2023-09-01T15:09:03.235+0000] {dag.py:3677} INFO - Setting next_dagrun for example_setup_teardown_taskflow to 2023-08-31T15:09:03.235141+00:00, run_after=2023-09-01T15:09:03.235141+00:00
[2023-09-01T15:09:03.251+0000] {processor.py:179} INFO - Processing /home/airflow/.local/lib/python3.8/site-packages/airflow/example_dags/example_setup_teardown_taskflow.py took 0.082 seconds
[2023-09-01T15:09:34.203+0000] {processor.py:157} INFO - Started process (PID=2109) to work on /home/airflow/.local/lib/python3.8/site-packages/airflow/example_dags/example_setup_teardown_taskflow.py
[2023-09-01T15:09:34.205+0000] {processor.py:829} INFO - Processing file /home/airflow/.local/lib/python3.8/site-packages/airflow/example_dags/example_setup_teardown_taskflow.py for tasks to queue
[2023-09-01T15:09:34.208+0000] {logging_mixin.py:151} INFO - [2023-09-01T15:09:34.208+0000] {dagbag.py:539} INFO - Filling up the DagBag from /home/airflow/.local/lib/python3.8/site-packages/airflow/example_dags/example_setup_teardown_taskflow.py
[2023-09-01T15:09:34.220+0000] {processor.py:839} INFO - DAG(s) dict_keys(['example_setup_teardown_taskflow']) retrieved from /home/airflow/.local/lib/python3.8/site-packages/airflow/example_dags/example_setup_teardown_taskflow.py
[2023-09-01T15:09:34.244+0000] {logging_mixin.py:151} INFO - [2023-09-01T15:09:34.244+0000] {dag.py:2907} INFO - Sync 1 DAGs
[2023-09-01T15:09:34.268+0000] {logging_mixin.py:151} INFO - [2023-09-01T15:09:34.268+0000] {dag.py:3677} INFO - Setting next_dagrun for example_setup_teardown_taskflow to 2023-08-31T15:09:34.267855+00:00, run_after=2023-09-01T15:09:34.267855+00:00
[2023-09-01T15:09:34.288+0000] {processor.py:179} INFO - Processing /home/airflow/.local/lib/python3.8/site-packages/airflow/example_dags/example_setup_teardown_taskflow.py took 0.089 seconds
[2023-09-01T15:10:04.639+0000] {processor.py:157} INFO - Started process (PID=2163) to work on /home/airflow/.local/lib/python3.8/site-packages/airflow/example_dags/example_setup_teardown_taskflow.py
[2023-09-01T15:10:04.640+0000] {processor.py:829} INFO - Processing file /home/airflow/.local/lib/python3.8/site-packages/airflow/example_dags/example_setup_teardown_taskflow.py for tasks to queue
[2023-09-01T15:10:04.644+0000] {logging_mixin.py:151} INFO - [2023-09-01T15:10:04.644+0000] {dagbag.py:539} INFO - Filling up the DagBag from /home/airflow/.local/lib/python3.8/site-packages/airflow/example_dags/example_setup_teardown_taskflow.py
[2023-09-01T15:10:04.655+0000] {processor.py:839} INFO - DAG(s) dict_keys(['example_setup_teardown_taskflow']) retrieved from /home/airflow/.local/lib/python3.8/site-packages/airflow/example_dags/example_setup_teardown_taskflow.py
[2023-09-01T15:10:04.681+0000] {logging_mixin.py:151} INFO - [2023-09-01T15:10:04.681+0000] {dag.py:2907} INFO - Sync 1 DAGs
[2023-09-01T15:10:04.705+0000] {logging_mixin.py:151} INFO - [2023-09-01T15:10:04.705+0000] {dag.py:3677} INFO - Setting next_dagrun for example_setup_teardown_taskflow to 2023-08-31T15:10:04.705213+00:00, run_after=2023-09-01T15:10:04.705213+00:00
[2023-09-01T15:10:04.724+0000] {processor.py:179} INFO - Processing /home/airflow/.local/lib/python3.8/site-packages/airflow/example_dags/example_setup_teardown_taskflow.py took 0.089 seconds
[2023-09-01T15:10:35.146+0000] {processor.py:157} INFO - Started process (PID=2217) to work on /home/airflow/.local/lib/python3.8/site-packages/airflow/example_dags/example_setup_teardown_taskflow.py
[2023-09-01T15:10:35.147+0000] {processor.py:829} INFO - Processing file /home/airflow/.local/lib/python3.8/site-packages/airflow/example_dags/example_setup_teardown_taskflow.py for tasks to queue
[2023-09-01T15:10:35.151+0000] {logging_mixin.py:151} INFO - [2023-09-01T15:10:35.150+0000] {dagbag.py:539} INFO - Filling up the DagBag from /home/airflow/.local/lib/python3.8/site-packages/airflow/example_dags/example_setup_teardown_taskflow.py
[2023-09-01T15:10:35.161+0000] {processor.py:839} INFO - DAG(s) dict_keys(['example_setup_teardown_taskflow']) retrieved from /home/airflow/.local/lib/python3.8/site-packages/airflow/example_dags/example_setup_teardown_taskflow.py
[2023-09-01T15:10:35.184+0000] {logging_mixin.py:151} INFO - [2023-09-01T15:10:35.184+0000] {dag.py:2907} INFO - Sync 1 DAGs
[2023-09-01T15:10:35.207+0000] {logging_mixin.py:151} INFO - [2023-09-01T15:10:35.207+0000] {dag.py:3677} INFO - Setting next_dagrun for example_setup_teardown_taskflow to 2023-08-31T15:10:35.207379+00:00, run_after=2023-09-01T15:10:35.207379+00:00
[2023-09-01T15:10:35.227+0000] {processor.py:179} INFO - Processing /home/airflow/.local/lib/python3.8/site-packages/airflow/example_dags/example_setup_teardown_taskflow.py took 0.085 seconds
[2023-09-01T15:11:05.466+0000] {processor.py:157} INFO - Started process (PID=2271) to work on /home/airflow/.local/lib/python3.8/site-packages/airflow/example_dags/example_setup_teardown_taskflow.py
[2023-09-01T15:11:05.467+0000] {processor.py:829} INFO - Processing file /home/airflow/.local/lib/python3.8/site-packages/airflow/example_dags/example_setup_teardown_taskflow.py for tasks to queue
[2023-09-01T15:11:05.470+0000] {logging_mixin.py:151} INFO - [2023-09-01T15:11:05.470+0000] {dagbag.py:539} INFO - Filling up the DagBag from /home/airflow/.local/lib/python3.8/site-packages/airflow/example_dags/example_setup_teardown_taskflow.py
[2023-09-01T15:11:05.481+0000] {processor.py:839} INFO - DAG(s) dict_keys(['example_setup_teardown_taskflow']) retrieved from /home/airflow/.local/lib/python3.8/site-packages/airflow/example_dags/example_setup_teardown_taskflow.py
[2023-09-01T15:11:05.503+0000] {logging_mixin.py:151} INFO - [2023-09-01T15:11:05.503+0000] {dag.py:2907} INFO - Sync 1 DAGs
[2023-09-01T15:11:05.526+0000] {logging_mixin.py:151} INFO - [2023-09-01T15:11:05.526+0000] {dag.py:3677} INFO - Setting next_dagrun for example_setup_teardown_taskflow to 2023-08-31T15:11:05.526361+00:00, run_after=2023-09-01T15:11:05.526361+00:00
[2023-09-01T15:11:05.542+0000] {processor.py:179} INFO - Processing /home/airflow/.local/lib/python3.8/site-packages/airflow/example_dags/example_setup_teardown_taskflow.py took 0.081 seconds
[2023-09-01T15:11:35.783+0000] {processor.py:157} INFO - Started process (PID=2325) to work on /home/airflow/.local/lib/python3.8/site-packages/airflow/example_dags/example_setup_teardown_taskflow.py
[2023-09-01T15:11:35.784+0000] {processor.py:829} INFO - Processing file /home/airflow/.local/lib/python3.8/site-packages/airflow/example_dags/example_setup_teardown_taskflow.py for tasks to queue
[2023-09-01T15:11:35.788+0000] {logging_mixin.py:151} INFO - [2023-09-01T15:11:35.788+0000] {dagbag.py:539} INFO - Filling up the DagBag from /home/airflow/.local/lib/python3.8/site-packages/airflow/example_dags/example_setup_teardown_taskflow.py
[2023-09-01T15:11:35.799+0000] {processor.py:839} INFO - DAG(s) dict_keys(['example_setup_teardown_taskflow']) retrieved from /home/airflow/.local/lib/python3.8/site-packages/airflow/example_dags/example_setup_teardown_taskflow.py
[2023-09-01T15:11:35.824+0000] {logging_mixin.py:151} INFO - [2023-09-01T15:11:35.823+0000] {dag.py:2907} INFO - Sync 1 DAGs
[2023-09-01T15:11:35.847+0000] {logging_mixin.py:151} INFO - [2023-09-01T15:11:35.847+0000] {dag.py:3677} INFO - Setting next_dagrun for example_setup_teardown_taskflow to 2023-08-31T15:11:35.847421+00:00, run_after=2023-09-01T15:11:35.847421+00:00
[2023-09-01T15:11:35.867+0000] {processor.py:179} INFO - Processing /home/airflow/.local/lib/python3.8/site-packages/airflow/example_dags/example_setup_teardown_taskflow.py took 0.088 seconds
[2023-09-01T15:12:06.812+0000] {processor.py:157} INFO - Started process (PID=2379) to work on /home/airflow/.local/lib/python3.8/site-packages/airflow/example_dags/example_setup_teardown_taskflow.py
[2023-09-01T15:12:06.813+0000] {processor.py:829} INFO - Processing file /home/airflow/.local/lib/python3.8/site-packages/airflow/example_dags/example_setup_teardown_taskflow.py for tasks to queue
[2023-09-01T15:12:06.816+0000] {logging_mixin.py:151} INFO - [2023-09-01T15:12:06.816+0000] {dagbag.py:539} INFO - Filling up the DagBag from /home/airflow/.local/lib/python3.8/site-packages/airflow/example_dags/example_setup_teardown_taskflow.py
[2023-09-01T15:12:06.827+0000] {processor.py:839} INFO - DAG(s) dict_keys(['example_setup_teardown_taskflow']) retrieved from /home/airflow/.local/lib/python3.8/site-packages/airflow/example_dags/example_setup_teardown_taskflow.py
[2023-09-01T15:12:06.850+0000] {logging_mixin.py:151} INFO - [2023-09-01T15:12:06.850+0000] {dag.py:2907} INFO - Sync 1 DAGs
[2023-09-01T15:12:06.874+0000] {logging_mixin.py:151} INFO - [2023-09-01T15:12:06.874+0000] {dag.py:3677} INFO - Setting next_dagrun for example_setup_teardown_taskflow to 2023-08-31T15:12:06.873805+00:00, run_after=2023-09-01T15:12:06.873805+00:00
[2023-09-01T15:12:06.893+0000] {processor.py:179} INFO - Processing /home/airflow/.local/lib/python3.8/site-packages/airflow/example_dags/example_setup_teardown_taskflow.py took 0.086 seconds
[2023-09-01T15:12:37.063+0000] {processor.py:157} INFO - Started process (PID=2433) to work on /home/airflow/.local/lib/python3.8/site-packages/airflow/example_dags/example_setup_teardown_taskflow.py
[2023-09-01T15:12:37.064+0000] {processor.py:829} INFO - Processing file /home/airflow/.local/lib/python3.8/site-packages/airflow/example_dags/example_setup_teardown_taskflow.py for tasks to queue
[2023-09-01T15:12:37.067+0000] {logging_mixin.py:151} INFO - [2023-09-01T15:12:37.067+0000] {dagbag.py:539} INFO - Filling up the DagBag from /home/airflow/.local/lib/python3.8/site-packages/airflow/example_dags/example_setup_teardown_taskflow.py
[2023-09-01T15:12:37.078+0000] {processor.py:839} INFO - DAG(s) dict_keys(['example_setup_teardown_taskflow']) retrieved from /home/airflow/.local/lib/python3.8/site-packages/airflow/example_dags/example_setup_teardown_taskflow.py
[2023-09-01T15:12:37.101+0000] {logging_mixin.py:151} INFO - [2023-09-01T15:12:37.101+0000] {dag.py:2907} INFO - Sync 1 DAGs
[2023-09-01T15:12:37.125+0000] {logging_mixin.py:151} INFO - [2023-09-01T15:12:37.125+0000] {dag.py:3677} INFO - Setting next_dagrun for example_setup_teardown_taskflow to 2023-08-31T15:12:37.124894+00:00, run_after=2023-09-01T15:12:37.124894+00:00
[2023-09-01T15:12:37.144+0000] {processor.py:179} INFO - Processing /home/airflow/.local/lib/python3.8/site-packages/airflow/example_dags/example_setup_teardown_taskflow.py took 0.085 seconds
[2023-09-01T15:13:07.431+0000] {processor.py:157} INFO - Started process (PID=2487) to work on /home/airflow/.local/lib/python3.8/site-packages/airflow/example_dags/example_setup_teardown_taskflow.py
[2023-09-01T15:13:07.432+0000] {processor.py:829} INFO - Processing file /home/airflow/.local/lib/python3.8/site-packages/airflow/example_dags/example_setup_teardown_taskflow.py for tasks to queue
[2023-09-01T15:13:07.435+0000] {logging_mixin.py:151} INFO - [2023-09-01T15:13:07.435+0000] {dagbag.py:539} INFO - Filling up the DagBag from /home/airflow/.local/lib/python3.8/site-packages/airflow/example_dags/example_setup_teardown_taskflow.py
[2023-09-01T15:13:07.446+0000] {processor.py:839} INFO - DAG(s) dict_keys(['example_setup_teardown_taskflow']) retrieved from /home/airflow/.local/lib/python3.8/site-packages/airflow/example_dags/example_setup_teardown_taskflow.py
[2023-09-01T15:13:07.470+0000] {logging_mixin.py:151} INFO - [2023-09-01T15:13:07.470+0000] {dag.py:2907} INFO - Sync 1 DAGs
[2023-09-01T15:13:07.495+0000] {logging_mixin.py:151} INFO - [2023-09-01T15:13:07.494+0000] {dag.py:3677} INFO - Setting next_dagrun for example_setup_teardown_taskflow to 2023-08-31T15:13:07.494552+00:00, run_after=2023-09-01T15:13:07.494552+00:00
[2023-09-01T15:13:07.516+0000] {processor.py:179} INFO - Processing /home/airflow/.local/lib/python3.8/site-packages/airflow/example_dags/example_setup_teardown_taskflow.py took 0.088 seconds
[2023-09-01T15:13:38.164+0000] {processor.py:157} INFO - Started process (PID=2541) to work on /home/airflow/.local/lib/python3.8/site-packages/airflow/example_dags/example_setup_teardown_taskflow.py
[2023-09-01T15:13:38.166+0000] {processor.py:829} INFO - Processing file /home/airflow/.local/lib/python3.8/site-packages/airflow/example_dags/example_setup_teardown_taskflow.py for tasks to queue
[2023-09-01T15:13:38.170+0000] {logging_mixin.py:151} INFO - [2023-09-01T15:13:38.170+0000] {dagbag.py:539} INFO - Filling up the DagBag from /home/airflow/.local/lib/python3.8/site-packages/airflow/example_dags/example_setup_teardown_taskflow.py
[2023-09-01T15:13:38.184+0000] {processor.py:839} INFO - DAG(s) dict_keys(['example_setup_teardown_taskflow']) retrieved from /home/airflow/.local/lib/python3.8/site-packages/airflow/example_dags/example_setup_teardown_taskflow.py
[2023-09-01T15:13:38.215+0000] {logging_mixin.py:151} INFO - [2023-09-01T15:13:38.215+0000] {dag.py:2907} INFO - Sync 1 DAGs
[2023-09-01T15:13:38.245+0000] {logging_mixin.py:151} INFO - [2023-09-01T15:13:38.244+0000] {dag.py:3677} INFO - Setting next_dagrun for example_setup_teardown_taskflow to 2023-08-31T15:13:38.244376+00:00, run_after=2023-09-01T15:13:38.244376+00:00
[2023-09-01T15:13:38.270+0000] {processor.py:179} INFO - Processing /home/airflow/.local/lib/python3.8/site-packages/airflow/example_dags/example_setup_teardown_taskflow.py took 0.111 seconds
[2023-09-01T15:14:08.377+0000] {processor.py:157} INFO - Started process (PID=2595) to work on /home/airflow/.local/lib/python3.8/site-packages/airflow/example_dags/example_setup_teardown_taskflow.py
[2023-09-01T15:14:08.378+0000] {processor.py:829} INFO - Processing file /home/airflow/.local/lib/python3.8/site-packages/airflow/example_dags/example_setup_teardown_taskflow.py for tasks to queue
[2023-09-01T15:14:08.381+0000] {logging_mixin.py:151} INFO - [2023-09-01T15:14:08.380+0000] {dagbag.py:539} INFO - Filling up the DagBag from /home/airflow/.local/lib/python3.8/site-packages/airflow/example_dags/example_setup_teardown_taskflow.py
[2023-09-01T15:14:08.392+0000] {processor.py:839} INFO - DAG(s) dict_keys(['example_setup_teardown_taskflow']) retrieved from /home/airflow/.local/lib/python3.8/site-packages/airflow/example_dags/example_setup_teardown_taskflow.py
[2023-09-01T15:14:08.416+0000] {logging_mixin.py:151} INFO - [2023-09-01T15:14:08.416+0000] {dag.py:2907} INFO - Sync 1 DAGs
[2023-09-01T15:14:08.439+0000] {logging_mixin.py:151} INFO - [2023-09-01T15:14:08.439+0000] {dag.py:3677} INFO - Setting next_dagrun for example_setup_teardown_taskflow to 2023-08-31T15:14:08.439132+00:00, run_after=2023-09-01T15:14:08.439132+00:00
[2023-09-01T15:14:08.459+0000] {processor.py:179} INFO - Processing /home/airflow/.local/lib/python3.8/site-packages/airflow/example_dags/example_setup_teardown_taskflow.py took 0.086 seconds
[2023-09-01T15:14:39.338+0000] {processor.py:157} INFO - Started process (PID=2649) to work on /home/airflow/.local/lib/python3.8/site-packages/airflow/example_dags/example_setup_teardown_taskflow.py
[2023-09-01T15:14:39.339+0000] {processor.py:829} INFO - Processing file /home/airflow/.local/lib/python3.8/site-packages/airflow/example_dags/example_setup_teardown_taskflow.py for tasks to queue
[2023-09-01T15:14:39.342+0000] {logging_mixin.py:151} INFO - [2023-09-01T15:14:39.342+0000] {dagbag.py:539} INFO - Filling up the DagBag from /home/airflow/.local/lib/python3.8/site-packages/airflow/example_dags/example_setup_teardown_taskflow.py
[2023-09-01T15:14:39.353+0000] {processor.py:839} INFO - DAG(s) dict_keys(['example_setup_teardown_taskflow']) retrieved from /home/airflow/.local/lib/python3.8/site-packages/airflow/example_dags/example_setup_teardown_taskflow.py
[2023-09-01T15:14:39.377+0000] {logging_mixin.py:151} INFO - [2023-09-01T15:14:39.377+0000] {dag.py:2907} INFO - Sync 1 DAGs
[2023-09-01T15:14:39.400+0000] {logging_mixin.py:151} INFO - [2023-09-01T15:14:39.400+0000] {dag.py:3677} INFO - Setting next_dagrun for example_setup_teardown_taskflow to 2023-08-31T15:14:39.400458+00:00, run_after=2023-09-01T15:14:39.400458+00:00
[2023-09-01T15:14:39.419+0000] {processor.py:179} INFO - Processing /home/airflow/.local/lib/python3.8/site-packages/airflow/example_dags/example_setup_teardown_taskflow.py took 0.085 seconds
[2023-09-01T15:15:10.338+0000] {processor.py:157} INFO - Started process (PID=2703) to work on /home/airflow/.local/lib/python3.8/site-packages/airflow/example_dags/example_setup_teardown_taskflow.py
[2023-09-01T15:15:10.340+0000] {processor.py:829} INFO - Processing file /home/airflow/.local/lib/python3.8/site-packages/airflow/example_dags/example_setup_teardown_taskflow.py for tasks to queue
[2023-09-01T15:15:10.344+0000] {logging_mixin.py:151} INFO - [2023-09-01T15:15:10.343+0000] {dagbag.py:539} INFO - Filling up the DagBag from /home/airflow/.local/lib/python3.8/site-packages/airflow/example_dags/example_setup_teardown_taskflow.py
[2023-09-01T15:15:10.355+0000] {processor.py:839} INFO - DAG(s) dict_keys(['example_setup_teardown_taskflow']) retrieved from /home/airflow/.local/lib/python3.8/site-packages/airflow/example_dags/example_setup_teardown_taskflow.py
[2023-09-01T15:15:10.379+0000] {logging_mixin.py:151} INFO - [2023-09-01T15:15:10.378+0000] {dag.py:2907} INFO - Sync 1 DAGs
[2023-09-01T15:15:10.403+0000] {logging_mixin.py:151} INFO - [2023-09-01T15:15:10.403+0000] {dag.py:3677} INFO - Setting next_dagrun for example_setup_teardown_taskflow to 2023-08-31T15:15:10.403051+00:00, run_after=2023-09-01T15:15:10.403051+00:00
[2023-09-01T15:15:10.423+0000] {processor.py:179} INFO - Processing /home/airflow/.local/lib/python3.8/site-packages/airflow/example_dags/example_setup_teardown_taskflow.py took 0.089 seconds
[2023-09-01T15:15:40.702+0000] {processor.py:157} INFO - Started process (PID=2757) to work on /home/airflow/.local/lib/python3.8/site-packages/airflow/example_dags/example_setup_teardown_taskflow.py
[2023-09-01T15:15:40.704+0000] {processor.py:829} INFO - Processing file /home/airflow/.local/lib/python3.8/site-packages/airflow/example_dags/example_setup_teardown_taskflow.py for tasks to queue
[2023-09-01T15:15:40.707+0000] {logging_mixin.py:151} INFO - [2023-09-01T15:15:40.706+0000] {dagbag.py:539} INFO - Filling up the DagBag from /home/airflow/.local/lib/python3.8/site-packages/airflow/example_dags/example_setup_teardown_taskflow.py
[2023-09-01T15:15:40.718+0000] {processor.py:839} INFO - DAG(s) dict_keys(['example_setup_teardown_taskflow']) retrieved from /home/airflow/.local/lib/python3.8/site-packages/airflow/example_dags/example_setup_teardown_taskflow.py
[2023-09-01T15:15:40.742+0000] {logging_mixin.py:151} INFO - [2023-09-01T15:15:40.742+0000] {dag.py:2907} INFO - Sync 1 DAGs
[2023-09-01T15:15:40.767+0000] {logging_mixin.py:151} INFO - [2023-09-01T15:15:40.766+0000] {dag.py:3677} INFO - Setting next_dagrun for example_setup_teardown_taskflow to 2023-08-31T15:15:40.766668+00:00, run_after=2023-09-01T15:15:40.766668+00:00
[2023-09-01T15:15:40.785+0000] {processor.py:179} INFO - Processing /home/airflow/.local/lib/python3.8/site-packages/airflow/example_dags/example_setup_teardown_taskflow.py took 0.087 seconds
[2023-09-01T15:16:11.786+0000] {processor.py:157} INFO - Started process (PID=2811) to work on /home/airflow/.local/lib/python3.8/site-packages/airflow/example_dags/example_setup_teardown_taskflow.py
[2023-09-01T15:16:11.787+0000] {processor.py:829} INFO - Processing file /home/airflow/.local/lib/python3.8/site-packages/airflow/example_dags/example_setup_teardown_taskflow.py for tasks to queue
[2023-09-01T15:16:11.790+0000] {logging_mixin.py:151} INFO - [2023-09-01T15:16:11.790+0000] {dagbag.py:539} INFO - Filling up the DagBag from /home/airflow/.local/lib/python3.8/site-packages/airflow/example_dags/example_setup_teardown_taskflow.py
[2023-09-01T15:16:11.800+0000] {processor.py:839} INFO - DAG(s) dict_keys(['example_setup_teardown_taskflow']) retrieved from /home/airflow/.local/lib/python3.8/site-packages/airflow/example_dags/example_setup_teardown_taskflow.py
[2023-09-01T15:16:11.824+0000] {logging_mixin.py:151} INFO - [2023-09-01T15:16:11.824+0000] {dag.py:2907} INFO - Sync 1 DAGs
[2023-09-01T15:16:11.847+0000] {logging_mixin.py:151} INFO - [2023-09-01T15:16:11.847+0000] {dag.py:3677} INFO - Setting next_dagrun for example_setup_teardown_taskflow to 2023-08-31T15:16:11.846722+00:00, run_after=2023-09-01T15:16:11.846722+00:00
[2023-09-01T15:16:11.866+0000] {processor.py:179} INFO - Processing /home/airflow/.local/lib/python3.8/site-packages/airflow/example_dags/example_setup_teardown_taskflow.py took 0.084 seconds
[2023-09-01T15:16:42.306+0000] {processor.py:157} INFO - Started process (PID=2866) to work on /home/airflow/.local/lib/python3.8/site-packages/airflow/example_dags/example_setup_teardown_taskflow.py
[2023-09-01T15:16:42.308+0000] {processor.py:829} INFO - Processing file /home/airflow/.local/lib/python3.8/site-packages/airflow/example_dags/example_setup_teardown_taskflow.py for tasks to queue
[2023-09-01T15:16:42.312+0000] {logging_mixin.py:151} INFO - [2023-09-01T15:16:42.312+0000] {dagbag.py:539} INFO - Filling up the DagBag from /home/airflow/.local/lib/python3.8/site-packages/airflow/example_dags/example_setup_teardown_taskflow.py
[2023-09-01T15:16:42.326+0000] {processor.py:839} INFO - DAG(s) dict_keys(['example_setup_teardown_taskflow']) retrieved from /home/airflow/.local/lib/python3.8/site-packages/airflow/example_dags/example_setup_teardown_taskflow.py
[2023-09-01T15:16:42.356+0000] {logging_mixin.py:151} INFO - [2023-09-01T15:16:42.356+0000] {dag.py:2907} INFO - Sync 1 DAGs
[2023-09-01T15:16:42.387+0000] {logging_mixin.py:151} INFO - [2023-09-01T15:16:42.386+0000] {dag.py:3677} INFO - Setting next_dagrun for example_setup_teardown_taskflow to 2023-08-31T15:16:42.386445+00:00, run_after=2023-09-01T15:16:42.386445+00:00
[2023-09-01T15:16:42.411+0000] {processor.py:179} INFO - Processing /home/airflow/.local/lib/python3.8/site-packages/airflow/example_dags/example_setup_teardown_taskflow.py took 0.110 seconds
[2023-09-01T15:17:12.854+0000] {processor.py:157} INFO - Started process (PID=2921) to work on /home/airflow/.local/lib/python3.8/site-packages/airflow/example_dags/example_setup_teardown_taskflow.py
[2023-09-01T15:17:12.855+0000] {processor.py:829} INFO - Processing file /home/airflow/.local/lib/python3.8/site-packages/airflow/example_dags/example_setup_teardown_taskflow.py for tasks to queue
[2023-09-01T15:17:12.859+0000] {logging_mixin.py:151} INFO - [2023-09-01T15:17:12.859+0000] {dagbag.py:539} INFO - Filling up the DagBag from /home/airflow/.local/lib/python3.8/site-packages/airflow/example_dags/example_setup_teardown_taskflow.py
[2023-09-01T15:17:12.871+0000] {processor.py:839} INFO - DAG(s) dict_keys(['example_setup_teardown_taskflow']) retrieved from /home/airflow/.local/lib/python3.8/site-packages/airflow/example_dags/example_setup_teardown_taskflow.py
[2023-09-01T15:17:12.897+0000] {logging_mixin.py:151} INFO - [2023-09-01T15:17:12.897+0000] {dag.py:2907} INFO - Sync 1 DAGs
[2023-09-01T15:17:12.924+0000] {logging_mixin.py:151} INFO - [2023-09-01T15:17:12.924+0000] {dag.py:3677} INFO - Setting next_dagrun for example_setup_teardown_taskflow to 2023-08-31T15:17:12.924006+00:00, run_after=2023-09-01T15:17:12.924006+00:00
[2023-09-01T15:17:12.948+0000] {processor.py:179} INFO - Processing /home/airflow/.local/lib/python3.8/site-packages/airflow/example_dags/example_setup_teardown_taskflow.py took 0.098 seconds
[2023-09-01T15:17:43.282+0000] {processor.py:157} INFO - Started process (PID=2975) to work on /home/airflow/.local/lib/python3.8/site-packages/airflow/example_dags/example_setup_teardown_taskflow.py
[2023-09-01T15:17:43.284+0000] {processor.py:829} INFO - Processing file /home/airflow/.local/lib/python3.8/site-packages/airflow/example_dags/example_setup_teardown_taskflow.py for tasks to queue
[2023-09-01T15:17:43.287+0000] {logging_mixin.py:151} INFO - [2023-09-01T15:17:43.287+0000] {dagbag.py:539} INFO - Filling up the DagBag from /home/airflow/.local/lib/python3.8/site-packages/airflow/example_dags/example_setup_teardown_taskflow.py
[2023-09-01T15:17:43.298+0000] {processor.py:839} INFO - DAG(s) dict_keys(['example_setup_teardown_taskflow']) retrieved from /home/airflow/.local/lib/python3.8/site-packages/airflow/example_dags/example_setup_teardown_taskflow.py
[2023-09-01T15:17:43.322+0000] {logging_mixin.py:151} INFO - [2023-09-01T15:17:43.322+0000] {dag.py:2907} INFO - Sync 1 DAGs
[2023-09-01T15:17:43.347+0000] {logging_mixin.py:151} INFO - [2023-09-01T15:17:43.346+0000] {dag.py:3677} INFO - Setting next_dagrun for example_setup_teardown_taskflow to 2023-08-31T15:17:43.346644+00:00, run_after=2023-09-01T15:17:43.346644+00:00
[2023-09-01T15:17:43.366+0000] {processor.py:179} INFO - Processing /home/airflow/.local/lib/python3.8/site-packages/airflow/example_dags/example_setup_teardown_taskflow.py took 0.088 seconds
[2023-09-01T15:18:14.350+0000] {processor.py:157} INFO - Started process (PID=3029) to work on /home/airflow/.local/lib/python3.8/site-packages/airflow/example_dags/example_setup_teardown_taskflow.py
[2023-09-01T15:18:14.352+0000] {processor.py:829} INFO - Processing file /home/airflow/.local/lib/python3.8/site-packages/airflow/example_dags/example_setup_teardown_taskflow.py for tasks to queue
[2023-09-01T15:18:14.356+0000] {logging_mixin.py:151} INFO - [2023-09-01T15:18:14.355+0000] {dagbag.py:539} INFO - Filling up the DagBag from /home/airflow/.local/lib/python3.8/site-packages/airflow/example_dags/example_setup_teardown_taskflow.py
[2023-09-01T15:18:14.369+0000] {processor.py:839} INFO - DAG(s) dict_keys(['example_setup_teardown_taskflow']) retrieved from /home/airflow/.local/lib/python3.8/site-packages/airflow/example_dags/example_setup_teardown_taskflow.py
[2023-09-01T15:18:14.397+0000] {logging_mixin.py:151} INFO - [2023-09-01T15:18:14.397+0000] {dag.py:2907} INFO - Sync 1 DAGs
[2023-09-01T15:18:14.424+0000] {logging_mixin.py:151} INFO - [2023-09-01T15:18:14.424+0000] {dag.py:3677} INFO - Setting next_dagrun for example_setup_teardown_taskflow to 2023-08-31T15:18:14.423939+00:00, run_after=2023-09-01T15:18:14.423939+00:00
[2023-09-01T15:18:14.443+0000] {processor.py:179} INFO - Processing /home/airflow/.local/lib/python3.8/site-packages/airflow/example_dags/example_setup_teardown_taskflow.py took 0.097 seconds
[2023-09-01T15:18:45.080+0000] {processor.py:157} INFO - Started process (PID=3083) to work on /home/airflow/.local/lib/python3.8/site-packages/airflow/example_dags/example_setup_teardown_taskflow.py
[2023-09-01T15:18:45.081+0000] {processor.py:829} INFO - Processing file /home/airflow/.local/lib/python3.8/site-packages/airflow/example_dags/example_setup_teardown_taskflow.py for tasks to queue
[2023-09-01T15:18:45.085+0000] {logging_mixin.py:151} INFO - [2023-09-01T15:18:45.085+0000] {dagbag.py:539} INFO - Filling up the DagBag from /home/airflow/.local/lib/python3.8/site-packages/airflow/example_dags/example_setup_teardown_taskflow.py
[2023-09-01T15:18:45.096+0000] {processor.py:839} INFO - DAG(s) dict_keys(['example_setup_teardown_taskflow']) retrieved from /home/airflow/.local/lib/python3.8/site-packages/airflow/example_dags/example_setup_teardown_taskflow.py
[2023-09-01T15:18:45.121+0000] {logging_mixin.py:151} INFO - [2023-09-01T15:18:45.121+0000] {dag.py:2907} INFO - Sync 1 DAGs
[2023-09-01T15:18:45.145+0000] {logging_mixin.py:151} INFO - [2023-09-01T15:18:45.145+0000] {dag.py:3677} INFO - Setting next_dagrun for example_setup_teardown_taskflow to 2023-08-31T15:18:45.144867+00:00, run_after=2023-09-01T15:18:45.144867+00:00
[2023-09-01T15:18:45.165+0000] {processor.py:179} INFO - Processing /home/airflow/.local/lib/python3.8/site-packages/airflow/example_dags/example_setup_teardown_taskflow.py took 0.088 seconds
[2023-09-01T15:19:15.585+0000] {processor.py:157} INFO - Started process (PID=3137) to work on /home/airflow/.local/lib/python3.8/site-packages/airflow/example_dags/example_setup_teardown_taskflow.py
[2023-09-01T15:19:15.587+0000] {processor.py:829} INFO - Processing file /home/airflow/.local/lib/python3.8/site-packages/airflow/example_dags/example_setup_teardown_taskflow.py for tasks to queue
[2023-09-01T15:19:15.590+0000] {logging_mixin.py:151} INFO - [2023-09-01T15:19:15.590+0000] {dagbag.py:539} INFO - Filling up the DagBag from /home/airflow/.local/lib/python3.8/site-packages/airflow/example_dags/example_setup_teardown_taskflow.py
[2023-09-01T15:19:15.601+0000] {processor.py:839} INFO - DAG(s) dict_keys(['example_setup_teardown_taskflow']) retrieved from /home/airflow/.local/lib/python3.8/site-packages/airflow/example_dags/example_setup_teardown_taskflow.py
[2023-09-01T15:19:15.626+0000] {logging_mixin.py:151} INFO - [2023-09-01T15:19:15.625+0000] {dag.py:2907} INFO - Sync 1 DAGs
[2023-09-01T15:19:15.650+0000] {logging_mixin.py:151} INFO - [2023-09-01T15:19:15.650+0000] {dag.py:3677} INFO - Setting next_dagrun for example_setup_teardown_taskflow to 2023-08-31T15:19:15.650049+00:00, run_after=2023-09-01T15:19:15.650049+00:00
[2023-09-01T15:19:15.669+0000] {processor.py:179} INFO - Processing /home/airflow/.local/lib/python3.8/site-packages/airflow/example_dags/example_setup_teardown_taskflow.py took 0.087 seconds
[2023-09-01T15:19:46.230+0000] {processor.py:157} INFO - Started process (PID=3191) to work on /home/airflow/.local/lib/python3.8/site-packages/airflow/example_dags/example_setup_teardown_taskflow.py
[2023-09-01T15:19:46.231+0000] {processor.py:829} INFO - Processing file /home/airflow/.local/lib/python3.8/site-packages/airflow/example_dags/example_setup_teardown_taskflow.py for tasks to queue
[2023-09-01T15:19:46.235+0000] {logging_mixin.py:151} INFO - [2023-09-01T15:19:46.234+0000] {dagbag.py:539} INFO - Filling up the DagBag from /home/airflow/.local/lib/python3.8/site-packages/airflow/example_dags/example_setup_teardown_taskflow.py
[2023-09-01T15:19:46.246+0000] {processor.py:839} INFO - DAG(s) dict_keys(['example_setup_teardown_taskflow']) retrieved from /home/airflow/.local/lib/python3.8/site-packages/airflow/example_dags/example_setup_teardown_taskflow.py
[2023-09-01T15:19:46.270+0000] {logging_mixin.py:151} INFO - [2023-09-01T15:19:46.270+0000] {dag.py:2907} INFO - Sync 1 DAGs
[2023-09-01T15:19:46.294+0000] {logging_mixin.py:151} INFO - [2023-09-01T15:19:46.294+0000] {dag.py:3677} INFO - Setting next_dagrun for example_setup_teardown_taskflow to 2023-08-31T15:19:46.293777+00:00, run_after=2023-09-01T15:19:46.293777+00:00
[2023-09-01T15:19:46.313+0000] {processor.py:179} INFO - Processing /home/airflow/.local/lib/python3.8/site-packages/airflow/example_dags/example_setup_teardown_taskflow.py took 0.087 seconds
[2023-09-01T15:20:16.680+0000] {processor.py:157} INFO - Started process (PID=3245) to work on /home/airflow/.local/lib/python3.8/site-packages/airflow/example_dags/example_setup_teardown_taskflow.py
[2023-09-01T15:20:16.682+0000] {processor.py:829} INFO - Processing file /home/airflow/.local/lib/python3.8/site-packages/airflow/example_dags/example_setup_teardown_taskflow.py for tasks to queue
[2023-09-01T15:20:16.685+0000] {logging_mixin.py:151} INFO - [2023-09-01T15:20:16.685+0000] {dagbag.py:539} INFO - Filling up the DagBag from /home/airflow/.local/lib/python3.8/site-packages/airflow/example_dags/example_setup_teardown_taskflow.py
[2023-09-01T15:20:16.696+0000] {processor.py:839} INFO - DAG(s) dict_keys(['example_setup_teardown_taskflow']) retrieved from /home/airflow/.local/lib/python3.8/site-packages/airflow/example_dags/example_setup_teardown_taskflow.py
[2023-09-01T15:20:16.719+0000] {logging_mixin.py:151} INFO - [2023-09-01T15:20:16.719+0000] {dag.py:2907} INFO - Sync 1 DAGs
[2023-09-01T15:20:16.743+0000] {logging_mixin.py:151} INFO - [2023-09-01T15:20:16.743+0000] {dag.py:3677} INFO - Setting next_dagrun for example_setup_teardown_taskflow to 2023-08-31T15:20:16.742784+00:00, run_after=2023-09-01T15:20:16.742784+00:00
[2023-09-01T15:20:16.762+0000] {processor.py:179} INFO - Processing /home/airflow/.local/lib/python3.8/site-packages/airflow/example_dags/example_setup_teardown_taskflow.py took 0.086 seconds
[2023-09-01T15:20:47.202+0000] {processor.py:157} INFO - Started process (PID=3299) to work on /home/airflow/.local/lib/python3.8/site-packages/airflow/example_dags/example_setup_teardown_taskflow.py
[2023-09-01T15:20:47.204+0000] {processor.py:829} INFO - Processing file /home/airflow/.local/lib/python3.8/site-packages/airflow/example_dags/example_setup_teardown_taskflow.py for tasks to queue
[2023-09-01T15:20:47.207+0000] {logging_mixin.py:151} INFO - [2023-09-01T15:20:47.207+0000] {dagbag.py:539} INFO - Filling up the DagBag from /home/airflow/.local/lib/python3.8/site-packages/airflow/example_dags/example_setup_teardown_taskflow.py
[2023-09-01T15:20:47.218+0000] {processor.py:839} INFO - DAG(s) dict_keys(['example_setup_teardown_taskflow']) retrieved from /home/airflow/.local/lib/python3.8/site-packages/airflow/example_dags/example_setup_teardown_taskflow.py
[2023-09-01T15:20:47.243+0000] {logging_mixin.py:151} INFO - [2023-09-01T15:20:47.243+0000] {dag.py:2907} INFO - Sync 1 DAGs
[2023-09-01T15:20:47.266+0000] {logging_mixin.py:151} INFO - [2023-09-01T15:20:47.266+0000] {dag.py:3677} INFO - Setting next_dagrun for example_setup_teardown_taskflow to 2023-08-31T15:20:47.266156+00:00, run_after=2023-09-01T15:20:47.266156+00:00
[2023-09-01T15:20:47.284+0000] {processor.py:179} INFO - Processing /home/airflow/.local/lib/python3.8/site-packages/airflow/example_dags/example_setup_teardown_taskflow.py took 0.086 seconds
[2023-09-01T15:21:17.878+0000] {processor.py:157} INFO - Started process (PID=3353) to work on /home/airflow/.local/lib/python3.8/site-packages/airflow/example_dags/example_setup_teardown_taskflow.py
[2023-09-01T15:21:17.879+0000] {processor.py:829} INFO - Processing file /home/airflow/.local/lib/python3.8/site-packages/airflow/example_dags/example_setup_teardown_taskflow.py for tasks to queue
[2023-09-01T15:21:17.883+0000] {logging_mixin.py:151} INFO - [2023-09-01T15:21:17.883+0000] {dagbag.py:539} INFO - Filling up the DagBag from /home/airflow/.local/lib/python3.8/site-packages/airflow/example_dags/example_setup_teardown_taskflow.py
[2023-09-01T15:21:17.894+0000] {processor.py:839} INFO - DAG(s) dict_keys(['example_setup_teardown_taskflow']) retrieved from /home/airflow/.local/lib/python3.8/site-packages/airflow/example_dags/example_setup_teardown_taskflow.py
[2023-09-01T15:21:17.918+0000] {logging_mixin.py:151} INFO - [2023-09-01T15:21:17.918+0000] {dag.py:2907} INFO - Sync 1 DAGs
[2023-09-01T15:21:17.943+0000] {logging_mixin.py:151} INFO - [2023-09-01T15:21:17.943+0000] {dag.py:3677} INFO - Setting next_dagrun for example_setup_teardown_taskflow to 2023-08-31T15:21:17.943044+00:00, run_after=2023-09-01T15:21:17.943044+00:00
[2023-09-01T15:21:17.963+0000] {processor.py:179} INFO - Processing /home/airflow/.local/lib/python3.8/site-packages/airflow/example_dags/example_setup_teardown_taskflow.py took 0.089 seconds
[2023-09-01T15:21:48.626+0000] {processor.py:157} INFO - Started process (PID=3407) to work on /home/airflow/.local/lib/python3.8/site-packages/airflow/example_dags/example_setup_teardown_taskflow.py
[2023-09-01T15:21:48.627+0000] {processor.py:829} INFO - Processing file /home/airflow/.local/lib/python3.8/site-packages/airflow/example_dags/example_setup_teardown_taskflow.py for tasks to queue
[2023-09-01T15:21:48.631+0000] {logging_mixin.py:151} INFO - [2023-09-01T15:21:48.630+0000] {dagbag.py:539} INFO - Filling up the DagBag from /home/airflow/.local/lib/python3.8/site-packages/airflow/example_dags/example_setup_teardown_taskflow.py
[2023-09-01T15:21:48.641+0000] {processor.py:839} INFO - DAG(s) dict_keys(['example_setup_teardown_taskflow']) retrieved from /home/airflow/.local/lib/python3.8/site-packages/airflow/example_dags/example_setup_teardown_taskflow.py
[2023-09-01T15:21:48.665+0000] {logging_mixin.py:151} INFO - [2023-09-01T15:21:48.665+0000] {dag.py:2907} INFO - Sync 1 DAGs
[2023-09-01T15:21:48.691+0000] {logging_mixin.py:151} INFO - [2023-09-01T15:21:48.690+0000] {dag.py:3677} INFO - Setting next_dagrun for example_setup_teardown_taskflow to 2023-08-31T15:21:48.690686+00:00, run_after=2023-09-01T15:21:48.690686+00:00
[2023-09-01T15:21:48.710+0000] {processor.py:179} INFO - Processing /home/airflow/.local/lib/python3.8/site-packages/airflow/example_dags/example_setup_teardown_taskflow.py took 0.089 seconds
