[2023-09-01T14:50:23.772+0000] {processor.py:157} INFO - Started process (PID=70) to work on /home/airflow/.local/lib/python3.8/site-packages/airflow/example_dags/example_dag_decorator.py
[2023-09-01T14:50:23.773+0000] {processor.py:829} INFO - Processing file /home/airflow/.local/lib/python3.8/site-packages/airflow/example_dags/example_dag_decorator.py for tasks to queue
[2023-09-01T14:50:23.777+0000] {logging_mixin.py:151} INFO - [2023-09-01T14:50:23.777+0000] {dagbag.py:539} INFO - Filling up the DagBag from /home/airflow/.local/lib/python3.8/site-packages/airflow/example_dags/example_dag_decorator.py
[2023-09-01T14:50:24.093+0000] {processor.py:839} INFO - DAG(s) dict_keys(['example_dag_decorator']) retrieved from /home/airflow/.local/lib/python3.8/site-packages/airflow/example_dags/example_dag_decorator.py
[2023-09-01T14:50:24.206+0000] {logging_mixin.py:151} INFO - [2023-09-01T14:50:24.205+0000] {manager.py:501} INFO - Created Permission View: can read on DAG:example_dag_decorator
[2023-09-01T14:50:24.218+0000] {logging_mixin.py:151} INFO - [2023-09-01T14:50:24.218+0000] {manager.py:501} INFO - Created Permission View: can edit on DAG:example_dag_decorator
[2023-09-01T14:50:24.227+0000] {logging_mixin.py:151} INFO - [2023-09-01T14:50:24.227+0000] {manager.py:501} INFO - Created Permission View: can delete on DAG:example_dag_decorator
[2023-09-01T14:50:24.244+0000] {logging_mixin.py:151} INFO - [2023-09-01T14:50:24.244+0000] {dag.py:2907} INFO - Sync 1 DAGs
[2023-09-01T14:50:24.257+0000] {logging_mixin.py:151} INFO - [2023-09-01T14:50:24.257+0000] {dag.py:2929} INFO - Creating ORM DAG for example_dag_decorator
[2023-09-01T14:50:24.258+0000] {logging_mixin.py:151} INFO - [2023-09-01T14:50:24.258+0000] {dag.py:3677} INFO - Setting next_dagrun for example_dag_decorator to None, run_after=None
[2023-09-01T14:50:24.279+0000] {processor.py:179} INFO - Processing /home/airflow/.local/lib/python3.8/site-packages/airflow/example_dags/example_dag_decorator.py took 0.513 seconds
[2023-09-01T14:50:54.757+0000] {processor.py:157} INFO - Started process (PID=123) to work on /home/airflow/.local/lib/python3.8/site-packages/airflow/example_dags/example_dag_decorator.py
[2023-09-01T14:50:54.759+0000] {processor.py:829} INFO - Processing file /home/airflow/.local/lib/python3.8/site-packages/airflow/example_dags/example_dag_decorator.py for tasks to queue
[2023-09-01T14:50:54.762+0000] {logging_mixin.py:151} INFO - [2023-09-01T14:50:54.762+0000] {dagbag.py:539} INFO - Filling up the DagBag from /home/airflow/.local/lib/python3.8/site-packages/airflow/example_dags/example_dag_decorator.py
[2023-09-01T14:50:54.860+0000] {processor.py:839} INFO - DAG(s) dict_keys(['example_dag_decorator']) retrieved from /home/airflow/.local/lib/python3.8/site-packages/airflow/example_dags/example_dag_decorator.py
[2023-09-01T14:50:55.012+0000] {logging_mixin.py:151} INFO - [2023-09-01T14:50:55.012+0000] {dag.py:2907} INFO - Sync 1 DAGs
[2023-09-01T14:50:55.027+0000] {logging_mixin.py:151} INFO - [2023-09-01T14:50:55.027+0000] {dag.py:3677} INFO - Setting next_dagrun for example_dag_decorator to None, run_after=None
[2023-09-01T14:50:55.052+0000] {processor.py:179} INFO - Processing /home/airflow/.local/lib/python3.8/site-packages/airflow/example_dags/example_dag_decorator.py took 0.300 seconds
[2023-09-01T14:51:25.191+0000] {processor.py:157} INFO - Started process (PID=178) to work on /home/airflow/.local/lib/python3.8/site-packages/airflow/example_dags/example_dag_decorator.py
[2023-09-01T14:51:25.193+0000] {processor.py:829} INFO - Processing file /home/airflow/.local/lib/python3.8/site-packages/airflow/example_dags/example_dag_decorator.py for tasks to queue
[2023-09-01T14:51:25.197+0000] {logging_mixin.py:151} INFO - [2023-09-01T14:51:25.196+0000] {dagbag.py:539} INFO - Filling up the DagBag from /home/airflow/.local/lib/python3.8/site-packages/airflow/example_dags/example_dag_decorator.py
[2023-09-01T14:51:25.303+0000] {processor.py:839} INFO - DAG(s) dict_keys(['example_dag_decorator']) retrieved from /home/airflow/.local/lib/python3.8/site-packages/airflow/example_dags/example_dag_decorator.py
[2023-09-01T14:51:25.470+0000] {logging_mixin.py:151} INFO - [2023-09-01T14:51:25.469+0000] {dag.py:2907} INFO - Sync 1 DAGs
[2023-09-01T14:51:25.485+0000] {logging_mixin.py:151} INFO - [2023-09-01T14:51:25.485+0000] {dag.py:3677} INFO - Setting next_dagrun for example_dag_decorator to None, run_after=None
[2023-09-01T14:51:25.512+0000] {processor.py:179} INFO - Processing /home/airflow/.local/lib/python3.8/site-packages/airflow/example_dags/example_dag_decorator.py took 0.327 seconds
[2023-09-01T14:51:55.663+0000] {processor.py:157} INFO - Started process (PID=232) to work on /home/airflow/.local/lib/python3.8/site-packages/airflow/example_dags/example_dag_decorator.py
[2023-09-01T14:51:55.665+0000] {processor.py:829} INFO - Processing file /home/airflow/.local/lib/python3.8/site-packages/airflow/example_dags/example_dag_decorator.py for tasks to queue
[2023-09-01T14:51:55.668+0000] {logging_mixin.py:151} INFO - [2023-09-01T14:51:55.668+0000] {dagbag.py:539} INFO - Filling up the DagBag from /home/airflow/.local/lib/python3.8/site-packages/airflow/example_dags/example_dag_decorator.py
[2023-09-01T14:51:55.757+0000] {processor.py:839} INFO - DAG(s) dict_keys(['example_dag_decorator']) retrieved from /home/airflow/.local/lib/python3.8/site-packages/airflow/example_dags/example_dag_decorator.py
[2023-09-01T14:51:55.884+0000] {logging_mixin.py:151} INFO - [2023-09-01T14:51:55.884+0000] {dag.py:2907} INFO - Sync 1 DAGs
[2023-09-01T14:51:55.896+0000] {logging_mixin.py:151} INFO - [2023-09-01T14:51:55.896+0000] {dag.py:3677} INFO - Setting next_dagrun for example_dag_decorator to None, run_after=None
[2023-09-01T14:51:55.917+0000] {processor.py:179} INFO - Processing /home/airflow/.local/lib/python3.8/site-packages/airflow/example_dags/example_dag_decorator.py took 0.258 seconds
[2023-09-01T14:52:26.043+0000] {processor.py:157} INFO - Started process (PID=293) to work on /home/airflow/.local/lib/python3.8/site-packages/airflow/example_dags/example_dag_decorator.py
[2023-09-01T14:52:26.044+0000] {processor.py:829} INFO - Processing file /home/airflow/.local/lib/python3.8/site-packages/airflow/example_dags/example_dag_decorator.py for tasks to queue
[2023-09-01T14:52:26.048+0000] {logging_mixin.py:151} INFO - [2023-09-01T14:52:26.047+0000] {dagbag.py:539} INFO - Filling up the DagBag from /home/airflow/.local/lib/python3.8/site-packages/airflow/example_dags/example_dag_decorator.py
[2023-09-01T14:52:26.132+0000] {processor.py:839} INFO - DAG(s) dict_keys(['example_dag_decorator']) retrieved from /home/airflow/.local/lib/python3.8/site-packages/airflow/example_dags/example_dag_decorator.py
[2023-09-01T14:52:26.255+0000] {logging_mixin.py:151} INFO - [2023-09-01T14:52:26.254+0000] {dag.py:2907} INFO - Sync 1 DAGs
[2023-09-01T14:52:26.267+0000] {logging_mixin.py:151} INFO - [2023-09-01T14:52:26.267+0000] {dag.py:3677} INFO - Setting next_dagrun for example_dag_decorator to None, run_after=None
[2023-09-01T14:52:26.287+0000] {processor.py:179} INFO - Processing /home/airflow/.local/lib/python3.8/site-packages/airflow/example_dags/example_dag_decorator.py took 0.249 seconds
[2023-09-01T14:52:57.000+0000] {processor.py:157} INFO - Started process (PID=346) to work on /home/airflow/.local/lib/python3.8/site-packages/airflow/example_dags/example_dag_decorator.py
[2023-09-01T14:52:57.002+0000] {processor.py:829} INFO - Processing file /home/airflow/.local/lib/python3.8/site-packages/airflow/example_dags/example_dag_decorator.py for tasks to queue
[2023-09-01T14:52:57.005+0000] {logging_mixin.py:151} INFO - [2023-09-01T14:52:57.004+0000] {dagbag.py:539} INFO - Filling up the DagBag from /home/airflow/.local/lib/python3.8/site-packages/airflow/example_dags/example_dag_decorator.py
[2023-09-01T14:52:57.091+0000] {processor.py:839} INFO - DAG(s) dict_keys(['example_dag_decorator']) retrieved from /home/airflow/.local/lib/python3.8/site-packages/airflow/example_dags/example_dag_decorator.py
[2023-09-01T14:52:57.119+0000] {logging_mixin.py:151} INFO - [2023-09-01T14:52:57.119+0000] {dag.py:2907} INFO - Sync 1 DAGs
[2023-09-01T14:52:57.134+0000] {logging_mixin.py:151} INFO - [2023-09-01T14:52:57.134+0000] {dag.py:3677} INFO - Setting next_dagrun for example_dag_decorator to None, run_after=None
[2023-09-01T14:52:57.154+0000] {processor.py:179} INFO - Processing /home/airflow/.local/lib/python3.8/site-packages/airflow/example_dags/example_dag_decorator.py took 0.159 seconds
[2023-09-01T14:53:27.680+0000] {processor.py:157} INFO - Started process (PID=401) to work on /home/airflow/.local/lib/python3.8/site-packages/airflow/example_dags/example_dag_decorator.py
[2023-09-01T14:53:27.681+0000] {processor.py:829} INFO - Processing file /home/airflow/.local/lib/python3.8/site-packages/airflow/example_dags/example_dag_decorator.py for tasks to queue
[2023-09-01T14:53:27.684+0000] {logging_mixin.py:151} INFO - [2023-09-01T14:53:27.684+0000] {dagbag.py:539} INFO - Filling up the DagBag from /home/airflow/.local/lib/python3.8/site-packages/airflow/example_dags/example_dag_decorator.py
[2023-09-01T14:53:27.761+0000] {processor.py:839} INFO - DAG(s) dict_keys(['example_dag_decorator']) retrieved from /home/airflow/.local/lib/python3.8/site-packages/airflow/example_dags/example_dag_decorator.py
[2023-09-01T14:53:27.905+0000] {logging_mixin.py:151} INFO - [2023-09-01T14:53:27.905+0000] {dag.py:2907} INFO - Sync 1 DAGs
[2023-09-01T14:53:27.920+0000] {logging_mixin.py:151} INFO - [2023-09-01T14:53:27.920+0000] {dag.py:3677} INFO - Setting next_dagrun for example_dag_decorator to None, run_after=None
[2023-09-01T14:53:27.952+0000] {processor.py:179} INFO - Processing /home/airflow/.local/lib/python3.8/site-packages/airflow/example_dags/example_dag_decorator.py took 0.276 seconds
[2023-09-01T14:53:58.607+0000] {processor.py:157} INFO - Started process (PID=455) to work on /home/airflow/.local/lib/python3.8/site-packages/airflow/example_dags/example_dag_decorator.py
[2023-09-01T14:53:58.609+0000] {processor.py:829} INFO - Processing file /home/airflow/.local/lib/python3.8/site-packages/airflow/example_dags/example_dag_decorator.py for tasks to queue
[2023-09-01T14:53:58.611+0000] {logging_mixin.py:151} INFO - [2023-09-01T14:53:58.611+0000] {dagbag.py:539} INFO - Filling up the DagBag from /home/airflow/.local/lib/python3.8/site-packages/airflow/example_dags/example_dag_decorator.py
[2023-09-01T14:53:58.686+0000] {processor.py:839} INFO - DAG(s) dict_keys(['example_dag_decorator']) retrieved from /home/airflow/.local/lib/python3.8/site-packages/airflow/example_dags/example_dag_decorator.py
[2023-09-01T14:53:58.796+0000] {logging_mixin.py:151} INFO - [2023-09-01T14:53:58.796+0000] {dag.py:2907} INFO - Sync 1 DAGs
[2023-09-01T14:53:58.805+0000] {logging_mixin.py:151} INFO - [2023-09-01T14:53:58.805+0000] {dag.py:3677} INFO - Setting next_dagrun for example_dag_decorator to None, run_after=None
[2023-09-01T14:53:58.822+0000] {processor.py:179} INFO - Processing /home/airflow/.local/lib/python3.8/site-packages/airflow/example_dags/example_dag_decorator.py took 0.219 seconds
[2023-09-01T14:54:28.882+0000] {processor.py:157} INFO - Started process (PID=510) to work on /home/airflow/.local/lib/python3.8/site-packages/airflow/example_dags/example_dag_decorator.py
[2023-09-01T14:54:28.884+0000] {processor.py:829} INFO - Processing file /home/airflow/.local/lib/python3.8/site-packages/airflow/example_dags/example_dag_decorator.py for tasks to queue
[2023-09-01T14:54:28.886+0000] {logging_mixin.py:151} INFO - [2023-09-01T14:54:28.886+0000] {dagbag.py:539} INFO - Filling up the DagBag from /home/airflow/.local/lib/python3.8/site-packages/airflow/example_dags/example_dag_decorator.py
[2023-09-01T14:54:28.952+0000] {processor.py:839} INFO - DAG(s) dict_keys(['example_dag_decorator']) retrieved from /home/airflow/.local/lib/python3.8/site-packages/airflow/example_dags/example_dag_decorator.py
[2023-09-01T14:54:29.049+0000] {logging_mixin.py:151} INFO - [2023-09-01T14:54:29.049+0000] {dag.py:2907} INFO - Sync 1 DAGs
[2023-09-01T14:54:29.058+0000] {logging_mixin.py:151} INFO - [2023-09-01T14:54:29.058+0000] {dag.py:3677} INFO - Setting next_dagrun for example_dag_decorator to None, run_after=None
[2023-09-01T14:54:29.074+0000] {processor.py:179} INFO - Processing /home/airflow/.local/lib/python3.8/site-packages/airflow/example_dags/example_dag_decorator.py took 0.196 seconds
[2023-09-01T14:54:59.854+0000] {processor.py:157} INFO - Started process (PID=563) to work on /home/airflow/.local/lib/python3.8/site-packages/airflow/example_dags/example_dag_decorator.py
[2023-09-01T14:54:59.856+0000] {processor.py:829} INFO - Processing file /home/airflow/.local/lib/python3.8/site-packages/airflow/example_dags/example_dag_decorator.py for tasks to queue
[2023-09-01T14:54:59.858+0000] {logging_mixin.py:151} INFO - [2023-09-01T14:54:59.858+0000] {dagbag.py:539} INFO - Filling up the DagBag from /home/airflow/.local/lib/python3.8/site-packages/airflow/example_dags/example_dag_decorator.py
[2023-09-01T14:54:59.934+0000] {processor.py:839} INFO - DAG(s) dict_keys(['example_dag_decorator']) retrieved from /home/airflow/.local/lib/python3.8/site-packages/airflow/example_dags/example_dag_decorator.py
[2023-09-01T14:55:00.047+0000] {logging_mixin.py:151} INFO - [2023-09-01T14:55:00.046+0000] {dag.py:2907} INFO - Sync 1 DAGs
[2023-09-01T14:55:00.059+0000] {logging_mixin.py:151} INFO - [2023-09-01T14:55:00.058+0000] {dag.py:3677} INFO - Setting next_dagrun for example_dag_decorator to None, run_after=None
[2023-09-01T14:55:00.078+0000] {processor.py:179} INFO - Processing /home/airflow/.local/lib/python3.8/site-packages/airflow/example_dags/example_dag_decorator.py took 0.228 seconds
[2023-09-01T14:55:30.858+0000] {processor.py:157} INFO - Started process (PID=617) to work on /home/airflow/.local/lib/python3.8/site-packages/airflow/example_dags/example_dag_decorator.py
[2023-09-01T14:55:30.859+0000] {processor.py:829} INFO - Processing file /home/airflow/.local/lib/python3.8/site-packages/airflow/example_dags/example_dag_decorator.py for tasks to queue
[2023-09-01T14:55:30.862+0000] {logging_mixin.py:151} INFO - [2023-09-01T14:55:30.862+0000] {dagbag.py:539} INFO - Filling up the DagBag from /home/airflow/.local/lib/python3.8/site-packages/airflow/example_dags/example_dag_decorator.py
[2023-09-01T14:55:30.936+0000] {processor.py:839} INFO - DAG(s) dict_keys(['example_dag_decorator']) retrieved from /home/airflow/.local/lib/python3.8/site-packages/airflow/example_dags/example_dag_decorator.py
[2023-09-01T14:55:31.046+0000] {logging_mixin.py:151} INFO - [2023-09-01T14:55:31.045+0000] {dag.py:2907} INFO - Sync 1 DAGs
[2023-09-01T14:55:31.057+0000] {logging_mixin.py:151} INFO - [2023-09-01T14:55:31.057+0000] {dag.py:3677} INFO - Setting next_dagrun for example_dag_decorator to None, run_after=None
[2023-09-01T14:55:31.074+0000] {processor.py:179} INFO - Processing /home/airflow/.local/lib/python3.8/site-packages/airflow/example_dags/example_dag_decorator.py took 0.221 seconds
[2023-09-01T14:56:01.441+0000] {processor.py:157} INFO - Started process (PID=671) to work on /home/airflow/.local/lib/python3.8/site-packages/airflow/example_dags/example_dag_decorator.py
[2023-09-01T14:56:01.442+0000] {processor.py:829} INFO - Processing file /home/airflow/.local/lib/python3.8/site-packages/airflow/example_dags/example_dag_decorator.py for tasks to queue
[2023-09-01T14:56:01.445+0000] {logging_mixin.py:151} INFO - [2023-09-01T14:56:01.445+0000] {dagbag.py:539} INFO - Filling up the DagBag from /home/airflow/.local/lib/python3.8/site-packages/airflow/example_dags/example_dag_decorator.py
[2023-09-01T14:56:01.519+0000] {processor.py:839} INFO - DAG(s) dict_keys(['example_dag_decorator']) retrieved from /home/airflow/.local/lib/python3.8/site-packages/airflow/example_dags/example_dag_decorator.py
[2023-09-01T14:56:01.636+0000] {logging_mixin.py:151} INFO - [2023-09-01T14:56:01.636+0000] {dag.py:2907} INFO - Sync 1 DAGs
[2023-09-01T14:56:01.649+0000] {logging_mixin.py:151} INFO - [2023-09-01T14:56:01.648+0000] {dag.py:3677} INFO - Setting next_dagrun for example_dag_decorator to None, run_after=None
[2023-09-01T14:56:01.668+0000] {processor.py:179} INFO - Processing /home/airflow/.local/lib/python3.8/site-packages/airflow/example_dags/example_dag_decorator.py took 0.232 seconds
[2023-09-01T14:56:32.241+0000] {processor.py:157} INFO - Started process (PID=725) to work on /home/airflow/.local/lib/python3.8/site-packages/airflow/example_dags/example_dag_decorator.py
[2023-09-01T14:56:32.242+0000] {processor.py:829} INFO - Processing file /home/airflow/.local/lib/python3.8/site-packages/airflow/example_dags/example_dag_decorator.py for tasks to queue
[2023-09-01T14:56:32.245+0000] {logging_mixin.py:151} INFO - [2023-09-01T14:56:32.244+0000] {dagbag.py:539} INFO - Filling up the DagBag from /home/airflow/.local/lib/python3.8/site-packages/airflow/example_dags/example_dag_decorator.py
[2023-09-01T14:56:32.318+0000] {processor.py:839} INFO - DAG(s) dict_keys(['example_dag_decorator']) retrieved from /home/airflow/.local/lib/python3.8/site-packages/airflow/example_dags/example_dag_decorator.py
[2023-09-01T14:56:32.435+0000] {logging_mixin.py:151} INFO - [2023-09-01T14:56:32.434+0000] {dag.py:2907} INFO - Sync 1 DAGs
[2023-09-01T14:56:32.446+0000] {logging_mixin.py:151} INFO - [2023-09-01T14:56:32.445+0000] {dag.py:3677} INFO - Setting next_dagrun for example_dag_decorator to None, run_after=None
[2023-09-01T14:56:32.465+0000] {processor.py:179} INFO - Processing /home/airflow/.local/lib/python3.8/site-packages/airflow/example_dags/example_dag_decorator.py took 0.229 seconds
[2023-09-01T14:57:03.030+0000] {processor.py:157} INFO - Started process (PID=779) to work on /home/airflow/.local/lib/python3.8/site-packages/airflow/example_dags/example_dag_decorator.py
[2023-09-01T14:57:03.031+0000] {processor.py:829} INFO - Processing file /home/airflow/.local/lib/python3.8/site-packages/airflow/example_dags/example_dag_decorator.py for tasks to queue
[2023-09-01T14:57:03.034+0000] {logging_mixin.py:151} INFO - [2023-09-01T14:57:03.034+0000] {dagbag.py:539} INFO - Filling up the DagBag from /home/airflow/.local/lib/python3.8/site-packages/airflow/example_dags/example_dag_decorator.py
[2023-09-01T14:57:03.106+0000] {processor.py:839} INFO - DAG(s) dict_keys(['example_dag_decorator']) retrieved from /home/airflow/.local/lib/python3.8/site-packages/airflow/example_dags/example_dag_decorator.py
[2023-09-01T14:57:03.219+0000] {logging_mixin.py:151} INFO - [2023-09-01T14:57:03.219+0000] {dag.py:2907} INFO - Sync 1 DAGs
[2023-09-01T14:57:03.229+0000] {logging_mixin.py:151} INFO - [2023-09-01T14:57:03.229+0000] {dag.py:3677} INFO - Setting next_dagrun for example_dag_decorator to None, run_after=None
[2023-09-01T14:57:03.247+0000] {processor.py:179} INFO - Processing /home/airflow/.local/lib/python3.8/site-packages/airflow/example_dags/example_dag_decorator.py took 0.221 seconds
[2023-09-01T14:57:33.843+0000] {processor.py:157} INFO - Started process (PID=833) to work on /home/airflow/.local/lib/python3.8/site-packages/airflow/example_dags/example_dag_decorator.py
[2023-09-01T14:57:33.845+0000] {processor.py:829} INFO - Processing file /home/airflow/.local/lib/python3.8/site-packages/airflow/example_dags/example_dag_decorator.py for tasks to queue
[2023-09-01T14:57:33.847+0000] {logging_mixin.py:151} INFO - [2023-09-01T14:57:33.847+0000] {dagbag.py:539} INFO - Filling up the DagBag from /home/airflow/.local/lib/python3.8/site-packages/airflow/example_dags/example_dag_decorator.py
[2023-09-01T14:57:33.917+0000] {processor.py:839} INFO - DAG(s) dict_keys(['example_dag_decorator']) retrieved from /home/airflow/.local/lib/python3.8/site-packages/airflow/example_dags/example_dag_decorator.py
[2023-09-01T14:57:34.028+0000] {logging_mixin.py:151} INFO - [2023-09-01T14:57:34.028+0000] {dag.py:2907} INFO - Sync 1 DAGs
[2023-09-01T14:57:34.037+0000] {logging_mixin.py:151} INFO - [2023-09-01T14:57:34.037+0000] {dag.py:3677} INFO - Setting next_dagrun for example_dag_decorator to None, run_after=None
[2023-09-01T14:57:34.055+0000] {processor.py:179} INFO - Processing /home/airflow/.local/lib/python3.8/site-packages/airflow/example_dags/example_dag_decorator.py took 0.216 seconds
[2023-09-01T14:58:04.572+0000] {processor.py:157} INFO - Started process (PID=887) to work on /home/airflow/.local/lib/python3.8/site-packages/airflow/example_dags/example_dag_decorator.py
[2023-09-01T14:58:04.574+0000] {processor.py:829} INFO - Processing file /home/airflow/.local/lib/python3.8/site-packages/airflow/example_dags/example_dag_decorator.py for tasks to queue
[2023-09-01T14:58:04.577+0000] {logging_mixin.py:151} INFO - [2023-09-01T14:58:04.576+0000] {dagbag.py:539} INFO - Filling up the DagBag from /home/airflow/.local/lib/python3.8/site-packages/airflow/example_dags/example_dag_decorator.py
[2023-09-01T14:58:04.651+0000] {processor.py:839} INFO - DAG(s) dict_keys(['example_dag_decorator']) retrieved from /home/airflow/.local/lib/python3.8/site-packages/airflow/example_dags/example_dag_decorator.py
[2023-09-01T14:58:04.768+0000] {logging_mixin.py:151} INFO - [2023-09-01T14:58:04.767+0000] {dag.py:2907} INFO - Sync 1 DAGs
[2023-09-01T14:58:04.779+0000] {logging_mixin.py:151} INFO - [2023-09-01T14:58:04.779+0000] {dag.py:3677} INFO - Setting next_dagrun for example_dag_decorator to None, run_after=None
[2023-09-01T14:58:04.798+0000] {processor.py:179} INFO - Processing /home/airflow/.local/lib/python3.8/site-packages/airflow/example_dags/example_dag_decorator.py took 0.230 seconds
[2023-09-01T14:58:35.461+0000] {processor.py:157} INFO - Started process (PID=941) to work on /home/airflow/.local/lib/python3.8/site-packages/airflow/example_dags/example_dag_decorator.py
[2023-09-01T14:58:35.462+0000] {processor.py:829} INFO - Processing file /home/airflow/.local/lib/python3.8/site-packages/airflow/example_dags/example_dag_decorator.py for tasks to queue
[2023-09-01T14:58:35.465+0000] {logging_mixin.py:151} INFO - [2023-09-01T14:58:35.465+0000] {dagbag.py:539} INFO - Filling up the DagBag from /home/airflow/.local/lib/python3.8/site-packages/airflow/example_dags/example_dag_decorator.py
[2023-09-01T14:58:35.541+0000] {processor.py:839} INFO - DAG(s) dict_keys(['example_dag_decorator']) retrieved from /home/airflow/.local/lib/python3.8/site-packages/airflow/example_dags/example_dag_decorator.py
[2023-09-01T14:58:35.656+0000] {logging_mixin.py:151} INFO - [2023-09-01T14:58:35.656+0000] {dag.py:2907} INFO - Sync 1 DAGs
[2023-09-01T14:58:35.670+0000] {logging_mixin.py:151} INFO - [2023-09-01T14:58:35.670+0000] {dag.py:3677} INFO - Setting next_dagrun for example_dag_decorator to None, run_after=None
[2023-09-01T14:58:35.689+0000] {processor.py:179} INFO - Processing /home/airflow/.local/lib/python3.8/site-packages/airflow/example_dags/example_dag_decorator.py took 0.233 seconds
[2023-09-01T14:59:06.260+0000] {processor.py:157} INFO - Started process (PID=995) to work on /home/airflow/.local/lib/python3.8/site-packages/airflow/example_dags/example_dag_decorator.py
[2023-09-01T14:59:06.261+0000] {processor.py:829} INFO - Processing file /home/airflow/.local/lib/python3.8/site-packages/airflow/example_dags/example_dag_decorator.py for tasks to queue
[2023-09-01T14:59:06.264+0000] {logging_mixin.py:151} INFO - [2023-09-01T14:59:06.264+0000] {dagbag.py:539} INFO - Filling up the DagBag from /home/airflow/.local/lib/python3.8/site-packages/airflow/example_dags/example_dag_decorator.py
[2023-09-01T14:59:06.339+0000] {processor.py:839} INFO - DAG(s) dict_keys(['example_dag_decorator']) retrieved from /home/airflow/.local/lib/python3.8/site-packages/airflow/example_dags/example_dag_decorator.py
[2023-09-01T14:59:06.455+0000] {logging_mixin.py:151} INFO - [2023-09-01T14:59:06.454+0000] {dag.py:2907} INFO - Sync 1 DAGs
[2023-09-01T14:59:06.466+0000] {logging_mixin.py:151} INFO - [2023-09-01T14:59:06.466+0000] {dag.py:3677} INFO - Setting next_dagrun for example_dag_decorator to None, run_after=None
[2023-09-01T14:59:06.486+0000] {processor.py:179} INFO - Processing /home/airflow/.local/lib/python3.8/site-packages/airflow/example_dags/example_dag_decorator.py took 0.231 seconds
[2023-09-01T14:59:36.933+0000] {processor.py:157} INFO - Started process (PID=1049) to work on /home/airflow/.local/lib/python3.8/site-packages/airflow/example_dags/example_dag_decorator.py
[2023-09-01T14:59:36.934+0000] {processor.py:829} INFO - Processing file /home/airflow/.local/lib/python3.8/site-packages/airflow/example_dags/example_dag_decorator.py for tasks to queue
[2023-09-01T14:59:36.937+0000] {logging_mixin.py:151} INFO - [2023-09-01T14:59:36.937+0000] {dagbag.py:539} INFO - Filling up the DagBag from /home/airflow/.local/lib/python3.8/site-packages/airflow/example_dags/example_dag_decorator.py
[2023-09-01T14:59:37.006+0000] {processor.py:839} INFO - DAG(s) dict_keys(['example_dag_decorator']) retrieved from /home/airflow/.local/lib/python3.8/site-packages/airflow/example_dags/example_dag_decorator.py
[2023-09-01T14:59:37.120+0000] {logging_mixin.py:151} INFO - [2023-09-01T14:59:37.120+0000] {dag.py:2907} INFO - Sync 1 DAGs
[2023-09-01T14:59:37.130+0000] {logging_mixin.py:151} INFO - [2023-09-01T14:59:37.130+0000] {dag.py:3677} INFO - Setting next_dagrun for example_dag_decorator to None, run_after=None
[2023-09-01T14:59:37.146+0000] {processor.py:179} INFO - Processing /home/airflow/.local/lib/python3.8/site-packages/airflow/example_dags/example_dag_decorator.py took 0.218 seconds
[2023-09-01T15:00:07.738+0000] {processor.py:157} INFO - Started process (PID=1103) to work on /home/airflow/.local/lib/python3.8/site-packages/airflow/example_dags/example_dag_decorator.py
[2023-09-01T15:00:07.740+0000] {processor.py:829} INFO - Processing file /home/airflow/.local/lib/python3.8/site-packages/airflow/example_dags/example_dag_decorator.py for tasks to queue
[2023-09-01T15:00:07.743+0000] {logging_mixin.py:151} INFO - [2023-09-01T15:00:07.742+0000] {dagbag.py:539} INFO - Filling up the DagBag from /home/airflow/.local/lib/python3.8/site-packages/airflow/example_dags/example_dag_decorator.py
[2023-09-01T15:00:07.817+0000] {processor.py:839} INFO - DAG(s) dict_keys(['example_dag_decorator']) retrieved from /home/airflow/.local/lib/python3.8/site-packages/airflow/example_dags/example_dag_decorator.py
[2023-09-01T15:00:07.946+0000] {logging_mixin.py:151} INFO - [2023-09-01T15:00:07.945+0000] {dag.py:2907} INFO - Sync 1 DAGs
[2023-09-01T15:00:07.958+0000] {logging_mixin.py:151} INFO - [2023-09-01T15:00:07.958+0000] {dag.py:3677} INFO - Setting next_dagrun for example_dag_decorator to None, run_after=None
[2023-09-01T15:00:07.993+0000] {processor.py:179} INFO - Processing /home/airflow/.local/lib/python3.8/site-packages/airflow/example_dags/example_dag_decorator.py took 0.259 seconds
[2023-09-01T15:00:38.594+0000] {processor.py:157} INFO - Started process (PID=1157) to work on /home/airflow/.local/lib/python3.8/site-packages/airflow/example_dags/example_dag_decorator.py
[2023-09-01T15:00:38.596+0000] {processor.py:829} INFO - Processing file /home/airflow/.local/lib/python3.8/site-packages/airflow/example_dags/example_dag_decorator.py for tasks to queue
[2023-09-01T15:00:38.599+0000] {logging_mixin.py:151} INFO - [2023-09-01T15:00:38.598+0000] {dagbag.py:539} INFO - Filling up the DagBag from /home/airflow/.local/lib/python3.8/site-packages/airflow/example_dags/example_dag_decorator.py
[2023-09-01T15:00:38.674+0000] {processor.py:839} INFO - DAG(s) dict_keys(['example_dag_decorator']) retrieved from /home/airflow/.local/lib/python3.8/site-packages/airflow/example_dags/example_dag_decorator.py
[2023-09-01T15:00:38.794+0000] {logging_mixin.py:151} INFO - [2023-09-01T15:00:38.793+0000] {dag.py:2907} INFO - Sync 1 DAGs
[2023-09-01T15:00:38.806+0000] {logging_mixin.py:151} INFO - [2023-09-01T15:00:38.806+0000] {dag.py:3677} INFO - Setting next_dagrun for example_dag_decorator to None, run_after=None
[2023-09-01T15:00:38.826+0000] {processor.py:179} INFO - Processing /home/airflow/.local/lib/python3.8/site-packages/airflow/example_dags/example_dag_decorator.py took 0.236 seconds
[2023-09-01T15:01:09.168+0000] {processor.py:157} INFO - Started process (PID=1211) to work on /home/airflow/.local/lib/python3.8/site-packages/airflow/example_dags/example_dag_decorator.py
[2023-09-01T15:01:09.170+0000] {processor.py:829} INFO - Processing file /home/airflow/.local/lib/python3.8/site-packages/airflow/example_dags/example_dag_decorator.py for tasks to queue
[2023-09-01T15:01:09.172+0000] {logging_mixin.py:151} INFO - [2023-09-01T15:01:09.172+0000] {dagbag.py:539} INFO - Filling up the DagBag from /home/airflow/.local/lib/python3.8/site-packages/airflow/example_dags/example_dag_decorator.py
[2023-09-01T15:01:09.247+0000] {processor.py:839} INFO - DAG(s) dict_keys(['example_dag_decorator']) retrieved from /home/airflow/.local/lib/python3.8/site-packages/airflow/example_dags/example_dag_decorator.py
[2023-09-01T15:01:09.364+0000] {logging_mixin.py:151} INFO - [2023-09-01T15:01:09.364+0000] {dag.py:2907} INFO - Sync 1 DAGs
[2023-09-01T15:01:09.375+0000] {logging_mixin.py:151} INFO - [2023-09-01T15:01:09.375+0000] {dag.py:3677} INFO - Setting next_dagrun for example_dag_decorator to None, run_after=None
[2023-09-01T15:01:09.395+0000] {processor.py:179} INFO - Processing /home/airflow/.local/lib/python3.8/site-packages/airflow/example_dags/example_dag_decorator.py took 0.231 seconds
[2023-09-01T15:01:40.011+0000] {processor.py:157} INFO - Started process (PID=1265) to work on /home/airflow/.local/lib/python3.8/site-packages/airflow/example_dags/example_dag_decorator.py
[2023-09-01T15:01:40.012+0000] {processor.py:829} INFO - Processing file /home/airflow/.local/lib/python3.8/site-packages/airflow/example_dags/example_dag_decorator.py for tasks to queue
[2023-09-01T15:01:40.015+0000] {logging_mixin.py:151} INFO - [2023-09-01T15:01:40.014+0000] {dagbag.py:539} INFO - Filling up the DagBag from /home/airflow/.local/lib/python3.8/site-packages/airflow/example_dags/example_dag_decorator.py
[2023-09-01T15:01:40.093+0000] {processor.py:839} INFO - DAG(s) dict_keys(['example_dag_decorator']) retrieved from /home/airflow/.local/lib/python3.8/site-packages/airflow/example_dags/example_dag_decorator.py
[2023-09-01T15:01:40.208+0000] {logging_mixin.py:151} INFO - [2023-09-01T15:01:40.208+0000] {dag.py:2907} INFO - Sync 1 DAGs
[2023-09-01T15:01:40.221+0000] {logging_mixin.py:151} INFO - [2023-09-01T15:01:40.221+0000] {dag.py:3677} INFO - Setting next_dagrun for example_dag_decorator to None, run_after=None
[2023-09-01T15:01:40.241+0000] {processor.py:179} INFO - Processing /home/airflow/.local/lib/python3.8/site-packages/airflow/example_dags/example_dag_decorator.py took 0.235 seconds
[2023-09-01T15:02:10.872+0000] {processor.py:157} INFO - Started process (PID=1320) to work on /home/airflow/.local/lib/python3.8/site-packages/airflow/example_dags/example_dag_decorator.py
[2023-09-01T15:02:10.874+0000] {processor.py:829} INFO - Processing file /home/airflow/.local/lib/python3.8/site-packages/airflow/example_dags/example_dag_decorator.py for tasks to queue
[2023-09-01T15:02:10.879+0000] {logging_mixin.py:151} INFO - [2023-09-01T15:02:10.878+0000] {dagbag.py:539} INFO - Filling up the DagBag from /home/airflow/.local/lib/python3.8/site-packages/airflow/example_dags/example_dag_decorator.py
[2023-09-01T15:02:10.975+0000] {processor.py:839} INFO - DAG(s) dict_keys(['example_dag_decorator']) retrieved from /home/airflow/.local/lib/python3.8/site-packages/airflow/example_dags/example_dag_decorator.py
[2023-09-01T15:02:11.134+0000] {logging_mixin.py:151} INFO - [2023-09-01T15:02:11.134+0000] {dag.py:2907} INFO - Sync 1 DAGs
[2023-09-01T15:02:11.148+0000] {logging_mixin.py:151} INFO - [2023-09-01T15:02:11.148+0000] {dag.py:3677} INFO - Setting next_dagrun for example_dag_decorator to None, run_after=None
[2023-09-01T15:02:11.169+0000] {processor.py:179} INFO - Processing /home/airflow/.local/lib/python3.8/site-packages/airflow/example_dags/example_dag_decorator.py took 0.302 seconds
[2023-09-01T15:02:41.231+0000] {processor.py:157} INFO - Started process (PID=1374) to work on /home/airflow/.local/lib/python3.8/site-packages/airflow/example_dags/example_dag_decorator.py
[2023-09-01T15:02:41.232+0000] {processor.py:829} INFO - Processing file /home/airflow/.local/lib/python3.8/site-packages/airflow/example_dags/example_dag_decorator.py for tasks to queue
[2023-09-01T15:02:41.235+0000] {logging_mixin.py:151} INFO - [2023-09-01T15:02:41.235+0000] {dagbag.py:539} INFO - Filling up the DagBag from /home/airflow/.local/lib/python3.8/site-packages/airflow/example_dags/example_dag_decorator.py
[2023-09-01T15:02:41.310+0000] {processor.py:839} INFO - DAG(s) dict_keys(['example_dag_decorator']) retrieved from /home/airflow/.local/lib/python3.8/site-packages/airflow/example_dags/example_dag_decorator.py
[2023-09-01T15:02:41.429+0000] {logging_mixin.py:151} INFO - [2023-09-01T15:02:41.428+0000] {dag.py:2907} INFO - Sync 1 DAGs
[2023-09-01T15:02:41.441+0000] {logging_mixin.py:151} INFO - [2023-09-01T15:02:41.441+0000] {dag.py:3677} INFO - Setting next_dagrun for example_dag_decorator to None, run_after=None
[2023-09-01T15:02:41.461+0000] {processor.py:179} INFO - Processing /home/airflow/.local/lib/python3.8/site-packages/airflow/example_dags/example_dag_decorator.py took 0.235 seconds
[2023-09-01T15:03:11.716+0000] {processor.py:157} INFO - Started process (PID=1429) to work on /home/airflow/.local/lib/python3.8/site-packages/airflow/example_dags/example_dag_decorator.py
[2023-09-01T15:03:11.718+0000] {processor.py:829} INFO - Processing file /home/airflow/.local/lib/python3.8/site-packages/airflow/example_dags/example_dag_decorator.py for tasks to queue
[2023-09-01T15:03:11.720+0000] {logging_mixin.py:151} INFO - [2023-09-01T15:03:11.720+0000] {dagbag.py:539} INFO - Filling up the DagBag from /home/airflow/.local/lib/python3.8/site-packages/airflow/example_dags/example_dag_decorator.py
[2023-09-01T15:03:11.791+0000] {processor.py:839} INFO - DAG(s) dict_keys(['example_dag_decorator']) retrieved from /home/airflow/.local/lib/python3.8/site-packages/airflow/example_dags/example_dag_decorator.py
[2023-09-01T15:03:11.919+0000] {logging_mixin.py:151} INFO - [2023-09-01T15:03:11.919+0000] {dag.py:2907} INFO - Sync 1 DAGs
[2023-09-01T15:03:11.931+0000] {logging_mixin.py:151} INFO - [2023-09-01T15:03:11.931+0000] {dag.py:3677} INFO - Setting next_dagrun for example_dag_decorator to None, run_after=None
[2023-09-01T15:03:11.951+0000] {processor.py:179} INFO - Processing /home/airflow/.local/lib/python3.8/site-packages/airflow/example_dags/example_dag_decorator.py took 0.239 seconds
[2023-09-01T15:03:42.456+0000] {processor.py:157} INFO - Started process (PID=1481) to work on /home/airflow/.local/lib/python3.8/site-packages/airflow/example_dags/example_dag_decorator.py
[2023-09-01T15:03:42.458+0000] {processor.py:829} INFO - Processing file /home/airflow/.local/lib/python3.8/site-packages/airflow/example_dags/example_dag_decorator.py for tasks to queue
[2023-09-01T15:03:42.461+0000] {logging_mixin.py:151} INFO - [2023-09-01T15:03:42.461+0000] {dagbag.py:539} INFO - Filling up the DagBag from /home/airflow/.local/lib/python3.8/site-packages/airflow/example_dags/example_dag_decorator.py
[2023-09-01T15:03:42.551+0000] {processor.py:839} INFO - DAG(s) dict_keys(['example_dag_decorator']) retrieved from /home/airflow/.local/lib/python3.8/site-packages/airflow/example_dags/example_dag_decorator.py
[2023-09-01T15:03:42.681+0000] {logging_mixin.py:151} INFO - [2023-09-01T15:03:42.681+0000] {dag.py:2907} INFO - Sync 1 DAGs
[2023-09-01T15:03:42.693+0000] {logging_mixin.py:151} INFO - [2023-09-01T15:03:42.693+0000] {dag.py:3677} INFO - Setting next_dagrun for example_dag_decorator to None, run_after=None
[2023-09-01T15:03:42.714+0000] {processor.py:179} INFO - Processing /home/airflow/.local/lib/python3.8/site-packages/airflow/example_dags/example_dag_decorator.py took 0.263 seconds
[2023-09-01T15:04:13.615+0000] {processor.py:157} INFO - Started process (PID=1535) to work on /home/airflow/.local/lib/python3.8/site-packages/airflow/example_dags/example_dag_decorator.py
[2023-09-01T15:04:13.617+0000] {processor.py:829} INFO - Processing file /home/airflow/.local/lib/python3.8/site-packages/airflow/example_dags/example_dag_decorator.py for tasks to queue
[2023-09-01T15:04:13.620+0000] {logging_mixin.py:151} INFO - [2023-09-01T15:04:13.620+0000] {dagbag.py:539} INFO - Filling up the DagBag from /home/airflow/.local/lib/python3.8/site-packages/airflow/example_dags/example_dag_decorator.py
[2023-09-01T15:04:13.694+0000] {processor.py:839} INFO - DAG(s) dict_keys(['example_dag_decorator']) retrieved from /home/airflow/.local/lib/python3.8/site-packages/airflow/example_dags/example_dag_decorator.py
[2023-09-01T15:04:13.818+0000] {logging_mixin.py:151} INFO - [2023-09-01T15:04:13.818+0000] {dag.py:2907} INFO - Sync 1 DAGs
[2023-09-01T15:04:13.829+0000] {logging_mixin.py:151} INFO - [2023-09-01T15:04:13.829+0000] {dag.py:3677} INFO - Setting next_dagrun for example_dag_decorator to None, run_after=None
[2023-09-01T15:04:13.848+0000] {processor.py:179} INFO - Processing /home/airflow/.local/lib/python3.8/site-packages/airflow/example_dags/example_dag_decorator.py took 0.238 seconds
[2023-09-01T15:04:43.901+0000] {processor.py:157} INFO - Started process (PID=1588) to work on /home/airflow/.local/lib/python3.8/site-packages/airflow/example_dags/example_dag_decorator.py
[2023-09-01T15:04:43.902+0000] {processor.py:829} INFO - Processing file /home/airflow/.local/lib/python3.8/site-packages/airflow/example_dags/example_dag_decorator.py for tasks to queue
[2023-09-01T15:04:43.905+0000] {logging_mixin.py:151} INFO - [2023-09-01T15:04:43.905+0000] {dagbag.py:539} INFO - Filling up the DagBag from /home/airflow/.local/lib/python3.8/site-packages/airflow/example_dags/example_dag_decorator.py
[2023-09-01T15:04:43.974+0000] {processor.py:839} INFO - DAG(s) dict_keys(['example_dag_decorator']) retrieved from /home/airflow/.local/lib/python3.8/site-packages/airflow/example_dags/example_dag_decorator.py
[2023-09-01T15:04:44.074+0000] {logging_mixin.py:151} INFO - [2023-09-01T15:04:44.074+0000] {dag.py:2907} INFO - Sync 1 DAGs
[2023-09-01T15:04:44.086+0000] {logging_mixin.py:151} INFO - [2023-09-01T15:04:44.086+0000] {dag.py:3677} INFO - Setting next_dagrun for example_dag_decorator to None, run_after=None
[2023-09-01T15:04:44.104+0000] {processor.py:179} INFO - Processing /home/airflow/.local/lib/python3.8/site-packages/airflow/example_dags/example_dag_decorator.py took 0.208 seconds
[2023-09-01T15:05:15.098+0000] {processor.py:157} INFO - Started process (PID=1644) to work on /home/airflow/.local/lib/python3.8/site-packages/airflow/example_dags/example_dag_decorator.py
[2023-09-01T15:05:15.099+0000] {processor.py:829} INFO - Processing file /home/airflow/.local/lib/python3.8/site-packages/airflow/example_dags/example_dag_decorator.py for tasks to queue
[2023-09-01T15:05:15.102+0000] {logging_mixin.py:151} INFO - [2023-09-01T15:05:15.102+0000] {dagbag.py:539} INFO - Filling up the DagBag from /home/airflow/.local/lib/python3.8/site-packages/airflow/example_dags/example_dag_decorator.py
[2023-09-01T15:05:15.174+0000] {processor.py:839} INFO - DAG(s) dict_keys(['example_dag_decorator']) retrieved from /home/airflow/.local/lib/python3.8/site-packages/airflow/example_dags/example_dag_decorator.py
[2023-09-01T15:05:15.286+0000] {logging_mixin.py:151} INFO - [2023-09-01T15:05:15.286+0000] {dag.py:2907} INFO - Sync 1 DAGs
[2023-09-01T15:05:15.297+0000] {logging_mixin.py:151} INFO - [2023-09-01T15:05:15.297+0000] {dag.py:3677} INFO - Setting next_dagrun for example_dag_decorator to None, run_after=None
[2023-09-01T15:05:15.325+0000] {processor.py:179} INFO - Processing /home/airflow/.local/lib/python3.8/site-packages/airflow/example_dags/example_dag_decorator.py took 0.230 seconds
[2023-09-01T15:05:45.407+0000] {processor.py:157} INFO - Started process (PID=1697) to work on /home/airflow/.local/lib/python3.8/site-packages/airflow/example_dags/example_dag_decorator.py
[2023-09-01T15:05:45.408+0000] {processor.py:829} INFO - Processing file /home/airflow/.local/lib/python3.8/site-packages/airflow/example_dags/example_dag_decorator.py for tasks to queue
[2023-09-01T15:05:45.411+0000] {logging_mixin.py:151} INFO - [2023-09-01T15:05:45.410+0000] {dagbag.py:539} INFO - Filling up the DagBag from /home/airflow/.local/lib/python3.8/site-packages/airflow/example_dags/example_dag_decorator.py
[2023-09-01T15:05:45.477+0000] {processor.py:839} INFO - DAG(s) dict_keys(['example_dag_decorator']) retrieved from /home/airflow/.local/lib/python3.8/site-packages/airflow/example_dags/example_dag_decorator.py
[2023-09-01T15:05:45.569+0000] {logging_mixin.py:151} INFO - [2023-09-01T15:05:45.568+0000] {dag.py:2907} INFO - Sync 1 DAGs
[2023-09-01T15:05:45.578+0000] {logging_mixin.py:151} INFO - [2023-09-01T15:05:45.578+0000] {dag.py:3677} INFO - Setting next_dagrun for example_dag_decorator to None, run_after=None
[2023-09-01T15:05:45.595+0000] {processor.py:179} INFO - Processing /home/airflow/.local/lib/python3.8/site-packages/airflow/example_dags/example_dag_decorator.py took 0.192 seconds
[2023-09-01T15:06:15.664+0000] {processor.py:157} INFO - Started process (PID=1751) to work on /home/airflow/.local/lib/python3.8/site-packages/airflow/example_dags/example_dag_decorator.py
[2023-09-01T15:06:15.666+0000] {processor.py:829} INFO - Processing file /home/airflow/.local/lib/python3.8/site-packages/airflow/example_dags/example_dag_decorator.py for tasks to queue
[2023-09-01T15:06:15.669+0000] {logging_mixin.py:151} INFO - [2023-09-01T15:06:15.669+0000] {dagbag.py:539} INFO - Filling up the DagBag from /home/airflow/.local/lib/python3.8/site-packages/airflow/example_dags/example_dag_decorator.py
[2023-09-01T15:06:15.745+0000] {processor.py:839} INFO - DAG(s) dict_keys(['example_dag_decorator']) retrieved from /home/airflow/.local/lib/python3.8/site-packages/airflow/example_dags/example_dag_decorator.py
[2023-09-01T15:06:15.850+0000] {logging_mixin.py:151} INFO - [2023-09-01T15:06:15.850+0000] {dag.py:2907} INFO - Sync 1 DAGs
[2023-09-01T15:06:15.860+0000] {logging_mixin.py:151} INFO - [2023-09-01T15:06:15.860+0000] {dag.py:3677} INFO - Setting next_dagrun for example_dag_decorator to None, run_after=None
[2023-09-01T15:06:15.879+0000] {processor.py:179} INFO - Processing /home/airflow/.local/lib/python3.8/site-packages/airflow/example_dags/example_dag_decorator.py took 0.220 seconds
[2023-09-01T15:06:46.013+0000] {processor.py:157} INFO - Started process (PID=1805) to work on /home/airflow/.local/lib/python3.8/site-packages/airflow/example_dags/example_dag_decorator.py
[2023-09-01T15:06:46.014+0000] {processor.py:829} INFO - Processing file /home/airflow/.local/lib/python3.8/site-packages/airflow/example_dags/example_dag_decorator.py for tasks to queue
[2023-09-01T15:06:46.017+0000] {logging_mixin.py:151} INFO - [2023-09-01T15:06:46.017+0000] {dagbag.py:539} INFO - Filling up the DagBag from /home/airflow/.local/lib/python3.8/site-packages/airflow/example_dags/example_dag_decorator.py
[2023-09-01T15:06:46.097+0000] {processor.py:839} INFO - DAG(s) dict_keys(['example_dag_decorator']) retrieved from /home/airflow/.local/lib/python3.8/site-packages/airflow/example_dags/example_dag_decorator.py
[2023-09-01T15:06:46.277+0000] {logging_mixin.py:151} INFO - [2023-09-01T15:06:46.277+0000] {dag.py:2907} INFO - Sync 1 DAGs
[2023-09-01T15:06:46.291+0000] {logging_mixin.py:151} INFO - [2023-09-01T15:06:46.291+0000] {dag.py:3677} INFO - Setting next_dagrun for example_dag_decorator to None, run_after=None
[2023-09-01T15:06:46.311+0000] {processor.py:179} INFO - Processing /home/airflow/.local/lib/python3.8/site-packages/airflow/example_dags/example_dag_decorator.py took 0.303 seconds
[2023-09-01T15:07:17.039+0000] {processor.py:157} INFO - Started process (PID=1860) to work on /home/airflow/.local/lib/python3.8/site-packages/airflow/example_dags/example_dag_decorator.py
[2023-09-01T15:07:17.041+0000] {processor.py:829} INFO - Processing file /home/airflow/.local/lib/python3.8/site-packages/airflow/example_dags/example_dag_decorator.py for tasks to queue
[2023-09-01T15:07:17.045+0000] {logging_mixin.py:151} INFO - [2023-09-01T15:07:17.045+0000] {dagbag.py:539} INFO - Filling up the DagBag from /home/airflow/.local/lib/python3.8/site-packages/airflow/example_dags/example_dag_decorator.py
[2023-09-01T15:07:17.125+0000] {processor.py:839} INFO - DAG(s) dict_keys(['example_dag_decorator']) retrieved from /home/airflow/.local/lib/python3.8/site-packages/airflow/example_dags/example_dag_decorator.py
[2023-09-01T15:07:17.235+0000] {logging_mixin.py:151} INFO - [2023-09-01T15:07:17.235+0000] {dag.py:2907} INFO - Sync 1 DAGs
[2023-09-01T15:07:17.247+0000] {logging_mixin.py:151} INFO - [2023-09-01T15:07:17.247+0000] {dag.py:3677} INFO - Setting next_dagrun for example_dag_decorator to None, run_after=None
[2023-09-01T15:07:17.268+0000] {processor.py:179} INFO - Processing /home/airflow/.local/lib/python3.8/site-packages/airflow/example_dags/example_dag_decorator.py took 0.234 seconds
[2023-09-01T15:07:47.297+0000] {processor.py:157} INFO - Started process (PID=1913) to work on /home/airflow/.local/lib/python3.8/site-packages/airflow/example_dags/example_dag_decorator.py
[2023-09-01T15:07:47.299+0000] {processor.py:829} INFO - Processing file /home/airflow/.local/lib/python3.8/site-packages/airflow/example_dags/example_dag_decorator.py for tasks to queue
[2023-09-01T15:07:47.303+0000] {logging_mixin.py:151} INFO - [2023-09-01T15:07:47.303+0000] {dagbag.py:539} INFO - Filling up the DagBag from /home/airflow/.local/lib/python3.8/site-packages/airflow/example_dags/example_dag_decorator.py
[2023-09-01T15:07:47.378+0000] {processor.py:839} INFO - DAG(s) dict_keys(['example_dag_decorator']) retrieved from /home/airflow/.local/lib/python3.8/site-packages/airflow/example_dags/example_dag_decorator.py
[2023-09-01T15:07:47.488+0000] {logging_mixin.py:151} INFO - [2023-09-01T15:07:47.488+0000] {dag.py:2907} INFO - Sync 1 DAGs
[2023-09-01T15:07:47.498+0000] {logging_mixin.py:151} INFO - [2023-09-01T15:07:47.498+0000] {dag.py:3677} INFO - Setting next_dagrun for example_dag_decorator to None, run_after=None
[2023-09-01T15:07:47.516+0000] {processor.py:179} INFO - Processing /home/airflow/.local/lib/python3.8/site-packages/airflow/example_dags/example_dag_decorator.py took 0.224 seconds
[2023-09-01T15:08:17.580+0000] {processor.py:157} INFO - Started process (PID=1967) to work on /home/airflow/.local/lib/python3.8/site-packages/airflow/example_dags/example_dag_decorator.py
[2023-09-01T15:08:17.582+0000] {processor.py:829} INFO - Processing file /home/airflow/.local/lib/python3.8/site-packages/airflow/example_dags/example_dag_decorator.py for tasks to queue
[2023-09-01T15:08:17.585+0000] {logging_mixin.py:151} INFO - [2023-09-01T15:08:17.585+0000] {dagbag.py:539} INFO - Filling up the DagBag from /home/airflow/.local/lib/python3.8/site-packages/airflow/example_dags/example_dag_decorator.py
[2023-09-01T15:08:17.654+0000] {processor.py:839} INFO - DAG(s) dict_keys(['example_dag_decorator']) retrieved from /home/airflow/.local/lib/python3.8/site-packages/airflow/example_dags/example_dag_decorator.py
[2023-09-01T15:08:17.677+0000] {logging_mixin.py:151} INFO - [2023-09-01T15:08:17.677+0000] {dag.py:2907} INFO - Sync 1 DAGs
[2023-09-01T15:08:17.691+0000] {logging_mixin.py:151} INFO - [2023-09-01T15:08:17.690+0000] {dag.py:3677} INFO - Setting next_dagrun for example_dag_decorator to None, run_after=None
[2023-09-01T15:08:17.709+0000] {processor.py:179} INFO - Processing /home/airflow/.local/lib/python3.8/site-packages/airflow/example_dags/example_dag_decorator.py took 0.132 seconds
[2023-09-01T15:08:47.886+0000] {processor.py:157} INFO - Started process (PID=2021) to work on /home/airflow/.local/lib/python3.8/site-packages/airflow/example_dags/example_dag_decorator.py
[2023-09-01T15:08:47.887+0000] {processor.py:829} INFO - Processing file /home/airflow/.local/lib/python3.8/site-packages/airflow/example_dags/example_dag_decorator.py for tasks to queue
[2023-09-01T15:08:47.892+0000] {logging_mixin.py:151} INFO - [2023-09-01T15:08:47.891+0000] {dagbag.py:539} INFO - Filling up the DagBag from /home/airflow/.local/lib/python3.8/site-packages/airflow/example_dags/example_dag_decorator.py
[2023-09-01T15:08:47.979+0000] {processor.py:839} INFO - DAG(s) dict_keys(['example_dag_decorator']) retrieved from /home/airflow/.local/lib/python3.8/site-packages/airflow/example_dags/example_dag_decorator.py
[2023-09-01T15:08:48.012+0000] {logging_mixin.py:151} INFO - [2023-09-01T15:08:48.012+0000] {dag.py:2907} INFO - Sync 1 DAGs
[2023-09-01T15:08:48.032+0000] {logging_mixin.py:151} INFO - [2023-09-01T15:08:48.032+0000] {dag.py:3677} INFO - Setting next_dagrun for example_dag_decorator to None, run_after=None
[2023-09-01T15:08:48.061+0000] {processor.py:179} INFO - Processing /home/airflow/.local/lib/python3.8/site-packages/airflow/example_dags/example_dag_decorator.py took 0.180 seconds
[2023-09-01T15:09:18.235+0000] {processor.py:157} INFO - Started process (PID=2075) to work on /home/airflow/.local/lib/python3.8/site-packages/airflow/example_dags/example_dag_decorator.py
[2023-09-01T15:09:18.236+0000] {processor.py:829} INFO - Processing file /home/airflow/.local/lib/python3.8/site-packages/airflow/example_dags/example_dag_decorator.py for tasks to queue
[2023-09-01T15:09:18.240+0000] {logging_mixin.py:151} INFO - [2023-09-01T15:09:18.240+0000] {dagbag.py:539} INFO - Filling up the DagBag from /home/airflow/.local/lib/python3.8/site-packages/airflow/example_dags/example_dag_decorator.py
[2023-09-01T15:09:18.321+0000] {processor.py:839} INFO - DAG(s) dict_keys(['example_dag_decorator']) retrieved from /home/airflow/.local/lib/python3.8/site-packages/airflow/example_dags/example_dag_decorator.py
[2023-09-01T15:09:18.347+0000] {logging_mixin.py:151} INFO - [2023-09-01T15:09:18.347+0000] {dag.py:2907} INFO - Sync 1 DAGs
[2023-09-01T15:09:18.361+0000] {logging_mixin.py:151} INFO - [2023-09-01T15:09:18.360+0000] {dag.py:3677} INFO - Setting next_dagrun for example_dag_decorator to None, run_after=None
[2023-09-01T15:09:18.380+0000] {processor.py:179} INFO - Processing /home/airflow/.local/lib/python3.8/site-packages/airflow/example_dags/example_dag_decorator.py took 0.150 seconds
[2023-09-01T15:09:48.426+0000] {processor.py:157} INFO - Started process (PID=2130) to work on /home/airflow/.local/lib/python3.8/site-packages/airflow/example_dags/example_dag_decorator.py
[2023-09-01T15:09:48.427+0000] {processor.py:829} INFO - Processing file /home/airflow/.local/lib/python3.8/site-packages/airflow/example_dags/example_dag_decorator.py for tasks to queue
[2023-09-01T15:09:48.431+0000] {logging_mixin.py:151} INFO - [2023-09-01T15:09:48.431+0000] {dagbag.py:539} INFO - Filling up the DagBag from /home/airflow/.local/lib/python3.8/site-packages/airflow/example_dags/example_dag_decorator.py
[2023-09-01T15:09:48.515+0000] {processor.py:839} INFO - DAG(s) dict_keys(['example_dag_decorator']) retrieved from /home/airflow/.local/lib/python3.8/site-packages/airflow/example_dags/example_dag_decorator.py
[2023-09-01T15:09:48.635+0000] {logging_mixin.py:151} INFO - [2023-09-01T15:09:48.634+0000] {dag.py:2907} INFO - Sync 1 DAGs
[2023-09-01T15:09:48.648+0000] {logging_mixin.py:151} INFO - [2023-09-01T15:09:48.648+0000] {dag.py:3677} INFO - Setting next_dagrun for example_dag_decorator to None, run_after=None
[2023-09-01T15:09:48.670+0000] {processor.py:179} INFO - Processing /home/airflow/.local/lib/python3.8/site-packages/airflow/example_dags/example_dag_decorator.py took 0.249 seconds
[2023-09-01T15:10:18.855+0000] {processor.py:157} INFO - Started process (PID=2183) to work on /home/airflow/.local/lib/python3.8/site-packages/airflow/example_dags/example_dag_decorator.py
[2023-09-01T15:10:18.857+0000] {processor.py:829} INFO - Processing file /home/airflow/.local/lib/python3.8/site-packages/airflow/example_dags/example_dag_decorator.py for tasks to queue
[2023-09-01T15:10:18.861+0000] {logging_mixin.py:151} INFO - [2023-09-01T15:10:18.860+0000] {dagbag.py:539} INFO - Filling up the DagBag from /home/airflow/.local/lib/python3.8/site-packages/airflow/example_dags/example_dag_decorator.py
[2023-09-01T15:10:18.938+0000] {processor.py:839} INFO - DAG(s) dict_keys(['example_dag_decorator']) retrieved from /home/airflow/.local/lib/python3.8/site-packages/airflow/example_dags/example_dag_decorator.py
[2023-09-01T15:10:19.053+0000] {logging_mixin.py:151} INFO - [2023-09-01T15:10:19.053+0000] {dag.py:2907} INFO - Sync 1 DAGs
[2023-09-01T15:10:19.066+0000] {logging_mixin.py:151} INFO - [2023-09-01T15:10:19.065+0000] {dag.py:3677} INFO - Setting next_dagrun for example_dag_decorator to None, run_after=None
[2023-09-01T15:10:19.087+0000] {processor.py:179} INFO - Processing /home/airflow/.local/lib/python3.8/site-packages/airflow/example_dags/example_dag_decorator.py took 0.236 seconds
[2023-09-01T15:10:49.272+0000] {processor.py:157} INFO - Started process (PID=2237) to work on /home/airflow/.local/lib/python3.8/site-packages/airflow/example_dags/example_dag_decorator.py
[2023-09-01T15:10:49.274+0000] {processor.py:829} INFO - Processing file /home/airflow/.local/lib/python3.8/site-packages/airflow/example_dags/example_dag_decorator.py for tasks to queue
[2023-09-01T15:10:49.278+0000] {logging_mixin.py:151} INFO - [2023-09-01T15:10:49.278+0000] {dagbag.py:539} INFO - Filling up the DagBag from /home/airflow/.local/lib/python3.8/site-packages/airflow/example_dags/example_dag_decorator.py
[2023-09-01T15:10:49.359+0000] {processor.py:839} INFO - DAG(s) dict_keys(['example_dag_decorator']) retrieved from /home/airflow/.local/lib/python3.8/site-packages/airflow/example_dags/example_dag_decorator.py
[2023-09-01T15:10:49.385+0000] {logging_mixin.py:151} INFO - [2023-09-01T15:10:49.385+0000] {dag.py:2907} INFO - Sync 1 DAGs
[2023-09-01T15:10:49.400+0000] {logging_mixin.py:151} INFO - [2023-09-01T15:10:49.400+0000] {dag.py:3677} INFO - Setting next_dagrun for example_dag_decorator to None, run_after=None
[2023-09-01T15:10:49.422+0000] {processor.py:179} INFO - Processing /home/airflow/.local/lib/python3.8/site-packages/airflow/example_dags/example_dag_decorator.py took 0.155 seconds
[2023-09-01T15:11:19.714+0000] {processor.py:157} INFO - Started process (PID=2291) to work on /home/airflow/.local/lib/python3.8/site-packages/airflow/example_dags/example_dag_decorator.py
[2023-09-01T15:11:19.716+0000] {processor.py:829} INFO - Processing file /home/airflow/.local/lib/python3.8/site-packages/airflow/example_dags/example_dag_decorator.py for tasks to queue
[2023-09-01T15:11:19.719+0000] {logging_mixin.py:151} INFO - [2023-09-01T15:11:19.719+0000] {dagbag.py:539} INFO - Filling up the DagBag from /home/airflow/.local/lib/python3.8/site-packages/airflow/example_dags/example_dag_decorator.py
[2023-09-01T15:11:19.799+0000] {processor.py:839} INFO - DAG(s) dict_keys(['example_dag_decorator']) retrieved from /home/airflow/.local/lib/python3.8/site-packages/airflow/example_dags/example_dag_decorator.py
[2023-09-01T15:11:19.825+0000] {logging_mixin.py:151} INFO - [2023-09-01T15:11:19.825+0000] {dag.py:2907} INFO - Sync 1 DAGs
[2023-09-01T15:11:19.839+0000] {logging_mixin.py:151} INFO - [2023-09-01T15:11:19.839+0000] {dag.py:3677} INFO - Setting next_dagrun for example_dag_decorator to None, run_after=None
[2023-09-01T15:11:19.859+0000] {processor.py:179} INFO - Processing /home/airflow/.local/lib/python3.8/site-packages/airflow/example_dags/example_dag_decorator.py took 0.149 seconds
[2023-09-01T15:11:49.980+0000] {processor.py:157} INFO - Started process (PID=2345) to work on /home/airflow/.local/lib/python3.8/site-packages/airflow/example_dags/example_dag_decorator.py
[2023-09-01T15:11:49.981+0000] {processor.py:829} INFO - Processing file /home/airflow/.local/lib/python3.8/site-packages/airflow/example_dags/example_dag_decorator.py for tasks to queue
[2023-09-01T15:11:49.985+0000] {logging_mixin.py:151} INFO - [2023-09-01T15:11:49.985+0000] {dagbag.py:539} INFO - Filling up the DagBag from /home/airflow/.local/lib/python3.8/site-packages/airflow/example_dags/example_dag_decorator.py
[2023-09-01T15:11:50.065+0000] {processor.py:839} INFO - DAG(s) dict_keys(['example_dag_decorator']) retrieved from /home/airflow/.local/lib/python3.8/site-packages/airflow/example_dags/example_dag_decorator.py
[2023-09-01T15:11:50.092+0000] {logging_mixin.py:151} INFO - [2023-09-01T15:11:50.092+0000] {dag.py:2907} INFO - Sync 1 DAGs
[2023-09-01T15:11:50.107+0000] {logging_mixin.py:151} INFO - [2023-09-01T15:11:50.107+0000] {dag.py:3677} INFO - Setting next_dagrun for example_dag_decorator to None, run_after=None
[2023-09-01T15:11:50.129+0000] {processor.py:179} INFO - Processing /home/airflow/.local/lib/python3.8/site-packages/airflow/example_dags/example_dag_decorator.py took 0.154 seconds
[2023-09-01T15:12:20.168+0000] {processor.py:157} INFO - Started process (PID=2399) to work on /home/airflow/.local/lib/python3.8/site-packages/airflow/example_dags/example_dag_decorator.py
[2023-09-01T15:12:20.169+0000] {processor.py:829} INFO - Processing file /home/airflow/.local/lib/python3.8/site-packages/airflow/example_dags/example_dag_decorator.py for tasks to queue
[2023-09-01T15:12:20.173+0000] {logging_mixin.py:151} INFO - [2023-09-01T15:12:20.173+0000] {dagbag.py:539} INFO - Filling up the DagBag from /home/airflow/.local/lib/python3.8/site-packages/airflow/example_dags/example_dag_decorator.py
[2023-09-01T15:12:20.253+0000] {processor.py:839} INFO - DAG(s) dict_keys(['example_dag_decorator']) retrieved from /home/airflow/.local/lib/python3.8/site-packages/airflow/example_dags/example_dag_decorator.py
[2023-09-01T15:12:20.399+0000] {logging_mixin.py:151} INFO - [2023-09-01T15:12:20.399+0000] {dag.py:2907} INFO - Sync 1 DAGs
[2023-09-01T15:12:20.414+0000] {logging_mixin.py:151} INFO - [2023-09-01T15:12:20.414+0000] {dag.py:3677} INFO - Setting next_dagrun for example_dag_decorator to None, run_after=None
[2023-09-01T15:12:20.440+0000] {processor.py:179} INFO - Processing /home/airflow/.local/lib/python3.8/site-packages/airflow/example_dags/example_dag_decorator.py took 0.277 seconds
[2023-09-01T15:12:50.547+0000] {processor.py:157} INFO - Started process (PID=2454) to work on /home/airflow/.local/lib/python3.8/site-packages/airflow/example_dags/example_dag_decorator.py
[2023-09-01T15:12:50.548+0000] {processor.py:829} INFO - Processing file /home/airflow/.local/lib/python3.8/site-packages/airflow/example_dags/example_dag_decorator.py for tasks to queue
[2023-09-01T15:12:50.552+0000] {logging_mixin.py:151} INFO - [2023-09-01T15:12:50.551+0000] {dagbag.py:539} INFO - Filling up the DagBag from /home/airflow/.local/lib/python3.8/site-packages/airflow/example_dags/example_dag_decorator.py
[2023-09-01T15:12:50.627+0000] {processor.py:839} INFO - DAG(s) dict_keys(['example_dag_decorator']) retrieved from /home/airflow/.local/lib/python3.8/site-packages/airflow/example_dags/example_dag_decorator.py
[2023-09-01T15:12:50.775+0000] {logging_mixin.py:151} INFO - [2023-09-01T15:12:50.775+0000] {dag.py:2907} INFO - Sync 1 DAGs
[2023-09-01T15:12:50.792+0000] {logging_mixin.py:151} INFO - [2023-09-01T15:12:50.792+0000] {dag.py:3677} INFO - Setting next_dagrun for example_dag_decorator to None, run_after=None
[2023-09-01T15:12:50.819+0000] {processor.py:179} INFO - Processing /home/airflow/.local/lib/python3.8/site-packages/airflow/example_dags/example_dag_decorator.py took 0.277 seconds
[2023-09-01T15:13:20.915+0000] {processor.py:157} INFO - Started process (PID=2510) to work on /home/airflow/.local/lib/python3.8/site-packages/airflow/example_dags/example_dag_decorator.py
[2023-09-01T15:13:20.916+0000] {processor.py:829} INFO - Processing file /home/airflow/.local/lib/python3.8/site-packages/airflow/example_dags/example_dag_decorator.py for tasks to queue
[2023-09-01T15:13:20.919+0000] {logging_mixin.py:151} INFO - [2023-09-01T15:13:20.918+0000] {dagbag.py:539} INFO - Filling up the DagBag from /home/airflow/.local/lib/python3.8/site-packages/airflow/example_dags/example_dag_decorator.py
[2023-09-01T15:13:20.994+0000] {processor.py:839} INFO - DAG(s) dict_keys(['example_dag_decorator']) retrieved from /home/airflow/.local/lib/python3.8/site-packages/airflow/example_dags/example_dag_decorator.py
[2023-09-01T15:13:21.109+0000] {logging_mixin.py:151} INFO - [2023-09-01T15:13:21.109+0000] {dag.py:2907} INFO - Sync 1 DAGs
[2023-09-01T15:13:21.120+0000] {logging_mixin.py:151} INFO - [2023-09-01T15:13:21.120+0000] {dag.py:3677} INFO - Setting next_dagrun for example_dag_decorator to None, run_after=None
[2023-09-01T15:13:21.140+0000] {processor.py:179} INFO - Processing /home/airflow/.local/lib/python3.8/site-packages/airflow/example_dags/example_dag_decorator.py took 0.229 seconds
[2023-09-01T15:13:51.464+0000] {processor.py:157} INFO - Started process (PID=2561) to work on /home/airflow/.local/lib/python3.8/site-packages/airflow/example_dags/example_dag_decorator.py
[2023-09-01T15:13:51.466+0000] {processor.py:829} INFO - Processing file /home/airflow/.local/lib/python3.8/site-packages/airflow/example_dags/example_dag_decorator.py for tasks to queue
[2023-09-01T15:13:51.470+0000] {logging_mixin.py:151} INFO - [2023-09-01T15:13:51.470+0000] {dagbag.py:539} INFO - Filling up the DagBag from /home/airflow/.local/lib/python3.8/site-packages/airflow/example_dags/example_dag_decorator.py
[2023-09-01T15:13:51.564+0000] {processor.py:839} INFO - DAG(s) dict_keys(['example_dag_decorator']) retrieved from /home/airflow/.local/lib/python3.8/site-packages/airflow/example_dags/example_dag_decorator.py
[2023-09-01T15:13:51.712+0000] {logging_mixin.py:151} INFO - [2023-09-01T15:13:51.712+0000] {dag.py:2907} INFO - Sync 1 DAGs
[2023-09-01T15:13:51.727+0000] {logging_mixin.py:151} INFO - [2023-09-01T15:13:51.727+0000] {dag.py:3677} INFO - Setting next_dagrun for example_dag_decorator to None, run_after=None
[2023-09-01T15:13:51.755+0000] {processor.py:179} INFO - Processing /home/airflow/.local/lib/python3.8/site-packages/airflow/example_dags/example_dag_decorator.py took 0.296 seconds
[2023-09-01T15:14:22.501+0000] {processor.py:157} INFO - Started process (PID=2615) to work on /home/airflow/.local/lib/python3.8/site-packages/airflow/example_dags/example_dag_decorator.py
[2023-09-01T15:14:22.503+0000] {processor.py:829} INFO - Processing file /home/airflow/.local/lib/python3.8/site-packages/airflow/example_dags/example_dag_decorator.py for tasks to queue
[2023-09-01T15:14:22.507+0000] {logging_mixin.py:151} INFO - [2023-09-01T15:14:22.506+0000] {dagbag.py:539} INFO - Filling up the DagBag from /home/airflow/.local/lib/python3.8/site-packages/airflow/example_dags/example_dag_decorator.py
[2023-09-01T15:14:22.584+0000] {processor.py:839} INFO - DAG(s) dict_keys(['example_dag_decorator']) retrieved from /home/airflow/.local/lib/python3.8/site-packages/airflow/example_dags/example_dag_decorator.py
[2023-09-01T15:14:22.699+0000] {logging_mixin.py:151} INFO - [2023-09-01T15:14:22.699+0000] {dag.py:2907} INFO - Sync 1 DAGs
[2023-09-01T15:14:22.709+0000] {logging_mixin.py:151} INFO - [2023-09-01T15:14:22.709+0000] {dag.py:3677} INFO - Setting next_dagrun for example_dag_decorator to None, run_after=None
[2023-09-01T15:14:22.728+0000] {processor.py:179} INFO - Processing /home/airflow/.local/lib/python3.8/site-packages/airflow/example_dags/example_dag_decorator.py took 0.231 seconds
[2023-09-01T15:14:53.536+0000] {processor.py:157} INFO - Started process (PID=2669) to work on /home/airflow/.local/lib/python3.8/site-packages/airflow/example_dags/example_dag_decorator.py
[2023-09-01T15:14:53.537+0000] {processor.py:829} INFO - Processing file /home/airflow/.local/lib/python3.8/site-packages/airflow/example_dags/example_dag_decorator.py for tasks to queue
[2023-09-01T15:14:53.542+0000] {logging_mixin.py:151} INFO - [2023-09-01T15:14:53.541+0000] {dagbag.py:539} INFO - Filling up the DagBag from /home/airflow/.local/lib/python3.8/site-packages/airflow/example_dags/example_dag_decorator.py
[2023-09-01T15:14:53.623+0000] {processor.py:839} INFO - DAG(s) dict_keys(['example_dag_decorator']) retrieved from /home/airflow/.local/lib/python3.8/site-packages/airflow/example_dags/example_dag_decorator.py
[2023-09-01T15:14:53.649+0000] {logging_mixin.py:151} INFO - [2023-09-01T15:14:53.649+0000] {dag.py:2907} INFO - Sync 1 DAGs
[2023-09-01T15:14:53.663+0000] {logging_mixin.py:151} INFO - [2023-09-01T15:14:53.663+0000] {dag.py:3677} INFO - Setting next_dagrun for example_dag_decorator to None, run_after=None
[2023-09-01T15:14:53.682+0000] {processor.py:179} INFO - Processing /home/airflow/.local/lib/python3.8/site-packages/airflow/example_dags/example_dag_decorator.py took 0.151 seconds
[2023-09-01T15:15:24.564+0000] {processor.py:157} INFO - Started process (PID=2723) to work on /home/airflow/.local/lib/python3.8/site-packages/airflow/example_dags/example_dag_decorator.py
[2023-09-01T15:15:24.566+0000] {processor.py:829} INFO - Processing file /home/airflow/.local/lib/python3.8/site-packages/airflow/example_dags/example_dag_decorator.py for tasks to queue
[2023-09-01T15:15:24.570+0000] {logging_mixin.py:151} INFO - [2023-09-01T15:15:24.570+0000] {dagbag.py:539} INFO - Filling up the DagBag from /home/airflow/.local/lib/python3.8/site-packages/airflow/example_dags/example_dag_decorator.py
[2023-09-01T15:15:24.652+0000] {processor.py:839} INFO - DAG(s) dict_keys(['example_dag_decorator']) retrieved from /home/airflow/.local/lib/python3.8/site-packages/airflow/example_dags/example_dag_decorator.py
[2023-09-01T15:15:24.767+0000] {logging_mixin.py:151} INFO - [2023-09-01T15:15:24.767+0000] {dag.py:2907} INFO - Sync 1 DAGs
[2023-09-01T15:15:24.779+0000] {logging_mixin.py:151} INFO - [2023-09-01T15:15:24.778+0000] {dag.py:3677} INFO - Setting next_dagrun for example_dag_decorator to None, run_after=None
[2023-09-01T15:15:24.798+0000] {processor.py:179} INFO - Processing /home/airflow/.local/lib/python3.8/site-packages/airflow/example_dags/example_dag_decorator.py took 0.238 seconds
[2023-09-01T15:15:54.905+0000] {processor.py:157} INFO - Started process (PID=2777) to work on /home/airflow/.local/lib/python3.8/site-packages/airflow/example_dags/example_dag_decorator.py
[2023-09-01T15:15:54.907+0000] {processor.py:829} INFO - Processing file /home/airflow/.local/lib/python3.8/site-packages/airflow/example_dags/example_dag_decorator.py for tasks to queue
[2023-09-01T15:15:54.912+0000] {logging_mixin.py:151} INFO - [2023-09-01T15:15:54.911+0000] {dagbag.py:539} INFO - Filling up the DagBag from /home/airflow/.local/lib/python3.8/site-packages/airflow/example_dags/example_dag_decorator.py
[2023-09-01T15:15:54.995+0000] {processor.py:839} INFO - DAG(s) dict_keys(['example_dag_decorator']) retrieved from /home/airflow/.local/lib/python3.8/site-packages/airflow/example_dags/example_dag_decorator.py
[2023-09-01T15:15:55.020+0000] {logging_mixin.py:151} INFO - [2023-09-01T15:15:55.019+0000] {dag.py:2907} INFO - Sync 1 DAGs
[2023-09-01T15:15:55.034+0000] {logging_mixin.py:151} INFO - [2023-09-01T15:15:55.033+0000] {dag.py:3677} INFO - Setting next_dagrun for example_dag_decorator to None, run_after=None
[2023-09-01T15:15:55.055+0000] {processor.py:179} INFO - Processing /home/airflow/.local/lib/python3.8/site-packages/airflow/example_dags/example_dag_decorator.py took 0.155 seconds
[2023-09-01T15:16:25.128+0000] {processor.py:157} INFO - Started process (PID=2831) to work on /home/airflow/.local/lib/python3.8/site-packages/airflow/example_dags/example_dag_decorator.py
[2023-09-01T15:16:25.130+0000] {processor.py:829} INFO - Processing file /home/airflow/.local/lib/python3.8/site-packages/airflow/example_dags/example_dag_decorator.py for tasks to queue
[2023-09-01T15:16:25.135+0000] {logging_mixin.py:151} INFO - [2023-09-01T15:16:25.134+0000] {dagbag.py:539} INFO - Filling up the DagBag from /home/airflow/.local/lib/python3.8/site-packages/airflow/example_dags/example_dag_decorator.py
[2023-09-01T15:16:25.216+0000] {processor.py:839} INFO - DAG(s) dict_keys(['example_dag_decorator']) retrieved from /home/airflow/.local/lib/python3.8/site-packages/airflow/example_dags/example_dag_decorator.py
[2023-09-01T15:16:25.242+0000] {logging_mixin.py:151} INFO - [2023-09-01T15:16:25.242+0000] {dag.py:2907} INFO - Sync 1 DAGs
[2023-09-01T15:16:25.256+0000] {logging_mixin.py:151} INFO - [2023-09-01T15:16:25.256+0000] {dag.py:3677} INFO - Setting next_dagrun for example_dag_decorator to None, run_after=None
[2023-09-01T15:16:25.276+0000] {processor.py:179} INFO - Processing /home/airflow/.local/lib/python3.8/site-packages/airflow/example_dags/example_dag_decorator.py took 0.153 seconds
[2023-09-01T15:16:55.548+0000] {processor.py:157} INFO - Started process (PID=2886) to work on /home/airflow/.local/lib/python3.8/site-packages/airflow/example_dags/example_dag_decorator.py
[2023-09-01T15:16:55.549+0000] {processor.py:829} INFO - Processing file /home/airflow/.local/lib/python3.8/site-packages/airflow/example_dags/example_dag_decorator.py for tasks to queue
[2023-09-01T15:16:55.552+0000] {logging_mixin.py:151} INFO - [2023-09-01T15:16:55.552+0000] {dagbag.py:539} INFO - Filling up the DagBag from /home/airflow/.local/lib/python3.8/site-packages/airflow/example_dags/example_dag_decorator.py
[2023-09-01T15:16:55.638+0000] {processor.py:839} INFO - DAG(s) dict_keys(['example_dag_decorator']) retrieved from /home/airflow/.local/lib/python3.8/site-packages/airflow/example_dags/example_dag_decorator.py
[2023-09-01T15:16:55.670+0000] {logging_mixin.py:151} INFO - [2023-09-01T15:16:55.669+0000] {dag.py:2907} INFO - Sync 1 DAGs
[2023-09-01T15:16:55.684+0000] {logging_mixin.py:151} INFO - [2023-09-01T15:16:55.684+0000] {dag.py:3677} INFO - Setting next_dagrun for example_dag_decorator to None, run_after=None
[2023-09-01T15:16:55.706+0000] {processor.py:179} INFO - Processing /home/airflow/.local/lib/python3.8/site-packages/airflow/example_dags/example_dag_decorator.py took 0.162 seconds
[2023-09-01T15:17:26.139+0000] {processor.py:157} INFO - Started process (PID=2941) to work on /home/airflow/.local/lib/python3.8/site-packages/airflow/example_dags/example_dag_decorator.py
[2023-09-01T15:17:26.141+0000] {processor.py:829} INFO - Processing file /home/airflow/.local/lib/python3.8/site-packages/airflow/example_dags/example_dag_decorator.py for tasks to queue
[2023-09-01T15:17:26.145+0000] {logging_mixin.py:151} INFO - [2023-09-01T15:17:26.144+0000] {dagbag.py:539} INFO - Filling up the DagBag from /home/airflow/.local/lib/python3.8/site-packages/airflow/example_dags/example_dag_decorator.py
[2023-09-01T15:17:26.223+0000] {processor.py:839} INFO - DAG(s) dict_keys(['example_dag_decorator']) retrieved from /home/airflow/.local/lib/python3.8/site-packages/airflow/example_dags/example_dag_decorator.py
[2023-09-01T15:17:26.261+0000] {logging_mixin.py:151} INFO - [2023-09-01T15:17:26.261+0000] {dag.py:2907} INFO - Sync 1 DAGs
[2023-09-01T15:17:26.279+0000] {logging_mixin.py:151} INFO - [2023-09-01T15:17:26.279+0000] {dag.py:3677} INFO - Setting next_dagrun for example_dag_decorator to None, run_after=None
[2023-09-01T15:17:26.306+0000] {processor.py:179} INFO - Processing /home/airflow/.local/lib/python3.8/site-packages/airflow/example_dags/example_dag_decorator.py took 0.171 seconds
[2023-09-01T15:17:56.519+0000] {processor.py:157} INFO - Started process (PID=2995) to work on /home/airflow/.local/lib/python3.8/site-packages/airflow/example_dags/example_dag_decorator.py
[2023-09-01T15:17:56.521+0000] {processor.py:829} INFO - Processing file /home/airflow/.local/lib/python3.8/site-packages/airflow/example_dags/example_dag_decorator.py for tasks to queue
[2023-09-01T15:17:56.526+0000] {logging_mixin.py:151} INFO - [2023-09-01T15:17:56.525+0000] {dagbag.py:539} INFO - Filling up the DagBag from /home/airflow/.local/lib/python3.8/site-packages/airflow/example_dags/example_dag_decorator.py
[2023-09-01T15:17:56.596+0000] {processor.py:839} INFO - DAG(s) dict_keys(['example_dag_decorator']) retrieved from /home/airflow/.local/lib/python3.8/site-packages/airflow/example_dags/example_dag_decorator.py
[2023-09-01T15:17:56.620+0000] {logging_mixin.py:151} INFO - [2023-09-01T15:17:56.620+0000] {dag.py:2907} INFO - Sync 1 DAGs
[2023-09-01T15:17:56.634+0000] {logging_mixin.py:151} INFO - [2023-09-01T15:17:56.633+0000] {dag.py:3677} INFO - Setting next_dagrun for example_dag_decorator to None, run_after=None
[2023-09-01T15:17:56.654+0000] {processor.py:179} INFO - Processing /home/airflow/.local/lib/python3.8/site-packages/airflow/example_dags/example_dag_decorator.py took 0.139 seconds
[2023-09-01T15:18:26.721+0000] {processor.py:157} INFO - Started process (PID=3049) to work on /home/airflow/.local/lib/python3.8/site-packages/airflow/example_dags/example_dag_decorator.py
[2023-09-01T15:18:26.722+0000] {processor.py:829} INFO - Processing file /home/airflow/.local/lib/python3.8/site-packages/airflow/example_dags/example_dag_decorator.py for tasks to queue
[2023-09-01T15:18:26.726+0000] {logging_mixin.py:151} INFO - [2023-09-01T15:18:26.725+0000] {dagbag.py:539} INFO - Filling up the DagBag from /home/airflow/.local/lib/python3.8/site-packages/airflow/example_dags/example_dag_decorator.py
[2023-09-01T15:18:26.800+0000] {processor.py:839} INFO - DAG(s) dict_keys(['example_dag_decorator']) retrieved from /home/airflow/.local/lib/python3.8/site-packages/airflow/example_dags/example_dag_decorator.py
[2023-09-01T15:18:26.825+0000] {logging_mixin.py:151} INFO - [2023-09-01T15:18:26.825+0000] {dag.py:2907} INFO - Sync 1 DAGs
[2023-09-01T15:18:26.842+0000] {logging_mixin.py:151} INFO - [2023-09-01T15:18:26.842+0000] {dag.py:3677} INFO - Setting next_dagrun for example_dag_decorator to None, run_after=None
[2023-09-01T15:18:26.862+0000] {processor.py:179} INFO - Processing /home/airflow/.local/lib/python3.8/site-packages/airflow/example_dags/example_dag_decorator.py took 0.145 seconds
[2023-09-01T15:18:57.302+0000] {processor.py:157} INFO - Started process (PID=3103) to work on /home/airflow/.local/lib/python3.8/site-packages/airflow/example_dags/example_dag_decorator.py
[2023-09-01T15:18:57.304+0000] {processor.py:829} INFO - Processing file /home/airflow/.local/lib/python3.8/site-packages/airflow/example_dags/example_dag_decorator.py for tasks to queue
[2023-09-01T15:18:57.308+0000] {logging_mixin.py:151} INFO - [2023-09-01T15:18:57.308+0000] {dagbag.py:539} INFO - Filling up the DagBag from /home/airflow/.local/lib/python3.8/site-packages/airflow/example_dags/example_dag_decorator.py
[2023-09-01T15:18:57.384+0000] {processor.py:839} INFO - DAG(s) dict_keys(['example_dag_decorator']) retrieved from /home/airflow/.local/lib/python3.8/site-packages/airflow/example_dags/example_dag_decorator.py
[2023-09-01T15:18:57.410+0000] {logging_mixin.py:151} INFO - [2023-09-01T15:18:57.410+0000] {dag.py:2907} INFO - Sync 1 DAGs
[2023-09-01T15:18:57.427+0000] {logging_mixin.py:151} INFO - [2023-09-01T15:18:57.427+0000] {dag.py:3677} INFO - Setting next_dagrun for example_dag_decorator to None, run_after=None
[2023-09-01T15:18:57.446+0000] {processor.py:179} INFO - Processing /home/airflow/.local/lib/python3.8/site-packages/airflow/example_dags/example_dag_decorator.py took 0.149 seconds
[2023-09-01T15:19:27.849+0000] {processor.py:157} INFO - Started process (PID=3157) to work on /home/airflow/.local/lib/python3.8/site-packages/airflow/example_dags/example_dag_decorator.py
[2023-09-01T15:19:27.851+0000] {processor.py:829} INFO - Processing file /home/airflow/.local/lib/python3.8/site-packages/airflow/example_dags/example_dag_decorator.py for tasks to queue
[2023-09-01T15:19:27.855+0000] {logging_mixin.py:151} INFO - [2023-09-01T15:19:27.855+0000] {dagbag.py:539} INFO - Filling up the DagBag from /home/airflow/.local/lib/python3.8/site-packages/airflow/example_dags/example_dag_decorator.py
[2023-09-01T15:19:27.939+0000] {processor.py:839} INFO - DAG(s) dict_keys(['example_dag_decorator']) retrieved from /home/airflow/.local/lib/python3.8/site-packages/airflow/example_dags/example_dag_decorator.py
[2023-09-01T15:19:27.965+0000] {logging_mixin.py:151} INFO - [2023-09-01T15:19:27.965+0000] {dag.py:2907} INFO - Sync 1 DAGs
[2023-09-01T15:19:27.979+0000] {logging_mixin.py:151} INFO - [2023-09-01T15:19:27.978+0000] {dag.py:3677} INFO - Setting next_dagrun for example_dag_decorator to None, run_after=None
[2023-09-01T15:19:27.998+0000] {processor.py:179} INFO - Processing /home/airflow/.local/lib/python3.8/site-packages/airflow/example_dags/example_dag_decorator.py took 0.154 seconds
[2023-09-01T15:19:58.443+0000] {processor.py:157} INFO - Started process (PID=3211) to work on /home/airflow/.local/lib/python3.8/site-packages/airflow/example_dags/example_dag_decorator.py
[2023-09-01T15:19:58.444+0000] {processor.py:829} INFO - Processing file /home/airflow/.local/lib/python3.8/site-packages/airflow/example_dags/example_dag_decorator.py for tasks to queue
[2023-09-01T15:19:58.450+0000] {logging_mixin.py:151} INFO - [2023-09-01T15:19:58.449+0000] {dagbag.py:539} INFO - Filling up the DagBag from /home/airflow/.local/lib/python3.8/site-packages/airflow/example_dags/example_dag_decorator.py
[2023-09-01T15:19:58.567+0000] {processor.py:839} INFO - DAG(s) dict_keys(['example_dag_decorator']) retrieved from /home/airflow/.local/lib/python3.8/site-packages/airflow/example_dags/example_dag_decorator.py
[2023-09-01T15:19:58.594+0000] {logging_mixin.py:151} INFO - [2023-09-01T15:19:58.594+0000] {dag.py:2907} INFO - Sync 1 DAGs
[2023-09-01T15:19:58.610+0000] {logging_mixin.py:151} INFO - [2023-09-01T15:19:58.610+0000] {dag.py:3677} INFO - Setting next_dagrun for example_dag_decorator to None, run_after=None
[2023-09-01T15:19:58.636+0000] {processor.py:179} INFO - Processing /home/airflow/.local/lib/python3.8/site-packages/airflow/example_dags/example_dag_decorator.py took 0.201 seconds
[2023-09-01T15:20:28.890+0000] {processor.py:157} INFO - Started process (PID=3265) to work on /home/airflow/.local/lib/python3.8/site-packages/airflow/example_dags/example_dag_decorator.py
[2023-09-01T15:20:28.892+0000] {processor.py:829} INFO - Processing file /home/airflow/.local/lib/python3.8/site-packages/airflow/example_dags/example_dag_decorator.py for tasks to queue
[2023-09-01T15:20:28.896+0000] {logging_mixin.py:151} INFO - [2023-09-01T15:20:28.896+0000] {dagbag.py:539} INFO - Filling up the DagBag from /home/airflow/.local/lib/python3.8/site-packages/airflow/example_dags/example_dag_decorator.py
[2023-09-01T15:20:28.977+0000] {processor.py:839} INFO - DAG(s) dict_keys(['example_dag_decorator']) retrieved from /home/airflow/.local/lib/python3.8/site-packages/airflow/example_dags/example_dag_decorator.py
[2023-09-01T15:20:29.002+0000] {logging_mixin.py:151} INFO - [2023-09-01T15:20:29.002+0000] {dag.py:2907} INFO - Sync 1 DAGs
[2023-09-01T15:20:29.016+0000] {logging_mixin.py:151} INFO - [2023-09-01T15:20:29.016+0000] {dag.py:3677} INFO - Setting next_dagrun for example_dag_decorator to None, run_after=None
[2023-09-01T15:20:29.035+0000] {processor.py:179} INFO - Processing /home/airflow/.local/lib/python3.8/site-packages/airflow/example_dags/example_dag_decorator.py took 0.150 seconds
[2023-09-01T15:20:59.482+0000] {processor.py:157} INFO - Started process (PID=3326) to work on /home/airflow/.local/lib/python3.8/site-packages/airflow/example_dags/example_dag_decorator.py
[2023-09-01T15:20:59.484+0000] {processor.py:829} INFO - Processing file /home/airflow/.local/lib/python3.8/site-packages/airflow/example_dags/example_dag_decorator.py for tasks to queue
[2023-09-01T15:20:59.488+0000] {logging_mixin.py:151} INFO - [2023-09-01T15:20:59.488+0000] {dagbag.py:539} INFO - Filling up the DagBag from /home/airflow/.local/lib/python3.8/site-packages/airflow/example_dags/example_dag_decorator.py
[2023-09-01T15:20:59.567+0000] {processor.py:839} INFO - DAG(s) dict_keys(['example_dag_decorator']) retrieved from /home/airflow/.local/lib/python3.8/site-packages/airflow/example_dags/example_dag_decorator.py
[2023-09-01T15:20:59.593+0000] {logging_mixin.py:151} INFO - [2023-09-01T15:20:59.593+0000] {dag.py:2907} INFO - Sync 1 DAGs
[2023-09-01T15:20:59.607+0000] {logging_mixin.py:151} INFO - [2023-09-01T15:20:59.606+0000] {dag.py:3677} INFO - Setting next_dagrun for example_dag_decorator to None, run_after=None
[2023-09-01T15:20:59.626+0000] {processor.py:179} INFO - Processing /home/airflow/.local/lib/python3.8/site-packages/airflow/example_dags/example_dag_decorator.py took 0.149 seconds
[2023-09-01T15:21:30.081+0000] {processor.py:157} INFO - Started process (PID=3380) to work on /home/airflow/.local/lib/python3.8/site-packages/airflow/example_dags/example_dag_decorator.py
[2023-09-01T15:21:30.082+0000] {processor.py:829} INFO - Processing file /home/airflow/.local/lib/python3.8/site-packages/airflow/example_dags/example_dag_decorator.py for tasks to queue
[2023-09-01T15:21:30.086+0000] {logging_mixin.py:151} INFO - [2023-09-01T15:21:30.086+0000] {dagbag.py:539} INFO - Filling up the DagBag from /home/airflow/.local/lib/python3.8/site-packages/airflow/example_dags/example_dag_decorator.py
[2023-09-01T15:21:30.171+0000] {processor.py:839} INFO - DAG(s) dict_keys(['example_dag_decorator']) retrieved from /home/airflow/.local/lib/python3.8/site-packages/airflow/example_dags/example_dag_decorator.py
[2023-09-01T15:21:30.196+0000] {logging_mixin.py:151} INFO - [2023-09-01T15:21:30.196+0000] {dag.py:2907} INFO - Sync 1 DAGs
[2023-09-01T15:21:30.211+0000] {logging_mixin.py:151} INFO - [2023-09-01T15:21:30.211+0000] {dag.py:3677} INFO - Setting next_dagrun for example_dag_decorator to None, run_after=None
[2023-09-01T15:21:30.230+0000] {processor.py:179} INFO - Processing /home/airflow/.local/lib/python3.8/site-packages/airflow/example_dags/example_dag_decorator.py took 0.155 seconds
