[2023-09-01T14:50:14.261+0000] {processor.py:157} INFO - Started process (PID=45) to work on /home/airflow/.local/lib/python3.8/site-packages/airflow/example_dags/example_setup_teardown.py
[2023-09-01T14:50:14.264+0000] {processor.py:829} INFO - Processing file /home/airflow/.local/lib/python3.8/site-packages/airflow/example_dags/example_setup_teardown.py for tasks to queue
[2023-09-01T14:50:14.271+0000] {logging_mixin.py:151} INFO - [2023-09-01T14:50:14.270+0000] {dagbag.py:539} INFO - Filling up the DagBag from /home/airflow/.local/lib/python3.8/site-packages/airflow/example_dags/example_setup_teardown.py
[2023-09-01T14:50:14.296+0000] {processor.py:839} INFO - DAG(s) dict_keys(['example_setup_teardown']) retrieved from /home/airflow/.local/lib/python3.8/site-packages/airflow/example_dags/example_setup_teardown.py
[2023-09-01T14:50:14.734+0000] {logging_mixin.py:151} INFO - [2023-09-01T14:50:14.734+0000] {manager.py:501} INFO - Created Permission View: can read on DAG:example_setup_teardown
[2023-09-01T14:50:14.762+0000] {logging_mixin.py:151} INFO - [2023-09-01T14:50:14.762+0000] {manager.py:501} INFO - Created Permission View: can edit on DAG:example_setup_teardown
[2023-09-01T14:50:14.780+0000] {logging_mixin.py:151} INFO - [2023-09-01T14:50:14.780+0000] {manager.py:501} INFO - Created Permission View: can delete on DAG:example_setup_teardown
[2023-09-01T14:50:14.822+0000] {logging_mixin.py:151} INFO - [2023-09-01T14:50:14.822+0000] {dag.py:2907} INFO - Sync 1 DAGs
[2023-09-01T14:50:14.862+0000] {logging_mixin.py:151} INFO - [2023-09-01T14:50:14.861+0000] {dag.py:2929} INFO - Creating ORM DAG for example_setup_teardown
[2023-09-01T14:50:14.896+0000] {logging_mixin.py:151} INFO - [2023-09-01T14:50:14.895+0000] {dag.py:3677} INFO - Setting next_dagrun for example_setup_teardown to 2023-08-31T14:50:14.895594+00:00, run_after=2023-09-01T14:50:14.895594+00:00
[2023-09-01T14:50:14.928+0000] {processor.py:179} INFO - Processing /home/airflow/.local/lib/python3.8/site-packages/airflow/example_dags/example_setup_teardown.py took 0.676 seconds
[2023-09-01T14:50:45.552+0000] {processor.py:157} INFO - Started process (PID=98) to work on /home/airflow/.local/lib/python3.8/site-packages/airflow/example_dags/example_setup_teardown.py
[2023-09-01T14:50:45.553+0000] {processor.py:829} INFO - Processing file /home/airflow/.local/lib/python3.8/site-packages/airflow/example_dags/example_setup_teardown.py for tasks to queue
[2023-09-01T14:50:45.558+0000] {logging_mixin.py:151} INFO - [2023-09-01T14:50:45.557+0000] {dagbag.py:539} INFO - Filling up the DagBag from /home/airflow/.local/lib/python3.8/site-packages/airflow/example_dags/example_setup_teardown.py
[2023-09-01T14:50:45.567+0000] {processor.py:839} INFO - DAG(s) dict_keys(['example_setup_teardown']) retrieved from /home/airflow/.local/lib/python3.8/site-packages/airflow/example_dags/example_setup_teardown.py
[2023-09-01T14:50:45.595+0000] {logging_mixin.py:151} INFO - [2023-09-01T14:50:45.595+0000] {dag.py:2907} INFO - Sync 1 DAGs
[2023-09-01T14:50:45.626+0000] {logging_mixin.py:151} INFO - [2023-09-01T14:50:45.626+0000] {dag.py:3677} INFO - Setting next_dagrun for example_setup_teardown to 2023-08-31T14:50:45.625924+00:00, run_after=2023-09-01T14:50:45.625924+00:00
[2023-09-01T14:50:45.651+0000] {processor.py:179} INFO - Processing /home/airflow/.local/lib/python3.8/site-packages/airflow/example_dags/example_setup_teardown.py took 0.104 seconds
[2023-09-01T14:51:15.695+0000] {processor.py:157} INFO - Started process (PID=152) to work on /home/airflow/.local/lib/python3.8/site-packages/airflow/example_dags/example_setup_teardown.py
[2023-09-01T14:51:15.697+0000] {processor.py:829} INFO - Processing file /home/airflow/.local/lib/python3.8/site-packages/airflow/example_dags/example_setup_teardown.py for tasks to queue
[2023-09-01T14:51:15.701+0000] {logging_mixin.py:151} INFO - [2023-09-01T14:51:15.700+0000] {dagbag.py:539} INFO - Filling up the DagBag from /home/airflow/.local/lib/python3.8/site-packages/airflow/example_dags/example_setup_teardown.py
[2023-09-01T14:51:15.709+0000] {processor.py:839} INFO - DAG(s) dict_keys(['example_setup_teardown']) retrieved from /home/airflow/.local/lib/python3.8/site-packages/airflow/example_dags/example_setup_teardown.py
[2023-09-01T14:51:15.733+0000] {logging_mixin.py:151} INFO - [2023-09-01T14:51:15.733+0000] {dag.py:2907} INFO - Sync 1 DAGs
[2023-09-01T14:51:15.761+0000] {logging_mixin.py:151} INFO - [2023-09-01T14:51:15.761+0000] {dag.py:3677} INFO - Setting next_dagrun for example_setup_teardown to 2023-08-31T14:51:15.760689+00:00, run_after=2023-09-01T14:51:15.760689+00:00
[2023-09-01T14:51:15.784+0000] {processor.py:179} INFO - Processing /home/airflow/.local/lib/python3.8/site-packages/airflow/example_dags/example_setup_teardown.py took 0.093 seconds
[2023-09-01T14:51:46.173+0000] {processor.py:157} INFO - Started process (PID=206) to work on /home/airflow/.local/lib/python3.8/site-packages/airflow/example_dags/example_setup_teardown.py
[2023-09-01T14:51:46.175+0000] {processor.py:829} INFO - Processing file /home/airflow/.local/lib/python3.8/site-packages/airflow/example_dags/example_setup_teardown.py for tasks to queue
[2023-09-01T14:51:46.179+0000] {logging_mixin.py:151} INFO - [2023-09-01T14:51:46.178+0000] {dagbag.py:539} INFO - Filling up the DagBag from /home/airflow/.local/lib/python3.8/site-packages/airflow/example_dags/example_setup_teardown.py
[2023-09-01T14:51:46.188+0000] {processor.py:839} INFO - DAG(s) dict_keys(['example_setup_teardown']) retrieved from /home/airflow/.local/lib/python3.8/site-packages/airflow/example_dags/example_setup_teardown.py
[2023-09-01T14:51:46.214+0000] {logging_mixin.py:151} INFO - [2023-09-01T14:51:46.214+0000] {dag.py:2907} INFO - Sync 1 DAGs
[2023-09-01T14:51:46.242+0000] {logging_mixin.py:151} INFO - [2023-09-01T14:51:46.242+0000] {dag.py:3677} INFO - Setting next_dagrun for example_setup_teardown to 2023-08-31T14:51:46.242076+00:00, run_after=2023-09-01T14:51:46.242076+00:00
[2023-09-01T14:51:46.262+0000] {processor.py:179} INFO - Processing /home/airflow/.local/lib/python3.8/site-packages/airflow/example_dags/example_setup_teardown.py took 0.093 seconds
[2023-09-01T14:52:16.374+0000] {processor.py:157} INFO - Started process (PID=260) to work on /home/airflow/.local/lib/python3.8/site-packages/airflow/example_dags/example_setup_teardown.py
[2023-09-01T14:52:16.375+0000] {processor.py:829} INFO - Processing file /home/airflow/.local/lib/python3.8/site-packages/airflow/example_dags/example_setup_teardown.py for tasks to queue
[2023-09-01T14:52:16.380+0000] {logging_mixin.py:151} INFO - [2023-09-01T14:52:16.379+0000] {dagbag.py:539} INFO - Filling up the DagBag from /home/airflow/.local/lib/python3.8/site-packages/airflow/example_dags/example_setup_teardown.py
[2023-09-01T14:52:16.389+0000] {processor.py:839} INFO - DAG(s) dict_keys(['example_setup_teardown']) retrieved from /home/airflow/.local/lib/python3.8/site-packages/airflow/example_dags/example_setup_teardown.py
[2023-09-01T14:52:16.417+0000] {logging_mixin.py:151} INFO - [2023-09-01T14:52:16.417+0000] {dag.py:2907} INFO - Sync 1 DAGs
[2023-09-01T14:52:16.449+0000] {logging_mixin.py:151} INFO - [2023-09-01T14:52:16.449+0000] {dag.py:3677} INFO - Setting next_dagrun for example_setup_teardown to 2023-08-31T14:52:16.449150+00:00, run_after=2023-09-01T14:52:16.449150+00:00
[2023-09-01T14:52:16.475+0000] {processor.py:179} INFO - Processing /home/airflow/.local/lib/python3.8/site-packages/airflow/example_dags/example_setup_teardown.py took 0.105 seconds
[2023-09-01T14:52:46.584+0000] {processor.py:157} INFO - Started process (PID=314) to work on /home/airflow/.local/lib/python3.8/site-packages/airflow/example_dags/example_setup_teardown.py
[2023-09-01T14:52:46.585+0000] {processor.py:829} INFO - Processing file /home/airflow/.local/lib/python3.8/site-packages/airflow/example_dags/example_setup_teardown.py for tasks to queue
[2023-09-01T14:52:46.588+0000] {logging_mixin.py:151} INFO - [2023-09-01T14:52:46.588+0000] {dagbag.py:539} INFO - Filling up the DagBag from /home/airflow/.local/lib/python3.8/site-packages/airflow/example_dags/example_setup_teardown.py
[2023-09-01T14:52:46.596+0000] {processor.py:839} INFO - DAG(s) dict_keys(['example_setup_teardown']) retrieved from /home/airflow/.local/lib/python3.8/site-packages/airflow/example_dags/example_setup_teardown.py
[2023-09-01T14:52:46.620+0000] {logging_mixin.py:151} INFO - [2023-09-01T14:52:46.619+0000] {dag.py:2907} INFO - Sync 1 DAGs
[2023-09-01T14:52:46.644+0000] {logging_mixin.py:151} INFO - [2023-09-01T14:52:46.644+0000] {dag.py:3677} INFO - Setting next_dagrun for example_setup_teardown to 2023-08-31T14:52:46.644255+00:00, run_after=2023-09-01T14:52:46.644255+00:00
[2023-09-01T14:52:46.664+0000] {processor.py:179} INFO - Processing /home/airflow/.local/lib/python3.8/site-packages/airflow/example_dags/example_setup_teardown.py took 0.084 seconds
[2023-09-01T14:53:16.708+0000] {processor.py:157} INFO - Started process (PID=368) to work on /home/airflow/.local/lib/python3.8/site-packages/airflow/example_dags/example_setup_teardown.py
[2023-09-01T14:53:16.709+0000] {processor.py:829} INFO - Processing file /home/airflow/.local/lib/python3.8/site-packages/airflow/example_dags/example_setup_teardown.py for tasks to queue
[2023-09-01T14:53:16.712+0000] {logging_mixin.py:151} INFO - [2023-09-01T14:53:16.712+0000] {dagbag.py:539} INFO - Filling up the DagBag from /home/airflow/.local/lib/python3.8/site-packages/airflow/example_dags/example_setup_teardown.py
[2023-09-01T14:53:16.720+0000] {processor.py:839} INFO - DAG(s) dict_keys(['example_setup_teardown']) retrieved from /home/airflow/.local/lib/python3.8/site-packages/airflow/example_dags/example_setup_teardown.py
[2023-09-01T14:53:16.743+0000] {logging_mixin.py:151} INFO - [2023-09-01T14:53:16.743+0000] {dag.py:2907} INFO - Sync 1 DAGs
[2023-09-01T14:53:16.768+0000] {logging_mixin.py:151} INFO - [2023-09-01T14:53:16.767+0000] {dag.py:3677} INFO - Setting next_dagrun for example_setup_teardown to 2023-08-31T14:53:16.767657+00:00, run_after=2023-09-01T14:53:16.767657+00:00
[2023-09-01T14:53:16.787+0000] {processor.py:179} INFO - Processing /home/airflow/.local/lib/python3.8/site-packages/airflow/example_dags/example_setup_teardown.py took 0.084 seconds
[2023-09-01T14:53:46.987+0000] {processor.py:157} INFO - Started process (PID=423) to work on /home/airflow/.local/lib/python3.8/site-packages/airflow/example_dags/example_setup_teardown.py
[2023-09-01T14:53:46.988+0000] {processor.py:829} INFO - Processing file /home/airflow/.local/lib/python3.8/site-packages/airflow/example_dags/example_setup_teardown.py for tasks to queue
[2023-09-01T14:53:46.992+0000] {logging_mixin.py:151} INFO - [2023-09-01T14:53:46.992+0000] {dagbag.py:539} INFO - Filling up the DagBag from /home/airflow/.local/lib/python3.8/site-packages/airflow/example_dags/example_setup_teardown.py
[2023-09-01T14:53:47.001+0000] {processor.py:839} INFO - DAG(s) dict_keys(['example_setup_teardown']) retrieved from /home/airflow/.local/lib/python3.8/site-packages/airflow/example_dags/example_setup_teardown.py
[2023-09-01T14:53:47.029+0000] {logging_mixin.py:151} INFO - [2023-09-01T14:53:47.029+0000] {dag.py:2907} INFO - Sync 1 DAGs
[2023-09-01T14:53:47.054+0000] {logging_mixin.py:151} INFO - [2023-09-01T14:53:47.054+0000] {dag.py:3677} INFO - Setting next_dagrun for example_setup_teardown to 2023-08-31T14:53:47.053786+00:00, run_after=2023-09-01T14:53:47.053786+00:00
[2023-09-01T14:53:47.072+0000] {processor.py:179} INFO - Processing /home/airflow/.local/lib/python3.8/site-packages/airflow/example_dags/example_setup_teardown.py took 0.091 seconds
[2023-09-01T14:54:17.117+0000] {processor.py:157} INFO - Started process (PID=477) to work on /home/airflow/.local/lib/python3.8/site-packages/airflow/example_dags/example_setup_teardown.py
[2023-09-01T14:54:17.119+0000] {processor.py:829} INFO - Processing file /home/airflow/.local/lib/python3.8/site-packages/airflow/example_dags/example_setup_teardown.py for tasks to queue
[2023-09-01T14:54:17.123+0000] {logging_mixin.py:151} INFO - [2023-09-01T14:54:17.123+0000] {dagbag.py:539} INFO - Filling up the DagBag from /home/airflow/.local/lib/python3.8/site-packages/airflow/example_dags/example_setup_teardown.py
[2023-09-01T14:54:17.132+0000] {processor.py:839} INFO - DAG(s) dict_keys(['example_setup_teardown']) retrieved from /home/airflow/.local/lib/python3.8/site-packages/airflow/example_dags/example_setup_teardown.py
[2023-09-01T14:54:17.161+0000] {logging_mixin.py:151} INFO - [2023-09-01T14:54:17.161+0000] {dag.py:2907} INFO - Sync 1 DAGs
[2023-09-01T14:54:17.187+0000] {logging_mixin.py:151} INFO - [2023-09-01T14:54:17.187+0000] {dag.py:3677} INFO - Setting next_dagrun for example_setup_teardown to 2023-08-31T14:54:17.187080+00:00, run_after=2023-09-01T14:54:17.187080+00:00
[2023-09-01T14:54:17.206+0000] {processor.py:179} INFO - Processing /home/airflow/.local/lib/python3.8/site-packages/airflow/example_dags/example_setup_teardown.py took 0.093 seconds
[2023-09-01T14:54:47.463+0000] {processor.py:157} INFO - Started process (PID=531) to work on /home/airflow/.local/lib/python3.8/site-packages/airflow/example_dags/example_setup_teardown.py
[2023-09-01T14:54:47.465+0000] {processor.py:829} INFO - Processing file /home/airflow/.local/lib/python3.8/site-packages/airflow/example_dags/example_setup_teardown.py for tasks to queue
[2023-09-01T14:54:47.468+0000] {logging_mixin.py:151} INFO - [2023-09-01T14:54:47.468+0000] {dagbag.py:539} INFO - Filling up the DagBag from /home/airflow/.local/lib/python3.8/site-packages/airflow/example_dags/example_setup_teardown.py
[2023-09-01T14:54:47.475+0000] {processor.py:839} INFO - DAG(s) dict_keys(['example_setup_teardown']) retrieved from /home/airflow/.local/lib/python3.8/site-packages/airflow/example_dags/example_setup_teardown.py
[2023-09-01T14:54:47.499+0000] {logging_mixin.py:151} INFO - [2023-09-01T14:54:47.499+0000] {dag.py:2907} INFO - Sync 1 DAGs
[2023-09-01T14:54:47.521+0000] {logging_mixin.py:151} INFO - [2023-09-01T14:54:47.521+0000] {dag.py:3677} INFO - Setting next_dagrun for example_setup_teardown to 2023-08-31T14:54:47.521416+00:00, run_after=2023-09-01T14:54:47.521416+00:00
[2023-09-01T14:54:47.542+0000] {processor.py:179} INFO - Processing /home/airflow/.local/lib/python3.8/site-packages/airflow/example_dags/example_setup_teardown.py took 0.083 seconds
[2023-09-01T14:55:18.428+0000] {processor.py:157} INFO - Started process (PID=585) to work on /home/airflow/.local/lib/python3.8/site-packages/airflow/example_dags/example_setup_teardown.py
[2023-09-01T14:55:18.429+0000] {processor.py:829} INFO - Processing file /home/airflow/.local/lib/python3.8/site-packages/airflow/example_dags/example_setup_teardown.py for tasks to queue
[2023-09-01T14:55:18.432+0000] {logging_mixin.py:151} INFO - [2023-09-01T14:55:18.431+0000] {dagbag.py:539} INFO - Filling up the DagBag from /home/airflow/.local/lib/python3.8/site-packages/airflow/example_dags/example_setup_teardown.py
[2023-09-01T14:55:18.440+0000] {processor.py:839} INFO - DAG(s) dict_keys(['example_setup_teardown']) retrieved from /home/airflow/.local/lib/python3.8/site-packages/airflow/example_dags/example_setup_teardown.py
[2023-09-01T14:55:18.466+0000] {logging_mixin.py:151} INFO - [2023-09-01T14:55:18.466+0000] {dag.py:2907} INFO - Sync 1 DAGs
[2023-09-01T14:55:18.488+0000] {logging_mixin.py:151} INFO - [2023-09-01T14:55:18.488+0000] {dag.py:3677} INFO - Setting next_dagrun for example_setup_teardown to 2023-08-31T14:55:18.488531+00:00, run_after=2023-09-01T14:55:18.488531+00:00
[2023-09-01T14:55:18.508+0000] {processor.py:179} INFO - Processing /home/airflow/.local/lib/python3.8/site-packages/airflow/example_dags/example_setup_teardown.py took 0.085 seconds
[2023-09-01T14:55:49.035+0000] {processor.py:157} INFO - Started process (PID=639) to work on /home/airflow/.local/lib/python3.8/site-packages/airflow/example_dags/example_setup_teardown.py
[2023-09-01T14:55:49.036+0000] {processor.py:829} INFO - Processing file /home/airflow/.local/lib/python3.8/site-packages/airflow/example_dags/example_setup_teardown.py for tasks to queue
[2023-09-01T14:55:49.041+0000] {logging_mixin.py:151} INFO - [2023-09-01T14:55:49.040+0000] {dagbag.py:539} INFO - Filling up the DagBag from /home/airflow/.local/lib/python3.8/site-packages/airflow/example_dags/example_setup_teardown.py
[2023-09-01T14:55:49.050+0000] {processor.py:839} INFO - DAG(s) dict_keys(['example_setup_teardown']) retrieved from /home/airflow/.local/lib/python3.8/site-packages/airflow/example_dags/example_setup_teardown.py
[2023-09-01T14:55:49.078+0000] {logging_mixin.py:151} INFO - [2023-09-01T14:55:49.078+0000] {dag.py:2907} INFO - Sync 1 DAGs
[2023-09-01T14:55:49.104+0000] {logging_mixin.py:151} INFO - [2023-09-01T14:55:49.103+0000] {dag.py:3677} INFO - Setting next_dagrun for example_setup_teardown to 2023-08-31T14:55:49.103504+00:00, run_after=2023-09-01T14:55:49.103504+00:00
[2023-09-01T14:55:49.125+0000] {processor.py:179} INFO - Processing /home/airflow/.local/lib/python3.8/site-packages/airflow/example_dags/example_setup_teardown.py took 0.095 seconds
[2023-09-01T14:56:19.845+0000] {processor.py:157} INFO - Started process (PID=693) to work on /home/airflow/.local/lib/python3.8/site-packages/airflow/example_dags/example_setup_teardown.py
[2023-09-01T14:56:19.847+0000] {processor.py:829} INFO - Processing file /home/airflow/.local/lib/python3.8/site-packages/airflow/example_dags/example_setup_teardown.py for tasks to queue
[2023-09-01T14:56:19.851+0000] {logging_mixin.py:151} INFO - [2023-09-01T14:56:19.850+0000] {dagbag.py:539} INFO - Filling up the DagBag from /home/airflow/.local/lib/python3.8/site-packages/airflow/example_dags/example_setup_teardown.py
[2023-09-01T14:56:19.860+0000] {processor.py:839} INFO - DAG(s) dict_keys(['example_setup_teardown']) retrieved from /home/airflow/.local/lib/python3.8/site-packages/airflow/example_dags/example_setup_teardown.py
[2023-09-01T14:56:19.888+0000] {logging_mixin.py:151} INFO - [2023-09-01T14:56:19.888+0000] {dag.py:2907} INFO - Sync 1 DAGs
[2023-09-01T14:56:19.913+0000] {logging_mixin.py:151} INFO - [2023-09-01T14:56:19.913+0000] {dag.py:3677} INFO - Setting next_dagrun for example_setup_teardown to 2023-08-31T14:56:19.913213+00:00, run_after=2023-09-01T14:56:19.913213+00:00
[2023-09-01T14:56:19.932+0000] {processor.py:179} INFO - Processing /home/airflow/.local/lib/python3.8/site-packages/airflow/example_dags/example_setup_teardown.py took 0.091 seconds
[2023-09-01T14:56:50.640+0000] {processor.py:157} INFO - Started process (PID=747) to work on /home/airflow/.local/lib/python3.8/site-packages/airflow/example_dags/example_setup_teardown.py
[2023-09-01T14:56:50.642+0000] {processor.py:829} INFO - Processing file /home/airflow/.local/lib/python3.8/site-packages/airflow/example_dags/example_setup_teardown.py for tasks to queue
[2023-09-01T14:56:50.646+0000] {logging_mixin.py:151} INFO - [2023-09-01T14:56:50.646+0000] {dagbag.py:539} INFO - Filling up the DagBag from /home/airflow/.local/lib/python3.8/site-packages/airflow/example_dags/example_setup_teardown.py
[2023-09-01T14:56:50.655+0000] {processor.py:839} INFO - DAG(s) dict_keys(['example_setup_teardown']) retrieved from /home/airflow/.local/lib/python3.8/site-packages/airflow/example_dags/example_setup_teardown.py
[2023-09-01T14:56:50.684+0000] {logging_mixin.py:151} INFO - [2023-09-01T14:56:50.683+0000] {dag.py:2907} INFO - Sync 1 DAGs
[2023-09-01T14:56:50.709+0000] {logging_mixin.py:151} INFO - [2023-09-01T14:56:50.709+0000] {dag.py:3677} INFO - Setting next_dagrun for example_setup_teardown to 2023-08-31T14:56:50.708954+00:00, run_after=2023-09-01T14:56:50.708954+00:00
[2023-09-01T14:56:50.728+0000] {processor.py:179} INFO - Processing /home/airflow/.local/lib/python3.8/site-packages/airflow/example_dags/example_setup_teardown.py took 0.093 seconds
[2023-09-01T14:57:21.438+0000] {processor.py:157} INFO - Started process (PID=801) to work on /home/airflow/.local/lib/python3.8/site-packages/airflow/example_dags/example_setup_teardown.py
[2023-09-01T14:57:21.439+0000] {processor.py:829} INFO - Processing file /home/airflow/.local/lib/python3.8/site-packages/airflow/example_dags/example_setup_teardown.py for tasks to queue
[2023-09-01T14:57:21.443+0000] {logging_mixin.py:151} INFO - [2023-09-01T14:57:21.442+0000] {dagbag.py:539} INFO - Filling up the DagBag from /home/airflow/.local/lib/python3.8/site-packages/airflow/example_dags/example_setup_teardown.py
[2023-09-01T14:57:21.454+0000] {processor.py:839} INFO - DAG(s) dict_keys(['example_setup_teardown']) retrieved from /home/airflow/.local/lib/python3.8/site-packages/airflow/example_dags/example_setup_teardown.py
[2023-09-01T14:57:21.480+0000] {logging_mixin.py:151} INFO - [2023-09-01T14:57:21.480+0000] {dag.py:2907} INFO - Sync 1 DAGs
[2023-09-01T14:57:21.508+0000] {logging_mixin.py:151} INFO - [2023-09-01T14:57:21.508+0000] {dag.py:3677} INFO - Setting next_dagrun for example_setup_teardown to 2023-08-31T14:57:21.507736+00:00, run_after=2023-09-01T14:57:21.507736+00:00
[2023-09-01T14:57:21.533+0000] {processor.py:179} INFO - Processing /home/airflow/.local/lib/python3.8/site-packages/airflow/example_dags/example_setup_teardown.py took 0.099 seconds
[2023-09-01T14:57:52.191+0000] {processor.py:157} INFO - Started process (PID=855) to work on /home/airflow/.local/lib/python3.8/site-packages/airflow/example_dags/example_setup_teardown.py
[2023-09-01T14:57:52.192+0000] {processor.py:829} INFO - Processing file /home/airflow/.local/lib/python3.8/site-packages/airflow/example_dags/example_setup_teardown.py for tasks to queue
[2023-09-01T14:57:52.197+0000] {logging_mixin.py:151} INFO - [2023-09-01T14:57:52.196+0000] {dagbag.py:539} INFO - Filling up the DagBag from /home/airflow/.local/lib/python3.8/site-packages/airflow/example_dags/example_setup_teardown.py
[2023-09-01T14:57:52.206+0000] {processor.py:839} INFO - DAG(s) dict_keys(['example_setup_teardown']) retrieved from /home/airflow/.local/lib/python3.8/site-packages/airflow/example_dags/example_setup_teardown.py
[2023-09-01T14:57:52.232+0000] {logging_mixin.py:151} INFO - [2023-09-01T14:57:52.232+0000] {dag.py:2907} INFO - Sync 1 DAGs
[2023-09-01T14:57:52.259+0000] {logging_mixin.py:151} INFO - [2023-09-01T14:57:52.259+0000] {dag.py:3677} INFO - Setting next_dagrun for example_setup_teardown to 2023-08-31T14:57:52.258875+00:00, run_after=2023-09-01T14:57:52.258875+00:00
[2023-09-01T14:57:52.279+0000] {processor.py:179} INFO - Processing /home/airflow/.local/lib/python3.8/site-packages/airflow/example_dags/example_setup_teardown.py took 0.093 seconds
[2023-09-01T14:58:22.976+0000] {processor.py:157} INFO - Started process (PID=909) to work on /home/airflow/.local/lib/python3.8/site-packages/airflow/example_dags/example_setup_teardown.py
[2023-09-01T14:58:22.978+0000] {processor.py:829} INFO - Processing file /home/airflow/.local/lib/python3.8/site-packages/airflow/example_dags/example_setup_teardown.py for tasks to queue
[2023-09-01T14:58:22.982+0000] {logging_mixin.py:151} INFO - [2023-09-01T14:58:22.982+0000] {dagbag.py:539} INFO - Filling up the DagBag from /home/airflow/.local/lib/python3.8/site-packages/airflow/example_dags/example_setup_teardown.py
[2023-09-01T14:58:22.991+0000] {processor.py:839} INFO - DAG(s) dict_keys(['example_setup_teardown']) retrieved from /home/airflow/.local/lib/python3.8/site-packages/airflow/example_dags/example_setup_teardown.py
[2023-09-01T14:58:23.019+0000] {logging_mixin.py:151} INFO - [2023-09-01T14:58:23.019+0000] {dag.py:2907} INFO - Sync 1 DAGs
[2023-09-01T14:58:23.045+0000] {logging_mixin.py:151} INFO - [2023-09-01T14:58:23.045+0000] {dag.py:3677} INFO - Setting next_dagrun for example_setup_teardown to 2023-08-31T14:58:23.045163+00:00, run_after=2023-09-01T14:58:23.045163+00:00
[2023-09-01T14:58:23.064+0000] {processor.py:179} INFO - Processing /home/airflow/.local/lib/python3.8/site-packages/airflow/example_dags/example_setup_teardown.py took 0.093 seconds
[2023-09-01T14:58:53.887+0000] {processor.py:157} INFO - Started process (PID=963) to work on /home/airflow/.local/lib/python3.8/site-packages/airflow/example_dags/example_setup_teardown.py
[2023-09-01T14:58:53.889+0000] {processor.py:829} INFO - Processing file /home/airflow/.local/lib/python3.8/site-packages/airflow/example_dags/example_setup_teardown.py for tasks to queue
[2023-09-01T14:58:53.893+0000] {logging_mixin.py:151} INFO - [2023-09-01T14:58:53.892+0000] {dagbag.py:539} INFO - Filling up the DagBag from /home/airflow/.local/lib/python3.8/site-packages/airflow/example_dags/example_setup_teardown.py
[2023-09-01T14:58:53.902+0000] {processor.py:839} INFO - DAG(s) dict_keys(['example_setup_teardown']) retrieved from /home/airflow/.local/lib/python3.8/site-packages/airflow/example_dags/example_setup_teardown.py
[2023-09-01T14:58:53.930+0000] {logging_mixin.py:151} INFO - [2023-09-01T14:58:53.930+0000] {dag.py:2907} INFO - Sync 1 DAGs
[2023-09-01T14:58:53.955+0000] {logging_mixin.py:151} INFO - [2023-09-01T14:58:53.955+0000] {dag.py:3677} INFO - Setting next_dagrun for example_setup_teardown to 2023-08-31T14:58:53.954773+00:00, run_after=2023-09-01T14:58:53.954773+00:00
[2023-09-01T14:58:53.973+0000] {processor.py:179} INFO - Processing /home/airflow/.local/lib/python3.8/site-packages/airflow/example_dags/example_setup_teardown.py took 0.091 seconds
[2023-09-01T14:59:24.382+0000] {processor.py:157} INFO - Started process (PID=1017) to work on /home/airflow/.local/lib/python3.8/site-packages/airflow/example_dags/example_setup_teardown.py
[2023-09-01T14:59:24.383+0000] {processor.py:829} INFO - Processing file /home/airflow/.local/lib/python3.8/site-packages/airflow/example_dags/example_setup_teardown.py for tasks to queue
[2023-09-01T14:59:24.387+0000] {logging_mixin.py:151} INFO - [2023-09-01T14:59:24.387+0000] {dagbag.py:539} INFO - Filling up the DagBag from /home/airflow/.local/lib/python3.8/site-packages/airflow/example_dags/example_setup_teardown.py
[2023-09-01T14:59:24.396+0000] {processor.py:839} INFO - DAG(s) dict_keys(['example_setup_teardown']) retrieved from /home/airflow/.local/lib/python3.8/site-packages/airflow/example_dags/example_setup_teardown.py
[2023-09-01T14:59:24.425+0000] {logging_mixin.py:151} INFO - [2023-09-01T14:59:24.425+0000] {dag.py:2907} INFO - Sync 1 DAGs
[2023-09-01T14:59:24.448+0000] {logging_mixin.py:151} INFO - [2023-09-01T14:59:24.448+0000] {dag.py:3677} INFO - Setting next_dagrun for example_setup_teardown to 2023-08-31T14:59:24.448119+00:00, run_after=2023-09-01T14:59:24.448119+00:00
[2023-09-01T14:59:24.467+0000] {processor.py:179} INFO - Processing /home/airflow/.local/lib/python3.8/site-packages/airflow/example_dags/example_setup_teardown.py took 0.090 seconds
[2023-09-01T14:59:55.369+0000] {processor.py:157} INFO - Started process (PID=1071) to work on /home/airflow/.local/lib/python3.8/site-packages/airflow/example_dags/example_setup_teardown.py
[2023-09-01T14:59:55.371+0000] {processor.py:829} INFO - Processing file /home/airflow/.local/lib/python3.8/site-packages/airflow/example_dags/example_setup_teardown.py for tasks to queue
[2023-09-01T14:59:55.374+0000] {logging_mixin.py:151} INFO - [2023-09-01T14:59:55.373+0000] {dagbag.py:539} INFO - Filling up the DagBag from /home/airflow/.local/lib/python3.8/site-packages/airflow/example_dags/example_setup_teardown.py
[2023-09-01T14:59:55.382+0000] {processor.py:839} INFO - DAG(s) dict_keys(['example_setup_teardown']) retrieved from /home/airflow/.local/lib/python3.8/site-packages/airflow/example_dags/example_setup_teardown.py
[2023-09-01T14:59:55.406+0000] {logging_mixin.py:151} INFO - [2023-09-01T14:59:55.406+0000] {dag.py:2907} INFO - Sync 1 DAGs
[2023-09-01T14:59:55.431+0000] {logging_mixin.py:151} INFO - [2023-09-01T14:59:55.431+0000] {dag.py:3677} INFO - Setting next_dagrun for example_setup_teardown to 2023-08-31T14:59:55.430926+00:00, run_after=2023-09-01T14:59:55.430926+00:00
[2023-09-01T14:59:55.451+0000] {processor.py:179} INFO - Processing /home/airflow/.local/lib/python3.8/site-packages/airflow/example_dags/example_setup_teardown.py took 0.086 seconds
[2023-09-01T15:00:26.182+0000] {processor.py:157} INFO - Started process (PID=1125) to work on /home/airflow/.local/lib/python3.8/site-packages/airflow/example_dags/example_setup_teardown.py
[2023-09-01T15:00:26.183+0000] {processor.py:829} INFO - Processing file /home/airflow/.local/lib/python3.8/site-packages/airflow/example_dags/example_setup_teardown.py for tasks to queue
[2023-09-01T15:00:26.188+0000] {logging_mixin.py:151} INFO - [2023-09-01T15:00:26.187+0000] {dagbag.py:539} INFO - Filling up the DagBag from /home/airflow/.local/lib/python3.8/site-packages/airflow/example_dags/example_setup_teardown.py
[2023-09-01T15:00:26.197+0000] {processor.py:839} INFO - DAG(s) dict_keys(['example_setup_teardown']) retrieved from /home/airflow/.local/lib/python3.8/site-packages/airflow/example_dags/example_setup_teardown.py
[2023-09-01T15:00:26.226+0000] {logging_mixin.py:151} INFO - [2023-09-01T15:00:26.225+0000] {dag.py:2907} INFO - Sync 1 DAGs
[2023-09-01T15:00:26.250+0000] {logging_mixin.py:151} INFO - [2023-09-01T15:00:26.250+0000] {dag.py:3677} INFO - Setting next_dagrun for example_setup_teardown to 2023-08-31T15:00:26.250333+00:00, run_after=2023-09-01T15:00:26.250333+00:00
[2023-09-01T15:00:26.269+0000] {processor.py:179} INFO - Processing /home/airflow/.local/lib/python3.8/site-packages/airflow/example_dags/example_setup_teardown.py took 0.092 seconds
[2023-09-01T15:00:56.712+0000] {processor.py:157} INFO - Started process (PID=1179) to work on /home/airflow/.local/lib/python3.8/site-packages/airflow/example_dags/example_setup_teardown.py
[2023-09-01T15:00:56.714+0000] {processor.py:829} INFO - Processing file /home/airflow/.local/lib/python3.8/site-packages/airflow/example_dags/example_setup_teardown.py for tasks to queue
[2023-09-01T15:00:56.718+0000] {logging_mixin.py:151} INFO - [2023-09-01T15:00:56.718+0000] {dagbag.py:539} INFO - Filling up the DagBag from /home/airflow/.local/lib/python3.8/site-packages/airflow/example_dags/example_setup_teardown.py
[2023-09-01T15:00:56.728+0000] {processor.py:839} INFO - DAG(s) dict_keys(['example_setup_teardown']) retrieved from /home/airflow/.local/lib/python3.8/site-packages/airflow/example_dags/example_setup_teardown.py
[2023-09-01T15:00:56.762+0000] {logging_mixin.py:151} INFO - [2023-09-01T15:00:56.762+0000] {dag.py:2907} INFO - Sync 1 DAGs
[2023-09-01T15:00:56.794+0000] {logging_mixin.py:151} INFO - [2023-09-01T15:00:56.793+0000] {dag.py:3677} INFO - Setting next_dagrun for example_setup_teardown to 2023-08-31T15:00:56.793411+00:00, run_after=2023-09-01T15:00:56.793411+00:00
[2023-09-01T15:00:56.821+0000] {processor.py:179} INFO - Processing /home/airflow/.local/lib/python3.8/site-packages/airflow/example_dags/example_setup_teardown.py took 0.114 seconds
[2023-09-01T15:01:27.593+0000] {processor.py:157} INFO - Started process (PID=1240) to work on /home/airflow/.local/lib/python3.8/site-packages/airflow/example_dags/example_setup_teardown.py
[2023-09-01T15:01:27.594+0000] {processor.py:829} INFO - Processing file /home/airflow/.local/lib/python3.8/site-packages/airflow/example_dags/example_setup_teardown.py for tasks to queue
[2023-09-01T15:01:27.597+0000] {logging_mixin.py:151} INFO - [2023-09-01T15:01:27.597+0000] {dagbag.py:539} INFO - Filling up the DagBag from /home/airflow/.local/lib/python3.8/site-packages/airflow/example_dags/example_setup_teardown.py
[2023-09-01T15:01:27.607+0000] {processor.py:839} INFO - DAG(s) dict_keys(['example_setup_teardown']) retrieved from /home/airflow/.local/lib/python3.8/site-packages/airflow/example_dags/example_setup_teardown.py
[2023-09-01T15:01:27.636+0000] {logging_mixin.py:151} INFO - [2023-09-01T15:01:27.636+0000] {dag.py:2907} INFO - Sync 1 DAGs
[2023-09-01T15:01:27.660+0000] {logging_mixin.py:151} INFO - [2023-09-01T15:01:27.660+0000] {dag.py:3677} INFO - Setting next_dagrun for example_setup_teardown to 2023-08-31T15:01:27.660415+00:00, run_after=2023-09-01T15:01:27.660415+00:00
[2023-09-01T15:01:27.679+0000] {processor.py:179} INFO - Processing /home/airflow/.local/lib/python3.8/site-packages/airflow/example_dags/example_setup_teardown.py took 0.091 seconds
[2023-09-01T15:01:58.152+0000] {processor.py:157} INFO - Started process (PID=1294) to work on /home/airflow/.local/lib/python3.8/site-packages/airflow/example_dags/example_setup_teardown.py
[2023-09-01T15:01:58.153+0000] {processor.py:829} INFO - Processing file /home/airflow/.local/lib/python3.8/site-packages/airflow/example_dags/example_setup_teardown.py for tasks to queue
[2023-09-01T15:01:58.157+0000] {logging_mixin.py:151} INFO - [2023-09-01T15:01:58.156+0000] {dagbag.py:539} INFO - Filling up the DagBag from /home/airflow/.local/lib/python3.8/site-packages/airflow/example_dags/example_setup_teardown.py
[2023-09-01T15:01:58.167+0000] {processor.py:839} INFO - DAG(s) dict_keys(['example_setup_teardown']) retrieved from /home/airflow/.local/lib/python3.8/site-packages/airflow/example_dags/example_setup_teardown.py
[2023-09-01T15:01:58.196+0000] {logging_mixin.py:151} INFO - [2023-09-01T15:01:58.195+0000] {dag.py:2907} INFO - Sync 1 DAGs
[2023-09-01T15:01:58.231+0000] {logging_mixin.py:151} INFO - [2023-09-01T15:01:58.230+0000] {dag.py:3677} INFO - Setting next_dagrun for example_setup_teardown to 2023-08-31T15:01:58.230250+00:00, run_after=2023-09-01T15:01:58.230250+00:00
[2023-09-01T15:01:58.260+0000] {processor.py:179} INFO - Processing /home/airflow/.local/lib/python3.8/site-packages/airflow/example_dags/example_setup_teardown.py took 0.113 seconds
[2023-09-01T15:02:28.383+0000] {processor.py:157} INFO - Started process (PID=1348) to work on /home/airflow/.local/lib/python3.8/site-packages/airflow/example_dags/example_setup_teardown.py
[2023-09-01T15:02:28.385+0000] {processor.py:829} INFO - Processing file /home/airflow/.local/lib/python3.8/site-packages/airflow/example_dags/example_setup_teardown.py for tasks to queue
[2023-09-01T15:02:28.389+0000] {logging_mixin.py:151} INFO - [2023-09-01T15:02:28.389+0000] {dagbag.py:539} INFO - Filling up the DagBag from /home/airflow/.local/lib/python3.8/site-packages/airflow/example_dags/example_setup_teardown.py
[2023-09-01T15:02:28.399+0000] {processor.py:839} INFO - DAG(s) dict_keys(['example_setup_teardown']) retrieved from /home/airflow/.local/lib/python3.8/site-packages/airflow/example_dags/example_setup_teardown.py
[2023-09-01T15:02:28.428+0000] {logging_mixin.py:151} INFO - [2023-09-01T15:02:28.428+0000] {dag.py:2907} INFO - Sync 1 DAGs
[2023-09-01T15:02:28.455+0000] {logging_mixin.py:151} INFO - [2023-09-01T15:02:28.455+0000] {dag.py:3677} INFO - Setting next_dagrun for example_setup_teardown to 2023-08-31T15:02:28.454905+00:00, run_after=2023-09-01T15:02:28.454905+00:00
[2023-09-01T15:02:28.474+0000] {processor.py:179} INFO - Processing /home/airflow/.local/lib/python3.8/site-packages/airflow/example_dags/example_setup_teardown.py took 0.095 seconds
[2023-09-01T15:02:58.646+0000] {processor.py:157} INFO - Started process (PID=1402) to work on /home/airflow/.local/lib/python3.8/site-packages/airflow/example_dags/example_setup_teardown.py
[2023-09-01T15:02:58.648+0000] {processor.py:829} INFO - Processing file /home/airflow/.local/lib/python3.8/site-packages/airflow/example_dags/example_setup_teardown.py for tasks to queue
[2023-09-01T15:02:58.651+0000] {logging_mixin.py:151} INFO - [2023-09-01T15:02:58.651+0000] {dagbag.py:539} INFO - Filling up the DagBag from /home/airflow/.local/lib/python3.8/site-packages/airflow/example_dags/example_setup_teardown.py
[2023-09-01T15:02:58.659+0000] {processor.py:839} INFO - DAG(s) dict_keys(['example_setup_teardown']) retrieved from /home/airflow/.local/lib/python3.8/site-packages/airflow/example_dags/example_setup_teardown.py
[2023-09-01T15:02:58.683+0000] {logging_mixin.py:151} INFO - [2023-09-01T15:02:58.683+0000] {dag.py:2907} INFO - Sync 1 DAGs
[2023-09-01T15:02:58.708+0000] {logging_mixin.py:151} INFO - [2023-09-01T15:02:58.708+0000] {dag.py:3677} INFO - Setting next_dagrun for example_setup_teardown to 2023-08-31T15:02:58.708104+00:00, run_after=2023-09-01T15:02:58.708104+00:00
[2023-09-01T15:02:58.728+0000] {processor.py:179} INFO - Processing /home/airflow/.local/lib/python3.8/site-packages/airflow/example_dags/example_setup_teardown.py took 0.086 seconds
[2023-09-01T15:03:29.034+0000] {processor.py:157} INFO - Started process (PID=1456) to work on /home/airflow/.local/lib/python3.8/site-packages/airflow/example_dags/example_setup_teardown.py
[2023-09-01T15:03:29.036+0000] {processor.py:829} INFO - Processing file /home/airflow/.local/lib/python3.8/site-packages/airflow/example_dags/example_setup_teardown.py for tasks to queue
[2023-09-01T15:03:29.039+0000] {logging_mixin.py:151} INFO - [2023-09-01T15:03:29.039+0000] {dagbag.py:539} INFO - Filling up the DagBag from /home/airflow/.local/lib/python3.8/site-packages/airflow/example_dags/example_setup_teardown.py
[2023-09-01T15:03:29.048+0000] {processor.py:839} INFO - DAG(s) dict_keys(['example_setup_teardown']) retrieved from /home/airflow/.local/lib/python3.8/site-packages/airflow/example_dags/example_setup_teardown.py
[2023-09-01T15:03:29.075+0000] {logging_mixin.py:151} INFO - [2023-09-01T15:03:29.075+0000] {dag.py:2907} INFO - Sync 1 DAGs
[2023-09-01T15:03:29.108+0000] {logging_mixin.py:151} INFO - [2023-09-01T15:03:29.108+0000] {dag.py:3677} INFO - Setting next_dagrun for example_setup_teardown to 2023-08-31T15:03:29.107735+00:00, run_after=2023-09-01T15:03:29.107735+00:00
[2023-09-01T15:03:29.131+0000] {processor.py:179} INFO - Processing /home/airflow/.local/lib/python3.8/site-packages/airflow/example_dags/example_setup_teardown.py took 0.101 seconds
[2023-09-01T15:03:59.235+0000] {processor.py:157} INFO - Started process (PID=1510) to work on /home/airflow/.local/lib/python3.8/site-packages/airflow/example_dags/example_setup_teardown.py
[2023-09-01T15:03:59.236+0000] {processor.py:829} INFO - Processing file /home/airflow/.local/lib/python3.8/site-packages/airflow/example_dags/example_setup_teardown.py for tasks to queue
[2023-09-01T15:03:59.240+0000] {logging_mixin.py:151} INFO - [2023-09-01T15:03:59.239+0000] {dagbag.py:539} INFO - Filling up the DagBag from /home/airflow/.local/lib/python3.8/site-packages/airflow/example_dags/example_setup_teardown.py
[2023-09-01T15:03:59.249+0000] {processor.py:839} INFO - DAG(s) dict_keys(['example_setup_teardown']) retrieved from /home/airflow/.local/lib/python3.8/site-packages/airflow/example_dags/example_setup_teardown.py
[2023-09-01T15:03:59.277+0000] {logging_mixin.py:151} INFO - [2023-09-01T15:03:59.277+0000] {dag.py:2907} INFO - Sync 1 DAGs
[2023-09-01T15:03:59.302+0000] {logging_mixin.py:151} INFO - [2023-09-01T15:03:59.302+0000] {dag.py:3677} INFO - Setting next_dagrun for example_setup_teardown to 2023-08-31T15:03:59.302291+00:00, run_after=2023-09-01T15:03:59.302291+00:00
[2023-09-01T15:03:59.321+0000] {processor.py:179} INFO - Processing /home/airflow/.local/lib/python3.8/site-packages/airflow/example_dags/example_setup_teardown.py took 0.091 seconds
[2023-09-01T15:04:29.543+0000] {processor.py:157} INFO - Started process (PID=1564) to work on /home/airflow/.local/lib/python3.8/site-packages/airflow/example_dags/example_setup_teardown.py
[2023-09-01T15:04:29.544+0000] {processor.py:829} INFO - Processing file /home/airflow/.local/lib/python3.8/site-packages/airflow/example_dags/example_setup_teardown.py for tasks to queue
[2023-09-01T15:04:29.548+0000] {logging_mixin.py:151} INFO - [2023-09-01T15:04:29.548+0000] {dagbag.py:539} INFO - Filling up the DagBag from /home/airflow/.local/lib/python3.8/site-packages/airflow/example_dags/example_setup_teardown.py
[2023-09-01T15:04:29.559+0000] {processor.py:839} INFO - DAG(s) dict_keys(['example_setup_teardown']) retrieved from /home/airflow/.local/lib/python3.8/site-packages/airflow/example_dags/example_setup_teardown.py
[2023-09-01T15:04:29.591+0000] {logging_mixin.py:151} INFO - [2023-09-01T15:04:29.591+0000] {dag.py:2907} INFO - Sync 1 DAGs
[2023-09-01T15:04:29.624+0000] {logging_mixin.py:151} INFO - [2023-09-01T15:04:29.623+0000] {dag.py:3677} INFO - Setting next_dagrun for example_setup_teardown to 2023-08-31T15:04:29.623493+00:00, run_after=2023-09-01T15:04:29.623493+00:00
[2023-09-01T15:04:29.652+0000] {processor.py:179} INFO - Processing /home/airflow/.local/lib/python3.8/site-packages/airflow/example_dags/example_setup_teardown.py took 0.115 seconds
[2023-09-01T15:04:59.722+0000] {processor.py:157} INFO - Started process (PID=1619) to work on /home/airflow/.local/lib/python3.8/site-packages/airflow/example_dags/example_setup_teardown.py
[2023-09-01T15:04:59.723+0000] {processor.py:829} INFO - Processing file /home/airflow/.local/lib/python3.8/site-packages/airflow/example_dags/example_setup_teardown.py for tasks to queue
[2023-09-01T15:04:59.727+0000] {logging_mixin.py:151} INFO - [2023-09-01T15:04:59.726+0000] {dagbag.py:539} INFO - Filling up the DagBag from /home/airflow/.local/lib/python3.8/site-packages/airflow/example_dags/example_setup_teardown.py
[2023-09-01T15:04:59.737+0000] {processor.py:839} INFO - DAG(s) dict_keys(['example_setup_teardown']) retrieved from /home/airflow/.local/lib/python3.8/site-packages/airflow/example_dags/example_setup_teardown.py
[2023-09-01T15:04:59.767+0000] {logging_mixin.py:151} INFO - [2023-09-01T15:04:59.766+0000] {dag.py:2907} INFO - Sync 1 DAGs
[2023-09-01T15:04:59.793+0000] {logging_mixin.py:151} INFO - [2023-09-01T15:04:59.793+0000] {dag.py:3677} INFO - Setting next_dagrun for example_setup_teardown to 2023-08-31T15:04:59.792830+00:00, run_after=2023-09-01T15:04:59.792830+00:00
[2023-09-01T15:04:59.812+0000] {processor.py:179} INFO - Processing /home/airflow/.local/lib/python3.8/site-packages/airflow/example_dags/example_setup_teardown.py took 0.095 seconds
[2023-09-01T15:05:30.093+0000] {processor.py:157} INFO - Started process (PID=1673) to work on /home/airflow/.local/lib/python3.8/site-packages/airflow/example_dags/example_setup_teardown.py
[2023-09-01T15:05:30.094+0000] {processor.py:829} INFO - Processing file /home/airflow/.local/lib/python3.8/site-packages/airflow/example_dags/example_setup_teardown.py for tasks to queue
[2023-09-01T15:05:30.097+0000] {logging_mixin.py:151} INFO - [2023-09-01T15:05:30.097+0000] {dagbag.py:539} INFO - Filling up the DagBag from /home/airflow/.local/lib/python3.8/site-packages/airflow/example_dags/example_setup_teardown.py
[2023-09-01T15:05:30.107+0000] {processor.py:839} INFO - DAG(s) dict_keys(['example_setup_teardown']) retrieved from /home/airflow/.local/lib/python3.8/site-packages/airflow/example_dags/example_setup_teardown.py
[2023-09-01T15:05:30.133+0000] {logging_mixin.py:151} INFO - [2023-09-01T15:05:30.133+0000] {dag.py:2907} INFO - Sync 1 DAGs
[2023-09-01T15:05:30.157+0000] {logging_mixin.py:151} INFO - [2023-09-01T15:05:30.157+0000] {dag.py:3677} INFO - Setting next_dagrun for example_setup_teardown to 2023-08-31T15:05:30.156930+00:00, run_after=2023-09-01T15:05:30.156930+00:00
[2023-09-01T15:05:30.177+0000] {processor.py:179} INFO - Processing /home/airflow/.local/lib/python3.8/site-packages/airflow/example_dags/example_setup_teardown.py took 0.088 seconds
[2023-09-01T15:06:00.255+0000] {processor.py:157} INFO - Started process (PID=1727) to work on /home/airflow/.local/lib/python3.8/site-packages/airflow/example_dags/example_setup_teardown.py
[2023-09-01T15:06:00.256+0000] {processor.py:829} INFO - Processing file /home/airflow/.local/lib/python3.8/site-packages/airflow/example_dags/example_setup_teardown.py for tasks to queue
[2023-09-01T15:06:00.260+0000] {logging_mixin.py:151} INFO - [2023-09-01T15:06:00.259+0000] {dagbag.py:539} INFO - Filling up the DagBag from /home/airflow/.local/lib/python3.8/site-packages/airflow/example_dags/example_setup_teardown.py
[2023-09-01T15:06:00.270+0000] {processor.py:839} INFO - DAG(s) dict_keys(['example_setup_teardown']) retrieved from /home/airflow/.local/lib/python3.8/site-packages/airflow/example_dags/example_setup_teardown.py
[2023-09-01T15:06:00.300+0000] {logging_mixin.py:151} INFO - [2023-09-01T15:06:00.300+0000] {dag.py:2907} INFO - Sync 1 DAGs
[2023-09-01T15:06:00.329+0000] {logging_mixin.py:151} INFO - [2023-09-01T15:06:00.329+0000] {dag.py:3677} INFO - Setting next_dagrun for example_setup_teardown to 2023-08-31T15:06:00.328654+00:00, run_after=2023-09-01T15:06:00.328654+00:00
[2023-09-01T15:06:00.352+0000] {processor.py:179} INFO - Processing /home/airflow/.local/lib/python3.8/site-packages/airflow/example_dags/example_setup_teardown.py took 0.102 seconds
[2023-09-01T15:06:30.558+0000] {processor.py:157} INFO - Started process (PID=1781) to work on /home/airflow/.local/lib/python3.8/site-packages/airflow/example_dags/example_setup_teardown.py
[2023-09-01T15:06:30.559+0000] {processor.py:829} INFO - Processing file /home/airflow/.local/lib/python3.8/site-packages/airflow/example_dags/example_setup_teardown.py for tasks to queue
[2023-09-01T15:06:30.562+0000] {logging_mixin.py:151} INFO - [2023-09-01T15:06:30.562+0000] {dagbag.py:539} INFO - Filling up the DagBag from /home/airflow/.local/lib/python3.8/site-packages/airflow/example_dags/example_setup_teardown.py
[2023-09-01T15:06:30.570+0000] {processor.py:839} INFO - DAG(s) dict_keys(['example_setup_teardown']) retrieved from /home/airflow/.local/lib/python3.8/site-packages/airflow/example_dags/example_setup_teardown.py
[2023-09-01T15:06:30.591+0000] {logging_mixin.py:151} INFO - [2023-09-01T15:06:30.591+0000] {dag.py:2907} INFO - Sync 1 DAGs
[2023-09-01T15:06:30.613+0000] {logging_mixin.py:151} INFO - [2023-09-01T15:06:30.613+0000] {dag.py:3677} INFO - Setting next_dagrun for example_setup_teardown to 2023-08-31T15:06:30.613544+00:00, run_after=2023-09-01T15:06:30.613544+00:00
[2023-09-01T15:06:30.632+0000] {processor.py:179} INFO - Processing /home/airflow/.local/lib/python3.8/site-packages/airflow/example_dags/example_setup_teardown.py took 0.078 seconds
[2023-09-01T15:07:00.698+0000] {processor.py:157} INFO - Started process (PID=1835) to work on /home/airflow/.local/lib/python3.8/site-packages/airflow/example_dags/example_setup_teardown.py
[2023-09-01T15:07:00.700+0000] {processor.py:829} INFO - Processing file /home/airflow/.local/lib/python3.8/site-packages/airflow/example_dags/example_setup_teardown.py for tasks to queue
[2023-09-01T15:07:00.703+0000] {logging_mixin.py:151} INFO - [2023-09-01T15:07:00.702+0000] {dagbag.py:539} INFO - Filling up the DagBag from /home/airflow/.local/lib/python3.8/site-packages/airflow/example_dags/example_setup_teardown.py
[2023-09-01T15:07:00.713+0000] {processor.py:839} INFO - DAG(s) dict_keys(['example_setup_teardown']) retrieved from /home/airflow/.local/lib/python3.8/site-packages/airflow/example_dags/example_setup_teardown.py
[2023-09-01T15:07:00.741+0000] {logging_mixin.py:151} INFO - [2023-09-01T15:07:00.741+0000] {dag.py:2907} INFO - Sync 1 DAGs
[2023-09-01T15:07:00.767+0000] {logging_mixin.py:151} INFO - [2023-09-01T15:07:00.767+0000] {dag.py:3677} INFO - Setting next_dagrun for example_setup_teardown to 2023-08-31T15:07:00.766744+00:00, run_after=2023-09-01T15:07:00.766744+00:00
[2023-09-01T15:07:00.785+0000] {processor.py:179} INFO - Processing /home/airflow/.local/lib/python3.8/site-packages/airflow/example_dags/example_setup_teardown.py took 0.092 seconds
[2023-09-01T15:07:31.755+0000] {processor.py:157} INFO - Started process (PID=1889) to work on /home/airflow/.local/lib/python3.8/site-packages/airflow/example_dags/example_setup_teardown.py
[2023-09-01T15:07:31.757+0000] {processor.py:829} INFO - Processing file /home/airflow/.local/lib/python3.8/site-packages/airflow/example_dags/example_setup_teardown.py for tasks to queue
[2023-09-01T15:07:31.760+0000] {logging_mixin.py:151} INFO - [2023-09-01T15:07:31.760+0000] {dagbag.py:539} INFO - Filling up the DagBag from /home/airflow/.local/lib/python3.8/site-packages/airflow/example_dags/example_setup_teardown.py
[2023-09-01T15:07:31.769+0000] {processor.py:839} INFO - DAG(s) dict_keys(['example_setup_teardown']) retrieved from /home/airflow/.local/lib/python3.8/site-packages/airflow/example_dags/example_setup_teardown.py
[2023-09-01T15:07:31.796+0000] {logging_mixin.py:151} INFO - [2023-09-01T15:07:31.796+0000] {dag.py:2907} INFO - Sync 1 DAGs
[2023-09-01T15:07:31.819+0000] {logging_mixin.py:151} INFO - [2023-09-01T15:07:31.819+0000] {dag.py:3677} INFO - Setting next_dagrun for example_setup_teardown to 2023-08-31T15:07:31.819351+00:00, run_after=2023-09-01T15:07:31.819351+00:00
[2023-09-01T15:07:31.838+0000] {processor.py:179} INFO - Processing /home/airflow/.local/lib/python3.8/site-packages/airflow/example_dags/example_setup_teardown.py took 0.087 seconds
[2023-09-01T15:08:02.129+0000] {processor.py:157} INFO - Started process (PID=1943) to work on /home/airflow/.local/lib/python3.8/site-packages/airflow/example_dags/example_setup_teardown.py
[2023-09-01T15:08:02.131+0000] {processor.py:829} INFO - Processing file /home/airflow/.local/lib/python3.8/site-packages/airflow/example_dags/example_setup_teardown.py for tasks to queue
[2023-09-01T15:08:02.134+0000] {logging_mixin.py:151} INFO - [2023-09-01T15:08:02.134+0000] {dagbag.py:539} INFO - Filling up the DagBag from /home/airflow/.local/lib/python3.8/site-packages/airflow/example_dags/example_setup_teardown.py
[2023-09-01T15:08:02.144+0000] {processor.py:839} INFO - DAG(s) dict_keys(['example_setup_teardown']) retrieved from /home/airflow/.local/lib/python3.8/site-packages/airflow/example_dags/example_setup_teardown.py
[2023-09-01T15:08:02.170+0000] {logging_mixin.py:151} INFO - [2023-09-01T15:08:02.169+0000] {dag.py:2907} INFO - Sync 1 DAGs
[2023-09-01T15:08:02.193+0000] {logging_mixin.py:151} INFO - [2023-09-01T15:08:02.193+0000] {dag.py:3677} INFO - Setting next_dagrun for example_setup_teardown to 2023-08-31T15:08:02.193092+00:00, run_after=2023-09-01T15:08:02.193092+00:00
[2023-09-01T15:08:02.215+0000] {processor.py:179} INFO - Processing /home/airflow/.local/lib/python3.8/site-packages/airflow/example_dags/example_setup_teardown.py took 0.090 seconds
[2023-09-01T15:08:32.502+0000] {processor.py:157} INFO - Started process (PID=1997) to work on /home/airflow/.local/lib/python3.8/site-packages/airflow/example_dags/example_setup_teardown.py
[2023-09-01T15:08:32.503+0000] {processor.py:829} INFO - Processing file /home/airflow/.local/lib/python3.8/site-packages/airflow/example_dags/example_setup_teardown.py for tasks to queue
[2023-09-01T15:08:32.506+0000] {logging_mixin.py:151} INFO - [2023-09-01T15:08:32.506+0000] {dagbag.py:539} INFO - Filling up the DagBag from /home/airflow/.local/lib/python3.8/site-packages/airflow/example_dags/example_setup_teardown.py
[2023-09-01T15:08:32.516+0000] {processor.py:839} INFO - DAG(s) dict_keys(['example_setup_teardown']) retrieved from /home/airflow/.local/lib/python3.8/site-packages/airflow/example_dags/example_setup_teardown.py
[2023-09-01T15:08:32.544+0000] {logging_mixin.py:151} INFO - [2023-09-01T15:08:32.544+0000] {dag.py:2907} INFO - Sync 1 DAGs
[2023-09-01T15:08:32.568+0000] {logging_mixin.py:151} INFO - [2023-09-01T15:08:32.568+0000] {dag.py:3677} INFO - Setting next_dagrun for example_setup_teardown to 2023-08-31T15:08:32.568058+00:00, run_after=2023-09-01T15:08:32.568058+00:00
[2023-09-01T15:08:32.588+0000] {processor.py:179} INFO - Processing /home/airflow/.local/lib/python3.8/site-packages/airflow/example_dags/example_setup_teardown.py took 0.090 seconds
[2023-09-01T15:09:02.855+0000] {processor.py:157} INFO - Started process (PID=2051) to work on /home/airflow/.local/lib/python3.8/site-packages/airflow/example_dags/example_setup_teardown.py
[2023-09-01T15:09:02.856+0000] {processor.py:829} INFO - Processing file /home/airflow/.local/lib/python3.8/site-packages/airflow/example_dags/example_setup_teardown.py for tasks to queue
[2023-09-01T15:09:02.860+0000] {logging_mixin.py:151} INFO - [2023-09-01T15:09:02.859+0000] {dagbag.py:539} INFO - Filling up the DagBag from /home/airflow/.local/lib/python3.8/site-packages/airflow/example_dags/example_setup_teardown.py
[2023-09-01T15:09:02.870+0000] {processor.py:839} INFO - DAG(s) dict_keys(['example_setup_teardown']) retrieved from /home/airflow/.local/lib/python3.8/site-packages/airflow/example_dags/example_setup_teardown.py
[2023-09-01T15:09:02.898+0000] {logging_mixin.py:151} INFO - [2023-09-01T15:09:02.898+0000] {dag.py:2907} INFO - Sync 1 DAGs
[2023-09-01T15:09:02.922+0000] {logging_mixin.py:151} INFO - [2023-09-01T15:09:02.922+0000] {dag.py:3677} INFO - Setting next_dagrun for example_setup_teardown to 2023-08-31T15:09:02.922386+00:00, run_after=2023-09-01T15:09:02.922386+00:00
[2023-09-01T15:09:02.941+0000] {processor.py:179} INFO - Processing /home/airflow/.local/lib/python3.8/site-packages/airflow/example_dags/example_setup_teardown.py took 0.092 seconds
[2023-09-01T15:09:33.827+0000] {processor.py:157} INFO - Started process (PID=2105) to work on /home/airflow/.local/lib/python3.8/site-packages/airflow/example_dags/example_setup_teardown.py
[2023-09-01T15:09:33.828+0000] {processor.py:829} INFO - Processing file /home/airflow/.local/lib/python3.8/site-packages/airflow/example_dags/example_setup_teardown.py for tasks to queue
[2023-09-01T15:09:33.832+0000] {logging_mixin.py:151} INFO - [2023-09-01T15:09:33.832+0000] {dagbag.py:539} INFO - Filling up the DagBag from /home/airflow/.local/lib/python3.8/site-packages/airflow/example_dags/example_setup_teardown.py
[2023-09-01T15:09:33.843+0000] {processor.py:839} INFO - DAG(s) dict_keys(['example_setup_teardown']) retrieved from /home/airflow/.local/lib/python3.8/site-packages/airflow/example_dags/example_setup_teardown.py
[2023-09-01T15:09:33.875+0000] {logging_mixin.py:151} INFO - [2023-09-01T15:09:33.874+0000] {dag.py:2907} INFO - Sync 1 DAGs
[2023-09-01T15:09:33.911+0000] {logging_mixin.py:151} INFO - [2023-09-01T15:09:33.911+0000] {dag.py:3677} INFO - Setting next_dagrun for example_setup_teardown to 2023-08-31T15:09:33.910860+00:00, run_after=2023-09-01T15:09:33.910860+00:00
[2023-09-01T15:09:33.945+0000] {processor.py:179} INFO - Processing /home/airflow/.local/lib/python3.8/site-packages/airflow/example_dags/example_setup_teardown.py took 0.123 seconds
[2023-09-01T15:10:04.308+0000] {processor.py:157} INFO - Started process (PID=2159) to work on /home/airflow/.local/lib/python3.8/site-packages/airflow/example_dags/example_setup_teardown.py
[2023-09-01T15:10:04.309+0000] {processor.py:829} INFO - Processing file /home/airflow/.local/lib/python3.8/site-packages/airflow/example_dags/example_setup_teardown.py for tasks to queue
[2023-09-01T15:10:04.313+0000] {logging_mixin.py:151} INFO - [2023-09-01T15:10:04.312+0000] {dagbag.py:539} INFO - Filling up the DagBag from /home/airflow/.local/lib/python3.8/site-packages/airflow/example_dags/example_setup_teardown.py
[2023-09-01T15:10:04.325+0000] {processor.py:839} INFO - DAG(s) dict_keys(['example_setup_teardown']) retrieved from /home/airflow/.local/lib/python3.8/site-packages/airflow/example_dags/example_setup_teardown.py
[2023-09-01T15:10:04.351+0000] {logging_mixin.py:151} INFO - [2023-09-01T15:10:04.351+0000] {dag.py:2907} INFO - Sync 1 DAGs
[2023-09-01T15:10:04.377+0000] {logging_mixin.py:151} INFO - [2023-09-01T15:10:04.377+0000] {dag.py:3677} INFO - Setting next_dagrun for example_setup_teardown to 2023-08-31T15:10:04.376706+00:00, run_after=2023-09-01T15:10:04.376706+00:00
[2023-09-01T15:10:04.397+0000] {processor.py:179} INFO - Processing /home/airflow/.local/lib/python3.8/site-packages/airflow/example_dags/example_setup_teardown.py took 0.093 seconds
[2023-09-01T15:10:34.824+0000] {processor.py:157} INFO - Started process (PID=2213) to work on /home/airflow/.local/lib/python3.8/site-packages/airflow/example_dags/example_setup_teardown.py
[2023-09-01T15:10:34.825+0000] {processor.py:829} INFO - Processing file /home/airflow/.local/lib/python3.8/site-packages/airflow/example_dags/example_setup_teardown.py for tasks to queue
[2023-09-01T15:10:34.829+0000] {logging_mixin.py:151} INFO - [2023-09-01T15:10:34.828+0000] {dagbag.py:539} INFO - Filling up the DagBag from /home/airflow/.local/lib/python3.8/site-packages/airflow/example_dags/example_setup_teardown.py
[2023-09-01T15:10:34.839+0000] {processor.py:839} INFO - DAG(s) dict_keys(['example_setup_teardown']) retrieved from /home/airflow/.local/lib/python3.8/site-packages/airflow/example_dags/example_setup_teardown.py
[2023-09-01T15:10:34.866+0000] {logging_mixin.py:151} INFO - [2023-09-01T15:10:34.866+0000] {dag.py:2907} INFO - Sync 1 DAGs
[2023-09-01T15:10:34.891+0000] {logging_mixin.py:151} INFO - [2023-09-01T15:10:34.891+0000] {dag.py:3677} INFO - Setting next_dagrun for example_setup_teardown to 2023-08-31T15:10:34.891353+00:00, run_after=2023-09-01T15:10:34.891353+00:00
[2023-09-01T15:10:34.910+0000] {processor.py:179} INFO - Processing /home/airflow/.local/lib/python3.8/site-packages/airflow/example_dags/example_setup_teardown.py took 0.093 seconds
[2023-09-01T15:11:05.149+0000] {processor.py:157} INFO - Started process (PID=2267) to work on /home/airflow/.local/lib/python3.8/site-packages/airflow/example_dags/example_setup_teardown.py
[2023-09-01T15:11:05.150+0000] {processor.py:829} INFO - Processing file /home/airflow/.local/lib/python3.8/site-packages/airflow/example_dags/example_setup_teardown.py for tasks to queue
[2023-09-01T15:11:05.154+0000] {logging_mixin.py:151} INFO - [2023-09-01T15:11:05.153+0000] {dagbag.py:539} INFO - Filling up the DagBag from /home/airflow/.local/lib/python3.8/site-packages/airflow/example_dags/example_setup_teardown.py
[2023-09-01T15:11:05.163+0000] {processor.py:839} INFO - DAG(s) dict_keys(['example_setup_teardown']) retrieved from /home/airflow/.local/lib/python3.8/site-packages/airflow/example_dags/example_setup_teardown.py
[2023-09-01T15:11:05.191+0000] {logging_mixin.py:151} INFO - [2023-09-01T15:11:05.190+0000] {dag.py:2907} INFO - Sync 1 DAGs
[2023-09-01T15:11:05.214+0000] {logging_mixin.py:151} INFO - [2023-09-01T15:11:05.214+0000] {dag.py:3677} INFO - Setting next_dagrun for example_setup_teardown to 2023-08-31T15:11:05.214525+00:00, run_after=2023-09-01T15:11:05.214525+00:00
[2023-09-01T15:11:05.234+0000] {processor.py:179} INFO - Processing /home/airflow/.local/lib/python3.8/site-packages/airflow/example_dags/example_setup_teardown.py took 0.089 seconds
[2023-09-01T15:11:35.481+0000] {processor.py:157} INFO - Started process (PID=2321) to work on /home/airflow/.local/lib/python3.8/site-packages/airflow/example_dags/example_setup_teardown.py
[2023-09-01T15:11:35.482+0000] {processor.py:829} INFO - Processing file /home/airflow/.local/lib/python3.8/site-packages/airflow/example_dags/example_setup_teardown.py for tasks to queue
[2023-09-01T15:11:35.485+0000] {logging_mixin.py:151} INFO - [2023-09-01T15:11:35.485+0000] {dagbag.py:539} INFO - Filling up the DagBag from /home/airflow/.local/lib/python3.8/site-packages/airflow/example_dags/example_setup_teardown.py
[2023-09-01T15:11:35.493+0000] {processor.py:839} INFO - DAG(s) dict_keys(['example_setup_teardown']) retrieved from /home/airflow/.local/lib/python3.8/site-packages/airflow/example_dags/example_setup_teardown.py
[2023-09-01T15:11:35.515+0000] {logging_mixin.py:151} INFO - [2023-09-01T15:11:35.515+0000] {dag.py:2907} INFO - Sync 1 DAGs
[2023-09-01T15:11:35.538+0000] {logging_mixin.py:151} INFO - [2023-09-01T15:11:35.538+0000] {dag.py:3677} INFO - Setting next_dagrun for example_setup_teardown to 2023-08-31T15:11:35.537889+00:00, run_after=2023-09-01T15:11:35.537889+00:00
[2023-09-01T15:11:35.556+0000] {processor.py:179} INFO - Processing /home/airflow/.local/lib/python3.8/site-packages/airflow/example_dags/example_setup_teardown.py took 0.078 seconds
[2023-09-01T15:12:06.490+0000] {processor.py:157} INFO - Started process (PID=2375) to work on /home/airflow/.local/lib/python3.8/site-packages/airflow/example_dags/example_setup_teardown.py
[2023-09-01T15:12:06.491+0000] {processor.py:829} INFO - Processing file /home/airflow/.local/lib/python3.8/site-packages/airflow/example_dags/example_setup_teardown.py for tasks to queue
[2023-09-01T15:12:06.495+0000] {logging_mixin.py:151} INFO - [2023-09-01T15:12:06.494+0000] {dagbag.py:539} INFO - Filling up the DagBag from /home/airflow/.local/lib/python3.8/site-packages/airflow/example_dags/example_setup_teardown.py
[2023-09-01T15:12:06.504+0000] {processor.py:839} INFO - DAG(s) dict_keys(['example_setup_teardown']) retrieved from /home/airflow/.local/lib/python3.8/site-packages/airflow/example_dags/example_setup_teardown.py
[2023-09-01T15:12:06.530+0000] {logging_mixin.py:151} INFO - [2023-09-01T15:12:06.530+0000] {dag.py:2907} INFO - Sync 1 DAGs
[2023-09-01T15:12:06.552+0000] {logging_mixin.py:151} INFO - [2023-09-01T15:12:06.552+0000] {dag.py:3677} INFO - Setting next_dagrun for example_setup_teardown to 2023-08-31T15:12:06.552410+00:00, run_after=2023-09-01T15:12:06.552410+00:00
[2023-09-01T15:12:06.571+0000] {processor.py:179} INFO - Processing /home/airflow/.local/lib/python3.8/site-packages/airflow/example_dags/example_setup_teardown.py took 0.085 seconds
[2023-09-01T15:12:36.756+0000] {processor.py:157} INFO - Started process (PID=2429) to work on /home/airflow/.local/lib/python3.8/site-packages/airflow/example_dags/example_setup_teardown.py
[2023-09-01T15:12:36.758+0000] {processor.py:829} INFO - Processing file /home/airflow/.local/lib/python3.8/site-packages/airflow/example_dags/example_setup_teardown.py for tasks to queue
[2023-09-01T15:12:36.760+0000] {logging_mixin.py:151} INFO - [2023-09-01T15:12:36.760+0000] {dagbag.py:539} INFO - Filling up the DagBag from /home/airflow/.local/lib/python3.8/site-packages/airflow/example_dags/example_setup_teardown.py
[2023-09-01T15:12:36.770+0000] {processor.py:839} INFO - DAG(s) dict_keys(['example_setup_teardown']) retrieved from /home/airflow/.local/lib/python3.8/site-packages/airflow/example_dags/example_setup_teardown.py
[2023-09-01T15:12:36.793+0000] {logging_mixin.py:151} INFO - [2023-09-01T15:12:36.793+0000] {dag.py:2907} INFO - Sync 1 DAGs
[2023-09-01T15:12:36.817+0000] {logging_mixin.py:151} INFO - [2023-09-01T15:12:36.817+0000] {dag.py:3677} INFO - Setting next_dagrun for example_setup_teardown to 2023-08-31T15:12:36.816940+00:00, run_after=2023-09-01T15:12:36.816940+00:00
[2023-09-01T15:12:36.834+0000] {processor.py:179} INFO - Processing /home/airflow/.local/lib/python3.8/site-packages/airflow/example_dags/example_setup_teardown.py took 0.081 seconds
[2023-09-01T15:13:07.113+0000] {processor.py:157} INFO - Started process (PID=2483) to work on /home/airflow/.local/lib/python3.8/site-packages/airflow/example_dags/example_setup_teardown.py
[2023-09-01T15:13:07.114+0000] {processor.py:829} INFO - Processing file /home/airflow/.local/lib/python3.8/site-packages/airflow/example_dags/example_setup_teardown.py for tasks to queue
[2023-09-01T15:13:07.117+0000] {logging_mixin.py:151} INFO - [2023-09-01T15:13:07.117+0000] {dagbag.py:539} INFO - Filling up the DagBag from /home/airflow/.local/lib/python3.8/site-packages/airflow/example_dags/example_setup_teardown.py
[2023-09-01T15:13:07.127+0000] {processor.py:839} INFO - DAG(s) dict_keys(['example_setup_teardown']) retrieved from /home/airflow/.local/lib/python3.8/site-packages/airflow/example_dags/example_setup_teardown.py
[2023-09-01T15:13:07.153+0000] {logging_mixin.py:151} INFO - [2023-09-01T15:13:07.153+0000] {dag.py:2907} INFO - Sync 1 DAGs
[2023-09-01T15:13:07.177+0000] {logging_mixin.py:151} INFO - [2023-09-01T15:13:07.177+0000] {dag.py:3677} INFO - Setting next_dagrun for example_setup_teardown to 2023-08-31T15:13:07.177442+00:00, run_after=2023-09-01T15:13:07.177442+00:00
[2023-09-01T15:13:07.196+0000] {processor.py:179} INFO - Processing /home/airflow/.local/lib/python3.8/site-packages/airflow/example_dags/example_setup_teardown.py took 0.088 seconds
[2023-09-01T15:13:37.791+0000] {processor.py:157} INFO - Started process (PID=2537) to work on /home/airflow/.local/lib/python3.8/site-packages/airflow/example_dags/example_setup_teardown.py
[2023-09-01T15:13:37.792+0000] {processor.py:829} INFO - Processing file /home/airflow/.local/lib/python3.8/site-packages/airflow/example_dags/example_setup_teardown.py for tasks to queue
[2023-09-01T15:13:37.795+0000] {logging_mixin.py:151} INFO - [2023-09-01T15:13:37.795+0000] {dagbag.py:539} INFO - Filling up the DagBag from /home/airflow/.local/lib/python3.8/site-packages/airflow/example_dags/example_setup_teardown.py
[2023-09-01T15:13:37.804+0000] {processor.py:839} INFO - DAG(s) dict_keys(['example_setup_teardown']) retrieved from /home/airflow/.local/lib/python3.8/site-packages/airflow/example_dags/example_setup_teardown.py
[2023-09-01T15:13:37.830+0000] {logging_mixin.py:151} INFO - [2023-09-01T15:13:37.829+0000] {dag.py:2907} INFO - Sync 1 DAGs
[2023-09-01T15:13:37.855+0000] {logging_mixin.py:151} INFO - [2023-09-01T15:13:37.855+0000] {dag.py:3677} INFO - Setting next_dagrun for example_setup_teardown to 2023-08-31T15:13:37.855019+00:00, run_after=2023-09-01T15:13:37.855019+00:00
[2023-09-01T15:13:37.876+0000] {processor.py:179} INFO - Processing /home/airflow/.local/lib/python3.8/site-packages/airflow/example_dags/example_setup_teardown.py took 0.089 seconds
[2023-09-01T15:14:08.040+0000] {processor.py:157} INFO - Started process (PID=2591) to work on /home/airflow/.local/lib/python3.8/site-packages/airflow/example_dags/example_setup_teardown.py
[2023-09-01T15:14:08.042+0000] {processor.py:829} INFO - Processing file /home/airflow/.local/lib/python3.8/site-packages/airflow/example_dags/example_setup_teardown.py for tasks to queue
[2023-09-01T15:14:08.046+0000] {logging_mixin.py:151} INFO - [2023-09-01T15:14:08.046+0000] {dagbag.py:539} INFO - Filling up the DagBag from /home/airflow/.local/lib/python3.8/site-packages/airflow/example_dags/example_setup_teardown.py
[2023-09-01T15:14:08.056+0000] {processor.py:839} INFO - DAG(s) dict_keys(['example_setup_teardown']) retrieved from /home/airflow/.local/lib/python3.8/site-packages/airflow/example_dags/example_setup_teardown.py
[2023-09-01T15:14:08.090+0000] {logging_mixin.py:151} INFO - [2023-09-01T15:14:08.090+0000] {dag.py:2907} INFO - Sync 1 DAGs
[2023-09-01T15:14:08.120+0000] {logging_mixin.py:151} INFO - [2023-09-01T15:14:08.120+0000] {dag.py:3677} INFO - Setting next_dagrun for example_setup_teardown to 2023-08-31T15:14:08.120171+00:00, run_after=2023-09-01T15:14:08.120171+00:00
[2023-09-01T15:14:08.144+0000] {processor.py:179} INFO - Processing /home/airflow/.local/lib/python3.8/site-packages/airflow/example_dags/example_setup_teardown.py took 0.108 seconds
[2023-09-01T15:14:39.025+0000] {processor.py:157} INFO - Started process (PID=2645) to work on /home/airflow/.local/lib/python3.8/site-packages/airflow/example_dags/example_setup_teardown.py
[2023-09-01T15:14:39.026+0000] {processor.py:829} INFO - Processing file /home/airflow/.local/lib/python3.8/site-packages/airflow/example_dags/example_setup_teardown.py for tasks to queue
[2023-09-01T15:14:39.029+0000] {logging_mixin.py:151} INFO - [2023-09-01T15:14:39.029+0000] {dagbag.py:539} INFO - Filling up the DagBag from /home/airflow/.local/lib/python3.8/site-packages/airflow/example_dags/example_setup_teardown.py
[2023-09-01T15:14:39.039+0000] {processor.py:839} INFO - DAG(s) dict_keys(['example_setup_teardown']) retrieved from /home/airflow/.local/lib/python3.8/site-packages/airflow/example_dags/example_setup_teardown.py
[2023-09-01T15:14:39.067+0000] {logging_mixin.py:151} INFO - [2023-09-01T15:14:39.066+0000] {dag.py:2907} INFO - Sync 1 DAGs
[2023-09-01T15:14:39.092+0000] {logging_mixin.py:151} INFO - [2023-09-01T15:14:39.091+0000] {dag.py:3677} INFO - Setting next_dagrun for example_setup_teardown to 2023-08-31T15:14:39.091586+00:00, run_after=2023-09-01T15:14:39.091586+00:00
[2023-09-01T15:14:39.110+0000] {processor.py:179} INFO - Processing /home/airflow/.local/lib/python3.8/site-packages/airflow/example_dags/example_setup_teardown.py took 0.090 seconds
[2023-09-01T15:15:10.018+0000] {processor.py:157} INFO - Started process (PID=2699) to work on /home/airflow/.local/lib/python3.8/site-packages/airflow/example_dags/example_setup_teardown.py
[2023-09-01T15:15:10.020+0000] {processor.py:829} INFO - Processing file /home/airflow/.local/lib/python3.8/site-packages/airflow/example_dags/example_setup_teardown.py for tasks to queue
[2023-09-01T15:15:10.025+0000] {logging_mixin.py:151} INFO - [2023-09-01T15:15:10.024+0000] {dagbag.py:539} INFO - Filling up the DagBag from /home/airflow/.local/lib/python3.8/site-packages/airflow/example_dags/example_setup_teardown.py
[2023-09-01T15:15:10.037+0000] {processor.py:839} INFO - DAG(s) dict_keys(['example_setup_teardown']) retrieved from /home/airflow/.local/lib/python3.8/site-packages/airflow/example_dags/example_setup_teardown.py
[2023-09-01T15:15:10.069+0000] {logging_mixin.py:151} INFO - [2023-09-01T15:15:10.069+0000] {dag.py:2907} INFO - Sync 1 DAGs
[2023-09-01T15:15:10.090+0000] {logging_mixin.py:151} INFO - [2023-09-01T15:15:10.090+0000] {dag.py:3677} INFO - Setting next_dagrun for example_setup_teardown to 2023-08-31T15:15:10.090340+00:00, run_after=2023-09-01T15:15:10.090340+00:00
[2023-09-01T15:15:10.106+0000] {processor.py:179} INFO - Processing /home/airflow/.local/lib/python3.8/site-packages/airflow/example_dags/example_setup_teardown.py took 0.093 seconds
[2023-09-01T15:15:40.380+0000] {processor.py:157} INFO - Started process (PID=2753) to work on /home/airflow/.local/lib/python3.8/site-packages/airflow/example_dags/example_setup_teardown.py
[2023-09-01T15:15:40.381+0000] {processor.py:829} INFO - Processing file /home/airflow/.local/lib/python3.8/site-packages/airflow/example_dags/example_setup_teardown.py for tasks to queue
[2023-09-01T15:15:40.384+0000] {logging_mixin.py:151} INFO - [2023-09-01T15:15:40.383+0000] {dagbag.py:539} INFO - Filling up the DagBag from /home/airflow/.local/lib/python3.8/site-packages/airflow/example_dags/example_setup_teardown.py
[2023-09-01T15:15:40.392+0000] {processor.py:839} INFO - DAG(s) dict_keys(['example_setup_teardown']) retrieved from /home/airflow/.local/lib/python3.8/site-packages/airflow/example_dags/example_setup_teardown.py
[2023-09-01T15:15:40.418+0000] {logging_mixin.py:151} INFO - [2023-09-01T15:15:40.417+0000] {dag.py:2907} INFO - Sync 1 DAGs
[2023-09-01T15:15:40.441+0000] {logging_mixin.py:151} INFO - [2023-09-01T15:15:40.441+0000] {dag.py:3677} INFO - Setting next_dagrun for example_setup_teardown to 2023-08-31T15:15:40.441341+00:00, run_after=2023-09-01T15:15:40.441341+00:00
[2023-09-01T15:15:40.463+0000] {processor.py:179} INFO - Processing /home/airflow/.local/lib/python3.8/site-packages/airflow/example_dags/example_setup_teardown.py took 0.086 seconds
[2023-09-01T15:16:11.464+0000] {processor.py:157} INFO - Started process (PID=2807) to work on /home/airflow/.local/lib/python3.8/site-packages/airflow/example_dags/example_setup_teardown.py
[2023-09-01T15:16:11.465+0000] {processor.py:829} INFO - Processing file /home/airflow/.local/lib/python3.8/site-packages/airflow/example_dags/example_setup_teardown.py for tasks to queue
[2023-09-01T15:16:11.468+0000] {logging_mixin.py:151} INFO - [2023-09-01T15:16:11.467+0000] {dagbag.py:539} INFO - Filling up the DagBag from /home/airflow/.local/lib/python3.8/site-packages/airflow/example_dags/example_setup_teardown.py
[2023-09-01T15:16:11.476+0000] {processor.py:839} INFO - DAG(s) dict_keys(['example_setup_teardown']) retrieved from /home/airflow/.local/lib/python3.8/site-packages/airflow/example_dags/example_setup_teardown.py
[2023-09-01T15:16:11.499+0000] {logging_mixin.py:151} INFO - [2023-09-01T15:16:11.499+0000] {dag.py:2907} INFO - Sync 1 DAGs
[2023-09-01T15:16:11.522+0000] {logging_mixin.py:151} INFO - [2023-09-01T15:16:11.522+0000] {dag.py:3677} INFO - Setting next_dagrun for example_setup_teardown to 2023-08-31T15:16:11.521926+00:00, run_after=2023-09-01T15:16:11.521926+00:00
[2023-09-01T15:16:11.539+0000] {processor.py:179} INFO - Processing /home/airflow/.local/lib/python3.8/site-packages/airflow/example_dags/example_setup_teardown.py took 0.080 seconds
[2023-09-01T15:16:41.950+0000] {processor.py:157} INFO - Started process (PID=2862) to work on /home/airflow/.local/lib/python3.8/site-packages/airflow/example_dags/example_setup_teardown.py
[2023-09-01T15:16:41.951+0000] {processor.py:829} INFO - Processing file /home/airflow/.local/lib/python3.8/site-packages/airflow/example_dags/example_setup_teardown.py for tasks to queue
[2023-09-01T15:16:41.954+0000] {logging_mixin.py:151} INFO - [2023-09-01T15:16:41.954+0000] {dagbag.py:539} INFO - Filling up the DagBag from /home/airflow/.local/lib/python3.8/site-packages/airflow/example_dags/example_setup_teardown.py
[2023-09-01T15:16:41.963+0000] {processor.py:839} INFO - DAG(s) dict_keys(['example_setup_teardown']) retrieved from /home/airflow/.local/lib/python3.8/site-packages/airflow/example_dags/example_setup_teardown.py
[2023-09-01T15:16:41.990+0000] {logging_mixin.py:151} INFO - [2023-09-01T15:16:41.990+0000] {dag.py:2907} INFO - Sync 1 DAGs
[2023-09-01T15:16:42.014+0000] {logging_mixin.py:151} INFO - [2023-09-01T15:16:42.014+0000] {dag.py:3677} INFO - Setting next_dagrun for example_setup_teardown to 2023-08-31T15:16:42.014292+00:00, run_after=2023-09-01T15:16:42.014292+00:00
[2023-09-01T15:16:42.033+0000] {processor.py:179} INFO - Processing /home/airflow/.local/lib/python3.8/site-packages/airflow/example_dags/example_setup_teardown.py took 0.088 seconds
[2023-09-01T15:17:12.527+0000] {processor.py:157} INFO - Started process (PID=2917) to work on /home/airflow/.local/lib/python3.8/site-packages/airflow/example_dags/example_setup_teardown.py
[2023-09-01T15:17:12.528+0000] {processor.py:829} INFO - Processing file /home/airflow/.local/lib/python3.8/site-packages/airflow/example_dags/example_setup_teardown.py for tasks to queue
[2023-09-01T15:17:12.531+0000] {logging_mixin.py:151} INFO - [2023-09-01T15:17:12.531+0000] {dagbag.py:539} INFO - Filling up the DagBag from /home/airflow/.local/lib/python3.8/site-packages/airflow/example_dags/example_setup_teardown.py
[2023-09-01T15:17:12.539+0000] {processor.py:839} INFO - DAG(s) dict_keys(['example_setup_teardown']) retrieved from /home/airflow/.local/lib/python3.8/site-packages/airflow/example_dags/example_setup_teardown.py
[2023-09-01T15:17:12.563+0000] {logging_mixin.py:151} INFO - [2023-09-01T15:17:12.562+0000] {dag.py:2907} INFO - Sync 1 DAGs
[2023-09-01T15:17:12.588+0000] {logging_mixin.py:151} INFO - [2023-09-01T15:17:12.588+0000] {dag.py:3677} INFO - Setting next_dagrun for example_setup_teardown to 2023-08-31T15:17:12.587997+00:00, run_after=2023-09-01T15:17:12.587997+00:00
[2023-09-01T15:17:12.607+0000] {processor.py:179} INFO - Processing /home/airflow/.local/lib/python3.8/site-packages/airflow/example_dags/example_setup_teardown.py took 0.084 seconds
[2023-09-01T15:17:43.048+0000] {processor.py:157} INFO - Started process (PID=2971) to work on /home/airflow/.local/lib/python3.8/site-packages/airflow/example_dags/example_setup_teardown.py
[2023-09-01T15:17:43.049+0000] {processor.py:829} INFO - Processing file /home/airflow/.local/lib/python3.8/site-packages/airflow/example_dags/example_setup_teardown.py for tasks to queue
[2023-09-01T15:17:43.052+0000] {logging_mixin.py:151} INFO - [2023-09-01T15:17:43.052+0000] {dagbag.py:539} INFO - Filling up the DagBag from /home/airflow/.local/lib/python3.8/site-packages/airflow/example_dags/example_setup_teardown.py
[2023-09-01T15:17:43.062+0000] {processor.py:839} INFO - DAG(s) dict_keys(['example_setup_teardown']) retrieved from /home/airflow/.local/lib/python3.8/site-packages/airflow/example_dags/example_setup_teardown.py
[2023-09-01T15:17:43.087+0000] {logging_mixin.py:151} INFO - [2023-09-01T15:17:43.086+0000] {dag.py:2907} INFO - Sync 1 DAGs
[2023-09-01T15:17:43.110+0000] {logging_mixin.py:151} INFO - [2023-09-01T15:17:43.110+0000] {dag.py:3677} INFO - Setting next_dagrun for example_setup_teardown to 2023-08-31T15:17:43.109847+00:00, run_after=2023-09-01T15:17:43.109847+00:00
[2023-09-01T15:17:43.129+0000] {processor.py:179} INFO - Processing /home/airflow/.local/lib/python3.8/site-packages/airflow/example_dags/example_setup_teardown.py took 0.086 seconds
[2023-09-01T15:18:14.022+0000] {processor.py:157} INFO - Started process (PID=3025) to work on /home/airflow/.local/lib/python3.8/site-packages/airflow/example_dags/example_setup_teardown.py
[2023-09-01T15:18:14.023+0000] {processor.py:829} INFO - Processing file /home/airflow/.local/lib/python3.8/site-packages/airflow/example_dags/example_setup_teardown.py for tasks to queue
[2023-09-01T15:18:14.026+0000] {logging_mixin.py:151} INFO - [2023-09-01T15:18:14.026+0000] {dagbag.py:539} INFO - Filling up the DagBag from /home/airflow/.local/lib/python3.8/site-packages/airflow/example_dags/example_setup_teardown.py
[2023-09-01T15:18:14.036+0000] {processor.py:839} INFO - DAG(s) dict_keys(['example_setup_teardown']) retrieved from /home/airflow/.local/lib/python3.8/site-packages/airflow/example_dags/example_setup_teardown.py
[2023-09-01T15:18:14.064+0000] {logging_mixin.py:151} INFO - [2023-09-01T15:18:14.063+0000] {dag.py:2907} INFO - Sync 1 DAGs
[2023-09-01T15:18:14.089+0000] {logging_mixin.py:151} INFO - [2023-09-01T15:18:14.089+0000] {dag.py:3677} INFO - Setting next_dagrun for example_setup_teardown to 2023-08-31T15:18:14.089121+00:00, run_after=2023-09-01T15:18:14.089121+00:00
[2023-09-01T15:18:14.108+0000] {processor.py:179} INFO - Processing /home/airflow/.local/lib/python3.8/site-packages/airflow/example_dags/example_setup_teardown.py took 0.090 seconds
[2023-09-01T15:18:44.697+0000] {processor.py:157} INFO - Started process (PID=3079) to work on /home/airflow/.local/lib/python3.8/site-packages/airflow/example_dags/example_setup_teardown.py
[2023-09-01T15:18:44.699+0000] {processor.py:829} INFO - Processing file /home/airflow/.local/lib/python3.8/site-packages/airflow/example_dags/example_setup_teardown.py for tasks to queue
[2023-09-01T15:18:44.702+0000] {logging_mixin.py:151} INFO - [2023-09-01T15:18:44.702+0000] {dagbag.py:539} INFO - Filling up the DagBag from /home/airflow/.local/lib/python3.8/site-packages/airflow/example_dags/example_setup_teardown.py
[2023-09-01T15:18:44.712+0000] {processor.py:839} INFO - DAG(s) dict_keys(['example_setup_teardown']) retrieved from /home/airflow/.local/lib/python3.8/site-packages/airflow/example_dags/example_setup_teardown.py
[2023-09-01T15:18:44.742+0000] {logging_mixin.py:151} INFO - [2023-09-01T15:18:44.741+0000] {dag.py:2907} INFO - Sync 1 DAGs
[2023-09-01T15:18:44.773+0000] {logging_mixin.py:151} INFO - [2023-09-01T15:18:44.773+0000] {dag.py:3677} INFO - Setting next_dagrun for example_setup_teardown to 2023-08-31T15:18:44.772994+00:00, run_after=2023-09-01T15:18:44.772994+00:00
[2023-09-01T15:18:44.799+0000] {processor.py:179} INFO - Processing /home/airflow/.local/lib/python3.8/site-packages/airflow/example_dags/example_setup_teardown.py took 0.107 seconds
[2023-09-01T15:19:15.249+0000] {processor.py:157} INFO - Started process (PID=3133) to work on /home/airflow/.local/lib/python3.8/site-packages/airflow/example_dags/example_setup_teardown.py
[2023-09-01T15:19:15.251+0000] {processor.py:829} INFO - Processing file /home/airflow/.local/lib/python3.8/site-packages/airflow/example_dags/example_setup_teardown.py for tasks to queue
[2023-09-01T15:19:15.255+0000] {logging_mixin.py:151} INFO - [2023-09-01T15:19:15.254+0000] {dagbag.py:539} INFO - Filling up the DagBag from /home/airflow/.local/lib/python3.8/site-packages/airflow/example_dags/example_setup_teardown.py
[2023-09-01T15:19:15.266+0000] {processor.py:839} INFO - DAG(s) dict_keys(['example_setup_teardown']) retrieved from /home/airflow/.local/lib/python3.8/site-packages/airflow/example_dags/example_setup_teardown.py
[2023-09-01T15:19:15.296+0000] {logging_mixin.py:151} INFO - [2023-09-01T15:19:15.295+0000] {dag.py:2907} INFO - Sync 1 DAGs
[2023-09-01T15:19:15.322+0000] {logging_mixin.py:151} INFO - [2023-09-01T15:19:15.322+0000] {dag.py:3677} INFO - Setting next_dagrun for example_setup_teardown to 2023-08-31T15:19:15.322470+00:00, run_after=2023-09-01T15:19:15.322470+00:00
[2023-09-01T15:19:15.341+0000] {processor.py:179} INFO - Processing /home/airflow/.local/lib/python3.8/site-packages/airflow/example_dags/example_setup_teardown.py took 0.098 seconds
[2023-09-01T15:19:45.895+0000] {processor.py:157} INFO - Started process (PID=3187) to work on /home/airflow/.local/lib/python3.8/site-packages/airflow/example_dags/example_setup_teardown.py
[2023-09-01T15:19:45.896+0000] {processor.py:829} INFO - Processing file /home/airflow/.local/lib/python3.8/site-packages/airflow/example_dags/example_setup_teardown.py for tasks to queue
[2023-09-01T15:19:45.900+0000] {logging_mixin.py:151} INFO - [2023-09-01T15:19:45.899+0000] {dagbag.py:539} INFO - Filling up the DagBag from /home/airflow/.local/lib/python3.8/site-packages/airflow/example_dags/example_setup_teardown.py
[2023-09-01T15:19:45.909+0000] {processor.py:839} INFO - DAG(s) dict_keys(['example_setup_teardown']) retrieved from /home/airflow/.local/lib/python3.8/site-packages/airflow/example_dags/example_setup_teardown.py
[2023-09-01T15:19:45.936+0000] {logging_mixin.py:151} INFO - [2023-09-01T15:19:45.936+0000] {dag.py:2907} INFO - Sync 1 DAGs
[2023-09-01T15:19:45.960+0000] {logging_mixin.py:151} INFO - [2023-09-01T15:19:45.960+0000] {dag.py:3677} INFO - Setting next_dagrun for example_setup_teardown to 2023-08-31T15:19:45.960072+00:00, run_after=2023-09-01T15:19:45.960072+00:00
[2023-09-01T15:19:45.979+0000] {processor.py:179} INFO - Processing /home/airflow/.local/lib/python3.8/site-packages/airflow/example_dags/example_setup_teardown.py took 0.089 seconds
[2023-09-01T15:20:16.362+0000] {processor.py:157} INFO - Started process (PID=3241) to work on /home/airflow/.local/lib/python3.8/site-packages/airflow/example_dags/example_setup_teardown.py
[2023-09-01T15:20:16.363+0000] {processor.py:829} INFO - Processing file /home/airflow/.local/lib/python3.8/site-packages/airflow/example_dags/example_setup_teardown.py for tasks to queue
[2023-09-01T15:20:16.366+0000] {logging_mixin.py:151} INFO - [2023-09-01T15:20:16.365+0000] {dagbag.py:539} INFO - Filling up the DagBag from /home/airflow/.local/lib/python3.8/site-packages/airflow/example_dags/example_setup_teardown.py
[2023-09-01T15:20:16.374+0000] {processor.py:839} INFO - DAG(s) dict_keys(['example_setup_teardown']) retrieved from /home/airflow/.local/lib/python3.8/site-packages/airflow/example_dags/example_setup_teardown.py
[2023-09-01T15:20:16.396+0000] {logging_mixin.py:151} INFO - [2023-09-01T15:20:16.395+0000] {dag.py:2907} INFO - Sync 1 DAGs
[2023-09-01T15:20:16.419+0000] {logging_mixin.py:151} INFO - [2023-09-01T15:20:16.419+0000] {dag.py:3677} INFO - Setting next_dagrun for example_setup_teardown to 2023-08-31T15:20:16.419018+00:00, run_after=2023-09-01T15:20:16.419018+00:00
[2023-09-01T15:20:16.439+0000] {processor.py:179} INFO - Processing /home/airflow/.local/lib/python3.8/site-packages/airflow/example_dags/example_setup_teardown.py took 0.080 seconds
[2023-09-01T15:20:46.854+0000] {processor.py:157} INFO - Started process (PID=3295) to work on /home/airflow/.local/lib/python3.8/site-packages/airflow/example_dags/example_setup_teardown.py
[2023-09-01T15:20:46.855+0000] {processor.py:829} INFO - Processing file /home/airflow/.local/lib/python3.8/site-packages/airflow/example_dags/example_setup_teardown.py for tasks to queue
[2023-09-01T15:20:46.859+0000] {logging_mixin.py:151} INFO - [2023-09-01T15:20:46.858+0000] {dagbag.py:539} INFO - Filling up the DagBag from /home/airflow/.local/lib/python3.8/site-packages/airflow/example_dags/example_setup_teardown.py
[2023-09-01T15:20:46.868+0000] {processor.py:839} INFO - DAG(s) dict_keys(['example_setup_teardown']) retrieved from /home/airflow/.local/lib/python3.8/site-packages/airflow/example_dags/example_setup_teardown.py
[2023-09-01T15:20:46.895+0000] {logging_mixin.py:151} INFO - [2023-09-01T15:20:46.894+0000] {dag.py:2907} INFO - Sync 1 DAGs
[2023-09-01T15:20:46.919+0000] {logging_mixin.py:151} INFO - [2023-09-01T15:20:46.919+0000] {dag.py:3677} INFO - Setting next_dagrun for example_setup_teardown to 2023-08-31T15:20:46.919047+00:00, run_after=2023-09-01T15:20:46.919047+00:00
[2023-09-01T15:20:46.938+0000] {processor.py:179} INFO - Processing /home/airflow/.local/lib/python3.8/site-packages/airflow/example_dags/example_setup_teardown.py took 0.088 seconds
[2023-09-01T15:21:17.561+0000] {processor.py:157} INFO - Started process (PID=3349) to work on /home/airflow/.local/lib/python3.8/site-packages/airflow/example_dags/example_setup_teardown.py
[2023-09-01T15:21:17.562+0000] {processor.py:829} INFO - Processing file /home/airflow/.local/lib/python3.8/site-packages/airflow/example_dags/example_setup_teardown.py for tasks to queue
[2023-09-01T15:21:17.565+0000] {logging_mixin.py:151} INFO - [2023-09-01T15:21:17.565+0000] {dagbag.py:539} INFO - Filling up the DagBag from /home/airflow/.local/lib/python3.8/site-packages/airflow/example_dags/example_setup_teardown.py
[2023-09-01T15:21:17.574+0000] {processor.py:839} INFO - DAG(s) dict_keys(['example_setup_teardown']) retrieved from /home/airflow/.local/lib/python3.8/site-packages/airflow/example_dags/example_setup_teardown.py
[2023-09-01T15:21:17.599+0000] {logging_mixin.py:151} INFO - [2023-09-01T15:21:17.599+0000] {dag.py:2907} INFO - Sync 1 DAGs
[2023-09-01T15:21:17.622+0000] {logging_mixin.py:151} INFO - [2023-09-01T15:21:17.622+0000] {dag.py:3677} INFO - Setting next_dagrun for example_setup_teardown to 2023-08-31T15:21:17.622213+00:00, run_after=2023-09-01T15:21:17.622213+00:00
[2023-09-01T15:21:17.641+0000] {processor.py:179} INFO - Processing /home/airflow/.local/lib/python3.8/site-packages/airflow/example_dags/example_setup_teardown.py took 0.085 seconds
[2023-09-01T15:21:48.320+0000] {processor.py:157} INFO - Started process (PID=3403) to work on /home/airflow/.local/lib/python3.8/site-packages/airflow/example_dags/example_setup_teardown.py
[2023-09-01T15:21:48.321+0000] {processor.py:829} INFO - Processing file /home/airflow/.local/lib/python3.8/site-packages/airflow/example_dags/example_setup_teardown.py for tasks to queue
[2023-09-01T15:21:48.323+0000] {logging_mixin.py:151} INFO - [2023-09-01T15:21:48.323+0000] {dagbag.py:539} INFO - Filling up the DagBag from /home/airflow/.local/lib/python3.8/site-packages/airflow/example_dags/example_setup_teardown.py
[2023-09-01T15:21:48.332+0000] {processor.py:839} INFO - DAG(s) dict_keys(['example_setup_teardown']) retrieved from /home/airflow/.local/lib/python3.8/site-packages/airflow/example_dags/example_setup_teardown.py
[2023-09-01T15:21:48.354+0000] {logging_mixin.py:151} INFO - [2023-09-01T15:21:48.353+0000] {dag.py:2907} INFO - Sync 1 DAGs
[2023-09-01T15:21:48.377+0000] {logging_mixin.py:151} INFO - [2023-09-01T15:21:48.377+0000] {dag.py:3677} INFO - Setting next_dagrun for example_setup_teardown to 2023-08-31T15:21:48.377060+00:00, run_after=2023-09-01T15:21:48.377060+00:00
[2023-09-01T15:21:48.394+0000] {processor.py:179} INFO - Processing /home/airflow/.local/lib/python3.8/site-packages/airflow/example_dags/example_setup_teardown.py took 0.079 seconds
