[2023-09-01T14:50:20.909+0000] {processor.py:157} INFO - Started process (PID=59) to work on /home/airflow/.local/lib/python3.8/site-packages/airflow/example_dags/example_branch_operator.py
[2023-09-01T14:50:20.911+0000] {processor.py:829} INFO - Processing file /home/airflow/.local/lib/python3.8/site-packages/airflow/example_dags/example_branch_operator.py for tasks to queue
[2023-09-01T14:50:20.917+0000] {logging_mixin.py:151} INFO - [2023-09-01T14:50:20.916+0000] {dagbag.py:539} INFO - Filling up the DagBag from /home/airflow/.local/lib/python3.8/site-packages/airflow/example_dags/example_branch_operator.py
[2023-09-01T14:50:20.937+0000] {processor.py:839} INFO - DAG(s) dict_keys(['example_branch_operator']) retrieved from /home/airflow/.local/lib/python3.8/site-packages/airflow/example_dags/example_branch_operator.py
[2023-09-01T14:50:21.253+0000] {logging_mixin.py:151} INFO - [2023-09-01T14:50:21.253+0000] {manager.py:501} INFO - Created Permission View: can read on DAG:example_branch_operator
[2023-09-01T14:50:21.268+0000] {logging_mixin.py:151} INFO - [2023-09-01T14:50:21.268+0000] {manager.py:501} INFO - Created Permission View: can edit on DAG:example_branch_operator
[2023-09-01T14:50:21.282+0000] {logging_mixin.py:151} INFO - [2023-09-01T14:50:21.281+0000] {manager.py:501} INFO - Created Permission View: can delete on DAG:example_branch_operator
[2023-09-01T14:50:21.301+0000] {logging_mixin.py:151} INFO - [2023-09-01T14:50:21.301+0000] {dag.py:2907} INFO - Sync 1 DAGs
[2023-09-01T14:50:21.318+0000] {logging_mixin.py:151} INFO - [2023-09-01T14:50:21.317+0000] {dag.py:2929} INFO - Creating ORM DAG for example_branch_operator
[2023-09-01T14:50:21.334+0000] {logging_mixin.py:151} INFO - [2023-09-01T14:50:21.333+0000] {dag.py:3677} INFO - Setting next_dagrun for example_branch_operator to 2023-08-31T00:00:00+00:00, run_after=2023-09-01T00:00:00+00:00
[2023-09-01T14:50:21.362+0000] {processor.py:179} INFO - Processing /home/airflow/.local/lib/python3.8/site-packages/airflow/example_dags/example_branch_operator.py took 0.459 seconds
[2023-09-01T14:50:51.726+0000] {processor.py:157} INFO - Started process (PID=112) to work on /home/airflow/.local/lib/python3.8/site-packages/airflow/example_dags/example_branch_operator.py
[2023-09-01T14:50:51.728+0000] {processor.py:829} INFO - Processing file /home/airflow/.local/lib/python3.8/site-packages/airflow/example_dags/example_branch_operator.py for tasks to queue
[2023-09-01T14:50:51.732+0000] {logging_mixin.py:151} INFO - [2023-09-01T14:50:51.732+0000] {dagbag.py:539} INFO - Filling up the DagBag from /home/airflow/.local/lib/python3.8/site-packages/airflow/example_dags/example_branch_operator.py
[2023-09-01T14:50:51.748+0000] {processor.py:839} INFO - DAG(s) dict_keys(['example_branch_operator']) retrieved from /home/airflow/.local/lib/python3.8/site-packages/airflow/example_dags/example_branch_operator.py
[2023-09-01T14:50:51.785+0000] {logging_mixin.py:151} INFO - [2023-09-01T14:50:51.784+0000] {dag.py:2907} INFO - Sync 1 DAGs
[2023-09-01T14:50:51.821+0000] {logging_mixin.py:151} INFO - [2023-09-01T14:50:51.821+0000] {dag.py:3677} INFO - Setting next_dagrun for example_branch_operator to 2023-08-31T00:00:00+00:00, run_after=2023-09-01T00:00:00+00:00
[2023-09-01T14:50:51.851+0000] {processor.py:179} INFO - Processing /home/airflow/.local/lib/python3.8/site-packages/airflow/example_dags/example_branch_operator.py took 0.130 seconds
[2023-09-01T14:51:22.759+0000] {processor.py:157} INFO - Started process (PID=166) to work on /home/airflow/.local/lib/python3.8/site-packages/airflow/example_dags/example_branch_operator.py
[2023-09-01T14:51:22.760+0000] {processor.py:829} INFO - Processing file /home/airflow/.local/lib/python3.8/site-packages/airflow/example_dags/example_branch_operator.py for tasks to queue
[2023-09-01T14:51:22.765+0000] {logging_mixin.py:151} INFO - [2023-09-01T14:51:22.765+0000] {dagbag.py:539} INFO - Filling up the DagBag from /home/airflow/.local/lib/python3.8/site-packages/airflow/example_dags/example_branch_operator.py
[2023-09-01T14:51:22.778+0000] {processor.py:839} INFO - DAG(s) dict_keys(['example_branch_operator']) retrieved from /home/airflow/.local/lib/python3.8/site-packages/airflow/example_dags/example_branch_operator.py
[2023-09-01T14:51:22.813+0000] {logging_mixin.py:151} INFO - [2023-09-01T14:51:22.813+0000] {dag.py:2907} INFO - Sync 1 DAGs
[2023-09-01T14:51:22.849+0000] {logging_mixin.py:151} INFO - [2023-09-01T14:51:22.848+0000] {dag.py:3677} INFO - Setting next_dagrun for example_branch_operator to 2023-08-31T00:00:00+00:00, run_after=2023-09-01T00:00:00+00:00
[2023-09-01T14:51:22.876+0000] {processor.py:179} INFO - Processing /home/airflow/.local/lib/python3.8/site-packages/airflow/example_dags/example_branch_operator.py took 0.123 seconds
[2023-09-01T14:51:53.810+0000] {processor.py:157} INFO - Started process (PID=220) to work on /home/airflow/.local/lib/python3.8/site-packages/airflow/example_dags/example_branch_operator.py
[2023-09-01T14:51:53.812+0000] {processor.py:829} INFO - Processing file /home/airflow/.local/lib/python3.8/site-packages/airflow/example_dags/example_branch_operator.py for tasks to queue
[2023-09-01T14:51:53.816+0000] {logging_mixin.py:151} INFO - [2023-09-01T14:51:53.816+0000] {dagbag.py:539} INFO - Filling up the DagBag from /home/airflow/.local/lib/python3.8/site-packages/airflow/example_dags/example_branch_operator.py
[2023-09-01T14:51:53.828+0000] {processor.py:839} INFO - DAG(s) dict_keys(['example_branch_operator']) retrieved from /home/airflow/.local/lib/python3.8/site-packages/airflow/example_dags/example_branch_operator.py
[2023-09-01T14:51:53.857+0000] {logging_mixin.py:151} INFO - [2023-09-01T14:51:53.857+0000] {dag.py:2907} INFO - Sync 1 DAGs
[2023-09-01T14:51:53.881+0000] {logging_mixin.py:151} INFO - [2023-09-01T14:51:53.881+0000] {dag.py:3677} INFO - Setting next_dagrun for example_branch_operator to 2023-08-31T00:00:00+00:00, run_after=2023-09-01T00:00:00+00:00
[2023-09-01T14:51:53.899+0000] {processor.py:179} INFO - Processing /home/airflow/.local/lib/python3.8/site-packages/airflow/example_dags/example_branch_operator.py took 0.094 seconds
[2023-09-01T14:52:24.048+0000] {processor.py:157} INFO - Started process (PID=273) to work on /home/airflow/.local/lib/python3.8/site-packages/airflow/example_dags/example_branch_operator.py
[2023-09-01T14:52:24.050+0000] {processor.py:829} INFO - Processing file /home/airflow/.local/lib/python3.8/site-packages/airflow/example_dags/example_branch_operator.py for tasks to queue
[2023-09-01T14:52:24.054+0000] {logging_mixin.py:151} INFO - [2023-09-01T14:52:24.054+0000] {dagbag.py:539} INFO - Filling up the DagBag from /home/airflow/.local/lib/python3.8/site-packages/airflow/example_dags/example_branch_operator.py
[2023-09-01T14:52:24.067+0000] {processor.py:839} INFO - DAG(s) dict_keys(['example_branch_operator']) retrieved from /home/airflow/.local/lib/python3.8/site-packages/airflow/example_dags/example_branch_operator.py
[2023-09-01T14:52:24.100+0000] {logging_mixin.py:151} INFO - [2023-09-01T14:52:24.100+0000] {dag.py:2907} INFO - Sync 1 DAGs
[2023-09-01T14:52:24.135+0000] {logging_mixin.py:151} INFO - [2023-09-01T14:52:24.135+0000] {dag.py:3677} INFO - Setting next_dagrun for example_branch_operator to 2023-08-31T00:00:00+00:00, run_after=2023-09-01T00:00:00+00:00
[2023-09-01T14:52:24.159+0000] {processor.py:179} INFO - Processing /home/airflow/.local/lib/python3.8/site-packages/airflow/example_dags/example_branch_operator.py took 0.116 seconds
[2023-09-01T14:52:54.217+0000] {processor.py:157} INFO - Started process (PID=327) to work on /home/airflow/.local/lib/python3.8/site-packages/airflow/example_dags/example_branch_operator.py
[2023-09-01T14:52:54.218+0000] {processor.py:829} INFO - Processing file /home/airflow/.local/lib/python3.8/site-packages/airflow/example_dags/example_branch_operator.py for tasks to queue
[2023-09-01T14:52:54.221+0000] {logging_mixin.py:151} INFO - [2023-09-01T14:52:54.221+0000] {dagbag.py:539} INFO - Filling up the DagBag from /home/airflow/.local/lib/python3.8/site-packages/airflow/example_dags/example_branch_operator.py
[2023-09-01T14:52:54.231+0000] {processor.py:839} INFO - DAG(s) dict_keys(['example_branch_operator']) retrieved from /home/airflow/.local/lib/python3.8/site-packages/airflow/example_dags/example_branch_operator.py
[2023-09-01T14:52:54.259+0000] {logging_mixin.py:151} INFO - [2023-09-01T14:52:54.258+0000] {dag.py:2907} INFO - Sync 1 DAGs
[2023-09-01T14:52:54.284+0000] {logging_mixin.py:151} INFO - [2023-09-01T14:52:54.284+0000] {dag.py:3677} INFO - Setting next_dagrun for example_branch_operator to 2023-08-31T00:00:00+00:00, run_after=2023-09-01T00:00:00+00:00
[2023-09-01T14:52:54.304+0000] {processor.py:179} INFO - Processing /home/airflow/.local/lib/python3.8/site-packages/airflow/example_dags/example_branch_operator.py took 0.091 seconds
[2023-09-01T14:53:24.528+0000] {processor.py:157} INFO - Started process (PID=381) to work on /home/airflow/.local/lib/python3.8/site-packages/airflow/example_dags/example_branch_operator.py
[2023-09-01T14:53:24.530+0000] {processor.py:829} INFO - Processing file /home/airflow/.local/lib/python3.8/site-packages/airflow/example_dags/example_branch_operator.py for tasks to queue
[2023-09-01T14:53:24.533+0000] {logging_mixin.py:151} INFO - [2023-09-01T14:53:24.532+0000] {dagbag.py:539} INFO - Filling up the DagBag from /home/airflow/.local/lib/python3.8/site-packages/airflow/example_dags/example_branch_operator.py
[2023-09-01T14:53:24.543+0000] {processor.py:839} INFO - DAG(s) dict_keys(['example_branch_operator']) retrieved from /home/airflow/.local/lib/python3.8/site-packages/airflow/example_dags/example_branch_operator.py
[2023-09-01T14:53:24.570+0000] {logging_mixin.py:151} INFO - [2023-09-01T14:53:24.570+0000] {dag.py:2907} INFO - Sync 1 DAGs
[2023-09-01T14:53:24.597+0000] {logging_mixin.py:151} INFO - [2023-09-01T14:53:24.597+0000] {dag.py:3677} INFO - Setting next_dagrun for example_branch_operator to 2023-08-31T00:00:00+00:00, run_after=2023-09-01T00:00:00+00:00
[2023-09-01T14:53:24.618+0000] {processor.py:179} INFO - Processing /home/airflow/.local/lib/python3.8/site-packages/airflow/example_dags/example_branch_operator.py took 0.094 seconds
[2023-09-01T14:53:54.677+0000] {processor.py:157} INFO - Started process (PID=436) to work on /home/airflow/.local/lib/python3.8/site-packages/airflow/example_dags/example_branch_operator.py
[2023-09-01T14:53:54.679+0000] {processor.py:829} INFO - Processing file /home/airflow/.local/lib/python3.8/site-packages/airflow/example_dags/example_branch_operator.py for tasks to queue
[2023-09-01T14:53:54.683+0000] {logging_mixin.py:151} INFO - [2023-09-01T14:53:54.682+0000] {dagbag.py:539} INFO - Filling up the DagBag from /home/airflow/.local/lib/python3.8/site-packages/airflow/example_dags/example_branch_operator.py
[2023-09-01T14:53:54.695+0000] {processor.py:839} INFO - DAG(s) dict_keys(['example_branch_operator']) retrieved from /home/airflow/.local/lib/python3.8/site-packages/airflow/example_dags/example_branch_operator.py
[2023-09-01T14:53:54.726+0000] {logging_mixin.py:151} INFO - [2023-09-01T14:53:54.726+0000] {dag.py:2907} INFO - Sync 1 DAGs
[2023-09-01T14:53:54.753+0000] {logging_mixin.py:151} INFO - [2023-09-01T14:53:54.753+0000] {dag.py:3677} INFO - Setting next_dagrun for example_branch_operator to 2023-08-31T00:00:00+00:00, run_after=2023-09-01T00:00:00+00:00
[2023-09-01T14:53:54.771+0000] {processor.py:179} INFO - Processing /home/airflow/.local/lib/python3.8/site-packages/airflow/example_dags/example_branch_operator.py took 0.099 seconds
[2023-09-01T14:54:24.869+0000] {processor.py:157} INFO - Started process (PID=490) to work on /home/airflow/.local/lib/python3.8/site-packages/airflow/example_dags/example_branch_operator.py
[2023-09-01T14:54:24.871+0000] {processor.py:829} INFO - Processing file /home/airflow/.local/lib/python3.8/site-packages/airflow/example_dags/example_branch_operator.py for tasks to queue
[2023-09-01T14:54:24.875+0000] {logging_mixin.py:151} INFO - [2023-09-01T14:54:24.874+0000] {dagbag.py:539} INFO - Filling up the DagBag from /home/airflow/.local/lib/python3.8/site-packages/airflow/example_dags/example_branch_operator.py
[2023-09-01T14:54:24.887+0000] {processor.py:839} INFO - DAG(s) dict_keys(['example_branch_operator']) retrieved from /home/airflow/.local/lib/python3.8/site-packages/airflow/example_dags/example_branch_operator.py
[2023-09-01T14:54:24.918+0000] {logging_mixin.py:151} INFO - [2023-09-01T14:54:24.917+0000] {dag.py:2907} INFO - Sync 1 DAGs
[2023-09-01T14:54:24.943+0000] {logging_mixin.py:151} INFO - [2023-09-01T14:54:24.942+0000] {dag.py:3677} INFO - Setting next_dagrun for example_branch_operator to 2023-08-31T00:00:00+00:00, run_after=2023-09-01T00:00:00+00:00
[2023-09-01T14:54:24.961+0000] {processor.py:179} INFO - Processing /home/airflow/.local/lib/python3.8/site-packages/airflow/example_dags/example_branch_operator.py took 0.097 seconds
[2023-09-01T14:54:55.108+0000] {processor.py:157} INFO - Started process (PID=544) to work on /home/airflow/.local/lib/python3.8/site-packages/airflow/example_dags/example_branch_operator.py
[2023-09-01T14:54:55.110+0000] {processor.py:829} INFO - Processing file /home/airflow/.local/lib/python3.8/site-packages/airflow/example_dags/example_branch_operator.py for tasks to queue
[2023-09-01T14:54:55.113+0000] {logging_mixin.py:151} INFO - [2023-09-01T14:54:55.113+0000] {dagbag.py:539} INFO - Filling up the DagBag from /home/airflow/.local/lib/python3.8/site-packages/airflow/example_dags/example_branch_operator.py
[2023-09-01T14:54:55.125+0000] {processor.py:839} INFO - DAG(s) dict_keys(['example_branch_operator']) retrieved from /home/airflow/.local/lib/python3.8/site-packages/airflow/example_dags/example_branch_operator.py
[2023-09-01T14:54:55.157+0000] {logging_mixin.py:151} INFO - [2023-09-01T14:54:55.156+0000] {dag.py:2907} INFO - Sync 1 DAGs
[2023-09-01T14:54:55.182+0000] {logging_mixin.py:151} INFO - [2023-09-01T14:54:55.182+0000] {dag.py:3677} INFO - Setting next_dagrun for example_branch_operator to 2023-08-31T00:00:00+00:00, run_after=2023-09-01T00:00:00+00:00
[2023-09-01T14:54:55.201+0000] {processor.py:179} INFO - Processing /home/airflow/.local/lib/python3.8/site-packages/airflow/example_dags/example_branch_operator.py took 0.098 seconds
[2023-09-01T14:55:26.069+0000] {processor.py:157} INFO - Started process (PID=598) to work on /home/airflow/.local/lib/python3.8/site-packages/airflow/example_dags/example_branch_operator.py
[2023-09-01T14:55:26.070+0000] {processor.py:829} INFO - Processing file /home/airflow/.local/lib/python3.8/site-packages/airflow/example_dags/example_branch_operator.py for tasks to queue
[2023-09-01T14:55:26.074+0000] {logging_mixin.py:151} INFO - [2023-09-01T14:55:26.074+0000] {dagbag.py:539} INFO - Filling up the DagBag from /home/airflow/.local/lib/python3.8/site-packages/airflow/example_dags/example_branch_operator.py
[2023-09-01T14:55:26.086+0000] {processor.py:839} INFO - DAG(s) dict_keys(['example_branch_operator']) retrieved from /home/airflow/.local/lib/python3.8/site-packages/airflow/example_dags/example_branch_operator.py
[2023-09-01T14:55:26.122+0000] {logging_mixin.py:151} INFO - [2023-09-01T14:55:26.122+0000] {dag.py:2907} INFO - Sync 1 DAGs
[2023-09-01T14:55:26.156+0000] {logging_mixin.py:151} INFO - [2023-09-01T14:55:26.156+0000] {dag.py:3677} INFO - Setting next_dagrun for example_branch_operator to 2023-08-31T00:00:00+00:00, run_after=2023-09-01T00:00:00+00:00
[2023-09-01T14:55:26.178+0000] {processor.py:179} INFO - Processing /home/airflow/.local/lib/python3.8/site-packages/airflow/example_dags/example_branch_operator.py took 0.114 seconds
[2023-09-01T14:55:56.678+0000] {processor.py:157} INFO - Started process (PID=659) to work on /home/airflow/.local/lib/python3.8/site-packages/airflow/example_dags/example_branch_operator.py
[2023-09-01T14:55:56.680+0000] {processor.py:829} INFO - Processing file /home/airflow/.local/lib/python3.8/site-packages/airflow/example_dags/example_branch_operator.py for tasks to queue
[2023-09-01T14:55:56.684+0000] {logging_mixin.py:151} INFO - [2023-09-01T14:55:56.683+0000] {dagbag.py:539} INFO - Filling up the DagBag from /home/airflow/.local/lib/python3.8/site-packages/airflow/example_dags/example_branch_operator.py
[2023-09-01T14:55:56.696+0000] {processor.py:839} INFO - DAG(s) dict_keys(['example_branch_operator']) retrieved from /home/airflow/.local/lib/python3.8/site-packages/airflow/example_dags/example_branch_operator.py
[2023-09-01T14:55:56.727+0000] {logging_mixin.py:151} INFO - [2023-09-01T14:55:56.727+0000] {dag.py:2907} INFO - Sync 1 DAGs
[2023-09-01T14:55:56.754+0000] {logging_mixin.py:151} INFO - [2023-09-01T14:55:56.754+0000] {dag.py:3677} INFO - Setting next_dagrun for example_branch_operator to 2023-08-31T00:00:00+00:00, run_after=2023-09-01T00:00:00+00:00
[2023-09-01T14:55:56.773+0000] {processor.py:179} INFO - Processing /home/airflow/.local/lib/python3.8/site-packages/airflow/example_dags/example_branch_operator.py took 0.099 seconds
[2023-09-01T14:56:27.493+0000] {processor.py:157} INFO - Started process (PID=713) to work on /home/airflow/.local/lib/python3.8/site-packages/airflow/example_dags/example_branch_operator.py
[2023-09-01T14:56:27.494+0000] {processor.py:829} INFO - Processing file /home/airflow/.local/lib/python3.8/site-packages/airflow/example_dags/example_branch_operator.py for tasks to queue
[2023-09-01T14:56:27.498+0000] {logging_mixin.py:151} INFO - [2023-09-01T14:56:27.497+0000] {dagbag.py:539} INFO - Filling up the DagBag from /home/airflow/.local/lib/python3.8/site-packages/airflow/example_dags/example_branch_operator.py
[2023-09-01T14:56:27.510+0000] {processor.py:839} INFO - DAG(s) dict_keys(['example_branch_operator']) retrieved from /home/airflow/.local/lib/python3.8/site-packages/airflow/example_dags/example_branch_operator.py
[2023-09-01T14:56:27.539+0000] {logging_mixin.py:151} INFO - [2023-09-01T14:56:27.539+0000] {dag.py:2907} INFO - Sync 1 DAGs
[2023-09-01T14:56:27.564+0000] {logging_mixin.py:151} INFO - [2023-09-01T14:56:27.564+0000] {dag.py:3677} INFO - Setting next_dagrun for example_branch_operator to 2023-08-31T00:00:00+00:00, run_after=2023-09-01T00:00:00+00:00
[2023-09-01T14:56:27.583+0000] {processor.py:179} INFO - Processing /home/airflow/.local/lib/python3.8/site-packages/airflow/example_dags/example_branch_operator.py took 0.096 seconds
[2023-09-01T14:56:58.276+0000] {processor.py:157} INFO - Started process (PID=767) to work on /home/airflow/.local/lib/python3.8/site-packages/airflow/example_dags/example_branch_operator.py
[2023-09-01T14:56:58.278+0000] {processor.py:829} INFO - Processing file /home/airflow/.local/lib/python3.8/site-packages/airflow/example_dags/example_branch_operator.py for tasks to queue
[2023-09-01T14:56:58.282+0000] {logging_mixin.py:151} INFO - [2023-09-01T14:56:58.282+0000] {dagbag.py:539} INFO - Filling up the DagBag from /home/airflow/.local/lib/python3.8/site-packages/airflow/example_dags/example_branch_operator.py
[2023-09-01T14:56:58.292+0000] {processor.py:839} INFO - DAG(s) dict_keys(['example_branch_operator']) retrieved from /home/airflow/.local/lib/python3.8/site-packages/airflow/example_dags/example_branch_operator.py
[2023-09-01T14:56:58.322+0000] {logging_mixin.py:151} INFO - [2023-09-01T14:56:58.321+0000] {dag.py:2907} INFO - Sync 1 DAGs
[2023-09-01T14:56:58.346+0000] {logging_mixin.py:151} INFO - [2023-09-01T14:56:58.346+0000] {dag.py:3677} INFO - Setting next_dagrun for example_branch_operator to 2023-08-31T00:00:00+00:00, run_after=2023-09-01T00:00:00+00:00
[2023-09-01T14:56:58.365+0000] {processor.py:179} INFO - Processing /home/airflow/.local/lib/python3.8/site-packages/airflow/example_dags/example_branch_operator.py took 0.093 seconds
[2023-09-01T14:57:29.101+0000] {processor.py:157} INFO - Started process (PID=821) to work on /home/airflow/.local/lib/python3.8/site-packages/airflow/example_dags/example_branch_operator.py
[2023-09-01T14:57:29.103+0000] {processor.py:829} INFO - Processing file /home/airflow/.local/lib/python3.8/site-packages/airflow/example_dags/example_branch_operator.py for tasks to queue
[2023-09-01T14:57:29.106+0000] {logging_mixin.py:151} INFO - [2023-09-01T14:57:29.106+0000] {dagbag.py:539} INFO - Filling up the DagBag from /home/airflow/.local/lib/python3.8/site-packages/airflow/example_dags/example_branch_operator.py
[2023-09-01T14:57:29.119+0000] {processor.py:839} INFO - DAG(s) dict_keys(['example_branch_operator']) retrieved from /home/airflow/.local/lib/python3.8/site-packages/airflow/example_dags/example_branch_operator.py
[2023-09-01T14:57:29.152+0000] {logging_mixin.py:151} INFO - [2023-09-01T14:57:29.152+0000] {dag.py:2907} INFO - Sync 1 DAGs
[2023-09-01T14:57:29.180+0000] {logging_mixin.py:151} INFO - [2023-09-01T14:57:29.180+0000] {dag.py:3677} INFO - Setting next_dagrun for example_branch_operator to 2023-08-31T00:00:00+00:00, run_after=2023-09-01T00:00:00+00:00
[2023-09-01T14:57:29.199+0000] {processor.py:179} INFO - Processing /home/airflow/.local/lib/python3.8/site-packages/airflow/example_dags/example_branch_operator.py took 0.102 seconds
[2023-09-01T14:57:59.839+0000] {processor.py:157} INFO - Started process (PID=875) to work on /home/airflow/.local/lib/python3.8/site-packages/airflow/example_dags/example_branch_operator.py
[2023-09-01T14:57:59.841+0000] {processor.py:829} INFO - Processing file /home/airflow/.local/lib/python3.8/site-packages/airflow/example_dags/example_branch_operator.py for tasks to queue
[2023-09-01T14:57:59.845+0000] {logging_mixin.py:151} INFO - [2023-09-01T14:57:59.844+0000] {dagbag.py:539} INFO - Filling up the DagBag from /home/airflow/.local/lib/python3.8/site-packages/airflow/example_dags/example_branch_operator.py
[2023-09-01T14:57:59.857+0000] {processor.py:839} INFO - DAG(s) dict_keys(['example_branch_operator']) retrieved from /home/airflow/.local/lib/python3.8/site-packages/airflow/example_dags/example_branch_operator.py
[2023-09-01T14:57:59.888+0000] {logging_mixin.py:151} INFO - [2023-09-01T14:57:59.888+0000] {dag.py:2907} INFO - Sync 1 DAGs
[2023-09-01T14:57:59.915+0000] {logging_mixin.py:151} INFO - [2023-09-01T14:57:59.915+0000] {dag.py:3677} INFO - Setting next_dagrun for example_branch_operator to 2023-08-31T00:00:00+00:00, run_after=2023-09-01T00:00:00+00:00
[2023-09-01T14:57:59.933+0000] {processor.py:179} INFO - Processing /home/airflow/.local/lib/python3.8/site-packages/airflow/example_dags/example_branch_operator.py took 0.099 seconds
[2023-09-01T14:58:30.704+0000] {processor.py:157} INFO - Started process (PID=929) to work on /home/airflow/.local/lib/python3.8/site-packages/airflow/example_dags/example_branch_operator.py
[2023-09-01T14:58:30.705+0000] {processor.py:829} INFO - Processing file /home/airflow/.local/lib/python3.8/site-packages/airflow/example_dags/example_branch_operator.py for tasks to queue
[2023-09-01T14:58:30.709+0000] {logging_mixin.py:151} INFO - [2023-09-01T14:58:30.709+0000] {dagbag.py:539} INFO - Filling up the DagBag from /home/airflow/.local/lib/python3.8/site-packages/airflow/example_dags/example_branch_operator.py
[2023-09-01T14:58:30.721+0000] {processor.py:839} INFO - DAG(s) dict_keys(['example_branch_operator']) retrieved from /home/airflow/.local/lib/python3.8/site-packages/airflow/example_dags/example_branch_operator.py
[2023-09-01T14:58:30.749+0000] {logging_mixin.py:151} INFO - [2023-09-01T14:58:30.749+0000] {dag.py:2907} INFO - Sync 1 DAGs
[2023-09-01T14:58:30.776+0000] {logging_mixin.py:151} INFO - [2023-09-01T14:58:30.775+0000] {dag.py:3677} INFO - Setting next_dagrun for example_branch_operator to 2023-08-31T00:00:00+00:00, run_after=2023-09-01T00:00:00+00:00
[2023-09-01T14:58:30.796+0000] {processor.py:179} INFO - Processing /home/airflow/.local/lib/python3.8/site-packages/airflow/example_dags/example_branch_operator.py took 0.097 seconds
[2023-09-01T14:59:01.531+0000] {processor.py:157} INFO - Started process (PID=983) to work on /home/airflow/.local/lib/python3.8/site-packages/airflow/example_dags/example_branch_operator.py
[2023-09-01T14:59:01.533+0000] {processor.py:829} INFO - Processing file /home/airflow/.local/lib/python3.8/site-packages/airflow/example_dags/example_branch_operator.py for tasks to queue
[2023-09-01T14:59:01.537+0000] {logging_mixin.py:151} INFO - [2023-09-01T14:59:01.537+0000] {dagbag.py:539} INFO - Filling up the DagBag from /home/airflow/.local/lib/python3.8/site-packages/airflow/example_dags/example_branch_operator.py
[2023-09-01T14:59:01.549+0000] {processor.py:839} INFO - DAG(s) dict_keys(['example_branch_operator']) retrieved from /home/airflow/.local/lib/python3.8/site-packages/airflow/example_dags/example_branch_operator.py
[2023-09-01T14:59:01.580+0000] {logging_mixin.py:151} INFO - [2023-09-01T14:59:01.580+0000] {dag.py:2907} INFO - Sync 1 DAGs
[2023-09-01T14:59:01.606+0000] {logging_mixin.py:151} INFO - [2023-09-01T14:59:01.606+0000] {dag.py:3677} INFO - Setting next_dagrun for example_branch_operator to 2023-08-31T00:00:00+00:00, run_after=2023-09-01T00:00:00+00:00
[2023-09-01T14:59:01.625+0000] {processor.py:179} INFO - Processing /home/airflow/.local/lib/python3.8/site-packages/airflow/example_dags/example_branch_operator.py took 0.098 seconds
[2023-09-01T14:59:32.018+0000] {processor.py:157} INFO - Started process (PID=1037) to work on /home/airflow/.local/lib/python3.8/site-packages/airflow/example_dags/example_branch_operator.py
[2023-09-01T14:59:32.020+0000] {processor.py:829} INFO - Processing file /home/airflow/.local/lib/python3.8/site-packages/airflow/example_dags/example_branch_operator.py for tasks to queue
[2023-09-01T14:59:32.023+0000] {logging_mixin.py:151} INFO - [2023-09-01T14:59:32.023+0000] {dagbag.py:539} INFO - Filling up the DagBag from /home/airflow/.local/lib/python3.8/site-packages/airflow/example_dags/example_branch_operator.py
[2023-09-01T14:59:32.036+0000] {processor.py:839} INFO - DAG(s) dict_keys(['example_branch_operator']) retrieved from /home/airflow/.local/lib/python3.8/site-packages/airflow/example_dags/example_branch_operator.py
[2023-09-01T14:59:32.067+0000] {logging_mixin.py:151} INFO - [2023-09-01T14:59:32.067+0000] {dag.py:2907} INFO - Sync 1 DAGs
[2023-09-01T14:59:32.094+0000] {logging_mixin.py:151} INFO - [2023-09-01T14:59:32.094+0000] {dag.py:3677} INFO - Setting next_dagrun for example_branch_operator to 2023-08-31T00:00:00+00:00, run_after=2023-09-01T00:00:00+00:00
[2023-09-01T14:59:32.113+0000] {processor.py:179} INFO - Processing /home/airflow/.local/lib/python3.8/site-packages/airflow/example_dags/example_branch_operator.py took 0.099 seconds
[2023-09-01T15:00:03.008+0000] {processor.py:157} INFO - Started process (PID=1091) to work on /home/airflow/.local/lib/python3.8/site-packages/airflow/example_dags/example_branch_operator.py
[2023-09-01T15:00:03.009+0000] {processor.py:829} INFO - Processing file /home/airflow/.local/lib/python3.8/site-packages/airflow/example_dags/example_branch_operator.py for tasks to queue
[2023-09-01T15:00:03.013+0000] {logging_mixin.py:151} INFO - [2023-09-01T15:00:03.012+0000] {dagbag.py:539} INFO - Filling up the DagBag from /home/airflow/.local/lib/python3.8/site-packages/airflow/example_dags/example_branch_operator.py
[2023-09-01T15:00:03.024+0000] {processor.py:839} INFO - DAG(s) dict_keys(['example_branch_operator']) retrieved from /home/airflow/.local/lib/python3.8/site-packages/airflow/example_dags/example_branch_operator.py
[2023-09-01T15:00:03.055+0000] {logging_mixin.py:151} INFO - [2023-09-01T15:00:03.055+0000] {dag.py:2907} INFO - Sync 1 DAGs
[2023-09-01T15:00:03.083+0000] {logging_mixin.py:151} INFO - [2023-09-01T15:00:03.083+0000] {dag.py:3677} INFO - Setting next_dagrun for example_branch_operator to 2023-08-31T00:00:00+00:00, run_after=2023-09-01T00:00:00+00:00
[2023-09-01T15:00:03.103+0000] {processor.py:179} INFO - Processing /home/airflow/.local/lib/python3.8/site-packages/airflow/example_dags/example_branch_operator.py took 0.099 seconds
[2023-09-01T15:00:33.808+0000] {processor.py:157} INFO - Started process (PID=1145) to work on /home/airflow/.local/lib/python3.8/site-packages/airflow/example_dags/example_branch_operator.py
[2023-09-01T15:00:33.809+0000] {processor.py:829} INFO - Processing file /home/airflow/.local/lib/python3.8/site-packages/airflow/example_dags/example_branch_operator.py for tasks to queue
[2023-09-01T15:00:33.812+0000] {logging_mixin.py:151} INFO - [2023-09-01T15:00:33.812+0000] {dagbag.py:539} INFO - Filling up the DagBag from /home/airflow/.local/lib/python3.8/site-packages/airflow/example_dags/example_branch_operator.py
[2023-09-01T15:00:33.822+0000] {processor.py:839} INFO - DAG(s) dict_keys(['example_branch_operator']) retrieved from /home/airflow/.local/lib/python3.8/site-packages/airflow/example_dags/example_branch_operator.py
[2023-09-01T15:00:33.849+0000] {logging_mixin.py:151} INFO - [2023-09-01T15:00:33.849+0000] {dag.py:2907} INFO - Sync 1 DAGs
[2023-09-01T15:00:33.876+0000] {logging_mixin.py:151} INFO - [2023-09-01T15:00:33.875+0000] {dag.py:3677} INFO - Setting next_dagrun for example_branch_operator to 2023-08-31T00:00:00+00:00, run_after=2023-09-01T00:00:00+00:00
[2023-09-01T15:00:33.895+0000] {processor.py:179} INFO - Processing /home/airflow/.local/lib/python3.8/site-packages/airflow/example_dags/example_branch_operator.py took 0.091 seconds
[2023-09-01T15:01:04.439+0000] {processor.py:157} INFO - Started process (PID=1199) to work on /home/airflow/.local/lib/python3.8/site-packages/airflow/example_dags/example_branch_operator.py
[2023-09-01T15:01:04.441+0000] {processor.py:829} INFO - Processing file /home/airflow/.local/lib/python3.8/site-packages/airflow/example_dags/example_branch_operator.py for tasks to queue
[2023-09-01T15:01:04.445+0000] {logging_mixin.py:151} INFO - [2023-09-01T15:01:04.444+0000] {dagbag.py:539} INFO - Filling up the DagBag from /home/airflow/.local/lib/python3.8/site-packages/airflow/example_dags/example_branch_operator.py
[2023-09-01T15:01:04.457+0000] {processor.py:839} INFO - DAG(s) dict_keys(['example_branch_operator']) retrieved from /home/airflow/.local/lib/python3.8/site-packages/airflow/example_dags/example_branch_operator.py
[2023-09-01T15:01:04.489+0000] {logging_mixin.py:151} INFO - [2023-09-01T15:01:04.488+0000] {dag.py:2907} INFO - Sync 1 DAGs
[2023-09-01T15:01:04.514+0000] {logging_mixin.py:151} INFO - [2023-09-01T15:01:04.513+0000] {dag.py:3677} INFO - Setting next_dagrun for example_branch_operator to 2023-08-31T00:00:00+00:00, run_after=2023-09-01T00:00:00+00:00
[2023-09-01T15:01:04.533+0000] {processor.py:179} INFO - Processing /home/airflow/.local/lib/python3.8/site-packages/airflow/example_dags/example_branch_operator.py took 0.099 seconds
[2023-09-01T15:01:35.252+0000] {processor.py:157} INFO - Started process (PID=1253) to work on /home/airflow/.local/lib/python3.8/site-packages/airflow/example_dags/example_branch_operator.py
[2023-09-01T15:01:35.254+0000] {processor.py:829} INFO - Processing file /home/airflow/.local/lib/python3.8/site-packages/airflow/example_dags/example_branch_operator.py for tasks to queue
[2023-09-01T15:01:35.259+0000] {logging_mixin.py:151} INFO - [2023-09-01T15:01:35.258+0000] {dagbag.py:539} INFO - Filling up the DagBag from /home/airflow/.local/lib/python3.8/site-packages/airflow/example_dags/example_branch_operator.py
[2023-09-01T15:01:35.269+0000] {processor.py:839} INFO - DAG(s) dict_keys(['example_branch_operator']) retrieved from /home/airflow/.local/lib/python3.8/site-packages/airflow/example_dags/example_branch_operator.py
[2023-09-01T15:01:35.297+0000] {logging_mixin.py:151} INFO - [2023-09-01T15:01:35.297+0000] {dag.py:2907} INFO - Sync 1 DAGs
[2023-09-01T15:01:35.327+0000] {logging_mixin.py:151} INFO - [2023-09-01T15:01:35.326+0000] {dag.py:3677} INFO - Setting next_dagrun for example_branch_operator to 2023-08-31T00:00:00+00:00, run_after=2023-09-01T00:00:00+00:00
[2023-09-01T15:01:35.351+0000] {processor.py:179} INFO - Processing /home/airflow/.local/lib/python3.8/site-packages/airflow/example_dags/example_branch_operator.py took 0.103 seconds
[2023-09-01T15:02:05.918+0000] {processor.py:157} INFO - Started process (PID=1307) to work on /home/airflow/.local/lib/python3.8/site-packages/airflow/example_dags/example_branch_operator.py
[2023-09-01T15:02:05.920+0000] {processor.py:829} INFO - Processing file /home/airflow/.local/lib/python3.8/site-packages/airflow/example_dags/example_branch_operator.py for tasks to queue
[2023-09-01T15:02:05.923+0000] {logging_mixin.py:151} INFO - [2023-09-01T15:02:05.923+0000] {dagbag.py:539} INFO - Filling up the DagBag from /home/airflow/.local/lib/python3.8/site-packages/airflow/example_dags/example_branch_operator.py
[2023-09-01T15:02:05.934+0000] {processor.py:839} INFO - DAG(s) dict_keys(['example_branch_operator']) retrieved from /home/airflow/.local/lib/python3.8/site-packages/airflow/example_dags/example_branch_operator.py
[2023-09-01T15:02:05.961+0000] {logging_mixin.py:151} INFO - [2023-09-01T15:02:05.961+0000] {dag.py:2907} INFO - Sync 1 DAGs
[2023-09-01T15:02:05.988+0000] {logging_mixin.py:151} INFO - [2023-09-01T15:02:05.988+0000] {dag.py:3677} INFO - Setting next_dagrun for example_branch_operator to 2023-08-31T00:00:00+00:00, run_after=2023-09-01T00:00:00+00:00
[2023-09-01T15:02:06.007+0000] {processor.py:179} INFO - Processing /home/airflow/.local/lib/python3.8/site-packages/airflow/example_dags/example_branch_operator.py took 0.092 seconds
[2023-09-01T15:02:36.189+0000] {processor.py:157} INFO - Started process (PID=1361) to work on /home/airflow/.local/lib/python3.8/site-packages/airflow/example_dags/example_branch_operator.py
[2023-09-01T15:02:36.191+0000] {processor.py:829} INFO - Processing file /home/airflow/.local/lib/python3.8/site-packages/airflow/example_dags/example_branch_operator.py for tasks to queue
[2023-09-01T15:02:36.196+0000] {logging_mixin.py:151} INFO - [2023-09-01T15:02:36.196+0000] {dagbag.py:539} INFO - Filling up the DagBag from /home/airflow/.local/lib/python3.8/site-packages/airflow/example_dags/example_branch_operator.py
[2023-09-01T15:02:36.210+0000] {processor.py:839} INFO - DAG(s) dict_keys(['example_branch_operator']) retrieved from /home/airflow/.local/lib/python3.8/site-packages/airflow/example_dags/example_branch_operator.py
[2023-09-01T15:02:36.248+0000] {logging_mixin.py:151} INFO - [2023-09-01T15:02:36.247+0000] {dag.py:2907} INFO - Sync 1 DAGs
[2023-09-01T15:02:36.283+0000] {logging_mixin.py:151} INFO - [2023-09-01T15:02:36.283+0000] {dag.py:3677} INFO - Setting next_dagrun for example_branch_operator to 2023-08-31T00:00:00+00:00, run_after=2023-09-01T00:00:00+00:00
[2023-09-01T15:02:36.309+0000] {processor.py:179} INFO - Processing /home/airflow/.local/lib/python3.8/site-packages/airflow/example_dags/example_branch_operator.py took 0.125 seconds
[2023-09-01T15:03:06.359+0000] {processor.py:157} INFO - Started process (PID=1415) to work on /home/airflow/.local/lib/python3.8/site-packages/airflow/example_dags/example_branch_operator.py
[2023-09-01T15:03:06.360+0000] {processor.py:829} INFO - Processing file /home/airflow/.local/lib/python3.8/site-packages/airflow/example_dags/example_branch_operator.py for tasks to queue
[2023-09-01T15:03:06.364+0000] {logging_mixin.py:151} INFO - [2023-09-01T15:03:06.364+0000] {dagbag.py:539} INFO - Filling up the DagBag from /home/airflow/.local/lib/python3.8/site-packages/airflow/example_dags/example_branch_operator.py
[2023-09-01T15:03:06.376+0000] {processor.py:839} INFO - DAG(s) dict_keys(['example_branch_operator']) retrieved from /home/airflow/.local/lib/python3.8/site-packages/airflow/example_dags/example_branch_operator.py
[2023-09-01T15:03:06.413+0000] {logging_mixin.py:151} INFO - [2023-09-01T15:03:06.413+0000] {dag.py:2907} INFO - Sync 1 DAGs
[2023-09-01T15:03:06.452+0000] {logging_mixin.py:151} INFO - [2023-09-01T15:03:06.452+0000] {dag.py:3677} INFO - Setting next_dagrun for example_branch_operator to 2023-08-31T00:00:00+00:00, run_after=2023-09-01T00:00:00+00:00
[2023-09-01T15:03:06.480+0000] {processor.py:179} INFO - Processing /home/airflow/.local/lib/python3.8/site-packages/airflow/example_dags/example_branch_operator.py took 0.126 seconds
[2023-09-01T15:03:36.780+0000] {processor.py:157} INFO - Started process (PID=1469) to work on /home/airflow/.local/lib/python3.8/site-packages/airflow/example_dags/example_branch_operator.py
[2023-09-01T15:03:36.782+0000] {processor.py:829} INFO - Processing file /home/airflow/.local/lib/python3.8/site-packages/airflow/example_dags/example_branch_operator.py for tasks to queue
[2023-09-01T15:03:36.786+0000] {logging_mixin.py:151} INFO - [2023-09-01T15:03:36.785+0000] {dagbag.py:539} INFO - Filling up the DagBag from /home/airflow/.local/lib/python3.8/site-packages/airflow/example_dags/example_branch_operator.py
[2023-09-01T15:03:36.798+0000] {processor.py:839} INFO - DAG(s) dict_keys(['example_branch_operator']) retrieved from /home/airflow/.local/lib/python3.8/site-packages/airflow/example_dags/example_branch_operator.py
[2023-09-01T15:03:36.830+0000] {logging_mixin.py:151} INFO - [2023-09-01T15:03:36.829+0000] {dag.py:2907} INFO - Sync 1 DAGs
[2023-09-01T15:03:36.855+0000] {logging_mixin.py:151} INFO - [2023-09-01T15:03:36.855+0000] {dag.py:3677} INFO - Setting next_dagrun for example_branch_operator to 2023-08-31T00:00:00+00:00, run_after=2023-09-01T00:00:00+00:00
[2023-09-01T15:03:36.874+0000] {processor.py:179} INFO - Processing /home/airflow/.local/lib/python3.8/site-packages/airflow/example_dags/example_branch_operator.py took 0.098 seconds
[2023-09-01T15:04:06.975+0000] {processor.py:157} INFO - Started process (PID=1523) to work on /home/airflow/.local/lib/python3.8/site-packages/airflow/example_dags/example_branch_operator.py
[2023-09-01T15:04:06.977+0000] {processor.py:829} INFO - Processing file /home/airflow/.local/lib/python3.8/site-packages/airflow/example_dags/example_branch_operator.py for tasks to queue
[2023-09-01T15:04:06.981+0000] {logging_mixin.py:151} INFO - [2023-09-01T15:04:06.980+0000] {dagbag.py:539} INFO - Filling up the DagBag from /home/airflow/.local/lib/python3.8/site-packages/airflow/example_dags/example_branch_operator.py
[2023-09-01T15:04:06.993+0000] {processor.py:839} INFO - DAG(s) dict_keys(['example_branch_operator']) retrieved from /home/airflow/.local/lib/python3.8/site-packages/airflow/example_dags/example_branch_operator.py
[2023-09-01T15:04:07.024+0000] {logging_mixin.py:151} INFO - [2023-09-01T15:04:07.024+0000] {dag.py:2907} INFO - Sync 1 DAGs
[2023-09-01T15:04:07.049+0000] {logging_mixin.py:151} INFO - [2023-09-01T15:04:07.049+0000] {dag.py:3677} INFO - Setting next_dagrun for example_branch_operator to 2023-08-31T00:00:00+00:00, run_after=2023-09-01T00:00:00+00:00
[2023-09-01T15:04:07.068+0000] {processor.py:179} INFO - Processing /home/airflow/.local/lib/python3.8/site-packages/airflow/example_dags/example_branch_operator.py took 0.097 seconds
[2023-09-01T15:04:37.286+0000] {processor.py:157} INFO - Started process (PID=1577) to work on /home/airflow/.local/lib/python3.8/site-packages/airflow/example_dags/example_branch_operator.py
[2023-09-01T15:04:37.287+0000] {processor.py:829} INFO - Processing file /home/airflow/.local/lib/python3.8/site-packages/airflow/example_dags/example_branch_operator.py for tasks to queue
[2023-09-01T15:04:37.290+0000] {logging_mixin.py:151} INFO - [2023-09-01T15:04:37.290+0000] {dagbag.py:539} INFO - Filling up the DagBag from /home/airflow/.local/lib/python3.8/site-packages/airflow/example_dags/example_branch_operator.py
[2023-09-01T15:04:37.301+0000] {processor.py:839} INFO - DAG(s) dict_keys(['example_branch_operator']) retrieved from /home/airflow/.local/lib/python3.8/site-packages/airflow/example_dags/example_branch_operator.py
[2023-09-01T15:04:37.334+0000] {logging_mixin.py:151} INFO - [2023-09-01T15:04:37.334+0000] {dag.py:2907} INFO - Sync 1 DAGs
[2023-09-01T15:04:37.365+0000] {logging_mixin.py:151} INFO - [2023-09-01T15:04:37.365+0000] {dag.py:3677} INFO - Setting next_dagrun for example_branch_operator to 2023-08-31T00:00:00+00:00, run_after=2023-09-01T00:00:00+00:00
[2023-09-01T15:04:37.386+0000] {processor.py:179} INFO - Processing /home/airflow/.local/lib/python3.8/site-packages/airflow/example_dags/example_branch_operator.py took 0.104 seconds
[2023-09-01T15:05:07.438+0000] {processor.py:157} INFO - Started process (PID=1632) to work on /home/airflow/.local/lib/python3.8/site-packages/airflow/example_dags/example_branch_operator.py
[2023-09-01T15:05:07.439+0000] {processor.py:829} INFO - Processing file /home/airflow/.local/lib/python3.8/site-packages/airflow/example_dags/example_branch_operator.py for tasks to queue
[2023-09-01T15:05:07.442+0000] {logging_mixin.py:151} INFO - [2023-09-01T15:05:07.442+0000] {dagbag.py:539} INFO - Filling up the DagBag from /home/airflow/.local/lib/python3.8/site-packages/airflow/example_dags/example_branch_operator.py
[2023-09-01T15:05:07.453+0000] {processor.py:839} INFO - DAG(s) dict_keys(['example_branch_operator']) retrieved from /home/airflow/.local/lib/python3.8/site-packages/airflow/example_dags/example_branch_operator.py
[2023-09-01T15:05:07.479+0000] {logging_mixin.py:151} INFO - [2023-09-01T15:05:07.479+0000] {dag.py:2907} INFO - Sync 1 DAGs
[2023-09-01T15:05:07.504+0000] {logging_mixin.py:151} INFO - [2023-09-01T15:05:07.504+0000] {dag.py:3677} INFO - Setting next_dagrun for example_branch_operator to 2023-08-31T00:00:00+00:00, run_after=2023-09-01T00:00:00+00:00
[2023-09-01T15:05:07.525+0000] {processor.py:179} INFO - Processing /home/airflow/.local/lib/python3.8/site-packages/airflow/example_dags/example_branch_operator.py took 0.090 seconds
[2023-09-01T15:05:37.748+0000] {processor.py:157} INFO - Started process (PID=1686) to work on /home/airflow/.local/lib/python3.8/site-packages/airflow/example_dags/example_branch_operator.py
[2023-09-01T15:05:37.749+0000] {processor.py:829} INFO - Processing file /home/airflow/.local/lib/python3.8/site-packages/airflow/example_dags/example_branch_operator.py for tasks to queue
[2023-09-01T15:05:37.753+0000] {logging_mixin.py:151} INFO - [2023-09-01T15:05:37.753+0000] {dagbag.py:539} INFO - Filling up the DagBag from /home/airflow/.local/lib/python3.8/site-packages/airflow/example_dags/example_branch_operator.py
[2023-09-01T15:05:37.765+0000] {processor.py:839} INFO - DAG(s) dict_keys(['example_branch_operator']) retrieved from /home/airflow/.local/lib/python3.8/site-packages/airflow/example_dags/example_branch_operator.py
[2023-09-01T15:05:37.797+0000] {logging_mixin.py:151} INFO - [2023-09-01T15:05:37.797+0000] {dag.py:2907} INFO - Sync 1 DAGs
[2023-09-01T15:05:37.824+0000] {logging_mixin.py:151} INFO - [2023-09-01T15:05:37.823+0000] {dag.py:3677} INFO - Setting next_dagrun for example_branch_operator to 2023-08-31T00:00:00+00:00, run_after=2023-09-01T00:00:00+00:00
[2023-09-01T15:05:37.843+0000] {processor.py:179} INFO - Processing /home/airflow/.local/lib/python3.8/site-packages/airflow/example_dags/example_branch_operator.py took 0.100 seconds
[2023-09-01T15:06:07.988+0000] {processor.py:157} INFO - Started process (PID=1740) to work on /home/airflow/.local/lib/python3.8/site-packages/airflow/example_dags/example_branch_operator.py
[2023-09-01T15:06:07.990+0000] {processor.py:829} INFO - Processing file /home/airflow/.local/lib/python3.8/site-packages/airflow/example_dags/example_branch_operator.py for tasks to queue
[2023-09-01T15:06:07.994+0000] {logging_mixin.py:151} INFO - [2023-09-01T15:06:07.993+0000] {dagbag.py:539} INFO - Filling up the DagBag from /home/airflow/.local/lib/python3.8/site-packages/airflow/example_dags/example_branch_operator.py
[2023-09-01T15:06:08.008+0000] {processor.py:839} INFO - DAG(s) dict_keys(['example_branch_operator']) retrieved from /home/airflow/.local/lib/python3.8/site-packages/airflow/example_dags/example_branch_operator.py
[2023-09-01T15:06:08.042+0000] {logging_mixin.py:151} INFO - [2023-09-01T15:06:08.042+0000] {dag.py:2907} INFO - Sync 1 DAGs
[2023-09-01T15:06:08.076+0000] {logging_mixin.py:151} INFO - [2023-09-01T15:06:08.075+0000] {dag.py:3677} INFO - Setting next_dagrun for example_branch_operator to 2023-08-31T00:00:00+00:00, run_after=2023-09-01T00:00:00+00:00
[2023-09-01T15:06:08.099+0000] {processor.py:179} INFO - Processing /home/airflow/.local/lib/python3.8/site-packages/airflow/example_dags/example_branch_operator.py took 0.117 seconds
[2023-09-01T15:06:38.202+0000] {processor.py:157} INFO - Started process (PID=1794) to work on /home/airflow/.local/lib/python3.8/site-packages/airflow/example_dags/example_branch_operator.py
[2023-09-01T15:06:38.203+0000] {processor.py:829} INFO - Processing file /home/airflow/.local/lib/python3.8/site-packages/airflow/example_dags/example_branch_operator.py for tasks to queue
[2023-09-01T15:06:38.207+0000] {logging_mixin.py:151} INFO - [2023-09-01T15:06:38.207+0000] {dagbag.py:539} INFO - Filling up the DagBag from /home/airflow/.local/lib/python3.8/site-packages/airflow/example_dags/example_branch_operator.py
[2023-09-01T15:06:38.220+0000] {processor.py:839} INFO - DAG(s) dict_keys(['example_branch_operator']) retrieved from /home/airflow/.local/lib/python3.8/site-packages/airflow/example_dags/example_branch_operator.py
[2023-09-01T15:06:38.252+0000] {logging_mixin.py:151} INFO - [2023-09-01T15:06:38.252+0000] {dag.py:2907} INFO - Sync 1 DAGs
[2023-09-01T15:06:38.278+0000] {logging_mixin.py:151} INFO - [2023-09-01T15:06:38.278+0000] {dag.py:3677} INFO - Setting next_dagrun for example_branch_operator to 2023-08-31T00:00:00+00:00, run_after=2023-09-01T00:00:00+00:00
[2023-09-01T15:06:38.297+0000] {processor.py:179} INFO - Processing /home/airflow/.local/lib/python3.8/site-packages/airflow/example_dags/example_branch_operator.py took 0.100 seconds
[2023-09-01T15:07:08.341+0000] {processor.py:157} INFO - Started process (PID=1848) to work on /home/airflow/.local/lib/python3.8/site-packages/airflow/example_dags/example_branch_operator.py
[2023-09-01T15:07:08.342+0000] {processor.py:829} INFO - Processing file /home/airflow/.local/lib/python3.8/site-packages/airflow/example_dags/example_branch_operator.py for tasks to queue
[2023-09-01T15:07:08.347+0000] {logging_mixin.py:151} INFO - [2023-09-01T15:07:08.346+0000] {dagbag.py:539} INFO - Filling up the DagBag from /home/airflow/.local/lib/python3.8/site-packages/airflow/example_dags/example_branch_operator.py
[2023-09-01T15:07:08.360+0000] {processor.py:839} INFO - DAG(s) dict_keys(['example_branch_operator']) retrieved from /home/airflow/.local/lib/python3.8/site-packages/airflow/example_dags/example_branch_operator.py
[2023-09-01T15:07:08.396+0000] {logging_mixin.py:151} INFO - [2023-09-01T15:07:08.396+0000] {dag.py:2907} INFO - Sync 1 DAGs
[2023-09-01T15:07:08.435+0000] {logging_mixin.py:151} INFO - [2023-09-01T15:07:08.435+0000] {dag.py:3677} INFO - Setting next_dagrun for example_branch_operator to 2023-08-31T00:00:00+00:00, run_after=2023-09-01T00:00:00+00:00
[2023-09-01T15:07:08.464+0000] {processor.py:179} INFO - Processing /home/airflow/.local/lib/python3.8/site-packages/airflow/example_dags/example_branch_operator.py took 0.128 seconds
[2023-09-01T15:07:38.548+0000] {processor.py:157} INFO - Started process (PID=1902) to work on /home/airflow/.local/lib/python3.8/site-packages/airflow/example_dags/example_branch_operator.py
[2023-09-01T15:07:38.549+0000] {processor.py:829} INFO - Processing file /home/airflow/.local/lib/python3.8/site-packages/airflow/example_dags/example_branch_operator.py for tasks to queue
[2023-09-01T15:07:38.553+0000] {logging_mixin.py:151} INFO - [2023-09-01T15:07:38.553+0000] {dagbag.py:539} INFO - Filling up the DagBag from /home/airflow/.local/lib/python3.8/site-packages/airflow/example_dags/example_branch_operator.py
[2023-09-01T15:07:38.566+0000] {processor.py:839} INFO - DAG(s) dict_keys(['example_branch_operator']) retrieved from /home/airflow/.local/lib/python3.8/site-packages/airflow/example_dags/example_branch_operator.py
[2023-09-01T15:07:38.597+0000] {logging_mixin.py:151} INFO - [2023-09-01T15:07:38.597+0000] {dag.py:2907} INFO - Sync 1 DAGs
[2023-09-01T15:07:38.623+0000] {logging_mixin.py:151} INFO - [2023-09-01T15:07:38.623+0000] {dag.py:3677} INFO - Setting next_dagrun for example_branch_operator to 2023-08-31T00:00:00+00:00, run_after=2023-09-01T00:00:00+00:00
[2023-09-01T15:07:38.642+0000] {processor.py:179} INFO - Processing /home/airflow/.local/lib/python3.8/site-packages/airflow/example_dags/example_branch_operator.py took 0.099 seconds
[2023-09-01T15:08:08.889+0000] {processor.py:157} INFO - Started process (PID=1956) to work on /home/airflow/.local/lib/python3.8/site-packages/airflow/example_dags/example_branch_operator.py
[2023-09-01T15:08:08.890+0000] {processor.py:829} INFO - Processing file /home/airflow/.local/lib/python3.8/site-packages/airflow/example_dags/example_branch_operator.py for tasks to queue
[2023-09-01T15:08:08.895+0000] {logging_mixin.py:151} INFO - [2023-09-01T15:08:08.894+0000] {dagbag.py:539} INFO - Filling up the DagBag from /home/airflow/.local/lib/python3.8/site-packages/airflow/example_dags/example_branch_operator.py
[2023-09-01T15:08:08.907+0000] {processor.py:839} INFO - DAG(s) dict_keys(['example_branch_operator']) retrieved from /home/airflow/.local/lib/python3.8/site-packages/airflow/example_dags/example_branch_operator.py
[2023-09-01T15:08:08.940+0000] {logging_mixin.py:151} INFO - [2023-09-01T15:08:08.939+0000] {dag.py:2907} INFO - Sync 1 DAGs
[2023-09-01T15:08:08.971+0000] {logging_mixin.py:151} INFO - [2023-09-01T15:08:08.971+0000] {dag.py:3677} INFO - Setting next_dagrun for example_branch_operator to 2023-08-31T00:00:00+00:00, run_after=2023-09-01T00:00:00+00:00
[2023-09-01T15:08:08.996+0000] {processor.py:179} INFO - Processing /home/airflow/.local/lib/python3.8/site-packages/airflow/example_dags/example_branch_operator.py took 0.113 seconds
[2023-09-01T15:08:39.242+0000] {processor.py:157} INFO - Started process (PID=2010) to work on /home/airflow/.local/lib/python3.8/site-packages/airflow/example_dags/example_branch_operator.py
[2023-09-01T15:08:39.244+0000] {processor.py:829} INFO - Processing file /home/airflow/.local/lib/python3.8/site-packages/airflow/example_dags/example_branch_operator.py for tasks to queue
[2023-09-01T15:08:39.247+0000] {logging_mixin.py:151} INFO - [2023-09-01T15:08:39.247+0000] {dagbag.py:539} INFO - Filling up the DagBag from /home/airflow/.local/lib/python3.8/site-packages/airflow/example_dags/example_branch_operator.py
[2023-09-01T15:08:39.258+0000] {processor.py:839} INFO - DAG(s) dict_keys(['example_branch_operator']) retrieved from /home/airflow/.local/lib/python3.8/site-packages/airflow/example_dags/example_branch_operator.py
[2023-09-01T15:08:39.284+0000] {logging_mixin.py:151} INFO - [2023-09-01T15:08:39.284+0000] {dag.py:2907} INFO - Sync 1 DAGs
[2023-09-01T15:08:39.309+0000] {logging_mixin.py:151} INFO - [2023-09-01T15:08:39.309+0000] {dag.py:3677} INFO - Setting next_dagrun for example_branch_operator to 2023-08-31T00:00:00+00:00, run_after=2023-09-01T00:00:00+00:00
[2023-09-01T15:08:39.326+0000] {processor.py:179} INFO - Processing /home/airflow/.local/lib/python3.8/site-packages/airflow/example_dags/example_branch_operator.py took 0.088 seconds
[2023-09-01T15:09:09.600+0000] {processor.py:157} INFO - Started process (PID=2064) to work on /home/airflow/.local/lib/python3.8/site-packages/airflow/example_dags/example_branch_operator.py
[2023-09-01T15:09:09.602+0000] {processor.py:829} INFO - Processing file /home/airflow/.local/lib/python3.8/site-packages/airflow/example_dags/example_branch_operator.py for tasks to queue
[2023-09-01T15:09:09.605+0000] {logging_mixin.py:151} INFO - [2023-09-01T15:09:09.605+0000] {dagbag.py:539} INFO - Filling up the DagBag from /home/airflow/.local/lib/python3.8/site-packages/airflow/example_dags/example_branch_operator.py
[2023-09-01T15:09:09.617+0000] {processor.py:839} INFO - DAG(s) dict_keys(['example_branch_operator']) retrieved from /home/airflow/.local/lib/python3.8/site-packages/airflow/example_dags/example_branch_operator.py
[2023-09-01T15:09:09.649+0000] {logging_mixin.py:151} INFO - [2023-09-01T15:09:09.649+0000] {dag.py:2907} INFO - Sync 1 DAGs
[2023-09-01T15:09:09.677+0000] {logging_mixin.py:151} INFO - [2023-09-01T15:09:09.677+0000] {dag.py:3677} INFO - Setting next_dagrun for example_branch_operator to 2023-08-31T00:00:00+00:00, run_after=2023-09-01T00:00:00+00:00
[2023-09-01T15:09:09.695+0000] {processor.py:179} INFO - Processing /home/airflow/.local/lib/python3.8/site-packages/airflow/example_dags/example_branch_operator.py took 0.100 seconds
[2023-09-01T15:09:39.742+0000] {processor.py:157} INFO - Started process (PID=2118) to work on /home/airflow/.local/lib/python3.8/site-packages/airflow/example_dags/example_branch_operator.py
[2023-09-01T15:09:39.744+0000] {processor.py:829} INFO - Processing file /home/airflow/.local/lib/python3.8/site-packages/airflow/example_dags/example_branch_operator.py for tasks to queue
[2023-09-01T15:09:39.747+0000] {logging_mixin.py:151} INFO - [2023-09-01T15:09:39.747+0000] {dagbag.py:539} INFO - Filling up the DagBag from /home/airflow/.local/lib/python3.8/site-packages/airflow/example_dags/example_branch_operator.py
[2023-09-01T15:09:39.757+0000] {processor.py:839} INFO - DAG(s) dict_keys(['example_branch_operator']) retrieved from /home/airflow/.local/lib/python3.8/site-packages/airflow/example_dags/example_branch_operator.py
[2023-09-01T15:09:39.784+0000] {logging_mixin.py:151} INFO - [2023-09-01T15:09:39.783+0000] {dag.py:2907} INFO - Sync 1 DAGs
[2023-09-01T15:09:39.810+0000] {logging_mixin.py:151} INFO - [2023-09-01T15:09:39.809+0000] {dag.py:3677} INFO - Setting next_dagrun for example_branch_operator to 2023-08-31T00:00:00+00:00, run_after=2023-09-01T00:00:00+00:00
[2023-09-01T15:09:39.829+0000] {processor.py:179} INFO - Processing /home/airflow/.local/lib/python3.8/site-packages/airflow/example_dags/example_branch_operator.py took 0.090 seconds
[2023-09-01T15:10:10.069+0000] {processor.py:157} INFO - Started process (PID=2172) to work on /home/airflow/.local/lib/python3.8/site-packages/airflow/example_dags/example_branch_operator.py
[2023-09-01T15:10:10.071+0000] {processor.py:829} INFO - Processing file /home/airflow/.local/lib/python3.8/site-packages/airflow/example_dags/example_branch_operator.py for tasks to queue
[2023-09-01T15:10:10.074+0000] {logging_mixin.py:151} INFO - [2023-09-01T15:10:10.074+0000] {dagbag.py:539} INFO - Filling up the DagBag from /home/airflow/.local/lib/python3.8/site-packages/airflow/example_dags/example_branch_operator.py
[2023-09-01T15:10:10.085+0000] {processor.py:839} INFO - DAG(s) dict_keys(['example_branch_operator']) retrieved from /home/airflow/.local/lib/python3.8/site-packages/airflow/example_dags/example_branch_operator.py
[2023-09-01T15:10:10.111+0000] {logging_mixin.py:151} INFO - [2023-09-01T15:10:10.111+0000] {dag.py:2907} INFO - Sync 1 DAGs
[2023-09-01T15:10:10.137+0000] {logging_mixin.py:151} INFO - [2023-09-01T15:10:10.137+0000] {dag.py:3677} INFO - Setting next_dagrun for example_branch_operator to 2023-08-31T00:00:00+00:00, run_after=2023-09-01T00:00:00+00:00
[2023-09-01T15:10:10.158+0000] {processor.py:179} INFO - Processing /home/airflow/.local/lib/python3.8/site-packages/airflow/example_dags/example_branch_operator.py took 0.094 seconds
[2023-09-01T15:10:40.517+0000] {processor.py:157} INFO - Started process (PID=2226) to work on /home/airflow/.local/lib/python3.8/site-packages/airflow/example_dags/example_branch_operator.py
[2023-09-01T15:10:40.518+0000] {processor.py:829} INFO - Processing file /home/airflow/.local/lib/python3.8/site-packages/airflow/example_dags/example_branch_operator.py for tasks to queue
[2023-09-01T15:10:40.522+0000] {logging_mixin.py:151} INFO - [2023-09-01T15:10:40.521+0000] {dagbag.py:539} INFO - Filling up the DagBag from /home/airflow/.local/lib/python3.8/site-packages/airflow/example_dags/example_branch_operator.py
[2023-09-01T15:10:40.534+0000] {processor.py:839} INFO - DAG(s) dict_keys(['example_branch_operator']) retrieved from /home/airflow/.local/lib/python3.8/site-packages/airflow/example_dags/example_branch_operator.py
[2023-09-01T15:10:40.563+0000] {logging_mixin.py:151} INFO - [2023-09-01T15:10:40.563+0000] {dag.py:2907} INFO - Sync 1 DAGs
[2023-09-01T15:10:40.588+0000] {logging_mixin.py:151} INFO - [2023-09-01T15:10:40.588+0000] {dag.py:3677} INFO - Setting next_dagrun for example_branch_operator to 2023-08-31T00:00:00+00:00, run_after=2023-09-01T00:00:00+00:00
[2023-09-01T15:10:40.608+0000] {processor.py:179} INFO - Processing /home/airflow/.local/lib/python3.8/site-packages/airflow/example_dags/example_branch_operator.py took 0.095 seconds
[2023-09-01T15:11:10.897+0000] {processor.py:157} INFO - Started process (PID=2280) to work on /home/airflow/.local/lib/python3.8/site-packages/airflow/example_dags/example_branch_operator.py
[2023-09-01T15:11:10.899+0000] {processor.py:829} INFO - Processing file /home/airflow/.local/lib/python3.8/site-packages/airflow/example_dags/example_branch_operator.py for tasks to queue
[2023-09-01T15:11:10.902+0000] {logging_mixin.py:151} INFO - [2023-09-01T15:11:10.902+0000] {dagbag.py:539} INFO - Filling up the DagBag from /home/airflow/.local/lib/python3.8/site-packages/airflow/example_dags/example_branch_operator.py
[2023-09-01T15:11:10.916+0000] {processor.py:839} INFO - DAG(s) dict_keys(['example_branch_operator']) retrieved from /home/airflow/.local/lib/python3.8/site-packages/airflow/example_dags/example_branch_operator.py
[2023-09-01T15:11:10.948+0000] {logging_mixin.py:151} INFO - [2023-09-01T15:11:10.948+0000] {dag.py:2907} INFO - Sync 1 DAGs
[2023-09-01T15:11:10.981+0000] {logging_mixin.py:151} INFO - [2023-09-01T15:11:10.981+0000] {dag.py:3677} INFO - Setting next_dagrun for example_branch_operator to 2023-08-31T00:00:00+00:00, run_after=2023-09-01T00:00:00+00:00
[2023-09-01T15:11:11.007+0000] {processor.py:179} INFO - Processing /home/airflow/.local/lib/python3.8/site-packages/airflow/example_dags/example_branch_operator.py took 0.114 seconds
[2023-09-01T15:11:41.168+0000] {processor.py:157} INFO - Started process (PID=2334) to work on /home/airflow/.local/lib/python3.8/site-packages/airflow/example_dags/example_branch_operator.py
[2023-09-01T15:11:41.169+0000] {processor.py:829} INFO - Processing file /home/airflow/.local/lib/python3.8/site-packages/airflow/example_dags/example_branch_operator.py for tasks to queue
[2023-09-01T15:11:41.172+0000] {logging_mixin.py:151} INFO - [2023-09-01T15:11:41.172+0000] {dagbag.py:539} INFO - Filling up the DagBag from /home/airflow/.local/lib/python3.8/site-packages/airflow/example_dags/example_branch_operator.py
[2023-09-01T15:11:41.183+0000] {processor.py:839} INFO - DAG(s) dict_keys(['example_branch_operator']) retrieved from /home/airflow/.local/lib/python3.8/site-packages/airflow/example_dags/example_branch_operator.py
[2023-09-01T15:11:41.209+0000] {logging_mixin.py:151} INFO - [2023-09-01T15:11:41.209+0000] {dag.py:2907} INFO - Sync 1 DAGs
[2023-09-01T15:11:41.235+0000] {logging_mixin.py:151} INFO - [2023-09-01T15:11:41.234+0000] {dag.py:3677} INFO - Setting next_dagrun for example_branch_operator to 2023-08-31T00:00:00+00:00, run_after=2023-09-01T00:00:00+00:00
[2023-09-01T15:11:41.253+0000] {processor.py:179} INFO - Processing /home/airflow/.local/lib/python3.8/site-packages/airflow/example_dags/example_branch_operator.py took 0.089 seconds
[2023-09-01T15:12:11.421+0000] {processor.py:157} INFO - Started process (PID=2388) to work on /home/airflow/.local/lib/python3.8/site-packages/airflow/example_dags/example_branch_operator.py
[2023-09-01T15:12:11.422+0000] {processor.py:829} INFO - Processing file /home/airflow/.local/lib/python3.8/site-packages/airflow/example_dags/example_branch_operator.py for tasks to queue
[2023-09-01T15:12:11.425+0000] {logging_mixin.py:151} INFO - [2023-09-01T15:12:11.425+0000] {dagbag.py:539} INFO - Filling up the DagBag from /home/airflow/.local/lib/python3.8/site-packages/airflow/example_dags/example_branch_operator.py
[2023-09-01T15:12:11.437+0000] {processor.py:839} INFO - DAG(s) dict_keys(['example_branch_operator']) retrieved from /home/airflow/.local/lib/python3.8/site-packages/airflow/example_dags/example_branch_operator.py
[2023-09-01T15:12:11.464+0000] {logging_mixin.py:151} INFO - [2023-09-01T15:12:11.463+0000] {dag.py:2907} INFO - Sync 1 DAGs
[2023-09-01T15:12:11.492+0000] {logging_mixin.py:151} INFO - [2023-09-01T15:12:11.492+0000] {dag.py:3677} INFO - Setting next_dagrun for example_branch_operator to 2023-08-31T00:00:00+00:00, run_after=2023-09-01T00:00:00+00:00
[2023-09-01T15:12:11.511+0000] {processor.py:179} INFO - Processing /home/airflow/.local/lib/python3.8/site-packages/airflow/example_dags/example_branch_operator.py took 0.094 seconds
[2023-09-01T15:12:41.541+0000] {processor.py:157} INFO - Started process (PID=2442) to work on /home/airflow/.local/lib/python3.8/site-packages/airflow/example_dags/example_branch_operator.py
[2023-09-01T15:12:41.543+0000] {processor.py:829} INFO - Processing file /home/airflow/.local/lib/python3.8/site-packages/airflow/example_dags/example_branch_operator.py for tasks to queue
[2023-09-01T15:12:41.546+0000] {logging_mixin.py:151} INFO - [2023-09-01T15:12:41.546+0000] {dagbag.py:539} INFO - Filling up the DagBag from /home/airflow/.local/lib/python3.8/site-packages/airflow/example_dags/example_branch_operator.py
[2023-09-01T15:12:41.557+0000] {processor.py:839} INFO - DAG(s) dict_keys(['example_branch_operator']) retrieved from /home/airflow/.local/lib/python3.8/site-packages/airflow/example_dags/example_branch_operator.py
[2023-09-01T15:12:41.584+0000] {logging_mixin.py:151} INFO - [2023-09-01T15:12:41.584+0000] {dag.py:2907} INFO - Sync 1 DAGs
[2023-09-01T15:12:41.608+0000] {logging_mixin.py:151} INFO - [2023-09-01T15:12:41.608+0000] {dag.py:3677} INFO - Setting next_dagrun for example_branch_operator to 2023-08-31T00:00:00+00:00, run_after=2023-09-01T00:00:00+00:00
[2023-09-01T15:12:41.631+0000] {processor.py:179} INFO - Processing /home/airflow/.local/lib/python3.8/site-packages/airflow/example_dags/example_branch_operator.py took 0.094 seconds
[2023-09-01T15:13:11.901+0000] {processor.py:157} INFO - Started process (PID=2496) to work on /home/airflow/.local/lib/python3.8/site-packages/airflow/example_dags/example_branch_operator.py
[2023-09-01T15:13:11.902+0000] {processor.py:829} INFO - Processing file /home/airflow/.local/lib/python3.8/site-packages/airflow/example_dags/example_branch_operator.py for tasks to queue
[2023-09-01T15:13:11.906+0000] {logging_mixin.py:151} INFO - [2023-09-01T15:13:11.906+0000] {dagbag.py:539} INFO - Filling up the DagBag from /home/airflow/.local/lib/python3.8/site-packages/airflow/example_dags/example_branch_operator.py
[2023-09-01T15:13:11.917+0000] {processor.py:839} INFO - DAG(s) dict_keys(['example_branch_operator']) retrieved from /home/airflow/.local/lib/python3.8/site-packages/airflow/example_dags/example_branch_operator.py
[2023-09-01T15:13:11.942+0000] {logging_mixin.py:151} INFO - [2023-09-01T15:13:11.942+0000] {dag.py:2907} INFO - Sync 1 DAGs
[2023-09-01T15:13:11.970+0000] {logging_mixin.py:151} INFO - [2023-09-01T15:13:11.970+0000] {dag.py:3677} INFO - Setting next_dagrun for example_branch_operator to 2023-08-31T00:00:00+00:00, run_after=2023-09-01T00:00:00+00:00
[2023-09-01T15:13:11.991+0000] {processor.py:179} INFO - Processing /home/airflow/.local/lib/python3.8/site-packages/airflow/example_dags/example_branch_operator.py took 0.093 seconds
[2023-09-01T15:13:42.693+0000] {processor.py:157} INFO - Started process (PID=2550) to work on /home/airflow/.local/lib/python3.8/site-packages/airflow/example_dags/example_branch_operator.py
[2023-09-01T15:13:42.694+0000] {processor.py:829} INFO - Processing file /home/airflow/.local/lib/python3.8/site-packages/airflow/example_dags/example_branch_operator.py for tasks to queue
[2023-09-01T15:13:42.698+0000] {logging_mixin.py:151} INFO - [2023-09-01T15:13:42.697+0000] {dagbag.py:539} INFO - Filling up the DagBag from /home/airflow/.local/lib/python3.8/site-packages/airflow/example_dags/example_branch_operator.py
[2023-09-01T15:13:42.711+0000] {processor.py:839} INFO - DAG(s) dict_keys(['example_branch_operator']) retrieved from /home/airflow/.local/lib/python3.8/site-packages/airflow/example_dags/example_branch_operator.py
[2023-09-01T15:13:42.740+0000] {logging_mixin.py:151} INFO - [2023-09-01T15:13:42.740+0000] {dag.py:2907} INFO - Sync 1 DAGs
[2023-09-01T15:13:42.768+0000] {logging_mixin.py:151} INFO - [2023-09-01T15:13:42.768+0000] {dag.py:3677} INFO - Setting next_dagrun for example_branch_operator to 2023-08-31T00:00:00+00:00, run_after=2023-09-01T00:00:00+00:00
[2023-09-01T15:13:42.789+0000] {processor.py:179} INFO - Processing /home/airflow/.local/lib/python3.8/site-packages/airflow/example_dags/example_branch_operator.py took 0.100 seconds
[2023-09-01T15:14:12.836+0000] {processor.py:157} INFO - Started process (PID=2604) to work on /home/airflow/.local/lib/python3.8/site-packages/airflow/example_dags/example_branch_operator.py
[2023-09-01T15:14:12.838+0000] {processor.py:829} INFO - Processing file /home/airflow/.local/lib/python3.8/site-packages/airflow/example_dags/example_branch_operator.py for tasks to queue
[2023-09-01T15:14:12.842+0000] {logging_mixin.py:151} INFO - [2023-09-01T15:14:12.841+0000] {dagbag.py:539} INFO - Filling up the DagBag from /home/airflow/.local/lib/python3.8/site-packages/airflow/example_dags/example_branch_operator.py
[2023-09-01T15:14:12.854+0000] {processor.py:839} INFO - DAG(s) dict_keys(['example_branch_operator']) retrieved from /home/airflow/.local/lib/python3.8/site-packages/airflow/example_dags/example_branch_operator.py
[2023-09-01T15:14:12.882+0000] {logging_mixin.py:151} INFO - [2023-09-01T15:14:12.881+0000] {dag.py:2907} INFO - Sync 1 DAGs
[2023-09-01T15:14:12.906+0000] {logging_mixin.py:151} INFO - [2023-09-01T15:14:12.906+0000] {dag.py:3677} INFO - Setting next_dagrun for example_branch_operator to 2023-08-31T00:00:00+00:00, run_after=2023-09-01T00:00:00+00:00
[2023-09-01T15:14:12.925+0000] {processor.py:179} INFO - Processing /home/airflow/.local/lib/python3.8/site-packages/airflow/example_dags/example_branch_operator.py took 0.093 seconds
[2023-09-01T15:14:43.799+0000] {processor.py:157} INFO - Started process (PID=2658) to work on /home/airflow/.local/lib/python3.8/site-packages/airflow/example_dags/example_branch_operator.py
[2023-09-01T15:14:43.800+0000] {processor.py:829} INFO - Processing file /home/airflow/.local/lib/python3.8/site-packages/airflow/example_dags/example_branch_operator.py for tasks to queue
[2023-09-01T15:14:43.803+0000] {logging_mixin.py:151} INFO - [2023-09-01T15:14:43.803+0000] {dagbag.py:539} INFO - Filling up the DagBag from /home/airflow/.local/lib/python3.8/site-packages/airflow/example_dags/example_branch_operator.py
[2023-09-01T15:14:43.816+0000] {processor.py:839} INFO - DAG(s) dict_keys(['example_branch_operator']) retrieved from /home/airflow/.local/lib/python3.8/site-packages/airflow/example_dags/example_branch_operator.py
[2023-09-01T15:14:43.844+0000] {logging_mixin.py:151} INFO - [2023-09-01T15:14:43.844+0000] {dag.py:2907} INFO - Sync 1 DAGs
[2023-09-01T15:14:43.868+0000] {logging_mixin.py:151} INFO - [2023-09-01T15:14:43.868+0000] {dag.py:3677} INFO - Setting next_dagrun for example_branch_operator to 2023-08-31T00:00:00+00:00, run_after=2023-09-01T00:00:00+00:00
[2023-09-01T15:14:43.888+0000] {processor.py:179} INFO - Processing /home/airflow/.local/lib/python3.8/site-packages/airflow/example_dags/example_branch_operator.py took 0.093 seconds
[2023-09-01T15:15:14.825+0000] {processor.py:157} INFO - Started process (PID=2712) to work on /home/airflow/.local/lib/python3.8/site-packages/airflow/example_dags/example_branch_operator.py
[2023-09-01T15:15:14.826+0000] {processor.py:829} INFO - Processing file /home/airflow/.local/lib/python3.8/site-packages/airflow/example_dags/example_branch_operator.py for tasks to queue
[2023-09-01T15:15:14.829+0000] {logging_mixin.py:151} INFO - [2023-09-01T15:15:14.829+0000] {dagbag.py:539} INFO - Filling up the DagBag from /home/airflow/.local/lib/python3.8/site-packages/airflow/example_dags/example_branch_operator.py
[2023-09-01T15:15:14.842+0000] {processor.py:839} INFO - DAG(s) dict_keys(['example_branch_operator']) retrieved from /home/airflow/.local/lib/python3.8/site-packages/airflow/example_dags/example_branch_operator.py
[2023-09-01T15:15:14.871+0000] {logging_mixin.py:151} INFO - [2023-09-01T15:15:14.871+0000] {dag.py:2907} INFO - Sync 1 DAGs
[2023-09-01T15:15:14.899+0000] {logging_mixin.py:151} INFO - [2023-09-01T15:15:14.899+0000] {dag.py:3677} INFO - Setting next_dagrun for example_branch_operator to 2023-08-31T00:00:00+00:00, run_after=2023-09-01T00:00:00+00:00
[2023-09-01T15:15:14.921+0000] {processor.py:179} INFO - Processing /home/airflow/.local/lib/python3.8/site-packages/airflow/example_dags/example_branch_operator.py took 0.101 seconds
[2023-09-01T15:15:45.152+0000] {processor.py:157} INFO - Started process (PID=2766) to work on /home/airflow/.local/lib/python3.8/site-packages/airflow/example_dags/example_branch_operator.py
[2023-09-01T15:15:45.153+0000] {processor.py:829} INFO - Processing file /home/airflow/.local/lib/python3.8/site-packages/airflow/example_dags/example_branch_operator.py for tasks to queue
[2023-09-01T15:15:45.156+0000] {logging_mixin.py:151} INFO - [2023-09-01T15:15:45.156+0000] {dagbag.py:539} INFO - Filling up the DagBag from /home/airflow/.local/lib/python3.8/site-packages/airflow/example_dags/example_branch_operator.py
[2023-09-01T15:15:45.171+0000] {processor.py:839} INFO - DAG(s) dict_keys(['example_branch_operator']) retrieved from /home/airflow/.local/lib/python3.8/site-packages/airflow/example_dags/example_branch_operator.py
[2023-09-01T15:15:45.200+0000] {logging_mixin.py:151} INFO - [2023-09-01T15:15:45.200+0000] {dag.py:2907} INFO - Sync 1 DAGs
[2023-09-01T15:15:45.224+0000] {logging_mixin.py:151} INFO - [2023-09-01T15:15:45.224+0000] {dag.py:3677} INFO - Setting next_dagrun for example_branch_operator to 2023-08-31T00:00:00+00:00, run_after=2023-09-01T00:00:00+00:00
[2023-09-01T15:15:45.246+0000] {processor.py:179} INFO - Processing /home/airflow/.local/lib/python3.8/site-packages/airflow/example_dags/example_branch_operator.py took 0.098 seconds
[2023-09-01T15:16:15.340+0000] {processor.py:157} INFO - Started process (PID=2820) to work on /home/airflow/.local/lib/python3.8/site-packages/airflow/example_dags/example_branch_operator.py
[2023-09-01T15:16:15.341+0000] {processor.py:829} INFO - Processing file /home/airflow/.local/lib/python3.8/site-packages/airflow/example_dags/example_branch_operator.py for tasks to queue
[2023-09-01T15:16:15.344+0000] {logging_mixin.py:151} INFO - [2023-09-01T15:16:15.344+0000] {dagbag.py:539} INFO - Filling up the DagBag from /home/airflow/.local/lib/python3.8/site-packages/airflow/example_dags/example_branch_operator.py
[2023-09-01T15:16:15.356+0000] {processor.py:839} INFO - DAG(s) dict_keys(['example_branch_operator']) retrieved from /home/airflow/.local/lib/python3.8/site-packages/airflow/example_dags/example_branch_operator.py
[2023-09-01T15:16:15.381+0000] {logging_mixin.py:151} INFO - [2023-09-01T15:16:15.381+0000] {dag.py:2907} INFO - Sync 1 DAGs
[2023-09-01T15:16:15.403+0000] {logging_mixin.py:151} INFO - [2023-09-01T15:16:15.403+0000] {dag.py:3677} INFO - Setting next_dagrun for example_branch_operator to 2023-08-31T00:00:00+00:00, run_after=2023-09-01T00:00:00+00:00
[2023-09-01T15:16:15.422+0000] {processor.py:179} INFO - Processing /home/airflow/.local/lib/python3.8/site-packages/airflow/example_dags/example_branch_operator.py took 0.085 seconds
[2023-09-01T15:16:45.801+0000] {processor.py:157} INFO - Started process (PID=2875) to work on /home/airflow/.local/lib/python3.8/site-packages/airflow/example_dags/example_branch_operator.py
[2023-09-01T15:16:45.803+0000] {processor.py:829} INFO - Processing file /home/airflow/.local/lib/python3.8/site-packages/airflow/example_dags/example_branch_operator.py for tasks to queue
[2023-09-01T15:16:45.806+0000] {logging_mixin.py:151} INFO - [2023-09-01T15:16:45.806+0000] {dagbag.py:539} INFO - Filling up the DagBag from /home/airflow/.local/lib/python3.8/site-packages/airflow/example_dags/example_branch_operator.py
[2023-09-01T15:16:45.818+0000] {processor.py:839} INFO - DAG(s) dict_keys(['example_branch_operator']) retrieved from /home/airflow/.local/lib/python3.8/site-packages/airflow/example_dags/example_branch_operator.py
[2023-09-01T15:16:45.843+0000] {logging_mixin.py:151} INFO - [2023-09-01T15:16:45.843+0000] {dag.py:2907} INFO - Sync 1 DAGs
[2023-09-01T15:16:45.868+0000] {logging_mixin.py:151} INFO - [2023-09-01T15:16:45.868+0000] {dag.py:3677} INFO - Setting next_dagrun for example_branch_operator to 2023-08-31T00:00:00+00:00, run_after=2023-09-01T00:00:00+00:00
[2023-09-01T15:16:45.887+0000] {processor.py:179} INFO - Processing /home/airflow/.local/lib/python3.8/site-packages/airflow/example_dags/example_branch_operator.py took 0.090 seconds
[2023-09-01T15:17:16.354+0000] {processor.py:157} INFO - Started process (PID=2930) to work on /home/airflow/.local/lib/python3.8/site-packages/airflow/example_dags/example_branch_operator.py
[2023-09-01T15:17:16.356+0000] {processor.py:829} INFO - Processing file /home/airflow/.local/lib/python3.8/site-packages/airflow/example_dags/example_branch_operator.py for tasks to queue
[2023-09-01T15:17:16.359+0000] {logging_mixin.py:151} INFO - [2023-09-01T15:17:16.359+0000] {dagbag.py:539} INFO - Filling up the DagBag from /home/airflow/.local/lib/python3.8/site-packages/airflow/example_dags/example_branch_operator.py
[2023-09-01T15:17:16.371+0000] {processor.py:839} INFO - DAG(s) dict_keys(['example_branch_operator']) retrieved from /home/airflow/.local/lib/python3.8/site-packages/airflow/example_dags/example_branch_operator.py
[2023-09-01T15:17:16.398+0000] {logging_mixin.py:151} INFO - [2023-09-01T15:17:16.397+0000] {dag.py:2907} INFO - Sync 1 DAGs
[2023-09-01T15:17:16.432+0000] {logging_mixin.py:151} INFO - [2023-09-01T15:17:16.432+0000] {dag.py:3677} INFO - Setting next_dagrun for example_branch_operator to 2023-08-31T00:00:00+00:00, run_after=2023-09-01T00:00:00+00:00
[2023-09-01T15:17:16.452+0000] {processor.py:179} INFO - Processing /home/airflow/.local/lib/python3.8/site-packages/airflow/example_dags/example_branch_operator.py took 0.102 seconds
[2023-09-01T15:17:46.752+0000] {processor.py:157} INFO - Started process (PID=2984) to work on /home/airflow/.local/lib/python3.8/site-packages/airflow/example_dags/example_branch_operator.py
[2023-09-01T15:17:46.754+0000] {processor.py:829} INFO - Processing file /home/airflow/.local/lib/python3.8/site-packages/airflow/example_dags/example_branch_operator.py for tasks to queue
[2023-09-01T15:17:46.757+0000] {logging_mixin.py:151} INFO - [2023-09-01T15:17:46.757+0000] {dagbag.py:539} INFO - Filling up the DagBag from /home/airflow/.local/lib/python3.8/site-packages/airflow/example_dags/example_branch_operator.py
[2023-09-01T15:17:46.770+0000] {processor.py:839} INFO - DAG(s) dict_keys(['example_branch_operator']) retrieved from /home/airflow/.local/lib/python3.8/site-packages/airflow/example_dags/example_branch_operator.py
[2023-09-01T15:17:46.797+0000] {logging_mixin.py:151} INFO - [2023-09-01T15:17:46.797+0000] {dag.py:2907} INFO - Sync 1 DAGs
[2023-09-01T15:17:46.822+0000] {logging_mixin.py:151} INFO - [2023-09-01T15:17:46.822+0000] {dag.py:3677} INFO - Setting next_dagrun for example_branch_operator to 2023-08-31T00:00:00+00:00, run_after=2023-09-01T00:00:00+00:00
[2023-09-01T15:17:46.842+0000] {processor.py:179} INFO - Processing /home/airflow/.local/lib/python3.8/site-packages/airflow/example_dags/example_branch_operator.py took 0.094 seconds
[2023-09-01T15:18:17.807+0000] {processor.py:157} INFO - Started process (PID=3038) to work on /home/airflow/.local/lib/python3.8/site-packages/airflow/example_dags/example_branch_operator.py
[2023-09-01T15:18:17.808+0000] {processor.py:829} INFO - Processing file /home/airflow/.local/lib/python3.8/site-packages/airflow/example_dags/example_branch_operator.py for tasks to queue
[2023-09-01T15:18:17.811+0000] {logging_mixin.py:151} INFO - [2023-09-01T15:18:17.810+0000] {dagbag.py:539} INFO - Filling up the DagBag from /home/airflow/.local/lib/python3.8/site-packages/airflow/example_dags/example_branch_operator.py
[2023-09-01T15:18:17.821+0000] {processor.py:839} INFO - DAG(s) dict_keys(['example_branch_operator']) retrieved from /home/airflow/.local/lib/python3.8/site-packages/airflow/example_dags/example_branch_operator.py
[2023-09-01T15:18:17.846+0000] {logging_mixin.py:151} INFO - [2023-09-01T15:18:17.846+0000] {dag.py:2907} INFO - Sync 1 DAGs
[2023-09-01T15:18:17.870+0000] {logging_mixin.py:151} INFO - [2023-09-01T15:18:17.870+0000] {dag.py:3677} INFO - Setting next_dagrun for example_branch_operator to 2023-08-31T00:00:00+00:00, run_after=2023-09-01T00:00:00+00:00
[2023-09-01T15:18:17.890+0000] {processor.py:179} INFO - Processing /home/airflow/.local/lib/python3.8/site-packages/airflow/example_dags/example_branch_operator.py took 0.086 seconds
[2023-09-01T15:18:48.550+0000] {processor.py:157} INFO - Started process (PID=3092) to work on /home/airflow/.local/lib/python3.8/site-packages/airflow/example_dags/example_branch_operator.py
[2023-09-01T15:18:48.551+0000] {processor.py:829} INFO - Processing file /home/airflow/.local/lib/python3.8/site-packages/airflow/example_dags/example_branch_operator.py for tasks to queue
[2023-09-01T15:18:48.555+0000] {logging_mixin.py:151} INFO - [2023-09-01T15:18:48.555+0000] {dagbag.py:539} INFO - Filling up the DagBag from /home/airflow/.local/lib/python3.8/site-packages/airflow/example_dags/example_branch_operator.py
[2023-09-01T15:18:48.568+0000] {processor.py:839} INFO - DAG(s) dict_keys(['example_branch_operator']) retrieved from /home/airflow/.local/lib/python3.8/site-packages/airflow/example_dags/example_branch_operator.py
[2023-09-01T15:18:48.598+0000] {logging_mixin.py:151} INFO - [2023-09-01T15:18:48.598+0000] {dag.py:2907} INFO - Sync 1 DAGs
[2023-09-01T15:18:48.627+0000] {logging_mixin.py:151} INFO - [2023-09-01T15:18:48.627+0000] {dag.py:3677} INFO - Setting next_dagrun for example_branch_operator to 2023-08-31T00:00:00+00:00, run_after=2023-09-01T00:00:00+00:00
[2023-09-01T15:18:48.649+0000] {processor.py:179} INFO - Processing /home/airflow/.local/lib/python3.8/site-packages/airflow/example_dags/example_branch_operator.py took 0.104 seconds
[2023-09-01T15:19:19.095+0000] {processor.py:157} INFO - Started process (PID=3146) to work on /home/airflow/.local/lib/python3.8/site-packages/airflow/example_dags/example_branch_operator.py
[2023-09-01T15:19:19.097+0000] {processor.py:829} INFO - Processing file /home/airflow/.local/lib/python3.8/site-packages/airflow/example_dags/example_branch_operator.py for tasks to queue
[2023-09-01T15:19:19.100+0000] {logging_mixin.py:151} INFO - [2023-09-01T15:19:19.100+0000] {dagbag.py:539} INFO - Filling up the DagBag from /home/airflow/.local/lib/python3.8/site-packages/airflow/example_dags/example_branch_operator.py
[2023-09-01T15:19:19.113+0000] {processor.py:839} INFO - DAG(s) dict_keys(['example_branch_operator']) retrieved from /home/airflow/.local/lib/python3.8/site-packages/airflow/example_dags/example_branch_operator.py
[2023-09-01T15:19:19.143+0000] {logging_mixin.py:151} INFO - [2023-09-01T15:19:19.143+0000] {dag.py:2907} INFO - Sync 1 DAGs
[2023-09-01T15:19:19.170+0000] {logging_mixin.py:151} INFO - [2023-09-01T15:19:19.170+0000] {dag.py:3677} INFO - Setting next_dagrun for example_branch_operator to 2023-08-31T00:00:00+00:00, run_after=2023-09-01T00:00:00+00:00
[2023-09-01T15:19:19.188+0000] {processor.py:179} INFO - Processing /home/airflow/.local/lib/python3.8/site-packages/airflow/example_dags/example_branch_operator.py took 0.098 seconds
[2023-09-01T15:19:49.702+0000] {processor.py:157} INFO - Started process (PID=3200) to work on /home/airflow/.local/lib/python3.8/site-packages/airflow/example_dags/example_branch_operator.py
[2023-09-01T15:19:49.703+0000] {processor.py:829} INFO - Processing file /home/airflow/.local/lib/python3.8/site-packages/airflow/example_dags/example_branch_operator.py for tasks to queue
[2023-09-01T15:19:49.706+0000] {logging_mixin.py:151} INFO - [2023-09-01T15:19:49.706+0000] {dagbag.py:539} INFO - Filling up the DagBag from /home/airflow/.local/lib/python3.8/site-packages/airflow/example_dags/example_branch_operator.py
[2023-09-01T15:19:49.717+0000] {processor.py:839} INFO - DAG(s) dict_keys(['example_branch_operator']) retrieved from /home/airflow/.local/lib/python3.8/site-packages/airflow/example_dags/example_branch_operator.py
[2023-09-01T15:19:49.741+0000] {logging_mixin.py:151} INFO - [2023-09-01T15:19:49.741+0000] {dag.py:2907} INFO - Sync 1 DAGs
[2023-09-01T15:19:49.767+0000] {logging_mixin.py:151} INFO - [2023-09-01T15:19:49.767+0000] {dag.py:3677} INFO - Setting next_dagrun for example_branch_operator to 2023-08-31T00:00:00+00:00, run_after=2023-09-01T00:00:00+00:00
[2023-09-01T15:19:49.786+0000] {processor.py:179} INFO - Processing /home/airflow/.local/lib/python3.8/site-packages/airflow/example_dags/example_branch_operator.py took 0.088 seconds
[2023-09-01T15:20:20.140+0000] {processor.py:157} INFO - Started process (PID=3254) to work on /home/airflow/.local/lib/python3.8/site-packages/airflow/example_dags/example_branch_operator.py
[2023-09-01T15:20:20.142+0000] {processor.py:829} INFO - Processing file /home/airflow/.local/lib/python3.8/site-packages/airflow/example_dags/example_branch_operator.py for tasks to queue
[2023-09-01T15:20:20.144+0000] {logging_mixin.py:151} INFO - [2023-09-01T15:20:20.144+0000] {dagbag.py:539} INFO - Filling up the DagBag from /home/airflow/.local/lib/python3.8/site-packages/airflow/example_dags/example_branch_operator.py
[2023-09-01T15:20:20.157+0000] {processor.py:839} INFO - DAG(s) dict_keys(['example_branch_operator']) retrieved from /home/airflow/.local/lib/python3.8/site-packages/airflow/example_dags/example_branch_operator.py
[2023-09-01T15:20:20.184+0000] {logging_mixin.py:151} INFO - [2023-09-01T15:20:20.184+0000] {dag.py:2907} INFO - Sync 1 DAGs
[2023-09-01T15:20:20.211+0000] {logging_mixin.py:151} INFO - [2023-09-01T15:20:20.211+0000] {dag.py:3677} INFO - Setting next_dagrun for example_branch_operator to 2023-08-31T00:00:00+00:00, run_after=2023-09-01T00:00:00+00:00
[2023-09-01T15:20:20.231+0000] {processor.py:179} INFO - Processing /home/airflow/.local/lib/python3.8/site-packages/airflow/example_dags/example_branch_operator.py took 0.095 seconds
[2023-09-01T15:20:50.758+0000] {processor.py:157} INFO - Started process (PID=3308) to work on /home/airflow/.local/lib/python3.8/site-packages/airflow/example_dags/example_branch_operator.py
[2023-09-01T15:20:50.759+0000] {processor.py:829} INFO - Processing file /home/airflow/.local/lib/python3.8/site-packages/airflow/example_dags/example_branch_operator.py for tasks to queue
[2023-09-01T15:20:50.762+0000] {logging_mixin.py:151} INFO - [2023-09-01T15:20:50.761+0000] {dagbag.py:539} INFO - Filling up the DagBag from /home/airflow/.local/lib/python3.8/site-packages/airflow/example_dags/example_branch_operator.py
[2023-09-01T15:20:50.773+0000] {processor.py:839} INFO - DAG(s) dict_keys(['example_branch_operator']) retrieved from /home/airflow/.local/lib/python3.8/site-packages/airflow/example_dags/example_branch_operator.py
[2023-09-01T15:20:50.799+0000] {logging_mixin.py:151} INFO - [2023-09-01T15:20:50.799+0000] {dag.py:2907} INFO - Sync 1 DAGs
[2023-09-01T15:20:50.826+0000] {logging_mixin.py:151} INFO - [2023-09-01T15:20:50.826+0000] {dag.py:3677} INFO - Setting next_dagrun for example_branch_operator to 2023-08-31T00:00:00+00:00, run_after=2023-09-01T00:00:00+00:00
[2023-09-01T15:20:50.844+0000] {processor.py:179} INFO - Processing /home/airflow/.local/lib/python3.8/site-packages/airflow/example_dags/example_branch_operator.py took 0.089 seconds
[2023-09-01T15:21:21.349+0000] {processor.py:157} INFO - Started process (PID=3362) to work on /home/airflow/.local/lib/python3.8/site-packages/airflow/example_dags/example_branch_operator.py
[2023-09-01T15:21:21.350+0000] {processor.py:829} INFO - Processing file /home/airflow/.local/lib/python3.8/site-packages/airflow/example_dags/example_branch_operator.py for tasks to queue
[2023-09-01T15:21:21.354+0000] {logging_mixin.py:151} INFO - [2023-09-01T15:21:21.354+0000] {dagbag.py:539} INFO - Filling up the DagBag from /home/airflow/.local/lib/python3.8/site-packages/airflow/example_dags/example_branch_operator.py
[2023-09-01T15:21:21.367+0000] {processor.py:839} INFO - DAG(s) dict_keys(['example_branch_operator']) retrieved from /home/airflow/.local/lib/python3.8/site-packages/airflow/example_dags/example_branch_operator.py
[2023-09-01T15:21:21.398+0000] {logging_mixin.py:151} INFO - [2023-09-01T15:21:21.397+0000] {dag.py:2907} INFO - Sync 1 DAGs
[2023-09-01T15:21:21.427+0000] {logging_mixin.py:151} INFO - [2023-09-01T15:21:21.427+0000] {dag.py:3677} INFO - Setting next_dagrun for example_branch_operator to 2023-08-31T00:00:00+00:00, run_after=2023-09-01T00:00:00+00:00
[2023-09-01T15:21:21.449+0000] {processor.py:179} INFO - Processing /home/airflow/.local/lib/python3.8/site-packages/airflow/example_dags/example_branch_operator.py took 0.105 seconds
