[2023-09-01T14:50:21.874+0000] {processor.py:157} INFO - Started process (PID=62) to work on /home/airflow/.local/lib/python3.8/site-packages/airflow/example_dags/example_sla_dag.py
[2023-09-01T14:50:21.876+0000] {processor.py:829} INFO - Processing file /home/airflow/.local/lib/python3.8/site-packages/airflow/example_dags/example_sla_dag.py for tasks to queue
[2023-09-01T14:50:21.880+0000] {logging_mixin.py:151} INFO - [2023-09-01T14:50:21.880+0000] {dagbag.py:539} INFO - Filling up the DagBag from /home/airflow/.local/lib/python3.8/site-packages/airflow/example_dags/example_sla_dag.py
[2023-09-01T14:50:21.899+0000] {processor.py:839} INFO - DAG(s) dict_keys(['example_sla_dag']) retrieved from /home/airflow/.local/lib/python3.8/site-packages/airflow/example_dags/example_sla_dag.py
[2023-09-01T14:50:22.199+0000] {logging_mixin.py:151} INFO - [2023-09-01T14:50:22.199+0000] {manager.py:501} INFO - Created Permission View: can read on DAG:example_sla_dag
[2023-09-01T14:50:22.215+0000] {logging_mixin.py:151} INFO - [2023-09-01T14:50:22.215+0000] {manager.py:501} INFO - Created Permission View: can edit on DAG:example_sla_dag
[2023-09-01T14:50:22.226+0000] {logging_mixin.py:151} INFO - [2023-09-01T14:50:22.225+0000] {manager.py:501} INFO - Created Permission View: can delete on DAG:example_sla_dag
[2023-09-01T14:50:22.246+0000] {logging_mixin.py:151} INFO - [2023-09-01T14:50:22.245+0000] {dag.py:2907} INFO - Sync 1 DAGs
[2023-09-01T14:50:22.258+0000] {logging_mixin.py:151} INFO - [2023-09-01T14:50:22.258+0000] {dag.py:2929} INFO - Creating ORM DAG for example_sla_dag
[2023-09-01T14:50:22.271+0000] {logging_mixin.py:151} INFO - [2023-09-01T14:50:22.270+0000] {dag.py:3677} INFO - Setting next_dagrun for example_sla_dag to 2023-09-01T14:48:00+00:00, run_after=2023-09-01T14:50:00+00:00
[2023-09-01T14:50:22.290+0000] {processor.py:179} INFO - Processing /home/airflow/.local/lib/python3.8/site-packages/airflow/example_dags/example_sla_dag.py took 0.421 seconds
[2023-09-01T14:50:53.071+0000] {processor.py:157} INFO - Started process (PID=115) to work on /home/airflow/.local/lib/python3.8/site-packages/airflow/example_dags/example_sla_dag.py
[2023-09-01T14:50:53.073+0000] {processor.py:829} INFO - Processing file /home/airflow/.local/lib/python3.8/site-packages/airflow/example_dags/example_sla_dag.py for tasks to queue
[2023-09-01T14:50:53.076+0000] {logging_mixin.py:151} INFO - [2023-09-01T14:50:53.076+0000] {dagbag.py:539} INFO - Filling up the DagBag from /home/airflow/.local/lib/python3.8/site-packages/airflow/example_dags/example_sla_dag.py
[2023-09-01T14:50:53.088+0000] {processor.py:839} INFO - DAG(s) dict_keys(['example_sla_dag']) retrieved from /home/airflow/.local/lib/python3.8/site-packages/airflow/example_dags/example_sla_dag.py
[2023-09-01T14:50:53.113+0000] {logging_mixin.py:151} INFO - [2023-09-01T14:50:53.113+0000] {dag.py:2907} INFO - Sync 1 DAGs
[2023-09-01T14:50:53.144+0000] {logging_mixin.py:151} INFO - [2023-09-01T14:50:53.143+0000] {dag.py:3677} INFO - Setting next_dagrun for example_sla_dag to 2023-09-01T14:48:00+00:00, run_after=2023-09-01T14:50:00+00:00
[2023-09-01T14:50:53.167+0000] {processor.py:179} INFO - Processing /home/airflow/.local/lib/python3.8/site-packages/airflow/example_dags/example_sla_dag.py took 0.100 seconds
[2023-09-01T14:51:23.261+0000] {processor.py:157} INFO - Started process (PID=169) to work on /home/airflow/.local/lib/python3.8/site-packages/airflow/example_dags/example_sla_dag.py
[2023-09-01T14:51:23.263+0000] {processor.py:829} INFO - Processing file /home/airflow/.local/lib/python3.8/site-packages/airflow/example_dags/example_sla_dag.py for tasks to queue
[2023-09-01T14:51:23.268+0000] {logging_mixin.py:151} INFO - [2023-09-01T14:51:23.267+0000] {dagbag.py:539} INFO - Filling up the DagBag from /home/airflow/.local/lib/python3.8/site-packages/airflow/example_dags/example_sla_dag.py
[2023-09-01T14:51:23.282+0000] {processor.py:839} INFO - DAG(s) dict_keys(['example_sla_dag']) retrieved from /home/airflow/.local/lib/python3.8/site-packages/airflow/example_dags/example_sla_dag.py
[2023-09-01T14:51:23.313+0000] {logging_mixin.py:151} INFO - [2023-09-01T14:51:23.313+0000] {dag.py:2907} INFO - Sync 1 DAGs
[2023-09-01T14:51:23.352+0000] {logging_mixin.py:151} INFO - [2023-09-01T14:51:23.352+0000] {dag.py:3677} INFO - Setting next_dagrun for example_sla_dag to 2023-09-01T14:48:00+00:00, run_after=2023-09-01T14:50:00+00:00
[2023-09-01T14:51:23.380+0000] {processor.py:179} INFO - Processing /home/airflow/.local/lib/python3.8/site-packages/airflow/example_dags/example_sla_dag.py took 0.125 seconds
[2023-09-01T14:51:54.125+0000] {processor.py:157} INFO - Started process (PID=223) to work on /home/airflow/.local/lib/python3.8/site-packages/airflow/example_dags/example_sla_dag.py
[2023-09-01T14:51:54.126+0000] {processor.py:829} INFO - Processing file /home/airflow/.local/lib/python3.8/site-packages/airflow/example_dags/example_sla_dag.py for tasks to queue
[2023-09-01T14:51:54.129+0000] {logging_mixin.py:151} INFO - [2023-09-01T14:51:54.129+0000] {dagbag.py:539} INFO - Filling up the DagBag from /home/airflow/.local/lib/python3.8/site-packages/airflow/example_dags/example_sla_dag.py
[2023-09-01T14:51:54.140+0000] {processor.py:839} INFO - DAG(s) dict_keys(['example_sla_dag']) retrieved from /home/airflow/.local/lib/python3.8/site-packages/airflow/example_dags/example_sla_dag.py
[2023-09-01T14:51:54.163+0000] {logging_mixin.py:151} INFO - [2023-09-01T14:51:54.163+0000] {dag.py:2907} INFO - Sync 1 DAGs
[2023-09-01T14:51:54.191+0000] {logging_mixin.py:151} INFO - [2023-09-01T14:51:54.191+0000] {dag.py:3677} INFO - Setting next_dagrun for example_sla_dag to 2023-09-01T14:48:00+00:00, run_after=2023-09-01T14:50:00+00:00
[2023-09-01T14:51:54.211+0000] {processor.py:179} INFO - Processing /home/airflow/.local/lib/python3.8/site-packages/airflow/example_dags/example_sla_dag.py took 0.090 seconds
[2023-09-01T14:52:24.315+0000] {processor.py:157} INFO - Started process (PID=277) to work on /home/airflow/.local/lib/python3.8/site-packages/airflow/example_dags/example_sla_dag.py
[2023-09-01T14:52:24.317+0000] {processor.py:829} INFO - Processing file /home/airflow/.local/lib/python3.8/site-packages/airflow/example_dags/example_sla_dag.py for tasks to queue
[2023-09-01T14:52:24.321+0000] {logging_mixin.py:151} INFO - [2023-09-01T14:52:24.320+0000] {dagbag.py:539} INFO - Filling up the DagBag from /home/airflow/.local/lib/python3.8/site-packages/airflow/example_dags/example_sla_dag.py
[2023-09-01T14:52:24.333+0000] {processor.py:839} INFO - DAG(s) dict_keys(['example_sla_dag']) retrieved from /home/airflow/.local/lib/python3.8/site-packages/airflow/example_dags/example_sla_dag.py
[2023-09-01T14:52:24.363+0000] {logging_mixin.py:151} INFO - [2023-09-01T14:52:24.363+0000] {dag.py:2907} INFO - Sync 1 DAGs
[2023-09-01T14:52:24.400+0000] {logging_mixin.py:151} INFO - [2023-09-01T14:52:24.399+0000] {dag.py:3677} INFO - Setting next_dagrun for example_sla_dag to 2023-09-01T14:50:00+00:00, run_after=2023-09-01T14:52:00+00:00
[2023-09-01T14:52:24.425+0000] {processor.py:179} INFO - Processing /home/airflow/.local/lib/python3.8/site-packages/airflow/example_dags/example_sla_dag.py took 0.114 seconds
[2023-09-01T14:52:55.338+0000] {processor.py:157} INFO - Started process (PID=331) to work on /home/airflow/.local/lib/python3.8/site-packages/airflow/example_dags/example_sla_dag.py
[2023-09-01T14:52:55.339+0000] {processor.py:829} INFO - Processing file /home/airflow/.local/lib/python3.8/site-packages/airflow/example_dags/example_sla_dag.py for tasks to queue
[2023-09-01T14:52:55.342+0000] {logging_mixin.py:151} INFO - [2023-09-01T14:52:55.341+0000] {dagbag.py:539} INFO - Filling up the DagBag from /home/airflow/.local/lib/python3.8/site-packages/airflow/example_dags/example_sla_dag.py
[2023-09-01T14:52:55.351+0000] {processor.py:839} INFO - DAG(s) dict_keys(['example_sla_dag']) retrieved from /home/airflow/.local/lib/python3.8/site-packages/airflow/example_dags/example_sla_dag.py
[2023-09-01T14:52:55.374+0000] {logging_mixin.py:151} INFO - [2023-09-01T14:52:55.374+0000] {dag.py:2907} INFO - Sync 1 DAGs
[2023-09-01T14:52:55.400+0000] {logging_mixin.py:151} INFO - [2023-09-01T14:52:55.400+0000] {dag.py:3677} INFO - Setting next_dagrun for example_sla_dag to 2023-09-01T14:50:00+00:00, run_after=2023-09-01T14:52:00+00:00
[2023-09-01T14:52:55.419+0000] {processor.py:179} INFO - Processing /home/airflow/.local/lib/python3.8/site-packages/airflow/example_dags/example_sla_dag.py took 0.086 seconds
[2023-09-01T14:53:25.663+0000] {processor.py:157} INFO - Started process (PID=384) to work on /home/airflow/.local/lib/python3.8/site-packages/airflow/example_dags/example_sla_dag.py
[2023-09-01T14:53:25.665+0000] {processor.py:829} INFO - Processing file /home/airflow/.local/lib/python3.8/site-packages/airflow/example_dags/example_sla_dag.py for tasks to queue
[2023-09-01T14:53:25.670+0000] {logging_mixin.py:151} INFO - [2023-09-01T14:53:25.669+0000] {dagbag.py:539} INFO - Filling up the DagBag from /home/airflow/.local/lib/python3.8/site-packages/airflow/example_dags/example_sla_dag.py
[2023-09-01T14:53:25.683+0000] {processor.py:839} INFO - DAG(s) dict_keys(['example_sla_dag']) retrieved from /home/airflow/.local/lib/python3.8/site-packages/airflow/example_dags/example_sla_dag.py
[2023-09-01T14:53:25.718+0000] {logging_mixin.py:151} INFO - [2023-09-01T14:53:25.717+0000] {dag.py:2907} INFO - Sync 1 DAGs
[2023-09-01T14:53:25.760+0000] {logging_mixin.py:151} INFO - [2023-09-01T14:53:25.759+0000] {dag.py:3677} INFO - Setting next_dagrun for example_sla_dag to 2023-09-01T14:50:00+00:00, run_after=2023-09-01T14:52:00+00:00
[2023-09-01T14:53:25.784+0000] {processor.py:179} INFO - Processing /home/airflow/.local/lib/python3.8/site-packages/airflow/example_dags/example_sla_dag.py took 0.126 seconds
[2023-09-01T14:53:55.894+0000] {processor.py:157} INFO - Started process (PID=439) to work on /home/airflow/.local/lib/python3.8/site-packages/airflow/example_dags/example_sla_dag.py
[2023-09-01T14:53:55.895+0000] {processor.py:829} INFO - Processing file /home/airflow/.local/lib/python3.8/site-packages/airflow/example_dags/example_sla_dag.py for tasks to queue
[2023-09-01T14:53:55.899+0000] {logging_mixin.py:151} INFO - [2023-09-01T14:53:55.898+0000] {dagbag.py:539} INFO - Filling up the DagBag from /home/airflow/.local/lib/python3.8/site-packages/airflow/example_dags/example_sla_dag.py
[2023-09-01T14:53:55.911+0000] {processor.py:839} INFO - DAG(s) dict_keys(['example_sla_dag']) retrieved from /home/airflow/.local/lib/python3.8/site-packages/airflow/example_dags/example_sla_dag.py
[2023-09-01T14:53:55.942+0000] {logging_mixin.py:151} INFO - [2023-09-01T14:53:55.942+0000] {dag.py:2907} INFO - Sync 1 DAGs
[2023-09-01T14:53:55.976+0000] {logging_mixin.py:151} INFO - [2023-09-01T14:53:55.975+0000] {dag.py:3677} INFO - Setting next_dagrun for example_sla_dag to 2023-09-01T14:50:00+00:00, run_after=2023-09-01T14:52:00+00:00
[2023-09-01T14:53:55.998+0000] {processor.py:179} INFO - Processing /home/airflow/.local/lib/python3.8/site-packages/airflow/example_dags/example_sla_dag.py took 0.109 seconds
[2023-09-01T14:54:26.081+0000] {processor.py:157} INFO - Started process (PID=500) to work on /home/airflow/.local/lib/python3.8/site-packages/airflow/example_dags/example_sla_dag.py
[2023-09-01T14:54:26.082+0000] {processor.py:829} INFO - Processing file /home/airflow/.local/lib/python3.8/site-packages/airflow/example_dags/example_sla_dag.py for tasks to queue
[2023-09-01T14:54:26.085+0000] {logging_mixin.py:151} INFO - [2023-09-01T14:54:26.084+0000] {dagbag.py:539} INFO - Filling up the DagBag from /home/airflow/.local/lib/python3.8/site-packages/airflow/example_dags/example_sla_dag.py
[2023-09-01T14:54:26.096+0000] {processor.py:839} INFO - DAG(s) dict_keys(['example_sla_dag']) retrieved from /home/airflow/.local/lib/python3.8/site-packages/airflow/example_dags/example_sla_dag.py
[2023-09-01T14:54:26.121+0000] {logging_mixin.py:151} INFO - [2023-09-01T14:54:26.121+0000] {dag.py:2907} INFO - Sync 1 DAGs
[2023-09-01T14:54:26.149+0000] {logging_mixin.py:151} INFO - [2023-09-01T14:54:26.149+0000] {dag.py:3677} INFO - Setting next_dagrun for example_sla_dag to 2023-09-01T14:52:00+00:00, run_after=2023-09-01T14:54:00+00:00
[2023-09-01T14:54:26.168+0000] {processor.py:179} INFO - Processing /home/airflow/.local/lib/python3.8/site-packages/airflow/example_dags/example_sla_dag.py took 0.092 seconds
[2023-09-01T14:54:56.240+0000] {processor.py:157} INFO - Started process (PID=554) to work on /home/airflow/.local/lib/python3.8/site-packages/airflow/example_dags/example_sla_dag.py
[2023-09-01T14:54:56.242+0000] {processor.py:829} INFO - Processing file /home/airflow/.local/lib/python3.8/site-packages/airflow/example_dags/example_sla_dag.py for tasks to queue
[2023-09-01T14:54:56.245+0000] {logging_mixin.py:151} INFO - [2023-09-01T14:54:56.244+0000] {dagbag.py:539} INFO - Filling up the DagBag from /home/airflow/.local/lib/python3.8/site-packages/airflow/example_dags/example_sla_dag.py
[2023-09-01T14:54:56.257+0000] {processor.py:839} INFO - DAG(s) dict_keys(['example_sla_dag']) retrieved from /home/airflow/.local/lib/python3.8/site-packages/airflow/example_dags/example_sla_dag.py
[2023-09-01T14:54:56.285+0000] {logging_mixin.py:151} INFO - [2023-09-01T14:54:56.285+0000] {dag.py:2907} INFO - Sync 1 DAGs
[2023-09-01T14:54:56.313+0000] {logging_mixin.py:151} INFO - [2023-09-01T14:54:56.313+0000] {dag.py:3677} INFO - Setting next_dagrun for example_sla_dag to 2023-09-01T14:52:00+00:00, run_after=2023-09-01T14:54:00+00:00
[2023-09-01T14:54:56.332+0000] {processor.py:179} INFO - Processing /home/airflow/.local/lib/python3.8/site-packages/airflow/example_dags/example_sla_dag.py took 0.097 seconds
[2023-09-01T14:55:27.220+0000] {processor.py:157} INFO - Started process (PID=608) to work on /home/airflow/.local/lib/python3.8/site-packages/airflow/example_dags/example_sla_dag.py
[2023-09-01T14:55:27.222+0000] {processor.py:829} INFO - Processing file /home/airflow/.local/lib/python3.8/site-packages/airflow/example_dags/example_sla_dag.py for tasks to queue
[2023-09-01T14:55:27.226+0000] {logging_mixin.py:151} INFO - [2023-09-01T14:55:27.226+0000] {dagbag.py:539} INFO - Filling up the DagBag from /home/airflow/.local/lib/python3.8/site-packages/airflow/example_dags/example_sla_dag.py
[2023-09-01T14:55:27.240+0000] {processor.py:839} INFO - DAG(s) dict_keys(['example_sla_dag']) retrieved from /home/airflow/.local/lib/python3.8/site-packages/airflow/example_dags/example_sla_dag.py
[2023-09-01T14:55:27.270+0000] {logging_mixin.py:151} INFO - [2023-09-01T14:55:27.270+0000] {dag.py:2907} INFO - Sync 1 DAGs
[2023-09-01T14:55:27.307+0000] {logging_mixin.py:151} INFO - [2023-09-01T14:55:27.307+0000] {dag.py:3677} INFO - Setting next_dagrun for example_sla_dag to 2023-09-01T14:52:00+00:00, run_after=2023-09-01T14:54:00+00:00
[2023-09-01T14:55:27.331+0000] {processor.py:179} INFO - Processing /home/airflow/.local/lib/python3.8/site-packages/airflow/example_dags/example_sla_dag.py took 0.116 seconds
[2023-09-01T14:55:57.806+0000] {processor.py:157} INFO - Started process (PID=662) to work on /home/airflow/.local/lib/python3.8/site-packages/airflow/example_dags/example_sla_dag.py
[2023-09-01T14:55:57.807+0000] {processor.py:829} INFO - Processing file /home/airflow/.local/lib/python3.8/site-packages/airflow/example_dags/example_sla_dag.py for tasks to queue
[2023-09-01T14:55:57.810+0000] {logging_mixin.py:151} INFO - [2023-09-01T14:55:57.809+0000] {dagbag.py:539} INFO - Filling up the DagBag from /home/airflow/.local/lib/python3.8/site-packages/airflow/example_dags/example_sla_dag.py
[2023-09-01T14:55:57.820+0000] {processor.py:839} INFO - DAG(s) dict_keys(['example_sla_dag']) retrieved from /home/airflow/.local/lib/python3.8/site-packages/airflow/example_dags/example_sla_dag.py
[2023-09-01T14:55:57.844+0000] {logging_mixin.py:151} INFO - [2023-09-01T14:55:57.844+0000] {dag.py:2907} INFO - Sync 1 DAGs
[2023-09-01T14:55:57.873+0000] {logging_mixin.py:151} INFO - [2023-09-01T14:55:57.873+0000] {dag.py:3677} INFO - Setting next_dagrun for example_sla_dag to 2023-09-01T14:52:00+00:00, run_after=2023-09-01T14:54:00+00:00
[2023-09-01T14:55:57.895+0000] {processor.py:179} INFO - Processing /home/airflow/.local/lib/python3.8/site-packages/airflow/example_dags/example_sla_dag.py took 0.094 seconds
[2023-09-01T14:56:28.621+0000] {processor.py:157} INFO - Started process (PID=716) to work on /home/airflow/.local/lib/python3.8/site-packages/airflow/example_dags/example_sla_dag.py
[2023-09-01T14:56:28.623+0000] {processor.py:829} INFO - Processing file /home/airflow/.local/lib/python3.8/site-packages/airflow/example_dags/example_sla_dag.py for tasks to queue
[2023-09-01T14:56:28.626+0000] {logging_mixin.py:151} INFO - [2023-09-01T14:56:28.625+0000] {dagbag.py:539} INFO - Filling up the DagBag from /home/airflow/.local/lib/python3.8/site-packages/airflow/example_dags/example_sla_dag.py
[2023-09-01T14:56:28.638+0000] {processor.py:839} INFO - DAG(s) dict_keys(['example_sla_dag']) retrieved from /home/airflow/.local/lib/python3.8/site-packages/airflow/example_dags/example_sla_dag.py
[2023-09-01T14:56:28.665+0000] {logging_mixin.py:151} INFO - [2023-09-01T14:56:28.665+0000] {dag.py:2907} INFO - Sync 1 DAGs
[2023-09-01T14:56:28.695+0000] {logging_mixin.py:151} INFO - [2023-09-01T14:56:28.695+0000] {dag.py:3677} INFO - Setting next_dagrun for example_sla_dag to 2023-09-01T14:54:00+00:00, run_after=2023-09-01T14:56:00+00:00
[2023-09-01T14:56:28.716+0000] {processor.py:179} INFO - Processing /home/airflow/.local/lib/python3.8/site-packages/airflow/example_dags/example_sla_dag.py took 0.100 seconds
[2023-09-01T14:56:59.402+0000] {processor.py:157} INFO - Started process (PID=770) to work on /home/airflow/.local/lib/python3.8/site-packages/airflow/example_dags/example_sla_dag.py
[2023-09-01T14:56:59.403+0000] {processor.py:829} INFO - Processing file /home/airflow/.local/lib/python3.8/site-packages/airflow/example_dags/example_sla_dag.py for tasks to queue
[2023-09-01T14:56:59.407+0000] {logging_mixin.py:151} INFO - [2023-09-01T14:56:59.406+0000] {dagbag.py:539} INFO - Filling up the DagBag from /home/airflow/.local/lib/python3.8/site-packages/airflow/example_dags/example_sla_dag.py
[2023-09-01T14:56:59.419+0000] {processor.py:839} INFO - DAG(s) dict_keys(['example_sla_dag']) retrieved from /home/airflow/.local/lib/python3.8/site-packages/airflow/example_dags/example_sla_dag.py
[2023-09-01T14:56:59.446+0000] {logging_mixin.py:151} INFO - [2023-09-01T14:56:59.446+0000] {dag.py:2907} INFO - Sync 1 DAGs
[2023-09-01T14:56:59.474+0000] {logging_mixin.py:151} INFO - [2023-09-01T14:56:59.474+0000] {dag.py:3677} INFO - Setting next_dagrun for example_sla_dag to 2023-09-01T14:54:00+00:00, run_after=2023-09-01T14:56:00+00:00
[2023-09-01T14:56:59.493+0000] {processor.py:179} INFO - Processing /home/airflow/.local/lib/python3.8/site-packages/airflow/example_dags/example_sla_dag.py took 0.096 seconds
[2023-09-01T14:57:30.232+0000] {processor.py:157} INFO - Started process (PID=824) to work on /home/airflow/.local/lib/python3.8/site-packages/airflow/example_dags/example_sla_dag.py
[2023-09-01T14:57:30.233+0000] {processor.py:829} INFO - Processing file /home/airflow/.local/lib/python3.8/site-packages/airflow/example_dags/example_sla_dag.py for tasks to queue
[2023-09-01T14:57:30.237+0000] {logging_mixin.py:151} INFO - [2023-09-01T14:57:30.236+0000] {dagbag.py:539} INFO - Filling up the DagBag from /home/airflow/.local/lib/python3.8/site-packages/airflow/example_dags/example_sla_dag.py
[2023-09-01T14:57:30.248+0000] {processor.py:839} INFO - DAG(s) dict_keys(['example_sla_dag']) retrieved from /home/airflow/.local/lib/python3.8/site-packages/airflow/example_dags/example_sla_dag.py
[2023-09-01T14:57:30.274+0000] {logging_mixin.py:151} INFO - [2023-09-01T14:57:30.273+0000] {dag.py:2907} INFO - Sync 1 DAGs
[2023-09-01T14:57:30.300+0000] {logging_mixin.py:151} INFO - [2023-09-01T14:57:30.300+0000] {dag.py:3677} INFO - Setting next_dagrun for example_sla_dag to 2023-09-01T14:54:00+00:00, run_after=2023-09-01T14:56:00+00:00
[2023-09-01T14:57:30.316+0000] {processor.py:179} INFO - Processing /home/airflow/.local/lib/python3.8/site-packages/airflow/example_dags/example_sla_dag.py took 0.088 seconds
[2023-09-01T14:58:00.969+0000] {processor.py:157} INFO - Started process (PID=878) to work on /home/airflow/.local/lib/python3.8/site-packages/airflow/example_dags/example_sla_dag.py
[2023-09-01T14:58:00.971+0000] {processor.py:829} INFO - Processing file /home/airflow/.local/lib/python3.8/site-packages/airflow/example_dags/example_sla_dag.py for tasks to queue
[2023-09-01T14:58:00.974+0000] {logging_mixin.py:151} INFO - [2023-09-01T14:58:00.974+0000] {dagbag.py:539} INFO - Filling up the DagBag from /home/airflow/.local/lib/python3.8/site-packages/airflow/example_dags/example_sla_dag.py
[2023-09-01T14:58:00.987+0000] {processor.py:839} INFO - DAG(s) dict_keys(['example_sla_dag']) retrieved from /home/airflow/.local/lib/python3.8/site-packages/airflow/example_dags/example_sla_dag.py
[2023-09-01T14:58:01.013+0000] {logging_mixin.py:151} INFO - [2023-09-01T14:58:01.012+0000] {dag.py:2907} INFO - Sync 1 DAGs
[2023-09-01T14:58:01.039+0000] {logging_mixin.py:151} INFO - [2023-09-01T14:58:01.039+0000] {dag.py:3677} INFO - Setting next_dagrun for example_sla_dag to 2023-09-01T14:56:00+00:00, run_after=2023-09-01T14:58:00+00:00
[2023-09-01T14:58:01.058+0000] {processor.py:179} INFO - Processing /home/airflow/.local/lib/python3.8/site-packages/airflow/example_dags/example_sla_dag.py took 0.094 seconds
[2023-09-01T14:58:31.835+0000] {processor.py:157} INFO - Started process (PID=932) to work on /home/airflow/.local/lib/python3.8/site-packages/airflow/example_dags/example_sla_dag.py
[2023-09-01T14:58:31.837+0000] {processor.py:829} INFO - Processing file /home/airflow/.local/lib/python3.8/site-packages/airflow/example_dags/example_sla_dag.py for tasks to queue
[2023-09-01T14:58:31.840+0000] {logging_mixin.py:151} INFO - [2023-09-01T14:58:31.840+0000] {dagbag.py:539} INFO - Filling up the DagBag from /home/airflow/.local/lib/python3.8/site-packages/airflow/example_dags/example_sla_dag.py
[2023-09-01T14:58:31.852+0000] {processor.py:839} INFO - DAG(s) dict_keys(['example_sla_dag']) retrieved from /home/airflow/.local/lib/python3.8/site-packages/airflow/example_dags/example_sla_dag.py
[2023-09-01T14:58:31.880+0000] {logging_mixin.py:151} INFO - [2023-09-01T14:58:31.880+0000] {dag.py:2907} INFO - Sync 1 DAGs
[2023-09-01T14:58:31.911+0000] {logging_mixin.py:151} INFO - [2023-09-01T14:58:31.911+0000] {dag.py:3677} INFO - Setting next_dagrun for example_sla_dag to 2023-09-01T14:56:00+00:00, run_after=2023-09-01T14:58:00+00:00
[2023-09-01T14:58:31.930+0000] {processor.py:179} INFO - Processing /home/airflow/.local/lib/python3.8/site-packages/airflow/example_dags/example_sla_dag.py took 0.099 seconds
[2023-09-01T14:59:02.654+0000] {processor.py:157} INFO - Started process (PID=986) to work on /home/airflow/.local/lib/python3.8/site-packages/airflow/example_dags/example_sla_dag.py
[2023-09-01T14:59:02.655+0000] {processor.py:829} INFO - Processing file /home/airflow/.local/lib/python3.8/site-packages/airflow/example_dags/example_sla_dag.py for tasks to queue
[2023-09-01T14:59:02.658+0000] {logging_mixin.py:151} INFO - [2023-09-01T14:59:02.658+0000] {dagbag.py:539} INFO - Filling up the DagBag from /home/airflow/.local/lib/python3.8/site-packages/airflow/example_dags/example_sla_dag.py
[2023-09-01T14:59:02.667+0000] {processor.py:839} INFO - DAG(s) dict_keys(['example_sla_dag']) retrieved from /home/airflow/.local/lib/python3.8/site-packages/airflow/example_dags/example_sla_dag.py
[2023-09-01T14:59:02.688+0000] {logging_mixin.py:151} INFO - [2023-09-01T14:59:02.688+0000] {dag.py:2907} INFO - Sync 1 DAGs
[2023-09-01T14:59:02.716+0000] {logging_mixin.py:151} INFO - [2023-09-01T14:59:02.716+0000] {dag.py:3677} INFO - Setting next_dagrun for example_sla_dag to 2023-09-01T14:56:00+00:00, run_after=2023-09-01T14:58:00+00:00
[2023-09-01T14:59:02.738+0000] {processor.py:179} INFO - Processing /home/airflow/.local/lib/python3.8/site-packages/airflow/example_dags/example_sla_dag.py took 0.087 seconds
[2023-09-01T14:59:33.159+0000] {processor.py:157} INFO - Started process (PID=1040) to work on /home/airflow/.local/lib/python3.8/site-packages/airflow/example_dags/example_sla_dag.py
[2023-09-01T14:59:33.161+0000] {processor.py:829} INFO - Processing file /home/airflow/.local/lib/python3.8/site-packages/airflow/example_dags/example_sla_dag.py for tasks to queue
[2023-09-01T14:59:33.167+0000] {logging_mixin.py:151} INFO - [2023-09-01T14:59:33.166+0000] {dagbag.py:539} INFO - Filling up the DagBag from /home/airflow/.local/lib/python3.8/site-packages/airflow/example_dags/example_sla_dag.py
[2023-09-01T14:59:33.184+0000] {processor.py:839} INFO - DAG(s) dict_keys(['example_sla_dag']) retrieved from /home/airflow/.local/lib/python3.8/site-packages/airflow/example_dags/example_sla_dag.py
[2023-09-01T14:59:33.219+0000] {logging_mixin.py:151} INFO - [2023-09-01T14:59:33.219+0000] {dag.py:2907} INFO - Sync 1 DAGs
[2023-09-01T14:59:33.256+0000] {logging_mixin.py:151} INFO - [2023-09-01T14:59:33.255+0000] {dag.py:3677} INFO - Setting next_dagrun for example_sla_dag to 2023-09-01T14:56:00+00:00, run_after=2023-09-01T14:58:00+00:00
[2023-09-01T14:59:33.278+0000] {processor.py:179} INFO - Processing /home/airflow/.local/lib/python3.8/site-packages/airflow/example_dags/example_sla_dag.py took 0.128 seconds
[2023-09-01T15:00:04.139+0000] {processor.py:157} INFO - Started process (PID=1094) to work on /home/airflow/.local/lib/python3.8/site-packages/airflow/example_dags/example_sla_dag.py
[2023-09-01T15:00:04.140+0000] {processor.py:829} INFO - Processing file /home/airflow/.local/lib/python3.8/site-packages/airflow/example_dags/example_sla_dag.py for tasks to queue
[2023-09-01T15:00:04.143+0000] {logging_mixin.py:151} INFO - [2023-09-01T15:00:04.143+0000] {dagbag.py:539} INFO - Filling up the DagBag from /home/airflow/.local/lib/python3.8/site-packages/airflow/example_dags/example_sla_dag.py
[2023-09-01T15:00:04.154+0000] {processor.py:839} INFO - DAG(s) dict_keys(['example_sla_dag']) retrieved from /home/airflow/.local/lib/python3.8/site-packages/airflow/example_dags/example_sla_dag.py
[2023-09-01T15:00:04.177+0000] {logging_mixin.py:151} INFO - [2023-09-01T15:00:04.177+0000] {dag.py:2907} INFO - Sync 1 DAGs
[2023-09-01T15:00:04.204+0000] {logging_mixin.py:151} INFO - [2023-09-01T15:00:04.204+0000] {dag.py:3677} INFO - Setting next_dagrun for example_sla_dag to 2023-09-01T14:58:00+00:00, run_after=2023-09-01T15:00:00+00:00
[2023-09-01T15:00:04.224+0000] {processor.py:179} INFO - Processing /home/airflow/.local/lib/python3.8/site-packages/airflow/example_dags/example_sla_dag.py took 0.090 seconds
[2023-09-01T15:00:34.928+0000] {processor.py:157} INFO - Started process (PID=1148) to work on /home/airflow/.local/lib/python3.8/site-packages/airflow/example_dags/example_sla_dag.py
[2023-09-01T15:00:34.930+0000] {processor.py:829} INFO - Processing file /home/airflow/.local/lib/python3.8/site-packages/airflow/example_dags/example_sla_dag.py for tasks to queue
[2023-09-01T15:00:34.933+0000] {logging_mixin.py:151} INFO - [2023-09-01T15:00:34.932+0000] {dagbag.py:539} INFO - Filling up the DagBag from /home/airflow/.local/lib/python3.8/site-packages/airflow/example_dags/example_sla_dag.py
[2023-09-01T15:00:34.943+0000] {processor.py:839} INFO - DAG(s) dict_keys(['example_sla_dag']) retrieved from /home/airflow/.local/lib/python3.8/site-packages/airflow/example_dags/example_sla_dag.py
[2023-09-01T15:00:34.971+0000] {logging_mixin.py:151} INFO - [2023-09-01T15:00:34.971+0000] {dag.py:2907} INFO - Sync 1 DAGs
[2023-09-01T15:00:35.006+0000] {logging_mixin.py:151} INFO - [2023-09-01T15:00:35.005+0000] {dag.py:3677} INFO - Setting next_dagrun for example_sla_dag to 2023-09-01T14:58:00+00:00, run_after=2023-09-01T15:00:00+00:00
[2023-09-01T15:00:35.029+0000] {processor.py:179} INFO - Processing /home/airflow/.local/lib/python3.8/site-packages/airflow/example_dags/example_sla_dag.py took 0.105 seconds
[2023-09-01T15:01:05.564+0000] {processor.py:157} INFO - Started process (PID=1202) to work on /home/airflow/.local/lib/python3.8/site-packages/airflow/example_dags/example_sla_dag.py
[2023-09-01T15:01:05.565+0000] {processor.py:829} INFO - Processing file /home/airflow/.local/lib/python3.8/site-packages/airflow/example_dags/example_sla_dag.py for tasks to queue
[2023-09-01T15:01:05.569+0000] {logging_mixin.py:151} INFO - [2023-09-01T15:01:05.568+0000] {dagbag.py:539} INFO - Filling up the DagBag from /home/airflow/.local/lib/python3.8/site-packages/airflow/example_dags/example_sla_dag.py
[2023-09-01T15:01:05.581+0000] {processor.py:839} INFO - DAG(s) dict_keys(['example_sla_dag']) retrieved from /home/airflow/.local/lib/python3.8/site-packages/airflow/example_dags/example_sla_dag.py
[2023-09-01T15:01:05.609+0000] {logging_mixin.py:151} INFO - [2023-09-01T15:01:05.609+0000] {dag.py:2907} INFO - Sync 1 DAGs
[2023-09-01T15:01:05.637+0000] {logging_mixin.py:151} INFO - [2023-09-01T15:01:05.637+0000] {dag.py:3677} INFO - Setting next_dagrun for example_sla_dag to 2023-09-01T14:58:00+00:00, run_after=2023-09-01T15:00:00+00:00
[2023-09-01T15:01:05.656+0000] {processor.py:179} INFO - Processing /home/airflow/.local/lib/python3.8/site-packages/airflow/example_dags/example_sla_dag.py took 0.097 seconds
[2023-09-01T15:01:36.388+0000] {processor.py:157} INFO - Started process (PID=1256) to work on /home/airflow/.local/lib/python3.8/site-packages/airflow/example_dags/example_sla_dag.py
[2023-09-01T15:01:36.390+0000] {processor.py:829} INFO - Processing file /home/airflow/.local/lib/python3.8/site-packages/airflow/example_dags/example_sla_dag.py for tasks to queue
[2023-09-01T15:01:36.393+0000] {logging_mixin.py:151} INFO - [2023-09-01T15:01:36.393+0000] {dagbag.py:539} INFO - Filling up the DagBag from /home/airflow/.local/lib/python3.8/site-packages/airflow/example_dags/example_sla_dag.py
[2023-09-01T15:01:36.406+0000] {processor.py:839} INFO - DAG(s) dict_keys(['example_sla_dag']) retrieved from /home/airflow/.local/lib/python3.8/site-packages/airflow/example_dags/example_sla_dag.py
[2023-09-01T15:01:36.434+0000] {logging_mixin.py:151} INFO - [2023-09-01T15:01:36.434+0000] {dag.py:2907} INFO - Sync 1 DAGs
[2023-09-01T15:01:36.468+0000] {logging_mixin.py:151} INFO - [2023-09-01T15:01:36.468+0000] {dag.py:3677} INFO - Setting next_dagrun for example_sla_dag to 2023-09-01T14:58:00+00:00, run_after=2023-09-01T15:00:00+00:00
[2023-09-01T15:01:36.492+0000] {processor.py:179} INFO - Processing /home/airflow/.local/lib/python3.8/site-packages/airflow/example_dags/example_sla_dag.py took 0.109 seconds
[2023-09-01T15:02:07.046+0000] {processor.py:157} INFO - Started process (PID=1310) to work on /home/airflow/.local/lib/python3.8/site-packages/airflow/example_dags/example_sla_dag.py
[2023-09-01T15:02:07.048+0000] {processor.py:829} INFO - Processing file /home/airflow/.local/lib/python3.8/site-packages/airflow/example_dags/example_sla_dag.py for tasks to queue
[2023-09-01T15:02:07.052+0000] {logging_mixin.py:151} INFO - [2023-09-01T15:02:07.052+0000] {dagbag.py:539} INFO - Filling up the DagBag from /home/airflow/.local/lib/python3.8/site-packages/airflow/example_dags/example_sla_dag.py
[2023-09-01T15:02:07.067+0000] {processor.py:839} INFO - DAG(s) dict_keys(['example_sla_dag']) retrieved from /home/airflow/.local/lib/python3.8/site-packages/airflow/example_dags/example_sla_dag.py
[2023-09-01T15:02:07.101+0000] {logging_mixin.py:151} INFO - [2023-09-01T15:02:07.100+0000] {dag.py:2907} INFO - Sync 1 DAGs
[2023-09-01T15:02:07.145+0000] {logging_mixin.py:151} INFO - [2023-09-01T15:02:07.144+0000] {dag.py:3677} INFO - Setting next_dagrun for example_sla_dag to 2023-09-01T15:00:00+00:00, run_after=2023-09-01T15:02:00+00:00
[2023-09-01T15:02:07.175+0000] {processor.py:179} INFO - Processing /home/airflow/.local/lib/python3.8/site-packages/airflow/example_dags/example_sla_dag.py took 0.135 seconds
[2023-09-01T15:02:37.355+0000] {processor.py:157} INFO - Started process (PID=1364) to work on /home/airflow/.local/lib/python3.8/site-packages/airflow/example_dags/example_sla_dag.py
[2023-09-01T15:02:37.356+0000] {processor.py:829} INFO - Processing file /home/airflow/.local/lib/python3.8/site-packages/airflow/example_dags/example_sla_dag.py for tasks to queue
[2023-09-01T15:02:37.360+0000] {logging_mixin.py:151} INFO - [2023-09-01T15:02:37.359+0000] {dagbag.py:539} INFO - Filling up the DagBag from /home/airflow/.local/lib/python3.8/site-packages/airflow/example_dags/example_sla_dag.py
[2023-09-01T15:02:37.372+0000] {processor.py:839} INFO - DAG(s) dict_keys(['example_sla_dag']) retrieved from /home/airflow/.local/lib/python3.8/site-packages/airflow/example_dags/example_sla_dag.py
[2023-09-01T15:02:37.408+0000] {logging_mixin.py:151} INFO - [2023-09-01T15:02:37.407+0000] {dag.py:2907} INFO - Sync 1 DAGs
[2023-09-01T15:02:37.445+0000] {logging_mixin.py:151} INFO - [2023-09-01T15:02:37.444+0000] {dag.py:3677} INFO - Setting next_dagrun for example_sla_dag to 2023-09-01T15:00:00+00:00, run_after=2023-09-01T15:02:00+00:00
[2023-09-01T15:02:37.474+0000] {processor.py:179} INFO - Processing /home/airflow/.local/lib/python3.8/site-packages/airflow/example_dags/example_sla_dag.py took 0.126 seconds
[2023-09-01T15:03:07.524+0000] {processor.py:157} INFO - Started process (PID=1418) to work on /home/airflow/.local/lib/python3.8/site-packages/airflow/example_dags/example_sla_dag.py
[2023-09-01T15:03:07.526+0000] {processor.py:829} INFO - Processing file /home/airflow/.local/lib/python3.8/site-packages/airflow/example_dags/example_sla_dag.py for tasks to queue
[2023-09-01T15:03:07.530+0000] {logging_mixin.py:151} INFO - [2023-09-01T15:03:07.529+0000] {dagbag.py:539} INFO - Filling up the DagBag from /home/airflow/.local/lib/python3.8/site-packages/airflow/example_dags/example_sla_dag.py
[2023-09-01T15:03:07.543+0000] {processor.py:839} INFO - DAG(s) dict_keys(['example_sla_dag']) retrieved from /home/airflow/.local/lib/python3.8/site-packages/airflow/example_dags/example_sla_dag.py
[2023-09-01T15:03:07.574+0000] {logging_mixin.py:151} INFO - [2023-09-01T15:03:07.574+0000] {dag.py:2907} INFO - Sync 1 DAGs
[2023-09-01T15:03:07.611+0000] {logging_mixin.py:151} INFO - [2023-09-01T15:03:07.611+0000] {dag.py:3677} INFO - Setting next_dagrun for example_sla_dag to 2023-09-01T15:00:00+00:00, run_after=2023-09-01T15:02:00+00:00
[2023-09-01T15:03:07.637+0000] {processor.py:179} INFO - Processing /home/airflow/.local/lib/python3.8/site-packages/airflow/example_dags/example_sla_dag.py took 0.118 seconds
[2023-09-01T15:03:37.913+0000] {processor.py:157} INFO - Started process (PID=1472) to work on /home/airflow/.local/lib/python3.8/site-packages/airflow/example_dags/example_sla_dag.py
[2023-09-01T15:03:37.914+0000] {processor.py:829} INFO - Processing file /home/airflow/.local/lib/python3.8/site-packages/airflow/example_dags/example_sla_dag.py for tasks to queue
[2023-09-01T15:03:37.917+0000] {logging_mixin.py:151} INFO - [2023-09-01T15:03:37.917+0000] {dagbag.py:539} INFO - Filling up the DagBag from /home/airflow/.local/lib/python3.8/site-packages/airflow/example_dags/example_sla_dag.py
[2023-09-01T15:03:37.930+0000] {processor.py:839} INFO - DAG(s) dict_keys(['example_sla_dag']) retrieved from /home/airflow/.local/lib/python3.8/site-packages/airflow/example_dags/example_sla_dag.py
[2023-09-01T15:03:37.960+0000] {logging_mixin.py:151} INFO - [2023-09-01T15:03:37.959+0000] {dag.py:2907} INFO - Sync 1 DAGs
[2023-09-01T15:03:37.995+0000] {logging_mixin.py:151} INFO - [2023-09-01T15:03:37.994+0000] {dag.py:3677} INFO - Setting next_dagrun for example_sla_dag to 2023-09-01T15:00:00+00:00, run_after=2023-09-01T15:02:00+00:00
[2023-09-01T15:03:38.018+0000] {processor.py:179} INFO - Processing /home/airflow/.local/lib/python3.8/site-packages/airflow/example_dags/example_sla_dag.py took 0.111 seconds
[2023-09-01T15:04:08.108+0000] {processor.py:157} INFO - Started process (PID=1526) to work on /home/airflow/.local/lib/python3.8/site-packages/airflow/example_dags/example_sla_dag.py
[2023-09-01T15:04:08.111+0000] {processor.py:829} INFO - Processing file /home/airflow/.local/lib/python3.8/site-packages/airflow/example_dags/example_sla_dag.py for tasks to queue
[2023-09-01T15:04:08.117+0000] {logging_mixin.py:151} INFO - [2023-09-01T15:04:08.116+0000] {dagbag.py:539} INFO - Filling up the DagBag from /home/airflow/.local/lib/python3.8/site-packages/airflow/example_dags/example_sla_dag.py
[2023-09-01T15:04:08.132+0000] {processor.py:839} INFO - DAG(s) dict_keys(['example_sla_dag']) retrieved from /home/airflow/.local/lib/python3.8/site-packages/airflow/example_dags/example_sla_dag.py
[2023-09-01T15:04:08.162+0000] {logging_mixin.py:151} INFO - [2023-09-01T15:04:08.162+0000] {dag.py:2907} INFO - Sync 1 DAGs
[2023-09-01T15:04:08.200+0000] {logging_mixin.py:151} INFO - [2023-09-01T15:04:08.199+0000] {dag.py:3677} INFO - Setting next_dagrun for example_sla_dag to 2023-09-01T15:02:00+00:00, run_after=2023-09-01T15:04:00+00:00
[2023-09-01T15:04:08.232+0000] {processor.py:179} INFO - Processing /home/airflow/.local/lib/python3.8/site-packages/airflow/example_dags/example_sla_dag.py took 0.131 seconds
[2023-09-01T15:04:38.423+0000] {processor.py:157} INFO - Started process (PID=1580) to work on /home/airflow/.local/lib/python3.8/site-packages/airflow/example_dags/example_sla_dag.py
[2023-09-01T15:04:38.424+0000] {processor.py:829} INFO - Processing file /home/airflow/.local/lib/python3.8/site-packages/airflow/example_dags/example_sla_dag.py for tasks to queue
[2023-09-01T15:04:38.427+0000] {logging_mixin.py:151} INFO - [2023-09-01T15:04:38.427+0000] {dagbag.py:539} INFO - Filling up the DagBag from /home/airflow/.local/lib/python3.8/site-packages/airflow/example_dags/example_sla_dag.py
[2023-09-01T15:04:38.436+0000] {processor.py:839} INFO - DAG(s) dict_keys(['example_sla_dag']) retrieved from /home/airflow/.local/lib/python3.8/site-packages/airflow/example_dags/example_sla_dag.py
[2023-09-01T15:04:38.463+0000] {logging_mixin.py:151} INFO - [2023-09-01T15:04:38.463+0000] {dag.py:2907} INFO - Sync 1 DAGs
[2023-09-01T15:04:38.487+0000] {logging_mixin.py:151} INFO - [2023-09-01T15:04:38.487+0000] {dag.py:3677} INFO - Setting next_dagrun for example_sla_dag to 2023-09-01T15:02:00+00:00, run_after=2023-09-01T15:04:00+00:00
[2023-09-01T15:04:38.506+0000] {processor.py:179} INFO - Processing /home/airflow/.local/lib/python3.8/site-packages/airflow/example_dags/example_sla_dag.py took 0.088 seconds
[2023-09-01T15:05:08.560+0000] {processor.py:157} INFO - Started process (PID=1635) to work on /home/airflow/.local/lib/python3.8/site-packages/airflow/example_dags/example_sla_dag.py
[2023-09-01T15:05:08.562+0000] {processor.py:829} INFO - Processing file /home/airflow/.local/lib/python3.8/site-packages/airflow/example_dags/example_sla_dag.py for tasks to queue
[2023-09-01T15:05:08.565+0000] {logging_mixin.py:151} INFO - [2023-09-01T15:05:08.565+0000] {dagbag.py:539} INFO - Filling up the DagBag from /home/airflow/.local/lib/python3.8/site-packages/airflow/example_dags/example_sla_dag.py
[2023-09-01T15:05:08.575+0000] {processor.py:839} INFO - DAG(s) dict_keys(['example_sla_dag']) retrieved from /home/airflow/.local/lib/python3.8/site-packages/airflow/example_dags/example_sla_dag.py
[2023-09-01T15:05:08.600+0000] {logging_mixin.py:151} INFO - [2023-09-01T15:05:08.600+0000] {dag.py:2907} INFO - Sync 1 DAGs
[2023-09-01T15:05:08.628+0000] {logging_mixin.py:151} INFO - [2023-09-01T15:05:08.628+0000] {dag.py:3677} INFO - Setting next_dagrun for example_sla_dag to 2023-09-01T15:02:00+00:00, run_after=2023-09-01T15:04:00+00:00
[2023-09-01T15:05:08.648+0000] {processor.py:179} INFO - Processing /home/airflow/.local/lib/python3.8/site-packages/airflow/example_dags/example_sla_dag.py took 0.092 seconds
[2023-09-01T15:05:38.878+0000] {processor.py:157} INFO - Started process (PID=1689) to work on /home/airflow/.local/lib/python3.8/site-packages/airflow/example_dags/example_sla_dag.py
[2023-09-01T15:05:38.879+0000] {processor.py:829} INFO - Processing file /home/airflow/.local/lib/python3.8/site-packages/airflow/example_dags/example_sla_dag.py for tasks to queue
[2023-09-01T15:05:38.882+0000] {logging_mixin.py:151} INFO - [2023-09-01T15:05:38.882+0000] {dagbag.py:539} INFO - Filling up the DagBag from /home/airflow/.local/lib/python3.8/site-packages/airflow/example_dags/example_sla_dag.py
[2023-09-01T15:05:38.892+0000] {processor.py:839} INFO - DAG(s) dict_keys(['example_sla_dag']) retrieved from /home/airflow/.local/lib/python3.8/site-packages/airflow/example_dags/example_sla_dag.py
[2023-09-01T15:05:38.916+0000] {logging_mixin.py:151} INFO - [2023-09-01T15:05:38.916+0000] {dag.py:2907} INFO - Sync 1 DAGs
[2023-09-01T15:05:38.941+0000] {logging_mixin.py:151} INFO - [2023-09-01T15:05:38.941+0000] {dag.py:3677} INFO - Setting next_dagrun for example_sla_dag to 2023-09-01T15:02:00+00:00, run_after=2023-09-01T15:04:00+00:00
[2023-09-01T15:05:38.961+0000] {processor.py:179} INFO - Processing /home/airflow/.local/lib/python3.8/site-packages/airflow/example_dags/example_sla_dag.py took 0.086 seconds
[2023-09-01T15:06:09.138+0000] {processor.py:157} INFO - Started process (PID=1743) to work on /home/airflow/.local/lib/python3.8/site-packages/airflow/example_dags/example_sla_dag.py
[2023-09-01T15:06:09.139+0000] {processor.py:829} INFO - Processing file /home/airflow/.local/lib/python3.8/site-packages/airflow/example_dags/example_sla_dag.py for tasks to queue
[2023-09-01T15:06:09.142+0000] {logging_mixin.py:151} INFO - [2023-09-01T15:06:09.142+0000] {dagbag.py:539} INFO - Filling up the DagBag from /home/airflow/.local/lib/python3.8/site-packages/airflow/example_dags/example_sla_dag.py
[2023-09-01T15:06:09.152+0000] {processor.py:839} INFO - DAG(s) dict_keys(['example_sla_dag']) retrieved from /home/airflow/.local/lib/python3.8/site-packages/airflow/example_dags/example_sla_dag.py
[2023-09-01T15:06:09.175+0000] {logging_mixin.py:151} INFO - [2023-09-01T15:06:09.175+0000] {dag.py:2907} INFO - Sync 1 DAGs
[2023-09-01T15:06:09.203+0000] {logging_mixin.py:151} INFO - [2023-09-01T15:06:09.202+0000] {dag.py:3677} INFO - Setting next_dagrun for example_sla_dag to 2023-09-01T15:04:00+00:00, run_after=2023-09-01T15:06:00+00:00
[2023-09-01T15:06:09.223+0000] {processor.py:179} INFO - Processing /home/airflow/.local/lib/python3.8/site-packages/airflow/example_dags/example_sla_dag.py took 0.089 seconds
[2023-09-01T15:06:39.332+0000] {processor.py:157} INFO - Started process (PID=1797) to work on /home/airflow/.local/lib/python3.8/site-packages/airflow/example_dags/example_sla_dag.py
[2023-09-01T15:06:39.333+0000] {processor.py:829} INFO - Processing file /home/airflow/.local/lib/python3.8/site-packages/airflow/example_dags/example_sla_dag.py for tasks to queue
[2023-09-01T15:06:39.336+0000] {logging_mixin.py:151} INFO - [2023-09-01T15:06:39.335+0000] {dagbag.py:539} INFO - Filling up the DagBag from /home/airflow/.local/lib/python3.8/site-packages/airflow/example_dags/example_sla_dag.py
[2023-09-01T15:06:39.346+0000] {processor.py:839} INFO - DAG(s) dict_keys(['example_sla_dag']) retrieved from /home/airflow/.local/lib/python3.8/site-packages/airflow/example_dags/example_sla_dag.py
[2023-09-01T15:06:39.369+0000] {logging_mixin.py:151} INFO - [2023-09-01T15:06:39.369+0000] {dag.py:2907} INFO - Sync 1 DAGs
[2023-09-01T15:06:39.397+0000] {logging_mixin.py:151} INFO - [2023-09-01T15:06:39.397+0000] {dag.py:3677} INFO - Setting next_dagrun for example_sla_dag to 2023-09-01T15:04:00+00:00, run_after=2023-09-01T15:06:00+00:00
[2023-09-01T15:06:39.416+0000] {processor.py:179} INFO - Processing /home/airflow/.local/lib/python3.8/site-packages/airflow/example_dags/example_sla_dag.py took 0.089 seconds
[2023-09-01T15:07:09.508+0000] {processor.py:157} INFO - Started process (PID=1851) to work on /home/airflow/.local/lib/python3.8/site-packages/airflow/example_dags/example_sla_dag.py
[2023-09-01T15:07:09.510+0000] {processor.py:829} INFO - Processing file /home/airflow/.local/lib/python3.8/site-packages/airflow/example_dags/example_sla_dag.py for tasks to queue
[2023-09-01T15:07:09.513+0000] {logging_mixin.py:151} INFO - [2023-09-01T15:07:09.513+0000] {dagbag.py:539} INFO - Filling up the DagBag from /home/airflow/.local/lib/python3.8/site-packages/airflow/example_dags/example_sla_dag.py
[2023-09-01T15:07:09.528+0000] {processor.py:839} INFO - DAG(s) dict_keys(['example_sla_dag']) retrieved from /home/airflow/.local/lib/python3.8/site-packages/airflow/example_dags/example_sla_dag.py
[2023-09-01T15:07:09.555+0000] {logging_mixin.py:151} INFO - [2023-09-01T15:07:09.554+0000] {dag.py:2907} INFO - Sync 1 DAGs
[2023-09-01T15:07:09.582+0000] {logging_mixin.py:151} INFO - [2023-09-01T15:07:09.582+0000] {dag.py:3677} INFO - Setting next_dagrun for example_sla_dag to 2023-09-01T15:04:00+00:00, run_after=2023-09-01T15:06:00+00:00
[2023-09-01T15:07:09.601+0000] {processor.py:179} INFO - Processing /home/airflow/.local/lib/python3.8/site-packages/airflow/example_dags/example_sla_dag.py took 0.098 seconds
[2023-09-01T15:07:39.679+0000] {processor.py:157} INFO - Started process (PID=1905) to work on /home/airflow/.local/lib/python3.8/site-packages/airflow/example_dags/example_sla_dag.py
[2023-09-01T15:07:39.680+0000] {processor.py:829} INFO - Processing file /home/airflow/.local/lib/python3.8/site-packages/airflow/example_dags/example_sla_dag.py for tasks to queue
[2023-09-01T15:07:39.684+0000] {logging_mixin.py:151} INFO - [2023-09-01T15:07:39.683+0000] {dagbag.py:539} INFO - Filling up the DagBag from /home/airflow/.local/lib/python3.8/site-packages/airflow/example_dags/example_sla_dag.py
[2023-09-01T15:07:39.696+0000] {processor.py:839} INFO - DAG(s) dict_keys(['example_sla_dag']) retrieved from /home/airflow/.local/lib/python3.8/site-packages/airflow/example_dags/example_sla_dag.py
[2023-09-01T15:07:39.724+0000] {logging_mixin.py:151} INFO - [2023-09-01T15:07:39.723+0000] {dag.py:2907} INFO - Sync 1 DAGs
[2023-09-01T15:07:39.752+0000] {logging_mixin.py:151} INFO - [2023-09-01T15:07:39.752+0000] {dag.py:3677} INFO - Setting next_dagrun for example_sla_dag to 2023-09-01T15:04:00+00:00, run_after=2023-09-01T15:06:00+00:00
[2023-09-01T15:07:39.773+0000] {processor.py:179} INFO - Processing /home/airflow/.local/lib/python3.8/site-packages/airflow/example_dags/example_sla_dag.py took 0.099 seconds
[2023-09-01T15:08:10.038+0000] {processor.py:157} INFO - Started process (PID=1959) to work on /home/airflow/.local/lib/python3.8/site-packages/airflow/example_dags/example_sla_dag.py
[2023-09-01T15:08:10.039+0000] {processor.py:829} INFO - Processing file /home/airflow/.local/lib/python3.8/site-packages/airflow/example_dags/example_sla_dag.py for tasks to queue
[2023-09-01T15:08:10.043+0000] {logging_mixin.py:151} INFO - [2023-09-01T15:08:10.042+0000] {dagbag.py:539} INFO - Filling up the DagBag from /home/airflow/.local/lib/python3.8/site-packages/airflow/example_dags/example_sla_dag.py
[2023-09-01T15:08:10.055+0000] {processor.py:839} INFO - DAG(s) dict_keys(['example_sla_dag']) retrieved from /home/airflow/.local/lib/python3.8/site-packages/airflow/example_dags/example_sla_dag.py
[2023-09-01T15:08:10.083+0000] {logging_mixin.py:151} INFO - [2023-09-01T15:08:10.083+0000] {dag.py:2907} INFO - Sync 1 DAGs
[2023-09-01T15:08:10.116+0000] {logging_mixin.py:151} INFO - [2023-09-01T15:08:10.116+0000] {dag.py:3677} INFO - Setting next_dagrun for example_sla_dag to 2023-09-01T15:06:00+00:00, run_after=2023-09-01T15:08:00+00:00
[2023-09-01T15:08:10.136+0000] {processor.py:179} INFO - Processing /home/airflow/.local/lib/python3.8/site-packages/airflow/example_dags/example_sla_dag.py took 0.103 seconds
[2023-09-01T15:08:40.360+0000] {processor.py:157} INFO - Started process (PID=2013) to work on /home/airflow/.local/lib/python3.8/site-packages/airflow/example_dags/example_sla_dag.py
[2023-09-01T15:08:40.361+0000] {processor.py:829} INFO - Processing file /home/airflow/.local/lib/python3.8/site-packages/airflow/example_dags/example_sla_dag.py for tasks to queue
[2023-09-01T15:08:40.365+0000] {logging_mixin.py:151} INFO - [2023-09-01T15:08:40.364+0000] {dagbag.py:539} INFO - Filling up the DagBag from /home/airflow/.local/lib/python3.8/site-packages/airflow/example_dags/example_sla_dag.py
[2023-09-01T15:08:40.377+0000] {processor.py:839} INFO - DAG(s) dict_keys(['example_sla_dag']) retrieved from /home/airflow/.local/lib/python3.8/site-packages/airflow/example_dags/example_sla_dag.py
[2023-09-01T15:08:40.405+0000] {logging_mixin.py:151} INFO - [2023-09-01T15:08:40.404+0000] {dag.py:2907} INFO - Sync 1 DAGs
[2023-09-01T15:08:40.433+0000] {logging_mixin.py:151} INFO - [2023-09-01T15:08:40.433+0000] {dag.py:3677} INFO - Setting next_dagrun for example_sla_dag to 2023-09-01T15:06:00+00:00, run_after=2023-09-01T15:08:00+00:00
[2023-09-01T15:08:40.452+0000] {processor.py:179} INFO - Processing /home/airflow/.local/lib/python3.8/site-packages/airflow/example_dags/example_sla_dag.py took 0.097 seconds
[2023-09-01T15:09:10.732+0000] {processor.py:157} INFO - Started process (PID=2067) to work on /home/airflow/.local/lib/python3.8/site-packages/airflow/example_dags/example_sla_dag.py
[2023-09-01T15:09:10.734+0000] {processor.py:829} INFO - Processing file /home/airflow/.local/lib/python3.8/site-packages/airflow/example_dags/example_sla_dag.py for tasks to queue
[2023-09-01T15:09:10.736+0000] {logging_mixin.py:151} INFO - [2023-09-01T15:09:10.736+0000] {dagbag.py:539} INFO - Filling up the DagBag from /home/airflow/.local/lib/python3.8/site-packages/airflow/example_dags/example_sla_dag.py
[2023-09-01T15:09:10.747+0000] {processor.py:839} INFO - DAG(s) dict_keys(['example_sla_dag']) retrieved from /home/airflow/.local/lib/python3.8/site-packages/airflow/example_dags/example_sla_dag.py
[2023-09-01T15:09:10.770+0000] {logging_mixin.py:151} INFO - [2023-09-01T15:09:10.770+0000] {dag.py:2907} INFO - Sync 1 DAGs
[2023-09-01T15:09:10.797+0000] {logging_mixin.py:151} INFO - [2023-09-01T15:09:10.797+0000] {dag.py:3677} INFO - Setting next_dagrun for example_sla_dag to 2023-09-01T15:06:00+00:00, run_after=2023-09-01T15:08:00+00:00
[2023-09-01T15:09:10.816+0000] {processor.py:179} INFO - Processing /home/airflow/.local/lib/python3.8/site-packages/airflow/example_dags/example_sla_dag.py took 0.088 seconds
[2023-09-01T15:09:40.868+0000] {processor.py:157} INFO - Started process (PID=2121) to work on /home/airflow/.local/lib/python3.8/site-packages/airflow/example_dags/example_sla_dag.py
[2023-09-01T15:09:40.870+0000] {processor.py:829} INFO - Processing file /home/airflow/.local/lib/python3.8/site-packages/airflow/example_dags/example_sla_dag.py for tasks to queue
[2023-09-01T15:09:40.873+0000] {logging_mixin.py:151} INFO - [2023-09-01T15:09:40.873+0000] {dagbag.py:539} INFO - Filling up the DagBag from /home/airflow/.local/lib/python3.8/site-packages/airflow/example_dags/example_sla_dag.py
[2023-09-01T15:09:40.886+0000] {processor.py:839} INFO - DAG(s) dict_keys(['example_sla_dag']) retrieved from /home/airflow/.local/lib/python3.8/site-packages/airflow/example_dags/example_sla_dag.py
[2023-09-01T15:09:40.914+0000] {logging_mixin.py:151} INFO - [2023-09-01T15:09:40.913+0000] {dag.py:2907} INFO - Sync 1 DAGs
[2023-09-01T15:09:40.945+0000] {logging_mixin.py:151} INFO - [2023-09-01T15:09:40.945+0000] {dag.py:3677} INFO - Setting next_dagrun for example_sla_dag to 2023-09-01T15:06:00+00:00, run_after=2023-09-01T15:08:00+00:00
[2023-09-01T15:09:40.965+0000] {processor.py:179} INFO - Processing /home/airflow/.local/lib/python3.8/site-packages/airflow/example_dags/example_sla_dag.py took 0.102 seconds
[2023-09-01T15:10:11.283+0000] {processor.py:157} INFO - Started process (PID=2175) to work on /home/airflow/.local/lib/python3.8/site-packages/airflow/example_dags/example_sla_dag.py
[2023-09-01T15:10:11.285+0000] {processor.py:829} INFO - Processing file /home/airflow/.local/lib/python3.8/site-packages/airflow/example_dags/example_sla_dag.py for tasks to queue
[2023-09-01T15:10:11.288+0000] {logging_mixin.py:151} INFO - [2023-09-01T15:10:11.288+0000] {dagbag.py:539} INFO - Filling up the DagBag from /home/airflow/.local/lib/python3.8/site-packages/airflow/example_dags/example_sla_dag.py
[2023-09-01T15:10:11.300+0000] {processor.py:839} INFO - DAG(s) dict_keys(['example_sla_dag']) retrieved from /home/airflow/.local/lib/python3.8/site-packages/airflow/example_dags/example_sla_dag.py
[2023-09-01T15:10:11.328+0000] {logging_mixin.py:151} INFO - [2023-09-01T15:10:11.328+0000] {dag.py:2907} INFO - Sync 1 DAGs
[2023-09-01T15:10:11.358+0000] {logging_mixin.py:151} INFO - [2023-09-01T15:10:11.358+0000] {dag.py:3677} INFO - Setting next_dagrun for example_sla_dag to 2023-09-01T15:08:00+00:00, run_after=2023-09-01T15:10:00+00:00
[2023-09-01T15:10:11.378+0000] {processor.py:179} INFO - Processing /home/airflow/.local/lib/python3.8/site-packages/airflow/example_dags/example_sla_dag.py took 0.099 seconds
[2023-09-01T15:10:41.737+0000] {processor.py:157} INFO - Started process (PID=2229) to work on /home/airflow/.local/lib/python3.8/site-packages/airflow/example_dags/example_sla_dag.py
[2023-09-01T15:10:41.738+0000] {processor.py:829} INFO - Processing file /home/airflow/.local/lib/python3.8/site-packages/airflow/example_dags/example_sla_dag.py for tasks to queue
[2023-09-01T15:10:41.742+0000] {logging_mixin.py:151} INFO - [2023-09-01T15:10:41.741+0000] {dagbag.py:539} INFO - Filling up the DagBag from /home/airflow/.local/lib/python3.8/site-packages/airflow/example_dags/example_sla_dag.py
[2023-09-01T15:10:41.754+0000] {processor.py:839} INFO - DAG(s) dict_keys(['example_sla_dag']) retrieved from /home/airflow/.local/lib/python3.8/site-packages/airflow/example_dags/example_sla_dag.py
[2023-09-01T15:10:41.782+0000] {logging_mixin.py:151} INFO - [2023-09-01T15:10:41.782+0000] {dag.py:2907} INFO - Sync 1 DAGs
[2023-09-01T15:10:41.811+0000] {logging_mixin.py:151} INFO - [2023-09-01T15:10:41.811+0000] {dag.py:3677} INFO - Setting next_dagrun for example_sla_dag to 2023-09-01T15:08:00+00:00, run_after=2023-09-01T15:10:00+00:00
[2023-09-01T15:10:41.830+0000] {processor.py:179} INFO - Processing /home/airflow/.local/lib/python3.8/site-packages/airflow/example_dags/example_sla_dag.py took 0.098 seconds
[2023-09-01T15:11:12.171+0000] {processor.py:157} INFO - Started process (PID=2283) to work on /home/airflow/.local/lib/python3.8/site-packages/airflow/example_dags/example_sla_dag.py
[2023-09-01T15:11:12.172+0000] {processor.py:829} INFO - Processing file /home/airflow/.local/lib/python3.8/site-packages/airflow/example_dags/example_sla_dag.py for tasks to queue
[2023-09-01T15:11:12.176+0000] {logging_mixin.py:151} INFO - [2023-09-01T15:11:12.176+0000] {dagbag.py:539} INFO - Filling up the DagBag from /home/airflow/.local/lib/python3.8/site-packages/airflow/example_dags/example_sla_dag.py
[2023-09-01T15:11:12.189+0000] {processor.py:839} INFO - DAG(s) dict_keys(['example_sla_dag']) retrieved from /home/airflow/.local/lib/python3.8/site-packages/airflow/example_dags/example_sla_dag.py
[2023-09-01T15:11:12.219+0000] {logging_mixin.py:151} INFO - [2023-09-01T15:11:12.218+0000] {dag.py:2907} INFO - Sync 1 DAGs
[2023-09-01T15:11:12.254+0000] {logging_mixin.py:151} INFO - [2023-09-01T15:11:12.253+0000] {dag.py:3677} INFO - Setting next_dagrun for example_sla_dag to 2023-09-01T15:08:00+00:00, run_after=2023-09-01T15:10:00+00:00
[2023-09-01T15:11:12.279+0000] {processor.py:179} INFO - Processing /home/airflow/.local/lib/python3.8/site-packages/airflow/example_dags/example_sla_dag.py took 0.113 seconds
[2023-09-01T15:11:42.402+0000] {processor.py:157} INFO - Started process (PID=2337) to work on /home/airflow/.local/lib/python3.8/site-packages/airflow/example_dags/example_sla_dag.py
[2023-09-01T15:11:42.404+0000] {processor.py:829} INFO - Processing file /home/airflow/.local/lib/python3.8/site-packages/airflow/example_dags/example_sla_dag.py for tasks to queue
[2023-09-01T15:11:42.407+0000] {logging_mixin.py:151} INFO - [2023-09-01T15:11:42.407+0000] {dagbag.py:539} INFO - Filling up the DagBag from /home/airflow/.local/lib/python3.8/site-packages/airflow/example_dags/example_sla_dag.py
[2023-09-01T15:11:42.419+0000] {processor.py:839} INFO - DAG(s) dict_keys(['example_sla_dag']) retrieved from /home/airflow/.local/lib/python3.8/site-packages/airflow/example_dags/example_sla_dag.py
[2023-09-01T15:11:42.447+0000] {logging_mixin.py:151} INFO - [2023-09-01T15:11:42.447+0000] {dag.py:2907} INFO - Sync 1 DAGs
[2023-09-01T15:11:42.476+0000] {logging_mixin.py:151} INFO - [2023-09-01T15:11:42.476+0000] {dag.py:3677} INFO - Setting next_dagrun for example_sla_dag to 2023-09-01T15:08:00+00:00, run_after=2023-09-01T15:10:00+00:00
[2023-09-01T15:11:42.496+0000] {processor.py:179} INFO - Processing /home/airflow/.local/lib/python3.8/site-packages/airflow/example_dags/example_sla_dag.py took 0.099 seconds
[2023-09-01T15:12:12.639+0000] {processor.py:157} INFO - Started process (PID=2391) to work on /home/airflow/.local/lib/python3.8/site-packages/airflow/example_dags/example_sla_dag.py
[2023-09-01T15:12:12.641+0000] {processor.py:829} INFO - Processing file /home/airflow/.local/lib/python3.8/site-packages/airflow/example_dags/example_sla_dag.py for tasks to queue
[2023-09-01T15:12:12.644+0000] {logging_mixin.py:151} INFO - [2023-09-01T15:12:12.643+0000] {dagbag.py:539} INFO - Filling up the DagBag from /home/airflow/.local/lib/python3.8/site-packages/airflow/example_dags/example_sla_dag.py
[2023-09-01T15:12:12.655+0000] {processor.py:839} INFO - DAG(s) dict_keys(['example_sla_dag']) retrieved from /home/airflow/.local/lib/python3.8/site-packages/airflow/example_dags/example_sla_dag.py
[2023-09-01T15:12:12.680+0000] {logging_mixin.py:151} INFO - [2023-09-01T15:12:12.680+0000] {dag.py:2907} INFO - Sync 1 DAGs
[2023-09-01T15:12:12.711+0000] {logging_mixin.py:151} INFO - [2023-09-01T15:12:12.711+0000] {dag.py:3677} INFO - Setting next_dagrun for example_sla_dag to 2023-09-01T15:10:00+00:00, run_after=2023-09-01T15:12:00+00:00
[2023-09-01T15:12:12.736+0000] {processor.py:179} INFO - Processing /home/airflow/.local/lib/python3.8/site-packages/airflow/example_dags/example_sla_dag.py took 0.102 seconds
[2023-09-01T15:12:42.766+0000] {processor.py:157} INFO - Started process (PID=2445) to work on /home/airflow/.local/lib/python3.8/site-packages/airflow/example_dags/example_sla_dag.py
[2023-09-01T15:12:42.768+0000] {processor.py:829} INFO - Processing file /home/airflow/.local/lib/python3.8/site-packages/airflow/example_dags/example_sla_dag.py for tasks to queue
[2023-09-01T15:12:42.770+0000] {logging_mixin.py:151} INFO - [2023-09-01T15:12:42.770+0000] {dagbag.py:539} INFO - Filling up the DagBag from /home/airflow/.local/lib/python3.8/site-packages/airflow/example_dags/example_sla_dag.py
[2023-09-01T15:12:42.779+0000] {processor.py:839} INFO - DAG(s) dict_keys(['example_sla_dag']) retrieved from /home/airflow/.local/lib/python3.8/site-packages/airflow/example_dags/example_sla_dag.py
[2023-09-01T15:12:42.801+0000] {logging_mixin.py:151} INFO - [2023-09-01T15:12:42.801+0000] {dag.py:2907} INFO - Sync 1 DAGs
[2023-09-01T15:12:42.826+0000] {logging_mixin.py:151} INFO - [2023-09-01T15:12:42.825+0000] {dag.py:3677} INFO - Setting next_dagrun for example_sla_dag to 2023-09-01T15:10:00+00:00, run_after=2023-09-01T15:12:00+00:00
[2023-09-01T15:12:42.842+0000] {processor.py:179} INFO - Processing /home/airflow/.local/lib/python3.8/site-packages/airflow/example_dags/example_sla_dag.py took 0.079 seconds
[2023-09-01T15:13:13.126+0000] {processor.py:157} INFO - Started process (PID=2499) to work on /home/airflow/.local/lib/python3.8/site-packages/airflow/example_dags/example_sla_dag.py
[2023-09-01T15:13:13.128+0000] {processor.py:829} INFO - Processing file /home/airflow/.local/lib/python3.8/site-packages/airflow/example_dags/example_sla_dag.py for tasks to queue
[2023-09-01T15:13:13.131+0000] {logging_mixin.py:151} INFO - [2023-09-01T15:13:13.130+0000] {dagbag.py:539} INFO - Filling up the DagBag from /home/airflow/.local/lib/python3.8/site-packages/airflow/example_dags/example_sla_dag.py
[2023-09-01T15:13:13.142+0000] {processor.py:839} INFO - DAG(s) dict_keys(['example_sla_dag']) retrieved from /home/airflow/.local/lib/python3.8/site-packages/airflow/example_dags/example_sla_dag.py
[2023-09-01T15:13:13.166+0000] {logging_mixin.py:151} INFO - [2023-09-01T15:13:13.166+0000] {dag.py:2907} INFO - Sync 1 DAGs
[2023-09-01T15:13:13.194+0000] {logging_mixin.py:151} INFO - [2023-09-01T15:13:13.194+0000] {dag.py:3677} INFO - Setting next_dagrun for example_sla_dag to 2023-09-01T15:10:00+00:00, run_after=2023-09-01T15:12:00+00:00
[2023-09-01T15:13:13.213+0000] {processor.py:179} INFO - Processing /home/airflow/.local/lib/python3.8/site-packages/airflow/example_dags/example_sla_dag.py took 0.091 seconds
[2023-09-01T15:13:43.915+0000] {processor.py:157} INFO - Started process (PID=2553) to work on /home/airflow/.local/lib/python3.8/site-packages/airflow/example_dags/example_sla_dag.py
[2023-09-01T15:13:43.917+0000] {processor.py:829} INFO - Processing file /home/airflow/.local/lib/python3.8/site-packages/airflow/example_dags/example_sla_dag.py for tasks to queue
[2023-09-01T15:13:43.920+0000] {logging_mixin.py:151} INFO - [2023-09-01T15:13:43.920+0000] {dagbag.py:539} INFO - Filling up the DagBag from /home/airflow/.local/lib/python3.8/site-packages/airflow/example_dags/example_sla_dag.py
[2023-09-01T15:13:43.930+0000] {processor.py:839} INFO - DAG(s) dict_keys(['example_sla_dag']) retrieved from /home/airflow/.local/lib/python3.8/site-packages/airflow/example_dags/example_sla_dag.py
[2023-09-01T15:13:43.953+0000] {logging_mixin.py:151} INFO - [2023-09-01T15:13:43.953+0000] {dag.py:2907} INFO - Sync 1 DAGs
[2023-09-01T15:13:43.981+0000] {logging_mixin.py:151} INFO - [2023-09-01T15:13:43.981+0000] {dag.py:3677} INFO - Setting next_dagrun for example_sla_dag to 2023-09-01T15:10:00+00:00, run_after=2023-09-01T15:12:00+00:00
[2023-09-01T15:13:44.000+0000] {processor.py:179} INFO - Processing /home/airflow/.local/lib/python3.8/site-packages/airflow/example_dags/example_sla_dag.py took 0.090 seconds
[2023-09-01T15:14:14.052+0000] {processor.py:157} INFO - Started process (PID=2607) to work on /home/airflow/.local/lib/python3.8/site-packages/airflow/example_dags/example_sla_dag.py
[2023-09-01T15:14:14.054+0000] {processor.py:829} INFO - Processing file /home/airflow/.local/lib/python3.8/site-packages/airflow/example_dags/example_sla_dag.py for tasks to queue
[2023-09-01T15:14:14.057+0000] {logging_mixin.py:151} INFO - [2023-09-01T15:14:14.057+0000] {dagbag.py:539} INFO - Filling up the DagBag from /home/airflow/.local/lib/python3.8/site-packages/airflow/example_dags/example_sla_dag.py
[2023-09-01T15:14:14.069+0000] {processor.py:839} INFO - DAG(s) dict_keys(['example_sla_dag']) retrieved from /home/airflow/.local/lib/python3.8/site-packages/airflow/example_dags/example_sla_dag.py
[2023-09-01T15:14:14.097+0000] {logging_mixin.py:151} INFO - [2023-09-01T15:14:14.097+0000] {dag.py:2907} INFO - Sync 1 DAGs
[2023-09-01T15:14:14.126+0000] {logging_mixin.py:151} INFO - [2023-09-01T15:14:14.126+0000] {dag.py:3677} INFO - Setting next_dagrun for example_sla_dag to 2023-09-01T15:12:00+00:00, run_after=2023-09-01T15:14:00+00:00
[2023-09-01T15:14:14.146+0000] {processor.py:179} INFO - Processing /home/airflow/.local/lib/python3.8/site-packages/airflow/example_dags/example_sla_dag.py took 0.098 seconds
[2023-09-01T15:14:45.012+0000] {processor.py:157} INFO - Started process (PID=2661) to work on /home/airflow/.local/lib/python3.8/site-packages/airflow/example_dags/example_sla_dag.py
[2023-09-01T15:14:45.013+0000] {processor.py:829} INFO - Processing file /home/airflow/.local/lib/python3.8/site-packages/airflow/example_dags/example_sla_dag.py for tasks to queue
[2023-09-01T15:14:45.016+0000] {logging_mixin.py:151} INFO - [2023-09-01T15:14:45.015+0000] {dagbag.py:539} INFO - Filling up the DagBag from /home/airflow/.local/lib/python3.8/site-packages/airflow/example_dags/example_sla_dag.py
[2023-09-01T15:14:45.026+0000] {processor.py:839} INFO - DAG(s) dict_keys(['example_sla_dag']) retrieved from /home/airflow/.local/lib/python3.8/site-packages/airflow/example_dags/example_sla_dag.py
[2023-09-01T15:14:45.051+0000] {logging_mixin.py:151} INFO - [2023-09-01T15:14:45.051+0000] {dag.py:2907} INFO - Sync 1 DAGs
[2023-09-01T15:14:45.076+0000] {logging_mixin.py:151} INFO - [2023-09-01T15:14:45.076+0000] {dag.py:3677} INFO - Setting next_dagrun for example_sla_dag to 2023-09-01T15:12:00+00:00, run_after=2023-09-01T15:14:00+00:00
[2023-09-01T15:14:45.093+0000] {processor.py:179} INFO - Processing /home/airflow/.local/lib/python3.8/site-packages/airflow/example_dags/example_sla_dag.py took 0.085 seconds
[2023-09-01T15:15:16.058+0000] {processor.py:157} INFO - Started process (PID=2715) to work on /home/airflow/.local/lib/python3.8/site-packages/airflow/example_dags/example_sla_dag.py
[2023-09-01T15:15:16.060+0000] {processor.py:829} INFO - Processing file /home/airflow/.local/lib/python3.8/site-packages/airflow/example_dags/example_sla_dag.py for tasks to queue
[2023-09-01T15:15:16.063+0000] {logging_mixin.py:151} INFO - [2023-09-01T15:15:16.063+0000] {dagbag.py:539} INFO - Filling up the DagBag from /home/airflow/.local/lib/python3.8/site-packages/airflow/example_dags/example_sla_dag.py
[2023-09-01T15:15:16.075+0000] {processor.py:839} INFO - DAG(s) dict_keys(['example_sla_dag']) retrieved from /home/airflow/.local/lib/python3.8/site-packages/airflow/example_dags/example_sla_dag.py
[2023-09-01T15:15:16.104+0000] {logging_mixin.py:151} INFO - [2023-09-01T15:15:16.103+0000] {dag.py:2907} INFO - Sync 1 DAGs
[2023-09-01T15:15:16.133+0000] {logging_mixin.py:151} INFO - [2023-09-01T15:15:16.133+0000] {dag.py:3677} INFO - Setting next_dagrun for example_sla_dag to 2023-09-01T15:12:00+00:00, run_after=2023-09-01T15:14:00+00:00
[2023-09-01T15:15:16.152+0000] {processor.py:179} INFO - Processing /home/airflow/.local/lib/python3.8/site-packages/airflow/example_dags/example_sla_dag.py took 0.098 seconds
[2023-09-01T15:15:46.371+0000] {processor.py:157} INFO - Started process (PID=2769) to work on /home/airflow/.local/lib/python3.8/site-packages/airflow/example_dags/example_sla_dag.py
[2023-09-01T15:15:46.372+0000] {processor.py:829} INFO - Processing file /home/airflow/.local/lib/python3.8/site-packages/airflow/example_dags/example_sla_dag.py for tasks to queue
[2023-09-01T15:15:46.376+0000] {logging_mixin.py:151} INFO - [2023-09-01T15:15:46.375+0000] {dagbag.py:539} INFO - Filling up the DagBag from /home/airflow/.local/lib/python3.8/site-packages/airflow/example_dags/example_sla_dag.py
[2023-09-01T15:15:46.388+0000] {processor.py:839} INFO - DAG(s) dict_keys(['example_sla_dag']) retrieved from /home/airflow/.local/lib/python3.8/site-packages/airflow/example_dags/example_sla_dag.py
[2023-09-01T15:15:46.415+0000] {logging_mixin.py:151} INFO - [2023-09-01T15:15:46.415+0000] {dag.py:2907} INFO - Sync 1 DAGs
[2023-09-01T15:15:46.444+0000] {logging_mixin.py:151} INFO - [2023-09-01T15:15:46.444+0000] {dag.py:3677} INFO - Setting next_dagrun for example_sla_dag to 2023-09-01T15:12:00+00:00, run_after=2023-09-01T15:14:00+00:00
[2023-09-01T15:15:46.464+0000] {processor.py:179} INFO - Processing /home/airflow/.local/lib/python3.8/site-packages/airflow/example_dags/example_sla_dag.py took 0.098 seconds
[2023-09-01T15:16:16.556+0000] {processor.py:157} INFO - Started process (PID=2823) to work on /home/airflow/.local/lib/python3.8/site-packages/airflow/example_dags/example_sla_dag.py
[2023-09-01T15:16:16.557+0000] {processor.py:829} INFO - Processing file /home/airflow/.local/lib/python3.8/site-packages/airflow/example_dags/example_sla_dag.py for tasks to queue
[2023-09-01T15:16:16.561+0000] {logging_mixin.py:151} INFO - [2023-09-01T15:16:16.560+0000] {dagbag.py:539} INFO - Filling up the DagBag from /home/airflow/.local/lib/python3.8/site-packages/airflow/example_dags/example_sla_dag.py
[2023-09-01T15:16:16.574+0000] {processor.py:839} INFO - DAG(s) dict_keys(['example_sla_dag']) retrieved from /home/airflow/.local/lib/python3.8/site-packages/airflow/example_dags/example_sla_dag.py
[2023-09-01T15:16:16.603+0000] {logging_mixin.py:151} INFO - [2023-09-01T15:16:16.603+0000] {dag.py:2907} INFO - Sync 1 DAGs
[2023-09-01T15:16:16.638+0000] {logging_mixin.py:151} INFO - [2023-09-01T15:16:16.638+0000] {dag.py:3677} INFO - Setting next_dagrun for example_sla_dag to 2023-09-01T15:14:00+00:00, run_after=2023-09-01T15:16:00+00:00
[2023-09-01T15:16:16.662+0000] {processor.py:179} INFO - Processing /home/airflow/.local/lib/python3.8/site-packages/airflow/example_dags/example_sla_dag.py took 0.112 seconds
[2023-09-01T15:16:47.025+0000] {processor.py:157} INFO - Started process (PID=2878) to work on /home/airflow/.local/lib/python3.8/site-packages/airflow/example_dags/example_sla_dag.py
[2023-09-01T15:16:47.027+0000] {processor.py:829} INFO - Processing file /home/airflow/.local/lib/python3.8/site-packages/airflow/example_dags/example_sla_dag.py for tasks to queue
[2023-09-01T15:16:47.031+0000] {logging_mixin.py:151} INFO - [2023-09-01T15:16:47.031+0000] {dagbag.py:539} INFO - Filling up the DagBag from /home/airflow/.local/lib/python3.8/site-packages/airflow/example_dags/example_sla_dag.py
[2023-09-01T15:16:47.044+0000] {processor.py:839} INFO - DAG(s) dict_keys(['example_sla_dag']) retrieved from /home/airflow/.local/lib/python3.8/site-packages/airflow/example_dags/example_sla_dag.py
[2023-09-01T15:16:47.071+0000] {logging_mixin.py:151} INFO - [2023-09-01T15:16:47.071+0000] {dag.py:2907} INFO - Sync 1 DAGs
[2023-09-01T15:16:47.099+0000] {logging_mixin.py:151} INFO - [2023-09-01T15:16:47.099+0000] {dag.py:3677} INFO - Setting next_dagrun for example_sla_dag to 2023-09-01T15:14:00+00:00, run_after=2023-09-01T15:16:00+00:00
[2023-09-01T15:16:47.119+0000] {processor.py:179} INFO - Processing /home/airflow/.local/lib/python3.8/site-packages/airflow/example_dags/example_sla_dag.py took 0.099 seconds
[2023-09-01T15:17:17.580+0000] {processor.py:157} INFO - Started process (PID=2933) to work on /home/airflow/.local/lib/python3.8/site-packages/airflow/example_dags/example_sla_dag.py
[2023-09-01T15:17:17.581+0000] {processor.py:829} INFO - Processing file /home/airflow/.local/lib/python3.8/site-packages/airflow/example_dags/example_sla_dag.py for tasks to queue
[2023-09-01T15:17:17.583+0000] {logging_mixin.py:151} INFO - [2023-09-01T15:17:17.583+0000] {dagbag.py:539} INFO - Filling up the DagBag from /home/airflow/.local/lib/python3.8/site-packages/airflow/example_dags/example_sla_dag.py
[2023-09-01T15:17:17.593+0000] {processor.py:839} INFO - DAG(s) dict_keys(['example_sla_dag']) retrieved from /home/airflow/.local/lib/python3.8/site-packages/airflow/example_dags/example_sla_dag.py
[2023-09-01T15:17:17.617+0000] {logging_mixin.py:151} INFO - [2023-09-01T15:17:17.617+0000] {dag.py:2907} INFO - Sync 1 DAGs
[2023-09-01T15:17:17.644+0000] {logging_mixin.py:151} INFO - [2023-09-01T15:17:17.644+0000] {dag.py:3677} INFO - Setting next_dagrun for example_sla_dag to 2023-09-01T15:14:00+00:00, run_after=2023-09-01T15:16:00+00:00
[2023-09-01T15:17:17.660+0000] {processor.py:179} INFO - Processing /home/airflow/.local/lib/python3.8/site-packages/airflow/example_dags/example_sla_dag.py took 0.085 seconds
[2023-09-01T15:17:47.969+0000] {processor.py:157} INFO - Started process (PID=2987) to work on /home/airflow/.local/lib/python3.8/site-packages/airflow/example_dags/example_sla_dag.py
[2023-09-01T15:17:47.971+0000] {processor.py:829} INFO - Processing file /home/airflow/.local/lib/python3.8/site-packages/airflow/example_dags/example_sla_dag.py for tasks to queue
[2023-09-01T15:17:47.974+0000] {logging_mixin.py:151} INFO - [2023-09-01T15:17:47.973+0000] {dagbag.py:539} INFO - Filling up the DagBag from /home/airflow/.local/lib/python3.8/site-packages/airflow/example_dags/example_sla_dag.py
[2023-09-01T15:17:47.985+0000] {processor.py:839} INFO - DAG(s) dict_keys(['example_sla_dag']) retrieved from /home/airflow/.local/lib/python3.8/site-packages/airflow/example_dags/example_sla_dag.py
[2023-09-01T15:17:48.011+0000] {logging_mixin.py:151} INFO - [2023-09-01T15:17:48.011+0000] {dag.py:2907} INFO - Sync 1 DAGs
[2023-09-01T15:17:48.047+0000] {logging_mixin.py:151} INFO - [2023-09-01T15:17:48.047+0000] {dag.py:3677} INFO - Setting next_dagrun for example_sla_dag to 2023-09-01T15:14:00+00:00, run_after=2023-09-01T15:16:00+00:00
[2023-09-01T15:17:48.069+0000] {processor.py:179} INFO - Processing /home/airflow/.local/lib/python3.8/site-packages/airflow/example_dags/example_sla_dag.py took 0.104 seconds
[2023-09-01T15:18:18.146+0000] {processor.py:157} INFO - Started process (PID=3041) to work on /home/airflow/.local/lib/python3.8/site-packages/airflow/example_dags/example_sla_dag.py
[2023-09-01T15:18:18.148+0000] {processor.py:829} INFO - Processing file /home/airflow/.local/lib/python3.8/site-packages/airflow/example_dags/example_sla_dag.py for tasks to queue
[2023-09-01T15:18:18.150+0000] {logging_mixin.py:151} INFO - [2023-09-01T15:18:18.150+0000] {dagbag.py:539} INFO - Filling up the DagBag from /home/airflow/.local/lib/python3.8/site-packages/airflow/example_dags/example_sla_dag.py
[2023-09-01T15:18:18.161+0000] {processor.py:839} INFO - DAG(s) dict_keys(['example_sla_dag']) retrieved from /home/airflow/.local/lib/python3.8/site-packages/airflow/example_dags/example_sla_dag.py
[2023-09-01T15:18:18.185+0000] {logging_mixin.py:151} INFO - [2023-09-01T15:18:18.184+0000] {dag.py:2907} INFO - Sync 1 DAGs
[2023-09-01T15:18:18.212+0000] {logging_mixin.py:151} INFO - [2023-09-01T15:18:18.211+0000] {dag.py:3677} INFO - Setting next_dagrun for example_sla_dag to 2023-09-01T15:16:00+00:00, run_after=2023-09-01T15:18:00+00:00
[2023-09-01T15:18:18.229+0000] {processor.py:179} INFO - Processing /home/airflow/.local/lib/python3.8/site-packages/airflow/example_dags/example_sla_dag.py took 0.087 seconds
[2023-09-01T15:18:48.773+0000] {processor.py:157} INFO - Started process (PID=3095) to work on /home/airflow/.local/lib/python3.8/site-packages/airflow/example_dags/example_sla_dag.py
[2023-09-01T15:18:48.775+0000] {processor.py:829} INFO - Processing file /home/airflow/.local/lib/python3.8/site-packages/airflow/example_dags/example_sla_dag.py for tasks to queue
[2023-09-01T15:18:48.778+0000] {logging_mixin.py:151} INFO - [2023-09-01T15:18:48.777+0000] {dagbag.py:539} INFO - Filling up the DagBag from /home/airflow/.local/lib/python3.8/site-packages/airflow/example_dags/example_sla_dag.py
[2023-09-01T15:18:48.788+0000] {processor.py:839} INFO - DAG(s) dict_keys(['example_sla_dag']) retrieved from /home/airflow/.local/lib/python3.8/site-packages/airflow/example_dags/example_sla_dag.py
[2023-09-01T15:18:48.811+0000] {logging_mixin.py:151} INFO - [2023-09-01T15:18:48.810+0000] {dag.py:2907} INFO - Sync 1 DAGs
[2023-09-01T15:18:48.838+0000] {logging_mixin.py:151} INFO - [2023-09-01T15:18:48.838+0000] {dag.py:3677} INFO - Setting next_dagrun for example_sla_dag to 2023-09-01T15:16:00+00:00, run_after=2023-09-01T15:18:00+00:00
[2023-09-01T15:18:48.856+0000] {processor.py:179} INFO - Processing /home/airflow/.local/lib/python3.8/site-packages/airflow/example_dags/example_sla_dag.py took 0.087 seconds
[2023-09-01T15:19:19.309+0000] {processor.py:157} INFO - Started process (PID=3149) to work on /home/airflow/.local/lib/python3.8/site-packages/airflow/example_dags/example_sla_dag.py
[2023-09-01T15:19:19.310+0000] {processor.py:829} INFO - Processing file /home/airflow/.local/lib/python3.8/site-packages/airflow/example_dags/example_sla_dag.py for tasks to queue
[2023-09-01T15:19:19.313+0000] {logging_mixin.py:151} INFO - [2023-09-01T15:19:19.313+0000] {dagbag.py:539} INFO - Filling up the DagBag from /home/airflow/.local/lib/python3.8/site-packages/airflow/example_dags/example_sla_dag.py
[2023-09-01T15:19:19.323+0000] {processor.py:839} INFO - DAG(s) dict_keys(['example_sla_dag']) retrieved from /home/airflow/.local/lib/python3.8/site-packages/airflow/example_dags/example_sla_dag.py
[2023-09-01T15:19:19.347+0000] {logging_mixin.py:151} INFO - [2023-09-01T15:19:19.347+0000] {dag.py:2907} INFO - Sync 1 DAGs
[2023-09-01T15:19:19.377+0000] {logging_mixin.py:151} INFO - [2023-09-01T15:19:19.377+0000] {dag.py:3677} INFO - Setting next_dagrun for example_sla_dag to 2023-09-01T15:16:00+00:00, run_after=2023-09-01T15:18:00+00:00
[2023-09-01T15:19:19.401+0000] {processor.py:179} INFO - Processing /home/airflow/.local/lib/python3.8/site-packages/airflow/example_dags/example_sla_dag.py took 0.097 seconds
[2023-09-01T15:19:49.915+0000] {processor.py:157} INFO - Started process (PID=3203) to work on /home/airflow/.local/lib/python3.8/site-packages/airflow/example_dags/example_sla_dag.py
[2023-09-01T15:19:49.916+0000] {processor.py:829} INFO - Processing file /home/airflow/.local/lib/python3.8/site-packages/airflow/example_dags/example_sla_dag.py for tasks to queue
[2023-09-01T15:19:49.919+0000] {logging_mixin.py:151} INFO - [2023-09-01T15:19:49.918+0000] {dagbag.py:539} INFO - Filling up the DagBag from /home/airflow/.local/lib/python3.8/site-packages/airflow/example_dags/example_sla_dag.py
[2023-09-01T15:19:49.929+0000] {processor.py:839} INFO - DAG(s) dict_keys(['example_sla_dag']) retrieved from /home/airflow/.local/lib/python3.8/site-packages/airflow/example_dags/example_sla_dag.py
[2023-09-01T15:19:49.951+0000] {logging_mixin.py:151} INFO - [2023-09-01T15:19:49.951+0000] {dag.py:2907} INFO - Sync 1 DAGs
[2023-09-01T15:19:49.979+0000] {logging_mixin.py:151} INFO - [2023-09-01T15:19:49.979+0000] {dag.py:3677} INFO - Setting next_dagrun for example_sla_dag to 2023-09-01T15:16:00+00:00, run_after=2023-09-01T15:18:00+00:00
[2023-09-01T15:19:49.999+0000] {processor.py:179} INFO - Processing /home/airflow/.local/lib/python3.8/site-packages/airflow/example_dags/example_sla_dag.py took 0.088 seconds
[2023-09-01T15:20:20.359+0000] {processor.py:157} INFO - Started process (PID=3257) to work on /home/airflow/.local/lib/python3.8/site-packages/airflow/example_dags/example_sla_dag.py
[2023-09-01T15:20:20.360+0000] {processor.py:829} INFO - Processing file /home/airflow/.local/lib/python3.8/site-packages/airflow/example_dags/example_sla_dag.py for tasks to queue
[2023-09-01T15:20:20.363+0000] {logging_mixin.py:151} INFO - [2023-09-01T15:20:20.363+0000] {dagbag.py:539} INFO - Filling up the DagBag from /home/airflow/.local/lib/python3.8/site-packages/airflow/example_dags/example_sla_dag.py
[2023-09-01T15:20:20.374+0000] {processor.py:839} INFO - DAG(s) dict_keys(['example_sla_dag']) retrieved from /home/airflow/.local/lib/python3.8/site-packages/airflow/example_dags/example_sla_dag.py
[2023-09-01T15:20:20.397+0000] {logging_mixin.py:151} INFO - [2023-09-01T15:20:20.397+0000] {dag.py:2907} INFO - Sync 1 DAGs
[2023-09-01T15:20:20.425+0000] {logging_mixin.py:151} INFO - [2023-09-01T15:20:20.425+0000] {dag.py:3677} INFO - Setting next_dagrun for example_sla_dag to 2023-09-01T15:18:00+00:00, run_after=2023-09-01T15:20:00+00:00
[2023-09-01T15:20:20.446+0000] {processor.py:179} INFO - Processing /home/airflow/.local/lib/python3.8/site-packages/airflow/example_dags/example_sla_dag.py took 0.092 seconds
[2023-09-01T15:20:50.971+0000] {processor.py:157} INFO - Started process (PID=3311) to work on /home/airflow/.local/lib/python3.8/site-packages/airflow/example_dags/example_sla_dag.py
[2023-09-01T15:20:50.972+0000] {processor.py:829} INFO - Processing file /home/airflow/.local/lib/python3.8/site-packages/airflow/example_dags/example_sla_dag.py for tasks to queue
[2023-09-01T15:20:50.975+0000] {logging_mixin.py:151} INFO - [2023-09-01T15:20:50.975+0000] {dagbag.py:539} INFO - Filling up the DagBag from /home/airflow/.local/lib/python3.8/site-packages/airflow/example_dags/example_sla_dag.py
[2023-09-01T15:20:50.985+0000] {processor.py:839} INFO - DAG(s) dict_keys(['example_sla_dag']) retrieved from /home/airflow/.local/lib/python3.8/site-packages/airflow/example_dags/example_sla_dag.py
[2023-09-01T15:20:51.008+0000] {logging_mixin.py:151} INFO - [2023-09-01T15:20:51.007+0000] {dag.py:2907} INFO - Sync 1 DAGs
[2023-09-01T15:20:51.033+0000] {logging_mixin.py:151} INFO - [2023-09-01T15:20:51.033+0000] {dag.py:3677} INFO - Setting next_dagrun for example_sla_dag to 2023-09-01T15:18:00+00:00, run_after=2023-09-01T15:20:00+00:00
[2023-09-01T15:20:51.049+0000] {processor.py:179} INFO - Processing /home/airflow/.local/lib/python3.8/site-packages/airflow/example_dags/example_sla_dag.py took 0.083 seconds
[2023-09-01T15:21:21.571+0000] {processor.py:157} INFO - Started process (PID=3365) to work on /home/airflow/.local/lib/python3.8/site-packages/airflow/example_dags/example_sla_dag.py
[2023-09-01T15:21:21.572+0000] {processor.py:829} INFO - Processing file /home/airflow/.local/lib/python3.8/site-packages/airflow/example_dags/example_sla_dag.py for tasks to queue
[2023-09-01T15:21:21.575+0000] {logging_mixin.py:151} INFO - [2023-09-01T15:21:21.574+0000] {dagbag.py:539} INFO - Filling up the DagBag from /home/airflow/.local/lib/python3.8/site-packages/airflow/example_dags/example_sla_dag.py
[2023-09-01T15:21:21.585+0000] {processor.py:839} INFO - DAG(s) dict_keys(['example_sla_dag']) retrieved from /home/airflow/.local/lib/python3.8/site-packages/airflow/example_dags/example_sla_dag.py
[2023-09-01T15:21:21.607+0000] {logging_mixin.py:151} INFO - [2023-09-01T15:21:21.607+0000] {dag.py:2907} INFO - Sync 1 DAGs
[2023-09-01T15:21:21.634+0000] {logging_mixin.py:151} INFO - [2023-09-01T15:21:21.634+0000] {dag.py:3677} INFO - Setting next_dagrun for example_sla_dag to 2023-09-01T15:18:00+00:00, run_after=2023-09-01T15:20:00+00:00
[2023-09-01T15:21:21.653+0000] {processor.py:179} INFO - Processing /home/airflow/.local/lib/python3.8/site-packages/airflow/example_dags/example_sla_dag.py took 0.087 seconds
