[2023-09-01T14:50:12.678+0000] {processor.py:157} INFO - Started process (PID=41) to work on /home/airflow/.local/lib/python3.8/site-packages/airflow/example_dags/example_task_group_decorator.py
[2023-09-01T14:50:12.680+0000] {processor.py:829} INFO - Processing file /home/airflow/.local/lib/python3.8/site-packages/airflow/example_dags/example_task_group_decorator.py for tasks to queue
[2023-09-01T14:50:12.685+0000] {logging_mixin.py:151} INFO - [2023-09-01T14:50:12.684+0000] {dagbag.py:539} INFO - Filling up the DagBag from /home/airflow/.local/lib/python3.8/site-packages/airflow/example_dags/example_task_group_decorator.py
[2023-09-01T14:50:12.710+0000] {processor.py:839} INFO - DAG(s) dict_keys(['example_task_group_decorator']) retrieved from /home/airflow/.local/lib/python3.8/site-packages/airflow/example_dags/example_task_group_decorator.py
[2023-09-01T14:50:13.025+0000] {logging_mixin.py:151} INFO - [2023-09-01T14:50:13.025+0000] {manager.py:501} INFO - Created Permission View: can read on DAG:example_task_group_decorator
[2023-09-01T14:50:13.046+0000] {logging_mixin.py:151} INFO - [2023-09-01T14:50:13.045+0000] {manager.py:501} INFO - Created Permission View: can edit on DAG:example_task_group_decorator
[2023-09-01T14:50:13.064+0000] {logging_mixin.py:151} INFO - [2023-09-01T14:50:13.064+0000] {manager.py:501} INFO - Created Permission View: can delete on DAG:example_task_group_decorator
[2023-09-01T14:50:13.092+0000] {logging_mixin.py:151} INFO - [2023-09-01T14:50:13.091+0000] {dag.py:2907} INFO - Sync 1 DAGs
[2023-09-01T14:50:13.110+0000] {logging_mixin.py:151} INFO - [2023-09-01T14:50:13.110+0000] {dag.py:2929} INFO - Creating ORM DAG for example_task_group_decorator
[2023-09-01T14:50:13.128+0000] {logging_mixin.py:151} INFO - [2023-09-01T14:50:13.128+0000] {dag.py:3677} INFO - Setting next_dagrun for example_task_group_decorator to 2023-08-31T14:50:13.127882+00:00, run_after=2023-09-01T14:50:13.127882+00:00
[2023-09-01T14:50:13.177+0000] {processor.py:179} INFO - Processing /home/airflow/.local/lib/python3.8/site-packages/airflow/example_dags/example_task_group_decorator.py took 0.504 seconds
[2023-09-01T14:50:43.381+0000] {processor.py:157} INFO - Started process (PID=94) to work on /home/airflow/.local/lib/python3.8/site-packages/airflow/example_dags/example_task_group_decorator.py
[2023-09-01T14:50:43.383+0000] {processor.py:829} INFO - Processing file /home/airflow/.local/lib/python3.8/site-packages/airflow/example_dags/example_task_group_decorator.py for tasks to queue
[2023-09-01T14:50:43.386+0000] {logging_mixin.py:151} INFO - [2023-09-01T14:50:43.386+0000] {dagbag.py:539} INFO - Filling up the DagBag from /home/airflow/.local/lib/python3.8/site-packages/airflow/example_dags/example_task_group_decorator.py
[2023-09-01T14:50:43.407+0000] {processor.py:839} INFO - DAG(s) dict_keys(['example_task_group_decorator']) retrieved from /home/airflow/.local/lib/python3.8/site-packages/airflow/example_dags/example_task_group_decorator.py
[2023-09-01T14:50:43.439+0000] {logging_mixin.py:151} INFO - [2023-09-01T14:50:43.439+0000] {dag.py:2907} INFO - Sync 1 DAGs
[2023-09-01T14:50:43.469+0000] {logging_mixin.py:151} INFO - [2023-09-01T14:50:43.468+0000] {dag.py:3677} INFO - Setting next_dagrun for example_task_group_decorator to 2023-08-31T14:50:43.468508+00:00, run_after=2023-09-01T14:50:43.468508+00:00
[2023-09-01T14:50:43.488+0000] {processor.py:179} INFO - Processing /home/airflow/.local/lib/python3.8/site-packages/airflow/example_dags/example_task_group_decorator.py took 0.112 seconds
[2023-09-01T14:51:13.547+0000] {processor.py:157} INFO - Started process (PID=148) to work on /home/airflow/.local/lib/python3.8/site-packages/airflow/example_dags/example_task_group_decorator.py
[2023-09-01T14:51:13.548+0000] {processor.py:829} INFO - Processing file /home/airflow/.local/lib/python3.8/site-packages/airflow/example_dags/example_task_group_decorator.py for tasks to queue
[2023-09-01T14:51:13.551+0000] {logging_mixin.py:151} INFO - [2023-09-01T14:51:13.551+0000] {dagbag.py:539} INFO - Filling up the DagBag from /home/airflow/.local/lib/python3.8/site-packages/airflow/example_dags/example_task_group_decorator.py
[2023-09-01T14:51:13.573+0000] {processor.py:839} INFO - DAG(s) dict_keys(['example_task_group_decorator']) retrieved from /home/airflow/.local/lib/python3.8/site-packages/airflow/example_dags/example_task_group_decorator.py
[2023-09-01T14:51:13.605+0000] {logging_mixin.py:151} INFO - [2023-09-01T14:51:13.605+0000] {dag.py:2907} INFO - Sync 1 DAGs
[2023-09-01T14:51:13.635+0000] {logging_mixin.py:151} INFO - [2023-09-01T14:51:13.635+0000] {dag.py:3677} INFO - Setting next_dagrun for example_task_group_decorator to 2023-08-31T14:51:13.634717+00:00, run_after=2023-09-01T14:51:13.634717+00:00
[2023-09-01T14:51:13.661+0000] {processor.py:179} INFO - Processing /home/airflow/.local/lib/python3.8/site-packages/airflow/example_dags/example_task_group_decorator.py took 0.119 seconds
[2023-09-01T14:51:44.020+0000] {processor.py:157} INFO - Started process (PID=202) to work on /home/airflow/.local/lib/python3.8/site-packages/airflow/example_dags/example_task_group_decorator.py
[2023-09-01T14:51:44.022+0000] {processor.py:829} INFO - Processing file /home/airflow/.local/lib/python3.8/site-packages/airflow/example_dags/example_task_group_decorator.py for tasks to queue
[2023-09-01T14:51:44.026+0000] {logging_mixin.py:151} INFO - [2023-09-01T14:51:44.025+0000] {dagbag.py:539} INFO - Filling up the DagBag from /home/airflow/.local/lib/python3.8/site-packages/airflow/example_dags/example_task_group_decorator.py
[2023-09-01T14:51:44.048+0000] {processor.py:839} INFO - DAG(s) dict_keys(['example_task_group_decorator']) retrieved from /home/airflow/.local/lib/python3.8/site-packages/airflow/example_dags/example_task_group_decorator.py
[2023-09-01T14:51:44.081+0000] {logging_mixin.py:151} INFO - [2023-09-01T14:51:44.081+0000] {dag.py:2907} INFO - Sync 1 DAGs
[2023-09-01T14:51:44.113+0000] {logging_mixin.py:151} INFO - [2023-09-01T14:51:44.113+0000] {dag.py:3677} INFO - Setting next_dagrun for example_task_group_decorator to 2023-08-31T14:51:44.112669+00:00, run_after=2023-09-01T14:51:44.112669+00:00
[2023-09-01T14:51:44.138+0000] {processor.py:179} INFO - Processing /home/airflow/.local/lib/python3.8/site-packages/airflow/example_dags/example_task_group_decorator.py took 0.123 seconds
[2023-09-01T14:52:14.229+0000] {processor.py:157} INFO - Started process (PID=256) to work on /home/airflow/.local/lib/python3.8/site-packages/airflow/example_dags/example_task_group_decorator.py
[2023-09-01T14:52:14.230+0000] {processor.py:829} INFO - Processing file /home/airflow/.local/lib/python3.8/site-packages/airflow/example_dags/example_task_group_decorator.py for tasks to queue
[2023-09-01T14:52:14.234+0000] {logging_mixin.py:151} INFO - [2023-09-01T14:52:14.233+0000] {dagbag.py:539} INFO - Filling up the DagBag from /home/airflow/.local/lib/python3.8/site-packages/airflow/example_dags/example_task_group_decorator.py
[2023-09-01T14:52:14.254+0000] {processor.py:839} INFO - DAG(s) dict_keys(['example_task_group_decorator']) retrieved from /home/airflow/.local/lib/python3.8/site-packages/airflow/example_dags/example_task_group_decorator.py
[2023-09-01T14:52:14.289+0000] {logging_mixin.py:151} INFO - [2023-09-01T14:52:14.288+0000] {dag.py:2907} INFO - Sync 1 DAGs
[2023-09-01T14:52:14.319+0000] {logging_mixin.py:151} INFO - [2023-09-01T14:52:14.318+0000] {dag.py:3677} INFO - Setting next_dagrun for example_task_group_decorator to 2023-08-31T14:52:14.318487+00:00, run_after=2023-09-01T14:52:14.318487+00:00
[2023-09-01T14:52:14.343+0000] {processor.py:179} INFO - Processing /home/airflow/.local/lib/python3.8/site-packages/airflow/example_dags/example_task_group_decorator.py took 0.120 seconds
[2023-09-01T14:52:45.346+0000] {processor.py:157} INFO - Started process (PID=310) to work on /home/airflow/.local/lib/python3.8/site-packages/airflow/example_dags/example_task_group_decorator.py
[2023-09-01T14:52:45.347+0000] {processor.py:829} INFO - Processing file /home/airflow/.local/lib/python3.8/site-packages/airflow/example_dags/example_task_group_decorator.py for tasks to queue
[2023-09-01T14:52:45.350+0000] {logging_mixin.py:151} INFO - [2023-09-01T14:52:45.350+0000] {dagbag.py:539} INFO - Filling up the DagBag from /home/airflow/.local/lib/python3.8/site-packages/airflow/example_dags/example_task_group_decorator.py
[2023-09-01T14:52:45.366+0000] {processor.py:839} INFO - DAG(s) dict_keys(['example_task_group_decorator']) retrieved from /home/airflow/.local/lib/python3.8/site-packages/airflow/example_dags/example_task_group_decorator.py
[2023-09-01T14:52:45.393+0000] {logging_mixin.py:151} INFO - [2023-09-01T14:52:45.393+0000] {dag.py:2907} INFO - Sync 1 DAGs
[2023-09-01T14:52:45.417+0000] {logging_mixin.py:151} INFO - [2023-09-01T14:52:45.417+0000] {dag.py:3677} INFO - Setting next_dagrun for example_task_group_decorator to 2023-08-31T14:52:45.416944+00:00, run_after=2023-09-01T14:52:45.416944+00:00
[2023-09-01T14:52:45.436+0000] {processor.py:179} INFO - Processing /home/airflow/.local/lib/python3.8/site-packages/airflow/example_dags/example_task_group_decorator.py took 0.093 seconds
[2023-09-01T14:53:15.474+0000] {processor.py:157} INFO - Started process (PID=364) to work on /home/airflow/.local/lib/python3.8/site-packages/airflow/example_dags/example_task_group_decorator.py
[2023-09-01T14:53:15.476+0000] {processor.py:829} INFO - Processing file /home/airflow/.local/lib/python3.8/site-packages/airflow/example_dags/example_task_group_decorator.py for tasks to queue
[2023-09-01T14:53:15.480+0000] {logging_mixin.py:151} INFO - [2023-09-01T14:53:15.479+0000] {dagbag.py:539} INFO - Filling up the DagBag from /home/airflow/.local/lib/python3.8/site-packages/airflow/example_dags/example_task_group_decorator.py
[2023-09-01T14:53:15.497+0000] {processor.py:839} INFO - DAG(s) dict_keys(['example_task_group_decorator']) retrieved from /home/airflow/.local/lib/python3.8/site-packages/airflow/example_dags/example_task_group_decorator.py
[2023-09-01T14:53:15.524+0000] {logging_mixin.py:151} INFO - [2023-09-01T14:53:15.524+0000] {dag.py:2907} INFO - Sync 1 DAGs
[2023-09-01T14:53:15.551+0000] {logging_mixin.py:151} INFO - [2023-09-01T14:53:15.550+0000] {dag.py:3677} INFO - Setting next_dagrun for example_task_group_decorator to 2023-08-31T14:53:15.550609+00:00, run_after=2023-09-01T14:53:15.550609+00:00
[2023-09-01T14:53:15.572+0000] {processor.py:179} INFO - Processing /home/airflow/.local/lib/python3.8/site-packages/airflow/example_dags/example_task_group_decorator.py took 0.102 seconds
[2023-09-01T14:53:45.847+0000] {processor.py:157} INFO - Started process (PID=419) to work on /home/airflow/.local/lib/python3.8/site-packages/airflow/example_dags/example_task_group_decorator.py
[2023-09-01T14:53:45.849+0000] {processor.py:829} INFO - Processing file /home/airflow/.local/lib/python3.8/site-packages/airflow/example_dags/example_task_group_decorator.py for tasks to queue
[2023-09-01T14:53:45.852+0000] {logging_mixin.py:151} INFO - [2023-09-01T14:53:45.852+0000] {dagbag.py:539} INFO - Filling up the DagBag from /home/airflow/.local/lib/python3.8/site-packages/airflow/example_dags/example_task_group_decorator.py
[2023-09-01T14:53:45.872+0000] {processor.py:839} INFO - DAG(s) dict_keys(['example_task_group_decorator']) retrieved from /home/airflow/.local/lib/python3.8/site-packages/airflow/example_dags/example_task_group_decorator.py
[2023-09-01T14:53:45.901+0000] {logging_mixin.py:151} INFO - [2023-09-01T14:53:45.900+0000] {dag.py:2907} INFO - Sync 1 DAGs
[2023-09-01T14:53:45.924+0000] {logging_mixin.py:151} INFO - [2023-09-01T14:53:45.923+0000] {dag.py:3677} INFO - Setting next_dagrun for example_task_group_decorator to 2023-08-31T14:53:45.923502+00:00, run_after=2023-09-01T14:53:45.923502+00:00
[2023-09-01T14:53:45.942+0000] {processor.py:179} INFO - Processing /home/airflow/.local/lib/python3.8/site-packages/airflow/example_dags/example_task_group_decorator.py took 0.100 seconds
[2023-09-01T14:54:15.973+0000] {processor.py:157} INFO - Started process (PID=473) to work on /home/airflow/.local/lib/python3.8/site-packages/airflow/example_dags/example_task_group_decorator.py
[2023-09-01T14:54:15.974+0000] {processor.py:829} INFO - Processing file /home/airflow/.local/lib/python3.8/site-packages/airflow/example_dags/example_task_group_decorator.py for tasks to queue
[2023-09-01T14:54:15.978+0000] {logging_mixin.py:151} INFO - [2023-09-01T14:54:15.977+0000] {dagbag.py:539} INFO - Filling up the DagBag from /home/airflow/.local/lib/python3.8/site-packages/airflow/example_dags/example_task_group_decorator.py
[2023-09-01T14:54:15.998+0000] {processor.py:839} INFO - DAG(s) dict_keys(['example_task_group_decorator']) retrieved from /home/airflow/.local/lib/python3.8/site-packages/airflow/example_dags/example_task_group_decorator.py
[2023-09-01T14:54:16.028+0000] {logging_mixin.py:151} INFO - [2023-09-01T14:54:16.028+0000] {dag.py:2907} INFO - Sync 1 DAGs
[2023-09-01T14:54:16.051+0000] {logging_mixin.py:151} INFO - [2023-09-01T14:54:16.050+0000] {dag.py:3677} INFO - Setting next_dagrun for example_task_group_decorator to 2023-08-31T14:54:16.050710+00:00, run_after=2023-09-01T14:54:16.050710+00:00
[2023-09-01T14:54:16.071+0000] {processor.py:179} INFO - Processing /home/airflow/.local/lib/python3.8/site-packages/airflow/example_dags/example_task_group_decorator.py took 0.103 seconds
[2023-09-01T14:54:46.332+0000] {processor.py:157} INFO - Started process (PID=527) to work on /home/airflow/.local/lib/python3.8/site-packages/airflow/example_dags/example_task_group_decorator.py
[2023-09-01T14:54:46.334+0000] {processor.py:829} INFO - Processing file /home/airflow/.local/lib/python3.8/site-packages/airflow/example_dags/example_task_group_decorator.py for tasks to queue
[2023-09-01T14:54:46.337+0000] {logging_mixin.py:151} INFO - [2023-09-01T14:54:46.337+0000] {dagbag.py:539} INFO - Filling up the DagBag from /home/airflow/.local/lib/python3.8/site-packages/airflow/example_dags/example_task_group_decorator.py
[2023-09-01T14:54:46.355+0000] {processor.py:839} INFO - DAG(s) dict_keys(['example_task_group_decorator']) retrieved from /home/airflow/.local/lib/python3.8/site-packages/airflow/example_dags/example_task_group_decorator.py
[2023-09-01T14:54:46.381+0000] {logging_mixin.py:151} INFO - [2023-09-01T14:54:46.381+0000] {dag.py:2907} INFO - Sync 1 DAGs
[2023-09-01T14:54:46.405+0000] {logging_mixin.py:151} INFO - [2023-09-01T14:54:46.404+0000] {dag.py:3677} INFO - Setting next_dagrun for example_task_group_decorator to 2023-08-31T14:54:46.404682+00:00, run_after=2023-09-01T14:54:46.404682+00:00
[2023-09-01T14:54:46.423+0000] {processor.py:179} INFO - Processing /home/airflow/.local/lib/python3.8/site-packages/airflow/example_dags/example_task_group_decorator.py took 0.095 seconds
[2023-09-01T14:55:17.289+0000] {processor.py:157} INFO - Started process (PID=581) to work on /home/airflow/.local/lib/python3.8/site-packages/airflow/example_dags/example_task_group_decorator.py
[2023-09-01T14:55:17.290+0000] {processor.py:829} INFO - Processing file /home/airflow/.local/lib/python3.8/site-packages/airflow/example_dags/example_task_group_decorator.py for tasks to queue
[2023-09-01T14:55:17.295+0000] {logging_mixin.py:151} INFO - [2023-09-01T14:55:17.294+0000] {dagbag.py:539} INFO - Filling up the DagBag from /home/airflow/.local/lib/python3.8/site-packages/airflow/example_dags/example_task_group_decorator.py
[2023-09-01T14:55:17.315+0000] {processor.py:839} INFO - DAG(s) dict_keys(['example_task_group_decorator']) retrieved from /home/airflow/.local/lib/python3.8/site-packages/airflow/example_dags/example_task_group_decorator.py
[2023-09-01T14:55:17.344+0000] {logging_mixin.py:151} INFO - [2023-09-01T14:55:17.344+0000] {dag.py:2907} INFO - Sync 1 DAGs
[2023-09-01T14:55:17.368+0000] {logging_mixin.py:151} INFO - [2023-09-01T14:55:17.368+0000] {dag.py:3677} INFO - Setting next_dagrun for example_task_group_decorator to 2023-08-31T14:55:17.367767+00:00, run_after=2023-09-01T14:55:17.367767+00:00
[2023-09-01T14:55:17.388+0000] {processor.py:179} INFO - Processing /home/airflow/.local/lib/python3.8/site-packages/airflow/example_dags/example_task_group_decorator.py took 0.105 seconds
[2023-09-01T14:55:47.879+0000] {processor.py:157} INFO - Started process (PID=635) to work on /home/airflow/.local/lib/python3.8/site-packages/airflow/example_dags/example_task_group_decorator.py
[2023-09-01T14:55:47.881+0000] {processor.py:829} INFO - Processing file /home/airflow/.local/lib/python3.8/site-packages/airflow/example_dags/example_task_group_decorator.py for tasks to queue
[2023-09-01T14:55:47.885+0000] {logging_mixin.py:151} INFO - [2023-09-01T14:55:47.885+0000] {dagbag.py:539} INFO - Filling up the DagBag from /home/airflow/.local/lib/python3.8/site-packages/airflow/example_dags/example_task_group_decorator.py
[2023-09-01T14:55:47.905+0000] {processor.py:839} INFO - DAG(s) dict_keys(['example_task_group_decorator']) retrieved from /home/airflow/.local/lib/python3.8/site-packages/airflow/example_dags/example_task_group_decorator.py
[2023-09-01T14:55:47.932+0000] {logging_mixin.py:151} INFO - [2023-09-01T14:55:47.932+0000] {dag.py:2907} INFO - Sync 1 DAGs
[2023-09-01T14:55:47.964+0000] {logging_mixin.py:151} INFO - [2023-09-01T14:55:47.964+0000] {dag.py:3677} INFO - Setting next_dagrun for example_task_group_decorator to 2023-08-31T14:55:47.963851+00:00, run_after=2023-09-01T14:55:47.963851+00:00
[2023-09-01T14:55:47.987+0000] {processor.py:179} INFO - Processing /home/airflow/.local/lib/python3.8/site-packages/airflow/example_dags/example_task_group_decorator.py took 0.113 seconds
[2023-09-01T14:56:18.710+0000] {processor.py:157} INFO - Started process (PID=689) to work on /home/airflow/.local/lib/python3.8/site-packages/airflow/example_dags/example_task_group_decorator.py
[2023-09-01T14:56:18.712+0000] {processor.py:829} INFO - Processing file /home/airflow/.local/lib/python3.8/site-packages/airflow/example_dags/example_task_group_decorator.py for tasks to queue
[2023-09-01T14:56:18.715+0000] {logging_mixin.py:151} INFO - [2023-09-01T14:56:18.714+0000] {dagbag.py:539} INFO - Filling up the DagBag from /home/airflow/.local/lib/python3.8/site-packages/airflow/example_dags/example_task_group_decorator.py
[2023-09-01T14:56:18.732+0000] {processor.py:839} INFO - DAG(s) dict_keys(['example_task_group_decorator']) retrieved from /home/airflow/.local/lib/python3.8/site-packages/airflow/example_dags/example_task_group_decorator.py
[2023-09-01T14:56:18.758+0000] {logging_mixin.py:151} INFO - [2023-09-01T14:56:18.758+0000] {dag.py:2907} INFO - Sync 1 DAGs
[2023-09-01T14:56:18.780+0000] {logging_mixin.py:151} INFO - [2023-09-01T14:56:18.780+0000] {dag.py:3677} INFO - Setting next_dagrun for example_task_group_decorator to 2023-08-31T14:56:18.780089+00:00, run_after=2023-09-01T14:56:18.780089+00:00
[2023-09-01T14:56:18.799+0000] {processor.py:179} INFO - Processing /home/airflow/.local/lib/python3.8/site-packages/airflow/example_dags/example_task_group_decorator.py took 0.093 seconds
[2023-09-01T14:56:49.503+0000] {processor.py:157} INFO - Started process (PID=743) to work on /home/airflow/.local/lib/python3.8/site-packages/airflow/example_dags/example_task_group_decorator.py
[2023-09-01T14:56:49.504+0000] {processor.py:829} INFO - Processing file /home/airflow/.local/lib/python3.8/site-packages/airflow/example_dags/example_task_group_decorator.py for tasks to queue
[2023-09-01T14:56:49.507+0000] {logging_mixin.py:151} INFO - [2023-09-01T14:56:49.507+0000] {dagbag.py:539} INFO - Filling up the DagBag from /home/airflow/.local/lib/python3.8/site-packages/airflow/example_dags/example_task_group_decorator.py
[2023-09-01T14:56:49.524+0000] {processor.py:839} INFO - DAG(s) dict_keys(['example_task_group_decorator']) retrieved from /home/airflow/.local/lib/python3.8/site-packages/airflow/example_dags/example_task_group_decorator.py
[2023-09-01T14:56:49.550+0000] {logging_mixin.py:151} INFO - [2023-09-01T14:56:49.550+0000] {dag.py:2907} INFO - Sync 1 DAGs
[2023-09-01T14:56:49.574+0000] {logging_mixin.py:151} INFO - [2023-09-01T14:56:49.573+0000] {dag.py:3677} INFO - Setting next_dagrun for example_task_group_decorator to 2023-08-31T14:56:49.573580+00:00, run_after=2023-09-01T14:56:49.573580+00:00
[2023-09-01T14:56:49.594+0000] {processor.py:179} INFO - Processing /home/airflow/.local/lib/python3.8/site-packages/airflow/example_dags/example_task_group_decorator.py took 0.095 seconds
[2023-09-01T14:57:20.293+0000] {processor.py:157} INFO - Started process (PID=797) to work on /home/airflow/.local/lib/python3.8/site-packages/airflow/example_dags/example_task_group_decorator.py
[2023-09-01T14:57:20.295+0000] {processor.py:829} INFO - Processing file /home/airflow/.local/lib/python3.8/site-packages/airflow/example_dags/example_task_group_decorator.py for tasks to queue
[2023-09-01T14:57:20.299+0000] {logging_mixin.py:151} INFO - [2023-09-01T14:57:20.299+0000] {dagbag.py:539} INFO - Filling up the DagBag from /home/airflow/.local/lib/python3.8/site-packages/airflow/example_dags/example_task_group_decorator.py
[2023-09-01T14:57:20.318+0000] {processor.py:839} INFO - DAG(s) dict_keys(['example_task_group_decorator']) retrieved from /home/airflow/.local/lib/python3.8/site-packages/airflow/example_dags/example_task_group_decorator.py
[2023-09-01T14:57:20.348+0000] {logging_mixin.py:151} INFO - [2023-09-01T14:57:20.348+0000] {dag.py:2907} INFO - Sync 1 DAGs
[2023-09-01T14:57:20.372+0000] {logging_mixin.py:151} INFO - [2023-09-01T14:57:20.372+0000] {dag.py:3677} INFO - Setting next_dagrun for example_task_group_decorator to 2023-08-31T14:57:20.372126+00:00, run_after=2023-09-01T14:57:20.372126+00:00
[2023-09-01T14:57:20.393+0000] {processor.py:179} INFO - Processing /home/airflow/.local/lib/python3.8/site-packages/airflow/example_dags/example_task_group_decorator.py took 0.106 seconds
[2023-09-01T14:57:51.051+0000] {processor.py:157} INFO - Started process (PID=851) to work on /home/airflow/.local/lib/python3.8/site-packages/airflow/example_dags/example_task_group_decorator.py
[2023-09-01T14:57:51.053+0000] {processor.py:829} INFO - Processing file /home/airflow/.local/lib/python3.8/site-packages/airflow/example_dags/example_task_group_decorator.py for tasks to queue
[2023-09-01T14:57:51.056+0000] {logging_mixin.py:151} INFO - [2023-09-01T14:57:51.056+0000] {dagbag.py:539} INFO - Filling up the DagBag from /home/airflow/.local/lib/python3.8/site-packages/airflow/example_dags/example_task_group_decorator.py
[2023-09-01T14:57:51.076+0000] {processor.py:839} INFO - DAG(s) dict_keys(['example_task_group_decorator']) retrieved from /home/airflow/.local/lib/python3.8/site-packages/airflow/example_dags/example_task_group_decorator.py
[2023-09-01T14:57:51.105+0000] {logging_mixin.py:151} INFO - [2023-09-01T14:57:51.104+0000] {dag.py:2907} INFO - Sync 1 DAGs
[2023-09-01T14:57:51.128+0000] {logging_mixin.py:151} INFO - [2023-09-01T14:57:51.128+0000] {dag.py:3677} INFO - Setting next_dagrun for example_task_group_decorator to 2023-08-31T14:57:51.128486+00:00, run_after=2023-09-01T14:57:51.128486+00:00
[2023-09-01T14:57:51.147+0000] {processor.py:179} INFO - Processing /home/airflow/.local/lib/python3.8/site-packages/airflow/example_dags/example_task_group_decorator.py took 0.101 seconds
[2023-09-01T14:58:21.834+0000] {processor.py:157} INFO - Started process (PID=905) to work on /home/airflow/.local/lib/python3.8/site-packages/airflow/example_dags/example_task_group_decorator.py
[2023-09-01T14:58:21.835+0000] {processor.py:829} INFO - Processing file /home/airflow/.local/lib/python3.8/site-packages/airflow/example_dags/example_task_group_decorator.py for tasks to queue
[2023-09-01T14:58:21.839+0000] {logging_mixin.py:151} INFO - [2023-09-01T14:58:21.838+0000] {dagbag.py:539} INFO - Filling up the DagBag from /home/airflow/.local/lib/python3.8/site-packages/airflow/example_dags/example_task_group_decorator.py
[2023-09-01T14:58:21.858+0000] {processor.py:839} INFO - DAG(s) dict_keys(['example_task_group_decorator']) retrieved from /home/airflow/.local/lib/python3.8/site-packages/airflow/example_dags/example_task_group_decorator.py
[2023-09-01T14:58:21.888+0000] {logging_mixin.py:151} INFO - [2023-09-01T14:58:21.888+0000] {dag.py:2907} INFO - Sync 1 DAGs
[2023-09-01T14:58:21.911+0000] {logging_mixin.py:151} INFO - [2023-09-01T14:58:21.911+0000] {dag.py:3677} INFO - Setting next_dagrun for example_task_group_decorator to 2023-08-31T14:58:21.911304+00:00, run_after=2023-09-01T14:58:21.911304+00:00
[2023-09-01T14:58:21.931+0000] {processor.py:179} INFO - Processing /home/airflow/.local/lib/python3.8/site-packages/airflow/example_dags/example_task_group_decorator.py took 0.102 seconds
[2023-09-01T14:58:52.745+0000] {processor.py:157} INFO - Started process (PID=959) to work on /home/airflow/.local/lib/python3.8/site-packages/airflow/example_dags/example_task_group_decorator.py
[2023-09-01T14:58:52.747+0000] {processor.py:829} INFO - Processing file /home/airflow/.local/lib/python3.8/site-packages/airflow/example_dags/example_task_group_decorator.py for tasks to queue
[2023-09-01T14:58:52.750+0000] {logging_mixin.py:151} INFO - [2023-09-01T14:58:52.750+0000] {dagbag.py:539} INFO - Filling up the DagBag from /home/airflow/.local/lib/python3.8/site-packages/airflow/example_dags/example_task_group_decorator.py
[2023-09-01T14:58:52.770+0000] {processor.py:839} INFO - DAG(s) dict_keys(['example_task_group_decorator']) retrieved from /home/airflow/.local/lib/python3.8/site-packages/airflow/example_dags/example_task_group_decorator.py
[2023-09-01T14:58:52.798+0000] {logging_mixin.py:151} INFO - [2023-09-01T14:58:52.798+0000] {dag.py:2907} INFO - Sync 1 DAGs
[2023-09-01T14:58:52.821+0000] {logging_mixin.py:151} INFO - [2023-09-01T14:58:52.821+0000] {dag.py:3677} INFO - Setting next_dagrun for example_task_group_decorator to 2023-08-31T14:58:52.820732+00:00, run_after=2023-09-01T14:58:52.820732+00:00
[2023-09-01T14:58:52.841+0000] {processor.py:179} INFO - Processing /home/airflow/.local/lib/python3.8/site-packages/airflow/example_dags/example_task_group_decorator.py took 0.101 seconds
[2023-09-01T14:59:23.242+0000] {processor.py:157} INFO - Started process (PID=1013) to work on /home/airflow/.local/lib/python3.8/site-packages/airflow/example_dags/example_task_group_decorator.py
[2023-09-01T14:59:23.244+0000] {processor.py:829} INFO - Processing file /home/airflow/.local/lib/python3.8/site-packages/airflow/example_dags/example_task_group_decorator.py for tasks to queue
[2023-09-01T14:59:23.247+0000] {logging_mixin.py:151} INFO - [2023-09-01T14:59:23.247+0000] {dagbag.py:539} INFO - Filling up the DagBag from /home/airflow/.local/lib/python3.8/site-packages/airflow/example_dags/example_task_group_decorator.py
[2023-09-01T14:59:23.267+0000] {processor.py:839} INFO - DAG(s) dict_keys(['example_task_group_decorator']) retrieved from /home/airflow/.local/lib/python3.8/site-packages/airflow/example_dags/example_task_group_decorator.py
[2023-09-01T14:59:23.294+0000] {logging_mixin.py:151} INFO - [2023-09-01T14:59:23.294+0000] {dag.py:2907} INFO - Sync 1 DAGs
[2023-09-01T14:59:23.318+0000] {logging_mixin.py:151} INFO - [2023-09-01T14:59:23.317+0000] {dag.py:3677} INFO - Setting next_dagrun for example_task_group_decorator to 2023-08-31T14:59:23.317735+00:00, run_after=2023-09-01T14:59:23.317735+00:00
[2023-09-01T14:59:23.334+0000] {processor.py:179} INFO - Processing /home/airflow/.local/lib/python3.8/site-packages/airflow/example_dags/example_task_group_decorator.py took 0.098 seconds
[2023-09-01T14:59:54.191+0000] {processor.py:157} INFO - Started process (PID=1067) to work on /home/airflow/.local/lib/python3.8/site-packages/airflow/example_dags/example_task_group_decorator.py
[2023-09-01T14:59:54.193+0000] {processor.py:829} INFO - Processing file /home/airflow/.local/lib/python3.8/site-packages/airflow/example_dags/example_task_group_decorator.py for tasks to queue
[2023-09-01T14:59:54.197+0000] {logging_mixin.py:151} INFO - [2023-09-01T14:59:54.196+0000] {dagbag.py:539} INFO - Filling up the DagBag from /home/airflow/.local/lib/python3.8/site-packages/airflow/example_dags/example_task_group_decorator.py
[2023-09-01T14:59:54.221+0000] {processor.py:839} INFO - DAG(s) dict_keys(['example_task_group_decorator']) retrieved from /home/airflow/.local/lib/python3.8/site-packages/airflow/example_dags/example_task_group_decorator.py
[2023-09-01T14:59:54.258+0000] {logging_mixin.py:151} INFO - [2023-09-01T14:59:54.257+0000] {dag.py:2907} INFO - Sync 1 DAGs
[2023-09-01T14:59:54.291+0000] {logging_mixin.py:151} INFO - [2023-09-01T14:59:54.291+0000] {dag.py:3677} INFO - Setting next_dagrun for example_task_group_decorator to 2023-08-31T14:59:54.290946+00:00, run_after=2023-09-01T14:59:54.290946+00:00
[2023-09-01T14:59:54.321+0000] {processor.py:179} INFO - Processing /home/airflow/.local/lib/python3.8/site-packages/airflow/example_dags/example_task_group_decorator.py took 0.135 seconds
[2023-09-01T15:00:25.042+0000] {processor.py:157} INFO - Started process (PID=1121) to work on /home/airflow/.local/lib/python3.8/site-packages/airflow/example_dags/example_task_group_decorator.py
[2023-09-01T15:00:25.044+0000] {processor.py:829} INFO - Processing file /home/airflow/.local/lib/python3.8/site-packages/airflow/example_dags/example_task_group_decorator.py for tasks to queue
[2023-09-01T15:00:25.047+0000] {logging_mixin.py:151} INFO - [2023-09-01T15:00:25.047+0000] {dagbag.py:539} INFO - Filling up the DagBag from /home/airflow/.local/lib/python3.8/site-packages/airflow/example_dags/example_task_group_decorator.py
[2023-09-01T15:00:25.067+0000] {processor.py:839} INFO - DAG(s) dict_keys(['example_task_group_decorator']) retrieved from /home/airflow/.local/lib/python3.8/site-packages/airflow/example_dags/example_task_group_decorator.py
[2023-09-01T15:00:25.095+0000] {logging_mixin.py:151} INFO - [2023-09-01T15:00:25.095+0000] {dag.py:2907} INFO - Sync 1 DAGs
[2023-09-01T15:00:25.118+0000] {logging_mixin.py:151} INFO - [2023-09-01T15:00:25.118+0000] {dag.py:3677} INFO - Setting next_dagrun for example_task_group_decorator to 2023-08-31T15:00:25.117925+00:00, run_after=2023-09-01T15:00:25.117925+00:00
[2023-09-01T15:00:25.138+0000] {processor.py:179} INFO - Processing /home/airflow/.local/lib/python3.8/site-packages/airflow/example_dags/example_task_group_decorator.py took 0.100 seconds
[2023-09-01T15:00:55.570+0000] {processor.py:157} INFO - Started process (PID=1175) to work on /home/airflow/.local/lib/python3.8/site-packages/airflow/example_dags/example_task_group_decorator.py
[2023-09-01T15:00:55.572+0000] {processor.py:829} INFO - Processing file /home/airflow/.local/lib/python3.8/site-packages/airflow/example_dags/example_task_group_decorator.py for tasks to queue
[2023-09-01T15:00:55.575+0000] {logging_mixin.py:151} INFO - [2023-09-01T15:00:55.575+0000] {dagbag.py:539} INFO - Filling up the DagBag from /home/airflow/.local/lib/python3.8/site-packages/airflow/example_dags/example_task_group_decorator.py
[2023-09-01T15:00:55.595+0000] {processor.py:839} INFO - DAG(s) dict_keys(['example_task_group_decorator']) retrieved from /home/airflow/.local/lib/python3.8/site-packages/airflow/example_dags/example_task_group_decorator.py
[2023-09-01T15:00:55.625+0000] {logging_mixin.py:151} INFO - [2023-09-01T15:00:55.625+0000] {dag.py:2907} INFO - Sync 1 DAGs
[2023-09-01T15:00:55.649+0000] {logging_mixin.py:151} INFO - [2023-09-01T15:00:55.649+0000] {dag.py:3677} INFO - Setting next_dagrun for example_task_group_decorator to 2023-08-31T15:00:55.648897+00:00, run_after=2023-09-01T15:00:55.648897+00:00
[2023-09-01T15:00:55.667+0000] {processor.py:179} INFO - Processing /home/airflow/.local/lib/python3.8/site-packages/airflow/example_dags/example_task_group_decorator.py took 0.102 seconds
[2023-09-01T15:01:26.449+0000] {processor.py:157} INFO - Started process (PID=1229) to work on /home/airflow/.local/lib/python3.8/site-packages/airflow/example_dags/example_task_group_decorator.py
[2023-09-01T15:01:26.451+0000] {processor.py:829} INFO - Processing file /home/airflow/.local/lib/python3.8/site-packages/airflow/example_dags/example_task_group_decorator.py for tasks to queue
[2023-09-01T15:01:26.454+0000] {logging_mixin.py:151} INFO - [2023-09-01T15:01:26.454+0000] {dagbag.py:539} INFO - Filling up the DagBag from /home/airflow/.local/lib/python3.8/site-packages/airflow/example_dags/example_task_group_decorator.py
[2023-09-01T15:01:26.475+0000] {processor.py:839} INFO - DAG(s) dict_keys(['example_task_group_decorator']) retrieved from /home/airflow/.local/lib/python3.8/site-packages/airflow/example_dags/example_task_group_decorator.py
[2023-09-01T15:01:26.504+0000] {logging_mixin.py:151} INFO - [2023-09-01T15:01:26.504+0000] {dag.py:2907} INFO - Sync 1 DAGs
[2023-09-01T15:01:26.527+0000] {logging_mixin.py:151} INFO - [2023-09-01T15:01:26.527+0000] {dag.py:3677} INFO - Setting next_dagrun for example_task_group_decorator to 2023-08-31T15:01:26.527367+00:00, run_after=2023-09-01T15:01:26.527367+00:00
[2023-09-01T15:01:26.547+0000] {processor.py:179} INFO - Processing /home/airflow/.local/lib/python3.8/site-packages/airflow/example_dags/example_task_group_decorator.py took 0.103 seconds
[2023-09-01T15:01:57.019+0000] {processor.py:157} INFO - Started process (PID=1290) to work on /home/airflow/.local/lib/python3.8/site-packages/airflow/example_dags/example_task_group_decorator.py
[2023-09-01T15:01:57.021+0000] {processor.py:829} INFO - Processing file /home/airflow/.local/lib/python3.8/site-packages/airflow/example_dags/example_task_group_decorator.py for tasks to queue
[2023-09-01T15:01:57.024+0000] {logging_mixin.py:151} INFO - [2023-09-01T15:01:57.023+0000] {dagbag.py:539} INFO - Filling up the DagBag from /home/airflow/.local/lib/python3.8/site-packages/airflow/example_dags/example_task_group_decorator.py
[2023-09-01T15:01:57.040+0000] {processor.py:839} INFO - DAG(s) dict_keys(['example_task_group_decorator']) retrieved from /home/airflow/.local/lib/python3.8/site-packages/airflow/example_dags/example_task_group_decorator.py
[2023-09-01T15:01:57.066+0000] {logging_mixin.py:151} INFO - [2023-09-01T15:01:57.066+0000] {dag.py:2907} INFO - Sync 1 DAGs
[2023-09-01T15:01:57.090+0000] {logging_mixin.py:151} INFO - [2023-09-01T15:01:57.090+0000] {dag.py:3677} INFO - Setting next_dagrun for example_task_group_decorator to 2023-08-31T15:01:57.089744+00:00, run_after=2023-09-01T15:01:57.089744+00:00
[2023-09-01T15:01:57.108+0000] {processor.py:179} INFO - Processing /home/airflow/.local/lib/python3.8/site-packages/airflow/example_dags/example_task_group_decorator.py took 0.093 seconds
[2023-09-01T15:02:27.245+0000] {processor.py:157} INFO - Started process (PID=1344) to work on /home/airflow/.local/lib/python3.8/site-packages/airflow/example_dags/example_task_group_decorator.py
[2023-09-01T15:02:27.247+0000] {processor.py:829} INFO - Processing file /home/airflow/.local/lib/python3.8/site-packages/airflow/example_dags/example_task_group_decorator.py for tasks to queue
[2023-09-01T15:02:27.251+0000] {logging_mixin.py:151} INFO - [2023-09-01T15:02:27.251+0000] {dagbag.py:539} INFO - Filling up the DagBag from /home/airflow/.local/lib/python3.8/site-packages/airflow/example_dags/example_task_group_decorator.py
[2023-09-01T15:02:27.271+0000] {processor.py:839} INFO - DAG(s) dict_keys(['example_task_group_decorator']) retrieved from /home/airflow/.local/lib/python3.8/site-packages/airflow/example_dags/example_task_group_decorator.py
[2023-09-01T15:02:27.298+0000] {logging_mixin.py:151} INFO - [2023-09-01T15:02:27.297+0000] {dag.py:2907} INFO - Sync 1 DAGs
[2023-09-01T15:02:27.321+0000] {logging_mixin.py:151} INFO - [2023-09-01T15:02:27.321+0000] {dag.py:3677} INFO - Setting next_dagrun for example_task_group_decorator to 2023-08-31T15:02:27.320877+00:00, run_after=2023-09-01T15:02:27.320877+00:00
[2023-09-01T15:02:27.337+0000] {processor.py:179} INFO - Processing /home/airflow/.local/lib/python3.8/site-packages/airflow/example_dags/example_task_group_decorator.py took 0.097 seconds
[2023-09-01T15:02:57.505+0000] {processor.py:157} INFO - Started process (PID=1398) to work on /home/airflow/.local/lib/python3.8/site-packages/airflow/example_dags/example_task_group_decorator.py
[2023-09-01T15:02:57.507+0000] {processor.py:829} INFO - Processing file /home/airflow/.local/lib/python3.8/site-packages/airflow/example_dags/example_task_group_decorator.py for tasks to queue
[2023-09-01T15:02:57.510+0000] {logging_mixin.py:151} INFO - [2023-09-01T15:02:57.510+0000] {dagbag.py:539} INFO - Filling up the DagBag from /home/airflow/.local/lib/python3.8/site-packages/airflow/example_dags/example_task_group_decorator.py
[2023-09-01T15:02:57.531+0000] {processor.py:839} INFO - DAG(s) dict_keys(['example_task_group_decorator']) retrieved from /home/airflow/.local/lib/python3.8/site-packages/airflow/example_dags/example_task_group_decorator.py
[2023-09-01T15:02:57.561+0000] {logging_mixin.py:151} INFO - [2023-09-01T15:02:57.561+0000] {dag.py:2907} INFO - Sync 1 DAGs
[2023-09-01T15:02:57.585+0000] {logging_mixin.py:151} INFO - [2023-09-01T15:02:57.585+0000] {dag.py:3677} INFO - Setting next_dagrun for example_task_group_decorator to 2023-08-31T15:02:57.585365+00:00, run_after=2023-09-01T15:02:57.585365+00:00
[2023-09-01T15:02:57.606+0000] {processor.py:179} INFO - Processing /home/airflow/.local/lib/python3.8/site-packages/airflow/example_dags/example_task_group_decorator.py took 0.106 seconds
[2023-09-01T15:03:27.885+0000] {processor.py:157} INFO - Started process (PID=1452) to work on /home/airflow/.local/lib/python3.8/site-packages/airflow/example_dags/example_task_group_decorator.py
[2023-09-01T15:03:27.886+0000] {processor.py:829} INFO - Processing file /home/airflow/.local/lib/python3.8/site-packages/airflow/example_dags/example_task_group_decorator.py for tasks to queue
[2023-09-01T15:03:27.890+0000] {logging_mixin.py:151} INFO - [2023-09-01T15:03:27.889+0000] {dagbag.py:539} INFO - Filling up the DagBag from /home/airflow/.local/lib/python3.8/site-packages/airflow/example_dags/example_task_group_decorator.py
[2023-09-01T15:03:27.910+0000] {processor.py:839} INFO - DAG(s) dict_keys(['example_task_group_decorator']) retrieved from /home/airflow/.local/lib/python3.8/site-packages/airflow/example_dags/example_task_group_decorator.py
[2023-09-01T15:03:27.942+0000] {logging_mixin.py:151} INFO - [2023-09-01T15:03:27.941+0000] {dag.py:2907} INFO - Sync 1 DAGs
[2023-09-01T15:03:27.969+0000] {logging_mixin.py:151} INFO - [2023-09-01T15:03:27.969+0000] {dag.py:3677} INFO - Setting next_dagrun for example_task_group_decorator to 2023-08-31T15:03:27.968785+00:00, run_after=2023-09-01T15:03:27.968785+00:00
[2023-09-01T15:03:27.991+0000] {processor.py:179} INFO - Processing /home/airflow/.local/lib/python3.8/site-packages/airflow/example_dags/example_task_group_decorator.py took 0.111 seconds
[2023-09-01T15:03:58.090+0000] {processor.py:157} INFO - Started process (PID=1506) to work on /home/airflow/.local/lib/python3.8/site-packages/airflow/example_dags/example_task_group_decorator.py
[2023-09-01T15:03:58.091+0000] {processor.py:829} INFO - Processing file /home/airflow/.local/lib/python3.8/site-packages/airflow/example_dags/example_task_group_decorator.py for tasks to queue
[2023-09-01T15:03:58.095+0000] {logging_mixin.py:151} INFO - [2023-09-01T15:03:58.094+0000] {dagbag.py:539} INFO - Filling up the DagBag from /home/airflow/.local/lib/python3.8/site-packages/airflow/example_dags/example_task_group_decorator.py
[2023-09-01T15:03:58.114+0000] {processor.py:839} INFO - DAG(s) dict_keys(['example_task_group_decorator']) retrieved from /home/airflow/.local/lib/python3.8/site-packages/airflow/example_dags/example_task_group_decorator.py
[2023-09-01T15:03:58.142+0000] {logging_mixin.py:151} INFO - [2023-09-01T15:03:58.142+0000] {dag.py:2907} INFO - Sync 1 DAGs
[2023-09-01T15:03:58.165+0000] {logging_mixin.py:151} INFO - [2023-09-01T15:03:58.165+0000] {dag.py:3677} INFO - Setting next_dagrun for example_task_group_decorator to 2023-08-31T15:03:58.164727+00:00, run_after=2023-09-01T15:03:58.164727+00:00
[2023-09-01T15:03:58.186+0000] {processor.py:179} INFO - Processing /home/airflow/.local/lib/python3.8/site-packages/airflow/example_dags/example_task_group_decorator.py took 0.100 seconds
[2023-09-01T15:04:28.352+0000] {processor.py:157} INFO - Started process (PID=1560) to work on /home/airflow/.local/lib/python3.8/site-packages/airflow/example_dags/example_task_group_decorator.py
[2023-09-01T15:04:28.354+0000] {processor.py:829} INFO - Processing file /home/airflow/.local/lib/python3.8/site-packages/airflow/example_dags/example_task_group_decorator.py for tasks to queue
[2023-09-01T15:04:28.359+0000] {logging_mixin.py:151} INFO - [2023-09-01T15:04:28.358+0000] {dagbag.py:539} INFO - Filling up the DagBag from /home/airflow/.local/lib/python3.8/site-packages/airflow/example_dags/example_task_group_decorator.py
[2023-09-01T15:04:28.385+0000] {processor.py:839} INFO - DAG(s) dict_keys(['example_task_group_decorator']) retrieved from /home/airflow/.local/lib/python3.8/site-packages/airflow/example_dags/example_task_group_decorator.py
[2023-09-01T15:04:28.430+0000] {logging_mixin.py:151} INFO - [2023-09-01T15:04:28.430+0000] {dag.py:2907} INFO - Sync 1 DAGs
[2023-09-01T15:04:28.464+0000] {logging_mixin.py:151} INFO - [2023-09-01T15:04:28.464+0000] {dag.py:3677} INFO - Setting next_dagrun for example_task_group_decorator to 2023-08-31T15:04:28.464316+00:00, run_after=2023-09-01T15:04:28.464316+00:00
[2023-09-01T15:04:28.491+0000] {processor.py:179} INFO - Processing /home/airflow/.local/lib/python3.8/site-packages/airflow/example_dags/example_task_group_decorator.py took 0.145 seconds
[2023-09-01T15:04:58.540+0000] {processor.py:157} INFO - Started process (PID=1615) to work on /home/airflow/.local/lib/python3.8/site-packages/airflow/example_dags/example_task_group_decorator.py
[2023-09-01T15:04:58.542+0000] {processor.py:829} INFO - Processing file /home/airflow/.local/lib/python3.8/site-packages/airflow/example_dags/example_task_group_decorator.py for tasks to queue
[2023-09-01T15:04:58.545+0000] {logging_mixin.py:151} INFO - [2023-09-01T15:04:58.545+0000] {dagbag.py:539} INFO - Filling up the DagBag from /home/airflow/.local/lib/python3.8/site-packages/airflow/example_dags/example_task_group_decorator.py
[2023-09-01T15:04:58.568+0000] {processor.py:839} INFO - DAG(s) dict_keys(['example_task_group_decorator']) retrieved from /home/airflow/.local/lib/python3.8/site-packages/airflow/example_dags/example_task_group_decorator.py
[2023-09-01T15:04:58.605+0000] {logging_mixin.py:151} INFO - [2023-09-01T15:04:58.605+0000] {dag.py:2907} INFO - Sync 1 DAGs
[2023-09-01T15:04:58.639+0000] {logging_mixin.py:151} INFO - [2023-09-01T15:04:58.639+0000] {dag.py:3677} INFO - Setting next_dagrun for example_task_group_decorator to 2023-08-31T15:04:58.639205+00:00, run_after=2023-09-01T15:04:58.639205+00:00
[2023-09-01T15:04:58.668+0000] {processor.py:179} INFO - Processing /home/airflow/.local/lib/python3.8/site-packages/airflow/example_dags/example_task_group_decorator.py took 0.133 seconds
[2023-09-01T15:05:28.913+0000] {processor.py:157} INFO - Started process (PID=1669) to work on /home/airflow/.local/lib/python3.8/site-packages/airflow/example_dags/example_task_group_decorator.py
[2023-09-01T15:05:28.915+0000] {processor.py:829} INFO - Processing file /home/airflow/.local/lib/python3.8/site-packages/airflow/example_dags/example_task_group_decorator.py for tasks to queue
[2023-09-01T15:05:28.920+0000] {logging_mixin.py:151} INFO - [2023-09-01T15:05:28.919+0000] {dagbag.py:539} INFO - Filling up the DagBag from /home/airflow/.local/lib/python3.8/site-packages/airflow/example_dags/example_task_group_decorator.py
[2023-09-01T15:05:28.942+0000] {processor.py:839} INFO - DAG(s) dict_keys(['example_task_group_decorator']) retrieved from /home/airflow/.local/lib/python3.8/site-packages/airflow/example_dags/example_task_group_decorator.py
[2023-09-01T15:05:28.979+0000] {logging_mixin.py:151} INFO - [2023-09-01T15:05:28.978+0000] {dag.py:2907} INFO - Sync 1 DAGs
[2023-09-01T15:05:29.014+0000] {logging_mixin.py:151} INFO - [2023-09-01T15:05:29.013+0000] {dag.py:3677} INFO - Setting next_dagrun for example_task_group_decorator to 2023-08-31T15:05:29.013488+00:00, run_after=2023-09-01T15:05:29.013488+00:00
[2023-09-01T15:05:29.044+0000] {processor.py:179} INFO - Processing /home/airflow/.local/lib/python3.8/site-packages/airflow/example_dags/example_task_group_decorator.py took 0.136 seconds
[2023-09-01T15:05:59.111+0000] {processor.py:157} INFO - Started process (PID=1723) to work on /home/airflow/.local/lib/python3.8/site-packages/airflow/example_dags/example_task_group_decorator.py
[2023-09-01T15:05:59.113+0000] {processor.py:829} INFO - Processing file /home/airflow/.local/lib/python3.8/site-packages/airflow/example_dags/example_task_group_decorator.py for tasks to queue
[2023-09-01T15:05:59.116+0000] {logging_mixin.py:151} INFO - [2023-09-01T15:05:59.115+0000] {dagbag.py:539} INFO - Filling up the DagBag from /home/airflow/.local/lib/python3.8/site-packages/airflow/example_dags/example_task_group_decorator.py
[2023-09-01T15:05:59.133+0000] {processor.py:839} INFO - DAG(s) dict_keys(['example_task_group_decorator']) retrieved from /home/airflow/.local/lib/python3.8/site-packages/airflow/example_dags/example_task_group_decorator.py
[2023-09-01T15:05:59.161+0000] {logging_mixin.py:151} INFO - [2023-09-01T15:05:59.161+0000] {dag.py:2907} INFO - Sync 1 DAGs
[2023-09-01T15:05:59.185+0000] {logging_mixin.py:151} INFO - [2023-09-01T15:05:59.184+0000] {dag.py:3677} INFO - Setting next_dagrun for example_task_group_decorator to 2023-08-31T15:05:59.184617+00:00, run_after=2023-09-01T15:05:59.184617+00:00
[2023-09-01T15:05:59.205+0000] {processor.py:179} INFO - Processing /home/airflow/.local/lib/python3.8/site-packages/airflow/example_dags/example_task_group_decorator.py took 0.098 seconds
[2023-09-01T15:06:29.425+0000] {processor.py:157} INFO - Started process (PID=1777) to work on /home/airflow/.local/lib/python3.8/site-packages/airflow/example_dags/example_task_group_decorator.py
[2023-09-01T15:06:29.426+0000] {processor.py:829} INFO - Processing file /home/airflow/.local/lib/python3.8/site-packages/airflow/example_dags/example_task_group_decorator.py for tasks to queue
[2023-09-01T15:06:29.429+0000] {logging_mixin.py:151} INFO - [2023-09-01T15:06:29.428+0000] {dagbag.py:539} INFO - Filling up the DagBag from /home/airflow/.local/lib/python3.8/site-packages/airflow/example_dags/example_task_group_decorator.py
[2023-09-01T15:06:29.446+0000] {processor.py:839} INFO - DAG(s) dict_keys(['example_task_group_decorator']) retrieved from /home/airflow/.local/lib/python3.8/site-packages/airflow/example_dags/example_task_group_decorator.py
[2023-09-01T15:06:29.474+0000] {logging_mixin.py:151} INFO - [2023-09-01T15:06:29.474+0000] {dag.py:2907} INFO - Sync 1 DAGs
[2023-09-01T15:06:29.497+0000] {logging_mixin.py:151} INFO - [2023-09-01T15:06:29.497+0000] {dag.py:3677} INFO - Setting next_dagrun for example_task_group_decorator to 2023-08-31T15:06:29.497283+00:00, run_after=2023-09-01T15:06:29.497283+00:00
[2023-09-01T15:06:29.517+0000] {processor.py:179} INFO - Processing /home/airflow/.local/lib/python3.8/site-packages/airflow/example_dags/example_task_group_decorator.py took 0.097 seconds
[2023-09-01T15:06:59.560+0000] {processor.py:157} INFO - Started process (PID=1831) to work on /home/airflow/.local/lib/python3.8/site-packages/airflow/example_dags/example_task_group_decorator.py
[2023-09-01T15:06:59.561+0000] {processor.py:829} INFO - Processing file /home/airflow/.local/lib/python3.8/site-packages/airflow/example_dags/example_task_group_decorator.py for tasks to queue
[2023-09-01T15:06:59.564+0000] {logging_mixin.py:151} INFO - [2023-09-01T15:06:59.563+0000] {dagbag.py:539} INFO - Filling up the DagBag from /home/airflow/.local/lib/python3.8/site-packages/airflow/example_dags/example_task_group_decorator.py
[2023-09-01T15:06:59.581+0000] {processor.py:839} INFO - DAG(s) dict_keys(['example_task_group_decorator']) retrieved from /home/airflow/.local/lib/python3.8/site-packages/airflow/example_dags/example_task_group_decorator.py
[2023-09-01T15:06:59.608+0000] {logging_mixin.py:151} INFO - [2023-09-01T15:06:59.608+0000] {dag.py:2907} INFO - Sync 1 DAGs
[2023-09-01T15:06:59.634+0000] {logging_mixin.py:151} INFO - [2023-09-01T15:06:59.634+0000] {dag.py:3677} INFO - Setting next_dagrun for example_task_group_decorator to 2023-08-31T15:06:59.634261+00:00, run_after=2023-09-01T15:06:59.634261+00:00
[2023-09-01T15:06:59.653+0000] {processor.py:179} INFO - Processing /home/airflow/.local/lib/python3.8/site-packages/airflow/example_dags/example_task_group_decorator.py took 0.097 seconds
[2023-09-01T15:07:30.534+0000] {processor.py:157} INFO - Started process (PID=1885) to work on /home/airflow/.local/lib/python3.8/site-packages/airflow/example_dags/example_task_group_decorator.py
[2023-09-01T15:07:30.535+0000] {processor.py:829} INFO - Processing file /home/airflow/.local/lib/python3.8/site-packages/airflow/example_dags/example_task_group_decorator.py for tasks to queue
[2023-09-01T15:07:30.538+0000] {logging_mixin.py:151} INFO - [2023-09-01T15:07:30.537+0000] {dagbag.py:539} INFO - Filling up the DagBag from /home/airflow/.local/lib/python3.8/site-packages/airflow/example_dags/example_task_group_decorator.py
[2023-09-01T15:07:30.555+0000] {processor.py:839} INFO - DAG(s) dict_keys(['example_task_group_decorator']) retrieved from /home/airflow/.local/lib/python3.8/site-packages/airflow/example_dags/example_task_group_decorator.py
[2023-09-01T15:07:30.583+0000] {logging_mixin.py:151} INFO - [2023-09-01T15:07:30.582+0000] {dag.py:2907} INFO - Sync 1 DAGs
[2023-09-01T15:07:30.606+0000] {logging_mixin.py:151} INFO - [2023-09-01T15:07:30.606+0000] {dag.py:3677} INFO - Setting next_dagrun for example_task_group_decorator to 2023-08-31T15:07:30.606124+00:00, run_after=2023-09-01T15:07:30.606124+00:00
[2023-09-01T15:07:30.626+0000] {processor.py:179} INFO - Processing /home/airflow/.local/lib/python3.8/site-packages/airflow/example_dags/example_task_group_decorator.py took 0.096 seconds
[2023-09-01T15:08:00.909+0000] {processor.py:157} INFO - Started process (PID=1939) to work on /home/airflow/.local/lib/python3.8/site-packages/airflow/example_dags/example_task_group_decorator.py
[2023-09-01T15:08:00.910+0000] {processor.py:829} INFO - Processing file /home/airflow/.local/lib/python3.8/site-packages/airflow/example_dags/example_task_group_decorator.py for tasks to queue
[2023-09-01T15:08:00.913+0000] {logging_mixin.py:151} INFO - [2023-09-01T15:08:00.912+0000] {dagbag.py:539} INFO - Filling up the DagBag from /home/airflow/.local/lib/python3.8/site-packages/airflow/example_dags/example_task_group_decorator.py
[2023-09-01T15:08:00.930+0000] {processor.py:839} INFO - DAG(s) dict_keys(['example_task_group_decorator']) retrieved from /home/airflow/.local/lib/python3.8/site-packages/airflow/example_dags/example_task_group_decorator.py
[2023-09-01T15:08:00.957+0000] {logging_mixin.py:151} INFO - [2023-09-01T15:08:00.957+0000] {dag.py:2907} INFO - Sync 1 DAGs
[2023-09-01T15:08:00.980+0000] {logging_mixin.py:151} INFO - [2023-09-01T15:08:00.980+0000] {dag.py:3677} INFO - Setting next_dagrun for example_task_group_decorator to 2023-08-31T15:08:00.980464+00:00, run_after=2023-09-01T15:08:00.980464+00:00
[2023-09-01T15:08:00.999+0000] {processor.py:179} INFO - Processing /home/airflow/.local/lib/python3.8/site-packages/airflow/example_dags/example_task_group_decorator.py took 0.095 seconds
[2023-09-01T15:08:31.281+0000] {processor.py:157} INFO - Started process (PID=1993) to work on /home/airflow/.local/lib/python3.8/site-packages/airflow/example_dags/example_task_group_decorator.py
[2023-09-01T15:08:31.282+0000] {processor.py:829} INFO - Processing file /home/airflow/.local/lib/python3.8/site-packages/airflow/example_dags/example_task_group_decorator.py for tasks to queue
[2023-09-01T15:08:31.285+0000] {logging_mixin.py:151} INFO - [2023-09-01T15:08:31.285+0000] {dagbag.py:539} INFO - Filling up the DagBag from /home/airflow/.local/lib/python3.8/site-packages/airflow/example_dags/example_task_group_decorator.py
[2023-09-01T15:08:31.301+0000] {processor.py:839} INFO - DAG(s) dict_keys(['example_task_group_decorator']) retrieved from /home/airflow/.local/lib/python3.8/site-packages/airflow/example_dags/example_task_group_decorator.py
[2023-09-01T15:08:31.329+0000] {logging_mixin.py:151} INFO - [2023-09-01T15:08:31.329+0000] {dag.py:2907} INFO - Sync 1 DAGs
[2023-09-01T15:08:31.352+0000] {logging_mixin.py:151} INFO - [2023-09-01T15:08:31.352+0000] {dag.py:3677} INFO - Setting next_dagrun for example_task_group_decorator to 2023-08-31T15:08:31.352245+00:00, run_after=2023-09-01T15:08:31.352245+00:00
[2023-09-01T15:08:31.372+0000] {processor.py:179} INFO - Processing /home/airflow/.local/lib/python3.8/site-packages/airflow/example_dags/example_task_group_decorator.py took 0.095 seconds
[2023-09-01T15:09:01.712+0000] {processor.py:157} INFO - Started process (PID=2047) to work on /home/airflow/.local/lib/python3.8/site-packages/airflow/example_dags/example_task_group_decorator.py
[2023-09-01T15:09:01.713+0000] {processor.py:829} INFO - Processing file /home/airflow/.local/lib/python3.8/site-packages/airflow/example_dags/example_task_group_decorator.py for tasks to queue
[2023-09-01T15:09:01.716+0000] {logging_mixin.py:151} INFO - [2023-09-01T15:09:01.716+0000] {dagbag.py:539} INFO - Filling up the DagBag from /home/airflow/.local/lib/python3.8/site-packages/airflow/example_dags/example_task_group_decorator.py
[2023-09-01T15:09:01.733+0000] {processor.py:839} INFO - DAG(s) dict_keys(['example_task_group_decorator']) retrieved from /home/airflow/.local/lib/python3.8/site-packages/airflow/example_dags/example_task_group_decorator.py
[2023-09-01T15:09:01.762+0000] {logging_mixin.py:151} INFO - [2023-09-01T15:09:01.761+0000] {dag.py:2907} INFO - Sync 1 DAGs
[2023-09-01T15:09:01.786+0000] {logging_mixin.py:151} INFO - [2023-09-01T15:09:01.786+0000] {dag.py:3677} INFO - Setting next_dagrun for example_task_group_decorator to 2023-08-31T15:09:01.785950+00:00, run_after=2023-09-01T15:09:01.785950+00:00
[2023-09-01T15:09:01.805+0000] {processor.py:179} INFO - Processing /home/airflow/.local/lib/python3.8/site-packages/airflow/example_dags/example_task_group_decorator.py took 0.098 seconds
[2023-09-01T15:09:32.554+0000] {processor.py:157} INFO - Started process (PID=2101) to work on /home/airflow/.local/lib/python3.8/site-packages/airflow/example_dags/example_task_group_decorator.py
[2023-09-01T15:09:32.555+0000] {processor.py:829} INFO - Processing file /home/airflow/.local/lib/python3.8/site-packages/airflow/example_dags/example_task_group_decorator.py for tasks to queue
[2023-09-01T15:09:32.558+0000] {logging_mixin.py:151} INFO - [2023-09-01T15:09:32.558+0000] {dagbag.py:539} INFO - Filling up the DagBag from /home/airflow/.local/lib/python3.8/site-packages/airflow/example_dags/example_task_group_decorator.py
[2023-09-01T15:09:32.578+0000] {processor.py:839} INFO - DAG(s) dict_keys(['example_task_group_decorator']) retrieved from /home/airflow/.local/lib/python3.8/site-packages/airflow/example_dags/example_task_group_decorator.py
[2023-09-01T15:09:32.609+0000] {logging_mixin.py:151} INFO - [2023-09-01T15:09:32.608+0000] {dag.py:2907} INFO - Sync 1 DAGs
[2023-09-01T15:09:32.636+0000] {logging_mixin.py:151} INFO - [2023-09-01T15:09:32.636+0000] {dag.py:3677} INFO - Setting next_dagrun for example_task_group_decorator to 2023-08-31T15:09:32.636015+00:00, run_after=2023-09-01T15:09:32.636015+00:00
[2023-09-01T15:09:32.664+0000] {processor.py:179} INFO - Processing /home/airflow/.local/lib/python3.8/site-packages/airflow/example_dags/example_task_group_decorator.py took 0.115 seconds
[2023-09-01T15:10:03.093+0000] {processor.py:157} INFO - Started process (PID=2155) to work on /home/airflow/.local/lib/python3.8/site-packages/airflow/example_dags/example_task_group_decorator.py
[2023-09-01T15:10:03.094+0000] {processor.py:829} INFO - Processing file /home/airflow/.local/lib/python3.8/site-packages/airflow/example_dags/example_task_group_decorator.py for tasks to queue
[2023-09-01T15:10:03.097+0000] {logging_mixin.py:151} INFO - [2023-09-01T15:10:03.097+0000] {dagbag.py:539} INFO - Filling up the DagBag from /home/airflow/.local/lib/python3.8/site-packages/airflow/example_dags/example_task_group_decorator.py
[2023-09-01T15:10:03.114+0000] {processor.py:839} INFO - DAG(s) dict_keys(['example_task_group_decorator']) retrieved from /home/airflow/.local/lib/python3.8/site-packages/airflow/example_dags/example_task_group_decorator.py
[2023-09-01T15:10:03.141+0000] {logging_mixin.py:151} INFO - [2023-09-01T15:10:03.141+0000] {dag.py:2907} INFO - Sync 1 DAGs
[2023-09-01T15:10:03.165+0000] {logging_mixin.py:151} INFO - [2023-09-01T15:10:03.165+0000] {dag.py:3677} INFO - Setting next_dagrun for example_task_group_decorator to 2023-08-31T15:10:03.164873+00:00, run_after=2023-09-01T15:10:03.164873+00:00
[2023-09-01T15:10:03.185+0000] {processor.py:179} INFO - Processing /home/airflow/.local/lib/python3.8/site-packages/airflow/example_dags/example_task_group_decorator.py took 0.096 seconds
[2023-09-01T15:10:33.561+0000] {processor.py:157} INFO - Started process (PID=2209) to work on /home/airflow/.local/lib/python3.8/site-packages/airflow/example_dags/example_task_group_decorator.py
[2023-09-01T15:10:33.562+0000] {processor.py:829} INFO - Processing file /home/airflow/.local/lib/python3.8/site-packages/airflow/example_dags/example_task_group_decorator.py for tasks to queue
[2023-09-01T15:10:33.566+0000] {logging_mixin.py:151} INFO - [2023-09-01T15:10:33.565+0000] {dagbag.py:539} INFO - Filling up the DagBag from /home/airflow/.local/lib/python3.8/site-packages/airflow/example_dags/example_task_group_decorator.py
[2023-09-01T15:10:33.584+0000] {processor.py:839} INFO - DAG(s) dict_keys(['example_task_group_decorator']) retrieved from /home/airflow/.local/lib/python3.8/site-packages/airflow/example_dags/example_task_group_decorator.py
[2023-09-01T15:10:33.613+0000] {logging_mixin.py:151} INFO - [2023-09-01T15:10:33.612+0000] {dag.py:2907} INFO - Sync 1 DAGs
[2023-09-01T15:10:33.639+0000] {logging_mixin.py:151} INFO - [2023-09-01T15:10:33.639+0000] {dag.py:3677} INFO - Setting next_dagrun for example_task_group_decorator to 2023-08-31T15:10:33.638700+00:00, run_after=2023-09-01T15:10:33.638700+00:00
[2023-09-01T15:10:33.662+0000] {processor.py:179} INFO - Processing /home/airflow/.local/lib/python3.8/site-packages/airflow/example_dags/example_task_group_decorator.py took 0.106 seconds
[2023-09-01T15:11:03.926+0000] {processor.py:157} INFO - Started process (PID=2263) to work on /home/airflow/.local/lib/python3.8/site-packages/airflow/example_dags/example_task_group_decorator.py
[2023-09-01T15:11:03.927+0000] {processor.py:829} INFO - Processing file /home/airflow/.local/lib/python3.8/site-packages/airflow/example_dags/example_task_group_decorator.py for tasks to queue
[2023-09-01T15:11:03.930+0000] {logging_mixin.py:151} INFO - [2023-09-01T15:11:03.930+0000] {dagbag.py:539} INFO - Filling up the DagBag from /home/airflow/.local/lib/python3.8/site-packages/airflow/example_dags/example_task_group_decorator.py
[2023-09-01T15:11:03.948+0000] {processor.py:839} INFO - DAG(s) dict_keys(['example_task_group_decorator']) retrieved from /home/airflow/.local/lib/python3.8/site-packages/airflow/example_dags/example_task_group_decorator.py
[2023-09-01T15:11:03.975+0000] {logging_mixin.py:151} INFO - [2023-09-01T15:11:03.975+0000] {dag.py:2907} INFO - Sync 1 DAGs
[2023-09-01T15:11:03.999+0000] {logging_mixin.py:151} INFO - [2023-09-01T15:11:03.999+0000] {dag.py:3677} INFO - Setting next_dagrun for example_task_group_decorator to 2023-08-31T15:11:03.998817+00:00, run_after=2023-09-01T15:11:03.998817+00:00
[2023-09-01T15:11:04.019+0000] {processor.py:179} INFO - Processing /home/airflow/.local/lib/python3.8/site-packages/airflow/example_dags/example_task_group_decorator.py took 0.098 seconds
[2023-09-01T15:11:34.268+0000] {processor.py:157} INFO - Started process (PID=2317) to work on /home/airflow/.local/lib/python3.8/site-packages/airflow/example_dags/example_task_group_decorator.py
[2023-09-01T15:11:34.270+0000] {processor.py:829} INFO - Processing file /home/airflow/.local/lib/python3.8/site-packages/airflow/example_dags/example_task_group_decorator.py for tasks to queue
[2023-09-01T15:11:34.273+0000] {logging_mixin.py:151} INFO - [2023-09-01T15:11:34.272+0000] {dagbag.py:539} INFO - Filling up the DagBag from /home/airflow/.local/lib/python3.8/site-packages/airflow/example_dags/example_task_group_decorator.py
[2023-09-01T15:11:34.290+0000] {processor.py:839} INFO - DAG(s) dict_keys(['example_task_group_decorator']) retrieved from /home/airflow/.local/lib/python3.8/site-packages/airflow/example_dags/example_task_group_decorator.py
[2023-09-01T15:11:34.317+0000] {logging_mixin.py:151} INFO - [2023-09-01T15:11:34.317+0000] {dag.py:2907} INFO - Sync 1 DAGs
[2023-09-01T15:11:34.340+0000] {logging_mixin.py:151} INFO - [2023-09-01T15:11:34.340+0000] {dag.py:3677} INFO - Setting next_dagrun for example_task_group_decorator to 2023-08-31T15:11:34.340411+00:00, run_after=2023-09-01T15:11:34.340411+00:00
[2023-09-01T15:11:34.361+0000] {processor.py:179} INFO - Processing /home/airflow/.local/lib/python3.8/site-packages/airflow/example_dags/example_task_group_decorator.py took 0.096 seconds
[2023-09-01T15:12:05.257+0000] {processor.py:157} INFO - Started process (PID=2371) to work on /home/airflow/.local/lib/python3.8/site-packages/airflow/example_dags/example_task_group_decorator.py
[2023-09-01T15:12:05.259+0000] {processor.py:829} INFO - Processing file /home/airflow/.local/lib/python3.8/site-packages/airflow/example_dags/example_task_group_decorator.py for tasks to queue
[2023-09-01T15:12:05.262+0000] {logging_mixin.py:151} INFO - [2023-09-01T15:12:05.261+0000] {dagbag.py:539} INFO - Filling up the DagBag from /home/airflow/.local/lib/python3.8/site-packages/airflow/example_dags/example_task_group_decorator.py
[2023-09-01T15:12:05.279+0000] {processor.py:839} INFO - DAG(s) dict_keys(['example_task_group_decorator']) retrieved from /home/airflow/.local/lib/python3.8/site-packages/airflow/example_dags/example_task_group_decorator.py
[2023-09-01T15:12:05.307+0000] {logging_mixin.py:151} INFO - [2023-09-01T15:12:05.306+0000] {dag.py:2907} INFO - Sync 1 DAGs
[2023-09-01T15:12:05.331+0000] {logging_mixin.py:151} INFO - [2023-09-01T15:12:05.330+0000] {dag.py:3677} INFO - Setting next_dagrun for example_task_group_decorator to 2023-08-31T15:12:05.330597+00:00, run_after=2023-09-01T15:12:05.330597+00:00
[2023-09-01T15:12:05.350+0000] {processor.py:179} INFO - Processing /home/airflow/.local/lib/python3.8/site-packages/airflow/example_dags/example_task_group_decorator.py took 0.097 seconds
[2023-09-01T15:12:35.542+0000] {processor.py:157} INFO - Started process (PID=2425) to work on /home/airflow/.local/lib/python3.8/site-packages/airflow/example_dags/example_task_group_decorator.py
[2023-09-01T15:12:35.544+0000] {processor.py:829} INFO - Processing file /home/airflow/.local/lib/python3.8/site-packages/airflow/example_dags/example_task_group_decorator.py for tasks to queue
[2023-09-01T15:12:35.546+0000] {logging_mixin.py:151} INFO - [2023-09-01T15:12:35.546+0000] {dagbag.py:539} INFO - Filling up the DagBag from /home/airflow/.local/lib/python3.8/site-packages/airflow/example_dags/example_task_group_decorator.py
[2023-09-01T15:12:35.563+0000] {processor.py:839} INFO - DAG(s) dict_keys(['example_task_group_decorator']) retrieved from /home/airflow/.local/lib/python3.8/site-packages/airflow/example_dags/example_task_group_decorator.py
[2023-09-01T15:12:35.591+0000] {logging_mixin.py:151} INFO - [2023-09-01T15:12:35.591+0000] {dag.py:2907} INFO - Sync 1 DAGs
[2023-09-01T15:12:35.615+0000] {logging_mixin.py:151} INFO - [2023-09-01T15:12:35.615+0000] {dag.py:3677} INFO - Setting next_dagrun for example_task_group_decorator to 2023-08-31T15:12:35.614935+00:00, run_after=2023-09-01T15:12:35.614935+00:00
[2023-09-01T15:12:35.635+0000] {processor.py:179} INFO - Processing /home/airflow/.local/lib/python3.8/site-packages/airflow/example_dags/example_task_group_decorator.py took 0.097 seconds
[2023-09-01T15:13:05.899+0000] {processor.py:157} INFO - Started process (PID=2479) to work on /home/airflow/.local/lib/python3.8/site-packages/airflow/example_dags/example_task_group_decorator.py
[2023-09-01T15:13:05.900+0000] {processor.py:829} INFO - Processing file /home/airflow/.local/lib/python3.8/site-packages/airflow/example_dags/example_task_group_decorator.py for tasks to queue
[2023-09-01T15:13:05.903+0000] {logging_mixin.py:151} INFO - [2023-09-01T15:13:05.903+0000] {dagbag.py:539} INFO - Filling up the DagBag from /home/airflow/.local/lib/python3.8/site-packages/airflow/example_dags/example_task_group_decorator.py
[2023-09-01T15:13:05.920+0000] {processor.py:839} INFO - DAG(s) dict_keys(['example_task_group_decorator']) retrieved from /home/airflow/.local/lib/python3.8/site-packages/airflow/example_dags/example_task_group_decorator.py
[2023-09-01T15:13:05.947+0000] {logging_mixin.py:151} INFO - [2023-09-01T15:13:05.947+0000] {dag.py:2907} INFO - Sync 1 DAGs
[2023-09-01T15:13:05.972+0000] {logging_mixin.py:151} INFO - [2023-09-01T15:13:05.972+0000] {dag.py:3677} INFO - Setting next_dagrun for example_task_group_decorator to 2023-08-31T15:13:05.971806+00:00, run_after=2023-09-01T15:13:05.971806+00:00
[2023-09-01T15:13:05.991+0000] {processor.py:179} INFO - Processing /home/airflow/.local/lib/python3.8/site-packages/airflow/example_dags/example_task_group_decorator.py took 0.097 seconds
[2023-09-01T15:13:36.505+0000] {processor.py:157} INFO - Started process (PID=2533) to work on /home/airflow/.local/lib/python3.8/site-packages/airflow/example_dags/example_task_group_decorator.py
[2023-09-01T15:13:36.507+0000] {processor.py:829} INFO - Processing file /home/airflow/.local/lib/python3.8/site-packages/airflow/example_dags/example_task_group_decorator.py for tasks to queue
[2023-09-01T15:13:36.512+0000] {logging_mixin.py:151} INFO - [2023-09-01T15:13:36.512+0000] {dagbag.py:539} INFO - Filling up the DagBag from /home/airflow/.local/lib/python3.8/site-packages/airflow/example_dags/example_task_group_decorator.py
[2023-09-01T15:13:36.537+0000] {processor.py:839} INFO - DAG(s) dict_keys(['example_task_group_decorator']) retrieved from /home/airflow/.local/lib/python3.8/site-packages/airflow/example_dags/example_task_group_decorator.py
[2023-09-01T15:13:36.575+0000] {logging_mixin.py:151} INFO - [2023-09-01T15:13:36.574+0000] {dag.py:2907} INFO - Sync 1 DAGs
[2023-09-01T15:13:36.606+0000] {logging_mixin.py:151} INFO - [2023-09-01T15:13:36.606+0000] {dag.py:3677} INFO - Setting next_dagrun for example_task_group_decorator to 2023-08-31T15:13:36.606080+00:00, run_after=2023-09-01T15:13:36.606080+00:00
[2023-09-01T15:13:36.636+0000] {processor.py:179} INFO - Processing /home/airflow/.local/lib/python3.8/site-packages/airflow/example_dags/example_task_group_decorator.py took 0.138 seconds
[2023-09-01T15:14:06.826+0000] {processor.py:157} INFO - Started process (PID=2587) to work on /home/airflow/.local/lib/python3.8/site-packages/airflow/example_dags/example_task_group_decorator.py
[2023-09-01T15:14:06.827+0000] {processor.py:829} INFO - Processing file /home/airflow/.local/lib/python3.8/site-packages/airflow/example_dags/example_task_group_decorator.py for tasks to queue
[2023-09-01T15:14:06.830+0000] {logging_mixin.py:151} INFO - [2023-09-01T15:14:06.830+0000] {dagbag.py:539} INFO - Filling up the DagBag from /home/airflow/.local/lib/python3.8/site-packages/airflow/example_dags/example_task_group_decorator.py
[2023-09-01T15:14:06.847+0000] {processor.py:839} INFO - DAG(s) dict_keys(['example_task_group_decorator']) retrieved from /home/airflow/.local/lib/python3.8/site-packages/airflow/example_dags/example_task_group_decorator.py
[2023-09-01T15:14:06.875+0000] {logging_mixin.py:151} INFO - [2023-09-01T15:14:06.875+0000] {dag.py:2907} INFO - Sync 1 DAGs
[2023-09-01T15:14:06.900+0000] {logging_mixin.py:151} INFO - [2023-09-01T15:14:06.899+0000] {dag.py:3677} INFO - Setting next_dagrun for example_task_group_decorator to 2023-08-31T15:14:06.899599+00:00, run_after=2023-09-01T15:14:06.899599+00:00
[2023-09-01T15:14:06.919+0000] {processor.py:179} INFO - Processing /home/airflow/.local/lib/python3.8/site-packages/airflow/example_dags/example_task_group_decorator.py took 0.098 seconds
[2023-09-01T15:14:37.807+0000] {processor.py:157} INFO - Started process (PID=2641) to work on /home/airflow/.local/lib/python3.8/site-packages/airflow/example_dags/example_task_group_decorator.py
[2023-09-01T15:14:37.808+0000] {processor.py:829} INFO - Processing file /home/airflow/.local/lib/python3.8/site-packages/airflow/example_dags/example_task_group_decorator.py for tasks to queue
[2023-09-01T15:14:37.811+0000] {logging_mixin.py:151} INFO - [2023-09-01T15:14:37.811+0000] {dagbag.py:539} INFO - Filling up the DagBag from /home/airflow/.local/lib/python3.8/site-packages/airflow/example_dags/example_task_group_decorator.py
[2023-09-01T15:14:37.827+0000] {processor.py:839} INFO - DAG(s) dict_keys(['example_task_group_decorator']) retrieved from /home/airflow/.local/lib/python3.8/site-packages/airflow/example_dags/example_task_group_decorator.py
[2023-09-01T15:14:37.855+0000] {logging_mixin.py:151} INFO - [2023-09-01T15:14:37.855+0000] {dag.py:2907} INFO - Sync 1 DAGs
[2023-09-01T15:14:37.878+0000] {logging_mixin.py:151} INFO - [2023-09-01T15:14:37.878+0000] {dag.py:3677} INFO - Setting next_dagrun for example_task_group_decorator to 2023-08-31T15:14:37.878162+00:00, run_after=2023-09-01T15:14:37.878162+00:00
[2023-09-01T15:14:37.897+0000] {processor.py:179} INFO - Processing /home/airflow/.local/lib/python3.8/site-packages/airflow/example_dags/example_task_group_decorator.py took 0.095 seconds
[2023-09-01T15:15:08.795+0000] {processor.py:157} INFO - Started process (PID=2695) to work on /home/airflow/.local/lib/python3.8/site-packages/airflow/example_dags/example_task_group_decorator.py
[2023-09-01T15:15:08.796+0000] {processor.py:829} INFO - Processing file /home/airflow/.local/lib/python3.8/site-packages/airflow/example_dags/example_task_group_decorator.py for tasks to queue
[2023-09-01T15:15:08.799+0000] {logging_mixin.py:151} INFO - [2023-09-01T15:15:08.799+0000] {dagbag.py:539} INFO - Filling up the DagBag from /home/airflow/.local/lib/python3.8/site-packages/airflow/example_dags/example_task_group_decorator.py
[2023-09-01T15:15:08.816+0000] {processor.py:839} INFO - DAG(s) dict_keys(['example_task_group_decorator']) retrieved from /home/airflow/.local/lib/python3.8/site-packages/airflow/example_dags/example_task_group_decorator.py
[2023-09-01T15:15:08.843+0000] {logging_mixin.py:151} INFO - [2023-09-01T15:15:08.843+0000] {dag.py:2907} INFO - Sync 1 DAGs
[2023-09-01T15:15:08.867+0000] {logging_mixin.py:151} INFO - [2023-09-01T15:15:08.867+0000] {dag.py:3677} INFO - Setting next_dagrun for example_task_group_decorator to 2023-08-31T15:15:08.867319+00:00, run_after=2023-09-01T15:15:08.867319+00:00
[2023-09-01T15:15:08.887+0000] {processor.py:179} INFO - Processing /home/airflow/.local/lib/python3.8/site-packages/airflow/example_dags/example_task_group_decorator.py took 0.097 seconds
[2023-09-01T15:15:39.165+0000] {processor.py:157} INFO - Started process (PID=2749) to work on /home/airflow/.local/lib/python3.8/site-packages/airflow/example_dags/example_task_group_decorator.py
[2023-09-01T15:15:39.166+0000] {processor.py:829} INFO - Processing file /home/airflow/.local/lib/python3.8/site-packages/airflow/example_dags/example_task_group_decorator.py for tasks to queue
[2023-09-01T15:15:39.168+0000] {logging_mixin.py:151} INFO - [2023-09-01T15:15:39.168+0000] {dagbag.py:539} INFO - Filling up the DagBag from /home/airflow/.local/lib/python3.8/site-packages/airflow/example_dags/example_task_group_decorator.py
[2023-09-01T15:15:39.185+0000] {processor.py:839} INFO - DAG(s) dict_keys(['example_task_group_decorator']) retrieved from /home/airflow/.local/lib/python3.8/site-packages/airflow/example_dags/example_task_group_decorator.py
[2023-09-01T15:15:39.213+0000] {logging_mixin.py:151} INFO - [2023-09-01T15:15:39.213+0000] {dag.py:2907} INFO - Sync 1 DAGs
[2023-09-01T15:15:39.237+0000] {logging_mixin.py:151} INFO - [2023-09-01T15:15:39.237+0000] {dag.py:3677} INFO - Setting next_dagrun for example_task_group_decorator to 2023-08-31T15:15:39.236895+00:00, run_after=2023-09-01T15:15:39.236895+00:00
[2023-09-01T15:15:39.257+0000] {processor.py:179} INFO - Processing /home/airflow/.local/lib/python3.8/site-packages/airflow/example_dags/example_task_group_decorator.py took 0.096 seconds
[2023-09-01T15:16:10.254+0000] {processor.py:157} INFO - Started process (PID=2803) to work on /home/airflow/.local/lib/python3.8/site-packages/airflow/example_dags/example_task_group_decorator.py
[2023-09-01T15:16:10.255+0000] {processor.py:829} INFO - Processing file /home/airflow/.local/lib/python3.8/site-packages/airflow/example_dags/example_task_group_decorator.py for tasks to queue
[2023-09-01T15:16:10.258+0000] {logging_mixin.py:151} INFO - [2023-09-01T15:16:10.257+0000] {dagbag.py:539} INFO - Filling up the DagBag from /home/airflow/.local/lib/python3.8/site-packages/airflow/example_dags/example_task_group_decorator.py
[2023-09-01T15:16:10.275+0000] {processor.py:839} INFO - DAG(s) dict_keys(['example_task_group_decorator']) retrieved from /home/airflow/.local/lib/python3.8/site-packages/airflow/example_dags/example_task_group_decorator.py
[2023-09-01T15:16:10.301+0000] {logging_mixin.py:151} INFO - [2023-09-01T15:16:10.301+0000] {dag.py:2907} INFO - Sync 1 DAGs
[2023-09-01T15:16:10.322+0000] {logging_mixin.py:151} INFO - [2023-09-01T15:16:10.322+0000] {dag.py:3677} INFO - Setting next_dagrun for example_task_group_decorator to 2023-08-31T15:16:10.322435+00:00, run_after=2023-09-01T15:16:10.322435+00:00
[2023-09-01T15:16:10.342+0000] {processor.py:179} INFO - Processing /home/airflow/.local/lib/python3.8/site-packages/airflow/example_dags/example_task_group_decorator.py took 0.092 seconds
[2023-09-01T15:16:40.726+0000] {processor.py:157} INFO - Started process (PID=2858) to work on /home/airflow/.local/lib/python3.8/site-packages/airflow/example_dags/example_task_group_decorator.py
[2023-09-01T15:16:40.727+0000] {processor.py:829} INFO - Processing file /home/airflow/.local/lib/python3.8/site-packages/airflow/example_dags/example_task_group_decorator.py for tasks to queue
[2023-09-01T15:16:40.730+0000] {logging_mixin.py:151} INFO - [2023-09-01T15:16:40.730+0000] {dagbag.py:539} INFO - Filling up the DagBag from /home/airflow/.local/lib/python3.8/site-packages/airflow/example_dags/example_task_group_decorator.py
[2023-09-01T15:16:40.748+0000] {processor.py:839} INFO - DAG(s) dict_keys(['example_task_group_decorator']) retrieved from /home/airflow/.local/lib/python3.8/site-packages/airflow/example_dags/example_task_group_decorator.py
[2023-09-01T15:16:40.776+0000] {logging_mixin.py:151} INFO - [2023-09-01T15:16:40.776+0000] {dag.py:2907} INFO - Sync 1 DAGs
[2023-09-01T15:16:40.800+0000] {logging_mixin.py:151} INFO - [2023-09-01T15:16:40.799+0000] {dag.py:3677} INFO - Setting next_dagrun for example_task_group_decorator to 2023-08-31T15:16:40.799546+00:00, run_after=2023-09-01T15:16:40.799546+00:00
[2023-09-01T15:16:40.820+0000] {processor.py:179} INFO - Processing /home/airflow/.local/lib/python3.8/site-packages/airflow/example_dags/example_task_group_decorator.py took 0.098 seconds
[2023-09-01T15:17:11.252+0000] {processor.py:157} INFO - Started process (PID=2913) to work on /home/airflow/.local/lib/python3.8/site-packages/airflow/example_dags/example_task_group_decorator.py
[2023-09-01T15:17:11.253+0000] {processor.py:829} INFO - Processing file /home/airflow/.local/lib/python3.8/site-packages/airflow/example_dags/example_task_group_decorator.py for tasks to queue
[2023-09-01T15:17:11.256+0000] {logging_mixin.py:151} INFO - [2023-09-01T15:17:11.256+0000] {dagbag.py:539} INFO - Filling up the DagBag from /home/airflow/.local/lib/python3.8/site-packages/airflow/example_dags/example_task_group_decorator.py
[2023-09-01T15:17:11.279+0000] {processor.py:839} INFO - DAG(s) dict_keys(['example_task_group_decorator']) retrieved from /home/airflow/.local/lib/python3.8/site-packages/airflow/example_dags/example_task_group_decorator.py
[2023-09-01T15:17:11.315+0000] {logging_mixin.py:151} INFO - [2023-09-01T15:17:11.315+0000] {dag.py:2907} INFO - Sync 1 DAGs
[2023-09-01T15:17:11.348+0000] {logging_mixin.py:151} INFO - [2023-09-01T15:17:11.348+0000] {dag.py:3677} INFO - Setting next_dagrun for example_task_group_decorator to 2023-08-31T15:17:11.347977+00:00, run_after=2023-09-01T15:17:11.347977+00:00
[2023-09-01T15:17:11.375+0000] {processor.py:179} INFO - Processing /home/airflow/.local/lib/python3.8/site-packages/airflow/example_dags/example_task_group_decorator.py took 0.127 seconds
[2023-09-01T15:17:41.828+0000] {processor.py:157} INFO - Started process (PID=2967) to work on /home/airflow/.local/lib/python3.8/site-packages/airflow/example_dags/example_task_group_decorator.py
[2023-09-01T15:17:41.830+0000] {processor.py:829} INFO - Processing file /home/airflow/.local/lib/python3.8/site-packages/airflow/example_dags/example_task_group_decorator.py for tasks to queue
[2023-09-01T15:17:41.832+0000] {logging_mixin.py:151} INFO - [2023-09-01T15:17:41.832+0000] {dagbag.py:539} INFO - Filling up the DagBag from /home/airflow/.local/lib/python3.8/site-packages/airflow/example_dags/example_task_group_decorator.py
[2023-09-01T15:17:41.849+0000] {processor.py:839} INFO - DAG(s) dict_keys(['example_task_group_decorator']) retrieved from /home/airflow/.local/lib/python3.8/site-packages/airflow/example_dags/example_task_group_decorator.py
[2023-09-01T15:17:41.876+0000] {logging_mixin.py:151} INFO - [2023-09-01T15:17:41.876+0000] {dag.py:2907} INFO - Sync 1 DAGs
[2023-09-01T15:17:41.900+0000] {logging_mixin.py:151} INFO - [2023-09-01T15:17:41.900+0000] {dag.py:3677} INFO - Setting next_dagrun for example_task_group_decorator to 2023-08-31T15:17:41.900464+00:00, run_after=2023-09-01T15:17:41.900464+00:00
[2023-09-01T15:17:41.920+0000] {processor.py:179} INFO - Processing /home/airflow/.local/lib/python3.8/site-packages/airflow/example_dags/example_task_group_decorator.py took 0.095 seconds
[2023-09-01T15:18:12.802+0000] {processor.py:157} INFO - Started process (PID=3021) to work on /home/airflow/.local/lib/python3.8/site-packages/airflow/example_dags/example_task_group_decorator.py
[2023-09-01T15:18:12.804+0000] {processor.py:829} INFO - Processing file /home/airflow/.local/lib/python3.8/site-packages/airflow/example_dags/example_task_group_decorator.py for tasks to queue
[2023-09-01T15:18:12.806+0000] {logging_mixin.py:151} INFO - [2023-09-01T15:18:12.806+0000] {dagbag.py:539} INFO - Filling up the DagBag from /home/airflow/.local/lib/python3.8/site-packages/airflow/example_dags/example_task_group_decorator.py
[2023-09-01T15:18:12.824+0000] {processor.py:839} INFO - DAG(s) dict_keys(['example_task_group_decorator']) retrieved from /home/airflow/.local/lib/python3.8/site-packages/airflow/example_dags/example_task_group_decorator.py
[2023-09-01T15:18:12.852+0000] {logging_mixin.py:151} INFO - [2023-09-01T15:18:12.851+0000] {dag.py:2907} INFO - Sync 1 DAGs
[2023-09-01T15:18:12.874+0000] {logging_mixin.py:151} INFO - [2023-09-01T15:18:12.874+0000] {dag.py:3677} INFO - Setting next_dagrun for example_task_group_decorator to 2023-08-31T15:18:12.874395+00:00, run_after=2023-09-01T15:18:12.874395+00:00
[2023-09-01T15:18:12.894+0000] {processor.py:179} INFO - Processing /home/airflow/.local/lib/python3.8/site-packages/airflow/example_dags/example_task_group_decorator.py took 0.096 seconds
[2023-09-01T15:18:43.401+0000] {processor.py:157} INFO - Started process (PID=3075) to work on /home/airflow/.local/lib/python3.8/site-packages/airflow/example_dags/example_task_group_decorator.py
[2023-09-01T15:18:43.402+0000] {processor.py:829} INFO - Processing file /home/airflow/.local/lib/python3.8/site-packages/airflow/example_dags/example_task_group_decorator.py for tasks to queue
[2023-09-01T15:18:43.405+0000] {logging_mixin.py:151} INFO - [2023-09-01T15:18:43.405+0000] {dagbag.py:539} INFO - Filling up the DagBag from /home/airflow/.local/lib/python3.8/site-packages/airflow/example_dags/example_task_group_decorator.py
[2023-09-01T15:18:43.425+0000] {processor.py:839} INFO - DAG(s) dict_keys(['example_task_group_decorator']) retrieved from /home/airflow/.local/lib/python3.8/site-packages/airflow/example_dags/example_task_group_decorator.py
[2023-09-01T15:18:43.455+0000] {logging_mixin.py:151} INFO - [2023-09-01T15:18:43.454+0000] {dag.py:2907} INFO - Sync 1 DAGs
[2023-09-01T15:18:43.480+0000] {logging_mixin.py:151} INFO - [2023-09-01T15:18:43.480+0000] {dag.py:3677} INFO - Setting next_dagrun for example_task_group_decorator to 2023-08-31T15:18:43.480298+00:00, run_after=2023-09-01T15:18:43.480298+00:00
[2023-09-01T15:18:43.502+0000] {processor.py:179} INFO - Processing /home/airflow/.local/lib/python3.8/site-packages/airflow/example_dags/example_task_group_decorator.py took 0.106 seconds
[2023-09-01T15:19:14.020+0000] {processor.py:157} INFO - Started process (PID=3129) to work on /home/airflow/.local/lib/python3.8/site-packages/airflow/example_dags/example_task_group_decorator.py
[2023-09-01T15:19:14.021+0000] {processor.py:829} INFO - Processing file /home/airflow/.local/lib/python3.8/site-packages/airflow/example_dags/example_task_group_decorator.py for tasks to queue
[2023-09-01T15:19:14.024+0000] {logging_mixin.py:151} INFO - [2023-09-01T15:19:14.024+0000] {dagbag.py:539} INFO - Filling up the DagBag from /home/airflow/.local/lib/python3.8/site-packages/airflow/example_dags/example_task_group_decorator.py
[2023-09-01T15:19:14.042+0000] {processor.py:839} INFO - DAG(s) dict_keys(['example_task_group_decorator']) retrieved from /home/airflow/.local/lib/python3.8/site-packages/airflow/example_dags/example_task_group_decorator.py
[2023-09-01T15:19:14.070+0000] {logging_mixin.py:151} INFO - [2023-09-01T15:19:14.070+0000] {dag.py:2907} INFO - Sync 1 DAGs
[2023-09-01T15:19:14.094+0000] {logging_mixin.py:151} INFO - [2023-09-01T15:19:14.093+0000] {dag.py:3677} INFO - Setting next_dagrun for example_task_group_decorator to 2023-08-31T15:19:14.093565+00:00, run_after=2023-09-01T15:19:14.093565+00:00
[2023-09-01T15:19:14.113+0000] {processor.py:179} INFO - Processing /home/airflow/.local/lib/python3.8/site-packages/airflow/example_dags/example_task_group_decorator.py took 0.098 seconds
[2023-09-01T15:19:44.662+0000] {processor.py:157} INFO - Started process (PID=3183) to work on /home/airflow/.local/lib/python3.8/site-packages/airflow/example_dags/example_task_group_decorator.py
[2023-09-01T15:19:44.663+0000] {processor.py:829} INFO - Processing file /home/airflow/.local/lib/python3.8/site-packages/airflow/example_dags/example_task_group_decorator.py for tasks to queue
[2023-09-01T15:19:44.666+0000] {logging_mixin.py:151} INFO - [2023-09-01T15:19:44.666+0000] {dagbag.py:539} INFO - Filling up the DagBag from /home/airflow/.local/lib/python3.8/site-packages/airflow/example_dags/example_task_group_decorator.py
[2023-09-01T15:19:44.684+0000] {processor.py:839} INFO - DAG(s) dict_keys(['example_task_group_decorator']) retrieved from /home/airflow/.local/lib/python3.8/site-packages/airflow/example_dags/example_task_group_decorator.py
[2023-09-01T15:19:44.715+0000] {logging_mixin.py:151} INFO - [2023-09-01T15:19:44.715+0000] {dag.py:2907} INFO - Sync 1 DAGs
[2023-09-01T15:19:44.741+0000] {logging_mixin.py:151} INFO - [2023-09-01T15:19:44.741+0000] {dag.py:3677} INFO - Setting next_dagrun for example_task_group_decorator to 2023-08-31T15:19:44.740744+00:00, run_after=2023-09-01T15:19:44.740744+00:00
[2023-09-01T15:19:44.761+0000] {processor.py:179} INFO - Processing /home/airflow/.local/lib/python3.8/site-packages/airflow/example_dags/example_task_group_decorator.py took 0.104 seconds
[2023-09-01T15:20:15.135+0000] {processor.py:157} INFO - Started process (PID=3237) to work on /home/airflow/.local/lib/python3.8/site-packages/airflow/example_dags/example_task_group_decorator.py
[2023-09-01T15:20:15.136+0000] {processor.py:829} INFO - Processing file /home/airflow/.local/lib/python3.8/site-packages/airflow/example_dags/example_task_group_decorator.py for tasks to queue
[2023-09-01T15:20:15.139+0000] {logging_mixin.py:151} INFO - [2023-09-01T15:20:15.139+0000] {dagbag.py:539} INFO - Filling up the DagBag from /home/airflow/.local/lib/python3.8/site-packages/airflow/example_dags/example_task_group_decorator.py
[2023-09-01T15:20:15.156+0000] {processor.py:839} INFO - DAG(s) dict_keys(['example_task_group_decorator']) retrieved from /home/airflow/.local/lib/python3.8/site-packages/airflow/example_dags/example_task_group_decorator.py
[2023-09-01T15:20:15.184+0000] {logging_mixin.py:151} INFO - [2023-09-01T15:20:15.183+0000] {dag.py:2907} INFO - Sync 1 DAGs
[2023-09-01T15:20:15.207+0000] {logging_mixin.py:151} INFO - [2023-09-01T15:20:15.207+0000] {dag.py:3677} INFO - Setting next_dagrun for example_task_group_decorator to 2023-08-31T15:20:15.207313+00:00, run_after=2023-09-01T15:20:15.207313+00:00
[2023-09-01T15:20:15.227+0000] {processor.py:179} INFO - Processing /home/airflow/.local/lib/python3.8/site-packages/airflow/example_dags/example_task_group_decorator.py took 0.096 seconds
[2023-09-01T15:20:45.634+0000] {processor.py:157} INFO - Started process (PID=3291) to work on /home/airflow/.local/lib/python3.8/site-packages/airflow/example_dags/example_task_group_decorator.py
[2023-09-01T15:20:45.636+0000] {processor.py:829} INFO - Processing file /home/airflow/.local/lib/python3.8/site-packages/airflow/example_dags/example_task_group_decorator.py for tasks to queue
[2023-09-01T15:20:45.639+0000] {logging_mixin.py:151} INFO - [2023-09-01T15:20:45.638+0000] {dagbag.py:539} INFO - Filling up the DagBag from /home/airflow/.local/lib/python3.8/site-packages/airflow/example_dags/example_task_group_decorator.py
[2023-09-01T15:20:45.656+0000] {processor.py:839} INFO - DAG(s) dict_keys(['example_task_group_decorator']) retrieved from /home/airflow/.local/lib/python3.8/site-packages/airflow/example_dags/example_task_group_decorator.py
[2023-09-01T15:20:45.683+0000] {logging_mixin.py:151} INFO - [2023-09-01T15:20:45.683+0000] {dag.py:2907} INFO - Sync 1 DAGs
[2023-09-01T15:20:45.704+0000] {logging_mixin.py:151} INFO - [2023-09-01T15:20:45.704+0000] {dag.py:3677} INFO - Setting next_dagrun for example_task_group_decorator to 2023-08-31T15:20:45.704163+00:00, run_after=2023-09-01T15:20:45.704163+00:00
[2023-09-01T15:20:45.725+0000] {processor.py:179} INFO - Processing /home/airflow/.local/lib/python3.8/site-packages/airflow/example_dags/example_task_group_decorator.py took 0.095 seconds
[2023-09-01T15:21:16.336+0000] {processor.py:157} INFO - Started process (PID=3345) to work on /home/airflow/.local/lib/python3.8/site-packages/airflow/example_dags/example_task_group_decorator.py
[2023-09-01T15:21:16.337+0000] {processor.py:829} INFO - Processing file /home/airflow/.local/lib/python3.8/site-packages/airflow/example_dags/example_task_group_decorator.py for tasks to queue
[2023-09-01T15:21:16.340+0000] {logging_mixin.py:151} INFO - [2023-09-01T15:21:16.339+0000] {dagbag.py:539} INFO - Filling up the DagBag from /home/airflow/.local/lib/python3.8/site-packages/airflow/example_dags/example_task_group_decorator.py
[2023-09-01T15:21:16.357+0000] {processor.py:839} INFO - DAG(s) dict_keys(['example_task_group_decorator']) retrieved from /home/airflow/.local/lib/python3.8/site-packages/airflow/example_dags/example_task_group_decorator.py
[2023-09-01T15:21:16.385+0000] {logging_mixin.py:151} INFO - [2023-09-01T15:21:16.384+0000] {dag.py:2907} INFO - Sync 1 DAGs
[2023-09-01T15:21:16.409+0000] {logging_mixin.py:151} INFO - [2023-09-01T15:21:16.408+0000] {dag.py:3677} INFO - Setting next_dagrun for example_task_group_decorator to 2023-08-31T15:21:16.408639+00:00, run_after=2023-09-01T15:21:16.408639+00:00
[2023-09-01T15:21:16.428+0000] {processor.py:179} INFO - Processing /home/airflow/.local/lib/python3.8/site-packages/airflow/example_dags/example_task_group_decorator.py took 0.097 seconds
[2023-09-01T15:21:47.036+0000] {processor.py:157} INFO - Started process (PID=3399) to work on /home/airflow/.local/lib/python3.8/site-packages/airflow/example_dags/example_task_group_decorator.py
[2023-09-01T15:21:47.038+0000] {processor.py:829} INFO - Processing file /home/airflow/.local/lib/python3.8/site-packages/airflow/example_dags/example_task_group_decorator.py for tasks to queue
[2023-09-01T15:21:47.041+0000] {logging_mixin.py:151} INFO - [2023-09-01T15:21:47.041+0000] {dagbag.py:539} INFO - Filling up the DagBag from /home/airflow/.local/lib/python3.8/site-packages/airflow/example_dags/example_task_group_decorator.py
[2023-09-01T15:21:47.063+0000] {processor.py:839} INFO - DAG(s) dict_keys(['example_task_group_decorator']) retrieved from /home/airflow/.local/lib/python3.8/site-packages/airflow/example_dags/example_task_group_decorator.py
[2023-09-01T15:21:47.098+0000] {logging_mixin.py:151} INFO - [2023-09-01T15:21:47.098+0000] {dag.py:2907} INFO - Sync 1 DAGs
[2023-09-01T15:21:47.130+0000] {logging_mixin.py:151} INFO - [2023-09-01T15:21:47.130+0000] {dag.py:3677} INFO - Setting next_dagrun for example_task_group_decorator to 2023-08-31T15:21:47.129981+00:00, run_after=2023-09-01T15:21:47.129981+00:00
[2023-09-01T15:21:47.159+0000] {processor.py:179} INFO - Processing /home/airflow/.local/lib/python3.8/site-packages/airflow/example_dags/example_task_group_decorator.py took 0.129 seconds
