[2023-09-01T14:50:23.350+0000] {processor.py:157} INFO - Started process (PID=68) to work on /home/airflow/.local/lib/python3.8/site-packages/airflow/example_dags/example_skip_dag.py
[2023-09-01T14:50:23.352+0000] {processor.py:829} INFO - Processing file /home/airflow/.local/lib/python3.8/site-packages/airflow/example_dags/example_skip_dag.py for tasks to queue
[2023-09-01T14:50:23.356+0000] {logging_mixin.py:151} INFO - [2023-09-01T14:50:23.356+0000] {dagbag.py:539} INFO - Filling up the DagBag from /home/airflow/.local/lib/python3.8/site-packages/airflow/example_dags/example_skip_dag.py
[2023-09-01T14:50:23.515+0000] {processor.py:839} INFO - DAG(s) dict_keys(['example_skip_dag']) retrieved from /home/airflow/.local/lib/python3.8/site-packages/airflow/example_dags/example_skip_dag.py
[2023-09-01T14:50:23.642+0000] {logging_mixin.py:151} INFO - [2023-09-01T14:50:23.642+0000] {manager.py:501} INFO - Created Permission View: can read on DAG:example_skip_dag
[2023-09-01T14:50:23.656+0000] {logging_mixin.py:151} INFO - [2023-09-01T14:50:23.655+0000] {manager.py:501} INFO - Created Permission View: can edit on DAG:example_skip_dag
[2023-09-01T14:50:23.666+0000] {logging_mixin.py:151} INFO - [2023-09-01T14:50:23.666+0000] {manager.py:501} INFO - Created Permission View: can delete on DAG:example_skip_dag
[2023-09-01T14:50:23.684+0000] {logging_mixin.py:151} INFO - [2023-09-01T14:50:23.683+0000] {dag.py:2907} INFO - Sync 1 DAGs
[2023-09-01T14:50:23.697+0000] {logging_mixin.py:151} INFO - [2023-09-01T14:50:23.696+0000] {dag.py:2929} INFO - Creating ORM DAG for example_skip_dag
[2023-09-01T14:50:23.709+0000] {logging_mixin.py:151} INFO - [2023-09-01T14:50:23.709+0000] {dag.py:3677} INFO - Setting next_dagrun for example_skip_dag to 2023-08-31T14:50:23.708716+00:00, run_after=2023-09-01T14:50:23.708716+00:00
[2023-09-01T14:50:23.733+0000] {processor.py:179} INFO - Processing /home/airflow/.local/lib/python3.8/site-packages/airflow/example_dags/example_skip_dag.py took 0.388 seconds
[2023-09-01T14:50:54.619+0000] {processor.py:157} INFO - Started process (PID=121) to work on /home/airflow/.local/lib/python3.8/site-packages/airflow/example_dags/example_skip_dag.py
[2023-09-01T14:50:54.620+0000] {processor.py:829} INFO - Processing file /home/airflow/.local/lib/python3.8/site-packages/airflow/example_dags/example_skip_dag.py for tasks to queue
[2023-09-01T14:50:54.624+0000] {logging_mixin.py:151} INFO - [2023-09-01T14:50:54.623+0000] {dagbag.py:539} INFO - Filling up the DagBag from /home/airflow/.local/lib/python3.8/site-packages/airflow/example_dags/example_skip_dag.py
[2023-09-01T14:50:54.633+0000] {processor.py:839} INFO - DAG(s) dict_keys(['example_skip_dag']) retrieved from /home/airflow/.local/lib/python3.8/site-packages/airflow/example_dags/example_skip_dag.py
[2023-09-01T14:50:54.666+0000] {logging_mixin.py:151} INFO - [2023-09-01T14:50:54.666+0000] {dag.py:2907} INFO - Sync 1 DAGs
[2023-09-01T14:50:54.698+0000] {logging_mixin.py:151} INFO - [2023-09-01T14:50:54.698+0000] {dag.py:3677} INFO - Setting next_dagrun for example_skip_dag to 2023-08-31T14:50:54.697904+00:00, run_after=2023-09-01T14:50:54.697904+00:00
[2023-09-01T14:50:54.726+0000] {processor.py:179} INFO - Processing /home/airflow/.local/lib/python3.8/site-packages/airflow/example_dags/example_skip_dag.py took 0.112 seconds
[2023-09-01T14:51:24.873+0000] {processor.py:157} INFO - Started process (PID=175) to work on /home/airflow/.local/lib/python3.8/site-packages/airflow/example_dags/example_skip_dag.py
[2023-09-01T14:51:24.874+0000] {processor.py:829} INFO - Processing file /home/airflow/.local/lib/python3.8/site-packages/airflow/example_dags/example_skip_dag.py for tasks to queue
[2023-09-01T14:51:24.877+0000] {logging_mixin.py:151} INFO - [2023-09-01T14:51:24.877+0000] {dagbag.py:539} INFO - Filling up the DagBag from /home/airflow/.local/lib/python3.8/site-packages/airflow/example_dags/example_skip_dag.py
[2023-09-01T14:51:24.886+0000] {processor.py:839} INFO - DAG(s) dict_keys(['example_skip_dag']) retrieved from /home/airflow/.local/lib/python3.8/site-packages/airflow/example_dags/example_skip_dag.py
[2023-09-01T14:51:24.919+0000] {logging_mixin.py:151} INFO - [2023-09-01T14:51:24.918+0000] {dag.py:2907} INFO - Sync 1 DAGs
[2023-09-01T14:51:24.952+0000] {logging_mixin.py:151} INFO - [2023-09-01T14:51:24.952+0000] {dag.py:3677} INFO - Setting next_dagrun for example_skip_dag to 2023-08-31T14:51:24.951969+00:00, run_after=2023-09-01T14:51:24.951969+00:00
[2023-09-01T14:51:24.981+0000] {processor.py:179} INFO - Processing /home/airflow/.local/lib/python3.8/site-packages/airflow/example_dags/example_skip_dag.py took 0.113 seconds
[2023-09-01T14:51:55.516+0000] {processor.py:157} INFO - Started process (PID=229) to work on /home/airflow/.local/lib/python3.8/site-packages/airflow/example_dags/example_skip_dag.py
[2023-09-01T14:51:55.518+0000] {processor.py:829} INFO - Processing file /home/airflow/.local/lib/python3.8/site-packages/airflow/example_dags/example_skip_dag.py for tasks to queue
[2023-09-01T14:51:55.521+0000] {logging_mixin.py:151} INFO - [2023-09-01T14:51:55.521+0000] {dagbag.py:539} INFO - Filling up the DagBag from /home/airflow/.local/lib/python3.8/site-packages/airflow/example_dags/example_skip_dag.py
[2023-09-01T14:51:55.531+0000] {processor.py:839} INFO - DAG(s) dict_keys(['example_skip_dag']) retrieved from /home/airflow/.local/lib/python3.8/site-packages/airflow/example_dags/example_skip_dag.py
[2023-09-01T14:51:55.562+0000] {logging_mixin.py:151} INFO - [2023-09-01T14:51:55.562+0000] {dag.py:2907} INFO - Sync 1 DAGs
[2023-09-01T14:51:55.592+0000] {logging_mixin.py:151} INFO - [2023-09-01T14:51:55.591+0000] {dag.py:3677} INFO - Setting next_dagrun for example_skip_dag to 2023-08-31T14:51:55.591410+00:00, run_after=2023-09-01T14:51:55.591410+00:00
[2023-09-01T14:51:55.617+0000] {processor.py:179} INFO - Processing /home/airflow/.local/lib/python3.8/site-packages/airflow/example_dags/example_skip_dag.py took 0.106 seconds
[2023-09-01T14:52:25.906+0000] {processor.py:157} INFO - Started process (PID=290) to work on /home/airflow/.local/lib/python3.8/site-packages/airflow/example_dags/example_skip_dag.py
[2023-09-01T14:52:25.908+0000] {processor.py:829} INFO - Processing file /home/airflow/.local/lib/python3.8/site-packages/airflow/example_dags/example_skip_dag.py for tasks to queue
[2023-09-01T14:52:25.911+0000] {logging_mixin.py:151} INFO - [2023-09-01T14:52:25.911+0000] {dagbag.py:539} INFO - Filling up the DagBag from /home/airflow/.local/lib/python3.8/site-packages/airflow/example_dags/example_skip_dag.py
[2023-09-01T14:52:25.919+0000] {processor.py:839} INFO - DAG(s) dict_keys(['example_skip_dag']) retrieved from /home/airflow/.local/lib/python3.8/site-packages/airflow/example_dags/example_skip_dag.py
[2023-09-01T14:52:25.945+0000] {logging_mixin.py:151} INFO - [2023-09-01T14:52:25.945+0000] {dag.py:2907} INFO - Sync 1 DAGs
[2023-09-01T14:52:25.973+0000] {logging_mixin.py:151} INFO - [2023-09-01T14:52:25.973+0000] {dag.py:3677} INFO - Setting next_dagrun for example_skip_dag to 2023-08-31T14:52:25.972635+00:00, run_after=2023-09-01T14:52:25.972635+00:00
[2023-09-01T14:52:25.994+0000] {processor.py:179} INFO - Processing /home/airflow/.local/lib/python3.8/site-packages/airflow/example_dags/example_skip_dag.py took 0.092 seconds
[2023-09-01T14:52:56.881+0000] {processor.py:157} INFO - Started process (PID=344) to work on /home/airflow/.local/lib/python3.8/site-packages/airflow/example_dags/example_skip_dag.py
[2023-09-01T14:52:56.882+0000] {processor.py:829} INFO - Processing file /home/airflow/.local/lib/python3.8/site-packages/airflow/example_dags/example_skip_dag.py for tasks to queue
[2023-09-01T14:52:56.885+0000] {logging_mixin.py:151} INFO - [2023-09-01T14:52:56.885+0000] {dagbag.py:539} INFO - Filling up the DagBag from /home/airflow/.local/lib/python3.8/site-packages/airflow/example_dags/example_skip_dag.py
[2023-09-01T14:52:56.892+0000] {processor.py:839} INFO - DAG(s) dict_keys(['example_skip_dag']) retrieved from /home/airflow/.local/lib/python3.8/site-packages/airflow/example_dags/example_skip_dag.py
[2023-09-01T14:52:56.918+0000] {logging_mixin.py:151} INFO - [2023-09-01T14:52:56.918+0000] {dag.py:2907} INFO - Sync 1 DAGs
[2023-09-01T14:52:56.948+0000] {logging_mixin.py:151} INFO - [2023-09-01T14:52:56.947+0000] {dag.py:3677} INFO - Setting next_dagrun for example_skip_dag to 2023-08-31T14:52:56.947612+00:00, run_after=2023-09-01T14:52:56.947612+00:00
[2023-09-01T14:52:56.972+0000] {processor.py:179} INFO - Processing /home/airflow/.local/lib/python3.8/site-packages/airflow/example_dags/example_skip_dag.py took 0.095 seconds
[2023-09-01T14:53:27.571+0000] {processor.py:157} INFO - Started process (PID=399) to work on /home/airflow/.local/lib/python3.8/site-packages/airflow/example_dags/example_skip_dag.py
[2023-09-01T14:53:27.573+0000] {processor.py:829} INFO - Processing file /home/airflow/.local/lib/python3.8/site-packages/airflow/example_dags/example_skip_dag.py for tasks to queue
[2023-09-01T14:53:27.575+0000] {logging_mixin.py:151} INFO - [2023-09-01T14:53:27.575+0000] {dagbag.py:539} INFO - Filling up the DagBag from /home/airflow/.local/lib/python3.8/site-packages/airflow/example_dags/example_skip_dag.py
[2023-09-01T14:53:27.584+0000] {processor.py:839} INFO - DAG(s) dict_keys(['example_skip_dag']) retrieved from /home/airflow/.local/lib/python3.8/site-packages/airflow/example_dags/example_skip_dag.py
[2023-09-01T14:53:27.609+0000] {logging_mixin.py:151} INFO - [2023-09-01T14:53:27.609+0000] {dag.py:2907} INFO - Sync 1 DAGs
[2023-09-01T14:53:27.635+0000] {logging_mixin.py:151} INFO - [2023-09-01T14:53:27.635+0000] {dag.py:3677} INFO - Setting next_dagrun for example_skip_dag to 2023-08-31T14:53:27.634692+00:00, run_after=2023-09-01T14:53:27.634692+00:00
[2023-09-01T14:53:27.655+0000] {processor.py:179} INFO - Processing /home/airflow/.local/lib/python3.8/site-packages/airflow/example_dags/example_skip_dag.py took 0.088 seconds
[2023-09-01T14:53:58.493+0000] {processor.py:157} INFO - Started process (PID=453) to work on /home/airflow/.local/lib/python3.8/site-packages/airflow/example_dags/example_skip_dag.py
[2023-09-01T14:53:58.495+0000] {processor.py:829} INFO - Processing file /home/airflow/.local/lib/python3.8/site-packages/airflow/example_dags/example_skip_dag.py for tasks to queue
[2023-09-01T14:53:58.498+0000] {logging_mixin.py:151} INFO - [2023-09-01T14:53:58.498+0000] {dagbag.py:539} INFO - Filling up the DagBag from /home/airflow/.local/lib/python3.8/site-packages/airflow/example_dags/example_skip_dag.py
[2023-09-01T14:53:58.508+0000] {processor.py:839} INFO - DAG(s) dict_keys(['example_skip_dag']) retrieved from /home/airflow/.local/lib/python3.8/site-packages/airflow/example_dags/example_skip_dag.py
[2023-09-01T14:53:58.537+0000] {logging_mixin.py:151} INFO - [2023-09-01T14:53:58.537+0000] {dag.py:2907} INFO - Sync 1 DAGs
[2023-09-01T14:53:58.564+0000] {logging_mixin.py:151} INFO - [2023-09-01T14:53:58.564+0000] {dag.py:3677} INFO - Setting next_dagrun for example_skip_dag to 2023-08-31T14:53:58.563714+00:00, run_after=2023-09-01T14:53:58.563714+00:00
[2023-09-01T14:53:58.584+0000] {processor.py:179} INFO - Processing /home/airflow/.local/lib/python3.8/site-packages/airflow/example_dags/example_skip_dag.py took 0.096 seconds
[2023-09-01T14:54:28.617+0000] {processor.py:157} INFO - Started process (PID=507) to work on /home/airflow/.local/lib/python3.8/site-packages/airflow/example_dags/example_skip_dag.py
[2023-09-01T14:54:28.618+0000] {processor.py:829} INFO - Processing file /home/airflow/.local/lib/python3.8/site-packages/airflow/example_dags/example_skip_dag.py for tasks to queue
[2023-09-01T14:54:28.621+0000] {logging_mixin.py:151} INFO - [2023-09-01T14:54:28.621+0000] {dagbag.py:539} INFO - Filling up the DagBag from /home/airflow/.local/lib/python3.8/site-packages/airflow/example_dags/example_skip_dag.py
[2023-09-01T14:54:28.629+0000] {processor.py:839} INFO - DAG(s) dict_keys(['example_skip_dag']) retrieved from /home/airflow/.local/lib/python3.8/site-packages/airflow/example_dags/example_skip_dag.py
[2023-09-01T14:54:28.653+0000] {logging_mixin.py:151} INFO - [2023-09-01T14:54:28.653+0000] {dag.py:2907} INFO - Sync 1 DAGs
[2023-09-01T14:54:28.677+0000] {logging_mixin.py:151} INFO - [2023-09-01T14:54:28.677+0000] {dag.py:3677} INFO - Setting next_dagrun for example_skip_dag to 2023-08-31T14:54:28.676933+00:00, run_after=2023-09-01T14:54:28.676933+00:00
[2023-09-01T14:54:28.697+0000] {processor.py:179} INFO - Processing /home/airflow/.local/lib/python3.8/site-packages/airflow/example_dags/example_skip_dag.py took 0.085 seconds
[2023-09-01T14:54:59.749+0000] {processor.py:157} INFO - Started process (PID=561) to work on /home/airflow/.local/lib/python3.8/site-packages/airflow/example_dags/example_skip_dag.py
[2023-09-01T14:54:59.750+0000] {processor.py:829} INFO - Processing file /home/airflow/.local/lib/python3.8/site-packages/airflow/example_dags/example_skip_dag.py for tasks to queue
[2023-09-01T14:54:59.753+0000] {logging_mixin.py:151} INFO - [2023-09-01T14:54:59.752+0000] {dagbag.py:539} INFO - Filling up the DagBag from /home/airflow/.local/lib/python3.8/site-packages/airflow/example_dags/example_skip_dag.py
[2023-09-01T14:54:59.760+0000] {processor.py:839} INFO - DAG(s) dict_keys(['example_skip_dag']) retrieved from /home/airflow/.local/lib/python3.8/site-packages/airflow/example_dags/example_skip_dag.py
[2023-09-01T14:54:59.785+0000] {logging_mixin.py:151} INFO - [2023-09-01T14:54:59.785+0000] {dag.py:2907} INFO - Sync 1 DAGs
[2023-09-01T14:54:59.810+0000] {logging_mixin.py:151} INFO - [2023-09-01T14:54:59.809+0000] {dag.py:3677} INFO - Setting next_dagrun for example_skip_dag to 2023-08-31T14:54:59.809603+00:00, run_after=2023-09-01T14:54:59.809603+00:00
[2023-09-01T14:54:59.828+0000] {processor.py:179} INFO - Processing /home/airflow/.local/lib/python3.8/site-packages/airflow/example_dags/example_skip_dag.py took 0.084 seconds
[2023-09-01T14:55:30.748+0000] {processor.py:157} INFO - Started process (PID=615) to work on /home/airflow/.local/lib/python3.8/site-packages/airflow/example_dags/example_skip_dag.py
[2023-09-01T14:55:30.750+0000] {processor.py:829} INFO - Processing file /home/airflow/.local/lib/python3.8/site-packages/airflow/example_dags/example_skip_dag.py for tasks to queue
[2023-09-01T14:55:30.752+0000] {logging_mixin.py:151} INFO - [2023-09-01T14:55:30.752+0000] {dagbag.py:539} INFO - Filling up the DagBag from /home/airflow/.local/lib/python3.8/site-packages/airflow/example_dags/example_skip_dag.py
[2023-09-01T14:55:30.760+0000] {processor.py:839} INFO - DAG(s) dict_keys(['example_skip_dag']) retrieved from /home/airflow/.local/lib/python3.8/site-packages/airflow/example_dags/example_skip_dag.py
[2023-09-01T14:55:30.782+0000] {logging_mixin.py:151} INFO - [2023-09-01T14:55:30.782+0000] {dag.py:2907} INFO - Sync 1 DAGs
[2023-09-01T14:55:30.804+0000] {logging_mixin.py:151} INFO - [2023-09-01T14:55:30.804+0000] {dag.py:3677} INFO - Setting next_dagrun for example_skip_dag to 2023-08-31T14:55:30.804297+00:00, run_after=2023-09-01T14:55:30.804297+00:00
[2023-09-01T14:55:30.829+0000] {processor.py:179} INFO - Processing /home/airflow/.local/lib/python3.8/site-packages/airflow/example_dags/example_skip_dag.py took 0.085 seconds
[2023-09-01T14:56:01.335+0000] {processor.py:157} INFO - Started process (PID=669) to work on /home/airflow/.local/lib/python3.8/site-packages/airflow/example_dags/example_skip_dag.py
[2023-09-01T14:56:01.336+0000] {processor.py:829} INFO - Processing file /home/airflow/.local/lib/python3.8/site-packages/airflow/example_dags/example_skip_dag.py for tasks to queue
[2023-09-01T14:56:01.339+0000] {logging_mixin.py:151} INFO - [2023-09-01T14:56:01.339+0000] {dagbag.py:539} INFO - Filling up the DagBag from /home/airflow/.local/lib/python3.8/site-packages/airflow/example_dags/example_skip_dag.py
[2023-09-01T14:56:01.346+0000] {processor.py:839} INFO - DAG(s) dict_keys(['example_skip_dag']) retrieved from /home/airflow/.local/lib/python3.8/site-packages/airflow/example_dags/example_skip_dag.py
[2023-09-01T14:56:01.370+0000] {logging_mixin.py:151} INFO - [2023-09-01T14:56:01.370+0000] {dag.py:2907} INFO - Sync 1 DAGs
[2023-09-01T14:56:01.394+0000] {logging_mixin.py:151} INFO - [2023-09-01T14:56:01.394+0000] {dag.py:3677} INFO - Setting next_dagrun for example_skip_dag to 2023-08-31T14:56:01.394304+00:00, run_after=2023-09-01T14:56:01.394304+00:00
[2023-09-01T14:56:01.413+0000] {processor.py:179} INFO - Processing /home/airflow/.local/lib/python3.8/site-packages/airflow/example_dags/example_skip_dag.py took 0.082 seconds
[2023-09-01T14:56:32.137+0000] {processor.py:157} INFO - Started process (PID=723) to work on /home/airflow/.local/lib/python3.8/site-packages/airflow/example_dags/example_skip_dag.py
[2023-09-01T14:56:32.138+0000] {processor.py:829} INFO - Processing file /home/airflow/.local/lib/python3.8/site-packages/airflow/example_dags/example_skip_dag.py for tasks to queue
[2023-09-01T14:56:32.141+0000] {logging_mixin.py:151} INFO - [2023-09-01T14:56:32.140+0000] {dagbag.py:539} INFO - Filling up the DagBag from /home/airflow/.local/lib/python3.8/site-packages/airflow/example_dags/example_skip_dag.py
[2023-09-01T14:56:32.148+0000] {processor.py:839} INFO - DAG(s) dict_keys(['example_skip_dag']) retrieved from /home/airflow/.local/lib/python3.8/site-packages/airflow/example_dags/example_skip_dag.py
[2023-09-01T14:56:32.171+0000] {logging_mixin.py:151} INFO - [2023-09-01T14:56:32.171+0000] {dag.py:2907} INFO - Sync 1 DAGs
[2023-09-01T14:56:32.196+0000] {logging_mixin.py:151} INFO - [2023-09-01T14:56:32.196+0000] {dag.py:3677} INFO - Setting next_dagrun for example_skip_dag to 2023-08-31T14:56:32.195819+00:00, run_after=2023-09-01T14:56:32.195819+00:00
[2023-09-01T14:56:32.215+0000] {processor.py:179} INFO - Processing /home/airflow/.local/lib/python3.8/site-packages/airflow/example_dags/example_skip_dag.py took 0.082 seconds
[2023-09-01T14:57:02.919+0000] {processor.py:157} INFO - Started process (PID=777) to work on /home/airflow/.local/lib/python3.8/site-packages/airflow/example_dags/example_skip_dag.py
[2023-09-01T14:57:02.921+0000] {processor.py:829} INFO - Processing file /home/airflow/.local/lib/python3.8/site-packages/airflow/example_dags/example_skip_dag.py for tasks to queue
[2023-09-01T14:57:02.923+0000] {logging_mixin.py:151} INFO - [2023-09-01T14:57:02.923+0000] {dagbag.py:539} INFO - Filling up the DagBag from /home/airflow/.local/lib/python3.8/site-packages/airflow/example_dags/example_skip_dag.py
[2023-09-01T14:57:02.931+0000] {processor.py:839} INFO - DAG(s) dict_keys(['example_skip_dag']) retrieved from /home/airflow/.local/lib/python3.8/site-packages/airflow/example_dags/example_skip_dag.py
[2023-09-01T14:57:02.956+0000] {logging_mixin.py:151} INFO - [2023-09-01T14:57:02.955+0000] {dag.py:2907} INFO - Sync 1 DAGs
[2023-09-01T14:57:02.979+0000] {logging_mixin.py:151} INFO - [2023-09-01T14:57:02.978+0000] {dag.py:3677} INFO - Setting next_dagrun for example_skip_dag to 2023-08-31T14:57:02.978624+00:00, run_after=2023-09-01T14:57:02.978624+00:00
[2023-09-01T14:57:02.998+0000] {processor.py:179} INFO - Processing /home/airflow/.local/lib/python3.8/site-packages/airflow/example_dags/example_skip_dag.py took 0.083 seconds
[2023-09-01T14:57:33.734+0000] {processor.py:157} INFO - Started process (PID=831) to work on /home/airflow/.local/lib/python3.8/site-packages/airflow/example_dags/example_skip_dag.py
[2023-09-01T14:57:33.735+0000] {processor.py:829} INFO - Processing file /home/airflow/.local/lib/python3.8/site-packages/airflow/example_dags/example_skip_dag.py for tasks to queue
[2023-09-01T14:57:33.738+0000] {logging_mixin.py:151} INFO - [2023-09-01T14:57:33.737+0000] {dagbag.py:539} INFO - Filling up the DagBag from /home/airflow/.local/lib/python3.8/site-packages/airflow/example_dags/example_skip_dag.py
[2023-09-01T14:57:33.745+0000] {processor.py:839} INFO - DAG(s) dict_keys(['example_skip_dag']) retrieved from /home/airflow/.local/lib/python3.8/site-packages/airflow/example_dags/example_skip_dag.py
[2023-09-01T14:57:33.770+0000] {logging_mixin.py:151} INFO - [2023-09-01T14:57:33.769+0000] {dag.py:2907} INFO - Sync 1 DAGs
[2023-09-01T14:57:33.793+0000] {logging_mixin.py:151} INFO - [2023-09-01T14:57:33.793+0000] {dag.py:3677} INFO - Setting next_dagrun for example_skip_dag to 2023-08-31T14:57:33.793239+00:00, run_after=2023-09-01T14:57:33.793239+00:00
[2023-09-01T14:57:33.813+0000] {processor.py:179} INFO - Processing /home/airflow/.local/lib/python3.8/site-packages/airflow/example_dags/example_skip_dag.py took 0.083 seconds
[2023-09-01T14:58:04.468+0000] {processor.py:157} INFO - Started process (PID=885) to work on /home/airflow/.local/lib/python3.8/site-packages/airflow/example_dags/example_skip_dag.py
[2023-09-01T14:58:04.469+0000] {processor.py:829} INFO - Processing file /home/airflow/.local/lib/python3.8/site-packages/airflow/example_dags/example_skip_dag.py for tasks to queue
[2023-09-01T14:58:04.472+0000] {logging_mixin.py:151} INFO - [2023-09-01T14:58:04.472+0000] {dagbag.py:539} INFO - Filling up the DagBag from /home/airflow/.local/lib/python3.8/site-packages/airflow/example_dags/example_skip_dag.py
[2023-09-01T14:58:04.480+0000] {processor.py:839} INFO - DAG(s) dict_keys(['example_skip_dag']) retrieved from /home/airflow/.local/lib/python3.8/site-packages/airflow/example_dags/example_skip_dag.py
[2023-09-01T14:58:04.504+0000] {logging_mixin.py:151} INFO - [2023-09-01T14:58:04.504+0000] {dag.py:2907} INFO - Sync 1 DAGs
[2023-09-01T14:58:04.527+0000] {logging_mixin.py:151} INFO - [2023-09-01T14:58:04.527+0000] {dag.py:3677} INFO - Setting next_dagrun for example_skip_dag to 2023-08-31T14:58:04.527283+00:00, run_after=2023-09-01T14:58:04.527283+00:00
[2023-09-01T14:58:04.546+0000] {processor.py:179} INFO - Processing /home/airflow/.local/lib/python3.8/site-packages/airflow/example_dags/example_skip_dag.py took 0.081 seconds
[2023-09-01T14:58:35.356+0000] {processor.py:157} INFO - Started process (PID=939) to work on /home/airflow/.local/lib/python3.8/site-packages/airflow/example_dags/example_skip_dag.py
[2023-09-01T14:58:35.357+0000] {processor.py:829} INFO - Processing file /home/airflow/.local/lib/python3.8/site-packages/airflow/example_dags/example_skip_dag.py for tasks to queue
[2023-09-01T14:58:35.360+0000] {logging_mixin.py:151} INFO - [2023-09-01T14:58:35.359+0000] {dagbag.py:539} INFO - Filling up the DagBag from /home/airflow/.local/lib/python3.8/site-packages/airflow/example_dags/example_skip_dag.py
[2023-09-01T14:58:35.368+0000] {processor.py:839} INFO - DAG(s) dict_keys(['example_skip_dag']) retrieved from /home/airflow/.local/lib/python3.8/site-packages/airflow/example_dags/example_skip_dag.py
[2023-09-01T14:58:35.391+0000] {logging_mixin.py:151} INFO - [2023-09-01T14:58:35.391+0000] {dag.py:2907} INFO - Sync 1 DAGs
[2023-09-01T14:58:35.416+0000] {logging_mixin.py:151} INFO - [2023-09-01T14:58:35.415+0000] {dag.py:3677} INFO - Setting next_dagrun for example_skip_dag to 2023-08-31T14:58:35.415545+00:00, run_after=2023-09-01T14:58:35.415545+00:00
[2023-09-01T14:58:35.435+0000] {processor.py:179} INFO - Processing /home/airflow/.local/lib/python3.8/site-packages/airflow/example_dags/example_skip_dag.py took 0.083 seconds
[2023-09-01T14:59:06.154+0000] {processor.py:157} INFO - Started process (PID=993) to work on /home/airflow/.local/lib/python3.8/site-packages/airflow/example_dags/example_skip_dag.py
[2023-09-01T14:59:06.156+0000] {processor.py:829} INFO - Processing file /home/airflow/.local/lib/python3.8/site-packages/airflow/example_dags/example_skip_dag.py for tasks to queue
[2023-09-01T14:59:06.158+0000] {logging_mixin.py:151} INFO - [2023-09-01T14:59:06.158+0000] {dagbag.py:539} INFO - Filling up the DagBag from /home/airflow/.local/lib/python3.8/site-packages/airflow/example_dags/example_skip_dag.py
[2023-09-01T14:59:06.166+0000] {processor.py:839} INFO - DAG(s) dict_keys(['example_skip_dag']) retrieved from /home/airflow/.local/lib/python3.8/site-packages/airflow/example_dags/example_skip_dag.py
[2023-09-01T14:59:06.189+0000] {logging_mixin.py:151} INFO - [2023-09-01T14:59:06.189+0000] {dag.py:2907} INFO - Sync 1 DAGs
[2023-09-01T14:59:06.214+0000] {logging_mixin.py:151} INFO - [2023-09-01T14:59:06.214+0000] {dag.py:3677} INFO - Setting next_dagrun for example_skip_dag to 2023-08-31T14:59:06.214244+00:00, run_after=2023-09-01T14:59:06.214244+00:00
[2023-09-01T14:59:06.234+0000] {processor.py:179} INFO - Processing /home/airflow/.local/lib/python3.8/site-packages/airflow/example_dags/example_skip_dag.py took 0.083 seconds
[2023-09-01T14:59:36.716+0000] {processor.py:157} INFO - Started process (PID=1047) to work on /home/airflow/.local/lib/python3.8/site-packages/airflow/example_dags/example_skip_dag.py
[2023-09-01T14:59:36.718+0000] {processor.py:829} INFO - Processing file /home/airflow/.local/lib/python3.8/site-packages/airflow/example_dags/example_skip_dag.py for tasks to queue
[2023-09-01T14:59:36.721+0000] {logging_mixin.py:151} INFO - [2023-09-01T14:59:36.720+0000] {dagbag.py:539} INFO - Filling up the DagBag from /home/airflow/.local/lib/python3.8/site-packages/airflow/example_dags/example_skip_dag.py
[2023-09-01T14:59:36.729+0000] {processor.py:839} INFO - DAG(s) dict_keys(['example_skip_dag']) retrieved from /home/airflow/.local/lib/python3.8/site-packages/airflow/example_dags/example_skip_dag.py
[2023-09-01T14:59:36.753+0000] {logging_mixin.py:151} INFO - [2023-09-01T14:59:36.753+0000] {dag.py:2907} INFO - Sync 1 DAGs
[2023-09-01T14:59:36.778+0000] {logging_mixin.py:151} INFO - [2023-09-01T14:59:36.778+0000] {dag.py:3677} INFO - Setting next_dagrun for example_skip_dag to 2023-08-31T14:59:36.777799+00:00, run_after=2023-09-01T14:59:36.777799+00:00
[2023-09-01T14:59:36.798+0000] {processor.py:179} INFO - Processing /home/airflow/.local/lib/python3.8/site-packages/airflow/example_dags/example_skip_dag.py took 0.086 seconds
[2023-09-01T15:00:07.635+0000] {processor.py:157} INFO - Started process (PID=1101) to work on /home/airflow/.local/lib/python3.8/site-packages/airflow/example_dags/example_skip_dag.py
[2023-09-01T15:00:07.636+0000] {processor.py:829} INFO - Processing file /home/airflow/.local/lib/python3.8/site-packages/airflow/example_dags/example_skip_dag.py for tasks to queue
[2023-09-01T15:00:07.639+0000] {logging_mixin.py:151} INFO - [2023-09-01T15:00:07.638+0000] {dagbag.py:539} INFO - Filling up the DagBag from /home/airflow/.local/lib/python3.8/site-packages/airflow/example_dags/example_skip_dag.py
[2023-09-01T15:00:07.647+0000] {processor.py:839} INFO - DAG(s) dict_keys(['example_skip_dag']) retrieved from /home/airflow/.local/lib/python3.8/site-packages/airflow/example_dags/example_skip_dag.py
[2023-09-01T15:00:07.671+0000] {logging_mixin.py:151} INFO - [2023-09-01T15:00:07.671+0000] {dag.py:2907} INFO - Sync 1 DAGs
[2023-09-01T15:00:07.692+0000] {logging_mixin.py:151} INFO - [2023-09-01T15:00:07.692+0000] {dag.py:3677} INFO - Setting next_dagrun for example_skip_dag to 2023-08-31T15:00:07.692035+00:00, run_after=2023-09-01T15:00:07.692035+00:00
[2023-09-01T15:00:07.708+0000] {processor.py:179} INFO - Processing /home/airflow/.local/lib/python3.8/site-packages/airflow/example_dags/example_skip_dag.py took 0.078 seconds
[2023-09-01T15:00:38.485+0000] {processor.py:157} INFO - Started process (PID=1155) to work on /home/airflow/.local/lib/python3.8/site-packages/airflow/example_dags/example_skip_dag.py
[2023-09-01T15:00:38.486+0000] {processor.py:829} INFO - Processing file /home/airflow/.local/lib/python3.8/site-packages/airflow/example_dags/example_skip_dag.py for tasks to queue
[2023-09-01T15:00:38.489+0000] {logging_mixin.py:151} INFO - [2023-09-01T15:00:38.489+0000] {dagbag.py:539} INFO - Filling up the DagBag from /home/airflow/.local/lib/python3.8/site-packages/airflow/example_dags/example_skip_dag.py
[2023-09-01T15:00:38.498+0000] {processor.py:839} INFO - DAG(s) dict_keys(['example_skip_dag']) retrieved from /home/airflow/.local/lib/python3.8/site-packages/airflow/example_dags/example_skip_dag.py
[2023-09-01T15:00:38.523+0000] {logging_mixin.py:151} INFO - [2023-09-01T15:00:38.523+0000] {dag.py:2907} INFO - Sync 1 DAGs
[2023-09-01T15:00:38.547+0000] {logging_mixin.py:151} INFO - [2023-09-01T15:00:38.547+0000] {dag.py:3677} INFO - Setting next_dagrun for example_skip_dag to 2023-08-31T15:00:38.547349+00:00, run_after=2023-09-01T15:00:38.547349+00:00
[2023-09-01T15:00:38.567+0000] {processor.py:179} INFO - Processing /home/airflow/.local/lib/python3.8/site-packages/airflow/example_dags/example_skip_dag.py took 0.087 seconds
[2023-09-01T15:01:09.062+0000] {processor.py:157} INFO - Started process (PID=1209) to work on /home/airflow/.local/lib/python3.8/site-packages/airflow/example_dags/example_skip_dag.py
[2023-09-01T15:01:09.063+0000] {processor.py:829} INFO - Processing file /home/airflow/.local/lib/python3.8/site-packages/airflow/example_dags/example_skip_dag.py for tasks to queue
[2023-09-01T15:01:09.066+0000] {logging_mixin.py:151} INFO - [2023-09-01T15:01:09.065+0000] {dagbag.py:539} INFO - Filling up the DagBag from /home/airflow/.local/lib/python3.8/site-packages/airflow/example_dags/example_skip_dag.py
[2023-09-01T15:01:09.074+0000] {processor.py:839} INFO - DAG(s) dict_keys(['example_skip_dag']) retrieved from /home/airflow/.local/lib/python3.8/site-packages/airflow/example_dags/example_skip_dag.py
[2023-09-01T15:01:09.098+0000] {logging_mixin.py:151} INFO - [2023-09-01T15:01:09.098+0000] {dag.py:2907} INFO - Sync 1 DAGs
[2023-09-01T15:01:09.122+0000] {logging_mixin.py:151} INFO - [2023-09-01T15:01:09.122+0000] {dag.py:3677} INFO - Setting next_dagrun for example_skip_dag to 2023-08-31T15:01:09.122214+00:00, run_after=2023-09-01T15:01:09.122214+00:00
[2023-09-01T15:01:09.142+0000] {processor.py:179} INFO - Processing /home/airflow/.local/lib/python3.8/site-packages/airflow/example_dags/example_skip_dag.py took 0.084 seconds
[2023-09-01T15:01:39.904+0000] {processor.py:157} INFO - Started process (PID=1263) to work on /home/airflow/.local/lib/python3.8/site-packages/airflow/example_dags/example_skip_dag.py
[2023-09-01T15:01:39.905+0000] {processor.py:829} INFO - Processing file /home/airflow/.local/lib/python3.8/site-packages/airflow/example_dags/example_skip_dag.py for tasks to queue
[2023-09-01T15:01:39.908+0000] {logging_mixin.py:151} INFO - [2023-09-01T15:01:39.908+0000] {dagbag.py:539} INFO - Filling up the DagBag from /home/airflow/.local/lib/python3.8/site-packages/airflow/example_dags/example_skip_dag.py
[2023-09-01T15:01:39.916+0000] {processor.py:839} INFO - DAG(s) dict_keys(['example_skip_dag']) retrieved from /home/airflow/.local/lib/python3.8/site-packages/airflow/example_dags/example_skip_dag.py
[2023-09-01T15:01:39.940+0000] {logging_mixin.py:151} INFO - [2023-09-01T15:01:39.939+0000] {dag.py:2907} INFO - Sync 1 DAGs
[2023-09-01T15:01:39.964+0000] {logging_mixin.py:151} INFO - [2023-09-01T15:01:39.964+0000] {dag.py:3677} INFO - Setting next_dagrun for example_skip_dag to 2023-08-31T15:01:39.964149+00:00, run_after=2023-09-01T15:01:39.964149+00:00
[2023-09-01T15:01:39.984+0000] {processor.py:179} INFO - Processing /home/airflow/.local/lib/python3.8/site-packages/airflow/example_dags/example_skip_dag.py took 0.084 seconds
[2023-09-01T15:02:10.677+0000] {processor.py:157} INFO - Started process (PID=1317) to work on /home/airflow/.local/lib/python3.8/site-packages/airflow/example_dags/example_skip_dag.py
[2023-09-01T15:02:10.679+0000] {processor.py:829} INFO - Processing file /home/airflow/.local/lib/python3.8/site-packages/airflow/example_dags/example_skip_dag.py for tasks to queue
[2023-09-01T15:02:10.682+0000] {logging_mixin.py:151} INFO - [2023-09-01T15:02:10.682+0000] {dagbag.py:539} INFO - Filling up the DagBag from /home/airflow/.local/lib/python3.8/site-packages/airflow/example_dags/example_skip_dag.py
[2023-09-01T15:02:10.692+0000] {processor.py:839} INFO - DAG(s) dict_keys(['example_skip_dag']) retrieved from /home/airflow/.local/lib/python3.8/site-packages/airflow/example_dags/example_skip_dag.py
[2023-09-01T15:02:10.722+0000] {logging_mixin.py:151} INFO - [2023-09-01T15:02:10.722+0000] {dag.py:2907} INFO - Sync 1 DAGs
[2023-09-01T15:02:10.757+0000] {logging_mixin.py:151} INFO - [2023-09-01T15:02:10.757+0000] {dag.py:3677} INFO - Setting next_dagrun for example_skip_dag to 2023-08-31T15:02:10.757268+00:00, run_after=2023-09-01T15:02:10.757268+00:00
[2023-09-01T15:02:10.787+0000] {processor.py:179} INFO - Processing /home/airflow/.local/lib/python3.8/site-packages/airflow/example_dags/example_skip_dag.py took 0.115 seconds
[2023-09-01T15:02:40.971+0000] {processor.py:157} INFO - Started process (PID=1371) to work on /home/airflow/.local/lib/python3.8/site-packages/airflow/example_dags/example_skip_dag.py
[2023-09-01T15:02:40.973+0000] {processor.py:829} INFO - Processing file /home/airflow/.local/lib/python3.8/site-packages/airflow/example_dags/example_skip_dag.py for tasks to queue
[2023-09-01T15:02:40.977+0000] {logging_mixin.py:151} INFO - [2023-09-01T15:02:40.977+0000] {dagbag.py:539} INFO - Filling up the DagBag from /home/airflow/.local/lib/python3.8/site-packages/airflow/example_dags/example_skip_dag.py
[2023-09-01T15:02:40.988+0000] {processor.py:839} INFO - DAG(s) dict_keys(['example_skip_dag']) retrieved from /home/airflow/.local/lib/python3.8/site-packages/airflow/example_dags/example_skip_dag.py
[2023-09-01T15:02:41.022+0000] {logging_mixin.py:151} INFO - [2023-09-01T15:02:41.022+0000] {dag.py:2907} INFO - Sync 1 DAGs
[2023-09-01T15:02:41.056+0000] {logging_mixin.py:151} INFO - [2023-09-01T15:02:41.056+0000] {dag.py:3677} INFO - Setting next_dagrun for example_skip_dag to 2023-08-31T15:02:41.055655+00:00, run_after=2023-09-01T15:02:41.055655+00:00
[2023-09-01T15:02:41.081+0000] {processor.py:179} INFO - Processing /home/airflow/.local/lib/python3.8/site-packages/airflow/example_dags/example_skip_dag.py took 0.116 seconds
[2023-09-01T15:03:11.144+0000] {processor.py:157} INFO - Started process (PID=1425) to work on /home/airflow/.local/lib/python3.8/site-packages/airflow/example_dags/example_skip_dag.py
[2023-09-01T15:03:11.145+0000] {processor.py:829} INFO - Processing file /home/airflow/.local/lib/python3.8/site-packages/airflow/example_dags/example_skip_dag.py for tasks to queue
[2023-09-01T15:03:11.148+0000] {logging_mixin.py:151} INFO - [2023-09-01T15:03:11.148+0000] {dagbag.py:539} INFO - Filling up the DagBag from /home/airflow/.local/lib/python3.8/site-packages/airflow/example_dags/example_skip_dag.py
[2023-09-01T15:03:11.158+0000] {processor.py:839} INFO - DAG(s) dict_keys(['example_skip_dag']) retrieved from /home/airflow/.local/lib/python3.8/site-packages/airflow/example_dags/example_skip_dag.py
[2023-09-01T15:03:11.185+0000] {logging_mixin.py:151} INFO - [2023-09-01T15:03:11.184+0000] {dag.py:2907} INFO - Sync 1 DAGs
[2023-09-01T15:03:11.209+0000] {logging_mixin.py:151} INFO - [2023-09-01T15:03:11.209+0000] {dag.py:3677} INFO - Setting next_dagrun for example_skip_dag to 2023-08-31T15:03:11.208909+00:00, run_after=2023-09-01T15:03:11.208909+00:00
[2023-09-01T15:03:11.229+0000] {processor.py:179} INFO - Processing /home/airflow/.local/lib/python3.8/site-packages/airflow/example_dags/example_skip_dag.py took 0.090 seconds
[2023-09-01T15:03:41.300+0000] {processor.py:157} INFO - Started process (PID=1478) to work on /home/airflow/.local/lib/python3.8/site-packages/airflow/example_dags/example_skip_dag.py
[2023-09-01T15:03:41.302+0000] {processor.py:829} INFO - Processing file /home/airflow/.local/lib/python3.8/site-packages/airflow/example_dags/example_skip_dag.py for tasks to queue
[2023-09-01T15:03:41.305+0000] {logging_mixin.py:151} INFO - [2023-09-01T15:03:41.304+0000] {dagbag.py:539} INFO - Filling up the DagBag from /home/airflow/.local/lib/python3.8/site-packages/airflow/example_dags/example_skip_dag.py
[2023-09-01T15:03:41.313+0000] {processor.py:839} INFO - DAG(s) dict_keys(['example_skip_dag']) retrieved from /home/airflow/.local/lib/python3.8/site-packages/airflow/example_dags/example_skip_dag.py
[2023-09-01T15:03:41.342+0000] {logging_mixin.py:151} INFO - [2023-09-01T15:03:41.342+0000] {dag.py:2907} INFO - Sync 1 DAGs
[2023-09-01T15:03:41.374+0000] {logging_mixin.py:151} INFO - [2023-09-01T15:03:41.374+0000] {dag.py:3677} INFO - Setting next_dagrun for example_skip_dag to 2023-08-31T15:03:41.373942+00:00, run_after=2023-09-01T15:03:41.373942+00:00
[2023-09-01T15:03:41.402+0000] {processor.py:179} INFO - Processing /home/airflow/.local/lib/python3.8/site-packages/airflow/example_dags/example_skip_dag.py took 0.106 seconds
[2023-09-01T15:04:11.473+0000] {processor.py:157} INFO - Started process (PID=1532) to work on /home/airflow/.local/lib/python3.8/site-packages/airflow/example_dags/example_skip_dag.py
[2023-09-01T15:04:11.475+0000] {processor.py:829} INFO - Processing file /home/airflow/.local/lib/python3.8/site-packages/airflow/example_dags/example_skip_dag.py for tasks to queue
[2023-09-01T15:04:11.478+0000] {logging_mixin.py:151} INFO - [2023-09-01T15:04:11.478+0000] {dagbag.py:539} INFO - Filling up the DagBag from /home/airflow/.local/lib/python3.8/site-packages/airflow/example_dags/example_skip_dag.py
[2023-09-01T15:04:11.487+0000] {processor.py:839} INFO - DAG(s) dict_keys(['example_skip_dag']) retrieved from /home/airflow/.local/lib/python3.8/site-packages/airflow/example_dags/example_skip_dag.py
[2023-09-01T15:04:11.513+0000] {logging_mixin.py:151} INFO - [2023-09-01T15:04:11.513+0000] {dag.py:2907} INFO - Sync 1 DAGs
[2023-09-01T15:04:11.536+0000] {logging_mixin.py:151} INFO - [2023-09-01T15:04:11.536+0000] {dag.py:3677} INFO - Setting next_dagrun for example_skip_dag to 2023-08-31T15:04:11.536478+00:00, run_after=2023-09-01T15:04:11.536478+00:00
[2023-09-01T15:04:11.555+0000] {processor.py:179} INFO - Processing /home/airflow/.local/lib/python3.8/site-packages/airflow/example_dags/example_skip_dag.py took 0.087 seconds
[2023-09-01T15:04:41.735+0000] {processor.py:157} INFO - Started process (PID=1586) to work on /home/airflow/.local/lib/python3.8/site-packages/airflow/example_dags/example_skip_dag.py
[2023-09-01T15:04:41.736+0000] {processor.py:829} INFO - Processing file /home/airflow/.local/lib/python3.8/site-packages/airflow/example_dags/example_skip_dag.py for tasks to queue
[2023-09-01T15:04:41.739+0000] {logging_mixin.py:151} INFO - [2023-09-01T15:04:41.739+0000] {dagbag.py:539} INFO - Filling up the DagBag from /home/airflow/.local/lib/python3.8/site-packages/airflow/example_dags/example_skip_dag.py
[2023-09-01T15:04:41.747+0000] {processor.py:839} INFO - DAG(s) dict_keys(['example_skip_dag']) retrieved from /home/airflow/.local/lib/python3.8/site-packages/airflow/example_dags/example_skip_dag.py
[2023-09-01T15:04:41.772+0000] {logging_mixin.py:151} INFO - [2023-09-01T15:04:41.772+0000] {dag.py:2907} INFO - Sync 1 DAGs
[2023-09-01T15:04:41.796+0000] {logging_mixin.py:151} INFO - [2023-09-01T15:04:41.796+0000] {dag.py:3677} INFO - Setting next_dagrun for example_skip_dag to 2023-08-31T15:04:41.795901+00:00, run_after=2023-09-01T15:04:41.795901+00:00
[2023-09-01T15:04:41.815+0000] {processor.py:179} INFO - Processing /home/airflow/.local/lib/python3.8/site-packages/airflow/example_dags/example_skip_dag.py took 0.084 seconds
[2023-09-01T15:05:11.975+0000] {processor.py:157} INFO - Started process (PID=1641) to work on /home/airflow/.local/lib/python3.8/site-packages/airflow/example_dags/example_skip_dag.py
[2023-09-01T15:05:11.976+0000] {processor.py:829} INFO - Processing file /home/airflow/.local/lib/python3.8/site-packages/airflow/example_dags/example_skip_dag.py for tasks to queue
[2023-09-01T15:05:11.979+0000] {logging_mixin.py:151} INFO - [2023-09-01T15:05:11.979+0000] {dagbag.py:539} INFO - Filling up the DagBag from /home/airflow/.local/lib/python3.8/site-packages/airflow/example_dags/example_skip_dag.py
[2023-09-01T15:05:11.987+0000] {processor.py:839} INFO - DAG(s) dict_keys(['example_skip_dag']) retrieved from /home/airflow/.local/lib/python3.8/site-packages/airflow/example_dags/example_skip_dag.py
[2023-09-01T15:05:12.010+0000] {logging_mixin.py:151} INFO - [2023-09-01T15:05:12.010+0000] {dag.py:2907} INFO - Sync 1 DAGs
[2023-09-01T15:05:12.034+0000] {logging_mixin.py:151} INFO - [2023-09-01T15:05:12.034+0000] {dag.py:3677} INFO - Setting next_dagrun for example_skip_dag to 2023-08-31T15:05:12.034477+00:00, run_after=2023-09-01T15:05:12.034477+00:00
[2023-09-01T15:05:12.054+0000] {processor.py:179} INFO - Processing /home/airflow/.local/lib/python3.8/site-packages/airflow/example_dags/example_skip_dag.py took 0.083 seconds
[2023-09-01T15:05:42.278+0000] {processor.py:157} INFO - Started process (PID=1695) to work on /home/airflow/.local/lib/python3.8/site-packages/airflow/example_dags/example_skip_dag.py
[2023-09-01T15:05:42.279+0000] {processor.py:829} INFO - Processing file /home/airflow/.local/lib/python3.8/site-packages/airflow/example_dags/example_skip_dag.py for tasks to queue
[2023-09-01T15:05:42.282+0000] {logging_mixin.py:151} INFO - [2023-09-01T15:05:42.282+0000] {dagbag.py:539} INFO - Filling up the DagBag from /home/airflow/.local/lib/python3.8/site-packages/airflow/example_dags/example_skip_dag.py
[2023-09-01T15:05:42.291+0000] {processor.py:839} INFO - DAG(s) dict_keys(['example_skip_dag']) retrieved from /home/airflow/.local/lib/python3.8/site-packages/airflow/example_dags/example_skip_dag.py
[2023-09-01T15:05:42.318+0000] {logging_mixin.py:151} INFO - [2023-09-01T15:05:42.318+0000] {dag.py:2907} INFO - Sync 1 DAGs
[2023-09-01T15:05:42.343+0000] {logging_mixin.py:151} INFO - [2023-09-01T15:05:42.343+0000] {dag.py:3677} INFO - Setting next_dagrun for example_skip_dag to 2023-08-31T15:05:42.342802+00:00, run_after=2023-09-01T15:05:42.342802+00:00
[2023-09-01T15:05:42.362+0000] {processor.py:179} INFO - Processing /home/airflow/.local/lib/python3.8/site-packages/airflow/example_dags/example_skip_dag.py took 0.089 seconds
[2023-09-01T15:06:12.530+0000] {processor.py:157} INFO - Started process (PID=1749) to work on /home/airflow/.local/lib/python3.8/site-packages/airflow/example_dags/example_skip_dag.py
[2023-09-01T15:06:12.531+0000] {processor.py:829} INFO - Processing file /home/airflow/.local/lib/python3.8/site-packages/airflow/example_dags/example_skip_dag.py for tasks to queue
[2023-09-01T15:06:12.534+0000] {logging_mixin.py:151} INFO - [2023-09-01T15:06:12.534+0000] {dagbag.py:539} INFO - Filling up the DagBag from /home/airflow/.local/lib/python3.8/site-packages/airflow/example_dags/example_skip_dag.py
[2023-09-01T15:06:12.542+0000] {processor.py:839} INFO - DAG(s) dict_keys(['example_skip_dag']) retrieved from /home/airflow/.local/lib/python3.8/site-packages/airflow/example_dags/example_skip_dag.py
[2023-09-01T15:06:12.566+0000] {logging_mixin.py:151} INFO - [2023-09-01T15:06:12.566+0000] {dag.py:2907} INFO - Sync 1 DAGs
[2023-09-01T15:06:12.590+0000] {logging_mixin.py:151} INFO - [2023-09-01T15:06:12.589+0000] {dag.py:3677} INFO - Setting next_dagrun for example_skip_dag to 2023-08-31T15:06:12.589552+00:00, run_after=2023-09-01T15:06:12.589552+00:00
[2023-09-01T15:06:12.610+0000] {processor.py:179} INFO - Processing /home/airflow/.local/lib/python3.8/site-packages/airflow/example_dags/example_skip_dag.py took 0.084 seconds
[2023-09-01T15:06:42.729+0000] {processor.py:157} INFO - Started process (PID=1803) to work on /home/airflow/.local/lib/python3.8/site-packages/airflow/example_dags/example_skip_dag.py
[2023-09-01T15:06:42.730+0000] {processor.py:829} INFO - Processing file /home/airflow/.local/lib/python3.8/site-packages/airflow/example_dags/example_skip_dag.py for tasks to queue
[2023-09-01T15:06:42.733+0000] {logging_mixin.py:151} INFO - [2023-09-01T15:06:42.732+0000] {dagbag.py:539} INFO - Filling up the DagBag from /home/airflow/.local/lib/python3.8/site-packages/airflow/example_dags/example_skip_dag.py
[2023-09-01T15:06:42.740+0000] {processor.py:839} INFO - DAG(s) dict_keys(['example_skip_dag']) retrieved from /home/airflow/.local/lib/python3.8/site-packages/airflow/example_dags/example_skip_dag.py
[2023-09-01T15:06:42.764+0000] {logging_mixin.py:151} INFO - [2023-09-01T15:06:42.764+0000] {dag.py:2907} INFO - Sync 1 DAGs
[2023-09-01T15:06:42.788+0000] {logging_mixin.py:151} INFO - [2023-09-01T15:06:42.788+0000] {dag.py:3677} INFO - Setting next_dagrun for example_skip_dag to 2023-08-31T15:06:42.788382+00:00, run_after=2023-09-01T15:06:42.788382+00:00
[2023-09-01T15:06:42.813+0000] {processor.py:179} INFO - Processing /home/airflow/.local/lib/python3.8/site-packages/airflow/example_dags/example_skip_dag.py took 0.088 seconds
[2023-09-01T15:07:12.901+0000] {processor.py:157} INFO - Started process (PID=1857) to work on /home/airflow/.local/lib/python3.8/site-packages/airflow/example_dags/example_skip_dag.py
[2023-09-01T15:07:12.902+0000] {processor.py:829} INFO - Processing file /home/airflow/.local/lib/python3.8/site-packages/airflow/example_dags/example_skip_dag.py for tasks to queue
[2023-09-01T15:07:12.905+0000] {logging_mixin.py:151} INFO - [2023-09-01T15:07:12.904+0000] {dagbag.py:539} INFO - Filling up the DagBag from /home/airflow/.local/lib/python3.8/site-packages/airflow/example_dags/example_skip_dag.py
[2023-09-01T15:07:12.912+0000] {processor.py:839} INFO - DAG(s) dict_keys(['example_skip_dag']) retrieved from /home/airflow/.local/lib/python3.8/site-packages/airflow/example_dags/example_skip_dag.py
[2023-09-01T15:07:12.936+0000] {logging_mixin.py:151} INFO - [2023-09-01T15:07:12.935+0000] {dag.py:2907} INFO - Sync 1 DAGs
[2023-09-01T15:07:12.958+0000] {logging_mixin.py:151} INFO - [2023-09-01T15:07:12.958+0000] {dag.py:3677} INFO - Setting next_dagrun for example_skip_dag to 2023-08-31T15:07:12.958419+00:00, run_after=2023-09-01T15:07:12.958419+00:00
[2023-09-01T15:07:12.978+0000] {processor.py:179} INFO - Processing /home/airflow/.local/lib/python3.8/site-packages/airflow/example_dags/example_skip_dag.py took 0.081 seconds
[2023-09-01T15:07:43.072+0000] {processor.py:157} INFO - Started process (PID=1911) to work on /home/airflow/.local/lib/python3.8/site-packages/airflow/example_dags/example_skip_dag.py
[2023-09-01T15:07:43.073+0000] {processor.py:829} INFO - Processing file /home/airflow/.local/lib/python3.8/site-packages/airflow/example_dags/example_skip_dag.py for tasks to queue
[2023-09-01T15:07:43.076+0000] {logging_mixin.py:151} INFO - [2023-09-01T15:07:43.076+0000] {dagbag.py:539} INFO - Filling up the DagBag from /home/airflow/.local/lib/python3.8/site-packages/airflow/example_dags/example_skip_dag.py
[2023-09-01T15:07:43.084+0000] {processor.py:839} INFO - DAG(s) dict_keys(['example_skip_dag']) retrieved from /home/airflow/.local/lib/python3.8/site-packages/airflow/example_dags/example_skip_dag.py
[2023-09-01T15:07:43.107+0000] {logging_mixin.py:151} INFO - [2023-09-01T15:07:43.107+0000] {dag.py:2907} INFO - Sync 1 DAGs
[2023-09-01T15:07:43.131+0000] {logging_mixin.py:151} INFO - [2023-09-01T15:07:43.131+0000] {dag.py:3677} INFO - Setting next_dagrun for example_skip_dag to 2023-08-31T15:07:43.130976+00:00, run_after=2023-09-01T15:07:43.130976+00:00
[2023-09-01T15:07:43.148+0000] {processor.py:179} INFO - Processing /home/airflow/.local/lib/python3.8/site-packages/airflow/example_dags/example_skip_dag.py took 0.080 seconds
[2023-09-01T15:08:13.443+0000] {processor.py:157} INFO - Started process (PID=1965) to work on /home/airflow/.local/lib/python3.8/site-packages/airflow/example_dags/example_skip_dag.py
[2023-09-01T15:08:13.445+0000] {processor.py:829} INFO - Processing file /home/airflow/.local/lib/python3.8/site-packages/airflow/example_dags/example_skip_dag.py for tasks to queue
[2023-09-01T15:08:13.447+0000] {logging_mixin.py:151} INFO - [2023-09-01T15:08:13.447+0000] {dagbag.py:539} INFO - Filling up the DagBag from /home/airflow/.local/lib/python3.8/site-packages/airflow/example_dags/example_skip_dag.py
[2023-09-01T15:08:13.455+0000] {processor.py:839} INFO - DAG(s) dict_keys(['example_skip_dag']) retrieved from /home/airflow/.local/lib/python3.8/site-packages/airflow/example_dags/example_skip_dag.py
[2023-09-01T15:08:13.479+0000] {logging_mixin.py:151} INFO - [2023-09-01T15:08:13.479+0000] {dag.py:2907} INFO - Sync 1 DAGs
[2023-09-01T15:08:13.503+0000] {logging_mixin.py:151} INFO - [2023-09-01T15:08:13.503+0000] {dag.py:3677} INFO - Setting next_dagrun for example_skip_dag to 2023-08-31T15:08:13.503348+00:00, run_after=2023-09-01T15:08:13.503348+00:00
[2023-09-01T15:08:13.526+0000] {processor.py:179} INFO - Processing /home/airflow/.local/lib/python3.8/site-packages/airflow/example_dags/example_skip_dag.py took 0.086 seconds
[2023-09-01T15:08:43.757+0000] {processor.py:157} INFO - Started process (PID=2019) to work on /home/airflow/.local/lib/python3.8/site-packages/airflow/example_dags/example_skip_dag.py
[2023-09-01T15:08:43.758+0000] {processor.py:829} INFO - Processing file /home/airflow/.local/lib/python3.8/site-packages/airflow/example_dags/example_skip_dag.py for tasks to queue
[2023-09-01T15:08:43.761+0000] {logging_mixin.py:151} INFO - [2023-09-01T15:08:43.761+0000] {dagbag.py:539} INFO - Filling up the DagBag from /home/airflow/.local/lib/python3.8/site-packages/airflow/example_dags/example_skip_dag.py
[2023-09-01T15:08:43.769+0000] {processor.py:839} INFO - DAG(s) dict_keys(['example_skip_dag']) retrieved from /home/airflow/.local/lib/python3.8/site-packages/airflow/example_dags/example_skip_dag.py
[2023-09-01T15:08:43.792+0000] {logging_mixin.py:151} INFO - [2023-09-01T15:08:43.792+0000] {dag.py:2907} INFO - Sync 1 DAGs
[2023-09-01T15:08:43.816+0000] {logging_mixin.py:151} INFO - [2023-09-01T15:08:43.816+0000] {dag.py:3677} INFO - Setting next_dagrun for example_skip_dag to 2023-08-31T15:08:43.815890+00:00, run_after=2023-09-01T15:08:43.815890+00:00
[2023-09-01T15:08:43.834+0000] {processor.py:179} INFO - Processing /home/airflow/.local/lib/python3.8/site-packages/airflow/example_dags/example_skip_dag.py took 0.081 seconds
[2023-09-01T15:09:14.107+0000] {processor.py:157} INFO - Started process (PID=2073) to work on /home/airflow/.local/lib/python3.8/site-packages/airflow/example_dags/example_skip_dag.py
[2023-09-01T15:09:14.108+0000] {processor.py:829} INFO - Processing file /home/airflow/.local/lib/python3.8/site-packages/airflow/example_dags/example_skip_dag.py for tasks to queue
[2023-09-01T15:09:14.111+0000] {logging_mixin.py:151} INFO - [2023-09-01T15:09:14.111+0000] {dagbag.py:539} INFO - Filling up the DagBag from /home/airflow/.local/lib/python3.8/site-packages/airflow/example_dags/example_skip_dag.py
[2023-09-01T15:09:14.118+0000] {processor.py:839} INFO - DAG(s) dict_keys(['example_skip_dag']) retrieved from /home/airflow/.local/lib/python3.8/site-packages/airflow/example_dags/example_skip_dag.py
[2023-09-01T15:09:14.142+0000] {logging_mixin.py:151} INFO - [2023-09-01T15:09:14.142+0000] {dag.py:2907} INFO - Sync 1 DAGs
[2023-09-01T15:09:14.165+0000] {logging_mixin.py:151} INFO - [2023-09-01T15:09:14.165+0000] {dag.py:3677} INFO - Setting next_dagrun for example_skip_dag to 2023-08-31T15:09:14.165459+00:00, run_after=2023-09-01T15:09:14.165459+00:00
[2023-09-01T15:09:14.185+0000] {processor.py:179} INFO - Processing /home/airflow/.local/lib/python3.8/site-packages/airflow/example_dags/example_skip_dag.py took 0.082 seconds
[2023-09-01T15:09:44.262+0000] {processor.py:157} INFO - Started process (PID=2127) to work on /home/airflow/.local/lib/python3.8/site-packages/airflow/example_dags/example_skip_dag.py
[2023-09-01T15:09:44.264+0000] {processor.py:829} INFO - Processing file /home/airflow/.local/lib/python3.8/site-packages/airflow/example_dags/example_skip_dag.py for tasks to queue
[2023-09-01T15:09:44.266+0000] {logging_mixin.py:151} INFO - [2023-09-01T15:09:44.266+0000] {dagbag.py:539} INFO - Filling up the DagBag from /home/airflow/.local/lib/python3.8/site-packages/airflow/example_dags/example_skip_dag.py
[2023-09-01T15:09:44.274+0000] {processor.py:839} INFO - DAG(s) dict_keys(['example_skip_dag']) retrieved from /home/airflow/.local/lib/python3.8/site-packages/airflow/example_dags/example_skip_dag.py
[2023-09-01T15:09:44.299+0000] {logging_mixin.py:151} INFO - [2023-09-01T15:09:44.298+0000] {dag.py:2907} INFO - Sync 1 DAGs
[2023-09-01T15:09:44.326+0000] {logging_mixin.py:151} INFO - [2023-09-01T15:09:44.326+0000] {dag.py:3677} INFO - Setting next_dagrun for example_skip_dag to 2023-08-31T15:09:44.326155+00:00, run_after=2023-09-01T15:09:44.326155+00:00
[2023-09-01T15:09:44.347+0000] {processor.py:179} INFO - Processing /home/airflow/.local/lib/python3.8/site-packages/airflow/example_dags/example_skip_dag.py took 0.089 seconds
[2023-09-01T15:10:14.695+0000] {processor.py:157} INFO - Started process (PID=2181) to work on /home/airflow/.local/lib/python3.8/site-packages/airflow/example_dags/example_skip_dag.py
[2023-09-01T15:10:14.697+0000] {processor.py:829} INFO - Processing file /home/airflow/.local/lib/python3.8/site-packages/airflow/example_dags/example_skip_dag.py for tasks to queue
[2023-09-01T15:10:14.701+0000] {logging_mixin.py:151} INFO - [2023-09-01T15:10:14.700+0000] {dagbag.py:539} INFO - Filling up the DagBag from /home/airflow/.local/lib/python3.8/site-packages/airflow/example_dags/example_skip_dag.py
[2023-09-01T15:10:14.712+0000] {processor.py:839} INFO - DAG(s) dict_keys(['example_skip_dag']) retrieved from /home/airflow/.local/lib/python3.8/site-packages/airflow/example_dags/example_skip_dag.py
[2023-09-01T15:10:14.746+0000] {logging_mixin.py:151} INFO - [2023-09-01T15:10:14.746+0000] {dag.py:2907} INFO - Sync 1 DAGs
[2023-09-01T15:10:14.777+0000] {logging_mixin.py:151} INFO - [2023-09-01T15:10:14.777+0000] {dag.py:3677} INFO - Setting next_dagrun for example_skip_dag to 2023-08-31T15:10:14.777198+00:00, run_after=2023-09-01T15:10:14.777198+00:00
[2023-09-01T15:10:14.800+0000] {processor.py:179} INFO - Processing /home/airflow/.local/lib/python3.8/site-packages/airflow/example_dags/example_skip_dag.py took 0.113 seconds
[2023-09-01T15:10:45.138+0000] {processor.py:157} INFO - Started process (PID=2235) to work on /home/airflow/.local/lib/python3.8/site-packages/airflow/example_dags/example_skip_dag.py
[2023-09-01T15:10:45.139+0000] {processor.py:829} INFO - Processing file /home/airflow/.local/lib/python3.8/site-packages/airflow/example_dags/example_skip_dag.py for tasks to queue
[2023-09-01T15:10:45.142+0000] {logging_mixin.py:151} INFO - [2023-09-01T15:10:45.142+0000] {dagbag.py:539} INFO - Filling up the DagBag from /home/airflow/.local/lib/python3.8/site-packages/airflow/example_dags/example_skip_dag.py
[2023-09-01T15:10:45.150+0000] {processor.py:839} INFO - DAG(s) dict_keys(['example_skip_dag']) retrieved from /home/airflow/.local/lib/python3.8/site-packages/airflow/example_dags/example_skip_dag.py
[2023-09-01T15:10:45.174+0000] {logging_mixin.py:151} INFO - [2023-09-01T15:10:45.173+0000] {dag.py:2907} INFO - Sync 1 DAGs
[2023-09-01T15:10:45.198+0000] {logging_mixin.py:151} INFO - [2023-09-01T15:10:45.197+0000] {dag.py:3677} INFO - Setting next_dagrun for example_skip_dag to 2023-08-31T15:10:45.197653+00:00, run_after=2023-09-01T15:10:45.197653+00:00
[2023-09-01T15:10:45.217+0000] {processor.py:179} INFO - Processing /home/airflow/.local/lib/python3.8/site-packages/airflow/example_dags/example_skip_dag.py took 0.083 seconds
[2023-09-01T15:11:15.590+0000] {processor.py:157} INFO - Started process (PID=2289) to work on /home/airflow/.local/lib/python3.8/site-packages/airflow/example_dags/example_skip_dag.py
[2023-09-01T15:11:15.591+0000] {processor.py:829} INFO - Processing file /home/airflow/.local/lib/python3.8/site-packages/airflow/example_dags/example_skip_dag.py for tasks to queue
[2023-09-01T15:11:15.594+0000] {logging_mixin.py:151} INFO - [2023-09-01T15:11:15.593+0000] {dagbag.py:539} INFO - Filling up the DagBag from /home/airflow/.local/lib/python3.8/site-packages/airflow/example_dags/example_skip_dag.py
[2023-09-01T15:11:15.601+0000] {processor.py:839} INFO - DAG(s) dict_keys(['example_skip_dag']) retrieved from /home/airflow/.local/lib/python3.8/site-packages/airflow/example_dags/example_skip_dag.py
[2023-09-01T15:11:15.625+0000] {logging_mixin.py:151} INFO - [2023-09-01T15:11:15.625+0000] {dag.py:2907} INFO - Sync 1 DAGs
[2023-09-01T15:11:15.649+0000] {logging_mixin.py:151} INFO - [2023-09-01T15:11:15.649+0000] {dag.py:3677} INFO - Setting next_dagrun for example_skip_dag to 2023-08-31T15:11:15.649166+00:00, run_after=2023-09-01T15:11:15.649166+00:00
[2023-09-01T15:11:15.668+0000] {processor.py:179} INFO - Processing /home/airflow/.local/lib/python3.8/site-packages/airflow/example_dags/example_skip_dag.py took 0.082 seconds
[2023-09-01T15:11:45.847+0000] {processor.py:157} INFO - Started process (PID=2343) to work on /home/airflow/.local/lib/python3.8/site-packages/airflow/example_dags/example_skip_dag.py
[2023-09-01T15:11:45.849+0000] {processor.py:829} INFO - Processing file /home/airflow/.local/lib/python3.8/site-packages/airflow/example_dags/example_skip_dag.py for tasks to queue
[2023-09-01T15:11:45.851+0000] {logging_mixin.py:151} INFO - [2023-09-01T15:11:45.851+0000] {dagbag.py:539} INFO - Filling up the DagBag from /home/airflow/.local/lib/python3.8/site-packages/airflow/example_dags/example_skip_dag.py
[2023-09-01T15:11:45.859+0000] {processor.py:839} INFO - DAG(s) dict_keys(['example_skip_dag']) retrieved from /home/airflow/.local/lib/python3.8/site-packages/airflow/example_dags/example_skip_dag.py
[2023-09-01T15:11:45.884+0000] {logging_mixin.py:151} INFO - [2023-09-01T15:11:45.883+0000] {dag.py:2907} INFO - Sync 1 DAGs
[2023-09-01T15:11:45.907+0000] {logging_mixin.py:151} INFO - [2023-09-01T15:11:45.906+0000] {dag.py:3677} INFO - Setting next_dagrun for example_skip_dag to 2023-08-31T15:11:45.906640+00:00, run_after=2023-09-01T15:11:45.906640+00:00
[2023-09-01T15:11:45.927+0000] {processor.py:179} INFO - Processing /home/airflow/.local/lib/python3.8/site-packages/airflow/example_dags/example_skip_dag.py took 0.084 seconds
[2023-09-01T15:12:16.041+0000] {processor.py:157} INFO - Started process (PID=2397) to work on /home/airflow/.local/lib/python3.8/site-packages/airflow/example_dags/example_skip_dag.py
[2023-09-01T15:12:16.042+0000] {processor.py:829} INFO - Processing file /home/airflow/.local/lib/python3.8/site-packages/airflow/example_dags/example_skip_dag.py for tasks to queue
[2023-09-01T15:12:16.045+0000] {logging_mixin.py:151} INFO - [2023-09-01T15:12:16.045+0000] {dagbag.py:539} INFO - Filling up the DagBag from /home/airflow/.local/lib/python3.8/site-packages/airflow/example_dags/example_skip_dag.py
[2023-09-01T15:12:16.053+0000] {processor.py:839} INFO - DAG(s) dict_keys(['example_skip_dag']) retrieved from /home/airflow/.local/lib/python3.8/site-packages/airflow/example_dags/example_skip_dag.py
[2023-09-01T15:12:16.078+0000] {logging_mixin.py:151} INFO - [2023-09-01T15:12:16.077+0000] {dag.py:2907} INFO - Sync 1 DAGs
[2023-09-01T15:12:16.101+0000] {logging_mixin.py:151} INFO - [2023-09-01T15:12:16.101+0000] {dag.py:3677} INFO - Setting next_dagrun for example_skip_dag to 2023-08-31T15:12:16.101000+00:00, run_after=2023-09-01T15:12:16.101000+00:00
[2023-09-01T15:12:16.117+0000] {processor.py:179} INFO - Processing /home/airflow/.local/lib/python3.8/site-packages/airflow/example_dags/example_skip_dag.py took 0.080 seconds
[2023-09-01T15:12:46.295+0000] {processor.py:157} INFO - Started process (PID=2451) to work on /home/airflow/.local/lib/python3.8/site-packages/airflow/example_dags/example_skip_dag.py
[2023-09-01T15:12:46.297+0000] {processor.py:829} INFO - Processing file /home/airflow/.local/lib/python3.8/site-packages/airflow/example_dags/example_skip_dag.py for tasks to queue
[2023-09-01T15:12:46.299+0000] {logging_mixin.py:151} INFO - [2023-09-01T15:12:46.299+0000] {dagbag.py:539} INFO - Filling up the DagBag from /home/airflow/.local/lib/python3.8/site-packages/airflow/example_dags/example_skip_dag.py
[2023-09-01T15:12:46.307+0000] {processor.py:839} INFO - DAG(s) dict_keys(['example_skip_dag']) retrieved from /home/airflow/.local/lib/python3.8/site-packages/airflow/example_dags/example_skip_dag.py
[2023-09-01T15:12:46.330+0000] {logging_mixin.py:151} INFO - [2023-09-01T15:12:46.330+0000] {dag.py:2907} INFO - Sync 1 DAGs
[2023-09-01T15:12:46.354+0000] {logging_mixin.py:151} INFO - [2023-09-01T15:12:46.353+0000] {dag.py:3677} INFO - Setting next_dagrun for example_skip_dag to 2023-08-31T15:12:46.353579+00:00, run_after=2023-09-01T15:12:46.353579+00:00
[2023-09-01T15:12:46.373+0000] {processor.py:179} INFO - Processing /home/airflow/.local/lib/python3.8/site-packages/airflow/example_dags/example_skip_dag.py took 0.081 seconds
[2023-09-01T15:13:16.556+0000] {processor.py:157} INFO - Started process (PID=2505) to work on /home/airflow/.local/lib/python3.8/site-packages/airflow/example_dags/example_skip_dag.py
[2023-09-01T15:13:16.557+0000] {processor.py:829} INFO - Processing file /home/airflow/.local/lib/python3.8/site-packages/airflow/example_dags/example_skip_dag.py for tasks to queue
[2023-09-01T15:13:16.560+0000] {logging_mixin.py:151} INFO - [2023-09-01T15:13:16.559+0000] {dagbag.py:539} INFO - Filling up the DagBag from /home/airflow/.local/lib/python3.8/site-packages/airflow/example_dags/example_skip_dag.py
[2023-09-01T15:13:16.568+0000] {processor.py:839} INFO - DAG(s) dict_keys(['example_skip_dag']) retrieved from /home/airflow/.local/lib/python3.8/site-packages/airflow/example_dags/example_skip_dag.py
[2023-09-01T15:13:16.593+0000] {logging_mixin.py:151} INFO - [2023-09-01T15:13:16.593+0000] {dag.py:2907} INFO - Sync 1 DAGs
[2023-09-01T15:13:16.618+0000] {logging_mixin.py:151} INFO - [2023-09-01T15:13:16.617+0000] {dag.py:3677} INFO - Setting next_dagrun for example_skip_dag to 2023-08-31T15:13:16.617572+00:00, run_after=2023-09-01T15:13:16.617572+00:00
[2023-09-01T15:13:16.639+0000] {processor.py:179} INFO - Processing /home/airflow/.local/lib/python3.8/site-packages/airflow/example_dags/example_skip_dag.py took 0.088 seconds
[2023-09-01T15:13:47.307+0000] {processor.py:157} INFO - Started process (PID=2559) to work on /home/airflow/.local/lib/python3.8/site-packages/airflow/example_dags/example_skip_dag.py
[2023-09-01T15:13:47.309+0000] {processor.py:829} INFO - Processing file /home/airflow/.local/lib/python3.8/site-packages/airflow/example_dags/example_skip_dag.py for tasks to queue
[2023-09-01T15:13:47.312+0000] {logging_mixin.py:151} INFO - [2023-09-01T15:13:47.312+0000] {dagbag.py:539} INFO - Filling up the DagBag from /home/airflow/.local/lib/python3.8/site-packages/airflow/example_dags/example_skip_dag.py
[2023-09-01T15:13:47.322+0000] {processor.py:839} INFO - DAG(s) dict_keys(['example_skip_dag']) retrieved from /home/airflow/.local/lib/python3.8/site-packages/airflow/example_dags/example_skip_dag.py
[2023-09-01T15:13:47.352+0000] {logging_mixin.py:151} INFO - [2023-09-01T15:13:47.352+0000] {dag.py:2907} INFO - Sync 1 DAGs
[2023-09-01T15:13:47.384+0000] {logging_mixin.py:151} INFO - [2023-09-01T15:13:47.384+0000] {dag.py:3677} INFO - Setting next_dagrun for example_skip_dag to 2023-08-31T15:13:47.383812+00:00, run_after=2023-09-01T15:13:47.383812+00:00
[2023-09-01T15:13:47.410+0000] {processor.py:179} INFO - Processing /home/airflow/.local/lib/python3.8/site-packages/airflow/example_dags/example_skip_dag.py took 0.108 seconds
[2023-09-01T15:14:18.369+0000] {processor.py:157} INFO - Started process (PID=2613) to work on /home/airflow/.local/lib/python3.8/site-packages/airflow/example_dags/example_skip_dag.py
[2023-09-01T15:14:18.371+0000] {processor.py:829} INFO - Processing file /home/airflow/.local/lib/python3.8/site-packages/airflow/example_dags/example_skip_dag.py for tasks to queue
[2023-09-01T15:14:18.374+0000] {logging_mixin.py:151} INFO - [2023-09-01T15:14:18.373+0000] {dagbag.py:539} INFO - Filling up the DagBag from /home/airflow/.local/lib/python3.8/site-packages/airflow/example_dags/example_skip_dag.py
[2023-09-01T15:14:18.381+0000] {processor.py:839} INFO - DAG(s) dict_keys(['example_skip_dag']) retrieved from /home/airflow/.local/lib/python3.8/site-packages/airflow/example_dags/example_skip_dag.py
[2023-09-01T15:14:18.406+0000] {logging_mixin.py:151} INFO - [2023-09-01T15:14:18.406+0000] {dag.py:2907} INFO - Sync 1 DAGs
[2023-09-01T15:14:18.430+0000] {logging_mixin.py:151} INFO - [2023-09-01T15:14:18.430+0000] {dag.py:3677} INFO - Setting next_dagrun for example_skip_dag to 2023-08-31T15:14:18.430087+00:00, run_after=2023-09-01T15:14:18.430087+00:00
[2023-09-01T15:14:18.447+0000] {processor.py:179} INFO - Processing /home/airflow/.local/lib/python3.8/site-packages/airflow/example_dags/example_skip_dag.py took 0.082 seconds
[2023-09-01T15:14:49.407+0000] {processor.py:157} INFO - Started process (PID=2667) to work on /home/airflow/.local/lib/python3.8/site-packages/airflow/example_dags/example_skip_dag.py
[2023-09-01T15:14:49.408+0000] {processor.py:829} INFO - Processing file /home/airflow/.local/lib/python3.8/site-packages/airflow/example_dags/example_skip_dag.py for tasks to queue
[2023-09-01T15:14:49.411+0000] {logging_mixin.py:151} INFO - [2023-09-01T15:14:49.410+0000] {dagbag.py:539} INFO - Filling up the DagBag from /home/airflow/.local/lib/python3.8/site-packages/airflow/example_dags/example_skip_dag.py
[2023-09-01T15:14:49.419+0000] {processor.py:839} INFO - DAG(s) dict_keys(['example_skip_dag']) retrieved from /home/airflow/.local/lib/python3.8/site-packages/airflow/example_dags/example_skip_dag.py
[2023-09-01T15:14:49.444+0000] {logging_mixin.py:151} INFO - [2023-09-01T15:14:49.443+0000] {dag.py:2907} INFO - Sync 1 DAGs
[2023-09-01T15:14:49.468+0000] {logging_mixin.py:151} INFO - [2023-09-01T15:14:49.468+0000] {dag.py:3677} INFO - Setting next_dagrun for example_skip_dag to 2023-08-31T15:14:49.467729+00:00, run_after=2023-09-01T15:14:49.467729+00:00
[2023-09-01T15:14:49.487+0000] {processor.py:179} INFO - Processing /home/airflow/.local/lib/python3.8/site-packages/airflow/example_dags/example_skip_dag.py took 0.084 seconds
[2023-09-01T15:15:20.434+0000] {processor.py:157} INFO - Started process (PID=2721) to work on /home/airflow/.local/lib/python3.8/site-packages/airflow/example_dags/example_skip_dag.py
[2023-09-01T15:15:20.435+0000] {processor.py:829} INFO - Processing file /home/airflow/.local/lib/python3.8/site-packages/airflow/example_dags/example_skip_dag.py for tasks to queue
[2023-09-01T15:15:20.438+0000] {logging_mixin.py:151} INFO - [2023-09-01T15:15:20.438+0000] {dagbag.py:539} INFO - Filling up the DagBag from /home/airflow/.local/lib/python3.8/site-packages/airflow/example_dags/example_skip_dag.py
[2023-09-01T15:15:20.445+0000] {processor.py:839} INFO - DAG(s) dict_keys(['example_skip_dag']) retrieved from /home/airflow/.local/lib/python3.8/site-packages/airflow/example_dags/example_skip_dag.py
[2023-09-01T15:15:20.470+0000] {logging_mixin.py:151} INFO - [2023-09-01T15:15:20.470+0000] {dag.py:2907} INFO - Sync 1 DAGs
[2023-09-01T15:15:20.493+0000] {logging_mixin.py:151} INFO - [2023-09-01T15:15:20.493+0000] {dag.py:3677} INFO - Setting next_dagrun for example_skip_dag to 2023-08-31T15:15:20.493360+00:00, run_after=2023-09-01T15:15:20.493360+00:00
[2023-09-01T15:15:20.512+0000] {processor.py:179} INFO - Processing /home/airflow/.local/lib/python3.8/site-packages/airflow/example_dags/example_skip_dag.py took 0.083 seconds
[2023-09-01T15:15:50.781+0000] {processor.py:157} INFO - Started process (PID=2775) to work on /home/airflow/.local/lib/python3.8/site-packages/airflow/example_dags/example_skip_dag.py
[2023-09-01T15:15:50.782+0000] {processor.py:829} INFO - Processing file /home/airflow/.local/lib/python3.8/site-packages/airflow/example_dags/example_skip_dag.py for tasks to queue
[2023-09-01T15:15:50.784+0000] {logging_mixin.py:151} INFO - [2023-09-01T15:15:50.784+0000] {dagbag.py:539} INFO - Filling up the DagBag from /home/airflow/.local/lib/python3.8/site-packages/airflow/example_dags/example_skip_dag.py
[2023-09-01T15:15:50.792+0000] {processor.py:839} INFO - DAG(s) dict_keys(['example_skip_dag']) retrieved from /home/airflow/.local/lib/python3.8/site-packages/airflow/example_dags/example_skip_dag.py
[2023-09-01T15:15:50.815+0000] {logging_mixin.py:151} INFO - [2023-09-01T15:15:50.815+0000] {dag.py:2907} INFO - Sync 1 DAGs
[2023-09-01T15:15:50.839+0000] {logging_mixin.py:151} INFO - [2023-09-01T15:15:50.839+0000] {dag.py:3677} INFO - Setting next_dagrun for example_skip_dag to 2023-08-31T15:15:50.839228+00:00, run_after=2023-09-01T15:15:50.839228+00:00
[2023-09-01T15:15:50.858+0000] {processor.py:179} INFO - Processing /home/airflow/.local/lib/python3.8/site-packages/airflow/example_dags/example_skip_dag.py took 0.081 seconds
[2023-09-01T15:16:21.001+0000] {processor.py:157} INFO - Started process (PID=2829) to work on /home/airflow/.local/lib/python3.8/site-packages/airflow/example_dags/example_skip_dag.py
[2023-09-01T15:16:21.002+0000] {processor.py:829} INFO - Processing file /home/airflow/.local/lib/python3.8/site-packages/airflow/example_dags/example_skip_dag.py for tasks to queue
[2023-09-01T15:16:21.004+0000] {logging_mixin.py:151} INFO - [2023-09-01T15:16:21.004+0000] {dagbag.py:539} INFO - Filling up the DagBag from /home/airflow/.local/lib/python3.8/site-packages/airflow/example_dags/example_skip_dag.py
[2023-09-01T15:16:21.012+0000] {processor.py:839} INFO - DAG(s) dict_keys(['example_skip_dag']) retrieved from /home/airflow/.local/lib/python3.8/site-packages/airflow/example_dags/example_skip_dag.py
[2023-09-01T15:16:21.036+0000] {logging_mixin.py:151} INFO - [2023-09-01T15:16:21.036+0000] {dag.py:2907} INFO - Sync 1 DAGs
[2023-09-01T15:16:21.060+0000] {logging_mixin.py:151} INFO - [2023-09-01T15:16:21.060+0000] {dag.py:3677} INFO - Setting next_dagrun for example_skip_dag to 2023-08-31T15:16:21.060327+00:00, run_after=2023-09-01T15:16:21.060327+00:00
[2023-09-01T15:16:21.080+0000] {processor.py:179} INFO - Processing /home/airflow/.local/lib/python3.8/site-packages/airflow/example_dags/example_skip_dag.py took 0.083 seconds
[2023-09-01T15:16:51.419+0000] {processor.py:157} INFO - Started process (PID=2884) to work on /home/airflow/.local/lib/python3.8/site-packages/airflow/example_dags/example_skip_dag.py
[2023-09-01T15:16:51.421+0000] {processor.py:829} INFO - Processing file /home/airflow/.local/lib/python3.8/site-packages/airflow/example_dags/example_skip_dag.py for tasks to queue
[2023-09-01T15:16:51.423+0000] {logging_mixin.py:151} INFO - [2023-09-01T15:16:51.423+0000] {dagbag.py:539} INFO - Filling up the DagBag from /home/airflow/.local/lib/python3.8/site-packages/airflow/example_dags/example_skip_dag.py
[2023-09-01T15:16:51.431+0000] {processor.py:839} INFO - DAG(s) dict_keys(['example_skip_dag']) retrieved from /home/airflow/.local/lib/python3.8/site-packages/airflow/example_dags/example_skip_dag.py
[2023-09-01T15:16:51.456+0000] {logging_mixin.py:151} INFO - [2023-09-01T15:16:51.455+0000] {dag.py:2907} INFO - Sync 1 DAGs
[2023-09-01T15:16:51.481+0000] {logging_mixin.py:151} INFO - [2023-09-01T15:16:51.481+0000] {dag.py:3677} INFO - Setting next_dagrun for example_skip_dag to 2023-08-31T15:16:51.481435+00:00, run_after=2023-09-01T15:16:51.481435+00:00
[2023-09-01T15:16:51.501+0000] {processor.py:179} INFO - Processing /home/airflow/.local/lib/python3.8/site-packages/airflow/example_dags/example_skip_dag.py took 0.085 seconds
[2023-09-01T15:17:22.000+0000] {processor.py:157} INFO - Started process (PID=2939) to work on /home/airflow/.local/lib/python3.8/site-packages/airflow/example_dags/example_skip_dag.py
[2023-09-01T15:17:22.002+0000] {processor.py:829} INFO - Processing file /home/airflow/.local/lib/python3.8/site-packages/airflow/example_dags/example_skip_dag.py for tasks to queue
[2023-09-01T15:17:22.006+0000] {logging_mixin.py:151} INFO - [2023-09-01T15:17:22.005+0000] {dagbag.py:539} INFO - Filling up the DagBag from /home/airflow/.local/lib/python3.8/site-packages/airflow/example_dags/example_skip_dag.py
[2023-09-01T15:17:22.015+0000] {processor.py:839} INFO - DAG(s) dict_keys(['example_skip_dag']) retrieved from /home/airflow/.local/lib/python3.8/site-packages/airflow/example_dags/example_skip_dag.py
[2023-09-01T15:17:22.042+0000] {logging_mixin.py:151} INFO - [2023-09-01T15:17:22.042+0000] {dag.py:2907} INFO - Sync 1 DAGs
[2023-09-01T15:17:22.069+0000] {logging_mixin.py:151} INFO - [2023-09-01T15:17:22.069+0000] {dag.py:3677} INFO - Setting next_dagrun for example_skip_dag to 2023-08-31T15:17:22.068881+00:00, run_after=2023-09-01T15:17:22.068881+00:00
[2023-09-01T15:17:22.089+0000] {processor.py:179} INFO - Processing /home/airflow/.local/lib/python3.8/site-packages/airflow/example_dags/example_skip_dag.py took 0.093 seconds
[2023-09-01T15:17:52.389+0000] {processor.py:157} INFO - Started process (PID=2993) to work on /home/airflow/.local/lib/python3.8/site-packages/airflow/example_dags/example_skip_dag.py
[2023-09-01T15:17:52.390+0000] {processor.py:829} INFO - Processing file /home/airflow/.local/lib/python3.8/site-packages/airflow/example_dags/example_skip_dag.py for tasks to queue
[2023-09-01T15:17:52.393+0000] {logging_mixin.py:151} INFO - [2023-09-01T15:17:52.393+0000] {dagbag.py:539} INFO - Filling up the DagBag from /home/airflow/.local/lib/python3.8/site-packages/airflow/example_dags/example_skip_dag.py
[2023-09-01T15:17:52.401+0000] {processor.py:839} INFO - DAG(s) dict_keys(['example_skip_dag']) retrieved from /home/airflow/.local/lib/python3.8/site-packages/airflow/example_dags/example_skip_dag.py
[2023-09-01T15:17:52.425+0000] {logging_mixin.py:151} INFO - [2023-09-01T15:17:52.425+0000] {dag.py:2907} INFO - Sync 1 DAGs
[2023-09-01T15:17:52.449+0000] {logging_mixin.py:151} INFO - [2023-09-01T15:17:52.449+0000] {dag.py:3677} INFO - Setting next_dagrun for example_skip_dag to 2023-08-31T15:17:52.449443+00:00, run_after=2023-09-01T15:17:52.449443+00:00
[2023-09-01T15:17:52.469+0000] {processor.py:179} INFO - Processing /home/airflow/.local/lib/python3.8/site-packages/airflow/example_dags/example_skip_dag.py took 0.083 seconds
[2023-09-01T15:18:22.586+0000] {processor.py:157} INFO - Started process (PID=3047) to work on /home/airflow/.local/lib/python3.8/site-packages/airflow/example_dags/example_skip_dag.py
[2023-09-01T15:18:22.587+0000] {processor.py:829} INFO - Processing file /home/airflow/.local/lib/python3.8/site-packages/airflow/example_dags/example_skip_dag.py for tasks to queue
[2023-09-01T15:18:22.590+0000] {logging_mixin.py:151} INFO - [2023-09-01T15:18:22.590+0000] {dagbag.py:539} INFO - Filling up the DagBag from /home/airflow/.local/lib/python3.8/site-packages/airflow/example_dags/example_skip_dag.py
[2023-09-01T15:18:22.598+0000] {processor.py:839} INFO - DAG(s) dict_keys(['example_skip_dag']) retrieved from /home/airflow/.local/lib/python3.8/site-packages/airflow/example_dags/example_skip_dag.py
[2023-09-01T15:18:22.623+0000] {logging_mixin.py:151} INFO - [2023-09-01T15:18:22.623+0000] {dag.py:2907} INFO - Sync 1 DAGs
[2023-09-01T15:18:22.648+0000] {logging_mixin.py:151} INFO - [2023-09-01T15:18:22.648+0000] {dag.py:3677} INFO - Setting next_dagrun for example_skip_dag to 2023-08-31T15:18:22.647999+00:00, run_after=2023-09-01T15:18:22.647999+00:00
[2023-09-01T15:18:22.667+0000] {processor.py:179} INFO - Processing /home/airflow/.local/lib/python3.8/site-packages/airflow/example_dags/example_skip_dag.py took 0.085 seconds
[2023-09-01T15:18:53.178+0000] {processor.py:157} INFO - Started process (PID=3101) to work on /home/airflow/.local/lib/python3.8/site-packages/airflow/example_dags/example_skip_dag.py
[2023-09-01T15:18:53.179+0000] {processor.py:829} INFO - Processing file /home/airflow/.local/lib/python3.8/site-packages/airflow/example_dags/example_skip_dag.py for tasks to queue
[2023-09-01T15:18:53.182+0000] {logging_mixin.py:151} INFO - [2023-09-01T15:18:53.182+0000] {dagbag.py:539} INFO - Filling up the DagBag from /home/airflow/.local/lib/python3.8/site-packages/airflow/example_dags/example_skip_dag.py
[2023-09-01T15:18:53.190+0000] {processor.py:839} INFO - DAG(s) dict_keys(['example_skip_dag']) retrieved from /home/airflow/.local/lib/python3.8/site-packages/airflow/example_dags/example_skip_dag.py
[2023-09-01T15:18:53.213+0000] {logging_mixin.py:151} INFO - [2023-09-01T15:18:53.213+0000] {dag.py:2907} INFO - Sync 1 DAGs
[2023-09-01T15:18:53.236+0000] {logging_mixin.py:151} INFO - [2023-09-01T15:18:53.236+0000] {dag.py:3677} INFO - Setting next_dagrun for example_skip_dag to 2023-08-31T15:18:53.236364+00:00, run_after=2023-09-01T15:18:53.236364+00:00
[2023-09-01T15:18:53.255+0000] {processor.py:179} INFO - Processing /home/airflow/.local/lib/python3.8/site-packages/airflow/example_dags/example_skip_dag.py took 0.081 seconds
[2023-09-01T15:19:23.709+0000] {processor.py:157} INFO - Started process (PID=3155) to work on /home/airflow/.local/lib/python3.8/site-packages/airflow/example_dags/example_skip_dag.py
[2023-09-01T15:19:23.710+0000] {processor.py:829} INFO - Processing file /home/airflow/.local/lib/python3.8/site-packages/airflow/example_dags/example_skip_dag.py for tasks to queue
[2023-09-01T15:19:23.713+0000] {logging_mixin.py:151} INFO - [2023-09-01T15:19:23.713+0000] {dagbag.py:539} INFO - Filling up the DagBag from /home/airflow/.local/lib/python3.8/site-packages/airflow/example_dags/example_skip_dag.py
[2023-09-01T15:19:23.722+0000] {processor.py:839} INFO - DAG(s) dict_keys(['example_skip_dag']) retrieved from /home/airflow/.local/lib/python3.8/site-packages/airflow/example_dags/example_skip_dag.py
[2023-09-01T15:19:23.746+0000] {logging_mixin.py:151} INFO - [2023-09-01T15:19:23.746+0000] {dag.py:2907} INFO - Sync 1 DAGs
[2023-09-01T15:19:23.771+0000] {logging_mixin.py:151} INFO - [2023-09-01T15:19:23.771+0000] {dag.py:3677} INFO - Setting next_dagrun for example_skip_dag to 2023-08-31T15:19:23.771486+00:00, run_after=2023-09-01T15:19:23.771486+00:00
[2023-09-01T15:19:23.796+0000] {processor.py:179} INFO - Processing /home/airflow/.local/lib/python3.8/site-packages/airflow/example_dags/example_skip_dag.py took 0.091 seconds
[2023-09-01T15:19:54.310+0000] {processor.py:157} INFO - Started process (PID=3209) to work on /home/airflow/.local/lib/python3.8/site-packages/airflow/example_dags/example_skip_dag.py
[2023-09-01T15:19:54.311+0000] {processor.py:829} INFO - Processing file /home/airflow/.local/lib/python3.8/site-packages/airflow/example_dags/example_skip_dag.py for tasks to queue
[2023-09-01T15:19:54.314+0000] {logging_mixin.py:151} INFO - [2023-09-01T15:19:54.313+0000] {dagbag.py:539} INFO - Filling up the DagBag from /home/airflow/.local/lib/python3.8/site-packages/airflow/example_dags/example_skip_dag.py
[2023-09-01T15:19:54.322+0000] {processor.py:839} INFO - DAG(s) dict_keys(['example_skip_dag']) retrieved from /home/airflow/.local/lib/python3.8/site-packages/airflow/example_dags/example_skip_dag.py
[2023-09-01T15:19:54.345+0000] {logging_mixin.py:151} INFO - [2023-09-01T15:19:54.345+0000] {dag.py:2907} INFO - Sync 1 DAGs
[2023-09-01T15:19:54.370+0000] {logging_mixin.py:151} INFO - [2023-09-01T15:19:54.369+0000] {dag.py:3677} INFO - Setting next_dagrun for example_skip_dag to 2023-08-31T15:19:54.369586+00:00, run_after=2023-09-01T15:19:54.369586+00:00
[2023-09-01T15:19:54.389+0000] {processor.py:179} INFO - Processing /home/airflow/.local/lib/python3.8/site-packages/airflow/example_dags/example_skip_dag.py took 0.084 seconds
[2023-09-01T15:20:24.757+0000] {processor.py:157} INFO - Started process (PID=3263) to work on /home/airflow/.local/lib/python3.8/site-packages/airflow/example_dags/example_skip_dag.py
[2023-09-01T15:20:24.758+0000] {processor.py:829} INFO - Processing file /home/airflow/.local/lib/python3.8/site-packages/airflow/example_dags/example_skip_dag.py for tasks to queue
[2023-09-01T15:20:24.761+0000] {logging_mixin.py:151} INFO - [2023-09-01T15:20:24.760+0000] {dagbag.py:539} INFO - Filling up the DagBag from /home/airflow/.local/lib/python3.8/site-packages/airflow/example_dags/example_skip_dag.py
[2023-09-01T15:20:24.768+0000] {processor.py:839} INFO - DAG(s) dict_keys(['example_skip_dag']) retrieved from /home/airflow/.local/lib/python3.8/site-packages/airflow/example_dags/example_skip_dag.py
[2023-09-01T15:20:24.792+0000] {logging_mixin.py:151} INFO - [2023-09-01T15:20:24.791+0000] {dag.py:2907} INFO - Sync 1 DAGs
[2023-09-01T15:20:24.816+0000] {logging_mixin.py:151} INFO - [2023-09-01T15:20:24.815+0000] {dag.py:3677} INFO - Setting next_dagrun for example_skip_dag to 2023-08-31T15:20:24.815603+00:00, run_after=2023-09-01T15:20:24.815603+00:00
[2023-09-01T15:20:24.834+0000] {processor.py:179} INFO - Processing /home/airflow/.local/lib/python3.8/site-packages/airflow/example_dags/example_skip_dag.py took 0.081 seconds
[2023-09-01T15:20:55.350+0000] {processor.py:157} INFO - Started process (PID=3317) to work on /home/airflow/.local/lib/python3.8/site-packages/airflow/example_dags/example_skip_dag.py
[2023-09-01T15:20:55.351+0000] {processor.py:829} INFO - Processing file /home/airflow/.local/lib/python3.8/site-packages/airflow/example_dags/example_skip_dag.py for tasks to queue
[2023-09-01T15:20:55.354+0000] {logging_mixin.py:151} INFO - [2023-09-01T15:20:55.354+0000] {dagbag.py:539} INFO - Filling up the DagBag from /home/airflow/.local/lib/python3.8/site-packages/airflow/example_dags/example_skip_dag.py
[2023-09-01T15:20:55.362+0000] {processor.py:839} INFO - DAG(s) dict_keys(['example_skip_dag']) retrieved from /home/airflow/.local/lib/python3.8/site-packages/airflow/example_dags/example_skip_dag.py
[2023-09-01T15:20:55.387+0000] {logging_mixin.py:151} INFO - [2023-09-01T15:20:55.387+0000] {dag.py:2907} INFO - Sync 1 DAGs
[2023-09-01T15:20:55.414+0000] {logging_mixin.py:151} INFO - [2023-09-01T15:20:55.414+0000] {dag.py:3677} INFO - Setting next_dagrun for example_skip_dag to 2023-08-31T15:20:55.413736+00:00, run_after=2023-09-01T15:20:55.413736+00:00
[2023-09-01T15:20:55.433+0000] {processor.py:179} INFO - Processing /home/airflow/.local/lib/python3.8/site-packages/airflow/example_dags/example_skip_dag.py took 0.088 seconds
[2023-09-01T15:21:25.950+0000] {processor.py:157} INFO - Started process (PID=3371) to work on /home/airflow/.local/lib/python3.8/site-packages/airflow/example_dags/example_skip_dag.py
[2023-09-01T15:21:25.951+0000] {processor.py:829} INFO - Processing file /home/airflow/.local/lib/python3.8/site-packages/airflow/example_dags/example_skip_dag.py for tasks to queue
[2023-09-01T15:21:25.953+0000] {logging_mixin.py:151} INFO - [2023-09-01T15:21:25.953+0000] {dagbag.py:539} INFO - Filling up the DagBag from /home/airflow/.local/lib/python3.8/site-packages/airflow/example_dags/example_skip_dag.py
[2023-09-01T15:21:25.961+0000] {processor.py:839} INFO - DAG(s) dict_keys(['example_skip_dag']) retrieved from /home/airflow/.local/lib/python3.8/site-packages/airflow/example_dags/example_skip_dag.py
[2023-09-01T15:21:25.984+0000] {logging_mixin.py:151} INFO - [2023-09-01T15:21:25.984+0000] {dag.py:2907} INFO - Sync 1 DAGs
[2023-09-01T15:21:26.008+0000] {logging_mixin.py:151} INFO - [2023-09-01T15:21:26.008+0000] {dag.py:3677} INFO - Setting next_dagrun for example_skip_dag to 2023-08-31T15:21:26.007741+00:00, run_after=2023-09-01T15:21:26.007741+00:00
[2023-09-01T15:21:26.027+0000] {processor.py:179} INFO - Processing /home/airflow/.local/lib/python3.8/site-packages/airflow/example_dags/example_skip_dag.py took 0.081 seconds
