[2023-09-01T14:50:17.455+0000] {processor.py:157} INFO - Started process (PID=52) to work on /home/airflow/.local/lib/python3.8/site-packages/airflow/example_dags/example_python_operator.py
[2023-09-01T14:50:17.458+0000] {processor.py:829} INFO - Processing file /home/airflow/.local/lib/python3.8/site-packages/airflow/example_dags/example_python_operator.py for tasks to queue
[2023-09-01T14:50:17.463+0000] {logging_mixin.py:151} INFO - [2023-09-01T14:50:17.462+0000] {dagbag.py:539} INFO - Filling up the DagBag from /home/airflow/.local/lib/python3.8/site-packages/airflow/example_dags/example_python_operator.py
[2023-09-01T14:50:17.497+0000] {processor.py:839} INFO - DAG(s) dict_keys(['example_python_operator']) retrieved from /home/airflow/.local/lib/python3.8/site-packages/airflow/example_dags/example_python_operator.py
[2023-09-01T14:50:18.216+0000] {logging_mixin.py:151} INFO - [2023-09-01T14:50:18.216+0000] {manager.py:501} INFO - Created Permission View: can read on DAG:example_python_operator
[2023-09-01T14:50:18.296+0000] {logging_mixin.py:151} INFO - [2023-09-01T14:50:18.296+0000] {manager.py:501} INFO - Created Permission View: can edit on DAG:example_python_operator
[2023-09-01T14:50:18.334+0000] {logging_mixin.py:151} INFO - [2023-09-01T14:50:18.333+0000] {manager.py:501} INFO - Created Permission View: can delete on DAG:example_python_operator
[2023-09-01T14:50:18.383+0000] {logging_mixin.py:151} INFO - [2023-09-01T14:50:18.382+0000] {dag.py:2907} INFO - Sync 1 DAGs
[2023-09-01T14:50:18.411+0000] {logging_mixin.py:151} INFO - [2023-09-01T14:50:18.411+0000] {dag.py:2929} INFO - Creating ORM DAG for example_python_operator
[2023-09-01T14:50:18.416+0000] {logging_mixin.py:151} INFO - [2023-09-01T14:50:18.415+0000] {dag.py:3677} INFO - Setting next_dagrun for example_python_operator to None, run_after=None
[2023-09-01T14:50:18.512+0000] {processor.py:179} INFO - Processing /home/airflow/.local/lib/python3.8/site-packages/airflow/example_dags/example_python_operator.py took 1.064 seconds
[2023-09-01T14:50:49.094+0000] {processor.py:157} INFO - Started process (PID=105) to work on /home/airflow/.local/lib/python3.8/site-packages/airflow/example_dags/example_python_operator.py
[2023-09-01T14:50:49.095+0000] {processor.py:829} INFO - Processing file /home/airflow/.local/lib/python3.8/site-packages/airflow/example_dags/example_python_operator.py for tasks to queue
[2023-09-01T14:50:49.099+0000] {logging_mixin.py:151} INFO - [2023-09-01T14:50:49.098+0000] {dagbag.py:539} INFO - Filling up the DagBag from /home/airflow/.local/lib/python3.8/site-packages/airflow/example_dags/example_python_operator.py
[2023-09-01T14:50:49.115+0000] {processor.py:839} INFO - DAG(s) dict_keys(['example_python_operator']) retrieved from /home/airflow/.local/lib/python3.8/site-packages/airflow/example_dags/example_python_operator.py
[2023-09-01T14:50:49.150+0000] {logging_mixin.py:151} INFO - [2023-09-01T14:50:49.150+0000] {dag.py:2907} INFO - Sync 1 DAGs
[2023-09-01T14:50:49.169+0000] {logging_mixin.py:151} INFO - [2023-09-01T14:50:49.168+0000] {dag.py:3677} INFO - Setting next_dagrun for example_python_operator to None, run_after=None
[2023-09-01T14:50:49.196+0000] {processor.py:179} INFO - Processing /home/airflow/.local/lib/python3.8/site-packages/airflow/example_dags/example_python_operator.py took 0.107 seconds
[2023-09-01T14:51:19.259+0000] {processor.py:157} INFO - Started process (PID=159) to work on /home/airflow/.local/lib/python3.8/site-packages/airflow/example_dags/example_python_operator.py
[2023-09-01T14:51:19.261+0000] {processor.py:829} INFO - Processing file /home/airflow/.local/lib/python3.8/site-packages/airflow/example_dags/example_python_operator.py for tasks to queue
[2023-09-01T14:51:19.264+0000] {logging_mixin.py:151} INFO - [2023-09-01T14:51:19.263+0000] {dagbag.py:539} INFO - Filling up the DagBag from /home/airflow/.local/lib/python3.8/site-packages/airflow/example_dags/example_python_operator.py
[2023-09-01T14:51:19.277+0000] {processor.py:839} INFO - DAG(s) dict_keys(['example_python_operator']) retrieved from /home/airflow/.local/lib/python3.8/site-packages/airflow/example_dags/example_python_operator.py
[2023-09-01T14:51:19.306+0000] {logging_mixin.py:151} INFO - [2023-09-01T14:51:19.306+0000] {dag.py:2907} INFO - Sync 1 DAGs
[2023-09-01T14:51:19.322+0000] {logging_mixin.py:151} INFO - [2023-09-01T14:51:19.322+0000] {dag.py:3677} INFO - Setting next_dagrun for example_python_operator to None, run_after=None
[2023-09-01T14:51:19.346+0000] {processor.py:179} INFO - Processing /home/airflow/.local/lib/python3.8/site-packages/airflow/example_dags/example_python_operator.py took 0.091 seconds
[2023-09-01T14:51:49.524+0000] {processor.py:157} INFO - Started process (PID=213) to work on /home/airflow/.local/lib/python3.8/site-packages/airflow/example_dags/example_python_operator.py
[2023-09-01T14:51:49.525+0000] {processor.py:829} INFO - Processing file /home/airflow/.local/lib/python3.8/site-packages/airflow/example_dags/example_python_operator.py for tasks to queue
[2023-09-01T14:51:49.528+0000] {logging_mixin.py:151} INFO - [2023-09-01T14:51:49.528+0000] {dagbag.py:539} INFO - Filling up the DagBag from /home/airflow/.local/lib/python3.8/site-packages/airflow/example_dags/example_python_operator.py
[2023-09-01T14:51:49.543+0000] {processor.py:839} INFO - DAG(s) dict_keys(['example_python_operator']) retrieved from /home/airflow/.local/lib/python3.8/site-packages/airflow/example_dags/example_python_operator.py
[2023-09-01T14:51:49.570+0000] {logging_mixin.py:151} INFO - [2023-09-01T14:51:49.570+0000] {dag.py:2907} INFO - Sync 1 DAGs
[2023-09-01T14:51:49.583+0000] {logging_mixin.py:151} INFO - [2023-09-01T14:51:49.583+0000] {dag.py:3677} INFO - Setting next_dagrun for example_python_operator to None, run_after=None
[2023-09-01T14:51:49.606+0000] {processor.py:179} INFO - Processing /home/airflow/.local/lib/python3.8/site-packages/airflow/example_dags/example_python_operator.py took 0.087 seconds
[2023-09-01T14:52:19.742+0000] {processor.py:157} INFO - Started process (PID=267) to work on /home/airflow/.local/lib/python3.8/site-packages/airflow/example_dags/example_python_operator.py
[2023-09-01T14:52:19.744+0000] {processor.py:829} INFO - Processing file /home/airflow/.local/lib/python3.8/site-packages/airflow/example_dags/example_python_operator.py for tasks to queue
[2023-09-01T14:52:19.747+0000] {logging_mixin.py:151} INFO - [2023-09-01T14:52:19.747+0000] {dagbag.py:539} INFO - Filling up the DagBag from /home/airflow/.local/lib/python3.8/site-packages/airflow/example_dags/example_python_operator.py
[2023-09-01T14:52:19.764+0000] {processor.py:839} INFO - DAG(s) dict_keys(['example_python_operator']) retrieved from /home/airflow/.local/lib/python3.8/site-packages/airflow/example_dags/example_python_operator.py
[2023-09-01T14:52:19.796+0000] {logging_mixin.py:151} INFO - [2023-09-01T14:52:19.796+0000] {dag.py:2907} INFO - Sync 1 DAGs
[2023-09-01T14:52:19.814+0000] {logging_mixin.py:151} INFO - [2023-09-01T14:52:19.814+0000] {dag.py:3677} INFO - Setting next_dagrun for example_python_operator to None, run_after=None
[2023-09-01T14:52:19.840+0000] {processor.py:179} INFO - Processing /home/airflow/.local/lib/python3.8/site-packages/airflow/example_dags/example_python_operator.py took 0.103 seconds
[2023-09-01T14:52:49.883+0000] {processor.py:157} INFO - Started process (PID=321) to work on /home/airflow/.local/lib/python3.8/site-packages/airflow/example_dags/example_python_operator.py
[2023-09-01T14:52:49.884+0000] {processor.py:829} INFO - Processing file /home/airflow/.local/lib/python3.8/site-packages/airflow/example_dags/example_python_operator.py for tasks to queue
[2023-09-01T14:52:49.887+0000] {logging_mixin.py:151} INFO - [2023-09-01T14:52:49.887+0000] {dagbag.py:539} INFO - Filling up the DagBag from /home/airflow/.local/lib/python3.8/site-packages/airflow/example_dags/example_python_operator.py
[2023-09-01T14:52:49.900+0000] {processor.py:839} INFO - DAG(s) dict_keys(['example_python_operator']) retrieved from /home/airflow/.local/lib/python3.8/site-packages/airflow/example_dags/example_python_operator.py
[2023-09-01T14:52:49.926+0000] {logging_mixin.py:151} INFO - [2023-09-01T14:52:49.925+0000] {dag.py:2907} INFO - Sync 1 DAGs
[2023-09-01T14:52:49.940+0000] {logging_mixin.py:151} INFO - [2023-09-01T14:52:49.940+0000] {dag.py:3677} INFO - Setting next_dagrun for example_python_operator to None, run_after=None
[2023-09-01T14:52:49.959+0000] {processor.py:179} INFO - Processing /home/airflow/.local/lib/python3.8/site-packages/airflow/example_dags/example_python_operator.py took 0.081 seconds
[2023-09-01T14:53:20.224+0000] {processor.py:157} INFO - Started process (PID=375) to work on /home/airflow/.local/lib/python3.8/site-packages/airflow/example_dags/example_python_operator.py
[2023-09-01T14:53:20.225+0000] {processor.py:829} INFO - Processing file /home/airflow/.local/lib/python3.8/site-packages/airflow/example_dags/example_python_operator.py for tasks to queue
[2023-09-01T14:53:20.228+0000] {logging_mixin.py:151} INFO - [2023-09-01T14:53:20.228+0000] {dagbag.py:539} INFO - Filling up the DagBag from /home/airflow/.local/lib/python3.8/site-packages/airflow/example_dags/example_python_operator.py
[2023-09-01T14:53:20.241+0000] {processor.py:839} INFO - DAG(s) dict_keys(['example_python_operator']) retrieved from /home/airflow/.local/lib/python3.8/site-packages/airflow/example_dags/example_python_operator.py
[2023-09-01T14:53:20.266+0000] {logging_mixin.py:151} INFO - [2023-09-01T14:53:20.266+0000] {dag.py:2907} INFO - Sync 1 DAGs
[2023-09-01T14:53:20.281+0000] {logging_mixin.py:151} INFO - [2023-09-01T14:53:20.280+0000] {dag.py:3677} INFO - Setting next_dagrun for example_python_operator to None, run_after=None
[2023-09-01T14:53:20.301+0000] {processor.py:179} INFO - Processing /home/airflow/.local/lib/python3.8/site-packages/airflow/example_dags/example_python_operator.py took 0.081 seconds
[2023-09-01T14:53:50.345+0000] {processor.py:157} INFO - Started process (PID=430) to work on /home/airflow/.local/lib/python3.8/site-packages/airflow/example_dags/example_python_operator.py
[2023-09-01T14:53:50.346+0000] {processor.py:829} INFO - Processing file /home/airflow/.local/lib/python3.8/site-packages/airflow/example_dags/example_python_operator.py for tasks to queue
[2023-09-01T14:53:50.350+0000] {logging_mixin.py:151} INFO - [2023-09-01T14:53:50.349+0000] {dagbag.py:539} INFO - Filling up the DagBag from /home/airflow/.local/lib/python3.8/site-packages/airflow/example_dags/example_python_operator.py
[2023-09-01T14:53:50.365+0000] {processor.py:839} INFO - DAG(s) dict_keys(['example_python_operator']) retrieved from /home/airflow/.local/lib/python3.8/site-packages/airflow/example_dags/example_python_operator.py
[2023-09-01T14:53:50.396+0000] {logging_mixin.py:151} INFO - [2023-09-01T14:53:50.395+0000] {dag.py:2907} INFO - Sync 1 DAGs
[2023-09-01T14:53:50.411+0000] {logging_mixin.py:151} INFO - [2023-09-01T14:53:50.410+0000] {dag.py:3677} INFO - Setting next_dagrun for example_python_operator to None, run_after=None
[2023-09-01T14:53:50.431+0000] {processor.py:179} INFO - Processing /home/airflow/.local/lib/python3.8/site-packages/airflow/example_dags/example_python_operator.py took 0.091 seconds
[2023-09-01T14:54:20.486+0000] {processor.py:157} INFO - Started process (PID=484) to work on /home/airflow/.local/lib/python3.8/site-packages/airflow/example_dags/example_python_operator.py
[2023-09-01T14:54:20.488+0000] {processor.py:829} INFO - Processing file /home/airflow/.local/lib/python3.8/site-packages/airflow/example_dags/example_python_operator.py for tasks to queue
[2023-09-01T14:54:20.491+0000] {logging_mixin.py:151} INFO - [2023-09-01T14:54:20.491+0000] {dagbag.py:539} INFO - Filling up the DagBag from /home/airflow/.local/lib/python3.8/site-packages/airflow/example_dags/example_python_operator.py
[2023-09-01T14:54:20.506+0000] {processor.py:839} INFO - DAG(s) dict_keys(['example_python_operator']) retrieved from /home/airflow/.local/lib/python3.8/site-packages/airflow/example_dags/example_python_operator.py
[2023-09-01T14:54:20.536+0000] {logging_mixin.py:151} INFO - [2023-09-01T14:54:20.536+0000] {dag.py:2907} INFO - Sync 1 DAGs
[2023-09-01T14:54:20.550+0000] {logging_mixin.py:151} INFO - [2023-09-01T14:54:20.550+0000] {dag.py:3677} INFO - Setting next_dagrun for example_python_operator to None, run_after=None
[2023-09-01T14:54:20.569+0000] {processor.py:179} INFO - Processing /home/airflow/.local/lib/python3.8/site-packages/airflow/example_dags/example_python_operator.py took 0.088 seconds
[2023-09-01T14:54:50.814+0000] {processor.py:157} INFO - Started process (PID=538) to work on /home/airflow/.local/lib/python3.8/site-packages/airflow/example_dags/example_python_operator.py
[2023-09-01T14:54:50.816+0000] {processor.py:829} INFO - Processing file /home/airflow/.local/lib/python3.8/site-packages/airflow/example_dags/example_python_operator.py for tasks to queue
[2023-09-01T14:54:50.819+0000] {logging_mixin.py:151} INFO - [2023-09-01T14:54:50.819+0000] {dagbag.py:539} INFO - Filling up the DagBag from /home/airflow/.local/lib/python3.8/site-packages/airflow/example_dags/example_python_operator.py
[2023-09-01T14:54:50.834+0000] {processor.py:839} INFO - DAG(s) dict_keys(['example_python_operator']) retrieved from /home/airflow/.local/lib/python3.8/site-packages/airflow/example_dags/example_python_operator.py
[2023-09-01T14:54:50.863+0000] {logging_mixin.py:151} INFO - [2023-09-01T14:54:50.863+0000] {dag.py:2907} INFO - Sync 1 DAGs
[2023-09-01T14:54:50.876+0000] {logging_mixin.py:151} INFO - [2023-09-01T14:54:50.876+0000] {dag.py:3677} INFO - Setting next_dagrun for example_python_operator to None, run_after=None
[2023-09-01T14:54:50.896+0000] {processor.py:179} INFO - Processing /home/airflow/.local/lib/python3.8/site-packages/airflow/example_dags/example_python_operator.py took 0.087 seconds
[2023-09-01T14:55:21.768+0000] {processor.py:157} INFO - Started process (PID=592) to work on /home/airflow/.local/lib/python3.8/site-packages/airflow/example_dags/example_python_operator.py
[2023-09-01T14:55:21.769+0000] {processor.py:829} INFO - Processing file /home/airflow/.local/lib/python3.8/site-packages/airflow/example_dags/example_python_operator.py for tasks to queue
[2023-09-01T14:55:21.772+0000] {logging_mixin.py:151} INFO - [2023-09-01T14:55:21.771+0000] {dagbag.py:539} INFO - Filling up the DagBag from /home/airflow/.local/lib/python3.8/site-packages/airflow/example_dags/example_python_operator.py
[2023-09-01T14:55:21.783+0000] {processor.py:839} INFO - DAG(s) dict_keys(['example_python_operator']) retrieved from /home/airflow/.local/lib/python3.8/site-packages/airflow/example_dags/example_python_operator.py
[2023-09-01T14:55:21.809+0000] {logging_mixin.py:151} INFO - [2023-09-01T14:55:21.809+0000] {dag.py:2907} INFO - Sync 1 DAGs
[2023-09-01T14:55:21.823+0000] {logging_mixin.py:151} INFO - [2023-09-01T14:55:21.822+0000] {dag.py:3677} INFO - Setting next_dagrun for example_python_operator to None, run_after=None
[2023-09-01T14:55:21.841+0000] {processor.py:179} INFO - Processing /home/airflow/.local/lib/python3.8/site-packages/airflow/example_dags/example_python_operator.py took 0.078 seconds
[2023-09-01T14:55:52.391+0000] {processor.py:157} INFO - Started process (PID=646) to work on /home/airflow/.local/lib/python3.8/site-packages/airflow/example_dags/example_python_operator.py
[2023-09-01T14:55:52.393+0000] {processor.py:829} INFO - Processing file /home/airflow/.local/lib/python3.8/site-packages/airflow/example_dags/example_python_operator.py for tasks to queue
[2023-09-01T14:55:52.396+0000] {logging_mixin.py:151} INFO - [2023-09-01T14:55:52.396+0000] {dagbag.py:539} INFO - Filling up the DagBag from /home/airflow/.local/lib/python3.8/site-packages/airflow/example_dags/example_python_operator.py
[2023-09-01T14:55:52.410+0000] {processor.py:839} INFO - DAG(s) dict_keys(['example_python_operator']) retrieved from /home/airflow/.local/lib/python3.8/site-packages/airflow/example_dags/example_python_operator.py
[2023-09-01T14:55:52.439+0000] {logging_mixin.py:151} INFO - [2023-09-01T14:55:52.438+0000] {dag.py:2907} INFO - Sync 1 DAGs
[2023-09-01T14:55:52.452+0000] {logging_mixin.py:151} INFO - [2023-09-01T14:55:52.452+0000] {dag.py:3677} INFO - Setting next_dagrun for example_python_operator to None, run_after=None
[2023-09-01T14:55:52.472+0000] {processor.py:179} INFO - Processing /home/airflow/.local/lib/python3.8/site-packages/airflow/example_dags/example_python_operator.py took 0.086 seconds
[2023-09-01T14:56:23.196+0000] {processor.py:157} INFO - Started process (PID=700) to work on /home/airflow/.local/lib/python3.8/site-packages/airflow/example_dags/example_python_operator.py
[2023-09-01T14:56:23.197+0000] {processor.py:829} INFO - Processing file /home/airflow/.local/lib/python3.8/site-packages/airflow/example_dags/example_python_operator.py for tasks to queue
[2023-09-01T14:56:23.200+0000] {logging_mixin.py:151} INFO - [2023-09-01T14:56:23.199+0000] {dagbag.py:539} INFO - Filling up the DagBag from /home/airflow/.local/lib/python3.8/site-packages/airflow/example_dags/example_python_operator.py
[2023-09-01T14:56:23.212+0000] {processor.py:839} INFO - DAG(s) dict_keys(['example_python_operator']) retrieved from /home/airflow/.local/lib/python3.8/site-packages/airflow/example_dags/example_python_operator.py
[2023-09-01T14:56:23.236+0000] {logging_mixin.py:151} INFO - [2023-09-01T14:56:23.236+0000] {dag.py:2907} INFO - Sync 1 DAGs
[2023-09-01T14:56:23.248+0000] {logging_mixin.py:151} INFO - [2023-09-01T14:56:23.248+0000] {dag.py:3677} INFO - Setting next_dagrun for example_python_operator to None, run_after=None
[2023-09-01T14:56:23.266+0000] {processor.py:179} INFO - Processing /home/airflow/.local/lib/python3.8/site-packages/airflow/example_dags/example_python_operator.py took 0.074 seconds
[2023-09-01T14:56:53.991+0000] {processor.py:157} INFO - Started process (PID=754) to work on /home/airflow/.local/lib/python3.8/site-packages/airflow/example_dags/example_python_operator.py
[2023-09-01T14:56:53.993+0000] {processor.py:829} INFO - Processing file /home/airflow/.local/lib/python3.8/site-packages/airflow/example_dags/example_python_operator.py for tasks to queue
[2023-09-01T14:56:53.996+0000] {logging_mixin.py:151} INFO - [2023-09-01T14:56:53.996+0000] {dagbag.py:539} INFO - Filling up the DagBag from /home/airflow/.local/lib/python3.8/site-packages/airflow/example_dags/example_python_operator.py
[2023-09-01T14:56:54.010+0000] {processor.py:839} INFO - DAG(s) dict_keys(['example_python_operator']) retrieved from /home/airflow/.local/lib/python3.8/site-packages/airflow/example_dags/example_python_operator.py
[2023-09-01T14:56:54.036+0000] {logging_mixin.py:151} INFO - [2023-09-01T14:56:54.036+0000] {dag.py:2907} INFO - Sync 1 DAGs
[2023-09-01T14:56:54.050+0000] {logging_mixin.py:151} INFO - [2023-09-01T14:56:54.050+0000] {dag.py:3677} INFO - Setting next_dagrun for example_python_operator to None, run_after=None
[2023-09-01T14:56:54.069+0000] {processor.py:179} INFO - Processing /home/airflow/.local/lib/python3.8/site-packages/airflow/example_dags/example_python_operator.py took 0.083 seconds
[2023-09-01T14:57:24.808+0000] {processor.py:157} INFO - Started process (PID=808) to work on /home/airflow/.local/lib/python3.8/site-packages/airflow/example_dags/example_python_operator.py
[2023-09-01T14:57:24.809+0000] {processor.py:829} INFO - Processing file /home/airflow/.local/lib/python3.8/site-packages/airflow/example_dags/example_python_operator.py for tasks to queue
[2023-09-01T14:57:24.812+0000] {logging_mixin.py:151} INFO - [2023-09-01T14:57:24.812+0000] {dagbag.py:539} INFO - Filling up the DagBag from /home/airflow/.local/lib/python3.8/site-packages/airflow/example_dags/example_python_operator.py
[2023-09-01T14:57:24.824+0000] {processor.py:839} INFO - DAG(s) dict_keys(['example_python_operator']) retrieved from /home/airflow/.local/lib/python3.8/site-packages/airflow/example_dags/example_python_operator.py
[2023-09-01T14:57:24.849+0000] {logging_mixin.py:151} INFO - [2023-09-01T14:57:24.849+0000] {dag.py:2907} INFO - Sync 1 DAGs
[2023-09-01T14:57:24.862+0000] {logging_mixin.py:151} INFO - [2023-09-01T14:57:24.861+0000] {dag.py:3677} INFO - Setting next_dagrun for example_python_operator to None, run_after=None
[2023-09-01T14:57:24.879+0000] {processor.py:179} INFO - Processing /home/airflow/.local/lib/python3.8/site-packages/airflow/example_dags/example_python_operator.py took 0.074 seconds
[2023-09-01T14:57:55.563+0000] {processor.py:157} INFO - Started process (PID=862) to work on /home/airflow/.local/lib/python3.8/site-packages/airflow/example_dags/example_python_operator.py
[2023-09-01T14:57:55.564+0000] {processor.py:829} INFO - Processing file /home/airflow/.local/lib/python3.8/site-packages/airflow/example_dags/example_python_operator.py for tasks to queue
[2023-09-01T14:57:55.568+0000] {logging_mixin.py:151} INFO - [2023-09-01T14:57:55.567+0000] {dagbag.py:539} INFO - Filling up the DagBag from /home/airflow/.local/lib/python3.8/site-packages/airflow/example_dags/example_python_operator.py
[2023-09-01T14:57:55.582+0000] {processor.py:839} INFO - DAG(s) dict_keys(['example_python_operator']) retrieved from /home/airflow/.local/lib/python3.8/site-packages/airflow/example_dags/example_python_operator.py
[2023-09-01T14:57:55.611+0000] {logging_mixin.py:151} INFO - [2023-09-01T14:57:55.610+0000] {dag.py:2907} INFO - Sync 1 DAGs
[2023-09-01T14:57:55.625+0000] {logging_mixin.py:151} INFO - [2023-09-01T14:57:55.625+0000] {dag.py:3677} INFO - Setting next_dagrun for example_python_operator to None, run_after=None
[2023-09-01T14:57:55.645+0000] {processor.py:179} INFO - Processing /home/airflow/.local/lib/python3.8/site-packages/airflow/example_dags/example_python_operator.py took 0.086 seconds
[2023-09-01T14:58:26.339+0000] {processor.py:157} INFO - Started process (PID=916) to work on /home/airflow/.local/lib/python3.8/site-packages/airflow/example_dags/example_python_operator.py
[2023-09-01T14:58:26.340+0000] {processor.py:829} INFO - Processing file /home/airflow/.local/lib/python3.8/site-packages/airflow/example_dags/example_python_operator.py for tasks to queue
[2023-09-01T14:58:26.344+0000] {logging_mixin.py:151} INFO - [2023-09-01T14:58:26.344+0000] {dagbag.py:539} INFO - Filling up the DagBag from /home/airflow/.local/lib/python3.8/site-packages/airflow/example_dags/example_python_operator.py
[2023-09-01T14:58:26.360+0000] {processor.py:839} INFO - DAG(s) dict_keys(['example_python_operator']) retrieved from /home/airflow/.local/lib/python3.8/site-packages/airflow/example_dags/example_python_operator.py
[2023-09-01T14:58:26.391+0000] {logging_mixin.py:151} INFO - [2023-09-01T14:58:26.391+0000] {dag.py:2907} INFO - Sync 1 DAGs
[2023-09-01T14:58:26.406+0000] {logging_mixin.py:151} INFO - [2023-09-01T14:58:26.406+0000] {dag.py:3677} INFO - Setting next_dagrun for example_python_operator to None, run_after=None
[2023-09-01T14:58:26.427+0000] {processor.py:179} INFO - Processing /home/airflow/.local/lib/python3.8/site-packages/airflow/example_dags/example_python_operator.py took 0.093 seconds
[2023-09-01T14:58:57.253+0000] {processor.py:157} INFO - Started process (PID=977) to work on /home/airflow/.local/lib/python3.8/site-packages/airflow/example_dags/example_python_operator.py
[2023-09-01T14:58:57.255+0000] {processor.py:829} INFO - Processing file /home/airflow/.local/lib/python3.8/site-packages/airflow/example_dags/example_python_operator.py for tasks to queue
[2023-09-01T14:58:57.258+0000] {logging_mixin.py:151} INFO - [2023-09-01T14:58:57.258+0000] {dagbag.py:539} INFO - Filling up the DagBag from /home/airflow/.local/lib/python3.8/site-packages/airflow/example_dags/example_python_operator.py
[2023-09-01T14:58:57.273+0000] {processor.py:839} INFO - DAG(s) dict_keys(['example_python_operator']) retrieved from /home/airflow/.local/lib/python3.8/site-packages/airflow/example_dags/example_python_operator.py
[2023-09-01T14:58:57.306+0000] {logging_mixin.py:151} INFO - [2023-09-01T14:58:57.306+0000] {dag.py:2907} INFO - Sync 1 DAGs
[2023-09-01T14:58:57.325+0000] {logging_mixin.py:151} INFO - [2023-09-01T14:58:57.324+0000] {dag.py:3677} INFO - Setting next_dagrun for example_python_operator to None, run_after=None
[2023-09-01T14:58:57.351+0000] {processor.py:179} INFO - Processing /home/airflow/.local/lib/python3.8/site-packages/airflow/example_dags/example_python_operator.py took 0.103 seconds
[2023-09-01T14:59:27.729+0000] {processor.py:157} INFO - Started process (PID=1031) to work on /home/airflow/.local/lib/python3.8/site-packages/airflow/example_dags/example_python_operator.py
[2023-09-01T14:59:27.731+0000] {processor.py:829} INFO - Processing file /home/airflow/.local/lib/python3.8/site-packages/airflow/example_dags/example_python_operator.py for tasks to queue
[2023-09-01T14:59:27.735+0000] {logging_mixin.py:151} INFO - [2023-09-01T14:59:27.734+0000] {dagbag.py:539} INFO - Filling up the DagBag from /home/airflow/.local/lib/python3.8/site-packages/airflow/example_dags/example_python_operator.py
[2023-09-01T14:59:27.749+0000] {processor.py:839} INFO - DAG(s) dict_keys(['example_python_operator']) retrieved from /home/airflow/.local/lib/python3.8/site-packages/airflow/example_dags/example_python_operator.py
[2023-09-01T14:59:27.783+0000] {logging_mixin.py:151} INFO - [2023-09-01T14:59:27.782+0000] {dag.py:2907} INFO - Sync 1 DAGs
[2023-09-01T14:59:27.797+0000] {logging_mixin.py:151} INFO - [2023-09-01T14:59:27.797+0000] {dag.py:3677} INFO - Setting next_dagrun for example_python_operator to None, run_after=None
[2023-09-01T14:59:27.814+0000] {processor.py:179} INFO - Processing /home/airflow/.local/lib/python3.8/site-packages/airflow/example_dags/example_python_operator.py took 0.090 seconds
[2023-09-01T14:59:58.732+0000] {processor.py:157} INFO - Started process (PID=1085) to work on /home/airflow/.local/lib/python3.8/site-packages/airflow/example_dags/example_python_operator.py
[2023-09-01T14:59:58.733+0000] {processor.py:829} INFO - Processing file /home/airflow/.local/lib/python3.8/site-packages/airflow/example_dags/example_python_operator.py for tasks to queue
[2023-09-01T14:59:58.736+0000] {logging_mixin.py:151} INFO - [2023-09-01T14:59:58.736+0000] {dagbag.py:539} INFO - Filling up the DagBag from /home/airflow/.local/lib/python3.8/site-packages/airflow/example_dags/example_python_operator.py
[2023-09-01T14:59:58.749+0000] {processor.py:839} INFO - DAG(s) dict_keys(['example_python_operator']) retrieved from /home/airflow/.local/lib/python3.8/site-packages/airflow/example_dags/example_python_operator.py
[2023-09-01T14:59:58.775+0000] {logging_mixin.py:151} INFO - [2023-09-01T14:59:58.775+0000] {dag.py:2907} INFO - Sync 1 DAGs
[2023-09-01T14:59:58.790+0000] {logging_mixin.py:151} INFO - [2023-09-01T14:59:58.790+0000] {dag.py:3677} INFO - Setting next_dagrun for example_python_operator to None, run_after=None
[2023-09-01T14:59:58.810+0000] {processor.py:179} INFO - Processing /home/airflow/.local/lib/python3.8/site-packages/airflow/example_dags/example_python_operator.py took 0.083 seconds
[2023-09-01T15:00:29.539+0000] {processor.py:157} INFO - Started process (PID=1139) to work on /home/airflow/.local/lib/python3.8/site-packages/airflow/example_dags/example_python_operator.py
[2023-09-01T15:00:29.540+0000] {processor.py:829} INFO - Processing file /home/airflow/.local/lib/python3.8/site-packages/airflow/example_dags/example_python_operator.py for tasks to queue
[2023-09-01T15:00:29.544+0000] {logging_mixin.py:151} INFO - [2023-09-01T15:00:29.543+0000] {dagbag.py:539} INFO - Filling up the DagBag from /home/airflow/.local/lib/python3.8/site-packages/airflow/example_dags/example_python_operator.py
[2023-09-01T15:00:29.558+0000] {processor.py:839} INFO - DAG(s) dict_keys(['example_python_operator']) retrieved from /home/airflow/.local/lib/python3.8/site-packages/airflow/example_dags/example_python_operator.py
[2023-09-01T15:00:29.588+0000] {logging_mixin.py:151} INFO - [2023-09-01T15:00:29.588+0000] {dag.py:2907} INFO - Sync 1 DAGs
[2023-09-01T15:00:29.603+0000] {logging_mixin.py:151} INFO - [2023-09-01T15:00:29.603+0000] {dag.py:3677} INFO - Setting next_dagrun for example_python_operator to None, run_after=None
[2023-09-01T15:00:29.623+0000] {processor.py:179} INFO - Processing /home/airflow/.local/lib/python3.8/site-packages/airflow/example_dags/example_python_operator.py took 0.089 seconds
[2023-09-01T15:01:00.126+0000] {processor.py:157} INFO - Started process (PID=1193) to work on /home/airflow/.local/lib/python3.8/site-packages/airflow/example_dags/example_python_operator.py
[2023-09-01T15:01:00.128+0000] {processor.py:829} INFO - Processing file /home/airflow/.local/lib/python3.8/site-packages/airflow/example_dags/example_python_operator.py for tasks to queue
[2023-09-01T15:01:00.132+0000] {logging_mixin.py:151} INFO - [2023-09-01T15:01:00.131+0000] {dagbag.py:539} INFO - Filling up the DagBag from /home/airflow/.local/lib/python3.8/site-packages/airflow/example_dags/example_python_operator.py
[2023-09-01T15:01:00.147+0000] {processor.py:839} INFO - DAG(s) dict_keys(['example_python_operator']) retrieved from /home/airflow/.local/lib/python3.8/site-packages/airflow/example_dags/example_python_operator.py
[2023-09-01T15:01:00.180+0000] {logging_mixin.py:151} INFO - [2023-09-01T15:01:00.180+0000] {dag.py:2907} INFO - Sync 1 DAGs
[2023-09-01T15:01:00.198+0000] {logging_mixin.py:151} INFO - [2023-09-01T15:01:00.198+0000] {dag.py:3677} INFO - Setting next_dagrun for example_python_operator to None, run_after=None
[2023-09-01T15:01:00.220+0000] {processor.py:179} INFO - Processing /home/airflow/.local/lib/python3.8/site-packages/airflow/example_dags/example_python_operator.py took 0.099 seconds
[2023-09-01T15:01:30.937+0000] {processor.py:157} INFO - Started process (PID=1247) to work on /home/airflow/.local/lib/python3.8/site-packages/airflow/example_dags/example_python_operator.py
[2023-09-01T15:01:30.939+0000] {processor.py:829} INFO - Processing file /home/airflow/.local/lib/python3.8/site-packages/airflow/example_dags/example_python_operator.py for tasks to queue
[2023-09-01T15:01:30.942+0000] {logging_mixin.py:151} INFO - [2023-09-01T15:01:30.942+0000] {dagbag.py:539} INFO - Filling up the DagBag from /home/airflow/.local/lib/python3.8/site-packages/airflow/example_dags/example_python_operator.py
[2023-09-01T15:01:30.957+0000] {processor.py:839} INFO - DAG(s) dict_keys(['example_python_operator']) retrieved from /home/airflow/.local/lib/python3.8/site-packages/airflow/example_dags/example_python_operator.py
[2023-09-01T15:01:30.984+0000] {logging_mixin.py:151} INFO - [2023-09-01T15:01:30.983+0000] {dag.py:2907} INFO - Sync 1 DAGs
[2023-09-01T15:01:30.999+0000] {logging_mixin.py:151} INFO - [2023-09-01T15:01:30.998+0000] {dag.py:3677} INFO - Setting next_dagrun for example_python_operator to None, run_after=None
[2023-09-01T15:01:31.020+0000] {processor.py:179} INFO - Processing /home/airflow/.local/lib/python3.8/site-packages/airflow/example_dags/example_python_operator.py took 0.087 seconds
[2023-09-01T15:02:01.494+0000] {processor.py:157} INFO - Started process (PID=1301) to work on /home/airflow/.local/lib/python3.8/site-packages/airflow/example_dags/example_python_operator.py
[2023-09-01T15:02:01.496+0000] {processor.py:829} INFO - Processing file /home/airflow/.local/lib/python3.8/site-packages/airflow/example_dags/example_python_operator.py for tasks to queue
[2023-09-01T15:02:01.500+0000] {logging_mixin.py:151} INFO - [2023-09-01T15:02:01.499+0000] {dagbag.py:539} INFO - Filling up the DagBag from /home/airflow/.local/lib/python3.8/site-packages/airflow/example_dags/example_python_operator.py
[2023-09-01T15:02:01.517+0000] {processor.py:839} INFO - DAG(s) dict_keys(['example_python_operator']) retrieved from /home/airflow/.local/lib/python3.8/site-packages/airflow/example_dags/example_python_operator.py
[2023-09-01T15:02:01.552+0000] {logging_mixin.py:151} INFO - [2023-09-01T15:02:01.552+0000] {dag.py:2907} INFO - Sync 1 DAGs
[2023-09-01T15:02:01.572+0000] {logging_mixin.py:151} INFO - [2023-09-01T15:02:01.572+0000] {dag.py:3677} INFO - Setting next_dagrun for example_python_operator to None, run_after=None
[2023-09-01T15:02:01.601+0000] {processor.py:179} INFO - Processing /home/airflow/.local/lib/python3.8/site-packages/airflow/example_dags/example_python_operator.py took 0.113 seconds
[2023-09-01T15:02:31.841+0000] {processor.py:157} INFO - Started process (PID=1355) to work on /home/airflow/.local/lib/python3.8/site-packages/airflow/example_dags/example_python_operator.py
[2023-09-01T15:02:31.843+0000] {processor.py:829} INFO - Processing file /home/airflow/.local/lib/python3.8/site-packages/airflow/example_dags/example_python_operator.py for tasks to queue
[2023-09-01T15:02:31.846+0000] {logging_mixin.py:151} INFO - [2023-09-01T15:02:31.846+0000] {dagbag.py:539} INFO - Filling up the DagBag from /home/airflow/.local/lib/python3.8/site-packages/airflow/example_dags/example_python_operator.py
[2023-09-01T15:02:31.864+0000] {processor.py:839} INFO - DAG(s) dict_keys(['example_python_operator']) retrieved from /home/airflow/.local/lib/python3.8/site-packages/airflow/example_dags/example_python_operator.py
[2023-09-01T15:02:31.904+0000] {logging_mixin.py:151} INFO - [2023-09-01T15:02:31.903+0000] {dag.py:2907} INFO - Sync 1 DAGs
[2023-09-01T15:02:31.923+0000] {logging_mixin.py:151} INFO - [2023-09-01T15:02:31.923+0000] {dag.py:3677} INFO - Setting next_dagrun for example_python_operator to None, run_after=None
[2023-09-01T15:02:31.948+0000] {processor.py:179} INFO - Processing /home/airflow/.local/lib/python3.8/site-packages/airflow/example_dags/example_python_operator.py took 0.114 seconds
[2023-09-01T15:03:02.007+0000] {processor.py:157} INFO - Started process (PID=1409) to work on /home/airflow/.local/lib/python3.8/site-packages/airflow/example_dags/example_python_operator.py
[2023-09-01T15:03:02.008+0000] {processor.py:829} INFO - Processing file /home/airflow/.local/lib/python3.8/site-packages/airflow/example_dags/example_python_operator.py for tasks to queue
[2023-09-01T15:03:02.011+0000] {logging_mixin.py:151} INFO - [2023-09-01T15:03:02.011+0000] {dagbag.py:539} INFO - Filling up the DagBag from /home/airflow/.local/lib/python3.8/site-packages/airflow/example_dags/example_python_operator.py
[2023-09-01T15:03:02.026+0000] {processor.py:839} INFO - DAG(s) dict_keys(['example_python_operator']) retrieved from /home/airflow/.local/lib/python3.8/site-packages/airflow/example_dags/example_python_operator.py
[2023-09-01T15:03:02.059+0000] {logging_mixin.py:151} INFO - [2023-09-01T15:03:02.059+0000] {dag.py:2907} INFO - Sync 1 DAGs
[2023-09-01T15:03:02.075+0000] {logging_mixin.py:151} INFO - [2023-09-01T15:03:02.074+0000] {dag.py:3677} INFO - Setting next_dagrun for example_python_operator to None, run_after=None
[2023-09-01T15:03:02.099+0000] {processor.py:179} INFO - Processing /home/airflow/.local/lib/python3.8/site-packages/airflow/example_dags/example_python_operator.py took 0.098 seconds
[2023-09-01T15:03:32.432+0000] {processor.py:157} INFO - Started process (PID=1463) to work on /home/airflow/.local/lib/python3.8/site-packages/airflow/example_dags/example_python_operator.py
[2023-09-01T15:03:32.434+0000] {processor.py:829} INFO - Processing file /home/airflow/.local/lib/python3.8/site-packages/airflow/example_dags/example_python_operator.py for tasks to queue
[2023-09-01T15:03:32.438+0000] {logging_mixin.py:151} INFO - [2023-09-01T15:03:32.437+0000] {dagbag.py:539} INFO - Filling up the DagBag from /home/airflow/.local/lib/python3.8/site-packages/airflow/example_dags/example_python_operator.py
[2023-09-01T15:03:32.458+0000] {processor.py:839} INFO - DAG(s) dict_keys(['example_python_operator']) retrieved from /home/airflow/.local/lib/python3.8/site-packages/airflow/example_dags/example_python_operator.py
[2023-09-01T15:03:32.494+0000] {logging_mixin.py:151} INFO - [2023-09-01T15:03:32.494+0000] {dag.py:2907} INFO - Sync 1 DAGs
[2023-09-01T15:03:32.514+0000] {logging_mixin.py:151} INFO - [2023-09-01T15:03:32.513+0000] {dag.py:3677} INFO - Setting next_dagrun for example_python_operator to None, run_after=None
[2023-09-01T15:03:32.541+0000] {processor.py:179} INFO - Processing /home/airflow/.local/lib/python3.8/site-packages/airflow/example_dags/example_python_operator.py took 0.114 seconds
[2023-09-01T15:04:02.591+0000] {processor.py:157} INFO - Started process (PID=1517) to work on /home/airflow/.local/lib/python3.8/site-packages/airflow/example_dags/example_python_operator.py
[2023-09-01T15:04:02.593+0000] {processor.py:829} INFO - Processing file /home/airflow/.local/lib/python3.8/site-packages/airflow/example_dags/example_python_operator.py for tasks to queue
[2023-09-01T15:04:02.596+0000] {logging_mixin.py:151} INFO - [2023-09-01T15:04:02.596+0000] {dagbag.py:539} INFO - Filling up the DagBag from /home/airflow/.local/lib/python3.8/site-packages/airflow/example_dags/example_python_operator.py
[2023-09-01T15:04:02.610+0000] {processor.py:839} INFO - DAG(s) dict_keys(['example_python_operator']) retrieved from /home/airflow/.local/lib/python3.8/site-packages/airflow/example_dags/example_python_operator.py
[2023-09-01T15:04:02.640+0000] {logging_mixin.py:151} INFO - [2023-09-01T15:04:02.639+0000] {dag.py:2907} INFO - Sync 1 DAGs
[2023-09-01T15:04:02.653+0000] {logging_mixin.py:151} INFO - [2023-09-01T15:04:02.653+0000] {dag.py:3677} INFO - Setting next_dagrun for example_python_operator to None, run_after=None
[2023-09-01T15:04:02.673+0000] {processor.py:179} INFO - Processing /home/airflow/.local/lib/python3.8/site-packages/airflow/example_dags/example_python_operator.py took 0.087 seconds
[2023-09-01T15:04:32.971+0000] {processor.py:157} INFO - Started process (PID=1571) to work on /home/airflow/.local/lib/python3.8/site-packages/airflow/example_dags/example_python_operator.py
[2023-09-01T15:04:32.973+0000] {processor.py:829} INFO - Processing file /home/airflow/.local/lib/python3.8/site-packages/airflow/example_dags/example_python_operator.py for tasks to queue
[2023-09-01T15:04:32.976+0000] {logging_mixin.py:151} INFO - [2023-09-01T15:04:32.975+0000] {dagbag.py:539} INFO - Filling up the DagBag from /home/airflow/.local/lib/python3.8/site-packages/airflow/example_dags/example_python_operator.py
[2023-09-01T15:04:32.990+0000] {processor.py:839} INFO - DAG(s) dict_keys(['example_python_operator']) retrieved from /home/airflow/.local/lib/python3.8/site-packages/airflow/example_dags/example_python_operator.py
[2023-09-01T15:04:33.020+0000] {logging_mixin.py:151} INFO - [2023-09-01T15:04:33.020+0000] {dag.py:2907} INFO - Sync 1 DAGs
[2023-09-01T15:04:33.037+0000] {logging_mixin.py:151} INFO - [2023-09-01T15:04:33.037+0000] {dag.py:3677} INFO - Setting next_dagrun for example_python_operator to None, run_after=None
[2023-09-01T15:04:33.058+0000] {processor.py:179} INFO - Processing /home/airflow/.local/lib/python3.8/site-packages/airflow/example_dags/example_python_operator.py took 0.091 seconds
[2023-09-01T15:05:03.151+0000] {processor.py:157} INFO - Started process (PID=1626) to work on /home/airflow/.local/lib/python3.8/site-packages/airflow/example_dags/example_python_operator.py
[2023-09-01T15:05:03.153+0000] {processor.py:829} INFO - Processing file /home/airflow/.local/lib/python3.8/site-packages/airflow/example_dags/example_python_operator.py for tasks to queue
[2023-09-01T15:05:03.157+0000] {logging_mixin.py:151} INFO - [2023-09-01T15:05:03.156+0000] {dagbag.py:539} INFO - Filling up the DagBag from /home/airflow/.local/lib/python3.8/site-packages/airflow/example_dags/example_python_operator.py
[2023-09-01T15:05:03.172+0000] {processor.py:839} INFO - DAG(s) dict_keys(['example_python_operator']) retrieved from /home/airflow/.local/lib/python3.8/site-packages/airflow/example_dags/example_python_operator.py
[2023-09-01T15:05:03.201+0000] {logging_mixin.py:151} INFO - [2023-09-01T15:05:03.201+0000] {dag.py:2907} INFO - Sync 1 DAGs
[2023-09-01T15:05:03.217+0000] {logging_mixin.py:151} INFO - [2023-09-01T15:05:03.217+0000] {dag.py:3677} INFO - Setting next_dagrun for example_python_operator to None, run_after=None
[2023-09-01T15:05:03.238+0000] {processor.py:179} INFO - Processing /home/airflow/.local/lib/python3.8/site-packages/airflow/example_dags/example_python_operator.py took 0.091 seconds
[2023-09-01T15:05:33.461+0000] {processor.py:157} INFO - Started process (PID=1680) to work on /home/airflow/.local/lib/python3.8/site-packages/airflow/example_dags/example_python_operator.py
[2023-09-01T15:05:33.463+0000] {processor.py:829} INFO - Processing file /home/airflow/.local/lib/python3.8/site-packages/airflow/example_dags/example_python_operator.py for tasks to queue
[2023-09-01T15:05:33.466+0000] {logging_mixin.py:151} INFO - [2023-09-01T15:05:33.466+0000] {dagbag.py:539} INFO - Filling up the DagBag from /home/airflow/.local/lib/python3.8/site-packages/airflow/example_dags/example_python_operator.py
[2023-09-01T15:05:33.481+0000] {processor.py:839} INFO - DAG(s) dict_keys(['example_python_operator']) retrieved from /home/airflow/.local/lib/python3.8/site-packages/airflow/example_dags/example_python_operator.py
[2023-09-01T15:05:33.511+0000] {logging_mixin.py:151} INFO - [2023-09-01T15:05:33.511+0000] {dag.py:2907} INFO - Sync 1 DAGs
[2023-09-01T15:05:33.526+0000] {logging_mixin.py:151} INFO - [2023-09-01T15:05:33.526+0000] {dag.py:3677} INFO - Setting next_dagrun for example_python_operator to None, run_after=None
[2023-09-01T15:05:33.545+0000] {processor.py:179} INFO - Processing /home/airflow/.local/lib/python3.8/site-packages/airflow/example_dags/example_python_operator.py took 0.088 seconds
[2023-09-01T15:06:03.657+0000] {processor.py:157} INFO - Started process (PID=1734) to work on /home/airflow/.local/lib/python3.8/site-packages/airflow/example_dags/example_python_operator.py
[2023-09-01T15:06:03.659+0000] {processor.py:829} INFO - Processing file /home/airflow/.local/lib/python3.8/site-packages/airflow/example_dags/example_python_operator.py for tasks to queue
[2023-09-01T15:06:03.661+0000] {logging_mixin.py:151} INFO - [2023-09-01T15:06:03.661+0000] {dagbag.py:539} INFO - Filling up the DagBag from /home/airflow/.local/lib/python3.8/site-packages/airflow/example_dags/example_python_operator.py
[2023-09-01T15:06:03.674+0000] {processor.py:839} INFO - DAG(s) dict_keys(['example_python_operator']) retrieved from /home/airflow/.local/lib/python3.8/site-packages/airflow/example_dags/example_python_operator.py
[2023-09-01T15:06:03.699+0000] {logging_mixin.py:151} INFO - [2023-09-01T15:06:03.699+0000] {dag.py:2907} INFO - Sync 1 DAGs
[2023-09-01T15:06:03.713+0000] {logging_mixin.py:151} INFO - [2023-09-01T15:06:03.713+0000] {dag.py:3677} INFO - Setting next_dagrun for example_python_operator to None, run_after=None
[2023-09-01T15:06:03.733+0000] {processor.py:179} INFO - Processing /home/airflow/.local/lib/python3.8/site-packages/airflow/example_dags/example_python_operator.py took 0.079 seconds
[2023-09-01T15:06:33.898+0000] {processor.py:157} INFO - Started process (PID=1788) to work on /home/airflow/.local/lib/python3.8/site-packages/airflow/example_dags/example_python_operator.py
[2023-09-01T15:06:33.900+0000] {processor.py:829} INFO - Processing file /home/airflow/.local/lib/python3.8/site-packages/airflow/example_dags/example_python_operator.py for tasks to queue
[2023-09-01T15:06:33.903+0000] {logging_mixin.py:151} INFO - [2023-09-01T15:06:33.903+0000] {dagbag.py:539} INFO - Filling up the DagBag from /home/airflow/.local/lib/python3.8/site-packages/airflow/example_dags/example_python_operator.py
[2023-09-01T15:06:33.917+0000] {processor.py:839} INFO - DAG(s) dict_keys(['example_python_operator']) retrieved from /home/airflow/.local/lib/python3.8/site-packages/airflow/example_dags/example_python_operator.py
[2023-09-01T15:06:33.946+0000] {logging_mixin.py:151} INFO - [2023-09-01T15:06:33.946+0000] {dag.py:2907} INFO - Sync 1 DAGs
[2023-09-01T15:06:33.960+0000] {logging_mixin.py:151} INFO - [2023-09-01T15:06:33.960+0000] {dag.py:3677} INFO - Setting next_dagrun for example_python_operator to None, run_after=None
[2023-09-01T15:06:33.979+0000] {processor.py:179} INFO - Processing /home/airflow/.local/lib/python3.8/site-packages/airflow/example_dags/example_python_operator.py took 0.086 seconds
[2023-09-01T15:07:04.053+0000] {processor.py:157} INFO - Started process (PID=1842) to work on /home/airflow/.local/lib/python3.8/site-packages/airflow/example_dags/example_python_operator.py
[2023-09-01T15:07:04.054+0000] {processor.py:829} INFO - Processing file /home/airflow/.local/lib/python3.8/site-packages/airflow/example_dags/example_python_operator.py for tasks to queue
[2023-09-01T15:07:04.057+0000] {logging_mixin.py:151} INFO - [2023-09-01T15:07:04.057+0000] {dagbag.py:539} INFO - Filling up the DagBag from /home/airflow/.local/lib/python3.8/site-packages/airflow/example_dags/example_python_operator.py
[2023-09-01T15:07:04.071+0000] {processor.py:839} INFO - DAG(s) dict_keys(['example_python_operator']) retrieved from /home/airflow/.local/lib/python3.8/site-packages/airflow/example_dags/example_python_operator.py
[2023-09-01T15:07:04.096+0000] {logging_mixin.py:151} INFO - [2023-09-01T15:07:04.096+0000] {dag.py:2907} INFO - Sync 1 DAGs
[2023-09-01T15:07:04.111+0000] {logging_mixin.py:151} INFO - [2023-09-01T15:07:04.111+0000] {dag.py:3677} INFO - Setting next_dagrun for example_python_operator to None, run_after=None
[2023-09-01T15:07:04.130+0000] {processor.py:179} INFO - Processing /home/airflow/.local/lib/python3.8/site-packages/airflow/example_dags/example_python_operator.py took 0.082 seconds
[2023-09-01T15:07:34.185+0000] {processor.py:157} INFO - Started process (PID=1896) to work on /home/airflow/.local/lib/python3.8/site-packages/airflow/example_dags/example_python_operator.py
[2023-09-01T15:07:34.186+0000] {processor.py:829} INFO - Processing file /home/airflow/.local/lib/python3.8/site-packages/airflow/example_dags/example_python_operator.py for tasks to queue
[2023-09-01T15:07:34.189+0000] {logging_mixin.py:151} INFO - [2023-09-01T15:07:34.188+0000] {dagbag.py:539} INFO - Filling up the DagBag from /home/airflow/.local/lib/python3.8/site-packages/airflow/example_dags/example_python_operator.py
[2023-09-01T15:07:34.202+0000] {processor.py:839} INFO - DAG(s) dict_keys(['example_python_operator']) retrieved from /home/airflow/.local/lib/python3.8/site-packages/airflow/example_dags/example_python_operator.py
[2023-09-01T15:07:34.228+0000] {logging_mixin.py:151} INFO - [2023-09-01T15:07:34.228+0000] {dag.py:2907} INFO - Sync 1 DAGs
[2023-09-01T15:07:34.240+0000] {logging_mixin.py:151} INFO - [2023-09-01T15:07:34.240+0000] {dag.py:3677} INFO - Setting next_dagrun for example_python_operator to None, run_after=None
[2023-09-01T15:07:34.256+0000] {processor.py:179} INFO - Processing /home/airflow/.local/lib/python3.8/site-packages/airflow/example_dags/example_python_operator.py took 0.075 seconds
[2023-09-01T15:08:04.591+0000] {processor.py:157} INFO - Started process (PID=1950) to work on /home/airflow/.local/lib/python3.8/site-packages/airflow/example_dags/example_python_operator.py
[2023-09-01T15:08:04.593+0000] {processor.py:829} INFO - Processing file /home/airflow/.local/lib/python3.8/site-packages/airflow/example_dags/example_python_operator.py for tasks to queue
[2023-09-01T15:08:04.596+0000] {logging_mixin.py:151} INFO - [2023-09-01T15:08:04.595+0000] {dagbag.py:539} INFO - Filling up the DagBag from /home/airflow/.local/lib/python3.8/site-packages/airflow/example_dags/example_python_operator.py
[2023-09-01T15:08:04.610+0000] {processor.py:839} INFO - DAG(s) dict_keys(['example_python_operator']) retrieved from /home/airflow/.local/lib/python3.8/site-packages/airflow/example_dags/example_python_operator.py
[2023-09-01T15:08:04.638+0000] {logging_mixin.py:151} INFO - [2023-09-01T15:08:04.638+0000] {dag.py:2907} INFO - Sync 1 DAGs
[2023-09-01T15:08:04.652+0000] {logging_mixin.py:151} INFO - [2023-09-01T15:08:04.652+0000] {dag.py:3677} INFO - Setting next_dagrun for example_python_operator to None, run_after=None
[2023-09-01T15:08:04.671+0000] {processor.py:179} INFO - Processing /home/airflow/.local/lib/python3.8/site-packages/airflow/example_dags/example_python_operator.py took 0.084 seconds
[2023-09-01T15:08:34.939+0000] {processor.py:157} INFO - Started process (PID=2004) to work on /home/airflow/.local/lib/python3.8/site-packages/airflow/example_dags/example_python_operator.py
[2023-09-01T15:08:34.941+0000] {processor.py:829} INFO - Processing file /home/airflow/.local/lib/python3.8/site-packages/airflow/example_dags/example_python_operator.py for tasks to queue
[2023-09-01T15:08:34.944+0000] {logging_mixin.py:151} INFO - [2023-09-01T15:08:34.943+0000] {dagbag.py:539} INFO - Filling up the DagBag from /home/airflow/.local/lib/python3.8/site-packages/airflow/example_dags/example_python_operator.py
[2023-09-01T15:08:34.957+0000] {processor.py:839} INFO - DAG(s) dict_keys(['example_python_operator']) retrieved from /home/airflow/.local/lib/python3.8/site-packages/airflow/example_dags/example_python_operator.py
[2023-09-01T15:08:34.984+0000] {logging_mixin.py:151} INFO - [2023-09-01T15:08:34.984+0000] {dag.py:2907} INFO - Sync 1 DAGs
[2023-09-01T15:08:34.999+0000] {logging_mixin.py:151} INFO - [2023-09-01T15:08:34.999+0000] {dag.py:3677} INFO - Setting next_dagrun for example_python_operator to None, run_after=None
[2023-09-01T15:08:35.020+0000] {processor.py:179} INFO - Processing /home/airflow/.local/lib/python3.8/site-packages/airflow/example_dags/example_python_operator.py took 0.085 seconds
[2023-09-01T15:09:05.291+0000] {processor.py:157} INFO - Started process (PID=2058) to work on /home/airflow/.local/lib/python3.8/site-packages/airflow/example_dags/example_python_operator.py
[2023-09-01T15:09:05.293+0000] {processor.py:829} INFO - Processing file /home/airflow/.local/lib/python3.8/site-packages/airflow/example_dags/example_python_operator.py for tasks to queue
[2023-09-01T15:09:05.296+0000] {logging_mixin.py:151} INFO - [2023-09-01T15:09:05.296+0000] {dagbag.py:539} INFO - Filling up the DagBag from /home/airflow/.local/lib/python3.8/site-packages/airflow/example_dags/example_python_operator.py
[2023-09-01T15:09:05.311+0000] {processor.py:839} INFO - DAG(s) dict_keys(['example_python_operator']) retrieved from /home/airflow/.local/lib/python3.8/site-packages/airflow/example_dags/example_python_operator.py
[2023-09-01T15:09:05.340+0000] {logging_mixin.py:151} INFO - [2023-09-01T15:09:05.339+0000] {dag.py:2907} INFO - Sync 1 DAGs
[2023-09-01T15:09:05.354+0000] {logging_mixin.py:151} INFO - [2023-09-01T15:09:05.354+0000] {dag.py:3677} INFO - Setting next_dagrun for example_python_operator to None, run_after=None
[2023-09-01T15:09:05.373+0000] {processor.py:179} INFO - Processing /home/airflow/.local/lib/python3.8/site-packages/airflow/example_dags/example_python_operator.py took 0.087 seconds
[2023-09-01T15:09:36.330+0000] {processor.py:157} INFO - Started process (PID=2112) to work on /home/airflow/.local/lib/python3.8/site-packages/airflow/example_dags/example_python_operator.py
[2023-09-01T15:09:36.331+0000] {processor.py:829} INFO - Processing file /home/airflow/.local/lib/python3.8/site-packages/airflow/example_dags/example_python_operator.py for tasks to queue
[2023-09-01T15:09:36.335+0000] {logging_mixin.py:151} INFO - [2023-09-01T15:09:36.334+0000] {dagbag.py:539} INFO - Filling up the DagBag from /home/airflow/.local/lib/python3.8/site-packages/airflow/example_dags/example_python_operator.py
[2023-09-01T15:09:36.349+0000] {processor.py:839} INFO - DAG(s) dict_keys(['example_python_operator']) retrieved from /home/airflow/.local/lib/python3.8/site-packages/airflow/example_dags/example_python_operator.py
[2023-09-01T15:09:36.378+0000] {logging_mixin.py:151} INFO - [2023-09-01T15:09:36.377+0000] {dag.py:2907} INFO - Sync 1 DAGs
[2023-09-01T15:09:36.391+0000] {logging_mixin.py:151} INFO - [2023-09-01T15:09:36.391+0000] {dag.py:3677} INFO - Setting next_dagrun for example_python_operator to None, run_after=None
[2023-09-01T15:09:36.412+0000] {processor.py:179} INFO - Processing /home/airflow/.local/lib/python3.8/site-packages/airflow/example_dags/example_python_operator.py took 0.087 seconds
[2023-09-01T15:10:06.767+0000] {processor.py:157} INFO - Started process (PID=2166) to work on /home/airflow/.local/lib/python3.8/site-packages/airflow/example_dags/example_python_operator.py
[2023-09-01T15:10:06.768+0000] {processor.py:829} INFO - Processing file /home/airflow/.local/lib/python3.8/site-packages/airflow/example_dags/example_python_operator.py for tasks to queue
[2023-09-01T15:10:06.772+0000] {logging_mixin.py:151} INFO - [2023-09-01T15:10:06.771+0000] {dagbag.py:539} INFO - Filling up the DagBag from /home/airflow/.local/lib/python3.8/site-packages/airflow/example_dags/example_python_operator.py
[2023-09-01T15:10:06.786+0000] {processor.py:839} INFO - DAG(s) dict_keys(['example_python_operator']) retrieved from /home/airflow/.local/lib/python3.8/site-packages/airflow/example_dags/example_python_operator.py
[2023-09-01T15:10:06.815+0000] {logging_mixin.py:151} INFO - [2023-09-01T15:10:06.815+0000] {dag.py:2907} INFO - Sync 1 DAGs
[2023-09-01T15:10:06.829+0000] {logging_mixin.py:151} INFO - [2023-09-01T15:10:06.829+0000] {dag.py:3677} INFO - Setting next_dagrun for example_python_operator to None, run_after=None
[2023-09-01T15:10:06.849+0000] {processor.py:179} INFO - Processing /home/airflow/.local/lib/python3.8/site-packages/airflow/example_dags/example_python_operator.py took 0.087 seconds
[2023-09-01T15:10:37.267+0000] {processor.py:157} INFO - Started process (PID=2220) to work on /home/airflow/.local/lib/python3.8/site-packages/airflow/example_dags/example_python_operator.py
[2023-09-01T15:10:37.269+0000] {processor.py:829} INFO - Processing file /home/airflow/.local/lib/python3.8/site-packages/airflow/example_dags/example_python_operator.py for tasks to queue
[2023-09-01T15:10:37.272+0000] {logging_mixin.py:151} INFO - [2023-09-01T15:10:37.272+0000] {dagbag.py:539} INFO - Filling up the DagBag from /home/airflow/.local/lib/python3.8/site-packages/airflow/example_dags/example_python_operator.py
[2023-09-01T15:10:37.287+0000] {processor.py:839} INFO - DAG(s) dict_keys(['example_python_operator']) retrieved from /home/airflow/.local/lib/python3.8/site-packages/airflow/example_dags/example_python_operator.py
[2023-09-01T15:10:37.319+0000] {logging_mixin.py:151} INFO - [2023-09-01T15:10:37.319+0000] {dag.py:2907} INFO - Sync 1 DAGs
[2023-09-01T15:10:37.338+0000] {logging_mixin.py:151} INFO - [2023-09-01T15:10:37.338+0000] {dag.py:3677} INFO - Setting next_dagrun for example_python_operator to None, run_after=None
[2023-09-01T15:10:37.366+0000] {processor.py:179} INFO - Processing /home/airflow/.local/lib/python3.8/site-packages/airflow/example_dags/example_python_operator.py took 0.104 seconds
[2023-09-01T15:11:07.575+0000] {processor.py:157} INFO - Started process (PID=2274) to work on /home/airflow/.local/lib/python3.8/site-packages/airflow/example_dags/example_python_operator.py
[2023-09-01T15:11:07.576+0000] {processor.py:829} INFO - Processing file /home/airflow/.local/lib/python3.8/site-packages/airflow/example_dags/example_python_operator.py for tasks to queue
[2023-09-01T15:11:07.579+0000] {logging_mixin.py:151} INFO - [2023-09-01T15:11:07.579+0000] {dagbag.py:539} INFO - Filling up the DagBag from /home/airflow/.local/lib/python3.8/site-packages/airflow/example_dags/example_python_operator.py
[2023-09-01T15:11:07.590+0000] {processor.py:839} INFO - DAG(s) dict_keys(['example_python_operator']) retrieved from /home/airflow/.local/lib/python3.8/site-packages/airflow/example_dags/example_python_operator.py
[2023-09-01T15:11:07.615+0000] {logging_mixin.py:151} INFO - [2023-09-01T15:11:07.615+0000] {dag.py:2907} INFO - Sync 1 DAGs
[2023-09-01T15:11:07.628+0000] {logging_mixin.py:151} INFO - [2023-09-01T15:11:07.627+0000] {dag.py:3677} INFO - Setting next_dagrun for example_python_operator to None, run_after=None
[2023-09-01T15:11:07.647+0000] {processor.py:179} INFO - Processing /home/airflow/.local/lib/python3.8/site-packages/airflow/example_dags/example_python_operator.py took 0.075 seconds
[2023-09-01T15:11:37.903+0000] {processor.py:157} INFO - Started process (PID=2328) to work on /home/airflow/.local/lib/python3.8/site-packages/airflow/example_dags/example_python_operator.py
[2023-09-01T15:11:37.904+0000] {processor.py:829} INFO - Processing file /home/airflow/.local/lib/python3.8/site-packages/airflow/example_dags/example_python_operator.py for tasks to queue
[2023-09-01T15:11:37.907+0000] {logging_mixin.py:151} INFO - [2023-09-01T15:11:37.906+0000] {dagbag.py:539} INFO - Filling up the DagBag from /home/airflow/.local/lib/python3.8/site-packages/airflow/example_dags/example_python_operator.py
[2023-09-01T15:11:37.920+0000] {processor.py:839} INFO - DAG(s) dict_keys(['example_python_operator']) retrieved from /home/airflow/.local/lib/python3.8/site-packages/airflow/example_dags/example_python_operator.py
[2023-09-01T15:11:37.946+0000] {logging_mixin.py:151} INFO - [2023-09-01T15:11:37.946+0000] {dag.py:2907} INFO - Sync 1 DAGs
[2023-09-01T15:11:37.962+0000] {logging_mixin.py:151} INFO - [2023-09-01T15:11:37.961+0000] {dag.py:3677} INFO - Setting next_dagrun for example_python_operator to None, run_after=None
[2023-09-01T15:11:37.982+0000] {processor.py:179} INFO - Processing /home/airflow/.local/lib/python3.8/site-packages/airflow/example_dags/example_python_operator.py took 0.083 seconds
[2023-09-01T15:12:08.025+0000] {processor.py:157} INFO - Started process (PID=2382) to work on /home/airflow/.local/lib/python3.8/site-packages/airflow/example_dags/example_python_operator.py
[2023-09-01T15:12:08.027+0000] {processor.py:829} INFO - Processing file /home/airflow/.local/lib/python3.8/site-packages/airflow/example_dags/example_python_operator.py for tasks to queue
[2023-09-01T15:12:08.030+0000] {logging_mixin.py:151} INFO - [2023-09-01T15:12:08.030+0000] {dagbag.py:539} INFO - Filling up the DagBag from /home/airflow/.local/lib/python3.8/site-packages/airflow/example_dags/example_python_operator.py
[2023-09-01T15:12:08.046+0000] {processor.py:839} INFO - DAG(s) dict_keys(['example_python_operator']) retrieved from /home/airflow/.local/lib/python3.8/site-packages/airflow/example_dags/example_python_operator.py
[2023-09-01T15:12:08.082+0000] {logging_mixin.py:151} INFO - [2023-09-01T15:12:08.082+0000] {dag.py:2907} INFO - Sync 1 DAGs
[2023-09-01T15:12:08.101+0000] {logging_mixin.py:151} INFO - [2023-09-01T15:12:08.101+0000] {dag.py:3677} INFO - Setting next_dagrun for example_python_operator to None, run_after=None
[2023-09-01T15:12:08.128+0000] {processor.py:179} INFO - Processing /home/airflow/.local/lib/python3.8/site-packages/airflow/example_dags/example_python_operator.py took 0.108 seconds
[2023-09-01T15:12:38.194+0000] {processor.py:157} INFO - Started process (PID=2436) to work on /home/airflow/.local/lib/python3.8/site-packages/airflow/example_dags/example_python_operator.py
[2023-09-01T15:12:38.196+0000] {processor.py:829} INFO - Processing file /home/airflow/.local/lib/python3.8/site-packages/airflow/example_dags/example_python_operator.py for tasks to queue
[2023-09-01T15:12:38.199+0000] {logging_mixin.py:151} INFO - [2023-09-01T15:12:38.199+0000] {dagbag.py:539} INFO - Filling up the DagBag from /home/airflow/.local/lib/python3.8/site-packages/airflow/example_dags/example_python_operator.py
[2023-09-01T15:12:38.214+0000] {processor.py:839} INFO - DAG(s) dict_keys(['example_python_operator']) retrieved from /home/airflow/.local/lib/python3.8/site-packages/airflow/example_dags/example_python_operator.py
[2023-09-01T15:12:38.241+0000] {logging_mixin.py:151} INFO - [2023-09-01T15:12:38.241+0000] {dag.py:2907} INFO - Sync 1 DAGs
[2023-09-01T15:12:38.256+0000] {logging_mixin.py:151} INFO - [2023-09-01T15:12:38.255+0000] {dag.py:3677} INFO - Setting next_dagrun for example_python_operator to None, run_after=None
[2023-09-01T15:12:38.275+0000] {processor.py:179} INFO - Processing /home/airflow/.local/lib/python3.8/site-packages/airflow/example_dags/example_python_operator.py took 0.086 seconds
[2023-09-01T15:13:08.558+0000] {processor.py:157} INFO - Started process (PID=2490) to work on /home/airflow/.local/lib/python3.8/site-packages/airflow/example_dags/example_python_operator.py
[2023-09-01T15:13:08.560+0000] {processor.py:829} INFO - Processing file /home/airflow/.local/lib/python3.8/site-packages/airflow/example_dags/example_python_operator.py for tasks to queue
[2023-09-01T15:13:08.563+0000] {logging_mixin.py:151} INFO - [2023-09-01T15:13:08.562+0000] {dagbag.py:539} INFO - Filling up the DagBag from /home/airflow/.local/lib/python3.8/site-packages/airflow/example_dags/example_python_operator.py
[2023-09-01T15:13:08.577+0000] {processor.py:839} INFO - DAG(s) dict_keys(['example_python_operator']) retrieved from /home/airflow/.local/lib/python3.8/site-packages/airflow/example_dags/example_python_operator.py
[2023-09-01T15:13:08.607+0000] {logging_mixin.py:151} INFO - [2023-09-01T15:13:08.607+0000] {dag.py:2907} INFO - Sync 1 DAGs
[2023-09-01T15:13:08.622+0000] {logging_mixin.py:151} INFO - [2023-09-01T15:13:08.622+0000] {dag.py:3677} INFO - Setting next_dagrun for example_python_operator to None, run_after=None
[2023-09-01T15:13:08.641+0000] {processor.py:179} INFO - Processing /home/airflow/.local/lib/python3.8/site-packages/airflow/example_dags/example_python_operator.py took 0.088 seconds
[2023-09-01T15:13:39.328+0000] {processor.py:157} INFO - Started process (PID=2544) to work on /home/airflow/.local/lib/python3.8/site-packages/airflow/example_dags/example_python_operator.py
[2023-09-01T15:13:39.329+0000] {processor.py:829} INFO - Processing file /home/airflow/.local/lib/python3.8/site-packages/airflow/example_dags/example_python_operator.py for tasks to queue
[2023-09-01T15:13:39.333+0000] {logging_mixin.py:151} INFO - [2023-09-01T15:13:39.332+0000] {dagbag.py:539} INFO - Filling up the DagBag from /home/airflow/.local/lib/python3.8/site-packages/airflow/example_dags/example_python_operator.py
[2023-09-01T15:13:39.347+0000] {processor.py:839} INFO - DAG(s) dict_keys(['example_python_operator']) retrieved from /home/airflow/.local/lib/python3.8/site-packages/airflow/example_dags/example_python_operator.py
[2023-09-01T15:13:39.379+0000] {logging_mixin.py:151} INFO - [2023-09-01T15:13:39.378+0000] {dag.py:2907} INFO - Sync 1 DAGs
[2023-09-01T15:13:39.394+0000] {logging_mixin.py:151} INFO - [2023-09-01T15:13:39.394+0000] {dag.py:3677} INFO - Setting next_dagrun for example_python_operator to None, run_after=None
[2023-09-01T15:13:39.414+0000] {processor.py:179} INFO - Processing /home/airflow/.local/lib/python3.8/site-packages/airflow/example_dags/example_python_operator.py took 0.091 seconds
[2023-09-01T15:14:09.501+0000] {processor.py:157} INFO - Started process (PID=2598) to work on /home/airflow/.local/lib/python3.8/site-packages/airflow/example_dags/example_python_operator.py
[2023-09-01T15:14:09.503+0000] {processor.py:829} INFO - Processing file /home/airflow/.local/lib/python3.8/site-packages/airflow/example_dags/example_python_operator.py for tasks to queue
[2023-09-01T15:14:09.505+0000] {logging_mixin.py:151} INFO - [2023-09-01T15:14:09.505+0000] {dagbag.py:539} INFO - Filling up the DagBag from /home/airflow/.local/lib/python3.8/site-packages/airflow/example_dags/example_python_operator.py
[2023-09-01T15:14:09.516+0000] {processor.py:839} INFO - DAG(s) dict_keys(['example_python_operator']) retrieved from /home/airflow/.local/lib/python3.8/site-packages/airflow/example_dags/example_python_operator.py
[2023-09-01T15:14:09.540+0000] {logging_mixin.py:151} INFO - [2023-09-01T15:14:09.540+0000] {dag.py:2907} INFO - Sync 1 DAGs
[2023-09-01T15:14:09.552+0000] {logging_mixin.py:151} INFO - [2023-09-01T15:14:09.552+0000] {dag.py:3677} INFO - Setting next_dagrun for example_python_operator to None, run_after=None
[2023-09-01T15:14:09.570+0000] {processor.py:179} INFO - Processing /home/airflow/.local/lib/python3.8/site-packages/airflow/example_dags/example_python_operator.py took 0.072 seconds
[2023-09-01T15:14:40.462+0000] {processor.py:157} INFO - Started process (PID=2652) to work on /home/airflow/.local/lib/python3.8/site-packages/airflow/example_dags/example_python_operator.py
[2023-09-01T15:14:40.464+0000] {processor.py:829} INFO - Processing file /home/airflow/.local/lib/python3.8/site-packages/airflow/example_dags/example_python_operator.py for tasks to queue
[2023-09-01T15:14:40.467+0000] {logging_mixin.py:151} INFO - [2023-09-01T15:14:40.467+0000] {dagbag.py:539} INFO - Filling up the DagBag from /home/airflow/.local/lib/python3.8/site-packages/airflow/example_dags/example_python_operator.py
[2023-09-01T15:14:40.479+0000] {processor.py:839} INFO - DAG(s) dict_keys(['example_python_operator']) retrieved from /home/airflow/.local/lib/python3.8/site-packages/airflow/example_dags/example_python_operator.py
[2023-09-01T15:14:40.506+0000] {logging_mixin.py:151} INFO - [2023-09-01T15:14:40.506+0000] {dag.py:2907} INFO - Sync 1 DAGs
[2023-09-01T15:14:40.520+0000] {logging_mixin.py:151} INFO - [2023-09-01T15:14:40.520+0000] {dag.py:3677} INFO - Setting next_dagrun for example_python_operator to None, run_after=None
[2023-09-01T15:14:40.540+0000] {processor.py:179} INFO - Processing /home/airflow/.local/lib/python3.8/site-packages/airflow/example_dags/example_python_operator.py took 0.082 seconds
[2023-09-01T15:15:11.474+0000] {processor.py:157} INFO - Started process (PID=2706) to work on /home/airflow/.local/lib/python3.8/site-packages/airflow/example_dags/example_python_operator.py
[2023-09-01T15:15:11.475+0000] {processor.py:829} INFO - Processing file /home/airflow/.local/lib/python3.8/site-packages/airflow/example_dags/example_python_operator.py for tasks to queue
[2023-09-01T15:15:11.479+0000] {logging_mixin.py:151} INFO - [2023-09-01T15:15:11.478+0000] {dagbag.py:539} INFO - Filling up the DagBag from /home/airflow/.local/lib/python3.8/site-packages/airflow/example_dags/example_python_operator.py
[2023-09-01T15:15:11.493+0000] {processor.py:839} INFO - DAG(s) dict_keys(['example_python_operator']) retrieved from /home/airflow/.local/lib/python3.8/site-packages/airflow/example_dags/example_python_operator.py
[2023-09-01T15:15:11.520+0000] {logging_mixin.py:151} INFO - [2023-09-01T15:15:11.520+0000] {dag.py:2907} INFO - Sync 1 DAGs
[2023-09-01T15:15:11.534+0000] {logging_mixin.py:151} INFO - [2023-09-01T15:15:11.534+0000] {dag.py:3677} INFO - Setting next_dagrun for example_python_operator to None, run_after=None
[2023-09-01T15:15:11.554+0000] {processor.py:179} INFO - Processing /home/airflow/.local/lib/python3.8/site-packages/airflow/example_dags/example_python_operator.py took 0.085 seconds
[2023-09-01T15:15:41.833+0000] {processor.py:157} INFO - Started process (PID=2760) to work on /home/airflow/.local/lib/python3.8/site-packages/airflow/example_dags/example_python_operator.py
[2023-09-01T15:15:41.834+0000] {processor.py:829} INFO - Processing file /home/airflow/.local/lib/python3.8/site-packages/airflow/example_dags/example_python_operator.py for tasks to queue
[2023-09-01T15:15:41.837+0000] {logging_mixin.py:151} INFO - [2023-09-01T15:15:41.837+0000] {dagbag.py:539} INFO - Filling up the DagBag from /home/airflow/.local/lib/python3.8/site-packages/airflow/example_dags/example_python_operator.py
[2023-09-01T15:15:41.851+0000] {processor.py:839} INFO - DAG(s) dict_keys(['example_python_operator']) retrieved from /home/airflow/.local/lib/python3.8/site-packages/airflow/example_dags/example_python_operator.py
[2023-09-01T15:15:41.882+0000] {logging_mixin.py:151} INFO - [2023-09-01T15:15:41.881+0000] {dag.py:2907} INFO - Sync 1 DAGs
[2023-09-01T15:15:41.896+0000] {logging_mixin.py:151} INFO - [2023-09-01T15:15:41.896+0000] {dag.py:3677} INFO - Setting next_dagrun for example_python_operator to None, run_after=None
[2023-09-01T15:15:41.916+0000] {processor.py:179} INFO - Processing /home/airflow/.local/lib/python3.8/site-packages/airflow/example_dags/example_python_operator.py took 0.089 seconds
[2023-09-01T15:16:11.982+0000] {processor.py:157} INFO - Started process (PID=2814) to work on /home/airflow/.local/lib/python3.8/site-packages/airflow/example_dags/example_python_operator.py
[2023-09-01T15:16:11.983+0000] {processor.py:829} INFO - Processing file /home/airflow/.local/lib/python3.8/site-packages/airflow/example_dags/example_python_operator.py for tasks to queue
[2023-09-01T15:16:11.986+0000] {logging_mixin.py:151} INFO - [2023-09-01T15:16:11.986+0000] {dagbag.py:539} INFO - Filling up the DagBag from /home/airflow/.local/lib/python3.8/site-packages/airflow/example_dags/example_python_operator.py
[2023-09-01T15:16:11.999+0000] {processor.py:839} INFO - DAG(s) dict_keys(['example_python_operator']) retrieved from /home/airflow/.local/lib/python3.8/site-packages/airflow/example_dags/example_python_operator.py
[2023-09-01T15:16:12.025+0000] {logging_mixin.py:151} INFO - [2023-09-01T15:16:12.025+0000] {dag.py:2907} INFO - Sync 1 DAGs
[2023-09-01T15:16:12.039+0000] {logging_mixin.py:151} INFO - [2023-09-01T15:16:12.039+0000] {dag.py:3677} INFO - Setting next_dagrun for example_python_operator to None, run_after=None
[2023-09-01T15:16:12.059+0000] {processor.py:179} INFO - Processing /home/airflow/.local/lib/python3.8/site-packages/airflow/example_dags/example_python_operator.py took 0.082 seconds
[2023-09-01T15:16:42.466+0000] {processor.py:157} INFO - Started process (PID=2869) to work on /home/airflow/.local/lib/python3.8/site-packages/airflow/example_dags/example_python_operator.py
[2023-09-01T15:16:42.467+0000] {processor.py:829} INFO - Processing file /home/airflow/.local/lib/python3.8/site-packages/airflow/example_dags/example_python_operator.py for tasks to queue
[2023-09-01T15:16:42.471+0000] {logging_mixin.py:151} INFO - [2023-09-01T15:16:42.471+0000] {dagbag.py:539} INFO - Filling up the DagBag from /home/airflow/.local/lib/python3.8/site-packages/airflow/example_dags/example_python_operator.py
[2023-09-01T15:16:42.487+0000] {processor.py:839} INFO - DAG(s) dict_keys(['example_python_operator']) retrieved from /home/airflow/.local/lib/python3.8/site-packages/airflow/example_dags/example_python_operator.py
[2023-09-01T15:16:42.518+0000] {logging_mixin.py:151} INFO - [2023-09-01T15:16:42.518+0000] {dag.py:2907} INFO - Sync 1 DAGs
[2023-09-01T15:16:42.534+0000] {logging_mixin.py:151} INFO - [2023-09-01T15:16:42.534+0000] {dag.py:3677} INFO - Setting next_dagrun for example_python_operator to None, run_after=None
[2023-09-01T15:16:42.553+0000] {processor.py:179} INFO - Processing /home/airflow/.local/lib/python3.8/site-packages/airflow/example_dags/example_python_operator.py took 0.093 seconds
[2023-09-01T15:17:12.991+0000] {processor.py:157} INFO - Started process (PID=2924) to work on /home/airflow/.local/lib/python3.8/site-packages/airflow/example_dags/example_python_operator.py
[2023-09-01T15:17:12.993+0000] {processor.py:829} INFO - Processing file /home/airflow/.local/lib/python3.8/site-packages/airflow/example_dags/example_python_operator.py for tasks to queue
[2023-09-01T15:17:12.997+0000] {logging_mixin.py:151} INFO - [2023-09-01T15:17:12.996+0000] {dagbag.py:539} INFO - Filling up the DagBag from /home/airflow/.local/lib/python3.8/site-packages/airflow/example_dags/example_python_operator.py
[2023-09-01T15:17:13.015+0000] {processor.py:839} INFO - DAG(s) dict_keys(['example_python_operator']) retrieved from /home/airflow/.local/lib/python3.8/site-packages/airflow/example_dags/example_python_operator.py
[2023-09-01T15:17:13.053+0000] {logging_mixin.py:151} INFO - [2023-09-01T15:17:13.053+0000] {dag.py:2907} INFO - Sync 1 DAGs
[2023-09-01T15:17:13.074+0000] {logging_mixin.py:151} INFO - [2023-09-01T15:17:13.074+0000] {dag.py:3677} INFO - Setting next_dagrun for example_python_operator to None, run_after=None
[2023-09-01T15:17:13.110+0000] {processor.py:179} INFO - Processing /home/airflow/.local/lib/python3.8/site-packages/airflow/example_dags/example_python_operator.py took 0.124 seconds
[2023-09-01T15:17:43.465+0000] {processor.py:157} INFO - Started process (PID=2978) to work on /home/airflow/.local/lib/python3.8/site-packages/airflow/example_dags/example_python_operator.py
[2023-09-01T15:17:43.466+0000] {processor.py:829} INFO - Processing file /home/airflow/.local/lib/python3.8/site-packages/airflow/example_dags/example_python_operator.py for tasks to queue
[2023-09-01T15:17:43.469+0000] {logging_mixin.py:151} INFO - [2023-09-01T15:17:43.468+0000] {dagbag.py:539} INFO - Filling up the DagBag from /home/airflow/.local/lib/python3.8/site-packages/airflow/example_dags/example_python_operator.py
[2023-09-01T15:17:43.481+0000] {processor.py:839} INFO - DAG(s) dict_keys(['example_python_operator']) retrieved from /home/airflow/.local/lib/python3.8/site-packages/airflow/example_dags/example_python_operator.py
[2023-09-01T15:17:43.506+0000] {logging_mixin.py:151} INFO - [2023-09-01T15:17:43.506+0000] {dag.py:2907} INFO - Sync 1 DAGs
[2023-09-01T15:17:43.518+0000] {logging_mixin.py:151} INFO - [2023-09-01T15:17:43.518+0000] {dag.py:3677} INFO - Setting next_dagrun for example_python_operator to None, run_after=None
[2023-09-01T15:17:43.535+0000] {processor.py:179} INFO - Processing /home/airflow/.local/lib/python3.8/site-packages/airflow/example_dags/example_python_operator.py took 0.074 seconds
[2023-09-01T15:18:14.485+0000] {processor.py:157} INFO - Started process (PID=3032) to work on /home/airflow/.local/lib/python3.8/site-packages/airflow/example_dags/example_python_operator.py
[2023-09-01T15:18:14.486+0000] {processor.py:829} INFO - Processing file /home/airflow/.local/lib/python3.8/site-packages/airflow/example_dags/example_python_operator.py for tasks to queue
[2023-09-01T15:18:14.489+0000] {logging_mixin.py:151} INFO - [2023-09-01T15:18:14.489+0000] {dagbag.py:539} INFO - Filling up the DagBag from /home/airflow/.local/lib/python3.8/site-packages/airflow/example_dags/example_python_operator.py
[2023-09-01T15:18:14.502+0000] {processor.py:839} INFO - DAG(s) dict_keys(['example_python_operator']) retrieved from /home/airflow/.local/lib/python3.8/site-packages/airflow/example_dags/example_python_operator.py
[2023-09-01T15:18:14.529+0000] {logging_mixin.py:151} INFO - [2023-09-01T15:18:14.529+0000] {dag.py:2907} INFO - Sync 1 DAGs
[2023-09-01T15:18:14.543+0000] {logging_mixin.py:151} INFO - [2023-09-01T15:18:14.543+0000] {dag.py:3677} INFO - Setting next_dagrun for example_python_operator to None, run_after=None
[2023-09-01T15:18:14.563+0000] {processor.py:179} INFO - Processing /home/airflow/.local/lib/python3.8/site-packages/airflow/example_dags/example_python_operator.py took 0.082 seconds
[2023-09-01T15:18:45.206+0000] {processor.py:157} INFO - Started process (PID=3086) to work on /home/airflow/.local/lib/python3.8/site-packages/airflow/example_dags/example_python_operator.py
[2023-09-01T15:18:45.208+0000] {processor.py:829} INFO - Processing file /home/airflow/.local/lib/python3.8/site-packages/airflow/example_dags/example_python_operator.py for tasks to queue
[2023-09-01T15:18:45.211+0000] {logging_mixin.py:151} INFO - [2023-09-01T15:18:45.211+0000] {dagbag.py:539} INFO - Filling up the DagBag from /home/airflow/.local/lib/python3.8/site-packages/airflow/example_dags/example_python_operator.py
[2023-09-01T15:18:45.224+0000] {processor.py:839} INFO - DAG(s) dict_keys(['example_python_operator']) retrieved from /home/airflow/.local/lib/python3.8/site-packages/airflow/example_dags/example_python_operator.py
[2023-09-01T15:18:45.251+0000] {logging_mixin.py:151} INFO - [2023-09-01T15:18:45.251+0000] {dag.py:2907} INFO - Sync 1 DAGs
[2023-09-01T15:18:45.266+0000] {logging_mixin.py:151} INFO - [2023-09-01T15:18:45.266+0000] {dag.py:3677} INFO - Setting next_dagrun for example_python_operator to None, run_after=None
[2023-09-01T15:18:45.286+0000] {processor.py:179} INFO - Processing /home/airflow/.local/lib/python3.8/site-packages/airflow/example_dags/example_python_operator.py took 0.085 seconds
[2023-09-01T15:19:15.794+0000] {processor.py:157} INFO - Started process (PID=3140) to work on /home/airflow/.local/lib/python3.8/site-packages/airflow/example_dags/example_python_operator.py
[2023-09-01T15:19:15.795+0000] {processor.py:829} INFO - Processing file /home/airflow/.local/lib/python3.8/site-packages/airflow/example_dags/example_python_operator.py for tasks to queue
[2023-09-01T15:19:15.798+0000] {logging_mixin.py:151} INFO - [2023-09-01T15:19:15.797+0000] {dagbag.py:539} INFO - Filling up the DagBag from /home/airflow/.local/lib/python3.8/site-packages/airflow/example_dags/example_python_operator.py
[2023-09-01T15:19:15.810+0000] {processor.py:839} INFO - DAG(s) dict_keys(['example_python_operator']) retrieved from /home/airflow/.local/lib/python3.8/site-packages/airflow/example_dags/example_python_operator.py
[2023-09-01T15:19:15.837+0000] {logging_mixin.py:151} INFO - [2023-09-01T15:19:15.837+0000] {dag.py:2907} INFO - Sync 1 DAGs
[2023-09-01T15:19:15.851+0000] {logging_mixin.py:151} INFO - [2023-09-01T15:19:15.851+0000] {dag.py:3677} INFO - Setting next_dagrun for example_python_operator to None, run_after=None
[2023-09-01T15:19:15.868+0000] {processor.py:179} INFO - Processing /home/airflow/.local/lib/python3.8/site-packages/airflow/example_dags/example_python_operator.py took 0.078 seconds
[2023-09-01T15:19:46.434+0000] {processor.py:157} INFO - Started process (PID=3194) to work on /home/airflow/.local/lib/python3.8/site-packages/airflow/example_dags/example_python_operator.py
[2023-09-01T15:19:46.435+0000] {processor.py:829} INFO - Processing file /home/airflow/.local/lib/python3.8/site-packages/airflow/example_dags/example_python_operator.py for tasks to queue
[2023-09-01T15:19:46.439+0000] {logging_mixin.py:151} INFO - [2023-09-01T15:19:46.438+0000] {dagbag.py:539} INFO - Filling up the DagBag from /home/airflow/.local/lib/python3.8/site-packages/airflow/example_dags/example_python_operator.py
[2023-09-01T15:19:46.452+0000] {processor.py:839} INFO - DAG(s) dict_keys(['example_python_operator']) retrieved from /home/airflow/.local/lib/python3.8/site-packages/airflow/example_dags/example_python_operator.py
[2023-09-01T15:19:46.480+0000] {logging_mixin.py:151} INFO - [2023-09-01T15:19:46.480+0000] {dag.py:2907} INFO - Sync 1 DAGs
[2023-09-01T15:19:46.495+0000] {logging_mixin.py:151} INFO - [2023-09-01T15:19:46.495+0000] {dag.py:3677} INFO - Setting next_dagrun for example_python_operator to None, run_after=None
[2023-09-01T15:19:46.521+0000] {processor.py:179} INFO - Processing /home/airflow/.local/lib/python3.8/site-packages/airflow/example_dags/example_python_operator.py took 0.092 seconds
[2023-09-01T15:20:16.802+0000] {processor.py:157} INFO - Started process (PID=3248) to work on /home/airflow/.local/lib/python3.8/site-packages/airflow/example_dags/example_python_operator.py
[2023-09-01T15:20:16.803+0000] {processor.py:829} INFO - Processing file /home/airflow/.local/lib/python3.8/site-packages/airflow/example_dags/example_python_operator.py for tasks to queue
[2023-09-01T15:20:16.806+0000] {logging_mixin.py:151} INFO - [2023-09-01T15:20:16.806+0000] {dagbag.py:539} INFO - Filling up the DagBag from /home/airflow/.local/lib/python3.8/site-packages/airflow/example_dags/example_python_operator.py
[2023-09-01T15:20:16.819+0000] {processor.py:839} INFO - DAG(s) dict_keys(['example_python_operator']) retrieved from /home/airflow/.local/lib/python3.8/site-packages/airflow/example_dags/example_python_operator.py
[2023-09-01T15:20:16.845+0000] {logging_mixin.py:151} INFO - [2023-09-01T15:20:16.845+0000] {dag.py:2907} INFO - Sync 1 DAGs
[2023-09-01T15:20:16.862+0000] {logging_mixin.py:151} INFO - [2023-09-01T15:20:16.862+0000] {dag.py:3677} INFO - Setting next_dagrun for example_python_operator to None, run_after=None
[2023-09-01T15:20:16.883+0000] {processor.py:179} INFO - Processing /home/airflow/.local/lib/python3.8/site-packages/airflow/example_dags/example_python_operator.py took 0.085 seconds
[2023-09-01T15:20:47.418+0000] {processor.py:157} INFO - Started process (PID=3302) to work on /home/airflow/.local/lib/python3.8/site-packages/airflow/example_dags/example_python_operator.py
[2023-09-01T15:20:47.419+0000] {processor.py:829} INFO - Processing file /home/airflow/.local/lib/python3.8/site-packages/airflow/example_dags/example_python_operator.py for tasks to queue
[2023-09-01T15:20:47.422+0000] {logging_mixin.py:151} INFO - [2023-09-01T15:20:47.421+0000] {dagbag.py:539} INFO - Filling up the DagBag from /home/airflow/.local/lib/python3.8/site-packages/airflow/example_dags/example_python_operator.py
[2023-09-01T15:20:47.434+0000] {processor.py:839} INFO - DAG(s) dict_keys(['example_python_operator']) retrieved from /home/airflow/.local/lib/python3.8/site-packages/airflow/example_dags/example_python_operator.py
[2023-09-01T15:20:47.461+0000] {logging_mixin.py:151} INFO - [2023-09-01T15:20:47.460+0000] {dag.py:2907} INFO - Sync 1 DAGs
[2023-09-01T15:20:47.475+0000] {logging_mixin.py:151} INFO - [2023-09-01T15:20:47.475+0000] {dag.py:3677} INFO - Setting next_dagrun for example_python_operator to None, run_after=None
[2023-09-01T15:20:47.494+0000] {processor.py:179} INFO - Processing /home/airflow/.local/lib/python3.8/site-packages/airflow/example_dags/example_python_operator.py took 0.081 seconds
[2023-09-01T15:21:18.011+0000] {processor.py:157} INFO - Started process (PID=3356) to work on /home/airflow/.local/lib/python3.8/site-packages/airflow/example_dags/example_python_operator.py
[2023-09-01T15:21:18.013+0000] {processor.py:829} INFO - Processing file /home/airflow/.local/lib/python3.8/site-packages/airflow/example_dags/example_python_operator.py for tasks to queue
[2023-09-01T15:21:18.017+0000] {logging_mixin.py:151} INFO - [2023-09-01T15:21:18.017+0000] {dagbag.py:539} INFO - Filling up the DagBag from /home/airflow/.local/lib/python3.8/site-packages/airflow/example_dags/example_python_operator.py
[2023-09-01T15:21:18.032+0000] {processor.py:839} INFO - DAG(s) dict_keys(['example_python_operator']) retrieved from /home/airflow/.local/lib/python3.8/site-packages/airflow/example_dags/example_python_operator.py
[2023-09-01T15:21:18.066+0000] {logging_mixin.py:151} INFO - [2023-09-01T15:21:18.066+0000] {dag.py:2907} INFO - Sync 1 DAGs
[2023-09-01T15:21:18.083+0000] {logging_mixin.py:151} INFO - [2023-09-01T15:21:18.083+0000] {dag.py:3677} INFO - Setting next_dagrun for example_python_operator to None, run_after=None
[2023-09-01T15:21:18.103+0000] {processor.py:179} INFO - Processing /home/airflow/.local/lib/python3.8/site-packages/airflow/example_dags/example_python_operator.py took 0.096 seconds
[2023-09-01T15:21:48.753+0000] {processor.py:157} INFO - Started process (PID=3410) to work on /home/airflow/.local/lib/python3.8/site-packages/airflow/example_dags/example_python_operator.py
[2023-09-01T15:21:48.755+0000] {processor.py:829} INFO - Processing file /home/airflow/.local/lib/python3.8/site-packages/airflow/example_dags/example_python_operator.py for tasks to queue
[2023-09-01T15:21:48.758+0000] {logging_mixin.py:151} INFO - [2023-09-01T15:21:48.757+0000] {dagbag.py:539} INFO - Filling up the DagBag from /home/airflow/.local/lib/python3.8/site-packages/airflow/example_dags/example_python_operator.py
[2023-09-01T15:21:48.771+0000] {processor.py:839} INFO - DAG(s) dict_keys(['example_python_operator']) retrieved from /home/airflow/.local/lib/python3.8/site-packages/airflow/example_dags/example_python_operator.py
[2023-09-01T15:21:48.799+0000] {logging_mixin.py:151} INFO - [2023-09-01T15:21:48.799+0000] {dag.py:2907} INFO - Sync 1 DAGs
[2023-09-01T15:21:48.815+0000] {logging_mixin.py:151} INFO - [2023-09-01T15:21:48.815+0000] {dag.py:3677} INFO - Setting next_dagrun for example_python_operator to None, run_after=None
[2023-09-01T15:21:48.841+0000] {processor.py:179} INFO - Processing /home/airflow/.local/lib/python3.8/site-packages/airflow/example_dags/example_python_operator.py took 0.092 seconds
