[2023-09-01T14:50:16.564+0000] {processor.py:157} INFO - Started process (PID=51) to work on /home/airflow/.local/lib/python3.8/site-packages/airflow/example_dags/example_sensor_decorator.py
[2023-09-01T14:50:16.567+0000] {processor.py:829} INFO - Processing file /home/airflow/.local/lib/python3.8/site-packages/airflow/example_dags/example_sensor_decorator.py for tasks to queue
[2023-09-01T14:50:16.574+0000] {logging_mixin.py:151} INFO - [2023-09-01T14:50:16.573+0000] {dagbag.py:539} INFO - Filling up the DagBag from /home/airflow/.local/lib/python3.8/site-packages/airflow/example_dags/example_sensor_decorator.py
[2023-09-01T14:50:16.602+0000] {processor.py:839} INFO - DAG(s) dict_keys(['example_sensor_decorator']) retrieved from /home/airflow/.local/lib/python3.8/site-packages/airflow/example_dags/example_sensor_decorator.py
[2023-09-01T14:50:17.427+0000] {logging_mixin.py:151} INFO - [2023-09-01T14:50:17.427+0000] {manager.py:501} INFO - Created Permission View: can read on DAG:example_sensor_decorator
[2023-09-01T14:50:17.460+0000] {logging_mixin.py:151} INFO - [2023-09-01T14:50:17.459+0000] {manager.py:501} INFO - Created Permission View: can edit on DAG:example_sensor_decorator
[2023-09-01T14:50:17.479+0000] {logging_mixin.py:151} INFO - [2023-09-01T14:50:17.478+0000] {manager.py:501} INFO - Created Permission View: can delete on DAG:example_sensor_decorator
[2023-09-01T14:50:17.509+0000] {logging_mixin.py:151} INFO - [2023-09-01T14:50:17.508+0000] {dag.py:2907} INFO - Sync 1 DAGs
[2023-09-01T14:50:17.530+0000] {logging_mixin.py:151} INFO - [2023-09-01T14:50:17.530+0000] {dag.py:2929} INFO - Creating ORM DAG for example_sensor_decorator
[2023-09-01T14:50:17.532+0000] {logging_mixin.py:151} INFO - [2023-09-01T14:50:17.532+0000] {dag.py:3677} INFO - Setting next_dagrun for example_sensor_decorator to None, run_after=None
[2023-09-01T14:50:17.570+0000] {processor.py:179} INFO - Processing /home/airflow/.local/lib/python3.8/site-packages/airflow/example_dags/example_sensor_decorator.py took 1.017 seconds
[2023-09-01T14:50:47.952+0000] {processor.py:157} INFO - Started process (PID=104) to work on /home/airflow/.local/lib/python3.8/site-packages/airflow/example_dags/example_sensor_decorator.py
[2023-09-01T14:50:47.954+0000] {processor.py:829} INFO - Processing file /home/airflow/.local/lib/python3.8/site-packages/airflow/example_dags/example_sensor_decorator.py for tasks to queue
[2023-09-01T14:50:47.958+0000] {logging_mixin.py:151} INFO - [2023-09-01T14:50:47.957+0000] {dagbag.py:539} INFO - Filling up the DagBag from /home/airflow/.local/lib/python3.8/site-packages/airflow/example_dags/example_sensor_decorator.py
[2023-09-01T14:50:47.969+0000] {processor.py:839} INFO - DAG(s) dict_keys(['example_sensor_decorator']) retrieved from /home/airflow/.local/lib/python3.8/site-packages/airflow/example_dags/example_sensor_decorator.py
[2023-09-01T14:50:48.000+0000] {logging_mixin.py:151} INFO - [2023-09-01T14:50:48.000+0000] {dag.py:2907} INFO - Sync 1 DAGs
[2023-09-01T14:50:48.021+0000] {logging_mixin.py:151} INFO - [2023-09-01T14:50:48.020+0000] {dag.py:3677} INFO - Setting next_dagrun for example_sensor_decorator to None, run_after=None
[2023-09-01T14:50:48.052+0000] {processor.py:179} INFO - Processing /home/airflow/.local/lib/python3.8/site-packages/airflow/example_dags/example_sensor_decorator.py took 0.105 seconds
[2023-09-01T14:51:18.084+0000] {processor.py:157} INFO - Started process (PID=157) to work on /home/airflow/.local/lib/python3.8/site-packages/airflow/example_dags/example_sensor_decorator.py
[2023-09-01T14:51:18.086+0000] {processor.py:829} INFO - Processing file /home/airflow/.local/lib/python3.8/site-packages/airflow/example_dags/example_sensor_decorator.py for tasks to queue
[2023-09-01T14:51:18.089+0000] {logging_mixin.py:151} INFO - [2023-09-01T14:51:18.089+0000] {dagbag.py:539} INFO - Filling up the DagBag from /home/airflow/.local/lib/python3.8/site-packages/airflow/example_dags/example_sensor_decorator.py
[2023-09-01T14:51:18.098+0000] {processor.py:839} INFO - DAG(s) dict_keys(['example_sensor_decorator']) retrieved from /home/airflow/.local/lib/python3.8/site-packages/airflow/example_dags/example_sensor_decorator.py
[2023-09-01T14:51:18.128+0000] {logging_mixin.py:151} INFO - [2023-09-01T14:51:18.128+0000] {dag.py:2907} INFO - Sync 1 DAGs
[2023-09-01T14:51:18.147+0000] {logging_mixin.py:151} INFO - [2023-09-01T14:51:18.146+0000] {dag.py:3677} INFO - Setting next_dagrun for example_sensor_decorator to None, run_after=None
[2023-09-01T14:51:18.172+0000] {processor.py:179} INFO - Processing /home/airflow/.local/lib/python3.8/site-packages/airflow/example_dags/example_sensor_decorator.py took 0.093 seconds
[2023-09-01T14:51:48.436+0000] {processor.py:157} INFO - Started process (PID=212) to work on /home/airflow/.local/lib/python3.8/site-packages/airflow/example_dags/example_sensor_decorator.py
[2023-09-01T14:51:48.438+0000] {processor.py:829} INFO - Processing file /home/airflow/.local/lib/python3.8/site-packages/airflow/example_dags/example_sensor_decorator.py for tasks to queue
[2023-09-01T14:51:48.441+0000] {logging_mixin.py:151} INFO - [2023-09-01T14:51:48.441+0000] {dagbag.py:539} INFO - Filling up the DagBag from /home/airflow/.local/lib/python3.8/site-packages/airflow/example_dags/example_sensor_decorator.py
[2023-09-01T14:51:48.450+0000] {processor.py:839} INFO - DAG(s) dict_keys(['example_sensor_decorator']) retrieved from /home/airflow/.local/lib/python3.8/site-packages/airflow/example_dags/example_sensor_decorator.py
[2023-09-01T14:51:48.475+0000] {logging_mixin.py:151} INFO - [2023-09-01T14:51:48.475+0000] {dag.py:2907} INFO - Sync 1 DAGs
[2023-09-01T14:51:48.489+0000] {logging_mixin.py:151} INFO - [2023-09-01T14:51:48.489+0000] {dag.py:3677} INFO - Setting next_dagrun for example_sensor_decorator to None, run_after=None
[2023-09-01T14:51:48.508+0000] {processor.py:179} INFO - Processing /home/airflow/.local/lib/python3.8/site-packages/airflow/example_dags/example_sensor_decorator.py took 0.076 seconds
[2023-09-01T14:52:18.651+0000] {processor.py:157} INFO - Started process (PID=266) to work on /home/airflow/.local/lib/python3.8/site-packages/airflow/example_dags/example_sensor_decorator.py
[2023-09-01T14:52:18.653+0000] {processor.py:829} INFO - Processing file /home/airflow/.local/lib/python3.8/site-packages/airflow/example_dags/example_sensor_decorator.py for tasks to queue
[2023-09-01T14:52:18.657+0000] {logging_mixin.py:151} INFO - [2023-09-01T14:52:18.656+0000] {dagbag.py:539} INFO - Filling up the DagBag from /home/airflow/.local/lib/python3.8/site-packages/airflow/example_dags/example_sensor_decorator.py
[2023-09-01T14:52:18.666+0000] {processor.py:839} INFO - DAG(s) dict_keys(['example_sensor_decorator']) retrieved from /home/airflow/.local/lib/python3.8/site-packages/airflow/example_dags/example_sensor_decorator.py
[2023-09-01T14:52:18.695+0000] {logging_mixin.py:151} INFO - [2023-09-01T14:52:18.694+0000] {dag.py:2907} INFO - Sync 1 DAGs
[2023-09-01T14:52:18.714+0000] {logging_mixin.py:151} INFO - [2023-09-01T14:52:18.713+0000] {dag.py:3677} INFO - Setting next_dagrun for example_sensor_decorator to None, run_after=None
[2023-09-01T14:52:18.739+0000] {processor.py:179} INFO - Processing /home/airflow/.local/lib/python3.8/site-packages/airflow/example_dags/example_sensor_decorator.py took 0.093 seconds
[2023-09-01T14:52:48.869+0000] {processor.py:157} INFO - Started process (PID=320) to work on /home/airflow/.local/lib/python3.8/site-packages/airflow/example_dags/example_sensor_decorator.py
[2023-09-01T14:52:48.870+0000] {processor.py:829} INFO - Processing file /home/airflow/.local/lib/python3.8/site-packages/airflow/example_dags/example_sensor_decorator.py for tasks to queue
[2023-09-01T14:52:48.873+0000] {logging_mixin.py:151} INFO - [2023-09-01T14:52:48.873+0000] {dagbag.py:539} INFO - Filling up the DagBag from /home/airflow/.local/lib/python3.8/site-packages/airflow/example_dags/example_sensor_decorator.py
[2023-09-01T14:52:48.880+0000] {processor.py:839} INFO - DAG(s) dict_keys(['example_sensor_decorator']) retrieved from /home/airflow/.local/lib/python3.8/site-packages/airflow/example_dags/example_sensor_decorator.py
[2023-09-01T14:52:48.904+0000] {logging_mixin.py:151} INFO - [2023-09-01T14:52:48.904+0000] {dag.py:2907} INFO - Sync 1 DAGs
[2023-09-01T14:52:48.920+0000] {logging_mixin.py:151} INFO - [2023-09-01T14:52:48.919+0000] {dag.py:3677} INFO - Setting next_dagrun for example_sensor_decorator to None, run_after=None
[2023-09-01T14:52:48.939+0000] {processor.py:179} INFO - Processing /home/airflow/.local/lib/python3.8/site-packages/airflow/example_dags/example_sensor_decorator.py took 0.074 seconds
[2023-09-01T14:53:19.120+0000] {processor.py:157} INFO - Started process (PID=374) to work on /home/airflow/.local/lib/python3.8/site-packages/airflow/example_dags/example_sensor_decorator.py
[2023-09-01T14:53:19.121+0000] {processor.py:829} INFO - Processing file /home/airflow/.local/lib/python3.8/site-packages/airflow/example_dags/example_sensor_decorator.py for tasks to queue
[2023-09-01T14:53:19.125+0000] {logging_mixin.py:151} INFO - [2023-09-01T14:53:19.124+0000] {dagbag.py:539} INFO - Filling up the DagBag from /home/airflow/.local/lib/python3.8/site-packages/airflow/example_dags/example_sensor_decorator.py
[2023-09-01T14:53:19.136+0000] {processor.py:839} INFO - DAG(s) dict_keys(['example_sensor_decorator']) retrieved from /home/airflow/.local/lib/python3.8/site-packages/airflow/example_dags/example_sensor_decorator.py
[2023-09-01T14:53:19.162+0000] {logging_mixin.py:151} INFO - [2023-09-01T14:53:19.162+0000] {dag.py:2907} INFO - Sync 1 DAGs
[2023-09-01T14:53:19.178+0000] {logging_mixin.py:151} INFO - [2023-09-01T14:53:19.178+0000] {dag.py:3677} INFO - Setting next_dagrun for example_sensor_decorator to None, run_after=None
[2023-09-01T14:53:19.198+0000] {processor.py:179} INFO - Processing /home/airflow/.local/lib/python3.8/site-packages/airflow/example_dags/example_sensor_decorator.py took 0.082 seconds
[2023-09-01T14:53:49.255+0000] {processor.py:157} INFO - Started process (PID=429) to work on /home/airflow/.local/lib/python3.8/site-packages/airflow/example_dags/example_sensor_decorator.py
[2023-09-01T14:53:49.256+0000] {processor.py:829} INFO - Processing file /home/airflow/.local/lib/python3.8/site-packages/airflow/example_dags/example_sensor_decorator.py for tasks to queue
[2023-09-01T14:53:49.260+0000] {logging_mixin.py:151} INFO - [2023-09-01T14:53:49.260+0000] {dagbag.py:539} INFO - Filling up the DagBag from /home/airflow/.local/lib/python3.8/site-packages/airflow/example_dags/example_sensor_decorator.py
[2023-09-01T14:53:49.269+0000] {processor.py:839} INFO - DAG(s) dict_keys(['example_sensor_decorator']) retrieved from /home/airflow/.local/lib/python3.8/site-packages/airflow/example_dags/example_sensor_decorator.py
[2023-09-01T14:53:49.303+0000] {logging_mixin.py:151} INFO - [2023-09-01T14:53:49.303+0000] {dag.py:2907} INFO - Sync 1 DAGs
[2023-09-01T14:53:49.325+0000] {logging_mixin.py:151} INFO - [2023-09-01T14:53:49.324+0000] {dag.py:3677} INFO - Setting next_dagrun for example_sensor_decorator to None, run_after=None
[2023-09-01T14:53:49.352+0000] {processor.py:179} INFO - Processing /home/airflow/.local/lib/python3.8/site-packages/airflow/example_dags/example_sensor_decorator.py took 0.102 seconds
[2023-09-01T14:54:19.471+0000] {processor.py:157} INFO - Started process (PID=483) to work on /home/airflow/.local/lib/python3.8/site-packages/airflow/example_dags/example_sensor_decorator.py
[2023-09-01T14:54:19.473+0000] {processor.py:829} INFO - Processing file /home/airflow/.local/lib/python3.8/site-packages/airflow/example_dags/example_sensor_decorator.py for tasks to queue
[2023-09-01T14:54:19.477+0000] {logging_mixin.py:151} INFO - [2023-09-01T14:54:19.477+0000] {dagbag.py:539} INFO - Filling up the DagBag from /home/airflow/.local/lib/python3.8/site-packages/airflow/example_dags/example_sensor_decorator.py
[2023-09-01T14:54:19.487+0000] {processor.py:839} INFO - DAG(s) dict_keys(['example_sensor_decorator']) retrieved from /home/airflow/.local/lib/python3.8/site-packages/airflow/example_dags/example_sensor_decorator.py
[2023-09-01T14:54:19.514+0000] {logging_mixin.py:151} INFO - [2023-09-01T14:54:19.514+0000] {dag.py:2907} INFO - Sync 1 DAGs
[2023-09-01T14:54:19.528+0000] {logging_mixin.py:151} INFO - [2023-09-01T14:54:19.528+0000] {dag.py:3677} INFO - Setting next_dagrun for example_sensor_decorator to None, run_after=None
[2023-09-01T14:54:19.547+0000] {processor.py:179} INFO - Processing /home/airflow/.local/lib/python3.8/site-packages/airflow/example_dags/example_sensor_decorator.py took 0.081 seconds
[2023-09-01T14:54:49.726+0000] {processor.py:157} INFO - Started process (PID=537) to work on /home/airflow/.local/lib/python3.8/site-packages/airflow/example_dags/example_sensor_decorator.py
[2023-09-01T14:54:49.727+0000] {processor.py:829} INFO - Processing file /home/airflow/.local/lib/python3.8/site-packages/airflow/example_dags/example_sensor_decorator.py for tasks to queue
[2023-09-01T14:54:49.731+0000] {logging_mixin.py:151} INFO - [2023-09-01T14:54:49.730+0000] {dagbag.py:539} INFO - Filling up the DagBag from /home/airflow/.local/lib/python3.8/site-packages/airflow/example_dags/example_sensor_decorator.py
[2023-09-01T14:54:49.739+0000] {processor.py:839} INFO - DAG(s) dict_keys(['example_sensor_decorator']) retrieved from /home/airflow/.local/lib/python3.8/site-packages/airflow/example_dags/example_sensor_decorator.py
[2023-09-01T14:54:49.767+0000] {logging_mixin.py:151} INFO - [2023-09-01T14:54:49.767+0000] {dag.py:2907} INFO - Sync 1 DAGs
[2023-09-01T14:54:49.783+0000] {logging_mixin.py:151} INFO - [2023-09-01T14:54:49.783+0000] {dag.py:3677} INFO - Setting next_dagrun for example_sensor_decorator to None, run_after=None
[2023-09-01T14:54:49.803+0000] {processor.py:179} INFO - Processing /home/airflow/.local/lib/python3.8/site-packages/airflow/example_dags/example_sensor_decorator.py took 0.082 seconds
[2023-09-01T14:55:20.680+0000] {processor.py:157} INFO - Started process (PID=591) to work on /home/airflow/.local/lib/python3.8/site-packages/airflow/example_dags/example_sensor_decorator.py
[2023-09-01T14:55:20.681+0000] {processor.py:829} INFO - Processing file /home/airflow/.local/lib/python3.8/site-packages/airflow/example_dags/example_sensor_decorator.py for tasks to queue
[2023-09-01T14:55:20.683+0000] {logging_mixin.py:151} INFO - [2023-09-01T14:55:20.683+0000] {dagbag.py:539} INFO - Filling up the DagBag from /home/airflow/.local/lib/python3.8/site-packages/airflow/example_dags/example_sensor_decorator.py
[2023-09-01T14:55:20.692+0000] {processor.py:839} INFO - DAG(s) dict_keys(['example_sensor_decorator']) retrieved from /home/airflow/.local/lib/python3.8/site-packages/airflow/example_dags/example_sensor_decorator.py
[2023-09-01T14:55:20.716+0000] {logging_mixin.py:151} INFO - [2023-09-01T14:55:20.716+0000] {dag.py:2907} INFO - Sync 1 DAGs
[2023-09-01T14:55:20.729+0000] {logging_mixin.py:151} INFO - [2023-09-01T14:55:20.729+0000] {dag.py:3677} INFO - Setting next_dagrun for example_sensor_decorator to None, run_after=None
[2023-09-01T14:55:20.755+0000] {processor.py:179} INFO - Processing /home/airflow/.local/lib/python3.8/site-packages/airflow/example_dags/example_sensor_decorator.py took 0.079 seconds
[2023-09-01T14:55:51.293+0000] {processor.py:157} INFO - Started process (PID=645) to work on /home/airflow/.local/lib/python3.8/site-packages/airflow/example_dags/example_sensor_decorator.py
[2023-09-01T14:55:51.294+0000] {processor.py:829} INFO - Processing file /home/airflow/.local/lib/python3.8/site-packages/airflow/example_dags/example_sensor_decorator.py for tasks to queue
[2023-09-01T14:55:51.296+0000] {logging_mixin.py:151} INFO - [2023-09-01T14:55:51.296+0000] {dagbag.py:539} INFO - Filling up the DagBag from /home/airflow/.local/lib/python3.8/site-packages/airflow/example_dags/example_sensor_decorator.py
[2023-09-01T14:55:51.304+0000] {processor.py:839} INFO - DAG(s) dict_keys(['example_sensor_decorator']) retrieved from /home/airflow/.local/lib/python3.8/site-packages/airflow/example_dags/example_sensor_decorator.py
[2023-09-01T14:55:51.328+0000] {logging_mixin.py:151} INFO - [2023-09-01T14:55:51.328+0000] {dag.py:2907} INFO - Sync 1 DAGs
[2023-09-01T14:55:51.342+0000] {logging_mixin.py:151} INFO - [2023-09-01T14:55:51.342+0000] {dag.py:3677} INFO - Setting next_dagrun for example_sensor_decorator to None, run_after=None
[2023-09-01T14:55:51.366+0000] {processor.py:179} INFO - Processing /home/airflow/.local/lib/python3.8/site-packages/airflow/example_dags/example_sensor_decorator.py took 0.078 seconds
[2023-09-01T14:56:22.111+0000] {processor.py:157} INFO - Started process (PID=699) to work on /home/airflow/.local/lib/python3.8/site-packages/airflow/example_dags/example_sensor_decorator.py
[2023-09-01T14:56:22.113+0000] {processor.py:829} INFO - Processing file /home/airflow/.local/lib/python3.8/site-packages/airflow/example_dags/example_sensor_decorator.py for tasks to queue
[2023-09-01T14:56:22.116+0000] {logging_mixin.py:151} INFO - [2023-09-01T14:56:22.116+0000] {dagbag.py:539} INFO - Filling up the DagBag from /home/airflow/.local/lib/python3.8/site-packages/airflow/example_dags/example_sensor_decorator.py
[2023-09-01T14:56:22.126+0000] {processor.py:839} INFO - DAG(s) dict_keys(['example_sensor_decorator']) retrieved from /home/airflow/.local/lib/python3.8/site-packages/airflow/example_dags/example_sensor_decorator.py
[2023-09-01T14:56:22.154+0000] {logging_mixin.py:151} INFO - [2023-09-01T14:56:22.154+0000] {dag.py:2907} INFO - Sync 1 DAGs
[2023-09-01T14:56:22.170+0000] {logging_mixin.py:151} INFO - [2023-09-01T14:56:22.170+0000] {dag.py:3677} INFO - Setting next_dagrun for example_sensor_decorator to None, run_after=None
[2023-09-01T14:56:22.190+0000] {processor.py:179} INFO - Processing /home/airflow/.local/lib/python3.8/site-packages/airflow/example_dags/example_sensor_decorator.py took 0.083 seconds
[2023-09-01T14:56:52.904+0000] {processor.py:157} INFO - Started process (PID=753) to work on /home/airflow/.local/lib/python3.8/site-packages/airflow/example_dags/example_sensor_decorator.py
[2023-09-01T14:56:52.905+0000] {processor.py:829} INFO - Processing file /home/airflow/.local/lib/python3.8/site-packages/airflow/example_dags/example_sensor_decorator.py for tasks to queue
[2023-09-01T14:56:52.908+0000] {logging_mixin.py:151} INFO - [2023-09-01T14:56:52.908+0000] {dagbag.py:539} INFO - Filling up the DagBag from /home/airflow/.local/lib/python3.8/site-packages/airflow/example_dags/example_sensor_decorator.py
[2023-09-01T14:56:52.915+0000] {processor.py:839} INFO - DAG(s) dict_keys(['example_sensor_decorator']) retrieved from /home/airflow/.local/lib/python3.8/site-packages/airflow/example_dags/example_sensor_decorator.py
[2023-09-01T14:56:52.940+0000] {logging_mixin.py:151} INFO - [2023-09-01T14:56:52.940+0000] {dag.py:2907} INFO - Sync 1 DAGs
[2023-09-01T14:56:52.955+0000] {logging_mixin.py:151} INFO - [2023-09-01T14:56:52.954+0000] {dag.py:3677} INFO - Setting next_dagrun for example_sensor_decorator to None, run_after=None
[2023-09-01T14:56:52.976+0000] {processor.py:179} INFO - Processing /home/airflow/.local/lib/python3.8/site-packages/airflow/example_dags/example_sensor_decorator.py took 0.076 seconds
[2023-09-01T14:57:23.725+0000] {processor.py:157} INFO - Started process (PID=807) to work on /home/airflow/.local/lib/python3.8/site-packages/airflow/example_dags/example_sensor_decorator.py
[2023-09-01T14:57:23.726+0000] {processor.py:829} INFO - Processing file /home/airflow/.local/lib/python3.8/site-packages/airflow/example_dags/example_sensor_decorator.py for tasks to queue
[2023-09-01T14:57:23.729+0000] {logging_mixin.py:151} INFO - [2023-09-01T14:57:23.729+0000] {dagbag.py:539} INFO - Filling up the DagBag from /home/airflow/.local/lib/python3.8/site-packages/airflow/example_dags/example_sensor_decorator.py
[2023-09-01T14:57:23.736+0000] {processor.py:839} INFO - DAG(s) dict_keys(['example_sensor_decorator']) retrieved from /home/airflow/.local/lib/python3.8/site-packages/airflow/example_dags/example_sensor_decorator.py
[2023-09-01T14:57:23.760+0000] {logging_mixin.py:151} INFO - [2023-09-01T14:57:23.759+0000] {dag.py:2907} INFO - Sync 1 DAGs
[2023-09-01T14:57:23.774+0000] {logging_mixin.py:151} INFO - [2023-09-01T14:57:23.774+0000] {dag.py:3677} INFO - Setting next_dagrun for example_sensor_decorator to None, run_after=None
[2023-09-01T14:57:23.796+0000] {processor.py:179} INFO - Processing /home/airflow/.local/lib/python3.8/site-packages/airflow/example_dags/example_sensor_decorator.py took 0.076 seconds
[2023-09-01T14:57:54.459+0000] {processor.py:157} INFO - Started process (PID=861) to work on /home/airflow/.local/lib/python3.8/site-packages/airflow/example_dags/example_sensor_decorator.py
[2023-09-01T14:57:54.460+0000] {processor.py:829} INFO - Processing file /home/airflow/.local/lib/python3.8/site-packages/airflow/example_dags/example_sensor_decorator.py for tasks to queue
[2023-09-01T14:57:54.464+0000] {logging_mixin.py:151} INFO - [2023-09-01T14:57:54.463+0000] {dagbag.py:539} INFO - Filling up the DagBag from /home/airflow/.local/lib/python3.8/site-packages/airflow/example_dags/example_sensor_decorator.py
[2023-09-01T14:57:54.472+0000] {processor.py:839} INFO - DAG(s) dict_keys(['example_sensor_decorator']) retrieved from /home/airflow/.local/lib/python3.8/site-packages/airflow/example_dags/example_sensor_decorator.py
[2023-09-01T14:57:54.499+0000] {logging_mixin.py:151} INFO - [2023-09-01T14:57:54.498+0000] {dag.py:2907} INFO - Sync 1 DAGs
[2023-09-01T14:57:54.513+0000] {logging_mixin.py:151} INFO - [2023-09-01T14:57:54.513+0000] {dag.py:3677} INFO - Setting next_dagrun for example_sensor_decorator to None, run_after=None
[2023-09-01T14:57:54.532+0000] {processor.py:179} INFO - Processing /home/airflow/.local/lib/python3.8/site-packages/airflow/example_dags/example_sensor_decorator.py took 0.078 seconds
[2023-09-01T14:58:25.262+0000] {processor.py:157} INFO - Started process (PID=915) to work on /home/airflow/.local/lib/python3.8/site-packages/airflow/example_dags/example_sensor_decorator.py
[2023-09-01T14:58:25.264+0000] {processor.py:829} INFO - Processing file /home/airflow/.local/lib/python3.8/site-packages/airflow/example_dags/example_sensor_decorator.py for tasks to queue
[2023-09-01T14:58:25.269+0000] {logging_mixin.py:151} INFO - [2023-09-01T14:58:25.268+0000] {dagbag.py:539} INFO - Filling up the DagBag from /home/airflow/.local/lib/python3.8/site-packages/airflow/example_dags/example_sensor_decorator.py
[2023-09-01T14:58:25.283+0000] {processor.py:839} INFO - DAG(s) dict_keys(['example_sensor_decorator']) retrieved from /home/airflow/.local/lib/python3.8/site-packages/airflow/example_dags/example_sensor_decorator.py
[2023-09-01T14:58:25.327+0000] {logging_mixin.py:151} INFO - [2023-09-01T14:58:25.326+0000] {dag.py:2907} INFO - Sync 1 DAGs
[2023-09-01T14:58:25.352+0000] {logging_mixin.py:151} INFO - [2023-09-01T14:58:25.351+0000] {dag.py:3677} INFO - Setting next_dagrun for example_sensor_decorator to None, run_after=None
[2023-09-01T14:58:25.382+0000] {processor.py:179} INFO - Processing /home/airflow/.local/lib/python3.8/site-packages/airflow/example_dags/example_sensor_decorator.py took 0.127 seconds
[2023-09-01T14:58:56.148+0000] {processor.py:157} INFO - Started process (PID=969) to work on /home/airflow/.local/lib/python3.8/site-packages/airflow/example_dags/example_sensor_decorator.py
[2023-09-01T14:58:56.149+0000] {processor.py:829} INFO - Processing file /home/airflow/.local/lib/python3.8/site-packages/airflow/example_dags/example_sensor_decorator.py for tasks to queue
[2023-09-01T14:58:56.152+0000] {logging_mixin.py:151} INFO - [2023-09-01T14:58:56.152+0000] {dagbag.py:539} INFO - Filling up the DagBag from /home/airflow/.local/lib/python3.8/site-packages/airflow/example_dags/example_sensor_decorator.py
[2023-09-01T14:58:56.159+0000] {processor.py:839} INFO - DAG(s) dict_keys(['example_sensor_decorator']) retrieved from /home/airflow/.local/lib/python3.8/site-packages/airflow/example_dags/example_sensor_decorator.py
[2023-09-01T14:58:56.183+0000] {logging_mixin.py:151} INFO - [2023-09-01T14:58:56.182+0000] {dag.py:2907} INFO - Sync 1 DAGs
[2023-09-01T14:58:56.197+0000] {logging_mixin.py:151} INFO - [2023-09-01T14:58:56.197+0000] {dag.py:3677} INFO - Setting next_dagrun for example_sensor_decorator to None, run_after=None
[2023-09-01T14:58:56.218+0000] {processor.py:179} INFO - Processing /home/airflow/.local/lib/python3.8/site-packages/airflow/example_dags/example_sensor_decorator.py took 0.075 seconds
[2023-09-01T14:59:26.651+0000] {processor.py:157} INFO - Started process (PID=1030) to work on /home/airflow/.local/lib/python3.8/site-packages/airflow/example_dags/example_sensor_decorator.py
[2023-09-01T14:59:26.652+0000] {processor.py:829} INFO - Processing file /home/airflow/.local/lib/python3.8/site-packages/airflow/example_dags/example_sensor_decorator.py for tasks to queue
[2023-09-01T14:59:26.655+0000] {logging_mixin.py:151} INFO - [2023-09-01T14:59:26.655+0000] {dagbag.py:539} INFO - Filling up the DagBag from /home/airflow/.local/lib/python3.8/site-packages/airflow/example_dags/example_sensor_decorator.py
[2023-09-01T14:59:26.663+0000] {processor.py:839} INFO - DAG(s) dict_keys(['example_sensor_decorator']) retrieved from /home/airflow/.local/lib/python3.8/site-packages/airflow/example_dags/example_sensor_decorator.py
[2023-09-01T14:59:26.689+0000] {logging_mixin.py:151} INFO - [2023-09-01T14:59:26.689+0000] {dag.py:2907} INFO - Sync 1 DAGs
[2023-09-01T14:59:26.705+0000] {logging_mixin.py:151} INFO - [2023-09-01T14:59:26.705+0000] {dag.py:3677} INFO - Setting next_dagrun for example_sensor_decorator to None, run_after=None
[2023-09-01T14:59:26.724+0000] {processor.py:179} INFO - Processing /home/airflow/.local/lib/python3.8/site-packages/airflow/example_dags/example_sensor_decorator.py took 0.079 seconds
[2023-09-01T14:59:57.634+0000] {processor.py:157} INFO - Started process (PID=1084) to work on /home/airflow/.local/lib/python3.8/site-packages/airflow/example_dags/example_sensor_decorator.py
[2023-09-01T14:59:57.635+0000] {processor.py:829} INFO - Processing file /home/airflow/.local/lib/python3.8/site-packages/airflow/example_dags/example_sensor_decorator.py for tasks to queue
[2023-09-01T14:59:57.639+0000] {logging_mixin.py:151} INFO - [2023-09-01T14:59:57.638+0000] {dagbag.py:539} INFO - Filling up the DagBag from /home/airflow/.local/lib/python3.8/site-packages/airflow/example_dags/example_sensor_decorator.py
[2023-09-01T14:59:57.648+0000] {processor.py:839} INFO - DAG(s) dict_keys(['example_sensor_decorator']) retrieved from /home/airflow/.local/lib/python3.8/site-packages/airflow/example_dags/example_sensor_decorator.py
[2023-09-01T14:59:57.676+0000] {logging_mixin.py:151} INFO - [2023-09-01T14:59:57.675+0000] {dag.py:2907} INFO - Sync 1 DAGs
[2023-09-01T14:59:57.692+0000] {logging_mixin.py:151} INFO - [2023-09-01T14:59:57.691+0000] {dag.py:3677} INFO - Setting next_dagrun for example_sensor_decorator to None, run_after=None
[2023-09-01T14:59:57.714+0000] {processor.py:179} INFO - Processing /home/airflow/.local/lib/python3.8/site-packages/airflow/example_dags/example_sensor_decorator.py took 0.085 seconds
[2023-09-01T15:00:28.449+0000] {processor.py:157} INFO - Started process (PID=1138) to work on /home/airflow/.local/lib/python3.8/site-packages/airflow/example_dags/example_sensor_decorator.py
[2023-09-01T15:00:28.451+0000] {processor.py:829} INFO - Processing file /home/airflow/.local/lib/python3.8/site-packages/airflow/example_dags/example_sensor_decorator.py for tasks to queue
[2023-09-01T15:00:28.454+0000] {logging_mixin.py:151} INFO - [2023-09-01T15:00:28.453+0000] {dagbag.py:539} INFO - Filling up the DagBag from /home/airflow/.local/lib/python3.8/site-packages/airflow/example_dags/example_sensor_decorator.py
[2023-09-01T15:00:28.463+0000] {processor.py:839} INFO - DAG(s) dict_keys(['example_sensor_decorator']) retrieved from /home/airflow/.local/lib/python3.8/site-packages/airflow/example_dags/example_sensor_decorator.py
[2023-09-01T15:00:28.488+0000] {logging_mixin.py:151} INFO - [2023-09-01T15:00:28.488+0000] {dag.py:2907} INFO - Sync 1 DAGs
[2023-09-01T15:00:28.503+0000] {logging_mixin.py:151} INFO - [2023-09-01T15:00:28.503+0000] {dag.py:3677} INFO - Setting next_dagrun for example_sensor_decorator to None, run_after=None
[2023-09-01T15:00:28.524+0000] {processor.py:179} INFO - Processing /home/airflow/.local/lib/python3.8/site-packages/airflow/example_dags/example_sensor_decorator.py took 0.079 seconds
[2023-09-01T15:00:59.037+0000] {processor.py:157} INFO - Started process (PID=1192) to work on /home/airflow/.local/lib/python3.8/site-packages/airflow/example_dags/example_sensor_decorator.py
[2023-09-01T15:00:59.039+0000] {processor.py:829} INFO - Processing file /home/airflow/.local/lib/python3.8/site-packages/airflow/example_dags/example_sensor_decorator.py for tasks to queue
[2023-09-01T15:00:59.041+0000] {logging_mixin.py:151} INFO - [2023-09-01T15:00:59.041+0000] {dagbag.py:539} INFO - Filling up the DagBag from /home/airflow/.local/lib/python3.8/site-packages/airflow/example_dags/example_sensor_decorator.py
[2023-09-01T15:00:59.049+0000] {processor.py:839} INFO - DAG(s) dict_keys(['example_sensor_decorator']) retrieved from /home/airflow/.local/lib/python3.8/site-packages/airflow/example_dags/example_sensor_decorator.py
[2023-09-01T15:00:59.072+0000] {logging_mixin.py:151} INFO - [2023-09-01T15:00:59.072+0000] {dag.py:2907} INFO - Sync 1 DAGs
[2023-09-01T15:00:59.094+0000] {logging_mixin.py:151} INFO - [2023-09-01T15:00:59.093+0000] {dag.py:3677} INFO - Setting next_dagrun for example_sensor_decorator to None, run_after=None
[2023-09-01T15:00:59.121+0000] {processor.py:179} INFO - Processing /home/airflow/.local/lib/python3.8/site-packages/airflow/example_dags/example_sensor_decorator.py took 0.088 seconds
[2023-09-01T15:01:29.853+0000] {processor.py:157} INFO - Started process (PID=1246) to work on /home/airflow/.local/lib/python3.8/site-packages/airflow/example_dags/example_sensor_decorator.py
[2023-09-01T15:01:29.854+0000] {processor.py:829} INFO - Processing file /home/airflow/.local/lib/python3.8/site-packages/airflow/example_dags/example_sensor_decorator.py for tasks to queue
[2023-09-01T15:01:29.858+0000] {logging_mixin.py:151} INFO - [2023-09-01T15:01:29.857+0000] {dagbag.py:539} INFO - Filling up the DagBag from /home/airflow/.local/lib/python3.8/site-packages/airflow/example_dags/example_sensor_decorator.py
[2023-09-01T15:01:29.867+0000] {processor.py:839} INFO - DAG(s) dict_keys(['example_sensor_decorator']) retrieved from /home/airflow/.local/lib/python3.8/site-packages/airflow/example_dags/example_sensor_decorator.py
[2023-09-01T15:01:29.894+0000] {logging_mixin.py:151} INFO - [2023-09-01T15:01:29.894+0000] {dag.py:2907} INFO - Sync 1 DAGs
[2023-09-01T15:01:29.910+0000] {logging_mixin.py:151} INFO - [2023-09-01T15:01:29.910+0000] {dag.py:3677} INFO - Setting next_dagrun for example_sensor_decorator to None, run_after=None
[2023-09-01T15:01:29.930+0000] {processor.py:179} INFO - Processing /home/airflow/.local/lib/python3.8/site-packages/airflow/example_dags/example_sensor_decorator.py took 0.082 seconds
[2023-09-01T15:02:00.479+0000] {processor.py:157} INFO - Started process (PID=1300) to work on /home/airflow/.local/lib/python3.8/site-packages/airflow/example_dags/example_sensor_decorator.py
[2023-09-01T15:02:00.480+0000] {processor.py:829} INFO - Processing file /home/airflow/.local/lib/python3.8/site-packages/airflow/example_dags/example_sensor_decorator.py for tasks to queue
[2023-09-01T15:02:00.484+0000] {logging_mixin.py:151} INFO - [2023-09-01T15:02:00.483+0000] {dagbag.py:539} INFO - Filling up the DagBag from /home/airflow/.local/lib/python3.8/site-packages/airflow/example_dags/example_sensor_decorator.py
[2023-09-01T15:02:00.493+0000] {processor.py:839} INFO - DAG(s) dict_keys(['example_sensor_decorator']) retrieved from /home/airflow/.local/lib/python3.8/site-packages/airflow/example_dags/example_sensor_decorator.py
[2023-09-01T15:02:00.521+0000] {logging_mixin.py:151} INFO - [2023-09-01T15:02:00.520+0000] {dag.py:2907} INFO - Sync 1 DAGs
[2023-09-01T15:02:00.539+0000] {logging_mixin.py:151} INFO - [2023-09-01T15:02:00.538+0000] {dag.py:3677} INFO - Setting next_dagrun for example_sensor_decorator to None, run_after=None
[2023-09-01T15:02:00.560+0000] {processor.py:179} INFO - Processing /home/airflow/.local/lib/python3.8/site-packages/airflow/example_dags/example_sensor_decorator.py took 0.086 seconds
[2023-09-01T15:02:30.698+0000] {processor.py:157} INFO - Started process (PID=1354) to work on /home/airflow/.local/lib/python3.8/site-packages/airflow/example_dags/example_sensor_decorator.py
[2023-09-01T15:02:30.700+0000] {processor.py:829} INFO - Processing file /home/airflow/.local/lib/python3.8/site-packages/airflow/example_dags/example_sensor_decorator.py for tasks to queue
[2023-09-01T15:02:30.704+0000] {logging_mixin.py:151} INFO - [2023-09-01T15:02:30.704+0000] {dagbag.py:539} INFO - Filling up the DagBag from /home/airflow/.local/lib/python3.8/site-packages/airflow/example_dags/example_sensor_decorator.py
[2023-09-01T15:02:30.716+0000] {processor.py:839} INFO - DAG(s) dict_keys(['example_sensor_decorator']) retrieved from /home/airflow/.local/lib/python3.8/site-packages/airflow/example_dags/example_sensor_decorator.py
[2023-09-01T15:02:30.749+0000] {logging_mixin.py:151} INFO - [2023-09-01T15:02:30.748+0000] {dag.py:2907} INFO - Sync 1 DAGs
[2023-09-01T15:02:30.769+0000] {logging_mixin.py:151} INFO - [2023-09-01T15:02:30.769+0000] {dag.py:3677} INFO - Setting next_dagrun for example_sensor_decorator to None, run_after=None
[2023-09-01T15:02:30.798+0000] {processor.py:179} INFO - Processing /home/airflow/.local/lib/python3.8/site-packages/airflow/example_dags/example_sensor_decorator.py took 0.106 seconds
[2023-09-01T15:03:00.916+0000] {processor.py:157} INFO - Started process (PID=1408) to work on /home/airflow/.local/lib/python3.8/site-packages/airflow/example_dags/example_sensor_decorator.py
[2023-09-01T15:03:00.917+0000] {processor.py:829} INFO - Processing file /home/airflow/.local/lib/python3.8/site-packages/airflow/example_dags/example_sensor_decorator.py for tasks to queue
[2023-09-01T15:03:00.921+0000] {logging_mixin.py:151} INFO - [2023-09-01T15:03:00.921+0000] {dagbag.py:539} INFO - Filling up the DagBag from /home/airflow/.local/lib/python3.8/site-packages/airflow/example_dags/example_sensor_decorator.py
[2023-09-01T15:03:00.931+0000] {processor.py:839} INFO - DAG(s) dict_keys(['example_sensor_decorator']) retrieved from /home/airflow/.local/lib/python3.8/site-packages/airflow/example_dags/example_sensor_decorator.py
[2023-09-01T15:03:00.962+0000] {logging_mixin.py:151} INFO - [2023-09-01T15:03:00.962+0000] {dag.py:2907} INFO - Sync 1 DAGs
[2023-09-01T15:03:00.981+0000] {logging_mixin.py:151} INFO - [2023-09-01T15:03:00.981+0000] {dag.py:3677} INFO - Setting next_dagrun for example_sensor_decorator to None, run_after=None
[2023-09-01T15:03:01.010+0000] {processor.py:179} INFO - Processing /home/airflow/.local/lib/python3.8/site-packages/airflow/example_dags/example_sensor_decorator.py took 0.100 seconds
[2023-09-01T15:03:31.317+0000] {processor.py:157} INFO - Started process (PID=1462) to work on /home/airflow/.local/lib/python3.8/site-packages/airflow/example_dags/example_sensor_decorator.py
[2023-09-01T15:03:31.319+0000] {processor.py:829} INFO - Processing file /home/airflow/.local/lib/python3.8/site-packages/airflow/example_dags/example_sensor_decorator.py for tasks to queue
[2023-09-01T15:03:31.323+0000] {logging_mixin.py:151} INFO - [2023-09-01T15:03:31.323+0000] {dagbag.py:539} INFO - Filling up the DagBag from /home/airflow/.local/lib/python3.8/site-packages/airflow/example_dags/example_sensor_decorator.py
[2023-09-01T15:03:31.334+0000] {processor.py:839} INFO - DAG(s) dict_keys(['example_sensor_decorator']) retrieved from /home/airflow/.local/lib/python3.8/site-packages/airflow/example_dags/example_sensor_decorator.py
[2023-09-01T15:03:31.370+0000] {logging_mixin.py:151} INFO - [2023-09-01T15:03:31.370+0000] {dag.py:2907} INFO - Sync 1 DAGs
[2023-09-01T15:03:31.389+0000] {logging_mixin.py:151} INFO - [2023-09-01T15:03:31.389+0000] {dag.py:3677} INFO - Setting next_dagrun for example_sensor_decorator to None, run_after=None
[2023-09-01T15:03:31.418+0000] {processor.py:179} INFO - Processing /home/airflow/.local/lib/python3.8/site-packages/airflow/example_dags/example_sensor_decorator.py took 0.106 seconds
[2023-09-01T15:04:01.503+0000] {processor.py:157} INFO - Started process (PID=1516) to work on /home/airflow/.local/lib/python3.8/site-packages/airflow/example_dags/example_sensor_decorator.py
[2023-09-01T15:04:01.504+0000] {processor.py:829} INFO - Processing file /home/airflow/.local/lib/python3.8/site-packages/airflow/example_dags/example_sensor_decorator.py for tasks to queue
[2023-09-01T15:04:01.508+0000] {logging_mixin.py:151} INFO - [2023-09-01T15:04:01.507+0000] {dagbag.py:539} INFO - Filling up the DagBag from /home/airflow/.local/lib/python3.8/site-packages/airflow/example_dags/example_sensor_decorator.py
[2023-09-01T15:04:01.517+0000] {processor.py:839} INFO - DAG(s) dict_keys(['example_sensor_decorator']) retrieved from /home/airflow/.local/lib/python3.8/site-packages/airflow/example_dags/example_sensor_decorator.py
[2023-09-01T15:04:01.544+0000] {logging_mixin.py:151} INFO - [2023-09-01T15:04:01.544+0000] {dag.py:2907} INFO - Sync 1 DAGs
[2023-09-01T15:04:01.558+0000] {logging_mixin.py:151} INFO - [2023-09-01T15:04:01.558+0000] {dag.py:3677} INFO - Setting next_dagrun for example_sensor_decorator to None, run_after=None
[2023-09-01T15:04:01.578+0000] {processor.py:179} INFO - Processing /home/airflow/.local/lib/python3.8/site-packages/airflow/example_dags/example_sensor_decorator.py took 0.080 seconds
[2023-09-01T15:04:31.838+0000] {processor.py:157} INFO - Started process (PID=1570) to work on /home/airflow/.local/lib/python3.8/site-packages/airflow/example_dags/example_sensor_decorator.py
[2023-09-01T15:04:31.839+0000] {processor.py:829} INFO - Processing file /home/airflow/.local/lib/python3.8/site-packages/airflow/example_dags/example_sensor_decorator.py for tasks to queue
[2023-09-01T15:04:31.843+0000] {logging_mixin.py:151} INFO - [2023-09-01T15:04:31.842+0000] {dagbag.py:539} INFO - Filling up the DagBag from /home/airflow/.local/lib/python3.8/site-packages/airflow/example_dags/example_sensor_decorator.py
[2023-09-01T15:04:31.853+0000] {processor.py:839} INFO - DAG(s) dict_keys(['example_sensor_decorator']) retrieved from /home/airflow/.local/lib/python3.8/site-packages/airflow/example_dags/example_sensor_decorator.py
[2023-09-01T15:04:31.884+0000] {logging_mixin.py:151} INFO - [2023-09-01T15:04:31.884+0000] {dag.py:2907} INFO - Sync 1 DAGs
[2023-09-01T15:04:31.905+0000] {logging_mixin.py:151} INFO - [2023-09-01T15:04:31.905+0000] {dag.py:3677} INFO - Setting next_dagrun for example_sensor_decorator to None, run_after=None
[2023-09-01T15:04:31.933+0000] {processor.py:179} INFO - Processing /home/airflow/.local/lib/python3.8/site-packages/airflow/example_dags/example_sensor_decorator.py took 0.101 seconds
[2023-09-01T15:05:02.024+0000] {processor.py:157} INFO - Started process (PID=1625) to work on /home/airflow/.local/lib/python3.8/site-packages/airflow/example_dags/example_sensor_decorator.py
[2023-09-01T15:05:02.026+0000] {processor.py:829} INFO - Processing file /home/airflow/.local/lib/python3.8/site-packages/airflow/example_dags/example_sensor_decorator.py for tasks to queue
[2023-09-01T15:05:02.030+0000] {logging_mixin.py:151} INFO - [2023-09-01T15:05:02.030+0000] {dagbag.py:539} INFO - Filling up the DagBag from /home/airflow/.local/lib/python3.8/site-packages/airflow/example_dags/example_sensor_decorator.py
[2023-09-01T15:05:02.040+0000] {processor.py:839} INFO - DAG(s) dict_keys(['example_sensor_decorator']) retrieved from /home/airflow/.local/lib/python3.8/site-packages/airflow/example_dags/example_sensor_decorator.py
[2023-09-01T15:05:02.069+0000] {logging_mixin.py:151} INFO - [2023-09-01T15:05:02.069+0000] {dag.py:2907} INFO - Sync 1 DAGs
[2023-09-01T15:05:02.087+0000] {logging_mixin.py:151} INFO - [2023-09-01T15:05:02.087+0000] {dag.py:3677} INFO - Setting next_dagrun for example_sensor_decorator to None, run_after=None
[2023-09-01T15:05:02.115+0000] {processor.py:179} INFO - Processing /home/airflow/.local/lib/python3.8/site-packages/airflow/example_dags/example_sensor_decorator.py took 0.097 seconds
[2023-09-01T15:05:32.359+0000] {processor.py:157} INFO - Started process (PID=1679) to work on /home/airflow/.local/lib/python3.8/site-packages/airflow/example_dags/example_sensor_decorator.py
[2023-09-01T15:05:32.360+0000] {processor.py:829} INFO - Processing file /home/airflow/.local/lib/python3.8/site-packages/airflow/example_dags/example_sensor_decorator.py for tasks to queue
[2023-09-01T15:05:32.365+0000] {logging_mixin.py:151} INFO - [2023-09-01T15:05:32.364+0000] {dagbag.py:539} INFO - Filling up the DagBag from /home/airflow/.local/lib/python3.8/site-packages/airflow/example_dags/example_sensor_decorator.py
[2023-09-01T15:05:32.373+0000] {processor.py:839} INFO - DAG(s) dict_keys(['example_sensor_decorator']) retrieved from /home/airflow/.local/lib/python3.8/site-packages/airflow/example_dags/example_sensor_decorator.py
[2023-09-01T15:05:32.400+0000] {logging_mixin.py:151} INFO - [2023-09-01T15:05:32.399+0000] {dag.py:2907} INFO - Sync 1 DAGs
[2023-09-01T15:05:32.416+0000] {logging_mixin.py:151} INFO - [2023-09-01T15:05:32.416+0000] {dag.py:3677} INFO - Setting next_dagrun for example_sensor_decorator to None, run_after=None
[2023-09-01T15:05:32.436+0000] {processor.py:179} INFO - Processing /home/airflow/.local/lib/python3.8/site-packages/airflow/example_dags/example_sensor_decorator.py took 0.083 seconds
[2023-09-01T15:06:02.565+0000] {processor.py:157} INFO - Started process (PID=1733) to work on /home/airflow/.local/lib/python3.8/site-packages/airflow/example_dags/example_sensor_decorator.py
[2023-09-01T15:06:02.567+0000] {processor.py:829} INFO - Processing file /home/airflow/.local/lib/python3.8/site-packages/airflow/example_dags/example_sensor_decorator.py for tasks to queue
[2023-09-01T15:06:02.570+0000] {logging_mixin.py:151} INFO - [2023-09-01T15:06:02.570+0000] {dagbag.py:539} INFO - Filling up the DagBag from /home/airflow/.local/lib/python3.8/site-packages/airflow/example_dags/example_sensor_decorator.py
[2023-09-01T15:06:02.579+0000] {processor.py:839} INFO - DAG(s) dict_keys(['example_sensor_decorator']) retrieved from /home/airflow/.local/lib/python3.8/site-packages/airflow/example_dags/example_sensor_decorator.py
[2023-09-01T15:06:02.607+0000] {logging_mixin.py:151} INFO - [2023-09-01T15:06:02.606+0000] {dag.py:2907} INFO - Sync 1 DAGs
[2023-09-01T15:06:02.623+0000] {logging_mixin.py:151} INFO - [2023-09-01T15:06:02.622+0000] {dag.py:3677} INFO - Setting next_dagrun for example_sensor_decorator to None, run_after=None
[2023-09-01T15:06:02.642+0000] {processor.py:179} INFO - Processing /home/airflow/.local/lib/python3.8/site-packages/airflow/example_dags/example_sensor_decorator.py took 0.082 seconds
[2023-09-01T15:06:32.811+0000] {processor.py:157} INFO - Started process (PID=1787) to work on /home/airflow/.local/lib/python3.8/site-packages/airflow/example_dags/example_sensor_decorator.py
[2023-09-01T15:06:32.812+0000] {processor.py:829} INFO - Processing file /home/airflow/.local/lib/python3.8/site-packages/airflow/example_dags/example_sensor_decorator.py for tasks to queue
[2023-09-01T15:06:32.816+0000] {logging_mixin.py:151} INFO - [2023-09-01T15:06:32.815+0000] {dagbag.py:539} INFO - Filling up the DagBag from /home/airflow/.local/lib/python3.8/site-packages/airflow/example_dags/example_sensor_decorator.py
[2023-09-01T15:06:32.824+0000] {processor.py:839} INFO - DAG(s) dict_keys(['example_sensor_decorator']) retrieved from /home/airflow/.local/lib/python3.8/site-packages/airflow/example_dags/example_sensor_decorator.py
[2023-09-01T15:06:32.852+0000] {logging_mixin.py:151} INFO - [2023-09-01T15:06:32.852+0000] {dag.py:2907} INFO - Sync 1 DAGs
[2023-09-01T15:06:32.867+0000] {logging_mixin.py:151} INFO - [2023-09-01T15:06:32.867+0000] {dag.py:3677} INFO - Setting next_dagrun for example_sensor_decorator to None, run_after=None
[2023-09-01T15:06:32.887+0000] {processor.py:179} INFO - Processing /home/airflow/.local/lib/python3.8/site-packages/airflow/example_dags/example_sensor_decorator.py took 0.081 seconds
[2023-09-01T15:07:02.968+0000] {processor.py:157} INFO - Started process (PID=1841) to work on /home/airflow/.local/lib/python3.8/site-packages/airflow/example_dags/example_sensor_decorator.py
[2023-09-01T15:07:02.969+0000] {processor.py:829} INFO - Processing file /home/airflow/.local/lib/python3.8/site-packages/airflow/example_dags/example_sensor_decorator.py for tasks to queue
[2023-09-01T15:07:02.973+0000] {logging_mixin.py:151} INFO - [2023-09-01T15:07:02.972+0000] {dagbag.py:539} INFO - Filling up the DagBag from /home/airflow/.local/lib/python3.8/site-packages/airflow/example_dags/example_sensor_decorator.py
[2023-09-01T15:07:02.982+0000] {processor.py:839} INFO - DAG(s) dict_keys(['example_sensor_decorator']) retrieved from /home/airflow/.local/lib/python3.8/site-packages/airflow/example_dags/example_sensor_decorator.py
[2023-09-01T15:07:03.009+0000] {logging_mixin.py:151} INFO - [2023-09-01T15:07:03.009+0000] {dag.py:2907} INFO - Sync 1 DAGs
[2023-09-01T15:07:03.026+0000] {logging_mixin.py:151} INFO - [2023-09-01T15:07:03.026+0000] {dag.py:3677} INFO - Setting next_dagrun for example_sensor_decorator to None, run_after=None
[2023-09-01T15:07:03.046+0000] {processor.py:179} INFO - Processing /home/airflow/.local/lib/python3.8/site-packages/airflow/example_dags/example_sensor_decorator.py took 0.083 seconds
[2023-09-01T15:07:33.096+0000] {processor.py:157} INFO - Started process (PID=1895) to work on /home/airflow/.local/lib/python3.8/site-packages/airflow/example_dags/example_sensor_decorator.py
[2023-09-01T15:07:33.097+0000] {processor.py:829} INFO - Processing file /home/airflow/.local/lib/python3.8/site-packages/airflow/example_dags/example_sensor_decorator.py for tasks to queue
[2023-09-01T15:07:33.100+0000] {logging_mixin.py:151} INFO - [2023-09-01T15:07:33.100+0000] {dagbag.py:539} INFO - Filling up the DagBag from /home/airflow/.local/lib/python3.8/site-packages/airflow/example_dags/example_sensor_decorator.py
[2023-09-01T15:07:33.107+0000] {processor.py:839} INFO - DAG(s) dict_keys(['example_sensor_decorator']) retrieved from /home/airflow/.local/lib/python3.8/site-packages/airflow/example_dags/example_sensor_decorator.py
[2023-09-01T15:07:33.131+0000] {logging_mixin.py:151} INFO - [2023-09-01T15:07:33.130+0000] {dag.py:2907} INFO - Sync 1 DAGs
[2023-09-01T15:07:33.144+0000] {logging_mixin.py:151} INFO - [2023-09-01T15:07:33.144+0000] {dag.py:3677} INFO - Setting next_dagrun for example_sensor_decorator to None, run_after=None
[2023-09-01T15:07:33.165+0000] {processor.py:179} INFO - Processing /home/airflow/.local/lib/python3.8/site-packages/airflow/example_dags/example_sensor_decorator.py took 0.074 seconds
[2023-09-01T15:08:03.482+0000] {processor.py:157} INFO - Started process (PID=1949) to work on /home/airflow/.local/lib/python3.8/site-packages/airflow/example_dags/example_sensor_decorator.py
[2023-09-01T15:08:03.483+0000] {processor.py:829} INFO - Processing file /home/airflow/.local/lib/python3.8/site-packages/airflow/example_dags/example_sensor_decorator.py for tasks to queue
[2023-09-01T15:08:03.487+0000] {logging_mixin.py:151} INFO - [2023-09-01T15:08:03.487+0000] {dagbag.py:539} INFO - Filling up the DagBag from /home/airflow/.local/lib/python3.8/site-packages/airflow/example_dags/example_sensor_decorator.py
[2023-09-01T15:08:03.496+0000] {processor.py:839} INFO - DAG(s) dict_keys(['example_sensor_decorator']) retrieved from /home/airflow/.local/lib/python3.8/site-packages/airflow/example_dags/example_sensor_decorator.py
[2023-09-01T15:08:03.525+0000] {logging_mixin.py:151} INFO - [2023-09-01T15:08:03.525+0000] {dag.py:2907} INFO - Sync 1 DAGs
[2023-09-01T15:08:03.539+0000] {logging_mixin.py:151} INFO - [2023-09-01T15:08:03.539+0000] {dag.py:3677} INFO - Setting next_dagrun for example_sensor_decorator to None, run_after=None
[2023-09-01T15:08:03.558+0000] {processor.py:179} INFO - Processing /home/airflow/.local/lib/python3.8/site-packages/airflow/example_dags/example_sensor_decorator.py took 0.082 seconds
[2023-09-01T15:08:33.857+0000] {processor.py:157} INFO - Started process (PID=2003) to work on /home/airflow/.local/lib/python3.8/site-packages/airflow/example_dags/example_sensor_decorator.py
[2023-09-01T15:08:33.858+0000] {processor.py:829} INFO - Processing file /home/airflow/.local/lib/python3.8/site-packages/airflow/example_dags/example_sensor_decorator.py for tasks to queue
[2023-09-01T15:08:33.863+0000] {logging_mixin.py:151} INFO - [2023-09-01T15:08:33.862+0000] {dagbag.py:539} INFO - Filling up the DagBag from /home/airflow/.local/lib/python3.8/site-packages/airflow/example_dags/example_sensor_decorator.py
[2023-09-01T15:08:33.871+0000] {processor.py:839} INFO - DAG(s) dict_keys(['example_sensor_decorator']) retrieved from /home/airflow/.local/lib/python3.8/site-packages/airflow/example_dags/example_sensor_decorator.py
[2023-09-01T15:08:33.899+0000] {logging_mixin.py:151} INFO - [2023-09-01T15:08:33.898+0000] {dag.py:2907} INFO - Sync 1 DAGs
[2023-09-01T15:08:33.914+0000] {logging_mixin.py:151} INFO - [2023-09-01T15:08:33.914+0000] {dag.py:3677} INFO - Setting next_dagrun for example_sensor_decorator to None, run_after=None
[2023-09-01T15:08:33.934+0000] {processor.py:179} INFO - Processing /home/airflow/.local/lib/python3.8/site-packages/airflow/example_dags/example_sensor_decorator.py took 0.082 seconds
[2023-09-01T15:09:04.205+0000] {processor.py:157} INFO - Started process (PID=2057) to work on /home/airflow/.local/lib/python3.8/site-packages/airflow/example_dags/example_sensor_decorator.py
[2023-09-01T15:09:04.207+0000] {processor.py:829} INFO - Processing file /home/airflow/.local/lib/python3.8/site-packages/airflow/example_dags/example_sensor_decorator.py for tasks to queue
[2023-09-01T15:09:04.211+0000] {logging_mixin.py:151} INFO - [2023-09-01T15:09:04.211+0000] {dagbag.py:539} INFO - Filling up the DagBag from /home/airflow/.local/lib/python3.8/site-packages/airflow/example_dags/example_sensor_decorator.py
[2023-09-01T15:09:04.220+0000] {processor.py:839} INFO - DAG(s) dict_keys(['example_sensor_decorator']) retrieved from /home/airflow/.local/lib/python3.8/site-packages/airflow/example_dags/example_sensor_decorator.py
[2023-09-01T15:09:04.261+0000] {logging_mixin.py:151} INFO - [2023-09-01T15:09:04.260+0000] {dag.py:2907} INFO - Sync 1 DAGs
[2023-09-01T15:09:04.277+0000] {logging_mixin.py:151} INFO - [2023-09-01T15:09:04.277+0000] {dag.py:3677} INFO - Setting next_dagrun for example_sensor_decorator to None, run_after=None
[2023-09-01T15:09:04.298+0000] {processor.py:179} INFO - Processing /home/airflow/.local/lib/python3.8/site-packages/airflow/example_dags/example_sensor_decorator.py took 0.097 seconds
[2023-09-01T15:09:35.237+0000] {processor.py:157} INFO - Started process (PID=2111) to work on /home/airflow/.local/lib/python3.8/site-packages/airflow/example_dags/example_sensor_decorator.py
[2023-09-01T15:09:35.239+0000] {processor.py:829} INFO - Processing file /home/airflow/.local/lib/python3.8/site-packages/airflow/example_dags/example_sensor_decorator.py for tasks to queue
[2023-09-01T15:09:35.243+0000] {logging_mixin.py:151} INFO - [2023-09-01T15:09:35.242+0000] {dagbag.py:539} INFO - Filling up the DagBag from /home/airflow/.local/lib/python3.8/site-packages/airflow/example_dags/example_sensor_decorator.py
[2023-09-01T15:09:35.251+0000] {processor.py:839} INFO - DAG(s) dict_keys(['example_sensor_decorator']) retrieved from /home/airflow/.local/lib/python3.8/site-packages/airflow/example_dags/example_sensor_decorator.py
[2023-09-01T15:09:35.280+0000] {logging_mixin.py:151} INFO - [2023-09-01T15:09:35.280+0000] {dag.py:2907} INFO - Sync 1 DAGs
[2023-09-01T15:09:35.298+0000] {logging_mixin.py:151} INFO - [2023-09-01T15:09:35.297+0000] {dag.py:3677} INFO - Setting next_dagrun for example_sensor_decorator to None, run_after=None
[2023-09-01T15:09:35.320+0000] {processor.py:179} INFO - Processing /home/airflow/.local/lib/python3.8/site-packages/airflow/example_dags/example_sensor_decorator.py took 0.088 seconds
[2023-09-01T15:10:05.661+0000] {processor.py:157} INFO - Started process (PID=2165) to work on /home/airflow/.local/lib/python3.8/site-packages/airflow/example_dags/example_sensor_decorator.py
[2023-09-01T15:10:05.663+0000] {processor.py:829} INFO - Processing file /home/airflow/.local/lib/python3.8/site-packages/airflow/example_dags/example_sensor_decorator.py for tasks to queue
[2023-09-01T15:10:05.667+0000] {logging_mixin.py:151} INFO - [2023-09-01T15:10:05.667+0000] {dagbag.py:539} INFO - Filling up the DagBag from /home/airflow/.local/lib/python3.8/site-packages/airflow/example_dags/example_sensor_decorator.py
[2023-09-01T15:10:05.676+0000] {processor.py:839} INFO - DAG(s) dict_keys(['example_sensor_decorator']) retrieved from /home/airflow/.local/lib/python3.8/site-packages/airflow/example_dags/example_sensor_decorator.py
[2023-09-01T15:10:05.705+0000] {logging_mixin.py:151} INFO - [2023-09-01T15:10:05.705+0000] {dag.py:2907} INFO - Sync 1 DAGs
[2023-09-01T15:10:05.723+0000] {logging_mixin.py:151} INFO - [2023-09-01T15:10:05.723+0000] {dag.py:3677} INFO - Setting next_dagrun for example_sensor_decorator to None, run_after=None
[2023-09-01T15:10:05.750+0000] {processor.py:179} INFO - Processing /home/airflow/.local/lib/python3.8/site-packages/airflow/example_dags/example_sensor_decorator.py took 0.094 seconds
[2023-09-01T15:10:36.173+0000] {processor.py:157} INFO - Started process (PID=2219) to work on /home/airflow/.local/lib/python3.8/site-packages/airflow/example_dags/example_sensor_decorator.py
[2023-09-01T15:10:36.174+0000] {processor.py:829} INFO - Processing file /home/airflow/.local/lib/python3.8/site-packages/airflow/example_dags/example_sensor_decorator.py for tasks to queue
[2023-09-01T15:10:36.177+0000] {logging_mixin.py:151} INFO - [2023-09-01T15:10:36.177+0000] {dagbag.py:539} INFO - Filling up the DagBag from /home/airflow/.local/lib/python3.8/site-packages/airflow/example_dags/example_sensor_decorator.py
[2023-09-01T15:10:36.185+0000] {processor.py:839} INFO - DAG(s) dict_keys(['example_sensor_decorator']) retrieved from /home/airflow/.local/lib/python3.8/site-packages/airflow/example_dags/example_sensor_decorator.py
[2023-09-01T15:10:36.208+0000] {logging_mixin.py:151} INFO - [2023-09-01T15:10:36.208+0000] {dag.py:2907} INFO - Sync 1 DAGs
[2023-09-01T15:10:36.223+0000] {logging_mixin.py:151} INFO - [2023-09-01T15:10:36.223+0000] {dag.py:3677} INFO - Setting next_dagrun for example_sensor_decorator to None, run_after=None
[2023-09-01T15:10:36.246+0000] {processor.py:179} INFO - Processing /home/airflow/.local/lib/python3.8/site-packages/airflow/example_dags/example_sensor_decorator.py took 0.078 seconds
[2023-09-01T15:11:06.497+0000] {processor.py:157} INFO - Started process (PID=2273) to work on /home/airflow/.local/lib/python3.8/site-packages/airflow/example_dags/example_sensor_decorator.py
[2023-09-01T15:11:06.498+0000] {processor.py:829} INFO - Processing file /home/airflow/.local/lib/python3.8/site-packages/airflow/example_dags/example_sensor_decorator.py for tasks to queue
[2023-09-01T15:11:06.502+0000] {logging_mixin.py:151} INFO - [2023-09-01T15:11:06.502+0000] {dagbag.py:539} INFO - Filling up the DagBag from /home/airflow/.local/lib/python3.8/site-packages/airflow/example_dags/example_sensor_decorator.py
[2023-09-01T15:11:06.510+0000] {processor.py:839} INFO - DAG(s) dict_keys(['example_sensor_decorator']) retrieved from /home/airflow/.local/lib/python3.8/site-packages/airflow/example_dags/example_sensor_decorator.py
[2023-09-01T15:11:06.534+0000] {logging_mixin.py:151} INFO - [2023-09-01T15:11:06.534+0000] {dag.py:2907} INFO - Sync 1 DAGs
[2023-09-01T15:11:06.548+0000] {logging_mixin.py:151} INFO - [2023-09-01T15:11:06.547+0000] {dag.py:3677} INFO - Setting next_dagrun for example_sensor_decorator to None, run_after=None
[2023-09-01T15:11:06.568+0000] {processor.py:179} INFO - Processing /home/airflow/.local/lib/python3.8/site-packages/airflow/example_dags/example_sensor_decorator.py took 0.076 seconds
[2023-09-01T15:11:36.806+0000] {processor.py:157} INFO - Started process (PID=2327) to work on /home/airflow/.local/lib/python3.8/site-packages/airflow/example_dags/example_sensor_decorator.py
[2023-09-01T15:11:36.808+0000] {processor.py:829} INFO - Processing file /home/airflow/.local/lib/python3.8/site-packages/airflow/example_dags/example_sensor_decorator.py for tasks to queue
[2023-09-01T15:11:36.812+0000] {logging_mixin.py:151} INFO - [2023-09-01T15:11:36.811+0000] {dagbag.py:539} INFO - Filling up the DagBag from /home/airflow/.local/lib/python3.8/site-packages/airflow/example_dags/example_sensor_decorator.py
[2023-09-01T15:11:36.821+0000] {processor.py:839} INFO - DAG(s) dict_keys(['example_sensor_decorator']) retrieved from /home/airflow/.local/lib/python3.8/site-packages/airflow/example_dags/example_sensor_decorator.py
[2023-09-01T15:11:36.848+0000] {logging_mixin.py:151} INFO - [2023-09-01T15:11:36.848+0000] {dag.py:2907} INFO - Sync 1 DAGs
[2023-09-01T15:11:36.863+0000] {logging_mixin.py:151} INFO - [2023-09-01T15:11:36.863+0000] {dag.py:3677} INFO - Setting next_dagrun for example_sensor_decorator to None, run_after=None
[2023-09-01T15:11:36.883+0000] {processor.py:179} INFO - Processing /home/airflow/.local/lib/python3.8/site-packages/airflow/example_dags/example_sensor_decorator.py took 0.082 seconds
[2023-09-01T15:12:06.923+0000] {processor.py:157} INFO - Started process (PID=2381) to work on /home/airflow/.local/lib/python3.8/site-packages/airflow/example_dags/example_sensor_decorator.py
[2023-09-01T15:12:06.924+0000] {processor.py:829} INFO - Processing file /home/airflow/.local/lib/python3.8/site-packages/airflow/example_dags/example_sensor_decorator.py for tasks to queue
[2023-09-01T15:12:06.928+0000] {logging_mixin.py:151} INFO - [2023-09-01T15:12:06.927+0000] {dagbag.py:539} INFO - Filling up the DagBag from /home/airflow/.local/lib/python3.8/site-packages/airflow/example_dags/example_sensor_decorator.py
[2023-09-01T15:12:06.935+0000] {processor.py:839} INFO - DAG(s) dict_keys(['example_sensor_decorator']) retrieved from /home/airflow/.local/lib/python3.8/site-packages/airflow/example_dags/example_sensor_decorator.py
[2023-09-01T15:12:06.958+0000] {logging_mixin.py:151} INFO - [2023-09-01T15:12:06.957+0000] {dag.py:2907} INFO - Sync 1 DAGs
[2023-09-01T15:12:06.972+0000] {logging_mixin.py:151} INFO - [2023-09-01T15:12:06.972+0000] {dag.py:3677} INFO - Setting next_dagrun for example_sensor_decorator to None, run_after=None
[2023-09-01T15:12:06.992+0000] {processor.py:179} INFO - Processing /home/airflow/.local/lib/python3.8/site-packages/airflow/example_dags/example_sensor_decorator.py took 0.073 seconds
[2023-09-01T15:12:37.169+0000] {processor.py:157} INFO - Started process (PID=2435) to work on /home/airflow/.local/lib/python3.8/site-packages/airflow/example_dags/example_sensor_decorator.py
[2023-09-01T15:12:37.170+0000] {processor.py:829} INFO - Processing file /home/airflow/.local/lib/python3.8/site-packages/airflow/example_dags/example_sensor_decorator.py for tasks to queue
[2023-09-01T15:12:37.173+0000] {logging_mixin.py:151} INFO - [2023-09-01T15:12:37.173+0000] {dagbag.py:539} INFO - Filling up the DagBag from /home/airflow/.local/lib/python3.8/site-packages/airflow/example_dags/example_sensor_decorator.py
[2023-09-01T15:12:37.181+0000] {processor.py:839} INFO - DAG(s) dict_keys(['example_sensor_decorator']) retrieved from /home/airflow/.local/lib/python3.8/site-packages/airflow/example_dags/example_sensor_decorator.py
[2023-09-01T15:12:37.202+0000] {logging_mixin.py:151} INFO - [2023-09-01T15:12:37.202+0000] {dag.py:2907} INFO - Sync 1 DAGs
[2023-09-01T15:12:37.216+0000] {logging_mixin.py:151} INFO - [2023-09-01T15:12:37.216+0000] {dag.py:3677} INFO - Setting next_dagrun for example_sensor_decorator to None, run_after=None
[2023-09-01T15:12:37.235+0000] {processor.py:179} INFO - Processing /home/airflow/.local/lib/python3.8/site-packages/airflow/example_dags/example_sensor_decorator.py took 0.070 seconds
[2023-09-01T15:13:07.540+0000] {processor.py:157} INFO - Started process (PID=2489) to work on /home/airflow/.local/lib/python3.8/site-packages/airflow/example_dags/example_sensor_decorator.py
[2023-09-01T15:13:07.541+0000] {processor.py:829} INFO - Processing file /home/airflow/.local/lib/python3.8/site-packages/airflow/example_dags/example_sensor_decorator.py for tasks to queue
[2023-09-01T15:13:07.544+0000] {logging_mixin.py:151} INFO - [2023-09-01T15:13:07.544+0000] {dagbag.py:539} INFO - Filling up the DagBag from /home/airflow/.local/lib/python3.8/site-packages/airflow/example_dags/example_sensor_decorator.py
[2023-09-01T15:13:07.552+0000] {processor.py:839} INFO - DAG(s) dict_keys(['example_sensor_decorator']) retrieved from /home/airflow/.local/lib/python3.8/site-packages/airflow/example_dags/example_sensor_decorator.py
[2023-09-01T15:13:07.575+0000] {logging_mixin.py:151} INFO - [2023-09-01T15:13:07.575+0000] {dag.py:2907} INFO - Sync 1 DAGs
[2023-09-01T15:13:07.589+0000] {logging_mixin.py:151} INFO - [2023-09-01T15:13:07.589+0000] {dag.py:3677} INFO - Setting next_dagrun for example_sensor_decorator to None, run_after=None
[2023-09-01T15:13:07.609+0000] {processor.py:179} INFO - Processing /home/airflow/.local/lib/python3.8/site-packages/airflow/example_dags/example_sensor_decorator.py took 0.073 seconds
[2023-09-01T15:13:38.302+0000] {processor.py:157} INFO - Started process (PID=2543) to work on /home/airflow/.local/lib/python3.8/site-packages/airflow/example_dags/example_sensor_decorator.py
[2023-09-01T15:13:38.303+0000] {processor.py:829} INFO - Processing file /home/airflow/.local/lib/python3.8/site-packages/airflow/example_dags/example_sensor_decorator.py for tasks to queue
[2023-09-01T15:13:38.308+0000] {logging_mixin.py:151} INFO - [2023-09-01T15:13:38.307+0000] {dagbag.py:539} INFO - Filling up the DagBag from /home/airflow/.local/lib/python3.8/site-packages/airflow/example_dags/example_sensor_decorator.py
[2023-09-01T15:13:38.317+0000] {processor.py:839} INFO - DAG(s) dict_keys(['example_sensor_decorator']) retrieved from /home/airflow/.local/lib/python3.8/site-packages/airflow/example_dags/example_sensor_decorator.py
[2023-09-01T15:13:38.344+0000] {logging_mixin.py:151} INFO - [2023-09-01T15:13:38.344+0000] {dag.py:2907} INFO - Sync 1 DAGs
[2023-09-01T15:13:38.362+0000] {logging_mixin.py:151} INFO - [2023-09-01T15:13:38.362+0000] {dag.py:3677} INFO - Setting next_dagrun for example_sensor_decorator to None, run_after=None
[2023-09-01T15:13:38.387+0000] {processor.py:179} INFO - Processing /home/airflow/.local/lib/python3.8/site-packages/airflow/example_dags/example_sensor_decorator.py took 0.090 seconds
[2023-09-01T15:14:08.484+0000] {processor.py:157} INFO - Started process (PID=2597) to work on /home/airflow/.local/lib/python3.8/site-packages/airflow/example_dags/example_sensor_decorator.py
[2023-09-01T15:14:08.485+0000] {processor.py:829} INFO - Processing file /home/airflow/.local/lib/python3.8/site-packages/airflow/example_dags/example_sensor_decorator.py for tasks to queue
[2023-09-01T15:14:08.488+0000] {logging_mixin.py:151} INFO - [2023-09-01T15:14:08.487+0000] {dagbag.py:539} INFO - Filling up the DagBag from /home/airflow/.local/lib/python3.8/site-packages/airflow/example_dags/example_sensor_decorator.py
[2023-09-01T15:14:08.495+0000] {processor.py:839} INFO - DAG(s) dict_keys(['example_sensor_decorator']) retrieved from /home/airflow/.local/lib/python3.8/site-packages/airflow/example_dags/example_sensor_decorator.py
[2023-09-01T15:14:08.517+0000] {logging_mixin.py:151} INFO - [2023-09-01T15:14:08.516+0000] {dag.py:2907} INFO - Sync 1 DAGs
[2023-09-01T15:14:08.530+0000] {logging_mixin.py:151} INFO - [2023-09-01T15:14:08.530+0000] {dag.py:3677} INFO - Setting next_dagrun for example_sensor_decorator to None, run_after=None
[2023-09-01T15:14:08.550+0000] {processor.py:179} INFO - Processing /home/airflow/.local/lib/python3.8/site-packages/airflow/example_dags/example_sensor_decorator.py took 0.070 seconds
[2023-09-01T15:14:39.444+0000] {processor.py:157} INFO - Started process (PID=2651) to work on /home/airflow/.local/lib/python3.8/site-packages/airflow/example_dags/example_sensor_decorator.py
[2023-09-01T15:14:39.445+0000] {processor.py:829} INFO - Processing file /home/airflow/.local/lib/python3.8/site-packages/airflow/example_dags/example_sensor_decorator.py for tasks to queue
[2023-09-01T15:14:39.448+0000] {logging_mixin.py:151} INFO - [2023-09-01T15:14:39.448+0000] {dagbag.py:539} INFO - Filling up the DagBag from /home/airflow/.local/lib/python3.8/site-packages/airflow/example_dags/example_sensor_decorator.py
[2023-09-01T15:14:39.455+0000] {processor.py:839} INFO - DAG(s) dict_keys(['example_sensor_decorator']) retrieved from /home/airflow/.local/lib/python3.8/site-packages/airflow/example_dags/example_sensor_decorator.py
[2023-09-01T15:14:39.478+0000] {logging_mixin.py:151} INFO - [2023-09-01T15:14:39.478+0000] {dag.py:2907} INFO - Sync 1 DAGs
[2023-09-01T15:14:39.491+0000] {logging_mixin.py:151} INFO - [2023-09-01T15:14:39.491+0000] {dag.py:3677} INFO - Setting next_dagrun for example_sensor_decorator to None, run_after=None
[2023-09-01T15:14:39.511+0000] {processor.py:179} INFO - Processing /home/airflow/.local/lib/python3.8/site-packages/airflow/example_dags/example_sensor_decorator.py took 0.071 seconds
[2023-09-01T15:15:10.448+0000] {processor.py:157} INFO - Started process (PID=2705) to work on /home/airflow/.local/lib/python3.8/site-packages/airflow/example_dags/example_sensor_decorator.py
[2023-09-01T15:15:10.449+0000] {processor.py:829} INFO - Processing file /home/airflow/.local/lib/python3.8/site-packages/airflow/example_dags/example_sensor_decorator.py for tasks to queue
[2023-09-01T15:15:10.453+0000] {logging_mixin.py:151} INFO - [2023-09-01T15:15:10.452+0000] {dagbag.py:539} INFO - Filling up the DagBag from /home/airflow/.local/lib/python3.8/site-packages/airflow/example_dags/example_sensor_decorator.py
[2023-09-01T15:15:10.459+0000] {processor.py:839} INFO - DAG(s) dict_keys(['example_sensor_decorator']) retrieved from /home/airflow/.local/lib/python3.8/site-packages/airflow/example_dags/example_sensor_decorator.py
[2023-09-01T15:15:10.482+0000] {logging_mixin.py:151} INFO - [2023-09-01T15:15:10.482+0000] {dag.py:2907} INFO - Sync 1 DAGs
[2023-09-01T15:15:10.496+0000] {logging_mixin.py:151} INFO - [2023-09-01T15:15:10.496+0000] {dag.py:3677} INFO - Setting next_dagrun for example_sensor_decorator to None, run_after=None
[2023-09-01T15:15:10.512+0000] {processor.py:179} INFO - Processing /home/airflow/.local/lib/python3.8/site-packages/airflow/example_dags/example_sensor_decorator.py took 0.068 seconds
[2023-09-01T15:15:40.809+0000] {processor.py:157} INFO - Started process (PID=2759) to work on /home/airflow/.local/lib/python3.8/site-packages/airflow/example_dags/example_sensor_decorator.py
[2023-09-01T15:15:40.810+0000] {processor.py:829} INFO - Processing file /home/airflow/.local/lib/python3.8/site-packages/airflow/example_dags/example_sensor_decorator.py for tasks to queue
[2023-09-01T15:15:40.814+0000] {logging_mixin.py:151} INFO - [2023-09-01T15:15:40.814+0000] {dagbag.py:539} INFO - Filling up the DagBag from /home/airflow/.local/lib/python3.8/site-packages/airflow/example_dags/example_sensor_decorator.py
[2023-09-01T15:15:40.821+0000] {processor.py:839} INFO - DAG(s) dict_keys(['example_sensor_decorator']) retrieved from /home/airflow/.local/lib/python3.8/site-packages/airflow/example_dags/example_sensor_decorator.py
[2023-09-01T15:15:40.842+0000] {logging_mixin.py:151} INFO - [2023-09-01T15:15:40.842+0000] {dag.py:2907} INFO - Sync 1 DAGs
[2023-09-01T15:15:40.856+0000] {logging_mixin.py:151} INFO - [2023-09-01T15:15:40.856+0000] {dag.py:3677} INFO - Setting next_dagrun for example_sensor_decorator to None, run_after=None
[2023-09-01T15:15:40.872+0000] {processor.py:179} INFO - Processing /home/airflow/.local/lib/python3.8/site-packages/airflow/example_dags/example_sensor_decorator.py took 0.066 seconds
[2023-09-01T15:16:11.891+0000] {processor.py:157} INFO - Started process (PID=2813) to work on /home/airflow/.local/lib/python3.8/site-packages/airflow/example_dags/example_sensor_decorator.py
[2023-09-01T15:16:11.892+0000] {processor.py:829} INFO - Processing file /home/airflow/.local/lib/python3.8/site-packages/airflow/example_dags/example_sensor_decorator.py for tasks to queue
[2023-09-01T15:16:11.895+0000] {logging_mixin.py:151} INFO - [2023-09-01T15:16:11.895+0000] {dagbag.py:539} INFO - Filling up the DagBag from /home/airflow/.local/lib/python3.8/site-packages/airflow/example_dags/example_sensor_decorator.py
[2023-09-01T15:16:11.902+0000] {processor.py:839} INFO - DAG(s) dict_keys(['example_sensor_decorator']) retrieved from /home/airflow/.local/lib/python3.8/site-packages/airflow/example_dags/example_sensor_decorator.py
[2023-09-01T15:16:11.925+0000] {logging_mixin.py:151} INFO - [2023-09-01T15:16:11.925+0000] {dag.py:2907} INFO - Sync 1 DAGs
[2023-09-01T15:16:11.939+0000] {logging_mixin.py:151} INFO - [2023-09-01T15:16:11.939+0000] {dag.py:3677} INFO - Setting next_dagrun for example_sensor_decorator to None, run_after=None
[2023-09-01T15:16:11.957+0000] {processor.py:179} INFO - Processing /home/airflow/.local/lib/python3.8/site-packages/airflow/example_dags/example_sensor_decorator.py took 0.070 seconds
[2023-09-01T15:16:42.445+0000] {processor.py:157} INFO - Started process (PID=2868) to work on /home/airflow/.local/lib/python3.8/site-packages/airflow/example_dags/example_sensor_decorator.py
[2023-09-01T15:16:42.446+0000] {processor.py:829} INFO - Processing file /home/airflow/.local/lib/python3.8/site-packages/airflow/example_dags/example_sensor_decorator.py for tasks to queue
[2023-09-01T15:16:42.451+0000] {logging_mixin.py:151} INFO - [2023-09-01T15:16:42.451+0000] {dagbag.py:539} INFO - Filling up the DagBag from /home/airflow/.local/lib/python3.8/site-packages/airflow/example_dags/example_sensor_decorator.py
[2023-09-01T15:16:42.460+0000] {processor.py:839} INFO - DAG(s) dict_keys(['example_sensor_decorator']) retrieved from /home/airflow/.local/lib/python3.8/site-packages/airflow/example_dags/example_sensor_decorator.py
[2023-09-01T15:16:42.489+0000] {logging_mixin.py:151} INFO - [2023-09-01T15:16:42.488+0000] {dag.py:2907} INFO - Sync 1 DAGs
[2023-09-01T15:16:42.506+0000] {logging_mixin.py:151} INFO - [2023-09-01T15:16:42.505+0000] {dag.py:3677} INFO - Setting next_dagrun for example_sensor_decorator to None, run_after=None
[2023-09-01T15:16:42.528+0000] {processor.py:179} INFO - Processing /home/airflow/.local/lib/python3.8/site-packages/airflow/example_dags/example_sensor_decorator.py took 0.089 seconds
[2023-09-01T15:17:12.974+0000] {processor.py:157} INFO - Started process (PID=2923) to work on /home/airflow/.local/lib/python3.8/site-packages/airflow/example_dags/example_sensor_decorator.py
[2023-09-01T15:17:12.976+0000] {processor.py:829} INFO - Processing file /home/airflow/.local/lib/python3.8/site-packages/airflow/example_dags/example_sensor_decorator.py for tasks to queue
[2023-09-01T15:17:12.979+0000] {logging_mixin.py:151} INFO - [2023-09-01T15:17:12.979+0000] {dagbag.py:539} INFO - Filling up the DagBag from /home/airflow/.local/lib/python3.8/site-packages/airflow/example_dags/example_sensor_decorator.py
[2023-09-01T15:17:12.987+0000] {processor.py:839} INFO - DAG(s) dict_keys(['example_sensor_decorator']) retrieved from /home/airflow/.local/lib/python3.8/site-packages/airflow/example_dags/example_sensor_decorator.py
[2023-09-01T15:17:13.018+0000] {logging_mixin.py:151} INFO - [2023-09-01T15:17:13.017+0000] {dag.py:2907} INFO - Sync 1 DAGs
[2023-09-01T15:17:13.039+0000] {logging_mixin.py:151} INFO - [2023-09-01T15:17:13.039+0000] {dag.py:3677} INFO - Setting next_dagrun for example_sensor_decorator to None, run_after=None
[2023-09-01T15:17:13.070+0000] {processor.py:179} INFO - Processing /home/airflow/.local/lib/python3.8/site-packages/airflow/example_dags/example_sensor_decorator.py took 0.099 seconds
[2023-09-01T15:17:43.393+0000] {processor.py:157} INFO - Started process (PID=2977) to work on /home/airflow/.local/lib/python3.8/site-packages/airflow/example_dags/example_sensor_decorator.py
[2023-09-01T15:17:43.395+0000] {processor.py:829} INFO - Processing file /home/airflow/.local/lib/python3.8/site-packages/airflow/example_dags/example_sensor_decorator.py for tasks to queue
[2023-09-01T15:17:43.398+0000] {logging_mixin.py:151} INFO - [2023-09-01T15:17:43.398+0000] {dagbag.py:539} INFO - Filling up the DagBag from /home/airflow/.local/lib/python3.8/site-packages/airflow/example_dags/example_sensor_decorator.py
[2023-09-01T15:17:43.405+0000] {processor.py:839} INFO - DAG(s) dict_keys(['example_sensor_decorator']) retrieved from /home/airflow/.local/lib/python3.8/site-packages/airflow/example_dags/example_sensor_decorator.py
[2023-09-01T15:17:43.428+0000] {logging_mixin.py:151} INFO - [2023-09-01T15:17:43.428+0000] {dag.py:2907} INFO - Sync 1 DAGs
[2023-09-01T15:17:43.443+0000] {logging_mixin.py:151} INFO - [2023-09-01T15:17:43.443+0000] {dag.py:3677} INFO - Setting next_dagrun for example_sensor_decorator to None, run_after=None
[2023-09-01T15:17:43.463+0000] {processor.py:179} INFO - Processing /home/airflow/.local/lib/python3.8/site-packages/airflow/example_dags/example_sensor_decorator.py took 0.074 seconds
[2023-09-01T15:18:14.468+0000] {processor.py:157} INFO - Started process (PID=3031) to work on /home/airflow/.local/lib/python3.8/site-packages/airflow/example_dags/example_sensor_decorator.py
[2023-09-01T15:18:14.470+0000] {processor.py:829} INFO - Processing file /home/airflow/.local/lib/python3.8/site-packages/airflow/example_dags/example_sensor_decorator.py for tasks to queue
[2023-09-01T15:18:14.473+0000] {logging_mixin.py:151} INFO - [2023-09-01T15:18:14.473+0000] {dagbag.py:539} INFO - Filling up the DagBag from /home/airflow/.local/lib/python3.8/site-packages/airflow/example_dags/example_sensor_decorator.py
[2023-09-01T15:18:14.480+0000] {processor.py:839} INFO - DAG(s) dict_keys(['example_sensor_decorator']) retrieved from /home/airflow/.local/lib/python3.8/site-packages/airflow/example_dags/example_sensor_decorator.py
[2023-09-01T15:18:14.503+0000] {logging_mixin.py:151} INFO - [2023-09-01T15:18:14.502+0000] {dag.py:2907} INFO - Sync 1 DAGs
[2023-09-01T15:18:14.517+0000] {logging_mixin.py:151} INFO - [2023-09-01T15:18:14.517+0000] {dag.py:3677} INFO - Setting next_dagrun for example_sensor_decorator to None, run_after=None
[2023-09-01T15:18:14.536+0000] {processor.py:179} INFO - Processing /home/airflow/.local/lib/python3.8/site-packages/airflow/example_dags/example_sensor_decorator.py took 0.072 seconds
[2023-09-01T15:18:45.190+0000] {processor.py:157} INFO - Started process (PID=3085) to work on /home/airflow/.local/lib/python3.8/site-packages/airflow/example_dags/example_sensor_decorator.py
[2023-09-01T15:18:45.191+0000] {processor.py:829} INFO - Processing file /home/airflow/.local/lib/python3.8/site-packages/airflow/example_dags/example_sensor_decorator.py for tasks to queue
[2023-09-01T15:18:45.195+0000] {logging_mixin.py:151} INFO - [2023-09-01T15:18:45.194+0000] {dagbag.py:539} INFO - Filling up the DagBag from /home/airflow/.local/lib/python3.8/site-packages/airflow/example_dags/example_sensor_decorator.py
[2023-09-01T15:18:45.202+0000] {processor.py:839} INFO - DAG(s) dict_keys(['example_sensor_decorator']) retrieved from /home/airflow/.local/lib/python3.8/site-packages/airflow/example_dags/example_sensor_decorator.py
[2023-09-01T15:18:45.226+0000] {logging_mixin.py:151} INFO - [2023-09-01T15:18:45.226+0000] {dag.py:2907} INFO - Sync 1 DAGs
[2023-09-01T15:18:45.240+0000] {logging_mixin.py:151} INFO - [2023-09-01T15:18:45.240+0000] {dag.py:3677} INFO - Setting next_dagrun for example_sensor_decorator to None, run_after=None
[2023-09-01T15:18:45.260+0000] {processor.py:179} INFO - Processing /home/airflow/.local/lib/python3.8/site-packages/airflow/example_dags/example_sensor_decorator.py took 0.074 seconds
[2023-09-01T15:19:15.695+0000] {processor.py:157} INFO - Started process (PID=3139) to work on /home/airflow/.local/lib/python3.8/site-packages/airflow/example_dags/example_sensor_decorator.py
[2023-09-01T15:19:15.696+0000] {processor.py:829} INFO - Processing file /home/airflow/.local/lib/python3.8/site-packages/airflow/example_dags/example_sensor_decorator.py for tasks to queue
[2023-09-01T15:19:15.700+0000] {logging_mixin.py:151} INFO - [2023-09-01T15:19:15.699+0000] {dagbag.py:539} INFO - Filling up the DagBag from /home/airflow/.local/lib/python3.8/site-packages/airflow/example_dags/example_sensor_decorator.py
[2023-09-01T15:19:15.707+0000] {processor.py:839} INFO - DAG(s) dict_keys(['example_sensor_decorator']) retrieved from /home/airflow/.local/lib/python3.8/site-packages/airflow/example_dags/example_sensor_decorator.py
[2023-09-01T15:19:15.730+0000] {logging_mixin.py:151} INFO - [2023-09-01T15:19:15.730+0000] {dag.py:2907} INFO - Sync 1 DAGs
[2023-09-01T15:19:15.746+0000] {logging_mixin.py:151} INFO - [2023-09-01T15:19:15.746+0000] {dag.py:3677} INFO - Setting next_dagrun for example_sensor_decorator to None, run_after=None
[2023-09-01T15:19:15.767+0000] {processor.py:179} INFO - Processing /home/airflow/.local/lib/python3.8/site-packages/airflow/example_dags/example_sensor_decorator.py took 0.076 seconds
[2023-09-01T15:19:46.338+0000] {processor.py:157} INFO - Started process (PID=3193) to work on /home/airflow/.local/lib/python3.8/site-packages/airflow/example_dags/example_sensor_decorator.py
[2023-09-01T15:19:46.340+0000] {processor.py:829} INFO - Processing file /home/airflow/.local/lib/python3.8/site-packages/airflow/example_dags/example_sensor_decorator.py for tasks to queue
[2023-09-01T15:19:46.343+0000] {logging_mixin.py:151} INFO - [2023-09-01T15:19:46.343+0000] {dagbag.py:539} INFO - Filling up the DagBag from /home/airflow/.local/lib/python3.8/site-packages/airflow/example_dags/example_sensor_decorator.py
[2023-09-01T15:19:46.350+0000] {processor.py:839} INFO - DAG(s) dict_keys(['example_sensor_decorator']) retrieved from /home/airflow/.local/lib/python3.8/site-packages/airflow/example_dags/example_sensor_decorator.py
[2023-09-01T15:19:46.373+0000] {logging_mixin.py:151} INFO - [2023-09-01T15:19:46.373+0000] {dag.py:2907} INFO - Sync 1 DAGs
[2023-09-01T15:19:46.387+0000] {logging_mixin.py:151} INFO - [2023-09-01T15:19:46.387+0000] {dag.py:3677} INFO - Setting next_dagrun for example_sensor_decorator to None, run_after=None
[2023-09-01T15:19:46.407+0000] {processor.py:179} INFO - Processing /home/airflow/.local/lib/python3.8/site-packages/airflow/example_dags/example_sensor_decorator.py took 0.073 seconds
[2023-09-01T15:20:16.787+0000] {processor.py:157} INFO - Started process (PID=3247) to work on /home/airflow/.local/lib/python3.8/site-packages/airflow/example_dags/example_sensor_decorator.py
[2023-09-01T15:20:16.788+0000] {processor.py:829} INFO - Processing file /home/airflow/.local/lib/python3.8/site-packages/airflow/example_dags/example_sensor_decorator.py for tasks to queue
[2023-09-01T15:20:16.792+0000] {logging_mixin.py:151} INFO - [2023-09-01T15:20:16.791+0000] {dagbag.py:539} INFO - Filling up the DagBag from /home/airflow/.local/lib/python3.8/site-packages/airflow/example_dags/example_sensor_decorator.py
[2023-09-01T15:20:16.798+0000] {processor.py:839} INFO - DAG(s) dict_keys(['example_sensor_decorator']) retrieved from /home/airflow/.local/lib/python3.8/site-packages/airflow/example_dags/example_sensor_decorator.py
[2023-09-01T15:20:16.821+0000] {logging_mixin.py:151} INFO - [2023-09-01T15:20:16.821+0000] {dag.py:2907} INFO - Sync 1 DAGs
[2023-09-01T15:20:16.835+0000] {logging_mixin.py:151} INFO - [2023-09-01T15:20:16.835+0000] {dag.py:3677} INFO - Setting next_dagrun for example_sensor_decorator to None, run_after=None
[2023-09-01T15:20:16.857+0000] {processor.py:179} INFO - Processing /home/airflow/.local/lib/python3.8/site-packages/airflow/example_dags/example_sensor_decorator.py took 0.074 seconds
[2023-09-01T15:20:47.410+0000] {processor.py:157} INFO - Started process (PID=3301) to work on /home/airflow/.local/lib/python3.8/site-packages/airflow/example_dags/example_sensor_decorator.py
[2023-09-01T15:20:47.411+0000] {processor.py:829} INFO - Processing file /home/airflow/.local/lib/python3.8/site-packages/airflow/example_dags/example_sensor_decorator.py for tasks to queue
[2023-09-01T15:20:47.414+0000] {logging_mixin.py:151} INFO - [2023-09-01T15:20:47.414+0000] {dagbag.py:539} INFO - Filling up the DagBag from /home/airflow/.local/lib/python3.8/site-packages/airflow/example_dags/example_sensor_decorator.py
[2023-09-01T15:20:47.421+0000] {processor.py:839} INFO - DAG(s) dict_keys(['example_sensor_decorator']) retrieved from /home/airflow/.local/lib/python3.8/site-packages/airflow/example_dags/example_sensor_decorator.py
[2023-09-01T15:20:47.445+0000] {logging_mixin.py:151} INFO - [2023-09-01T15:20:47.444+0000] {dag.py:2907} INFO - Sync 1 DAGs
[2023-09-01T15:20:47.459+0000] {logging_mixin.py:151} INFO - [2023-09-01T15:20:47.459+0000] {dag.py:3677} INFO - Setting next_dagrun for example_sensor_decorator to None, run_after=None
[2023-09-01T15:20:47.479+0000] {processor.py:179} INFO - Processing /home/airflow/.local/lib/python3.8/site-packages/airflow/example_dags/example_sensor_decorator.py took 0.073 seconds
[2023-09-01T15:21:17.993+0000] {processor.py:157} INFO - Started process (PID=3355) to work on /home/airflow/.local/lib/python3.8/site-packages/airflow/example_dags/example_sensor_decorator.py
[2023-09-01T15:21:17.994+0000] {processor.py:829} INFO - Processing file /home/airflow/.local/lib/python3.8/site-packages/airflow/example_dags/example_sensor_decorator.py for tasks to queue
[2023-09-01T15:21:17.998+0000] {logging_mixin.py:151} INFO - [2023-09-01T15:21:17.998+0000] {dagbag.py:539} INFO - Filling up the DagBag from /home/airflow/.local/lib/python3.8/site-packages/airflow/example_dags/example_sensor_decorator.py
[2023-09-01T15:21:18.007+0000] {processor.py:839} INFO - DAG(s) dict_keys(['example_sensor_decorator']) retrieved from /home/airflow/.local/lib/python3.8/site-packages/airflow/example_dags/example_sensor_decorator.py
[2023-09-01T15:21:18.034+0000] {logging_mixin.py:151} INFO - [2023-09-01T15:21:18.034+0000] {dag.py:2907} INFO - Sync 1 DAGs
[2023-09-01T15:21:18.051+0000] {logging_mixin.py:151} INFO - [2023-09-01T15:21:18.051+0000] {dag.py:3677} INFO - Setting next_dagrun for example_sensor_decorator to None, run_after=None
[2023-09-01T15:21:18.076+0000] {processor.py:179} INFO - Processing /home/airflow/.local/lib/python3.8/site-packages/airflow/example_dags/example_sensor_decorator.py took 0.087 seconds
[2023-09-01T15:21:48.736+0000] {processor.py:157} INFO - Started process (PID=3409) to work on /home/airflow/.local/lib/python3.8/site-packages/airflow/example_dags/example_sensor_decorator.py
[2023-09-01T15:21:48.738+0000] {processor.py:829} INFO - Processing file /home/airflow/.local/lib/python3.8/site-packages/airflow/example_dags/example_sensor_decorator.py for tasks to queue
[2023-09-01T15:21:48.741+0000] {logging_mixin.py:151} INFO - [2023-09-01T15:21:48.741+0000] {dagbag.py:539} INFO - Filling up the DagBag from /home/airflow/.local/lib/python3.8/site-packages/airflow/example_dags/example_sensor_decorator.py
[2023-09-01T15:21:48.748+0000] {processor.py:839} INFO - DAG(s) dict_keys(['example_sensor_decorator']) retrieved from /home/airflow/.local/lib/python3.8/site-packages/airflow/example_dags/example_sensor_decorator.py
[2023-09-01T15:21:48.771+0000] {logging_mixin.py:151} INFO - [2023-09-01T15:21:48.771+0000] {dag.py:2907} INFO - Sync 1 DAGs
[2023-09-01T15:21:48.787+0000] {logging_mixin.py:151} INFO - [2023-09-01T15:21:48.787+0000] {dag.py:3677} INFO - Setting next_dagrun for example_sensor_decorator to None, run_after=None
[2023-09-01T15:21:48.809+0000] {processor.py:179} INFO - Processing /home/airflow/.local/lib/python3.8/site-packages/airflow/example_dags/example_sensor_decorator.py took 0.076 seconds
