[2023-09-01T14:50:13.973+0000] {processor.py:157} INFO - Started process (PID=44) to work on /home/airflow/.local/lib/python3.8/site-packages/airflow/example_dags/example_latest_only_with_trigger.py
[2023-09-01T14:50:13.976+0000] {processor.py:829} INFO - Processing file /home/airflow/.local/lib/python3.8/site-packages/airflow/example_dags/example_latest_only_with_trigger.py for tasks to queue
[2023-09-01T14:50:13.981+0000] {logging_mixin.py:151} INFO - [2023-09-01T14:50:13.981+0000] {dagbag.py:539} INFO - Filling up the DagBag from /home/airflow/.local/lib/python3.8/site-packages/airflow/example_dags/example_latest_only_with_trigger.py
[2023-09-01T14:50:14.006+0000] {processor.py:839} INFO - DAG(s) dict_keys(['latest_only_with_trigger']) retrieved from /home/airflow/.local/lib/python3.8/site-packages/airflow/example_dags/example_latest_only_with_trigger.py
[2023-09-01T14:50:14.484+0000] {logging_mixin.py:151} INFO - [2023-09-01T14:50:14.483+0000] {manager.py:501} INFO - Created Permission View: can read on DAG:latest_only_with_trigger
[2023-09-01T14:50:14.514+0000] {logging_mixin.py:151} INFO - [2023-09-01T14:50:14.513+0000] {manager.py:501} INFO - Created Permission View: can edit on DAG:latest_only_with_trigger
[2023-09-01T14:50:14.534+0000] {logging_mixin.py:151} INFO - [2023-09-01T14:50:14.533+0000] {manager.py:501} INFO - Created Permission View: can delete on DAG:latest_only_with_trigger
[2023-09-01T14:50:14.563+0000] {logging_mixin.py:151} INFO - [2023-09-01T14:50:14.563+0000] {dag.py:2907} INFO - Sync 1 DAGs
[2023-09-01T14:50:14.586+0000] {logging_mixin.py:151} INFO - [2023-09-01T14:50:14.585+0000] {dag.py:2929} INFO - Creating ORM DAG for latest_only_with_trigger
[2023-09-01T14:50:14.605+0000] {logging_mixin.py:151} INFO - [2023-09-01T14:50:14.605+0000] {dag.py:3677} INFO - Setting next_dagrun for latest_only_with_trigger to 2023-09-01T10:50:14.605094+00:00, run_after=2023-09-01T14:50:14.605094+00:00
[2023-09-01T14:50:14.640+0000] {processor.py:179} INFO - Processing /home/airflow/.local/lib/python3.8/site-packages/airflow/example_dags/example_latest_only_with_trigger.py took 0.676 seconds
[2023-09-01T14:50:45.544+0000] {processor.py:157} INFO - Started process (PID=97) to work on /home/airflow/.local/lib/python3.8/site-packages/airflow/example_dags/example_latest_only_with_trigger.py
[2023-09-01T14:50:45.546+0000] {processor.py:829} INFO - Processing file /home/airflow/.local/lib/python3.8/site-packages/airflow/example_dags/example_latest_only_with_trigger.py for tasks to queue
[2023-09-01T14:50:45.550+0000] {logging_mixin.py:151} INFO - [2023-09-01T14:50:45.550+0000] {dagbag.py:539} INFO - Filling up the DagBag from /home/airflow/.local/lib/python3.8/site-packages/airflow/example_dags/example_latest_only_with_trigger.py
[2023-09-01T14:50:45.559+0000] {processor.py:839} INFO - DAG(s) dict_keys(['latest_only_with_trigger']) retrieved from /home/airflow/.local/lib/python3.8/site-packages/airflow/example_dags/example_latest_only_with_trigger.py
[2023-09-01T14:50:45.589+0000] {logging_mixin.py:151} INFO - [2023-09-01T14:50:45.589+0000] {dag.py:2907} INFO - Sync 1 DAGs
[2023-09-01T14:50:45.619+0000] {logging_mixin.py:151} INFO - [2023-09-01T14:50:45.619+0000] {dag.py:3677} INFO - Setting next_dagrun for latest_only_with_trigger to 2023-09-01T10:50:45.619305+00:00, run_after=2023-09-01T14:50:45.619305+00:00
[2023-09-01T14:50:45.645+0000] {processor.py:179} INFO - Processing /home/airflow/.local/lib/python3.8/site-packages/airflow/example_dags/example_latest_only_with_trigger.py took 0.105 seconds
[2023-09-01T14:51:15.689+0000] {processor.py:157} INFO - Started process (PID=151) to work on /home/airflow/.local/lib/python3.8/site-packages/airflow/example_dags/example_latest_only_with_trigger.py
[2023-09-01T14:51:15.690+0000] {processor.py:829} INFO - Processing file /home/airflow/.local/lib/python3.8/site-packages/airflow/example_dags/example_latest_only_with_trigger.py for tasks to queue
[2023-09-01T14:51:15.694+0000] {logging_mixin.py:151} INFO - [2023-09-01T14:51:15.694+0000] {dagbag.py:539} INFO - Filling up the DagBag from /home/airflow/.local/lib/python3.8/site-packages/airflow/example_dags/example_latest_only_with_trigger.py
[2023-09-01T14:51:15.702+0000] {processor.py:839} INFO - DAG(s) dict_keys(['latest_only_with_trigger']) retrieved from /home/airflow/.local/lib/python3.8/site-packages/airflow/example_dags/example_latest_only_with_trigger.py
[2023-09-01T14:51:15.728+0000] {logging_mixin.py:151} INFO - [2023-09-01T14:51:15.728+0000] {dag.py:2907} INFO - Sync 1 DAGs
[2023-09-01T14:51:15.756+0000] {logging_mixin.py:151} INFO - [2023-09-01T14:51:15.756+0000] {dag.py:3677} INFO - Setting next_dagrun for latest_only_with_trigger to 2023-09-01T10:51:15.756073+00:00, run_after=2023-09-01T14:51:15.756073+00:00
[2023-09-01T14:51:15.782+0000] {processor.py:179} INFO - Processing /home/airflow/.local/lib/python3.8/site-packages/airflow/example_dags/example_latest_only_with_trigger.py took 0.098 seconds
[2023-09-01T14:51:46.167+0000] {processor.py:157} INFO - Started process (PID=205) to work on /home/airflow/.local/lib/python3.8/site-packages/airflow/example_dags/example_latest_only_with_trigger.py
[2023-09-01T14:51:46.168+0000] {processor.py:829} INFO - Processing file /home/airflow/.local/lib/python3.8/site-packages/airflow/example_dags/example_latest_only_with_trigger.py for tasks to queue
[2023-09-01T14:51:46.172+0000] {logging_mixin.py:151} INFO - [2023-09-01T14:51:46.172+0000] {dagbag.py:539} INFO - Filling up the DagBag from /home/airflow/.local/lib/python3.8/site-packages/airflow/example_dags/example_latest_only_with_trigger.py
[2023-09-01T14:51:46.180+0000] {processor.py:839} INFO - DAG(s) dict_keys(['latest_only_with_trigger']) retrieved from /home/airflow/.local/lib/python3.8/site-packages/airflow/example_dags/example_latest_only_with_trigger.py
[2023-09-01T14:51:46.209+0000] {logging_mixin.py:151} INFO - [2023-09-01T14:51:46.208+0000] {dag.py:2907} INFO - Sync 1 DAGs
[2023-09-01T14:51:46.235+0000] {logging_mixin.py:151} INFO - [2023-09-01T14:51:46.235+0000] {dag.py:3677} INFO - Setting next_dagrun for latest_only_with_trigger to 2023-09-01T10:51:46.235290+00:00, run_after=2023-09-01T14:51:46.235290+00:00
[2023-09-01T14:51:46.257+0000] {processor.py:179} INFO - Processing /home/airflow/.local/lib/python3.8/site-packages/airflow/example_dags/example_latest_only_with_trigger.py took 0.095 seconds
[2023-09-01T14:52:16.367+0000] {processor.py:157} INFO - Started process (PID=259) to work on /home/airflow/.local/lib/python3.8/site-packages/airflow/example_dags/example_latest_only_with_trigger.py
[2023-09-01T14:52:16.368+0000] {processor.py:829} INFO - Processing file /home/airflow/.local/lib/python3.8/site-packages/airflow/example_dags/example_latest_only_with_trigger.py for tasks to queue
[2023-09-01T14:52:16.372+0000] {logging_mixin.py:151} INFO - [2023-09-01T14:52:16.371+0000] {dagbag.py:539} INFO - Filling up the DagBag from /home/airflow/.local/lib/python3.8/site-packages/airflow/example_dags/example_latest_only_with_trigger.py
[2023-09-01T14:52:16.380+0000] {processor.py:839} INFO - DAG(s) dict_keys(['latest_only_with_trigger']) retrieved from /home/airflow/.local/lib/python3.8/site-packages/airflow/example_dags/example_latest_only_with_trigger.py
[2023-09-01T14:52:16.411+0000] {logging_mixin.py:151} INFO - [2023-09-01T14:52:16.411+0000] {dag.py:2907} INFO - Sync 1 DAGs
[2023-09-01T14:52:16.443+0000] {logging_mixin.py:151} INFO - [2023-09-01T14:52:16.443+0000] {dag.py:3677} INFO - Setting next_dagrun for latest_only_with_trigger to 2023-09-01T10:52:16.443010+00:00, run_after=2023-09-01T14:52:16.443010+00:00
[2023-09-01T14:52:16.470+0000] {processor.py:179} INFO - Processing /home/airflow/.local/lib/python3.8/site-packages/airflow/example_dags/example_latest_only_with_trigger.py took 0.108 seconds
[2023-09-01T14:52:46.577+0000] {processor.py:157} INFO - Started process (PID=313) to work on /home/airflow/.local/lib/python3.8/site-packages/airflow/example_dags/example_latest_only_with_trigger.py
[2023-09-01T14:52:46.579+0000] {processor.py:829} INFO - Processing file /home/airflow/.local/lib/python3.8/site-packages/airflow/example_dags/example_latest_only_with_trigger.py for tasks to queue
[2023-09-01T14:52:46.582+0000] {logging_mixin.py:151} INFO - [2023-09-01T14:52:46.582+0000] {dagbag.py:539} INFO - Filling up the DagBag from /home/airflow/.local/lib/python3.8/site-packages/airflow/example_dags/example_latest_only_with_trigger.py
[2023-09-01T14:52:46.588+0000] {processor.py:839} INFO - DAG(s) dict_keys(['latest_only_with_trigger']) retrieved from /home/airflow/.local/lib/python3.8/site-packages/airflow/example_dags/example_latest_only_with_trigger.py
[2023-09-01T14:52:46.613+0000] {logging_mixin.py:151} INFO - [2023-09-01T14:52:46.613+0000] {dag.py:2907} INFO - Sync 1 DAGs
[2023-09-01T14:52:46.638+0000] {logging_mixin.py:151} INFO - [2023-09-01T14:52:46.638+0000] {dag.py:3677} INFO - Setting next_dagrun for latest_only_with_trigger to 2023-09-01T10:52:46.638337+00:00, run_after=2023-09-01T14:52:46.638337+00:00
[2023-09-01T14:52:46.658+0000] {processor.py:179} INFO - Processing /home/airflow/.local/lib/python3.8/site-packages/airflow/example_dags/example_latest_only_with_trigger.py took 0.085 seconds
[2023-09-01T14:53:16.701+0000] {processor.py:157} INFO - Started process (PID=367) to work on /home/airflow/.local/lib/python3.8/site-packages/airflow/example_dags/example_latest_only_with_trigger.py
[2023-09-01T14:53:16.703+0000] {processor.py:829} INFO - Processing file /home/airflow/.local/lib/python3.8/site-packages/airflow/example_dags/example_latest_only_with_trigger.py for tasks to queue
[2023-09-01T14:53:16.706+0000] {logging_mixin.py:151} INFO - [2023-09-01T14:53:16.706+0000] {dagbag.py:539} INFO - Filling up the DagBag from /home/airflow/.local/lib/python3.8/site-packages/airflow/example_dags/example_latest_only_with_trigger.py
[2023-09-01T14:53:16.712+0000] {processor.py:839} INFO - DAG(s) dict_keys(['latest_only_with_trigger']) retrieved from /home/airflow/.local/lib/python3.8/site-packages/airflow/example_dags/example_latest_only_with_trigger.py
[2023-09-01T14:53:16.737+0000] {logging_mixin.py:151} INFO - [2023-09-01T14:53:16.737+0000] {dag.py:2907} INFO - Sync 1 DAGs
[2023-09-01T14:53:16.761+0000] {logging_mixin.py:151} INFO - [2023-09-01T14:53:16.761+0000] {dag.py:3677} INFO - Setting next_dagrun for latest_only_with_trigger to 2023-09-01T10:53:16.760885+00:00, run_after=2023-09-01T14:53:16.760885+00:00
[2023-09-01T14:53:16.781+0000] {processor.py:179} INFO - Processing /home/airflow/.local/lib/python3.8/site-packages/airflow/example_dags/example_latest_only_with_trigger.py took 0.084 seconds
[2023-09-01T14:53:46.980+0000] {processor.py:157} INFO - Started process (PID=422) to work on /home/airflow/.local/lib/python3.8/site-packages/airflow/example_dags/example_latest_only_with_trigger.py
[2023-09-01T14:53:46.981+0000] {processor.py:829} INFO - Processing file /home/airflow/.local/lib/python3.8/site-packages/airflow/example_dags/example_latest_only_with_trigger.py for tasks to queue
[2023-09-01T14:53:46.986+0000] {logging_mixin.py:151} INFO - [2023-09-01T14:53:46.984+0000] {dagbag.py:539} INFO - Filling up the DagBag from /home/airflow/.local/lib/python3.8/site-packages/airflow/example_dags/example_latest_only_with_trigger.py
[2023-09-01T14:53:46.993+0000] {processor.py:839} INFO - DAG(s) dict_keys(['latest_only_with_trigger']) retrieved from /home/airflow/.local/lib/python3.8/site-packages/airflow/example_dags/example_latest_only_with_trigger.py
[2023-09-01T14:53:47.022+0000] {logging_mixin.py:151} INFO - [2023-09-01T14:53:47.022+0000] {dag.py:2907} INFO - Sync 1 DAGs
[2023-09-01T14:53:47.049+0000] {logging_mixin.py:151} INFO - [2023-09-01T14:53:47.048+0000] {dag.py:3677} INFO - Setting next_dagrun for latest_only_with_trigger to 2023-09-01T10:53:47.048652+00:00, run_after=2023-09-01T14:53:47.048652+00:00
[2023-09-01T14:53:47.068+0000] {processor.py:179} INFO - Processing /home/airflow/.local/lib/python3.8/site-packages/airflow/example_dags/example_latest_only_with_trigger.py took 0.093 seconds
[2023-09-01T14:54:17.110+0000] {processor.py:157} INFO - Started process (PID=476) to work on /home/airflow/.local/lib/python3.8/site-packages/airflow/example_dags/example_latest_only_with_trigger.py
[2023-09-01T14:54:17.111+0000] {processor.py:829} INFO - Processing file /home/airflow/.local/lib/python3.8/site-packages/airflow/example_dags/example_latest_only_with_trigger.py for tasks to queue
[2023-09-01T14:54:17.116+0000] {logging_mixin.py:151} INFO - [2023-09-01T14:54:17.115+0000] {dagbag.py:539} INFO - Filling up the DagBag from /home/airflow/.local/lib/python3.8/site-packages/airflow/example_dags/example_latest_only_with_trigger.py
[2023-09-01T14:54:17.123+0000] {processor.py:839} INFO - DAG(s) dict_keys(['latest_only_with_trigger']) retrieved from /home/airflow/.local/lib/python3.8/site-packages/airflow/example_dags/example_latest_only_with_trigger.py
[2023-09-01T14:54:17.153+0000] {logging_mixin.py:151} INFO - [2023-09-01T14:54:17.153+0000] {dag.py:2907} INFO - Sync 1 DAGs
[2023-09-01T14:54:17.181+0000] {logging_mixin.py:151} INFO - [2023-09-01T14:54:17.181+0000] {dag.py:3677} INFO - Setting next_dagrun for latest_only_with_trigger to 2023-09-01T10:54:17.180785+00:00, run_after=2023-09-01T14:54:17.180785+00:00
[2023-09-01T14:54:17.200+0000] {processor.py:179} INFO - Processing /home/airflow/.local/lib/python3.8/site-packages/airflow/example_dags/example_latest_only_with_trigger.py took 0.095 seconds
[2023-09-01T14:54:47.456+0000] {processor.py:157} INFO - Started process (PID=530) to work on /home/airflow/.local/lib/python3.8/site-packages/airflow/example_dags/example_latest_only_with_trigger.py
[2023-09-01T14:54:47.457+0000] {processor.py:829} INFO - Processing file /home/airflow/.local/lib/python3.8/site-packages/airflow/example_dags/example_latest_only_with_trigger.py for tasks to queue
[2023-09-01T14:54:47.461+0000] {logging_mixin.py:151} INFO - [2023-09-01T14:54:47.460+0000] {dagbag.py:539} INFO - Filling up the DagBag from /home/airflow/.local/lib/python3.8/site-packages/airflow/example_dags/example_latest_only_with_trigger.py
[2023-09-01T14:54:47.467+0000] {processor.py:839} INFO - DAG(s) dict_keys(['latest_only_with_trigger']) retrieved from /home/airflow/.local/lib/python3.8/site-packages/airflow/example_dags/example_latest_only_with_trigger.py
[2023-09-01T14:54:47.493+0000] {logging_mixin.py:151} INFO - [2023-09-01T14:54:47.493+0000] {dag.py:2907} INFO - Sync 1 DAGs
[2023-09-01T14:54:47.515+0000] {logging_mixin.py:151} INFO - [2023-09-01T14:54:47.515+0000] {dag.py:3677} INFO - Setting next_dagrun for latest_only_with_trigger to 2023-09-01T10:54:47.515272+00:00, run_after=2023-09-01T14:54:47.515272+00:00
[2023-09-01T14:54:47.537+0000] {processor.py:179} INFO - Processing /home/airflow/.local/lib/python3.8/site-packages/airflow/example_dags/example_latest_only_with_trigger.py took 0.085 seconds
[2023-09-01T14:55:18.421+0000] {processor.py:157} INFO - Started process (PID=584) to work on /home/airflow/.local/lib/python3.8/site-packages/airflow/example_dags/example_latest_only_with_trigger.py
[2023-09-01T14:55:18.422+0000] {processor.py:829} INFO - Processing file /home/airflow/.local/lib/python3.8/site-packages/airflow/example_dags/example_latest_only_with_trigger.py for tasks to queue
[2023-09-01T14:55:18.425+0000] {logging_mixin.py:151} INFO - [2023-09-01T14:55:18.425+0000] {dagbag.py:539} INFO - Filling up the DagBag from /home/airflow/.local/lib/python3.8/site-packages/airflow/example_dags/example_latest_only_with_trigger.py
[2023-09-01T14:55:18.432+0000] {processor.py:839} INFO - DAG(s) dict_keys(['latest_only_with_trigger']) retrieved from /home/airflow/.local/lib/python3.8/site-packages/airflow/example_dags/example_latest_only_with_trigger.py
[2023-09-01T14:55:18.460+0000] {logging_mixin.py:151} INFO - [2023-09-01T14:55:18.459+0000] {dag.py:2907} INFO - Sync 1 DAGs
[2023-09-01T14:55:18.482+0000] {logging_mixin.py:151} INFO - [2023-09-01T14:55:18.482+0000] {dag.py:3677} INFO - Setting next_dagrun for latest_only_with_trigger to 2023-09-01T10:55:18.481855+00:00, run_after=2023-09-01T14:55:18.481855+00:00
[2023-09-01T14:55:18.502+0000] {processor.py:179} INFO - Processing /home/airflow/.local/lib/python3.8/site-packages/airflow/example_dags/example_latest_only_with_trigger.py took 0.085 seconds
[2023-09-01T14:55:49.028+0000] {processor.py:157} INFO - Started process (PID=638) to work on /home/airflow/.local/lib/python3.8/site-packages/airflow/example_dags/example_latest_only_with_trigger.py
[2023-09-01T14:55:49.029+0000] {processor.py:829} INFO - Processing file /home/airflow/.local/lib/python3.8/site-packages/airflow/example_dags/example_latest_only_with_trigger.py for tasks to queue
[2023-09-01T14:55:49.033+0000] {logging_mixin.py:151} INFO - [2023-09-01T14:55:49.032+0000] {dagbag.py:539} INFO - Filling up the DagBag from /home/airflow/.local/lib/python3.8/site-packages/airflow/example_dags/example_latest_only_with_trigger.py
[2023-09-01T14:55:49.041+0000] {processor.py:839} INFO - DAG(s) dict_keys(['latest_only_with_trigger']) retrieved from /home/airflow/.local/lib/python3.8/site-packages/airflow/example_dags/example_latest_only_with_trigger.py
[2023-09-01T14:55:49.070+0000] {logging_mixin.py:151} INFO - [2023-09-01T14:55:49.069+0000] {dag.py:2907} INFO - Sync 1 DAGs
[2023-09-01T14:55:49.096+0000] {logging_mixin.py:151} INFO - [2023-09-01T14:55:49.096+0000] {dag.py:3677} INFO - Setting next_dagrun for latest_only_with_trigger to 2023-09-01T10:55:49.096294+00:00, run_after=2023-09-01T14:55:49.096294+00:00
[2023-09-01T14:55:49.118+0000] {processor.py:179} INFO - Processing /home/airflow/.local/lib/python3.8/site-packages/airflow/example_dags/example_latest_only_with_trigger.py took 0.096 seconds
[2023-09-01T14:56:19.838+0000] {processor.py:157} INFO - Started process (PID=692) to work on /home/airflow/.local/lib/python3.8/site-packages/airflow/example_dags/example_latest_only_with_trigger.py
[2023-09-01T14:56:19.840+0000] {processor.py:829} INFO - Processing file /home/airflow/.local/lib/python3.8/site-packages/airflow/example_dags/example_latest_only_with_trigger.py for tasks to queue
[2023-09-01T14:56:19.843+0000] {logging_mixin.py:151} INFO - [2023-09-01T14:56:19.843+0000] {dagbag.py:539} INFO - Filling up the DagBag from /home/airflow/.local/lib/python3.8/site-packages/airflow/example_dags/example_latest_only_with_trigger.py
[2023-09-01T14:56:19.852+0000] {processor.py:839} INFO - DAG(s) dict_keys(['latest_only_with_trigger']) retrieved from /home/airflow/.local/lib/python3.8/site-packages/airflow/example_dags/example_latest_only_with_trigger.py
[2023-09-01T14:56:19.881+0000] {logging_mixin.py:151} INFO - [2023-09-01T14:56:19.881+0000] {dag.py:2907} INFO - Sync 1 DAGs
[2023-09-01T14:56:19.908+0000] {logging_mixin.py:151} INFO - [2023-09-01T14:56:19.908+0000] {dag.py:3677} INFO - Setting next_dagrun for latest_only_with_trigger to 2023-09-01T10:56:19.908227+00:00, run_after=2023-09-01T14:56:19.908227+00:00
[2023-09-01T14:56:19.928+0000] {processor.py:179} INFO - Processing /home/airflow/.local/lib/python3.8/site-packages/airflow/example_dags/example_latest_only_with_trigger.py took 0.094 seconds
[2023-09-01T14:56:50.633+0000] {processor.py:157} INFO - Started process (PID=746) to work on /home/airflow/.local/lib/python3.8/site-packages/airflow/example_dags/example_latest_only_with_trigger.py
[2023-09-01T14:56:50.635+0000] {processor.py:829} INFO - Processing file /home/airflow/.local/lib/python3.8/site-packages/airflow/example_dags/example_latest_only_with_trigger.py for tasks to queue
[2023-09-01T14:56:50.639+0000] {logging_mixin.py:151} INFO - [2023-09-01T14:56:50.638+0000] {dagbag.py:539} INFO - Filling up the DagBag from /home/airflow/.local/lib/python3.8/site-packages/airflow/example_dags/example_latest_only_with_trigger.py
[2023-09-01T14:56:50.647+0000] {processor.py:839} INFO - DAG(s) dict_keys(['latest_only_with_trigger']) retrieved from /home/airflow/.local/lib/python3.8/site-packages/airflow/example_dags/example_latest_only_with_trigger.py
[2023-09-01T14:56:50.676+0000] {logging_mixin.py:151} INFO - [2023-09-01T14:56:50.676+0000] {dag.py:2907} INFO - Sync 1 DAGs
[2023-09-01T14:56:50.703+0000] {logging_mixin.py:151} INFO - [2023-09-01T14:56:50.703+0000] {dag.py:3677} INFO - Setting next_dagrun for latest_only_with_trigger to 2023-09-01T10:56:50.702928+00:00, run_after=2023-09-01T14:56:50.702928+00:00
[2023-09-01T14:56:50.722+0000] {processor.py:179} INFO - Processing /home/airflow/.local/lib/python3.8/site-packages/airflow/example_dags/example_latest_only_with_trigger.py took 0.095 seconds
[2023-09-01T14:57:21.429+0000] {processor.py:157} INFO - Started process (PID=800) to work on /home/airflow/.local/lib/python3.8/site-packages/airflow/example_dags/example_latest_only_with_trigger.py
[2023-09-01T14:57:21.431+0000] {processor.py:829} INFO - Processing file /home/airflow/.local/lib/python3.8/site-packages/airflow/example_dags/example_latest_only_with_trigger.py for tasks to queue
[2023-09-01T14:57:21.434+0000] {logging_mixin.py:151} INFO - [2023-09-01T14:57:21.434+0000] {dagbag.py:539} INFO - Filling up the DagBag from /home/airflow/.local/lib/python3.8/site-packages/airflow/example_dags/example_latest_only_with_trigger.py
[2023-09-01T14:57:21.442+0000] {processor.py:839} INFO - DAG(s) dict_keys(['latest_only_with_trigger']) retrieved from /home/airflow/.local/lib/python3.8/site-packages/airflow/example_dags/example_latest_only_with_trigger.py
[2023-09-01T14:57:21.470+0000] {logging_mixin.py:151} INFO - [2023-09-01T14:57:21.470+0000] {dag.py:2907} INFO - Sync 1 DAGs
[2023-09-01T14:57:21.497+0000] {logging_mixin.py:151} INFO - [2023-09-01T14:57:21.497+0000] {dag.py:3677} INFO - Setting next_dagrun for latest_only_with_trigger to 2023-09-01T10:57:21.496655+00:00, run_after=2023-09-01T14:57:21.496655+00:00
[2023-09-01T14:57:21.522+0000] {processor.py:179} INFO - Processing /home/airflow/.local/lib/python3.8/site-packages/airflow/example_dags/example_latest_only_with_trigger.py took 0.098 seconds
[2023-09-01T14:57:52.182+0000] {processor.py:157} INFO - Started process (PID=854) to work on /home/airflow/.local/lib/python3.8/site-packages/airflow/example_dags/example_latest_only_with_trigger.py
[2023-09-01T14:57:52.184+0000] {processor.py:829} INFO - Processing file /home/airflow/.local/lib/python3.8/site-packages/airflow/example_dags/example_latest_only_with_trigger.py for tasks to queue
[2023-09-01T14:57:52.188+0000] {logging_mixin.py:151} INFO - [2023-09-01T14:57:52.187+0000] {dagbag.py:539} INFO - Filling up the DagBag from /home/airflow/.local/lib/python3.8/site-packages/airflow/example_dags/example_latest_only_with_trigger.py
[2023-09-01T14:57:52.196+0000] {processor.py:839} INFO - DAG(s) dict_keys(['latest_only_with_trigger']) retrieved from /home/airflow/.local/lib/python3.8/site-packages/airflow/example_dags/example_latest_only_with_trigger.py
[2023-09-01T14:57:52.224+0000] {logging_mixin.py:151} INFO - [2023-09-01T14:57:52.224+0000] {dag.py:2907} INFO - Sync 1 DAGs
[2023-09-01T14:57:52.250+0000] {logging_mixin.py:151} INFO - [2023-09-01T14:57:52.250+0000] {dag.py:3677} INFO - Setting next_dagrun for latest_only_with_trigger to 2023-09-01T10:57:52.249997+00:00, run_after=2023-09-01T14:57:52.249997+00:00
[2023-09-01T14:57:52.271+0000] {processor.py:179} INFO - Processing /home/airflow/.local/lib/python3.8/site-packages/airflow/example_dags/example_latest_only_with_trigger.py took 0.093 seconds
[2023-09-01T14:58:22.969+0000] {processor.py:157} INFO - Started process (PID=908) to work on /home/airflow/.local/lib/python3.8/site-packages/airflow/example_dags/example_latest_only_with_trigger.py
[2023-09-01T14:58:22.970+0000] {processor.py:829} INFO - Processing file /home/airflow/.local/lib/python3.8/site-packages/airflow/example_dags/example_latest_only_with_trigger.py for tasks to queue
[2023-09-01T14:58:22.974+0000] {logging_mixin.py:151} INFO - [2023-09-01T14:58:22.973+0000] {dagbag.py:539} INFO - Filling up the DagBag from /home/airflow/.local/lib/python3.8/site-packages/airflow/example_dags/example_latest_only_with_trigger.py
[2023-09-01T14:58:22.982+0000] {processor.py:839} INFO - DAG(s) dict_keys(['latest_only_with_trigger']) retrieved from /home/airflow/.local/lib/python3.8/site-packages/airflow/example_dags/example_latest_only_with_trigger.py
[2023-09-01T14:58:23.012+0000] {logging_mixin.py:151} INFO - [2023-09-01T14:58:23.012+0000] {dag.py:2907} INFO - Sync 1 DAGs
[2023-09-01T14:58:23.040+0000] {logging_mixin.py:151} INFO - [2023-09-01T14:58:23.040+0000] {dag.py:3677} INFO - Setting next_dagrun for latest_only_with_trigger to 2023-09-01T10:58:23.040027+00:00, run_after=2023-09-01T14:58:23.040027+00:00
[2023-09-01T14:58:23.060+0000] {processor.py:179} INFO - Processing /home/airflow/.local/lib/python3.8/site-packages/airflow/example_dags/example_latest_only_with_trigger.py took 0.096 seconds
[2023-09-01T14:58:53.880+0000] {processor.py:157} INFO - Started process (PID=962) to work on /home/airflow/.local/lib/python3.8/site-packages/airflow/example_dags/example_latest_only_with_trigger.py
[2023-09-01T14:58:53.882+0000] {processor.py:829} INFO - Processing file /home/airflow/.local/lib/python3.8/site-packages/airflow/example_dags/example_latest_only_with_trigger.py for tasks to queue
[2023-09-01T14:58:53.885+0000] {logging_mixin.py:151} INFO - [2023-09-01T14:58:53.885+0000] {dagbag.py:539} INFO - Filling up the DagBag from /home/airflow/.local/lib/python3.8/site-packages/airflow/example_dags/example_latest_only_with_trigger.py
[2023-09-01T14:58:53.893+0000] {processor.py:839} INFO - DAG(s) dict_keys(['latest_only_with_trigger']) retrieved from /home/airflow/.local/lib/python3.8/site-packages/airflow/example_dags/example_latest_only_with_trigger.py
[2023-09-01T14:58:53.922+0000] {logging_mixin.py:151} INFO - [2023-09-01T14:58:53.922+0000] {dag.py:2907} INFO - Sync 1 DAGs
[2023-09-01T14:58:53.949+0000] {logging_mixin.py:151} INFO - [2023-09-01T14:58:53.949+0000] {dag.py:3677} INFO - Setting next_dagrun for latest_only_with_trigger to 2023-09-01T10:58:53.948966+00:00, run_after=2023-09-01T14:58:53.948966+00:00
[2023-09-01T14:58:53.968+0000] {processor.py:179} INFO - Processing /home/airflow/.local/lib/python3.8/site-packages/airflow/example_dags/example_latest_only_with_trigger.py took 0.093 seconds
[2023-09-01T14:59:24.375+0000] {processor.py:157} INFO - Started process (PID=1016) to work on /home/airflow/.local/lib/python3.8/site-packages/airflow/example_dags/example_latest_only_with_trigger.py
[2023-09-01T14:59:24.376+0000] {processor.py:829} INFO - Processing file /home/airflow/.local/lib/python3.8/site-packages/airflow/example_dags/example_latest_only_with_trigger.py for tasks to queue
[2023-09-01T14:59:24.381+0000] {logging_mixin.py:151} INFO - [2023-09-01T14:59:24.379+0000] {dagbag.py:539} INFO - Filling up the DagBag from /home/airflow/.local/lib/python3.8/site-packages/airflow/example_dags/example_latest_only_with_trigger.py
[2023-09-01T14:59:24.388+0000] {processor.py:839} INFO - DAG(s) dict_keys(['latest_only_with_trigger']) retrieved from /home/airflow/.local/lib/python3.8/site-packages/airflow/example_dags/example_latest_only_with_trigger.py
[2023-09-01T14:59:24.417+0000] {logging_mixin.py:151} INFO - [2023-09-01T14:59:24.417+0000] {dag.py:2907} INFO - Sync 1 DAGs
[2023-09-01T14:59:24.442+0000] {logging_mixin.py:151} INFO - [2023-09-01T14:59:24.442+0000] {dag.py:3677} INFO - Setting next_dagrun for latest_only_with_trigger to 2023-09-01T10:59:24.442108+00:00, run_after=2023-09-01T14:59:24.442108+00:00
[2023-09-01T14:59:24.461+0000] {processor.py:179} INFO - Processing /home/airflow/.local/lib/python3.8/site-packages/airflow/example_dags/example_latest_only_with_trigger.py took 0.092 seconds
[2023-09-01T14:59:55.361+0000] {processor.py:157} INFO - Started process (PID=1070) to work on /home/airflow/.local/lib/python3.8/site-packages/airflow/example_dags/example_latest_only_with_trigger.py
[2023-09-01T14:59:55.362+0000] {processor.py:829} INFO - Processing file /home/airflow/.local/lib/python3.8/site-packages/airflow/example_dags/example_latest_only_with_trigger.py for tasks to queue
[2023-09-01T14:59:55.365+0000] {logging_mixin.py:151} INFO - [2023-09-01T14:59:55.365+0000] {dagbag.py:539} INFO - Filling up the DagBag from /home/airflow/.local/lib/python3.8/site-packages/airflow/example_dags/example_latest_only_with_trigger.py
[2023-09-01T14:59:55.373+0000] {processor.py:839} INFO - DAG(s) dict_keys(['latest_only_with_trigger']) retrieved from /home/airflow/.local/lib/python3.8/site-packages/airflow/example_dags/example_latest_only_with_trigger.py
[2023-09-01T14:59:55.398+0000] {logging_mixin.py:151} INFO - [2023-09-01T14:59:55.398+0000] {dag.py:2907} INFO - Sync 1 DAGs
[2023-09-01T14:59:55.423+0000] {logging_mixin.py:151} INFO - [2023-09-01T14:59:55.423+0000] {dag.py:3677} INFO - Setting next_dagrun for latest_only_with_trigger to 2023-09-01T10:59:55.422643+00:00, run_after=2023-09-01T14:59:55.422643+00:00
[2023-09-01T14:59:55.442+0000] {processor.py:179} INFO - Processing /home/airflow/.local/lib/python3.8/site-packages/airflow/example_dags/example_latest_only_with_trigger.py took 0.085 seconds
[2023-09-01T15:00:26.175+0000] {processor.py:157} INFO - Started process (PID=1124) to work on /home/airflow/.local/lib/python3.8/site-packages/airflow/example_dags/example_latest_only_with_trigger.py
[2023-09-01T15:00:26.176+0000] {processor.py:829} INFO - Processing file /home/airflow/.local/lib/python3.8/site-packages/airflow/example_dags/example_latest_only_with_trigger.py for tasks to queue
[2023-09-01T15:00:26.180+0000] {logging_mixin.py:151} INFO - [2023-09-01T15:00:26.179+0000] {dagbag.py:539} INFO - Filling up the DagBag from /home/airflow/.local/lib/python3.8/site-packages/airflow/example_dags/example_latest_only_with_trigger.py
[2023-09-01T15:00:26.188+0000] {processor.py:839} INFO - DAG(s) dict_keys(['latest_only_with_trigger']) retrieved from /home/airflow/.local/lib/python3.8/site-packages/airflow/example_dags/example_latest_only_with_trigger.py
[2023-09-01T15:00:26.218+0000] {logging_mixin.py:151} INFO - [2023-09-01T15:00:26.217+0000] {dag.py:2907} INFO - Sync 1 DAGs
[2023-09-01T15:00:26.243+0000] {logging_mixin.py:151} INFO - [2023-09-01T15:00:26.243+0000] {dag.py:3677} INFO - Setting next_dagrun for latest_only_with_trigger to 2023-09-01T11:00:26.243467+00:00, run_after=2023-09-01T15:00:26.243467+00:00
[2023-09-01T15:00:26.263+0000] {processor.py:179} INFO - Processing /home/airflow/.local/lib/python3.8/site-packages/airflow/example_dags/example_latest_only_with_trigger.py took 0.093 seconds
[2023-09-01T15:00:56.704+0000] {processor.py:157} INFO - Started process (PID=1178) to work on /home/airflow/.local/lib/python3.8/site-packages/airflow/example_dags/example_latest_only_with_trigger.py
[2023-09-01T15:00:56.706+0000] {processor.py:829} INFO - Processing file /home/airflow/.local/lib/python3.8/site-packages/airflow/example_dags/example_latest_only_with_trigger.py for tasks to queue
[2023-09-01T15:00:56.709+0000] {logging_mixin.py:151} INFO - [2023-09-01T15:00:56.709+0000] {dagbag.py:539} INFO - Filling up the DagBag from /home/airflow/.local/lib/python3.8/site-packages/airflow/example_dags/example_latest_only_with_trigger.py
[2023-09-01T15:00:56.719+0000] {processor.py:839} INFO - DAG(s) dict_keys(['latest_only_with_trigger']) retrieved from /home/airflow/.local/lib/python3.8/site-packages/airflow/example_dags/example_latest_only_with_trigger.py
[2023-09-01T15:00:56.751+0000] {logging_mixin.py:151} INFO - [2023-09-01T15:00:56.750+0000] {dag.py:2907} INFO - Sync 1 DAGs
[2023-09-01T15:00:56.783+0000] {logging_mixin.py:151} INFO - [2023-09-01T15:00:56.783+0000] {dag.py:3677} INFO - Setting next_dagrun for latest_only_with_trigger to 2023-09-01T11:00:56.783071+00:00, run_after=2023-09-01T15:00:56.783071+00:00
[2023-09-01T15:00:56.811+0000] {processor.py:179} INFO - Processing /home/airflow/.local/lib/python3.8/site-packages/airflow/example_dags/example_latest_only_with_trigger.py took 0.112 seconds
[2023-09-01T15:01:27.585+0000] {processor.py:157} INFO - Started process (PID=1239) to work on /home/airflow/.local/lib/python3.8/site-packages/airflow/example_dags/example_latest_only_with_trigger.py
[2023-09-01T15:01:27.587+0000] {processor.py:829} INFO - Processing file /home/airflow/.local/lib/python3.8/site-packages/airflow/example_dags/example_latest_only_with_trigger.py for tasks to queue
[2023-09-01T15:01:27.590+0000] {logging_mixin.py:151} INFO - [2023-09-01T15:01:27.590+0000] {dagbag.py:539} INFO - Filling up the DagBag from /home/airflow/.local/lib/python3.8/site-packages/airflow/example_dags/example_latest_only_with_trigger.py
[2023-09-01T15:01:27.598+0000] {processor.py:839} INFO - DAG(s) dict_keys(['latest_only_with_trigger']) retrieved from /home/airflow/.local/lib/python3.8/site-packages/airflow/example_dags/example_latest_only_with_trigger.py
[2023-09-01T15:01:27.627+0000] {logging_mixin.py:151} INFO - [2023-09-01T15:01:27.627+0000] {dag.py:2907} INFO - Sync 1 DAGs
[2023-09-01T15:01:27.654+0000] {logging_mixin.py:151} INFO - [2023-09-01T15:01:27.654+0000] {dag.py:3677} INFO - Setting next_dagrun for latest_only_with_trigger to 2023-09-01T11:01:27.653926+00:00, run_after=2023-09-01T15:01:27.653926+00:00
[2023-09-01T15:01:27.673+0000] {processor.py:179} INFO - Processing /home/airflow/.local/lib/python3.8/site-packages/airflow/example_dags/example_latest_only_with_trigger.py took 0.093 seconds
[2023-09-01T15:01:58.144+0000] {processor.py:157} INFO - Started process (PID=1293) to work on /home/airflow/.local/lib/python3.8/site-packages/airflow/example_dags/example_latest_only_with_trigger.py
[2023-09-01T15:01:58.145+0000] {processor.py:829} INFO - Processing file /home/airflow/.local/lib/python3.8/site-packages/airflow/example_dags/example_latest_only_with_trigger.py for tasks to queue
[2023-09-01T15:01:58.149+0000] {logging_mixin.py:151} INFO - [2023-09-01T15:01:58.148+0000] {dagbag.py:539} INFO - Filling up the DagBag from /home/airflow/.local/lib/python3.8/site-packages/airflow/example_dags/example_latest_only_with_trigger.py
[2023-09-01T15:01:58.157+0000] {processor.py:839} INFO - DAG(s) dict_keys(['latest_only_with_trigger']) retrieved from /home/airflow/.local/lib/python3.8/site-packages/airflow/example_dags/example_latest_only_with_trigger.py
[2023-09-01T15:01:58.185+0000] {logging_mixin.py:151} INFO - [2023-09-01T15:01:58.184+0000] {dag.py:2907} INFO - Sync 1 DAGs
[2023-09-01T15:01:58.219+0000] {logging_mixin.py:151} INFO - [2023-09-01T15:01:58.219+0000] {dag.py:3677} INFO - Setting next_dagrun for latest_only_with_trigger to 2023-09-01T11:01:58.218551+00:00, run_after=2023-09-01T15:01:58.218551+00:00
[2023-09-01T15:01:58.248+0000] {processor.py:179} INFO - Processing /home/airflow/.local/lib/python3.8/site-packages/airflow/example_dags/example_latest_only_with_trigger.py took 0.109 seconds
[2023-09-01T15:02:28.376+0000] {processor.py:157} INFO - Started process (PID=1347) to work on /home/airflow/.local/lib/python3.8/site-packages/airflow/example_dags/example_latest_only_with_trigger.py
[2023-09-01T15:02:28.378+0000] {processor.py:829} INFO - Processing file /home/airflow/.local/lib/python3.8/site-packages/airflow/example_dags/example_latest_only_with_trigger.py for tasks to queue
[2023-09-01T15:02:28.381+0000] {logging_mixin.py:151} INFO - [2023-09-01T15:02:28.381+0000] {dagbag.py:539} INFO - Filling up the DagBag from /home/airflow/.local/lib/python3.8/site-packages/airflow/example_dags/example_latest_only_with_trigger.py
[2023-09-01T15:02:28.390+0000] {processor.py:839} INFO - DAG(s) dict_keys(['latest_only_with_trigger']) retrieved from /home/airflow/.local/lib/python3.8/site-packages/airflow/example_dags/example_latest_only_with_trigger.py
[2023-09-01T15:02:28.420+0000] {logging_mixin.py:151} INFO - [2023-09-01T15:02:28.420+0000] {dag.py:2907} INFO - Sync 1 DAGs
[2023-09-01T15:02:28.448+0000] {logging_mixin.py:151} INFO - [2023-09-01T15:02:28.448+0000] {dag.py:3677} INFO - Setting next_dagrun for latest_only_with_trigger to 2023-09-01T11:02:28.447777+00:00, run_after=2023-09-01T15:02:28.447777+00:00
[2023-09-01T15:02:28.468+0000] {processor.py:179} INFO - Processing /home/airflow/.local/lib/python3.8/site-packages/airflow/example_dags/example_latest_only_with_trigger.py took 0.097 seconds
[2023-09-01T15:02:58.640+0000] {processor.py:157} INFO - Started process (PID=1401) to work on /home/airflow/.local/lib/python3.8/site-packages/airflow/example_dags/example_latest_only_with_trigger.py
[2023-09-01T15:02:58.641+0000] {processor.py:829} INFO - Processing file /home/airflow/.local/lib/python3.8/site-packages/airflow/example_dags/example_latest_only_with_trigger.py for tasks to queue
[2023-09-01T15:02:58.644+0000] {logging_mixin.py:151} INFO - [2023-09-01T15:02:58.644+0000] {dagbag.py:539} INFO - Filling up the DagBag from /home/airflow/.local/lib/python3.8/site-packages/airflow/example_dags/example_latest_only_with_trigger.py
[2023-09-01T15:02:58.651+0000] {processor.py:839} INFO - DAG(s) dict_keys(['latest_only_with_trigger']) retrieved from /home/airflow/.local/lib/python3.8/site-packages/airflow/example_dags/example_latest_only_with_trigger.py
[2023-09-01T15:02:58.677+0000] {logging_mixin.py:151} INFO - [2023-09-01T15:02:58.676+0000] {dag.py:2907} INFO - Sync 1 DAGs
[2023-09-01T15:02:58.702+0000] {logging_mixin.py:151} INFO - [2023-09-01T15:02:58.701+0000] {dag.py:3677} INFO - Setting next_dagrun for latest_only_with_trigger to 2023-09-01T11:02:58.701607+00:00, run_after=2023-09-01T15:02:58.701607+00:00
[2023-09-01T15:02:58.722+0000] {processor.py:179} INFO - Processing /home/airflow/.local/lib/python3.8/site-packages/airflow/example_dags/example_latest_only_with_trigger.py took 0.087 seconds
[2023-09-01T15:03:29.028+0000] {processor.py:157} INFO - Started process (PID=1455) to work on /home/airflow/.local/lib/python3.8/site-packages/airflow/example_dags/example_latest_only_with_trigger.py
[2023-09-01T15:03:29.029+0000] {processor.py:829} INFO - Processing file /home/airflow/.local/lib/python3.8/site-packages/airflow/example_dags/example_latest_only_with_trigger.py for tasks to queue
[2023-09-01T15:03:29.032+0000] {logging_mixin.py:151} INFO - [2023-09-01T15:03:29.032+0000] {dagbag.py:539} INFO - Filling up the DagBag from /home/airflow/.local/lib/python3.8/site-packages/airflow/example_dags/example_latest_only_with_trigger.py
[2023-09-01T15:03:29.039+0000] {processor.py:839} INFO - DAG(s) dict_keys(['latest_only_with_trigger']) retrieved from /home/airflow/.local/lib/python3.8/site-packages/airflow/example_dags/example_latest_only_with_trigger.py
[2023-09-01T15:03:29.066+0000] {logging_mixin.py:151} INFO - [2023-09-01T15:03:29.066+0000] {dag.py:2907} INFO - Sync 1 DAGs
[2023-09-01T15:03:29.097+0000] {logging_mixin.py:151} INFO - [2023-09-01T15:03:29.097+0000] {dag.py:3677} INFO - Setting next_dagrun for latest_only_with_trigger to 2023-09-01T11:03:29.097209+00:00, run_after=2023-09-01T15:03:29.097209+00:00
[2023-09-01T15:03:29.123+0000] {processor.py:179} INFO - Processing /home/airflow/.local/lib/python3.8/site-packages/airflow/example_dags/example_latest_only_with_trigger.py took 0.099 seconds
[2023-09-01T15:03:59.227+0000] {processor.py:157} INFO - Started process (PID=1509) to work on /home/airflow/.local/lib/python3.8/site-packages/airflow/example_dags/example_latest_only_with_trigger.py
[2023-09-01T15:03:59.229+0000] {processor.py:829} INFO - Processing file /home/airflow/.local/lib/python3.8/site-packages/airflow/example_dags/example_latest_only_with_trigger.py for tasks to queue
[2023-09-01T15:03:59.232+0000] {logging_mixin.py:151} INFO - [2023-09-01T15:03:59.231+0000] {dagbag.py:539} INFO - Filling up the DagBag from /home/airflow/.local/lib/python3.8/site-packages/airflow/example_dags/example_latest_only_with_trigger.py
[2023-09-01T15:03:59.240+0000] {processor.py:839} INFO - DAG(s) dict_keys(['latest_only_with_trigger']) retrieved from /home/airflow/.local/lib/python3.8/site-packages/airflow/example_dags/example_latest_only_with_trigger.py
[2023-09-01T15:03:59.270+0000] {logging_mixin.py:151} INFO - [2023-09-01T15:03:59.270+0000] {dag.py:2907} INFO - Sync 1 DAGs
[2023-09-01T15:03:59.296+0000] {logging_mixin.py:151} INFO - [2023-09-01T15:03:59.296+0000] {dag.py:3677} INFO - Setting next_dagrun for latest_only_with_trigger to 2023-09-01T11:03:59.296303+00:00, run_after=2023-09-01T15:03:59.296303+00:00
[2023-09-01T15:03:59.316+0000] {processor.py:179} INFO - Processing /home/airflow/.local/lib/python3.8/site-packages/airflow/example_dags/example_latest_only_with_trigger.py took 0.094 seconds
[2023-09-01T15:04:29.535+0000] {processor.py:157} INFO - Started process (PID=1563) to work on /home/airflow/.local/lib/python3.8/site-packages/airflow/example_dags/example_latest_only_with_trigger.py
[2023-09-01T15:04:29.536+0000] {processor.py:829} INFO - Processing file /home/airflow/.local/lib/python3.8/site-packages/airflow/example_dags/example_latest_only_with_trigger.py for tasks to queue
[2023-09-01T15:04:29.540+0000] {logging_mixin.py:151} INFO - [2023-09-01T15:04:29.539+0000] {dagbag.py:539} INFO - Filling up the DagBag from /home/airflow/.local/lib/python3.8/site-packages/airflow/example_dags/example_latest_only_with_trigger.py
[2023-09-01T15:04:29.549+0000] {processor.py:839} INFO - DAG(s) dict_keys(['latest_only_with_trigger']) retrieved from /home/airflow/.local/lib/python3.8/site-packages/airflow/example_dags/example_latest_only_with_trigger.py
[2023-09-01T15:04:29.582+0000] {logging_mixin.py:151} INFO - [2023-09-01T15:04:29.582+0000] {dag.py:2907} INFO - Sync 1 DAGs
[2023-09-01T15:04:29.614+0000] {logging_mixin.py:151} INFO - [2023-09-01T15:04:29.614+0000] {dag.py:3677} INFO - Setting next_dagrun for latest_only_with_trigger to 2023-09-01T11:04:29.614173+00:00, run_after=2023-09-01T15:04:29.614173+00:00
[2023-09-01T15:04:29.642+0000] {processor.py:179} INFO - Processing /home/airflow/.local/lib/python3.8/site-packages/airflow/example_dags/example_latest_only_with_trigger.py took 0.113 seconds
[2023-09-01T15:04:59.715+0000] {processor.py:157} INFO - Started process (PID=1618) to work on /home/airflow/.local/lib/python3.8/site-packages/airflow/example_dags/example_latest_only_with_trigger.py
[2023-09-01T15:04:59.716+0000] {processor.py:829} INFO - Processing file /home/airflow/.local/lib/python3.8/site-packages/airflow/example_dags/example_latest_only_with_trigger.py for tasks to queue
[2023-09-01T15:04:59.719+0000] {logging_mixin.py:151} INFO - [2023-09-01T15:04:59.719+0000] {dagbag.py:539} INFO - Filling up the DagBag from /home/airflow/.local/lib/python3.8/site-packages/airflow/example_dags/example_latest_only_with_trigger.py
[2023-09-01T15:04:59.728+0000] {processor.py:839} INFO - DAG(s) dict_keys(['latest_only_with_trigger']) retrieved from /home/airflow/.local/lib/python3.8/site-packages/airflow/example_dags/example_latest_only_with_trigger.py
[2023-09-01T15:04:59.758+0000] {logging_mixin.py:151} INFO - [2023-09-01T15:04:59.758+0000] {dag.py:2907} INFO - Sync 1 DAGs
[2023-09-01T15:04:59.786+0000] {logging_mixin.py:151} INFO - [2023-09-01T15:04:59.786+0000] {dag.py:3677} INFO - Setting next_dagrun for latest_only_with_trigger to 2023-09-01T11:04:59.785822+00:00, run_after=2023-09-01T15:04:59.785822+00:00
[2023-09-01T15:04:59.806+0000] {processor.py:179} INFO - Processing /home/airflow/.local/lib/python3.8/site-packages/airflow/example_dags/example_latest_only_with_trigger.py took 0.096 seconds
[2023-09-01T15:05:30.087+0000] {processor.py:157} INFO - Started process (PID=1672) to work on /home/airflow/.local/lib/python3.8/site-packages/airflow/example_dags/example_latest_only_with_trigger.py
[2023-09-01T15:05:30.088+0000] {processor.py:829} INFO - Processing file /home/airflow/.local/lib/python3.8/site-packages/airflow/example_dags/example_latest_only_with_trigger.py for tasks to queue
[2023-09-01T15:05:30.091+0000] {logging_mixin.py:151} INFO - [2023-09-01T15:05:30.090+0000] {dagbag.py:539} INFO - Filling up the DagBag from /home/airflow/.local/lib/python3.8/site-packages/airflow/example_dags/example_latest_only_with_trigger.py
[2023-09-01T15:05:30.098+0000] {processor.py:839} INFO - DAG(s) dict_keys(['latest_only_with_trigger']) retrieved from /home/airflow/.local/lib/python3.8/site-packages/airflow/example_dags/example_latest_only_with_trigger.py
[2023-09-01T15:05:30.126+0000] {logging_mixin.py:151} INFO - [2023-09-01T15:05:30.126+0000] {dag.py:2907} INFO - Sync 1 DAGs
[2023-09-01T15:05:30.151+0000] {logging_mixin.py:151} INFO - [2023-09-01T15:05:30.151+0000] {dag.py:3677} INFO - Setting next_dagrun for latest_only_with_trigger to 2023-09-01T11:05:30.151288+00:00, run_after=2023-09-01T15:05:30.151288+00:00
[2023-09-01T15:05:30.171+0000] {processor.py:179} INFO - Processing /home/airflow/.local/lib/python3.8/site-packages/airflow/example_dags/example_latest_only_with_trigger.py took 0.089 seconds
[2023-09-01T15:06:00.247+0000] {processor.py:157} INFO - Started process (PID=1726) to work on /home/airflow/.local/lib/python3.8/site-packages/airflow/example_dags/example_latest_only_with_trigger.py
[2023-09-01T15:06:00.248+0000] {processor.py:829} INFO - Processing file /home/airflow/.local/lib/python3.8/site-packages/airflow/example_dags/example_latest_only_with_trigger.py for tasks to queue
[2023-09-01T15:06:00.252+0000] {logging_mixin.py:151} INFO - [2023-09-01T15:06:00.251+0000] {dagbag.py:539} INFO - Filling up the DagBag from /home/airflow/.local/lib/python3.8/site-packages/airflow/example_dags/example_latest_only_with_trigger.py
[2023-09-01T15:06:00.260+0000] {processor.py:839} INFO - DAG(s) dict_keys(['latest_only_with_trigger']) retrieved from /home/airflow/.local/lib/python3.8/site-packages/airflow/example_dags/example_latest_only_with_trigger.py
[2023-09-01T15:06:00.291+0000] {logging_mixin.py:151} INFO - [2023-09-01T15:06:00.291+0000] {dag.py:2907} INFO - Sync 1 DAGs
[2023-09-01T15:06:00.320+0000] {logging_mixin.py:151} INFO - [2023-09-01T15:06:00.320+0000] {dag.py:3677} INFO - Setting next_dagrun for latest_only_with_trigger to 2023-09-01T11:06:00.319963+00:00, run_after=2023-09-01T15:06:00.319963+00:00
[2023-09-01T15:06:00.344+0000] {processor.py:179} INFO - Processing /home/airflow/.local/lib/python3.8/site-packages/airflow/example_dags/example_latest_only_with_trigger.py took 0.102 seconds
[2023-09-01T15:06:30.552+0000] {processor.py:157} INFO - Started process (PID=1780) to work on /home/airflow/.local/lib/python3.8/site-packages/airflow/example_dags/example_latest_only_with_trigger.py
[2023-09-01T15:06:30.553+0000] {processor.py:829} INFO - Processing file /home/airflow/.local/lib/python3.8/site-packages/airflow/example_dags/example_latest_only_with_trigger.py for tasks to queue
[2023-09-01T15:06:30.556+0000] {logging_mixin.py:151} INFO - [2023-09-01T15:06:30.556+0000] {dagbag.py:539} INFO - Filling up the DagBag from /home/airflow/.local/lib/python3.8/site-packages/airflow/example_dags/example_latest_only_with_trigger.py
[2023-09-01T15:06:30.563+0000] {processor.py:839} INFO - DAG(s) dict_keys(['latest_only_with_trigger']) retrieved from /home/airflow/.local/lib/python3.8/site-packages/airflow/example_dags/example_latest_only_with_trigger.py
[2023-09-01T15:06:30.587+0000] {logging_mixin.py:151} INFO - [2023-09-01T15:06:30.586+0000] {dag.py:2907} INFO - Sync 1 DAGs
[2023-09-01T15:06:30.609+0000] {logging_mixin.py:151} INFO - [2023-09-01T15:06:30.609+0000] {dag.py:3677} INFO - Setting next_dagrun for latest_only_with_trigger to 2023-09-01T11:06:30.609070+00:00, run_after=2023-09-01T15:06:30.609070+00:00
[2023-09-01T15:06:30.627+0000] {processor.py:179} INFO - Processing /home/airflow/.local/lib/python3.8/site-packages/airflow/example_dags/example_latest_only_with_trigger.py took 0.080 seconds
[2023-09-01T15:07:00.691+0000] {processor.py:157} INFO - Started process (PID=1834) to work on /home/airflow/.local/lib/python3.8/site-packages/airflow/example_dags/example_latest_only_with_trigger.py
[2023-09-01T15:07:00.692+0000] {processor.py:829} INFO - Processing file /home/airflow/.local/lib/python3.8/site-packages/airflow/example_dags/example_latest_only_with_trigger.py for tasks to queue
[2023-09-01T15:07:00.696+0000] {logging_mixin.py:151} INFO - [2023-09-01T15:07:00.695+0000] {dagbag.py:539} INFO - Filling up the DagBag from /home/airflow/.local/lib/python3.8/site-packages/airflow/example_dags/example_latest_only_with_trigger.py
[2023-09-01T15:07:00.704+0000] {processor.py:839} INFO - DAG(s) dict_keys(['latest_only_with_trigger']) retrieved from /home/airflow/.local/lib/python3.8/site-packages/airflow/example_dags/example_latest_only_with_trigger.py
[2023-09-01T15:07:00.734+0000] {logging_mixin.py:151} INFO - [2023-09-01T15:07:00.734+0000] {dag.py:2907} INFO - Sync 1 DAGs
[2023-09-01T15:07:00.761+0000] {logging_mixin.py:151} INFO - [2023-09-01T15:07:00.761+0000] {dag.py:3677} INFO - Setting next_dagrun for latest_only_with_trigger to 2023-09-01T11:07:00.761381+00:00, run_after=2023-09-01T15:07:00.761381+00:00
[2023-09-01T15:07:00.781+0000] {processor.py:179} INFO - Processing /home/airflow/.local/lib/python3.8/site-packages/airflow/example_dags/example_latest_only_with_trigger.py took 0.096 seconds
[2023-09-01T15:07:31.748+0000] {processor.py:157} INFO - Started process (PID=1888) to work on /home/airflow/.local/lib/python3.8/site-packages/airflow/example_dags/example_latest_only_with_trigger.py
[2023-09-01T15:07:31.750+0000] {processor.py:829} INFO - Processing file /home/airflow/.local/lib/python3.8/site-packages/airflow/example_dags/example_latest_only_with_trigger.py for tasks to queue
[2023-09-01T15:07:31.753+0000] {logging_mixin.py:151} INFO - [2023-09-01T15:07:31.753+0000] {dagbag.py:539} INFO - Filling up the DagBag from /home/airflow/.local/lib/python3.8/site-packages/airflow/example_dags/example_latest_only_with_trigger.py
[2023-09-01T15:07:31.762+0000] {processor.py:839} INFO - DAG(s) dict_keys(['latest_only_with_trigger']) retrieved from /home/airflow/.local/lib/python3.8/site-packages/airflow/example_dags/example_latest_only_with_trigger.py
[2023-09-01T15:07:31.791+0000] {logging_mixin.py:151} INFO - [2023-09-01T15:07:31.791+0000] {dag.py:2907} INFO - Sync 1 DAGs
[2023-09-01T15:07:31.816+0000] {logging_mixin.py:151} INFO - [2023-09-01T15:07:31.816+0000] {dag.py:3677} INFO - Setting next_dagrun for latest_only_with_trigger to 2023-09-01T11:07:31.816022+00:00, run_after=2023-09-01T15:07:31.816022+00:00
[2023-09-01T15:07:31.835+0000] {processor.py:179} INFO - Processing /home/airflow/.local/lib/python3.8/site-packages/airflow/example_dags/example_latest_only_with_trigger.py took 0.092 seconds
[2023-09-01T15:08:02.123+0000] {processor.py:157} INFO - Started process (PID=1942) to work on /home/airflow/.local/lib/python3.8/site-packages/airflow/example_dags/example_latest_only_with_trigger.py
[2023-09-01T15:08:02.124+0000] {processor.py:829} INFO - Processing file /home/airflow/.local/lib/python3.8/site-packages/airflow/example_dags/example_latest_only_with_trigger.py for tasks to queue
[2023-09-01T15:08:02.128+0000] {logging_mixin.py:151} INFO - [2023-09-01T15:08:02.127+0000] {dagbag.py:539} INFO - Filling up the DagBag from /home/airflow/.local/lib/python3.8/site-packages/airflow/example_dags/example_latest_only_with_trigger.py
[2023-09-01T15:08:02.136+0000] {processor.py:839} INFO - DAG(s) dict_keys(['latest_only_with_trigger']) retrieved from /home/airflow/.local/lib/python3.8/site-packages/airflow/example_dags/example_latest_only_with_trigger.py
[2023-09-01T15:08:02.165+0000] {logging_mixin.py:151} INFO - [2023-09-01T15:08:02.165+0000] {dag.py:2907} INFO - Sync 1 DAGs
[2023-09-01T15:08:02.190+0000] {logging_mixin.py:151} INFO - [2023-09-01T15:08:02.190+0000] {dag.py:3677} INFO - Setting next_dagrun for latest_only_with_trigger to 2023-09-01T11:08:02.190302+00:00, run_after=2023-09-01T15:08:02.190302+00:00
[2023-09-01T15:08:02.212+0000] {processor.py:179} INFO - Processing /home/airflow/.local/lib/python3.8/site-packages/airflow/example_dags/example_latest_only_with_trigger.py took 0.094 seconds
[2023-09-01T15:08:32.496+0000] {processor.py:157} INFO - Started process (PID=1996) to work on /home/airflow/.local/lib/python3.8/site-packages/airflow/example_dags/example_latest_only_with_trigger.py
[2023-09-01T15:08:32.497+0000] {processor.py:829} INFO - Processing file /home/airflow/.local/lib/python3.8/site-packages/airflow/example_dags/example_latest_only_with_trigger.py for tasks to queue
[2023-09-01T15:08:32.500+0000] {logging_mixin.py:151} INFO - [2023-09-01T15:08:32.500+0000] {dagbag.py:539} INFO - Filling up the DagBag from /home/airflow/.local/lib/python3.8/site-packages/airflow/example_dags/example_latest_only_with_trigger.py
[2023-09-01T15:08:32.509+0000] {processor.py:839} INFO - DAG(s) dict_keys(['latest_only_with_trigger']) retrieved from /home/airflow/.local/lib/python3.8/site-packages/airflow/example_dags/example_latest_only_with_trigger.py
[2023-09-01T15:08:32.539+0000] {logging_mixin.py:151} INFO - [2023-09-01T15:08:32.539+0000] {dag.py:2907} INFO - Sync 1 DAGs
[2023-09-01T15:08:32.565+0000] {logging_mixin.py:151} INFO - [2023-09-01T15:08:32.565+0000] {dag.py:3677} INFO - Setting next_dagrun for latest_only_with_trigger to 2023-09-01T11:08:32.564731+00:00, run_after=2023-09-01T15:08:32.564731+00:00
[2023-09-01T15:08:32.585+0000] {processor.py:179} INFO - Processing /home/airflow/.local/lib/python3.8/site-packages/airflow/example_dags/example_latest_only_with_trigger.py took 0.095 seconds
[2023-09-01T15:09:02.847+0000] {processor.py:157} INFO - Started process (PID=2050) to work on /home/airflow/.local/lib/python3.8/site-packages/airflow/example_dags/example_latest_only_with_trigger.py
[2023-09-01T15:09:02.848+0000] {processor.py:829} INFO - Processing file /home/airflow/.local/lib/python3.8/site-packages/airflow/example_dags/example_latest_only_with_trigger.py for tasks to queue
[2023-09-01T15:09:02.852+0000] {logging_mixin.py:151} INFO - [2023-09-01T15:09:02.851+0000] {dagbag.py:539} INFO - Filling up the DagBag from /home/airflow/.local/lib/python3.8/site-packages/airflow/example_dags/example_latest_only_with_trigger.py
[2023-09-01T15:09:02.860+0000] {processor.py:839} INFO - DAG(s) dict_keys(['latest_only_with_trigger']) retrieved from /home/airflow/.local/lib/python3.8/site-packages/airflow/example_dags/example_latest_only_with_trigger.py
[2023-09-01T15:09:02.890+0000] {logging_mixin.py:151} INFO - [2023-09-01T15:09:02.889+0000] {dag.py:2907} INFO - Sync 1 DAGs
[2023-09-01T15:09:02.916+0000] {logging_mixin.py:151} INFO - [2023-09-01T15:09:02.916+0000] {dag.py:3677} INFO - Setting next_dagrun for latest_only_with_trigger to 2023-09-01T11:09:02.915964+00:00, run_after=2023-09-01T15:09:02.915964+00:00
[2023-09-01T15:09:02.936+0000] {processor.py:179} INFO - Processing /home/airflow/.local/lib/python3.8/site-packages/airflow/example_dags/example_latest_only_with_trigger.py took 0.094 seconds
[2023-09-01T15:09:33.818+0000] {processor.py:157} INFO - Started process (PID=2104) to work on /home/airflow/.local/lib/python3.8/site-packages/airflow/example_dags/example_latest_only_with_trigger.py
[2023-09-01T15:09:33.820+0000] {processor.py:829} INFO - Processing file /home/airflow/.local/lib/python3.8/site-packages/airflow/example_dags/example_latest_only_with_trigger.py for tasks to queue
[2023-09-01T15:09:33.824+0000] {logging_mixin.py:151} INFO - [2023-09-01T15:09:33.824+0000] {dagbag.py:539} INFO - Filling up the DagBag from /home/airflow/.local/lib/python3.8/site-packages/airflow/example_dags/example_latest_only_with_trigger.py
[2023-09-01T15:09:33.833+0000] {processor.py:839} INFO - DAG(s) dict_keys(['latest_only_with_trigger']) retrieved from /home/airflow/.local/lib/python3.8/site-packages/airflow/example_dags/example_latest_only_with_trigger.py
[2023-09-01T15:09:33.866+0000] {logging_mixin.py:151} INFO - [2023-09-01T15:09:33.866+0000] {dag.py:2907} INFO - Sync 1 DAGs
[2023-09-01T15:09:33.904+0000] {logging_mixin.py:151} INFO - [2023-09-01T15:09:33.904+0000] {dag.py:3677} INFO - Setting next_dagrun for latest_only_with_trigger to 2023-09-01T11:09:33.903601+00:00, run_after=2023-09-01T15:09:33.903601+00:00
[2023-09-01T15:09:33.935+0000] {processor.py:179} INFO - Processing /home/airflow/.local/lib/python3.8/site-packages/airflow/example_dags/example_latest_only_with_trigger.py took 0.122 seconds
[2023-09-01T15:10:04.301+0000] {processor.py:157} INFO - Started process (PID=2158) to work on /home/airflow/.local/lib/python3.8/site-packages/airflow/example_dags/example_latest_only_with_trigger.py
[2023-09-01T15:10:04.302+0000] {processor.py:829} INFO - Processing file /home/airflow/.local/lib/python3.8/site-packages/airflow/example_dags/example_latest_only_with_trigger.py for tasks to queue
[2023-09-01T15:10:04.306+0000] {logging_mixin.py:151} INFO - [2023-09-01T15:10:04.305+0000] {dagbag.py:539} INFO - Filling up the DagBag from /home/airflow/.local/lib/python3.8/site-packages/airflow/example_dags/example_latest_only_with_trigger.py
[2023-09-01T15:10:04.315+0000] {processor.py:839} INFO - DAG(s) dict_keys(['latest_only_with_trigger']) retrieved from /home/airflow/.local/lib/python3.8/site-packages/airflow/example_dags/example_latest_only_with_trigger.py
[2023-09-01T15:10:04.347+0000] {logging_mixin.py:151} INFO - [2023-09-01T15:10:04.346+0000] {dag.py:2907} INFO - Sync 1 DAGs
[2023-09-01T15:10:04.372+0000] {logging_mixin.py:151} INFO - [2023-09-01T15:10:04.372+0000] {dag.py:3677} INFO - Setting next_dagrun for latest_only_with_trigger to 2023-09-01T11:10:04.372355+00:00, run_after=2023-09-01T15:10:04.372355+00:00
[2023-09-01T15:10:04.393+0000] {processor.py:179} INFO - Processing /home/airflow/.local/lib/python3.8/site-packages/airflow/example_dags/example_latest_only_with_trigger.py took 0.096 seconds
[2023-09-01T15:10:34.815+0000] {processor.py:157} INFO - Started process (PID=2212) to work on /home/airflow/.local/lib/python3.8/site-packages/airflow/example_dags/example_latest_only_with_trigger.py
[2023-09-01T15:10:34.817+0000] {processor.py:829} INFO - Processing file /home/airflow/.local/lib/python3.8/site-packages/airflow/example_dags/example_latest_only_with_trigger.py for tasks to queue
[2023-09-01T15:10:34.822+0000] {logging_mixin.py:151} INFO - [2023-09-01T15:10:34.822+0000] {dagbag.py:539} INFO - Filling up the DagBag from /home/airflow/.local/lib/python3.8/site-packages/airflow/example_dags/example_latest_only_with_trigger.py
[2023-09-01T15:10:34.831+0000] {processor.py:839} INFO - DAG(s) dict_keys(['latest_only_with_trigger']) retrieved from /home/airflow/.local/lib/python3.8/site-packages/airflow/example_dags/example_latest_only_with_trigger.py
[2023-09-01T15:10:34.862+0000] {logging_mixin.py:151} INFO - [2023-09-01T15:10:34.862+0000] {dag.py:2907} INFO - Sync 1 DAGs
[2023-09-01T15:10:34.889+0000] {logging_mixin.py:151} INFO - [2023-09-01T15:10:34.888+0000] {dag.py:3677} INFO - Setting next_dagrun for latest_only_with_trigger to 2023-09-01T11:10:34.888544+00:00, run_after=2023-09-01T15:10:34.888544+00:00
[2023-09-01T15:10:34.908+0000] {processor.py:179} INFO - Processing /home/airflow/.local/lib/python3.8/site-packages/airflow/example_dags/example_latest_only_with_trigger.py took 0.099 seconds
[2023-09-01T15:11:05.142+0000] {processor.py:157} INFO - Started process (PID=2266) to work on /home/airflow/.local/lib/python3.8/site-packages/airflow/example_dags/example_latest_only_with_trigger.py
[2023-09-01T15:11:05.143+0000] {processor.py:829} INFO - Processing file /home/airflow/.local/lib/python3.8/site-packages/airflow/example_dags/example_latest_only_with_trigger.py for tasks to queue
[2023-09-01T15:11:05.147+0000] {logging_mixin.py:151} INFO - [2023-09-01T15:11:05.146+0000] {dagbag.py:539} INFO - Filling up the DagBag from /home/airflow/.local/lib/python3.8/site-packages/airflow/example_dags/example_latest_only_with_trigger.py
[2023-09-01T15:11:05.155+0000] {processor.py:839} INFO - DAG(s) dict_keys(['latest_only_with_trigger']) retrieved from /home/airflow/.local/lib/python3.8/site-packages/airflow/example_dags/example_latest_only_with_trigger.py
[2023-09-01T15:11:05.185+0000] {logging_mixin.py:151} INFO - [2023-09-01T15:11:05.185+0000] {dag.py:2907} INFO - Sync 1 DAGs
[2023-09-01T15:11:05.211+0000] {logging_mixin.py:151} INFO - [2023-09-01T15:11:05.210+0000] {dag.py:3677} INFO - Setting next_dagrun for latest_only_with_trigger to 2023-09-01T11:11:05.210668+00:00, run_after=2023-09-01T15:11:05.210668+00:00
[2023-09-01T15:11:05.231+0000] {processor.py:179} INFO - Processing /home/airflow/.local/lib/python3.8/site-packages/airflow/example_dags/example_latest_only_with_trigger.py took 0.094 seconds
[2023-09-01T15:11:35.476+0000] {processor.py:157} INFO - Started process (PID=2320) to work on /home/airflow/.local/lib/python3.8/site-packages/airflow/example_dags/example_latest_only_with_trigger.py
[2023-09-01T15:11:35.477+0000] {processor.py:829} INFO - Processing file /home/airflow/.local/lib/python3.8/site-packages/airflow/example_dags/example_latest_only_with_trigger.py for tasks to queue
[2023-09-01T15:11:35.480+0000] {logging_mixin.py:151} INFO - [2023-09-01T15:11:35.480+0000] {dagbag.py:539} INFO - Filling up the DagBag from /home/airflow/.local/lib/python3.8/site-packages/airflow/example_dags/example_latest_only_with_trigger.py
[2023-09-01T15:11:35.487+0000] {processor.py:839} INFO - DAG(s) dict_keys(['latest_only_with_trigger']) retrieved from /home/airflow/.local/lib/python3.8/site-packages/airflow/example_dags/example_latest_only_with_trigger.py
[2023-09-01T15:11:35.511+0000] {logging_mixin.py:151} INFO - [2023-09-01T15:11:35.511+0000] {dag.py:2907} INFO - Sync 1 DAGs
[2023-09-01T15:11:35.535+0000] {logging_mixin.py:151} INFO - [2023-09-01T15:11:35.535+0000] {dag.py:3677} INFO - Setting next_dagrun for latest_only_with_trigger to 2023-09-01T11:11:35.534771+00:00, run_after=2023-09-01T15:11:35.534771+00:00
[2023-09-01T15:11:35.554+0000] {processor.py:179} INFO - Processing /home/airflow/.local/lib/python3.8/site-packages/airflow/example_dags/example_latest_only_with_trigger.py took 0.083 seconds
[2023-09-01T15:12:06.483+0000] {processor.py:157} INFO - Started process (PID=2374) to work on /home/airflow/.local/lib/python3.8/site-packages/airflow/example_dags/example_latest_only_with_trigger.py
[2023-09-01T15:12:06.485+0000] {processor.py:829} INFO - Processing file /home/airflow/.local/lib/python3.8/site-packages/airflow/example_dags/example_latest_only_with_trigger.py for tasks to queue
[2023-09-01T15:12:06.488+0000] {logging_mixin.py:151} INFO - [2023-09-01T15:12:06.488+0000] {dagbag.py:539} INFO - Filling up the DagBag from /home/airflow/.local/lib/python3.8/site-packages/airflow/example_dags/example_latest_only_with_trigger.py
[2023-09-01T15:12:06.496+0000] {processor.py:839} INFO - DAG(s) dict_keys(['latest_only_with_trigger']) retrieved from /home/airflow/.local/lib/python3.8/site-packages/airflow/example_dags/example_latest_only_with_trigger.py
[2023-09-01T15:12:06.526+0000] {logging_mixin.py:151} INFO - [2023-09-01T15:12:06.526+0000] {dag.py:2907} INFO - Sync 1 DAGs
[2023-09-01T15:12:06.550+0000] {logging_mixin.py:151} INFO - [2023-09-01T15:12:06.550+0000] {dag.py:3677} INFO - Setting next_dagrun for latest_only_with_trigger to 2023-09-01T11:12:06.550090+00:00, run_after=2023-09-01T15:12:06.550090+00:00
[2023-09-01T15:12:06.570+0000] {processor.py:179} INFO - Processing /home/airflow/.local/lib/python3.8/site-packages/airflow/example_dags/example_latest_only_with_trigger.py took 0.091 seconds
[2023-09-01T15:12:36.750+0000] {processor.py:157} INFO - Started process (PID=2428) to work on /home/airflow/.local/lib/python3.8/site-packages/airflow/example_dags/example_latest_only_with_trigger.py
[2023-09-01T15:12:36.751+0000] {processor.py:829} INFO - Processing file /home/airflow/.local/lib/python3.8/site-packages/airflow/example_dags/example_latest_only_with_trigger.py for tasks to queue
[2023-09-01T15:12:36.755+0000] {logging_mixin.py:151} INFO - [2023-09-01T15:12:36.755+0000] {dagbag.py:539} INFO - Filling up the DagBag from /home/airflow/.local/lib/python3.8/site-packages/airflow/example_dags/example_latest_only_with_trigger.py
[2023-09-01T15:12:36.762+0000] {processor.py:839} INFO - DAG(s) dict_keys(['latest_only_with_trigger']) retrieved from /home/airflow/.local/lib/python3.8/site-packages/airflow/example_dags/example_latest_only_with_trigger.py
[2023-09-01T15:12:36.789+0000] {logging_mixin.py:151} INFO - [2023-09-01T15:12:36.789+0000] {dag.py:2907} INFO - Sync 1 DAGs
[2023-09-01T15:12:36.814+0000] {logging_mixin.py:151} INFO - [2023-09-01T15:12:36.814+0000] {dag.py:3677} INFO - Setting next_dagrun for latest_only_with_trigger to 2023-09-01T11:12:36.814250+00:00, run_after=2023-09-01T15:12:36.814250+00:00
[2023-09-01T15:12:36.832+0000] {processor.py:179} INFO - Processing /home/airflow/.local/lib/python3.8/site-packages/airflow/example_dags/example_latest_only_with_trigger.py took 0.086 seconds
[2023-09-01T15:13:07.106+0000] {processor.py:157} INFO - Started process (PID=2482) to work on /home/airflow/.local/lib/python3.8/site-packages/airflow/example_dags/example_latest_only_with_trigger.py
[2023-09-01T15:13:07.108+0000] {processor.py:829} INFO - Processing file /home/airflow/.local/lib/python3.8/site-packages/airflow/example_dags/example_latest_only_with_trigger.py for tasks to queue
[2023-09-01T15:13:07.111+0000] {logging_mixin.py:151} INFO - [2023-09-01T15:13:07.111+0000] {dagbag.py:539} INFO - Filling up the DagBag from /home/airflow/.local/lib/python3.8/site-packages/airflow/example_dags/example_latest_only_with_trigger.py
[2023-09-01T15:13:07.119+0000] {processor.py:839} INFO - DAG(s) dict_keys(['latest_only_with_trigger']) retrieved from /home/airflow/.local/lib/python3.8/site-packages/airflow/example_dags/example_latest_only_with_trigger.py
[2023-09-01T15:13:07.149+0000] {logging_mixin.py:151} INFO - [2023-09-01T15:13:07.149+0000] {dag.py:2907} INFO - Sync 1 DAGs
[2023-09-01T15:13:07.175+0000] {logging_mixin.py:151} INFO - [2023-09-01T15:13:07.174+0000] {dag.py:3677} INFO - Setting next_dagrun for latest_only_with_trigger to 2023-09-01T11:13:07.174615+00:00, run_after=2023-09-01T15:13:07.174615+00:00
[2023-09-01T15:13:07.195+0000] {processor.py:179} INFO - Processing /home/airflow/.local/lib/python3.8/site-packages/airflow/example_dags/example_latest_only_with_trigger.py took 0.093 seconds
[2023-09-01T15:13:37.784+0000] {processor.py:157} INFO - Started process (PID=2536) to work on /home/airflow/.local/lib/python3.8/site-packages/airflow/example_dags/example_latest_only_with_trigger.py
[2023-09-01T15:13:37.786+0000] {processor.py:829} INFO - Processing file /home/airflow/.local/lib/python3.8/site-packages/airflow/example_dags/example_latest_only_with_trigger.py for tasks to queue
[2023-09-01T15:13:37.788+0000] {logging_mixin.py:151} INFO - [2023-09-01T15:13:37.788+0000] {dagbag.py:539} INFO - Filling up the DagBag from /home/airflow/.local/lib/python3.8/site-packages/airflow/example_dags/example_latest_only_with_trigger.py
[2023-09-01T15:13:37.796+0000] {processor.py:839} INFO - DAG(s) dict_keys(['latest_only_with_trigger']) retrieved from /home/airflow/.local/lib/python3.8/site-packages/airflow/example_dags/example_latest_only_with_trigger.py
[2023-09-01T15:13:37.824+0000] {logging_mixin.py:151} INFO - [2023-09-01T15:13:37.824+0000] {dag.py:2907} INFO - Sync 1 DAGs
[2023-09-01T15:13:37.850+0000] {logging_mixin.py:151} INFO - [2023-09-01T15:13:37.850+0000] {dag.py:3677} INFO - Setting next_dagrun for latest_only_with_trigger to 2023-09-01T11:13:37.850247+00:00, run_after=2023-09-01T15:13:37.850247+00:00
[2023-09-01T15:13:37.871+0000] {processor.py:179} INFO - Processing /home/airflow/.local/lib/python3.8/site-packages/airflow/example_dags/example_latest_only_with_trigger.py took 0.091 seconds
[2023-09-01T15:14:08.032+0000] {processor.py:157} INFO - Started process (PID=2590) to work on /home/airflow/.local/lib/python3.8/site-packages/airflow/example_dags/example_latest_only_with_trigger.py
[2023-09-01T15:14:08.034+0000] {processor.py:829} INFO - Processing file /home/airflow/.local/lib/python3.8/site-packages/airflow/example_dags/example_latest_only_with_trigger.py for tasks to queue
[2023-09-01T15:14:08.038+0000] {logging_mixin.py:151} INFO - [2023-09-01T15:14:08.037+0000] {dagbag.py:539} INFO - Filling up the DagBag from /home/airflow/.local/lib/python3.8/site-packages/airflow/example_dags/example_latest_only_with_trigger.py
[2023-09-01T15:14:08.046+0000] {processor.py:839} INFO - DAG(s) dict_keys(['latest_only_with_trigger']) retrieved from /home/airflow/.local/lib/python3.8/site-packages/airflow/example_dags/example_latest_only_with_trigger.py
[2023-09-01T15:14:08.082+0000] {logging_mixin.py:151} INFO - [2023-09-01T15:14:08.082+0000] {dag.py:2907} INFO - Sync 1 DAGs
[2023-09-01T15:14:08.113+0000] {logging_mixin.py:151} INFO - [2023-09-01T15:14:08.113+0000] {dag.py:3677} INFO - Setting next_dagrun for latest_only_with_trigger to 2023-09-01T11:14:08.112733+00:00, run_after=2023-09-01T15:14:08.112733+00:00
[2023-09-01T15:14:08.137+0000] {processor.py:179} INFO - Processing /home/airflow/.local/lib/python3.8/site-packages/airflow/example_dags/example_latest_only_with_trigger.py took 0.110 seconds
[2023-09-01T15:14:39.018+0000] {processor.py:157} INFO - Started process (PID=2644) to work on /home/airflow/.local/lib/python3.8/site-packages/airflow/example_dags/example_latest_only_with_trigger.py
[2023-09-01T15:14:39.020+0000] {processor.py:829} INFO - Processing file /home/airflow/.local/lib/python3.8/site-packages/airflow/example_dags/example_latest_only_with_trigger.py for tasks to queue
[2023-09-01T15:14:39.023+0000] {logging_mixin.py:151} INFO - [2023-09-01T15:14:39.023+0000] {dagbag.py:539} INFO - Filling up the DagBag from /home/airflow/.local/lib/python3.8/site-packages/airflow/example_dags/example_latest_only_with_trigger.py
[2023-09-01T15:14:39.032+0000] {processor.py:839} INFO - DAG(s) dict_keys(['latest_only_with_trigger']) retrieved from /home/airflow/.local/lib/python3.8/site-packages/airflow/example_dags/example_latest_only_with_trigger.py
[2023-09-01T15:14:39.062+0000] {logging_mixin.py:151} INFO - [2023-09-01T15:14:39.062+0000] {dag.py:2907} INFO - Sync 1 DAGs
[2023-09-01T15:14:39.088+0000] {logging_mixin.py:151} INFO - [2023-09-01T15:14:39.088+0000] {dag.py:3677} INFO - Setting next_dagrun for latest_only_with_trigger to 2023-09-01T11:14:39.088391+00:00, run_after=2023-09-01T15:14:39.088391+00:00
[2023-09-01T15:14:39.108+0000] {processor.py:179} INFO - Processing /home/airflow/.local/lib/python3.8/site-packages/airflow/example_dags/example_latest_only_with_trigger.py took 0.095 seconds
[2023-09-01T15:15:10.010+0000] {processor.py:157} INFO - Started process (PID=2698) to work on /home/airflow/.local/lib/python3.8/site-packages/airflow/example_dags/example_latest_only_with_trigger.py
[2023-09-01T15:15:10.011+0000] {processor.py:829} INFO - Processing file /home/airflow/.local/lib/python3.8/site-packages/airflow/example_dags/example_latest_only_with_trigger.py for tasks to queue
[2023-09-01T15:15:10.015+0000] {logging_mixin.py:151} INFO - [2023-09-01T15:15:10.015+0000] {dagbag.py:539} INFO - Filling up the DagBag from /home/airflow/.local/lib/python3.8/site-packages/airflow/example_dags/example_latest_only_with_trigger.py
[2023-09-01T15:15:10.026+0000] {processor.py:839} INFO - DAG(s) dict_keys(['latest_only_with_trigger']) retrieved from /home/airflow/.local/lib/python3.8/site-packages/airflow/example_dags/example_latest_only_with_trigger.py
[2023-09-01T15:15:10.063+0000] {logging_mixin.py:151} INFO - [2023-09-01T15:15:10.063+0000] {dag.py:2907} INFO - Sync 1 DAGs
[2023-09-01T15:15:10.086+0000] {logging_mixin.py:151} INFO - [2023-09-01T15:15:10.086+0000] {dag.py:3677} INFO - Setting next_dagrun for latest_only_with_trigger to 2023-09-01T11:15:10.086500+00:00, run_after=2023-09-01T15:15:10.086500+00:00
[2023-09-01T15:15:10.103+0000] {processor.py:179} INFO - Processing /home/airflow/.local/lib/python3.8/site-packages/airflow/example_dags/example_latest_only_with_trigger.py took 0.099 seconds
[2023-09-01T15:15:40.374+0000] {processor.py:157} INFO - Started process (PID=2752) to work on /home/airflow/.local/lib/python3.8/site-packages/airflow/example_dags/example_latest_only_with_trigger.py
[2023-09-01T15:15:40.376+0000] {processor.py:829} INFO - Processing file /home/airflow/.local/lib/python3.8/site-packages/airflow/example_dags/example_latest_only_with_trigger.py for tasks to queue
[2023-09-01T15:15:40.378+0000] {logging_mixin.py:151} INFO - [2023-09-01T15:15:40.378+0000] {dagbag.py:539} INFO - Filling up the DagBag from /home/airflow/.local/lib/python3.8/site-packages/airflow/example_dags/example_latest_only_with_trigger.py
[2023-09-01T15:15:40.385+0000] {processor.py:839} INFO - DAG(s) dict_keys(['latest_only_with_trigger']) retrieved from /home/airflow/.local/lib/python3.8/site-packages/airflow/example_dags/example_latest_only_with_trigger.py
[2023-09-01T15:15:40.411+0000] {logging_mixin.py:151} INFO - [2023-09-01T15:15:40.411+0000] {dag.py:2907} INFO - Sync 1 DAGs
[2023-09-01T15:15:40.436+0000] {logging_mixin.py:151} INFO - [2023-09-01T15:15:40.436+0000] {dag.py:3677} INFO - Setting next_dagrun for latest_only_with_trigger to 2023-09-01T11:15:40.436361+00:00, run_after=2023-09-01T15:15:40.436361+00:00
[2023-09-01T15:15:40.458+0000] {processor.py:179} INFO - Processing /home/airflow/.local/lib/python3.8/site-packages/airflow/example_dags/example_latest_only_with_trigger.py took 0.087 seconds
[2023-09-01T15:16:11.457+0000] {processor.py:157} INFO - Started process (PID=2806) to work on /home/airflow/.local/lib/python3.8/site-packages/airflow/example_dags/example_latest_only_with_trigger.py
[2023-09-01T15:16:11.459+0000] {processor.py:829} INFO - Processing file /home/airflow/.local/lib/python3.8/site-packages/airflow/example_dags/example_latest_only_with_trigger.py for tasks to queue
[2023-09-01T15:16:11.462+0000] {logging_mixin.py:151} INFO - [2023-09-01T15:16:11.462+0000] {dagbag.py:539} INFO - Filling up the DagBag from /home/airflow/.local/lib/python3.8/site-packages/airflow/example_dags/example_latest_only_with_trigger.py
[2023-09-01T15:16:11.469+0000] {processor.py:839} INFO - DAG(s) dict_keys(['latest_only_with_trigger']) retrieved from /home/airflow/.local/lib/python3.8/site-packages/airflow/example_dags/example_latest_only_with_trigger.py
[2023-09-01T15:16:11.495+0000] {logging_mixin.py:151} INFO - [2023-09-01T15:16:11.494+0000] {dag.py:2907} INFO - Sync 1 DAGs
[2023-09-01T15:16:11.518+0000] {logging_mixin.py:151} INFO - [2023-09-01T15:16:11.518+0000] {dag.py:3677} INFO - Setting next_dagrun for latest_only_with_trigger to 2023-09-01T11:16:11.518171+00:00, run_after=2023-09-01T15:16:11.518171+00:00
[2023-09-01T15:16:11.536+0000] {processor.py:179} INFO - Processing /home/airflow/.local/lib/python3.8/site-packages/airflow/example_dags/example_latest_only_with_trigger.py took 0.083 seconds
[2023-09-01T15:16:41.943+0000] {processor.py:157} INFO - Started process (PID=2861) to work on /home/airflow/.local/lib/python3.8/site-packages/airflow/example_dags/example_latest_only_with_trigger.py
[2023-09-01T15:16:41.945+0000] {processor.py:829} INFO - Processing file /home/airflow/.local/lib/python3.8/site-packages/airflow/example_dags/example_latest_only_with_trigger.py for tasks to queue
[2023-09-01T15:16:41.948+0000] {logging_mixin.py:151} INFO - [2023-09-01T15:16:41.948+0000] {dagbag.py:539} INFO - Filling up the DagBag from /home/airflow/.local/lib/python3.8/site-packages/airflow/example_dags/example_latest_only_with_trigger.py
[2023-09-01T15:16:41.957+0000] {processor.py:839} INFO - DAG(s) dict_keys(['latest_only_with_trigger']) retrieved from /home/airflow/.local/lib/python3.8/site-packages/airflow/example_dags/example_latest_only_with_trigger.py
[2023-09-01T15:16:41.986+0000] {logging_mixin.py:151} INFO - [2023-09-01T15:16:41.986+0000] {dag.py:2907} INFO - Sync 1 DAGs
[2023-09-01T15:16:42.012+0000] {logging_mixin.py:151} INFO - [2023-09-01T15:16:42.011+0000] {dag.py:3677} INFO - Setting next_dagrun for latest_only_with_trigger to 2023-09-01T11:16:42.011628+00:00, run_after=2023-09-01T15:16:42.011628+00:00
[2023-09-01T15:16:42.031+0000] {processor.py:179} INFO - Processing /home/airflow/.local/lib/python3.8/site-packages/airflow/example_dags/example_latest_only_with_trigger.py took 0.093 seconds
[2023-09-01T15:17:12.521+0000] {processor.py:157} INFO - Started process (PID=2916) to work on /home/airflow/.local/lib/python3.8/site-packages/airflow/example_dags/example_latest_only_with_trigger.py
[2023-09-01T15:17:12.522+0000] {processor.py:829} INFO - Processing file /home/airflow/.local/lib/python3.8/site-packages/airflow/example_dags/example_latest_only_with_trigger.py for tasks to queue
[2023-09-01T15:17:12.525+0000] {logging_mixin.py:151} INFO - [2023-09-01T15:17:12.525+0000] {dagbag.py:539} INFO - Filling up the DagBag from /home/airflow/.local/lib/python3.8/site-packages/airflow/example_dags/example_latest_only_with_trigger.py
[2023-09-01T15:17:12.532+0000] {processor.py:839} INFO - DAG(s) dict_keys(['latest_only_with_trigger']) retrieved from /home/airflow/.local/lib/python3.8/site-packages/airflow/example_dags/example_latest_only_with_trigger.py
[2023-09-01T15:17:12.557+0000] {logging_mixin.py:151} INFO - [2023-09-01T15:17:12.557+0000] {dag.py:2907} INFO - Sync 1 DAGs
[2023-09-01T15:17:12.583+0000] {logging_mixin.py:151} INFO - [2023-09-01T15:17:12.583+0000] {dag.py:3677} INFO - Setting next_dagrun for latest_only_with_trigger to 2023-09-01T11:17:12.583000+00:00, run_after=2023-09-01T15:17:12.583000+00:00
[2023-09-01T15:17:12.603+0000] {processor.py:179} INFO - Processing /home/airflow/.local/lib/python3.8/site-packages/airflow/example_dags/example_latest_only_with_trigger.py took 0.087 seconds
[2023-09-01T15:17:43.041+0000] {processor.py:157} INFO - Started process (PID=2970) to work on /home/airflow/.local/lib/python3.8/site-packages/airflow/example_dags/example_latest_only_with_trigger.py
[2023-09-01T15:17:43.043+0000] {processor.py:829} INFO - Processing file /home/airflow/.local/lib/python3.8/site-packages/airflow/example_dags/example_latest_only_with_trigger.py for tasks to queue
[2023-09-01T15:17:43.047+0000] {logging_mixin.py:151} INFO - [2023-09-01T15:17:43.046+0000] {dagbag.py:539} INFO - Filling up the DagBag from /home/airflow/.local/lib/python3.8/site-packages/airflow/example_dags/example_latest_only_with_trigger.py
[2023-09-01T15:17:43.055+0000] {processor.py:839} INFO - DAG(s) dict_keys(['latest_only_with_trigger']) retrieved from /home/airflow/.local/lib/python3.8/site-packages/airflow/example_dags/example_latest_only_with_trigger.py
[2023-09-01T15:17:43.083+0000] {logging_mixin.py:151} INFO - [2023-09-01T15:17:43.083+0000] {dag.py:2907} INFO - Sync 1 DAGs
[2023-09-01T15:17:43.108+0000] {logging_mixin.py:151} INFO - [2023-09-01T15:17:43.107+0000] {dag.py:3677} INFO - Setting next_dagrun for latest_only_with_trigger to 2023-09-01T11:17:43.107644+00:00, run_after=2023-09-01T15:17:43.107644+00:00
[2023-09-01T15:17:43.128+0000] {processor.py:179} INFO - Processing /home/airflow/.local/lib/python3.8/site-packages/airflow/example_dags/example_latest_only_with_trigger.py took 0.091 seconds
[2023-09-01T15:18:14.015+0000] {processor.py:157} INFO - Started process (PID=3024) to work on /home/airflow/.local/lib/python3.8/site-packages/airflow/example_dags/example_latest_only_with_trigger.py
[2023-09-01T15:18:14.017+0000] {processor.py:829} INFO - Processing file /home/airflow/.local/lib/python3.8/site-packages/airflow/example_dags/example_latest_only_with_trigger.py for tasks to queue
[2023-09-01T15:18:14.020+0000] {logging_mixin.py:151} INFO - [2023-09-01T15:18:14.020+0000] {dagbag.py:539} INFO - Filling up the DagBag from /home/airflow/.local/lib/python3.8/site-packages/airflow/example_dags/example_latest_only_with_trigger.py
[2023-09-01T15:18:14.028+0000] {processor.py:839} INFO - DAG(s) dict_keys(['latest_only_with_trigger']) retrieved from /home/airflow/.local/lib/python3.8/site-packages/airflow/example_dags/example_latest_only_with_trigger.py
[2023-09-01T15:18:14.058+0000] {logging_mixin.py:151} INFO - [2023-09-01T15:18:14.058+0000] {dag.py:2907} INFO - Sync 1 DAGs
[2023-09-01T15:18:14.086+0000] {logging_mixin.py:151} INFO - [2023-09-01T15:18:14.085+0000] {dag.py:3677} INFO - Setting next_dagrun for latest_only_with_trigger to 2023-09-01T11:18:14.085622+00:00, run_after=2023-09-01T15:18:14.085622+00:00
[2023-09-01T15:18:14.105+0000] {processor.py:179} INFO - Processing /home/airflow/.local/lib/python3.8/site-packages/airflow/example_dags/example_latest_only_with_trigger.py took 0.094 seconds
[2023-09-01T15:18:44.689+0000] {processor.py:157} INFO - Started process (PID=3078) to work on /home/airflow/.local/lib/python3.8/site-packages/airflow/example_dags/example_latest_only_with_trigger.py
[2023-09-01T15:18:44.691+0000] {processor.py:829} INFO - Processing file /home/airflow/.local/lib/python3.8/site-packages/airflow/example_dags/example_latest_only_with_trigger.py for tasks to queue
[2023-09-01T15:18:44.695+0000] {logging_mixin.py:151} INFO - [2023-09-01T15:18:44.694+0000] {dagbag.py:539} INFO - Filling up the DagBag from /home/airflow/.local/lib/python3.8/site-packages/airflow/example_dags/example_latest_only_with_trigger.py
[2023-09-01T15:18:44.703+0000] {processor.py:839} INFO - DAG(s) dict_keys(['latest_only_with_trigger']) retrieved from /home/airflow/.local/lib/python3.8/site-packages/airflow/example_dags/example_latest_only_with_trigger.py
[2023-09-01T15:18:44.735+0000] {logging_mixin.py:151} INFO - [2023-09-01T15:18:44.735+0000] {dag.py:2907} INFO - Sync 1 DAGs
[2023-09-01T15:18:44.766+0000] {logging_mixin.py:151} INFO - [2023-09-01T15:18:44.766+0000] {dag.py:3677} INFO - Setting next_dagrun for latest_only_with_trigger to 2023-09-01T11:18:44.766243+00:00, run_after=2023-09-01T15:18:44.766243+00:00
[2023-09-01T15:18:44.794+0000] {processor.py:179} INFO - Processing /home/airflow/.local/lib/python3.8/site-packages/airflow/example_dags/example_latest_only_with_trigger.py took 0.110 seconds
[2023-09-01T15:19:15.240+0000] {processor.py:157} INFO - Started process (PID=3132) to work on /home/airflow/.local/lib/python3.8/site-packages/airflow/example_dags/example_latest_only_with_trigger.py
[2023-09-01T15:19:15.242+0000] {processor.py:829} INFO - Processing file /home/airflow/.local/lib/python3.8/site-packages/airflow/example_dags/example_latest_only_with_trigger.py for tasks to queue
[2023-09-01T15:19:15.246+0000] {logging_mixin.py:151} INFO - [2023-09-01T15:19:15.246+0000] {dagbag.py:539} INFO - Filling up the DagBag from /home/airflow/.local/lib/python3.8/site-packages/airflow/example_dags/example_latest_only_with_trigger.py
[2023-09-01T15:19:15.256+0000] {processor.py:839} INFO - DAG(s) dict_keys(['latest_only_with_trigger']) retrieved from /home/airflow/.local/lib/python3.8/site-packages/airflow/example_dags/example_latest_only_with_trigger.py
[2023-09-01T15:19:15.289+0000] {logging_mixin.py:151} INFO - [2023-09-01T15:19:15.289+0000] {dag.py:2907} INFO - Sync 1 DAGs
[2023-09-01T15:19:15.318+0000] {logging_mixin.py:151} INFO - [2023-09-01T15:19:15.318+0000] {dag.py:3677} INFO - Setting next_dagrun for latest_only_with_trigger to 2023-09-01T11:19:15.317675+00:00, run_after=2023-09-01T15:19:15.317675+00:00
[2023-09-01T15:19:15.337+0000] {processor.py:179} INFO - Processing /home/airflow/.local/lib/python3.8/site-packages/airflow/example_dags/example_latest_only_with_trigger.py took 0.103 seconds
[2023-09-01T15:19:45.887+0000] {processor.py:157} INFO - Started process (PID=3186) to work on /home/airflow/.local/lib/python3.8/site-packages/airflow/example_dags/example_latest_only_with_trigger.py
[2023-09-01T15:19:45.889+0000] {processor.py:829} INFO - Processing file /home/airflow/.local/lib/python3.8/site-packages/airflow/example_dags/example_latest_only_with_trigger.py for tasks to queue
[2023-09-01T15:19:45.892+0000] {logging_mixin.py:151} INFO - [2023-09-01T15:19:45.892+0000] {dagbag.py:539} INFO - Filling up the DagBag from /home/airflow/.local/lib/python3.8/site-packages/airflow/example_dags/example_latest_only_with_trigger.py
[2023-09-01T15:19:45.901+0000] {processor.py:839} INFO - DAG(s) dict_keys(['latest_only_with_trigger']) retrieved from /home/airflow/.local/lib/python3.8/site-packages/airflow/example_dags/example_latest_only_with_trigger.py
[2023-09-01T15:19:45.930+0000] {logging_mixin.py:151} INFO - [2023-09-01T15:19:45.929+0000] {dag.py:2907} INFO - Sync 1 DAGs
[2023-09-01T15:19:45.955+0000] {logging_mixin.py:151} INFO - [2023-09-01T15:19:45.955+0000] {dag.py:3677} INFO - Setting next_dagrun for latest_only_with_trigger to 2023-09-01T11:19:45.954986+00:00, run_after=2023-09-01T15:19:45.954986+00:00
[2023-09-01T15:19:45.975+0000] {processor.py:179} INFO - Processing /home/airflow/.local/lib/python3.8/site-packages/airflow/example_dags/example_latest_only_with_trigger.py took 0.093 seconds
[2023-09-01T15:20:16.356+0000] {processor.py:157} INFO - Started process (PID=3240) to work on /home/airflow/.local/lib/python3.8/site-packages/airflow/example_dags/example_latest_only_with_trigger.py
[2023-09-01T15:20:16.357+0000] {processor.py:829} INFO - Processing file /home/airflow/.local/lib/python3.8/site-packages/airflow/example_dags/example_latest_only_with_trigger.py for tasks to queue
[2023-09-01T15:20:16.360+0000] {logging_mixin.py:151} INFO - [2023-09-01T15:20:16.360+0000] {dagbag.py:539} INFO - Filling up the DagBag from /home/airflow/.local/lib/python3.8/site-packages/airflow/example_dags/example_latest_only_with_trigger.py
[2023-09-01T15:20:16.367+0000] {processor.py:839} INFO - DAG(s) dict_keys(['latest_only_with_trigger']) retrieved from /home/airflow/.local/lib/python3.8/site-packages/airflow/example_dags/example_latest_only_with_trigger.py
[2023-09-01T15:20:16.392+0000] {logging_mixin.py:151} INFO - [2023-09-01T15:20:16.391+0000] {dag.py:2907} INFO - Sync 1 DAGs
[2023-09-01T15:20:16.415+0000] {logging_mixin.py:151} INFO - [2023-09-01T15:20:16.415+0000] {dag.py:3677} INFO - Setting next_dagrun for latest_only_with_trigger to 2023-09-01T11:20:16.415382+00:00, run_after=2023-09-01T15:20:16.415382+00:00
[2023-09-01T15:20:16.436+0000] {processor.py:179} INFO - Processing /home/airflow/.local/lib/python3.8/site-packages/airflow/example_dags/example_latest_only_with_trigger.py took 0.084 seconds
[2023-09-01T15:20:46.848+0000] {processor.py:157} INFO - Started process (PID=3294) to work on /home/airflow/.local/lib/python3.8/site-packages/airflow/example_dags/example_latest_only_with_trigger.py
[2023-09-01T15:20:46.849+0000] {processor.py:829} INFO - Processing file /home/airflow/.local/lib/python3.8/site-packages/airflow/example_dags/example_latest_only_with_trigger.py for tasks to queue
[2023-09-01T15:20:46.853+0000] {logging_mixin.py:151} INFO - [2023-09-01T15:20:46.852+0000] {dagbag.py:539} INFO - Filling up the DagBag from /home/airflow/.local/lib/python3.8/site-packages/airflow/example_dags/example_latest_only_with_trigger.py
[2023-09-01T15:20:46.861+0000] {processor.py:839} INFO - DAG(s) dict_keys(['latest_only_with_trigger']) retrieved from /home/airflow/.local/lib/python3.8/site-packages/airflow/example_dags/example_latest_only_with_trigger.py
[2023-09-01T15:20:46.890+0000] {logging_mixin.py:151} INFO - [2023-09-01T15:20:46.890+0000] {dag.py:2907} INFO - Sync 1 DAGs
[2023-09-01T15:20:46.916+0000] {logging_mixin.py:151} INFO - [2023-09-01T15:20:46.916+0000] {dag.py:3677} INFO - Setting next_dagrun for latest_only_with_trigger to 2023-09-01T11:20:46.916026+00:00, run_after=2023-09-01T15:20:46.916026+00:00
[2023-09-01T15:20:46.935+0000] {processor.py:179} INFO - Processing /home/airflow/.local/lib/python3.8/site-packages/airflow/example_dags/example_latest_only_with_trigger.py took 0.093 seconds
[2023-09-01T15:21:17.554+0000] {processor.py:157} INFO - Started process (PID=3348) to work on /home/airflow/.local/lib/python3.8/site-packages/airflow/example_dags/example_latest_only_with_trigger.py
[2023-09-01T15:21:17.556+0000] {processor.py:829} INFO - Processing file /home/airflow/.local/lib/python3.8/site-packages/airflow/example_dags/example_latest_only_with_trigger.py for tasks to queue
[2023-09-01T15:21:17.559+0000] {logging_mixin.py:151} INFO - [2023-09-01T15:21:17.559+0000] {dagbag.py:539} INFO - Filling up the DagBag from /home/airflow/.local/lib/python3.8/site-packages/airflow/example_dags/example_latest_only_with_trigger.py
[2023-09-01T15:21:17.568+0000] {processor.py:839} INFO - DAG(s) dict_keys(['latest_only_with_trigger']) retrieved from /home/airflow/.local/lib/python3.8/site-packages/airflow/example_dags/example_latest_only_with_trigger.py
[2023-09-01T15:21:17.596+0000] {logging_mixin.py:151} INFO - [2023-09-01T15:21:17.596+0000] {dag.py:2907} INFO - Sync 1 DAGs
[2023-09-01T15:21:17.620+0000] {logging_mixin.py:151} INFO - [2023-09-01T15:21:17.620+0000] {dag.py:3677} INFO - Setting next_dagrun for latest_only_with_trigger to 2023-09-01T11:21:17.620453+00:00, run_after=2023-09-01T15:21:17.620453+00:00
[2023-09-01T15:21:17.640+0000] {processor.py:179} INFO - Processing /home/airflow/.local/lib/python3.8/site-packages/airflow/example_dags/example_latest_only_with_trigger.py took 0.092 seconds
[2023-09-01T15:21:48.312+0000] {processor.py:157} INFO - Started process (PID=3402) to work on /home/airflow/.local/lib/python3.8/site-packages/airflow/example_dags/example_latest_only_with_trigger.py
[2023-09-01T15:21:48.313+0000] {processor.py:829} INFO - Processing file /home/airflow/.local/lib/python3.8/site-packages/airflow/example_dags/example_latest_only_with_trigger.py for tasks to queue
[2023-09-01T15:21:48.317+0000] {logging_mixin.py:151} INFO - [2023-09-01T15:21:48.317+0000] {dagbag.py:539} INFO - Filling up the DagBag from /home/airflow/.local/lib/python3.8/site-packages/airflow/example_dags/example_latest_only_with_trigger.py
[2023-09-01T15:21:48.325+0000] {processor.py:839} INFO - DAG(s) dict_keys(['latest_only_with_trigger']) retrieved from /home/airflow/.local/lib/python3.8/site-packages/airflow/example_dags/example_latest_only_with_trigger.py
[2023-09-01T15:21:48.350+0000] {logging_mixin.py:151} INFO - [2023-09-01T15:21:48.349+0000] {dag.py:2907} INFO - Sync 1 DAGs
[2023-09-01T15:21:48.374+0000] {logging_mixin.py:151} INFO - [2023-09-01T15:21:48.373+0000] {dag.py:3677} INFO - Setting next_dagrun for latest_only_with_trigger to 2023-09-01T11:21:48.373689+00:00, run_after=2023-09-01T15:21:48.373689+00:00
[2023-09-01T15:21:48.391+0000] {processor.py:179} INFO - Processing /home/airflow/.local/lib/python3.8/site-packages/airflow/example_dags/example_latest_only_with_trigger.py took 0.083 seconds
