[2023-09-01T14:50:21.557+0000] {processor.py:157} INFO - Started process (PID=61) to work on /home/airflow/.local/lib/python3.8/site-packages/airflow/example_dags/example_complex.py
[2023-09-01T14:50:21.558+0000] {processor.py:829} INFO - Processing file /home/airflow/.local/lib/python3.8/site-packages/airflow/example_dags/example_complex.py for tasks to queue
[2023-09-01T14:50:21.563+0000] {logging_mixin.py:151} INFO - [2023-09-01T14:50:21.562+0000] {dagbag.py:539} INFO - Filling up the DagBag from /home/airflow/.local/lib/python3.8/site-packages/airflow/example_dags/example_complex.py
[2023-09-01T14:50:21.588+0000] {processor.py:839} INFO - DAG(s) dict_keys(['example_complex']) retrieved from /home/airflow/.local/lib/python3.8/site-packages/airflow/example_dags/example_complex.py
[2023-09-01T14:50:21.870+0000] {logging_mixin.py:151} INFO - [2023-09-01T14:50:21.869+0000] {manager.py:501} INFO - Created Permission View: can read on DAG:example_complex
[2023-09-01T14:50:21.884+0000] {logging_mixin.py:151} INFO - [2023-09-01T14:50:21.884+0000] {manager.py:501} INFO - Created Permission View: can edit on DAG:example_complex
[2023-09-01T14:50:21.892+0000] {logging_mixin.py:151} INFO - [2023-09-01T14:50:21.892+0000] {manager.py:501} INFO - Created Permission View: can delete on DAG:example_complex
[2023-09-01T14:50:21.909+0000] {logging_mixin.py:151} INFO - [2023-09-01T14:50:21.908+0000] {dag.py:2907} INFO - Sync 1 DAGs
[2023-09-01T14:50:21.922+0000] {logging_mixin.py:151} INFO - [2023-09-01T14:50:21.921+0000] {dag.py:2929} INFO - Creating ORM DAG for example_complex
[2023-09-01T14:50:21.923+0000] {logging_mixin.py:151} INFO - [2023-09-01T14:50:21.923+0000] {dag.py:3677} INFO - Setting next_dagrun for example_complex to None, run_after=None
[2023-09-01T14:50:21.946+0000] {processor.py:179} INFO - Processing /home/airflow/.local/lib/python3.8/site-packages/airflow/example_dags/example_complex.py took 0.395 seconds
[2023-09-01T14:50:52.025+0000] {processor.py:157} INFO - Started process (PID=114) to work on /home/airflow/.local/lib/python3.8/site-packages/airflow/example_dags/example_complex.py
[2023-09-01T14:50:52.027+0000] {processor.py:829} INFO - Processing file /home/airflow/.local/lib/python3.8/site-packages/airflow/example_dags/example_complex.py for tasks to queue
[2023-09-01T14:50:52.031+0000] {logging_mixin.py:151} INFO - [2023-09-01T14:50:52.030+0000] {dagbag.py:539} INFO - Filling up the DagBag from /home/airflow/.local/lib/python3.8/site-packages/airflow/example_dags/example_complex.py
[2023-09-01T14:50:52.050+0000] {processor.py:839} INFO - DAG(s) dict_keys(['example_complex']) retrieved from /home/airflow/.local/lib/python3.8/site-packages/airflow/example_dags/example_complex.py
[2023-09-01T14:50:52.093+0000] {logging_mixin.py:151} INFO - [2023-09-01T14:50:52.093+0000] {dag.py:2907} INFO - Sync 1 DAGs
[2023-09-01T14:50:52.112+0000] {logging_mixin.py:151} INFO - [2023-09-01T14:50:52.112+0000] {dag.py:3677} INFO - Setting next_dagrun for example_complex to None, run_after=None
[2023-09-01T14:50:52.137+0000] {processor.py:179} INFO - Processing /home/airflow/.local/lib/python3.8/site-packages/airflow/example_dags/example_complex.py took 0.117 seconds
[2023-09-01T14:51:23.100+0000] {processor.py:157} INFO - Started process (PID=168) to work on /home/airflow/.local/lib/python3.8/site-packages/airflow/example_dags/example_complex.py
[2023-09-01T14:51:23.102+0000] {processor.py:829} INFO - Processing file /home/airflow/.local/lib/python3.8/site-packages/airflow/example_dags/example_complex.py for tasks to queue
[2023-09-01T14:51:23.107+0000] {logging_mixin.py:151} INFO - [2023-09-01T14:51:23.106+0000] {dagbag.py:539} INFO - Filling up the DagBag from /home/airflow/.local/lib/python3.8/site-packages/airflow/example_dags/example_complex.py
[2023-09-01T14:51:23.127+0000] {processor.py:839} INFO - DAG(s) dict_keys(['example_complex']) retrieved from /home/airflow/.local/lib/python3.8/site-packages/airflow/example_dags/example_complex.py
[2023-09-01T14:51:23.174+0000] {logging_mixin.py:151} INFO - [2023-09-01T14:51:23.174+0000] {dag.py:2907} INFO - Sync 1 DAGs
[2023-09-01T14:51:23.195+0000] {logging_mixin.py:151} INFO - [2023-09-01T14:51:23.195+0000] {dag.py:3677} INFO - Setting next_dagrun for example_complex to None, run_after=None
[2023-09-01T14:51:23.226+0000] {processor.py:179} INFO - Processing /home/airflow/.local/lib/python3.8/site-packages/airflow/example_dags/example_complex.py took 0.132 seconds
[2023-09-01T14:51:54.016+0000] {processor.py:157} INFO - Started process (PID=222) to work on /home/airflow/.local/lib/python3.8/site-packages/airflow/example_dags/example_complex.py
[2023-09-01T14:51:54.017+0000] {processor.py:829} INFO - Processing file /home/airflow/.local/lib/python3.8/site-packages/airflow/example_dags/example_complex.py for tasks to queue
[2023-09-01T14:51:54.020+0000] {logging_mixin.py:151} INFO - [2023-09-01T14:51:54.020+0000] {dagbag.py:539} INFO - Filling up the DagBag from /home/airflow/.local/lib/python3.8/site-packages/airflow/example_dags/example_complex.py
[2023-09-01T14:51:54.033+0000] {processor.py:839} INFO - DAG(s) dict_keys(['example_complex']) retrieved from /home/airflow/.local/lib/python3.8/site-packages/airflow/example_dags/example_complex.py
[2023-09-01T14:51:54.066+0000] {logging_mixin.py:151} INFO - [2023-09-01T14:51:54.066+0000] {dag.py:2907} INFO - Sync 1 DAGs
[2023-09-01T14:51:54.080+0000] {logging_mixin.py:151} INFO - [2023-09-01T14:51:54.080+0000] {dag.py:3677} INFO - Setting next_dagrun for example_complex to None, run_after=None
[2023-09-01T14:51:54.100+0000] {processor.py:179} INFO - Processing /home/airflow/.local/lib/python3.8/site-packages/airflow/example_dags/example_complex.py took 0.088 seconds
[2023-09-01T14:52:24.176+0000] {processor.py:157} INFO - Started process (PID=275) to work on /home/airflow/.local/lib/python3.8/site-packages/airflow/example_dags/example_complex.py
[2023-09-01T14:52:24.178+0000] {processor.py:829} INFO - Processing file /home/airflow/.local/lib/python3.8/site-packages/airflow/example_dags/example_complex.py for tasks to queue
[2023-09-01T14:52:24.182+0000] {logging_mixin.py:151} INFO - [2023-09-01T14:52:24.181+0000] {dagbag.py:539} INFO - Filling up the DagBag from /home/airflow/.local/lib/python3.8/site-packages/airflow/example_dags/example_complex.py
[2023-09-01T14:52:24.197+0000] {processor.py:839} INFO - DAG(s) dict_keys(['example_complex']) retrieved from /home/airflow/.local/lib/python3.8/site-packages/airflow/example_dags/example_complex.py
[2023-09-01T14:52:24.237+0000] {logging_mixin.py:151} INFO - [2023-09-01T14:52:24.237+0000] {dag.py:2907} INFO - Sync 1 DAGs
[2023-09-01T14:52:24.255+0000] {logging_mixin.py:151} INFO - [2023-09-01T14:52:24.254+0000] {dag.py:3677} INFO - Setting next_dagrun for example_complex to None, run_after=None
[2023-09-01T14:52:24.281+0000] {processor.py:179} INFO - Processing /home/airflow/.local/lib/python3.8/site-packages/airflow/example_dags/example_complex.py took 0.109 seconds
[2023-09-01T14:52:54.321+0000] {processor.py:157} INFO - Started process (PID=329) to work on /home/airflow/.local/lib/python3.8/site-packages/airflow/example_dags/example_complex.py
[2023-09-01T14:52:54.322+0000] {processor.py:829} INFO - Processing file /home/airflow/.local/lib/python3.8/site-packages/airflow/example_dags/example_complex.py for tasks to queue
[2023-09-01T14:52:54.324+0000] {logging_mixin.py:151} INFO - [2023-09-01T14:52:54.324+0000] {dagbag.py:539} INFO - Filling up the DagBag from /home/airflow/.local/lib/python3.8/site-packages/airflow/example_dags/example_complex.py
[2023-09-01T14:52:54.337+0000] {processor.py:839} INFO - DAG(s) dict_keys(['example_complex']) retrieved from /home/airflow/.local/lib/python3.8/site-packages/airflow/example_dags/example_complex.py
[2023-09-01T14:52:54.369+0000] {logging_mixin.py:151} INFO - [2023-09-01T14:52:54.369+0000] {dag.py:2907} INFO - Sync 1 DAGs
[2023-09-01T14:52:54.382+0000] {logging_mixin.py:151} INFO - [2023-09-01T14:52:54.381+0000] {dag.py:3677} INFO - Setting next_dagrun for example_complex to None, run_after=None
[2023-09-01T14:52:54.400+0000] {processor.py:179} INFO - Processing /home/airflow/.local/lib/python3.8/site-packages/airflow/example_dags/example_complex.py took 0.084 seconds
[2023-09-01T14:53:24.638+0000] {processor.py:157} INFO - Started process (PID=383) to work on /home/airflow/.local/lib/python3.8/site-packages/airflow/example_dags/example_complex.py
[2023-09-01T14:53:24.640+0000] {processor.py:829} INFO - Processing file /home/airflow/.local/lib/python3.8/site-packages/airflow/example_dags/example_complex.py for tasks to queue
[2023-09-01T14:53:24.644+0000] {logging_mixin.py:151} INFO - [2023-09-01T14:53:24.644+0000] {dagbag.py:539} INFO - Filling up the DagBag from /home/airflow/.local/lib/python3.8/site-packages/airflow/example_dags/example_complex.py
[2023-09-01T14:53:24.661+0000] {processor.py:839} INFO - DAG(s) dict_keys(['example_complex']) retrieved from /home/airflow/.local/lib/python3.8/site-packages/airflow/example_dags/example_complex.py
[2023-09-01T14:53:24.705+0000] {logging_mixin.py:151} INFO - [2023-09-01T14:53:24.704+0000] {dag.py:2907} INFO - Sync 1 DAGs
[2023-09-01T14:53:24.725+0000] {logging_mixin.py:151} INFO - [2023-09-01T14:53:24.725+0000] {dag.py:3677} INFO - Setting next_dagrun for example_complex to None, run_after=None
[2023-09-01T14:53:24.756+0000] {processor.py:179} INFO - Processing /home/airflow/.local/lib/python3.8/site-packages/airflow/example_dags/example_complex.py took 0.123 seconds
[2023-09-01T14:53:54.786+0000] {processor.py:157} INFO - Started process (PID=438) to work on /home/airflow/.local/lib/python3.8/site-packages/airflow/example_dags/example_complex.py
[2023-09-01T14:53:54.787+0000] {processor.py:829} INFO - Processing file /home/airflow/.local/lib/python3.8/site-packages/airflow/example_dags/example_complex.py for tasks to queue
[2023-09-01T14:53:54.790+0000] {logging_mixin.py:151} INFO - [2023-09-01T14:53:54.790+0000] {dagbag.py:539} INFO - Filling up the DagBag from /home/airflow/.local/lib/python3.8/site-packages/airflow/example_dags/example_complex.py
[2023-09-01T14:53:54.803+0000] {processor.py:839} INFO - DAG(s) dict_keys(['example_complex']) retrieved from /home/airflow/.local/lib/python3.8/site-packages/airflow/example_dags/example_complex.py
[2023-09-01T14:53:54.834+0000] {logging_mixin.py:151} INFO - [2023-09-01T14:53:54.834+0000] {dag.py:2907} INFO - Sync 1 DAGs
[2023-09-01T14:53:54.845+0000] {logging_mixin.py:151} INFO - [2023-09-01T14:53:54.845+0000] {dag.py:3677} INFO - Setting next_dagrun for example_complex to None, run_after=None
[2023-09-01T14:53:54.862+0000] {processor.py:179} INFO - Processing /home/airflow/.local/lib/python3.8/site-packages/airflow/example_dags/example_complex.py took 0.079 seconds
[2023-09-01T14:54:24.975+0000] {processor.py:157} INFO - Started process (PID=492) to work on /home/airflow/.local/lib/python3.8/site-packages/airflow/example_dags/example_complex.py
[2023-09-01T14:54:24.977+0000] {processor.py:829} INFO - Processing file /home/airflow/.local/lib/python3.8/site-packages/airflow/example_dags/example_complex.py for tasks to queue
[2023-09-01T14:54:24.979+0000] {logging_mixin.py:151} INFO - [2023-09-01T14:54:24.979+0000] {dagbag.py:539} INFO - Filling up the DagBag from /home/airflow/.local/lib/python3.8/site-packages/airflow/example_dags/example_complex.py
[2023-09-01T14:54:24.992+0000] {processor.py:839} INFO - DAG(s) dict_keys(['example_complex']) retrieved from /home/airflow/.local/lib/python3.8/site-packages/airflow/example_dags/example_complex.py
[2023-09-01T14:54:25.023+0000] {logging_mixin.py:151} INFO - [2023-09-01T14:54:25.023+0000] {dag.py:2907} INFO - Sync 1 DAGs
[2023-09-01T14:54:25.034+0000] {logging_mixin.py:151} INFO - [2023-09-01T14:54:25.034+0000] {dag.py:3677} INFO - Setting next_dagrun for example_complex to None, run_after=None
[2023-09-01T14:54:25.051+0000] {processor.py:179} INFO - Processing /home/airflow/.local/lib/python3.8/site-packages/airflow/example_dags/example_complex.py took 0.079 seconds
[2023-09-01T14:54:55.217+0000] {processor.py:157} INFO - Started process (PID=546) to work on /home/airflow/.local/lib/python3.8/site-packages/airflow/example_dags/example_complex.py
[2023-09-01T14:54:55.218+0000] {processor.py:829} INFO - Processing file /home/airflow/.local/lib/python3.8/site-packages/airflow/example_dags/example_complex.py for tasks to queue
[2023-09-01T14:54:55.221+0000] {logging_mixin.py:151} INFO - [2023-09-01T14:54:55.221+0000] {dagbag.py:539} INFO - Filling up the DagBag from /home/airflow/.local/lib/python3.8/site-packages/airflow/example_dags/example_complex.py
[2023-09-01T14:54:55.234+0000] {processor.py:839} INFO - DAG(s) dict_keys(['example_complex']) retrieved from /home/airflow/.local/lib/python3.8/site-packages/airflow/example_dags/example_complex.py
[2023-09-01T14:54:55.270+0000] {logging_mixin.py:151} INFO - [2023-09-01T14:54:55.270+0000] {dag.py:2907} INFO - Sync 1 DAGs
[2023-09-01T14:54:55.284+0000] {logging_mixin.py:151} INFO - [2023-09-01T14:54:55.284+0000] {dag.py:3677} INFO - Setting next_dagrun for example_complex to None, run_after=None
[2023-09-01T14:54:55.304+0000] {processor.py:179} INFO - Processing /home/airflow/.local/lib/python3.8/site-packages/airflow/example_dags/example_complex.py took 0.091 seconds
[2023-09-01T14:55:26.194+0000] {processor.py:157} INFO - Started process (PID=607) to work on /home/airflow/.local/lib/python3.8/site-packages/airflow/example_dags/example_complex.py
[2023-09-01T14:55:26.195+0000] {processor.py:829} INFO - Processing file /home/airflow/.local/lib/python3.8/site-packages/airflow/example_dags/example_complex.py for tasks to queue
[2023-09-01T14:55:26.198+0000] {logging_mixin.py:151} INFO - [2023-09-01T14:55:26.197+0000] {dagbag.py:539} INFO - Filling up the DagBag from /home/airflow/.local/lib/python3.8/site-packages/airflow/example_dags/example_complex.py
[2023-09-01T14:55:26.212+0000] {processor.py:839} INFO - DAG(s) dict_keys(['example_complex']) retrieved from /home/airflow/.local/lib/python3.8/site-packages/airflow/example_dags/example_complex.py
[2023-09-01T14:55:26.245+0000] {logging_mixin.py:151} INFO - [2023-09-01T14:55:26.245+0000] {dag.py:2907} INFO - Sync 1 DAGs
[2023-09-01T14:55:26.259+0000] {logging_mixin.py:151} INFO - [2023-09-01T14:55:26.258+0000] {dag.py:3677} INFO - Setting next_dagrun for example_complex to None, run_after=None
[2023-09-01T14:55:26.280+0000] {processor.py:179} INFO - Processing /home/airflow/.local/lib/python3.8/site-packages/airflow/example_dags/example_complex.py took 0.090 seconds
[2023-09-01T14:55:56.787+0000] {processor.py:157} INFO - Started process (PID=661) to work on /home/airflow/.local/lib/python3.8/site-packages/airflow/example_dags/example_complex.py
[2023-09-01T14:55:56.788+0000] {processor.py:829} INFO - Processing file /home/airflow/.local/lib/python3.8/site-packages/airflow/example_dags/example_complex.py for tasks to queue
[2023-09-01T14:55:56.791+0000] {logging_mixin.py:151} INFO - [2023-09-01T14:55:56.791+0000] {dagbag.py:539} INFO - Filling up the DagBag from /home/airflow/.local/lib/python3.8/site-packages/airflow/example_dags/example_complex.py
[2023-09-01T14:55:56.804+0000] {processor.py:839} INFO - DAG(s) dict_keys(['example_complex']) retrieved from /home/airflow/.local/lib/python3.8/site-packages/airflow/example_dags/example_complex.py
[2023-09-01T14:55:56.833+0000] {logging_mixin.py:151} INFO - [2023-09-01T14:55:56.833+0000] {dag.py:2907} INFO - Sync 1 DAGs
[2023-09-01T14:55:56.846+0000] {logging_mixin.py:151} INFO - [2023-09-01T14:55:56.846+0000] {dag.py:3677} INFO - Setting next_dagrun for example_complex to None, run_after=None
[2023-09-01T14:55:56.863+0000] {processor.py:179} INFO - Processing /home/airflow/.local/lib/python3.8/site-packages/airflow/example_dags/example_complex.py took 0.079 seconds
[2023-09-01T14:56:27.597+0000] {processor.py:157} INFO - Started process (PID=715) to work on /home/airflow/.local/lib/python3.8/site-packages/airflow/example_dags/example_complex.py
[2023-09-01T14:56:27.599+0000] {processor.py:829} INFO - Processing file /home/airflow/.local/lib/python3.8/site-packages/airflow/example_dags/example_complex.py for tasks to queue
[2023-09-01T14:56:27.601+0000] {logging_mixin.py:151} INFO - [2023-09-01T14:56:27.601+0000] {dagbag.py:539} INFO - Filling up the DagBag from /home/airflow/.local/lib/python3.8/site-packages/airflow/example_dags/example_complex.py
[2023-09-01T14:56:27.614+0000] {processor.py:839} INFO - DAG(s) dict_keys(['example_complex']) retrieved from /home/airflow/.local/lib/python3.8/site-packages/airflow/example_dags/example_complex.py
[2023-09-01T14:56:27.648+0000] {logging_mixin.py:151} INFO - [2023-09-01T14:56:27.647+0000] {dag.py:2907} INFO - Sync 1 DAGs
[2023-09-01T14:56:27.661+0000] {logging_mixin.py:151} INFO - [2023-09-01T14:56:27.661+0000] {dag.py:3677} INFO - Setting next_dagrun for example_complex to None, run_after=None
[2023-09-01T14:56:27.681+0000] {processor.py:179} INFO - Processing /home/airflow/.local/lib/python3.8/site-packages/airflow/example_dags/example_complex.py took 0.088 seconds
[2023-09-01T14:56:58.380+0000] {processor.py:157} INFO - Started process (PID=769) to work on /home/airflow/.local/lib/python3.8/site-packages/airflow/example_dags/example_complex.py
[2023-09-01T14:56:58.381+0000] {processor.py:829} INFO - Processing file /home/airflow/.local/lib/python3.8/site-packages/airflow/example_dags/example_complex.py for tasks to queue
[2023-09-01T14:56:58.384+0000] {logging_mixin.py:151} INFO - [2023-09-01T14:56:58.384+0000] {dagbag.py:539} INFO - Filling up the DagBag from /home/airflow/.local/lib/python3.8/site-packages/airflow/example_dags/example_complex.py
[2023-09-01T14:56:58.397+0000] {processor.py:839} INFO - DAG(s) dict_keys(['example_complex']) retrieved from /home/airflow/.local/lib/python3.8/site-packages/airflow/example_dags/example_complex.py
[2023-09-01T14:56:58.429+0000] {logging_mixin.py:151} INFO - [2023-09-01T14:56:58.428+0000] {dag.py:2907} INFO - Sync 1 DAGs
[2023-09-01T14:56:58.441+0000] {logging_mixin.py:151} INFO - [2023-09-01T14:56:58.440+0000] {dag.py:3677} INFO - Setting next_dagrun for example_complex to None, run_after=None
[2023-09-01T14:56:58.457+0000] {processor.py:179} INFO - Processing /home/airflow/.local/lib/python3.8/site-packages/airflow/example_dags/example_complex.py took 0.081 seconds
[2023-09-01T14:57:29.214+0000] {processor.py:157} INFO - Started process (PID=823) to work on /home/airflow/.local/lib/python3.8/site-packages/airflow/example_dags/example_complex.py
[2023-09-01T14:57:29.215+0000] {processor.py:829} INFO - Processing file /home/airflow/.local/lib/python3.8/site-packages/airflow/example_dags/example_complex.py for tasks to queue
[2023-09-01T14:57:29.218+0000] {logging_mixin.py:151} INFO - [2023-09-01T14:57:29.217+0000] {dagbag.py:539} INFO - Filling up the DagBag from /home/airflow/.local/lib/python3.8/site-packages/airflow/example_dags/example_complex.py
[2023-09-01T14:57:29.230+0000] {processor.py:839} INFO - DAG(s) dict_keys(['example_complex']) retrieved from /home/airflow/.local/lib/python3.8/site-packages/airflow/example_dags/example_complex.py
[2023-09-01T14:57:29.262+0000] {logging_mixin.py:151} INFO - [2023-09-01T14:57:29.262+0000] {dag.py:2907} INFO - Sync 1 DAGs
[2023-09-01T14:57:29.274+0000] {logging_mixin.py:151} INFO - [2023-09-01T14:57:29.274+0000] {dag.py:3677} INFO - Setting next_dagrun for example_complex to None, run_after=None
[2023-09-01T14:57:29.292+0000] {processor.py:179} INFO - Processing /home/airflow/.local/lib/python3.8/site-packages/airflow/example_dags/example_complex.py took 0.082 seconds
[2023-09-01T14:57:59.947+0000] {processor.py:157} INFO - Started process (PID=877) to work on /home/airflow/.local/lib/python3.8/site-packages/airflow/example_dags/example_complex.py
[2023-09-01T14:57:59.948+0000] {processor.py:829} INFO - Processing file /home/airflow/.local/lib/python3.8/site-packages/airflow/example_dags/example_complex.py for tasks to queue
[2023-09-01T14:57:59.951+0000] {logging_mixin.py:151} INFO - [2023-09-01T14:57:59.951+0000] {dagbag.py:539} INFO - Filling up the DagBag from /home/airflow/.local/lib/python3.8/site-packages/airflow/example_dags/example_complex.py
[2023-09-01T14:57:59.964+0000] {processor.py:839} INFO - DAG(s) dict_keys(['example_complex']) retrieved from /home/airflow/.local/lib/python3.8/site-packages/airflow/example_dags/example_complex.py
[2023-09-01T14:57:59.996+0000] {logging_mixin.py:151} INFO - [2023-09-01T14:57:59.995+0000] {dag.py:2907} INFO - Sync 1 DAGs
[2023-09-01T14:58:00.010+0000] {logging_mixin.py:151} INFO - [2023-09-01T14:58:00.009+0000] {dag.py:3677} INFO - Setting next_dagrun for example_complex to None, run_after=None
[2023-09-01T14:58:00.029+0000] {processor.py:179} INFO - Processing /home/airflow/.local/lib/python3.8/site-packages/airflow/example_dags/example_complex.py took 0.086 seconds
[2023-09-01T14:58:30.812+0000] {processor.py:157} INFO - Started process (PID=931) to work on /home/airflow/.local/lib/python3.8/site-packages/airflow/example_dags/example_complex.py
[2023-09-01T14:58:30.813+0000] {processor.py:829} INFO - Processing file /home/airflow/.local/lib/python3.8/site-packages/airflow/example_dags/example_complex.py for tasks to queue
[2023-09-01T14:58:30.817+0000] {logging_mixin.py:151} INFO - [2023-09-01T14:58:30.816+0000] {dagbag.py:539} INFO - Filling up the DagBag from /home/airflow/.local/lib/python3.8/site-packages/airflow/example_dags/example_complex.py
[2023-09-01T14:58:30.830+0000] {processor.py:839} INFO - DAG(s) dict_keys(['example_complex']) retrieved from /home/airflow/.local/lib/python3.8/site-packages/airflow/example_dags/example_complex.py
[2023-09-01T14:58:30.867+0000] {logging_mixin.py:151} INFO - [2023-09-01T14:58:30.866+0000] {dag.py:2907} INFO - Sync 1 DAGs
[2023-09-01T14:58:30.882+0000] {logging_mixin.py:151} INFO - [2023-09-01T14:58:30.881+0000] {dag.py:3677} INFO - Setting next_dagrun for example_complex to None, run_after=None
[2023-09-01T14:58:30.902+0000] {processor.py:179} INFO - Processing /home/airflow/.local/lib/python3.8/site-packages/airflow/example_dags/example_complex.py took 0.094 seconds
[2023-09-01T14:59:01.638+0000] {processor.py:157} INFO - Started process (PID=985) to work on /home/airflow/.local/lib/python3.8/site-packages/airflow/example_dags/example_complex.py
[2023-09-01T14:59:01.640+0000] {processor.py:829} INFO - Processing file /home/airflow/.local/lib/python3.8/site-packages/airflow/example_dags/example_complex.py for tasks to queue
[2023-09-01T14:59:01.642+0000] {logging_mixin.py:151} INFO - [2023-09-01T14:59:01.642+0000] {dagbag.py:539} INFO - Filling up the DagBag from /home/airflow/.local/lib/python3.8/site-packages/airflow/example_dags/example_complex.py
[2023-09-01T14:59:01.655+0000] {processor.py:839} INFO - DAG(s) dict_keys(['example_complex']) retrieved from /home/airflow/.local/lib/python3.8/site-packages/airflow/example_dags/example_complex.py
[2023-09-01T14:59:01.687+0000] {logging_mixin.py:151} INFO - [2023-09-01T14:59:01.687+0000] {dag.py:2907} INFO - Sync 1 DAGs
[2023-09-01T14:59:01.701+0000] {logging_mixin.py:151} INFO - [2023-09-01T14:59:01.700+0000] {dag.py:3677} INFO - Setting next_dagrun for example_complex to None, run_after=None
[2023-09-01T14:59:01.722+0000] {processor.py:179} INFO - Processing /home/airflow/.local/lib/python3.8/site-packages/airflow/example_dags/example_complex.py took 0.087 seconds
[2023-09-01T14:59:32.127+0000] {processor.py:157} INFO - Started process (PID=1039) to work on /home/airflow/.local/lib/python3.8/site-packages/airflow/example_dags/example_complex.py
[2023-09-01T14:59:32.128+0000] {processor.py:829} INFO - Processing file /home/airflow/.local/lib/python3.8/site-packages/airflow/example_dags/example_complex.py for tasks to queue
[2023-09-01T14:59:32.131+0000] {logging_mixin.py:151} INFO - [2023-09-01T14:59:32.131+0000] {dagbag.py:539} INFO - Filling up the DagBag from /home/airflow/.local/lib/python3.8/site-packages/airflow/example_dags/example_complex.py
[2023-09-01T14:59:32.143+0000] {processor.py:839} INFO - DAG(s) dict_keys(['example_complex']) retrieved from /home/airflow/.local/lib/python3.8/site-packages/airflow/example_dags/example_complex.py
[2023-09-01T14:59:32.175+0000] {logging_mixin.py:151} INFO - [2023-09-01T14:59:32.174+0000] {dag.py:2907} INFO - Sync 1 DAGs
[2023-09-01T14:59:32.188+0000] {logging_mixin.py:151} INFO - [2023-09-01T14:59:32.188+0000] {dag.py:3677} INFO - Setting next_dagrun for example_complex to None, run_after=None
[2023-09-01T14:59:32.207+0000] {processor.py:179} INFO - Processing /home/airflow/.local/lib/python3.8/site-packages/airflow/example_dags/example_complex.py took 0.084 seconds
[2023-09-01T15:00:03.118+0000] {processor.py:157} INFO - Started process (PID=1093) to work on /home/airflow/.local/lib/python3.8/site-packages/airflow/example_dags/example_complex.py
[2023-09-01T15:00:03.119+0000] {processor.py:829} INFO - Processing file /home/airflow/.local/lib/python3.8/site-packages/airflow/example_dags/example_complex.py for tasks to queue
[2023-09-01T15:00:03.122+0000] {logging_mixin.py:151} INFO - [2023-09-01T15:00:03.122+0000] {dagbag.py:539} INFO - Filling up the DagBag from /home/airflow/.local/lib/python3.8/site-packages/airflow/example_dags/example_complex.py
[2023-09-01T15:00:03.136+0000] {processor.py:839} INFO - DAG(s) dict_keys(['example_complex']) retrieved from /home/airflow/.local/lib/python3.8/site-packages/airflow/example_dags/example_complex.py
[2023-09-01T15:00:03.171+0000] {logging_mixin.py:151} INFO - [2023-09-01T15:00:03.171+0000] {dag.py:2907} INFO - Sync 1 DAGs
[2023-09-01T15:00:03.186+0000] {logging_mixin.py:151} INFO - [2023-09-01T15:00:03.186+0000] {dag.py:3677} INFO - Setting next_dagrun for example_complex to None, run_after=None
[2023-09-01T15:00:03.208+0000] {processor.py:179} INFO - Processing /home/airflow/.local/lib/python3.8/site-packages/airflow/example_dags/example_complex.py took 0.094 seconds
[2023-09-01T15:00:33.910+0000] {processor.py:157} INFO - Started process (PID=1147) to work on /home/airflow/.local/lib/python3.8/site-packages/airflow/example_dags/example_complex.py
[2023-09-01T15:00:33.911+0000] {processor.py:829} INFO - Processing file /home/airflow/.local/lib/python3.8/site-packages/airflow/example_dags/example_complex.py for tasks to queue
[2023-09-01T15:00:33.914+0000] {logging_mixin.py:151} INFO - [2023-09-01T15:00:33.913+0000] {dagbag.py:539} INFO - Filling up the DagBag from /home/airflow/.local/lib/python3.8/site-packages/airflow/example_dags/example_complex.py
[2023-09-01T15:00:33.927+0000] {processor.py:839} INFO - DAG(s) dict_keys(['example_complex']) retrieved from /home/airflow/.local/lib/python3.8/site-packages/airflow/example_dags/example_complex.py
[2023-09-01T15:00:33.963+0000] {logging_mixin.py:151} INFO - [2023-09-01T15:00:33.963+0000] {dag.py:2907} INFO - Sync 1 DAGs
[2023-09-01T15:00:33.980+0000] {logging_mixin.py:151} INFO - [2023-09-01T15:00:33.980+0000] {dag.py:3677} INFO - Setting next_dagrun for example_complex to None, run_after=None
[2023-09-01T15:00:34.000+0000] {processor.py:179} INFO - Processing /home/airflow/.local/lib/python3.8/site-packages/airflow/example_dags/example_complex.py took 0.094 seconds
[2023-09-01T15:01:04.549+0000] {processor.py:157} INFO - Started process (PID=1201) to work on /home/airflow/.local/lib/python3.8/site-packages/airflow/example_dags/example_complex.py
[2023-09-01T15:01:04.550+0000] {processor.py:829} INFO - Processing file /home/airflow/.local/lib/python3.8/site-packages/airflow/example_dags/example_complex.py for tasks to queue
[2023-09-01T15:01:04.553+0000] {logging_mixin.py:151} INFO - [2023-09-01T15:01:04.552+0000] {dagbag.py:539} INFO - Filling up the DagBag from /home/airflow/.local/lib/python3.8/site-packages/airflow/example_dags/example_complex.py
[2023-09-01T15:01:04.565+0000] {processor.py:839} INFO - DAG(s) dict_keys(['example_complex']) retrieved from /home/airflow/.local/lib/python3.8/site-packages/airflow/example_dags/example_complex.py
[2023-09-01T15:01:04.599+0000] {logging_mixin.py:151} INFO - [2023-09-01T15:01:04.598+0000] {dag.py:2907} INFO - Sync 1 DAGs
[2023-09-01T15:01:04.613+0000] {logging_mixin.py:151} INFO - [2023-09-01T15:01:04.613+0000] {dag.py:3677} INFO - Setting next_dagrun for example_complex to None, run_after=None
[2023-09-01T15:01:04.634+0000] {processor.py:179} INFO - Processing /home/airflow/.local/lib/python3.8/site-packages/airflow/example_dags/example_complex.py took 0.090 seconds
[2023-09-01T15:01:35.364+0000] {processor.py:157} INFO - Started process (PID=1255) to work on /home/airflow/.local/lib/python3.8/site-packages/airflow/example_dags/example_complex.py
[2023-09-01T15:01:35.365+0000] {processor.py:829} INFO - Processing file /home/airflow/.local/lib/python3.8/site-packages/airflow/example_dags/example_complex.py for tasks to queue
[2023-09-01T15:01:35.368+0000] {logging_mixin.py:151} INFO - [2023-09-01T15:01:35.368+0000] {dagbag.py:539} INFO - Filling up the DagBag from /home/airflow/.local/lib/python3.8/site-packages/airflow/example_dags/example_complex.py
[2023-09-01T15:01:35.381+0000] {processor.py:839} INFO - DAG(s) dict_keys(['example_complex']) retrieved from /home/airflow/.local/lib/python3.8/site-packages/airflow/example_dags/example_complex.py
[2023-09-01T15:01:35.415+0000] {logging_mixin.py:151} INFO - [2023-09-01T15:01:35.415+0000] {dag.py:2907} INFO - Sync 1 DAGs
[2023-09-01T15:01:35.430+0000] {logging_mixin.py:151} INFO - [2023-09-01T15:01:35.430+0000] {dag.py:3677} INFO - Setting next_dagrun for example_complex to None, run_after=None
[2023-09-01T15:01:35.454+0000] {processor.py:179} INFO - Processing /home/airflow/.local/lib/python3.8/site-packages/airflow/example_dags/example_complex.py took 0.095 seconds
[2023-09-01T15:02:06.032+0000] {processor.py:157} INFO - Started process (PID=1309) to work on /home/airflow/.local/lib/python3.8/site-packages/airflow/example_dags/example_complex.py
[2023-09-01T15:02:06.033+0000] {processor.py:829} INFO - Processing file /home/airflow/.local/lib/python3.8/site-packages/airflow/example_dags/example_complex.py for tasks to queue
[2023-09-01T15:02:06.035+0000] {logging_mixin.py:151} INFO - [2023-09-01T15:02:06.035+0000] {dagbag.py:539} INFO - Filling up the DagBag from /home/airflow/.local/lib/python3.8/site-packages/airflow/example_dags/example_complex.py
[2023-09-01T15:02:06.048+0000] {processor.py:839} INFO - DAG(s) dict_keys(['example_complex']) retrieved from /home/airflow/.local/lib/python3.8/site-packages/airflow/example_dags/example_complex.py
[2023-09-01T15:02:06.080+0000] {logging_mixin.py:151} INFO - [2023-09-01T15:02:06.080+0000] {dag.py:2907} INFO - Sync 1 DAGs
[2023-09-01T15:02:06.093+0000] {logging_mixin.py:151} INFO - [2023-09-01T15:02:06.093+0000] {dag.py:3677} INFO - Setting next_dagrun for example_complex to None, run_after=None
[2023-09-01T15:02:06.112+0000] {processor.py:179} INFO - Processing /home/airflow/.local/lib/python3.8/site-packages/airflow/example_dags/example_complex.py took 0.085 seconds
[2023-09-01T15:02:36.328+0000] {processor.py:157} INFO - Started process (PID=1363) to work on /home/airflow/.local/lib/python3.8/site-packages/airflow/example_dags/example_complex.py
[2023-09-01T15:02:36.330+0000] {processor.py:829} INFO - Processing file /home/airflow/.local/lib/python3.8/site-packages/airflow/example_dags/example_complex.py for tasks to queue
[2023-09-01T15:02:36.334+0000] {logging_mixin.py:151} INFO - [2023-09-01T15:02:36.333+0000] {dagbag.py:539} INFO - Filling up the DagBag from /home/airflow/.local/lib/python3.8/site-packages/airflow/example_dags/example_complex.py
[2023-09-01T15:02:36.350+0000] {processor.py:839} INFO - DAG(s) dict_keys(['example_complex']) retrieved from /home/airflow/.local/lib/python3.8/site-packages/airflow/example_dags/example_complex.py
[2023-09-01T15:02:36.397+0000] {logging_mixin.py:151} INFO - [2023-09-01T15:02:36.397+0000] {dag.py:2907} INFO - Sync 1 DAGs
[2023-09-01T15:02:36.416+0000] {logging_mixin.py:151} INFO - [2023-09-01T15:02:36.416+0000] {dag.py:3677} INFO - Setting next_dagrun for example_complex to None, run_after=None
[2023-09-01T15:02:36.453+0000] {processor.py:179} INFO - Processing /home/airflow/.local/lib/python3.8/site-packages/airflow/example_dags/example_complex.py took 0.130 seconds
[2023-09-01T15:03:06.499+0000] {processor.py:157} INFO - Started process (PID=1417) to work on /home/airflow/.local/lib/python3.8/site-packages/airflow/example_dags/example_complex.py
[2023-09-01T15:03:06.500+0000] {processor.py:829} INFO - Processing file /home/airflow/.local/lib/python3.8/site-packages/airflow/example_dags/example_complex.py for tasks to queue
[2023-09-01T15:03:06.505+0000] {logging_mixin.py:151} INFO - [2023-09-01T15:03:06.504+0000] {dagbag.py:539} INFO - Filling up the DagBag from /home/airflow/.local/lib/python3.8/site-packages/airflow/example_dags/example_complex.py
[2023-09-01T15:03:06.522+0000] {processor.py:839} INFO - DAG(s) dict_keys(['example_complex']) retrieved from /home/airflow/.local/lib/python3.8/site-packages/airflow/example_dags/example_complex.py
[2023-09-01T15:03:06.565+0000] {logging_mixin.py:151} INFO - [2023-09-01T15:03:06.564+0000] {dag.py:2907} INFO - Sync 1 DAGs
[2023-09-01T15:03:06.583+0000] {logging_mixin.py:151} INFO - [2023-09-01T15:03:06.583+0000] {dag.py:3677} INFO - Setting next_dagrun for example_complex to None, run_after=None
[2023-09-01T15:03:06.612+0000] {processor.py:179} INFO - Processing /home/airflow/.local/lib/python3.8/site-packages/airflow/example_dags/example_complex.py took 0.118 seconds
[2023-09-01T15:03:36.888+0000] {processor.py:157} INFO - Started process (PID=1471) to work on /home/airflow/.local/lib/python3.8/site-packages/airflow/example_dags/example_complex.py
[2023-09-01T15:03:36.889+0000] {processor.py:829} INFO - Processing file /home/airflow/.local/lib/python3.8/site-packages/airflow/example_dags/example_complex.py for tasks to queue
[2023-09-01T15:03:36.892+0000] {logging_mixin.py:151} INFO - [2023-09-01T15:03:36.891+0000] {dagbag.py:539} INFO - Filling up the DagBag from /home/airflow/.local/lib/python3.8/site-packages/airflow/example_dags/example_complex.py
[2023-09-01T15:03:36.904+0000] {processor.py:839} INFO - DAG(s) dict_keys(['example_complex']) retrieved from /home/airflow/.local/lib/python3.8/site-packages/airflow/example_dags/example_complex.py
[2023-09-01T15:03:36.935+0000] {logging_mixin.py:151} INFO - [2023-09-01T15:03:36.935+0000] {dag.py:2907} INFO - Sync 1 DAGs
[2023-09-01T15:03:36.948+0000] {logging_mixin.py:151} INFO - [2023-09-01T15:03:36.947+0000] {dag.py:3677} INFO - Setting next_dagrun for example_complex to None, run_after=None
[2023-09-01T15:03:36.965+0000] {processor.py:179} INFO - Processing /home/airflow/.local/lib/python3.8/site-packages/airflow/example_dags/example_complex.py took 0.081 seconds
[2023-09-01T15:04:07.082+0000] {processor.py:157} INFO - Started process (PID=1525) to work on /home/airflow/.local/lib/python3.8/site-packages/airflow/example_dags/example_complex.py
[2023-09-01T15:04:07.084+0000] {processor.py:829} INFO - Processing file /home/airflow/.local/lib/python3.8/site-packages/airflow/example_dags/example_complex.py for tasks to queue
[2023-09-01T15:04:07.086+0000] {logging_mixin.py:151} INFO - [2023-09-01T15:04:07.086+0000] {dagbag.py:539} INFO - Filling up the DagBag from /home/airflow/.local/lib/python3.8/site-packages/airflow/example_dags/example_complex.py
[2023-09-01T15:04:07.099+0000] {processor.py:839} INFO - DAG(s) dict_keys(['example_complex']) retrieved from /home/airflow/.local/lib/python3.8/site-packages/airflow/example_dags/example_complex.py
[2023-09-01T15:04:07.130+0000] {logging_mixin.py:151} INFO - [2023-09-01T15:04:07.130+0000] {dag.py:2907} INFO - Sync 1 DAGs
[2023-09-01T15:04:07.141+0000] {logging_mixin.py:151} INFO - [2023-09-01T15:04:07.141+0000] {dag.py:3677} INFO - Setting next_dagrun for example_complex to None, run_after=None
[2023-09-01T15:04:07.158+0000] {processor.py:179} INFO - Processing /home/airflow/.local/lib/python3.8/site-packages/airflow/example_dags/example_complex.py took 0.079 seconds
[2023-09-01T15:04:37.402+0000] {processor.py:157} INFO - Started process (PID=1579) to work on /home/airflow/.local/lib/python3.8/site-packages/airflow/example_dags/example_complex.py
[2023-09-01T15:04:37.403+0000] {processor.py:829} INFO - Processing file /home/airflow/.local/lib/python3.8/site-packages/airflow/example_dags/example_complex.py for tasks to queue
[2023-09-01T15:04:37.406+0000] {logging_mixin.py:151} INFO - [2023-09-01T15:04:37.406+0000] {dagbag.py:539} INFO - Filling up the DagBag from /home/airflow/.local/lib/python3.8/site-packages/airflow/example_dags/example_complex.py
[2023-09-01T15:04:37.420+0000] {processor.py:839} INFO - DAG(s) dict_keys(['example_complex']) retrieved from /home/airflow/.local/lib/python3.8/site-packages/airflow/example_dags/example_complex.py
[2023-09-01T15:04:37.452+0000] {logging_mixin.py:151} INFO - [2023-09-01T15:04:37.452+0000] {dag.py:2907} INFO - Sync 1 DAGs
[2023-09-01T15:04:37.468+0000] {logging_mixin.py:151} INFO - [2023-09-01T15:04:37.467+0000] {dag.py:3677} INFO - Setting next_dagrun for example_complex to None, run_after=None
[2023-09-01T15:04:37.487+0000] {processor.py:179} INFO - Processing /home/airflow/.local/lib/python3.8/site-packages/airflow/example_dags/example_complex.py took 0.090 seconds
[2023-09-01T15:05:07.540+0000] {processor.py:157} INFO - Started process (PID=1634) to work on /home/airflow/.local/lib/python3.8/site-packages/airflow/example_dags/example_complex.py
[2023-09-01T15:05:07.541+0000] {processor.py:829} INFO - Processing file /home/airflow/.local/lib/python3.8/site-packages/airflow/example_dags/example_complex.py for tasks to queue
[2023-09-01T15:05:07.544+0000] {logging_mixin.py:151} INFO - [2023-09-01T15:05:07.543+0000] {dagbag.py:539} INFO - Filling up the DagBag from /home/airflow/.local/lib/python3.8/site-packages/airflow/example_dags/example_complex.py
[2023-09-01T15:05:07.557+0000] {processor.py:839} INFO - DAG(s) dict_keys(['example_complex']) retrieved from /home/airflow/.local/lib/python3.8/site-packages/airflow/example_dags/example_complex.py
[2023-09-01T15:05:07.588+0000] {logging_mixin.py:151} INFO - [2023-09-01T15:05:07.587+0000] {dag.py:2907} INFO - Sync 1 DAGs
[2023-09-01T15:05:07.600+0000] {logging_mixin.py:151} INFO - [2023-09-01T15:05:07.600+0000] {dag.py:3677} INFO - Setting next_dagrun for example_complex to None, run_after=None
[2023-09-01T15:05:07.618+0000] {processor.py:179} INFO - Processing /home/airflow/.local/lib/python3.8/site-packages/airflow/example_dags/example_complex.py took 0.081 seconds
[2023-09-01T15:05:37.856+0000] {processor.py:157} INFO - Started process (PID=1688) to work on /home/airflow/.local/lib/python3.8/site-packages/airflow/example_dags/example_complex.py
[2023-09-01T15:05:37.858+0000] {processor.py:829} INFO - Processing file /home/airflow/.local/lib/python3.8/site-packages/airflow/example_dags/example_complex.py for tasks to queue
[2023-09-01T15:05:37.860+0000] {logging_mixin.py:151} INFO - [2023-09-01T15:05:37.860+0000] {dagbag.py:539} INFO - Filling up the DagBag from /home/airflow/.local/lib/python3.8/site-packages/airflow/example_dags/example_complex.py
[2023-09-01T15:05:37.873+0000] {processor.py:839} INFO - DAG(s) dict_keys(['example_complex']) retrieved from /home/airflow/.local/lib/python3.8/site-packages/airflow/example_dags/example_complex.py
[2023-09-01T15:05:37.904+0000] {logging_mixin.py:151} INFO - [2023-09-01T15:05:37.904+0000] {dag.py:2907} INFO - Sync 1 DAGs
[2023-09-01T15:05:37.915+0000] {logging_mixin.py:151} INFO - [2023-09-01T15:05:37.915+0000] {dag.py:3677} INFO - Setting next_dagrun for example_complex to None, run_after=None
[2023-09-01T15:05:37.938+0000] {processor.py:179} INFO - Processing /home/airflow/.local/lib/python3.8/site-packages/airflow/example_dags/example_complex.py took 0.085 seconds
[2023-09-01T15:06:08.118+0000] {processor.py:157} INFO - Started process (PID=1742) to work on /home/airflow/.local/lib/python3.8/site-packages/airflow/example_dags/example_complex.py
[2023-09-01T15:06:08.119+0000] {processor.py:829} INFO - Processing file /home/airflow/.local/lib/python3.8/site-packages/airflow/example_dags/example_complex.py for tasks to queue
[2023-09-01T15:06:08.122+0000] {logging_mixin.py:151} INFO - [2023-09-01T15:06:08.122+0000] {dagbag.py:539} INFO - Filling up the DagBag from /home/airflow/.local/lib/python3.8/site-packages/airflow/example_dags/example_complex.py
[2023-09-01T15:06:08.137+0000] {processor.py:839} INFO - DAG(s) dict_keys(['example_complex']) retrieved from /home/airflow/.local/lib/python3.8/site-packages/airflow/example_dags/example_complex.py
[2023-09-01T15:06:08.169+0000] {logging_mixin.py:151} INFO - [2023-09-01T15:06:08.169+0000] {dag.py:2907} INFO - Sync 1 DAGs
[2023-09-01T15:06:08.183+0000] {logging_mixin.py:151} INFO - [2023-09-01T15:06:08.183+0000] {dag.py:3677} INFO - Setting next_dagrun for example_complex to None, run_after=None
[2023-09-01T15:06:08.202+0000] {processor.py:179} INFO - Processing /home/airflow/.local/lib/python3.8/site-packages/airflow/example_dags/example_complex.py took 0.089 seconds
[2023-09-01T15:06:38.311+0000] {processor.py:157} INFO - Started process (PID=1796) to work on /home/airflow/.local/lib/python3.8/site-packages/airflow/example_dags/example_complex.py
[2023-09-01T15:06:38.312+0000] {processor.py:829} INFO - Processing file /home/airflow/.local/lib/python3.8/site-packages/airflow/example_dags/example_complex.py for tasks to queue
[2023-09-01T15:06:38.315+0000] {logging_mixin.py:151} INFO - [2023-09-01T15:06:38.314+0000] {dagbag.py:539} INFO - Filling up the DagBag from /home/airflow/.local/lib/python3.8/site-packages/airflow/example_dags/example_complex.py
[2023-09-01T15:06:38.328+0000] {processor.py:839} INFO - DAG(s) dict_keys(['example_complex']) retrieved from /home/airflow/.local/lib/python3.8/site-packages/airflow/example_dags/example_complex.py
[2023-09-01T15:06:38.360+0000] {logging_mixin.py:151} INFO - [2023-09-01T15:06:38.360+0000] {dag.py:2907} INFO - Sync 1 DAGs
[2023-09-01T15:06:38.373+0000] {logging_mixin.py:151} INFO - [2023-09-01T15:06:38.373+0000] {dag.py:3677} INFO - Setting next_dagrun for example_complex to None, run_after=None
[2023-09-01T15:06:38.392+0000] {processor.py:179} INFO - Processing /home/airflow/.local/lib/python3.8/site-packages/airflow/example_dags/example_complex.py took 0.085 seconds
[2023-09-01T15:07:08.484+0000] {processor.py:157} INFO - Started process (PID=1850) to work on /home/airflow/.local/lib/python3.8/site-packages/airflow/example_dags/example_complex.py
[2023-09-01T15:07:08.486+0000] {processor.py:829} INFO - Processing file /home/airflow/.local/lib/python3.8/site-packages/airflow/example_dags/example_complex.py for tasks to queue
[2023-09-01T15:07:08.491+0000] {logging_mixin.py:151} INFO - [2023-09-01T15:07:08.491+0000] {dagbag.py:539} INFO - Filling up the DagBag from /home/airflow/.local/lib/python3.8/site-packages/airflow/example_dags/example_complex.py
[2023-09-01T15:07:08.509+0000] {processor.py:839} INFO - DAG(s) dict_keys(['example_complex']) retrieved from /home/airflow/.local/lib/python3.8/site-packages/airflow/example_dags/example_complex.py
[2023-09-01T15:07:08.552+0000] {logging_mixin.py:151} INFO - [2023-09-01T15:07:08.552+0000] {dag.py:2907} INFO - Sync 1 DAGs
[2023-09-01T15:07:08.574+0000] {logging_mixin.py:151} INFO - [2023-09-01T15:07:08.573+0000] {dag.py:3677} INFO - Setting next_dagrun for example_complex to None, run_after=None
[2023-09-01T15:07:08.606+0000] {processor.py:179} INFO - Processing /home/airflow/.local/lib/python3.8/site-packages/airflow/example_dags/example_complex.py took 0.128 seconds
[2023-09-01T15:07:38.655+0000] {processor.py:157} INFO - Started process (PID=1904) to work on /home/airflow/.local/lib/python3.8/site-packages/airflow/example_dags/example_complex.py
[2023-09-01T15:07:38.656+0000] {processor.py:829} INFO - Processing file /home/airflow/.local/lib/python3.8/site-packages/airflow/example_dags/example_complex.py for tasks to queue
[2023-09-01T15:07:38.659+0000] {logging_mixin.py:151} INFO - [2023-09-01T15:07:38.659+0000] {dagbag.py:539} INFO - Filling up the DagBag from /home/airflow/.local/lib/python3.8/site-packages/airflow/example_dags/example_complex.py
[2023-09-01T15:07:38.672+0000] {processor.py:839} INFO - DAG(s) dict_keys(['example_complex']) retrieved from /home/airflow/.local/lib/python3.8/site-packages/airflow/example_dags/example_complex.py
[2023-09-01T15:07:38.704+0000] {logging_mixin.py:151} INFO - [2023-09-01T15:07:38.704+0000] {dag.py:2907} INFO - Sync 1 DAGs
[2023-09-01T15:07:38.717+0000] {logging_mixin.py:151} INFO - [2023-09-01T15:07:38.717+0000] {dag.py:3677} INFO - Setting next_dagrun for example_complex to None, run_after=None
[2023-09-01T15:07:38.738+0000] {processor.py:179} INFO - Processing /home/airflow/.local/lib/python3.8/site-packages/airflow/example_dags/example_complex.py took 0.086 seconds
[2023-09-01T15:08:09.014+0000] {processor.py:157} INFO - Started process (PID=1958) to work on /home/airflow/.local/lib/python3.8/site-packages/airflow/example_dags/example_complex.py
[2023-09-01T15:08:09.015+0000] {processor.py:829} INFO - Processing file /home/airflow/.local/lib/python3.8/site-packages/airflow/example_dags/example_complex.py for tasks to queue
[2023-09-01T15:08:09.019+0000] {logging_mixin.py:151} INFO - [2023-09-01T15:08:09.018+0000] {dagbag.py:539} INFO - Filling up the DagBag from /home/airflow/.local/lib/python3.8/site-packages/airflow/example_dags/example_complex.py
[2023-09-01T15:08:09.037+0000] {processor.py:839} INFO - DAG(s) dict_keys(['example_complex']) retrieved from /home/airflow/.local/lib/python3.8/site-packages/airflow/example_dags/example_complex.py
[2023-09-01T15:08:09.077+0000] {logging_mixin.py:151} INFO - [2023-09-01T15:08:09.077+0000] {dag.py:2907} INFO - Sync 1 DAGs
[2023-09-01T15:08:09.096+0000] {logging_mixin.py:151} INFO - [2023-09-01T15:08:09.095+0000] {dag.py:3677} INFO - Setting next_dagrun for example_complex to None, run_after=None
[2023-09-01T15:08:09.123+0000] {processor.py:179} INFO - Processing /home/airflow/.local/lib/python3.8/site-packages/airflow/example_dags/example_complex.py took 0.114 seconds
[2023-09-01T15:08:39.343+0000] {processor.py:157} INFO - Started process (PID=2012) to work on /home/airflow/.local/lib/python3.8/site-packages/airflow/example_dags/example_complex.py
[2023-09-01T15:08:39.344+0000] {processor.py:829} INFO - Processing file /home/airflow/.local/lib/python3.8/site-packages/airflow/example_dags/example_complex.py for tasks to queue
[2023-09-01T15:08:39.347+0000] {logging_mixin.py:151} INFO - [2023-09-01T15:08:39.347+0000] {dagbag.py:539} INFO - Filling up the DagBag from /home/airflow/.local/lib/python3.8/site-packages/airflow/example_dags/example_complex.py
[2023-09-01T15:08:39.360+0000] {processor.py:839} INFO - DAG(s) dict_keys(['example_complex']) retrieved from /home/airflow/.local/lib/python3.8/site-packages/airflow/example_dags/example_complex.py
[2023-09-01T15:08:39.390+0000] {logging_mixin.py:151} INFO - [2023-09-01T15:08:39.390+0000] {dag.py:2907} INFO - Sync 1 DAGs
[2023-09-01T15:08:39.403+0000] {logging_mixin.py:151} INFO - [2023-09-01T15:08:39.403+0000] {dag.py:3677} INFO - Setting next_dagrun for example_complex to None, run_after=None
[2023-09-01T15:08:39.420+0000] {processor.py:179} INFO - Processing /home/airflow/.local/lib/python3.8/site-packages/airflow/example_dags/example_complex.py took 0.081 seconds
[2023-09-01T15:09:09.711+0000] {processor.py:157} INFO - Started process (PID=2066) to work on /home/airflow/.local/lib/python3.8/site-packages/airflow/example_dags/example_complex.py
[2023-09-01T15:09:09.712+0000] {processor.py:829} INFO - Processing file /home/airflow/.local/lib/python3.8/site-packages/airflow/example_dags/example_complex.py for tasks to queue
[2023-09-01T15:09:09.715+0000] {logging_mixin.py:151} INFO - [2023-09-01T15:09:09.714+0000] {dagbag.py:539} INFO - Filling up the DagBag from /home/airflow/.local/lib/python3.8/site-packages/airflow/example_dags/example_complex.py
[2023-09-01T15:09:09.728+0000] {processor.py:839} INFO - DAG(s) dict_keys(['example_complex']) retrieved from /home/airflow/.local/lib/python3.8/site-packages/airflow/example_dags/example_complex.py
[2023-09-01T15:09:09.759+0000] {logging_mixin.py:151} INFO - [2023-09-01T15:09:09.759+0000] {dag.py:2907} INFO - Sync 1 DAGs
[2023-09-01T15:09:09.773+0000] {logging_mixin.py:151} INFO - [2023-09-01T15:09:09.773+0000] {dag.py:3677} INFO - Setting next_dagrun for example_complex to None, run_after=None
[2023-09-01T15:09:09.790+0000] {processor.py:179} INFO - Processing /home/airflow/.local/lib/python3.8/site-packages/airflow/example_dags/example_complex.py took 0.083 seconds
[2023-09-01T15:09:39.844+0000] {processor.py:157} INFO - Started process (PID=2120) to work on /home/airflow/.local/lib/python3.8/site-packages/airflow/example_dags/example_complex.py
[2023-09-01T15:09:39.846+0000] {processor.py:829} INFO - Processing file /home/airflow/.local/lib/python3.8/site-packages/airflow/example_dags/example_complex.py for tasks to queue
[2023-09-01T15:09:39.848+0000] {logging_mixin.py:151} INFO - [2023-09-01T15:09:39.848+0000] {dagbag.py:539} INFO - Filling up the DagBag from /home/airflow/.local/lib/python3.8/site-packages/airflow/example_dags/example_complex.py
[2023-09-01T15:09:39.862+0000] {processor.py:839} INFO - DAG(s) dict_keys(['example_complex']) retrieved from /home/airflow/.local/lib/python3.8/site-packages/airflow/example_dags/example_complex.py
[2023-09-01T15:09:39.895+0000] {logging_mixin.py:151} INFO - [2023-09-01T15:09:39.894+0000] {dag.py:2907} INFO - Sync 1 DAGs
[2023-09-01T15:09:39.908+0000] {logging_mixin.py:151} INFO - [2023-09-01T15:09:39.908+0000] {dag.py:3677} INFO - Setting next_dagrun for example_complex to None, run_after=None
[2023-09-01T15:09:39.930+0000] {processor.py:179} INFO - Processing /home/airflow/.local/lib/python3.8/site-packages/airflow/example_dags/example_complex.py took 0.090 seconds
[2023-09-01T15:10:10.192+0000] {processor.py:157} INFO - Started process (PID=2174) to work on /home/airflow/.local/lib/python3.8/site-packages/airflow/example_dags/example_complex.py
[2023-09-01T15:10:10.193+0000] {processor.py:829} INFO - Processing file /home/airflow/.local/lib/python3.8/site-packages/airflow/example_dags/example_complex.py for tasks to queue
[2023-09-01T15:10:10.196+0000] {logging_mixin.py:151} INFO - [2023-09-01T15:10:10.195+0000] {dagbag.py:539} INFO - Filling up the DagBag from /home/airflow/.local/lib/python3.8/site-packages/airflow/example_dags/example_complex.py
[2023-09-01T15:10:10.209+0000] {processor.py:839} INFO - DAG(s) dict_keys(['example_complex']) retrieved from /home/airflow/.local/lib/python3.8/site-packages/airflow/example_dags/example_complex.py
[2023-09-01T15:10:10.241+0000] {logging_mixin.py:151} INFO - [2023-09-01T15:10:10.241+0000] {dag.py:2907} INFO - Sync 1 DAGs
[2023-09-01T15:10:10.254+0000] {logging_mixin.py:151} INFO - [2023-09-01T15:10:10.254+0000] {dag.py:3677} INFO - Setting next_dagrun for example_complex to None, run_after=None
[2023-09-01T15:10:10.274+0000] {processor.py:179} INFO - Processing /home/airflow/.local/lib/python3.8/site-packages/airflow/example_dags/example_complex.py took 0.086 seconds
[2023-09-01T15:10:40.642+0000] {processor.py:157} INFO - Started process (PID=2228) to work on /home/airflow/.local/lib/python3.8/site-packages/airflow/example_dags/example_complex.py
[2023-09-01T15:10:40.643+0000] {processor.py:829} INFO - Processing file /home/airflow/.local/lib/python3.8/site-packages/airflow/example_dags/example_complex.py for tasks to queue
[2023-09-01T15:10:40.646+0000] {logging_mixin.py:151} INFO - [2023-09-01T15:10:40.645+0000] {dagbag.py:539} INFO - Filling up the DagBag from /home/airflow/.local/lib/python3.8/site-packages/airflow/example_dags/example_complex.py
[2023-09-01T15:10:40.660+0000] {processor.py:839} INFO - DAG(s) dict_keys(['example_complex']) retrieved from /home/airflow/.local/lib/python3.8/site-packages/airflow/example_dags/example_complex.py
[2023-09-01T15:10:40.694+0000] {logging_mixin.py:151} INFO - [2023-09-01T15:10:40.694+0000] {dag.py:2907} INFO - Sync 1 DAGs
[2023-09-01T15:10:40.709+0000] {logging_mixin.py:151} INFO - [2023-09-01T15:10:40.708+0000] {dag.py:3677} INFO - Setting next_dagrun for example_complex to None, run_after=None
[2023-09-01T15:10:40.728+0000] {processor.py:179} INFO - Processing /home/airflow/.local/lib/python3.8/site-packages/airflow/example_dags/example_complex.py took 0.091 seconds
[2023-09-01T15:11:11.158+0000] {processor.py:157} INFO - Started process (PID=2282) to work on /home/airflow/.local/lib/python3.8/site-packages/airflow/example_dags/example_complex.py
[2023-09-01T15:11:11.160+0000] {processor.py:829} INFO - Processing file /home/airflow/.local/lib/python3.8/site-packages/airflow/example_dags/example_complex.py for tasks to queue
[2023-09-01T15:11:11.163+0000] {logging_mixin.py:151} INFO - [2023-09-01T15:11:11.163+0000] {dagbag.py:539} INFO - Filling up the DagBag from /home/airflow/.local/lib/python3.8/site-packages/airflow/example_dags/example_complex.py
[2023-09-01T15:11:11.181+0000] {processor.py:839} INFO - DAG(s) dict_keys(['example_complex']) retrieved from /home/airflow/.local/lib/python3.8/site-packages/airflow/example_dags/example_complex.py
[2023-09-01T15:11:11.220+0000] {logging_mixin.py:151} INFO - [2023-09-01T15:11:11.220+0000] {dag.py:2907} INFO - Sync 1 DAGs
[2023-09-01T15:11:11.235+0000] {logging_mixin.py:151} INFO - [2023-09-01T15:11:11.234+0000] {dag.py:3677} INFO - Setting next_dagrun for example_complex to None, run_after=None
[2023-09-01T15:11:11.254+0000] {processor.py:179} INFO - Processing /home/airflow/.local/lib/python3.8/site-packages/airflow/example_dags/example_complex.py took 0.101 seconds
[2023-09-01T15:11:41.389+0000] {processor.py:157} INFO - Started process (PID=2336) to work on /home/airflow/.local/lib/python3.8/site-packages/airflow/example_dags/example_complex.py
[2023-09-01T15:11:41.391+0000] {processor.py:829} INFO - Processing file /home/airflow/.local/lib/python3.8/site-packages/airflow/example_dags/example_complex.py for tasks to queue
[2023-09-01T15:11:41.394+0000] {logging_mixin.py:151} INFO - [2023-09-01T15:11:41.394+0000] {dagbag.py:539} INFO - Filling up the DagBag from /home/airflow/.local/lib/python3.8/site-packages/airflow/example_dags/example_complex.py
[2023-09-01T15:11:41.411+0000] {processor.py:839} INFO - DAG(s) dict_keys(['example_complex']) retrieved from /home/airflow/.local/lib/python3.8/site-packages/airflow/example_dags/example_complex.py
[2023-09-01T15:11:41.453+0000] {logging_mixin.py:151} INFO - [2023-09-01T15:11:41.453+0000] {dag.py:2907} INFO - Sync 1 DAGs
[2023-09-01T15:11:41.473+0000] {logging_mixin.py:151} INFO - [2023-09-01T15:11:41.473+0000] {dag.py:3677} INFO - Setting next_dagrun for example_complex to None, run_after=None
[2023-09-01T15:11:41.496+0000] {processor.py:179} INFO - Processing /home/airflow/.local/lib/python3.8/site-packages/airflow/example_dags/example_complex.py took 0.112 seconds
[2023-09-01T15:12:11.629+0000] {processor.py:157} INFO - Started process (PID=2390) to work on /home/airflow/.local/lib/python3.8/site-packages/airflow/example_dags/example_complex.py
[2023-09-01T15:12:11.630+0000] {processor.py:829} INFO - Processing file /home/airflow/.local/lib/python3.8/site-packages/airflow/example_dags/example_complex.py for tasks to queue
[2023-09-01T15:12:11.633+0000] {logging_mixin.py:151} INFO - [2023-09-01T15:12:11.633+0000] {dagbag.py:539} INFO - Filling up the DagBag from /home/airflow/.local/lib/python3.8/site-packages/airflow/example_dags/example_complex.py
[2023-09-01T15:12:11.646+0000] {processor.py:839} INFO - DAG(s) dict_keys(['example_complex']) retrieved from /home/airflow/.local/lib/python3.8/site-packages/airflow/example_dags/example_complex.py
[2023-09-01T15:12:11.680+0000] {logging_mixin.py:151} INFO - [2023-09-01T15:12:11.680+0000] {dag.py:2907} INFO - Sync 1 DAGs
[2023-09-01T15:12:11.693+0000] {logging_mixin.py:151} INFO - [2023-09-01T15:12:11.693+0000] {dag.py:3677} INFO - Setting next_dagrun for example_complex to None, run_after=None
[2023-09-01T15:12:11.714+0000] {processor.py:179} INFO - Processing /home/airflow/.local/lib/python3.8/site-packages/airflow/example_dags/example_complex.py took 0.089 seconds
[2023-09-01T15:12:41.758+0000] {processor.py:157} INFO - Started process (PID=2444) to work on /home/airflow/.local/lib/python3.8/site-packages/airflow/example_dags/example_complex.py
[2023-09-01T15:12:41.760+0000] {processor.py:829} INFO - Processing file /home/airflow/.local/lib/python3.8/site-packages/airflow/example_dags/example_complex.py for tasks to queue
[2023-09-01T15:12:41.763+0000] {logging_mixin.py:151} INFO - [2023-09-01T15:12:41.762+0000] {dagbag.py:539} INFO - Filling up the DagBag from /home/airflow/.local/lib/python3.8/site-packages/airflow/example_dags/example_complex.py
[2023-09-01T15:12:41.776+0000] {processor.py:839} INFO - DAG(s) dict_keys(['example_complex']) retrieved from /home/airflow/.local/lib/python3.8/site-packages/airflow/example_dags/example_complex.py
[2023-09-01T15:12:41.812+0000] {logging_mixin.py:151} INFO - [2023-09-01T15:12:41.811+0000] {dag.py:2907} INFO - Sync 1 DAGs
[2023-09-01T15:12:41.827+0000] {logging_mixin.py:151} INFO - [2023-09-01T15:12:41.827+0000] {dag.py:3677} INFO - Setting next_dagrun for example_complex to None, run_after=None
[2023-09-01T15:12:41.849+0000] {processor.py:179} INFO - Processing /home/airflow/.local/lib/python3.8/site-packages/airflow/example_dags/example_complex.py took 0.095 seconds
[2023-09-01T15:13:12.028+0000] {processor.py:157} INFO - Started process (PID=2498) to work on /home/airflow/.local/lib/python3.8/site-packages/airflow/example_dags/example_complex.py
[2023-09-01T15:13:12.029+0000] {processor.py:829} INFO - Processing file /home/airflow/.local/lib/python3.8/site-packages/airflow/example_dags/example_complex.py for tasks to queue
[2023-09-01T15:13:12.032+0000] {logging_mixin.py:151} INFO - [2023-09-01T15:13:12.032+0000] {dagbag.py:539} INFO - Filling up the DagBag from /home/airflow/.local/lib/python3.8/site-packages/airflow/example_dags/example_complex.py
[2023-09-01T15:13:12.047+0000] {processor.py:839} INFO - DAG(s) dict_keys(['example_complex']) retrieved from /home/airflow/.local/lib/python3.8/site-packages/airflow/example_dags/example_complex.py
[2023-09-01T15:13:12.082+0000] {logging_mixin.py:151} INFO - [2023-09-01T15:13:12.082+0000] {dag.py:2907} INFO - Sync 1 DAGs
[2023-09-01T15:13:12.098+0000] {logging_mixin.py:151} INFO - [2023-09-01T15:13:12.098+0000] {dag.py:3677} INFO - Setting next_dagrun for example_complex to None, run_after=None
[2023-09-01T15:13:12.119+0000] {processor.py:179} INFO - Processing /home/airflow/.local/lib/python3.8/site-packages/airflow/example_dags/example_complex.py took 0.096 seconds
[2023-09-01T15:13:42.822+0000] {processor.py:157} INFO - Started process (PID=2552) to work on /home/airflow/.local/lib/python3.8/site-packages/airflow/example_dags/example_complex.py
[2023-09-01T15:13:42.823+0000] {processor.py:829} INFO - Processing file /home/airflow/.local/lib/python3.8/site-packages/airflow/example_dags/example_complex.py for tasks to queue
[2023-09-01T15:13:42.826+0000] {logging_mixin.py:151} INFO - [2023-09-01T15:13:42.826+0000] {dagbag.py:539} INFO - Filling up the DagBag from /home/airflow/.local/lib/python3.8/site-packages/airflow/example_dags/example_complex.py
[2023-09-01T15:13:42.840+0000] {processor.py:839} INFO - DAG(s) dict_keys(['example_complex']) retrieved from /home/airflow/.local/lib/python3.8/site-packages/airflow/example_dags/example_complex.py
[2023-09-01T15:13:42.874+0000] {logging_mixin.py:151} INFO - [2023-09-01T15:13:42.874+0000] {dag.py:2907} INFO - Sync 1 DAGs
[2023-09-01T15:13:42.889+0000] {logging_mixin.py:151} INFO - [2023-09-01T15:13:42.888+0000] {dag.py:3677} INFO - Setting next_dagrun for example_complex to None, run_after=None
[2023-09-01T15:13:42.909+0000] {processor.py:179} INFO - Processing /home/airflow/.local/lib/python3.8/site-packages/airflow/example_dags/example_complex.py took 0.092 seconds
[2023-09-01T15:14:12.958+0000] {processor.py:157} INFO - Started process (PID=2606) to work on /home/airflow/.local/lib/python3.8/site-packages/airflow/example_dags/example_complex.py
[2023-09-01T15:14:12.960+0000] {processor.py:829} INFO - Processing file /home/airflow/.local/lib/python3.8/site-packages/airflow/example_dags/example_complex.py for tasks to queue
[2023-09-01T15:14:12.963+0000] {logging_mixin.py:151} INFO - [2023-09-01T15:14:12.962+0000] {dagbag.py:539} INFO - Filling up the DagBag from /home/airflow/.local/lib/python3.8/site-packages/airflow/example_dags/example_complex.py
[2023-09-01T15:14:12.976+0000] {processor.py:839} INFO - DAG(s) dict_keys(['example_complex']) retrieved from /home/airflow/.local/lib/python3.8/site-packages/airflow/example_dags/example_complex.py
[2023-09-01T15:14:13.010+0000] {logging_mixin.py:151} INFO - [2023-09-01T15:14:13.010+0000] {dag.py:2907} INFO - Sync 1 DAGs
[2023-09-01T15:14:13.024+0000] {logging_mixin.py:151} INFO - [2023-09-01T15:14:13.024+0000] {dag.py:3677} INFO - Setting next_dagrun for example_complex to None, run_after=None
[2023-09-01T15:14:13.043+0000] {processor.py:179} INFO - Processing /home/airflow/.local/lib/python3.8/site-packages/airflow/example_dags/example_complex.py took 0.089 seconds
[2023-09-01T15:14:43.920+0000] {processor.py:157} INFO - Started process (PID=2660) to work on /home/airflow/.local/lib/python3.8/site-packages/airflow/example_dags/example_complex.py
[2023-09-01T15:14:43.921+0000] {processor.py:829} INFO - Processing file /home/airflow/.local/lib/python3.8/site-packages/airflow/example_dags/example_complex.py for tasks to queue
[2023-09-01T15:14:43.924+0000] {logging_mixin.py:151} INFO - [2023-09-01T15:14:43.924+0000] {dagbag.py:539} INFO - Filling up the DagBag from /home/airflow/.local/lib/python3.8/site-packages/airflow/example_dags/example_complex.py
[2023-09-01T15:14:43.937+0000] {processor.py:839} INFO - DAG(s) dict_keys(['example_complex']) retrieved from /home/airflow/.local/lib/python3.8/site-packages/airflow/example_dags/example_complex.py
[2023-09-01T15:14:43.970+0000] {logging_mixin.py:151} INFO - [2023-09-01T15:14:43.970+0000] {dag.py:2907} INFO - Sync 1 DAGs
[2023-09-01T15:14:43.985+0000] {logging_mixin.py:151} INFO - [2023-09-01T15:14:43.984+0000] {dag.py:3677} INFO - Setting next_dagrun for example_complex to None, run_after=None
[2023-09-01T15:14:44.004+0000] {processor.py:179} INFO - Processing /home/airflow/.local/lib/python3.8/site-packages/airflow/example_dags/example_complex.py took 0.089 seconds
[2023-09-01T15:15:14.955+0000] {processor.py:157} INFO - Started process (PID=2714) to work on /home/airflow/.local/lib/python3.8/site-packages/airflow/example_dags/example_complex.py
[2023-09-01T15:15:14.956+0000] {processor.py:829} INFO - Processing file /home/airflow/.local/lib/python3.8/site-packages/airflow/example_dags/example_complex.py for tasks to queue
[2023-09-01T15:15:14.959+0000] {logging_mixin.py:151} INFO - [2023-09-01T15:15:14.959+0000] {dagbag.py:539} INFO - Filling up the DagBag from /home/airflow/.local/lib/python3.8/site-packages/airflow/example_dags/example_complex.py
[2023-09-01T15:15:14.975+0000] {processor.py:839} INFO - DAG(s) dict_keys(['example_complex']) retrieved from /home/airflow/.local/lib/python3.8/site-packages/airflow/example_dags/example_complex.py
[2023-09-01T15:15:15.012+0000] {logging_mixin.py:151} INFO - [2023-09-01T15:15:15.012+0000] {dag.py:2907} INFO - Sync 1 DAGs
[2023-09-01T15:15:15.031+0000] {logging_mixin.py:151} INFO - [2023-09-01T15:15:15.030+0000] {dag.py:3677} INFO - Setting next_dagrun for example_complex to None, run_after=None
[2023-09-01T15:15:15.054+0000] {processor.py:179} INFO - Processing /home/airflow/.local/lib/python3.8/site-packages/airflow/example_dags/example_complex.py took 0.104 seconds
[2023-09-01T15:15:45.281+0000] {processor.py:157} INFO - Started process (PID=2768) to work on /home/airflow/.local/lib/python3.8/site-packages/airflow/example_dags/example_complex.py
[2023-09-01T15:15:45.282+0000] {processor.py:829} INFO - Processing file /home/airflow/.local/lib/python3.8/site-packages/airflow/example_dags/example_complex.py for tasks to queue
[2023-09-01T15:15:45.285+0000] {logging_mixin.py:151} INFO - [2023-09-01T15:15:45.285+0000] {dagbag.py:539} INFO - Filling up the DagBag from /home/airflow/.local/lib/python3.8/site-packages/airflow/example_dags/example_complex.py
[2023-09-01T15:15:45.298+0000] {processor.py:839} INFO - DAG(s) dict_keys(['example_complex']) retrieved from /home/airflow/.local/lib/python3.8/site-packages/airflow/example_dags/example_complex.py
[2023-09-01T15:15:45.330+0000] {logging_mixin.py:151} INFO - [2023-09-01T15:15:45.330+0000] {dag.py:2907} INFO - Sync 1 DAGs
[2023-09-01T15:15:45.343+0000] {logging_mixin.py:151} INFO - [2023-09-01T15:15:45.343+0000] {dag.py:3677} INFO - Setting next_dagrun for example_complex to None, run_after=None
[2023-09-01T15:15:45.363+0000] {processor.py:179} INFO - Processing /home/airflow/.local/lib/python3.8/site-packages/airflow/example_dags/example_complex.py took 0.086 seconds
[2023-09-01T15:16:15.457+0000] {processor.py:157} INFO - Started process (PID=2822) to work on /home/airflow/.local/lib/python3.8/site-packages/airflow/example_dags/example_complex.py
[2023-09-01T15:16:15.458+0000] {processor.py:829} INFO - Processing file /home/airflow/.local/lib/python3.8/site-packages/airflow/example_dags/example_complex.py for tasks to queue
[2023-09-01T15:16:15.461+0000] {logging_mixin.py:151} INFO - [2023-09-01T15:16:15.461+0000] {dagbag.py:539} INFO - Filling up the DagBag from /home/airflow/.local/lib/python3.8/site-packages/airflow/example_dags/example_complex.py
[2023-09-01T15:16:15.475+0000] {processor.py:839} INFO - DAG(s) dict_keys(['example_complex']) retrieved from /home/airflow/.local/lib/python3.8/site-packages/airflow/example_dags/example_complex.py
[2023-09-01T15:16:15.513+0000] {logging_mixin.py:151} INFO - [2023-09-01T15:16:15.512+0000] {dag.py:2907} INFO - Sync 1 DAGs
[2023-09-01T15:16:15.527+0000] {logging_mixin.py:151} INFO - [2023-09-01T15:16:15.527+0000] {dag.py:3677} INFO - Setting next_dagrun for example_complex to None, run_after=None
[2023-09-01T15:16:15.546+0000] {processor.py:179} INFO - Processing /home/airflow/.local/lib/python3.8/site-packages/airflow/example_dags/example_complex.py took 0.094 seconds
[2023-09-01T15:16:46.011+0000] {processor.py:157} INFO - Started process (PID=2877) to work on /home/airflow/.local/lib/python3.8/site-packages/airflow/example_dags/example_complex.py
[2023-09-01T15:16:46.012+0000] {processor.py:829} INFO - Processing file /home/airflow/.local/lib/python3.8/site-packages/airflow/example_dags/example_complex.py for tasks to queue
[2023-09-01T15:16:46.015+0000] {logging_mixin.py:151} INFO - [2023-09-01T15:16:46.014+0000] {dagbag.py:539} INFO - Filling up the DagBag from /home/airflow/.local/lib/python3.8/site-packages/airflow/example_dags/example_complex.py
[2023-09-01T15:16:46.028+0000] {processor.py:839} INFO - DAG(s) dict_keys(['example_complex']) retrieved from /home/airflow/.local/lib/python3.8/site-packages/airflow/example_dags/example_complex.py
[2023-09-01T15:16:46.060+0000] {logging_mixin.py:151} INFO - [2023-09-01T15:16:46.060+0000] {dag.py:2907} INFO - Sync 1 DAGs
[2023-09-01T15:16:46.073+0000] {logging_mixin.py:151} INFO - [2023-09-01T15:16:46.073+0000] {dag.py:3677} INFO - Setting next_dagrun for example_complex to None, run_after=None
[2023-09-01T15:16:46.094+0000] {processor.py:179} INFO - Processing /home/airflow/.local/lib/python3.8/site-packages/airflow/example_dags/example_complex.py took 0.087 seconds
[2023-09-01T15:17:16.485+0000] {processor.py:157} INFO - Started process (PID=2932) to work on /home/airflow/.local/lib/python3.8/site-packages/airflow/example_dags/example_complex.py
[2023-09-01T15:17:16.487+0000] {processor.py:829} INFO - Processing file /home/airflow/.local/lib/python3.8/site-packages/airflow/example_dags/example_complex.py for tasks to queue
[2023-09-01T15:17:16.489+0000] {logging_mixin.py:151} INFO - [2023-09-01T15:17:16.489+0000] {dagbag.py:539} INFO - Filling up the DagBag from /home/airflow/.local/lib/python3.8/site-packages/airflow/example_dags/example_complex.py
[2023-09-01T15:17:16.504+0000] {processor.py:839} INFO - DAG(s) dict_keys(['example_complex']) retrieved from /home/airflow/.local/lib/python3.8/site-packages/airflow/example_dags/example_complex.py
[2023-09-01T15:17:16.540+0000] {logging_mixin.py:151} INFO - [2023-09-01T15:17:16.540+0000] {dag.py:2907} INFO - Sync 1 DAGs
[2023-09-01T15:17:16.554+0000] {logging_mixin.py:151} INFO - [2023-09-01T15:17:16.554+0000] {dag.py:3677} INFO - Setting next_dagrun for example_complex to None, run_after=None
[2023-09-01T15:17:16.575+0000] {processor.py:179} INFO - Processing /home/airflow/.local/lib/python3.8/site-packages/airflow/example_dags/example_complex.py took 0.094 seconds
[2023-09-01T15:17:46.960+0000] {processor.py:157} INFO - Started process (PID=2986) to work on /home/airflow/.local/lib/python3.8/site-packages/airflow/example_dags/example_complex.py
[2023-09-01T15:17:46.961+0000] {processor.py:829} INFO - Processing file /home/airflow/.local/lib/python3.8/site-packages/airflow/example_dags/example_complex.py for tasks to queue
[2023-09-01T15:17:46.964+0000] {logging_mixin.py:151} INFO - [2023-09-01T15:17:46.963+0000] {dagbag.py:539} INFO - Filling up the DagBag from /home/airflow/.local/lib/python3.8/site-packages/airflow/example_dags/example_complex.py
[2023-09-01T15:17:46.977+0000] {processor.py:839} INFO - DAG(s) dict_keys(['example_complex']) retrieved from /home/airflow/.local/lib/python3.8/site-packages/airflow/example_dags/example_complex.py
[2023-09-01T15:17:47.010+0000] {logging_mixin.py:151} INFO - [2023-09-01T15:17:47.010+0000] {dag.py:2907} INFO - Sync 1 DAGs
[2023-09-01T15:17:47.022+0000] {logging_mixin.py:151} INFO - [2023-09-01T15:17:47.022+0000] {dag.py:3677} INFO - Setting next_dagrun for example_complex to None, run_after=None
[2023-09-01T15:17:47.039+0000] {processor.py:179} INFO - Processing /home/airflow/.local/lib/python3.8/site-packages/airflow/example_dags/example_complex.py took 0.084 seconds
[2023-09-01T15:18:18.018+0000] {processor.py:157} INFO - Started process (PID=3040) to work on /home/airflow/.local/lib/python3.8/site-packages/airflow/example_dags/example_complex.py
[2023-09-01T15:18:18.020+0000] {processor.py:829} INFO - Processing file /home/airflow/.local/lib/python3.8/site-packages/airflow/example_dags/example_complex.py for tasks to queue
[2023-09-01T15:18:18.026+0000] {logging_mixin.py:151} INFO - [2023-09-01T15:18:18.025+0000] {dagbag.py:539} INFO - Filling up the DagBag from /home/airflow/.local/lib/python3.8/site-packages/airflow/example_dags/example_complex.py
[2023-09-01T15:18:18.043+0000] {processor.py:839} INFO - DAG(s) dict_keys(['example_complex']) retrieved from /home/airflow/.local/lib/python3.8/site-packages/airflow/example_dags/example_complex.py
[2023-09-01T15:18:18.081+0000] {logging_mixin.py:151} INFO - [2023-09-01T15:18:18.081+0000] {dag.py:2907} INFO - Sync 1 DAGs
[2023-09-01T15:18:18.096+0000] {logging_mixin.py:151} INFO - [2023-09-01T15:18:18.096+0000] {dag.py:3677} INFO - Setting next_dagrun for example_complex to None, run_after=None
[2023-09-01T15:18:18.120+0000] {processor.py:179} INFO - Processing /home/airflow/.local/lib/python3.8/site-packages/airflow/example_dags/example_complex.py took 0.107 seconds
[2023-09-01T15:18:48.683+0000] {processor.py:157} INFO - Started process (PID=3094) to work on /home/airflow/.local/lib/python3.8/site-packages/airflow/example_dags/example_complex.py
[2023-09-01T15:18:48.684+0000] {processor.py:829} INFO - Processing file /home/airflow/.local/lib/python3.8/site-packages/airflow/example_dags/example_complex.py for tasks to queue
[2023-09-01T15:18:48.687+0000] {logging_mixin.py:151} INFO - [2023-09-01T15:18:48.687+0000] {dagbag.py:539} INFO - Filling up the DagBag from /home/airflow/.local/lib/python3.8/site-packages/airflow/example_dags/example_complex.py
[2023-09-01T15:18:48.701+0000] {processor.py:839} INFO - DAG(s) dict_keys(['example_complex']) retrieved from /home/airflow/.local/lib/python3.8/site-packages/airflow/example_dags/example_complex.py
[2023-09-01T15:18:48.736+0000] {logging_mixin.py:151} INFO - [2023-09-01T15:18:48.735+0000] {dag.py:2907} INFO - Sync 1 DAGs
[2023-09-01T15:18:48.751+0000] {logging_mixin.py:151} INFO - [2023-09-01T15:18:48.751+0000] {dag.py:3677} INFO - Setting next_dagrun for example_complex to None, run_after=None
[2023-09-01T15:18:48.772+0000] {processor.py:179} INFO - Processing /home/airflow/.local/lib/python3.8/site-packages/airflow/example_dags/example_complex.py took 0.093 seconds
[2023-09-01T15:19:19.222+0000] {processor.py:157} INFO - Started process (PID=3148) to work on /home/airflow/.local/lib/python3.8/site-packages/airflow/example_dags/example_complex.py
[2023-09-01T15:19:19.223+0000] {processor.py:829} INFO - Processing file /home/airflow/.local/lib/python3.8/site-packages/airflow/example_dags/example_complex.py for tasks to queue
[2023-09-01T15:19:19.226+0000] {logging_mixin.py:151} INFO - [2023-09-01T15:19:19.226+0000] {dagbag.py:539} INFO - Filling up the DagBag from /home/airflow/.local/lib/python3.8/site-packages/airflow/example_dags/example_complex.py
[2023-09-01T15:19:19.240+0000] {processor.py:839} INFO - DAG(s) dict_keys(['example_complex']) retrieved from /home/airflow/.local/lib/python3.8/site-packages/airflow/example_dags/example_complex.py
[2023-09-01T15:19:19.275+0000] {logging_mixin.py:151} INFO - [2023-09-01T15:19:19.275+0000] {dag.py:2907} INFO - Sync 1 DAGs
[2023-09-01T15:19:19.290+0000] {logging_mixin.py:151} INFO - [2023-09-01T15:19:19.290+0000] {dag.py:3677} INFO - Setting next_dagrun for example_complex to None, run_after=None
[2023-09-01T15:19:19.311+0000] {processor.py:179} INFO - Processing /home/airflow/.local/lib/python3.8/site-packages/airflow/example_dags/example_complex.py took 0.093 seconds
[2023-09-01T15:19:49.907+0000] {processor.py:157} INFO - Started process (PID=3202) to work on /home/airflow/.local/lib/python3.8/site-packages/airflow/example_dags/example_complex.py
[2023-09-01T15:19:49.909+0000] {processor.py:829} INFO - Processing file /home/airflow/.local/lib/python3.8/site-packages/airflow/example_dags/example_complex.py for tasks to queue
[2023-09-01T15:19:49.911+0000] {logging_mixin.py:151} INFO - [2023-09-01T15:19:49.911+0000] {dagbag.py:539} INFO - Filling up the DagBag from /home/airflow/.local/lib/python3.8/site-packages/airflow/example_dags/example_complex.py
[2023-09-01T15:19:49.924+0000] {processor.py:839} INFO - DAG(s) dict_keys(['example_complex']) retrieved from /home/airflow/.local/lib/python3.8/site-packages/airflow/example_dags/example_complex.py
[2023-09-01T15:19:49.958+0000] {logging_mixin.py:151} INFO - [2023-09-01T15:19:49.958+0000] {dag.py:2907} INFO - Sync 1 DAGs
[2023-09-01T15:19:49.972+0000] {logging_mixin.py:151} INFO - [2023-09-01T15:19:49.972+0000] {dag.py:3677} INFO - Setting next_dagrun for example_complex to None, run_after=None
[2023-09-01T15:19:49.994+0000] {processor.py:179} INFO - Processing /home/airflow/.local/lib/python3.8/site-packages/airflow/example_dags/example_complex.py took 0.090 seconds
[2023-09-01T15:20:20.351+0000] {processor.py:157} INFO - Started process (PID=3256) to work on /home/airflow/.local/lib/python3.8/site-packages/airflow/example_dags/example_complex.py
[2023-09-01T15:20:20.353+0000] {processor.py:829} INFO - Processing file /home/airflow/.local/lib/python3.8/site-packages/airflow/example_dags/example_complex.py for tasks to queue
[2023-09-01T15:20:20.356+0000] {logging_mixin.py:151} INFO - [2023-09-01T15:20:20.356+0000] {dagbag.py:539} INFO - Filling up the DagBag from /home/airflow/.local/lib/python3.8/site-packages/airflow/example_dags/example_complex.py
[2023-09-01T15:20:20.369+0000] {processor.py:839} INFO - DAG(s) dict_keys(['example_complex']) retrieved from /home/airflow/.local/lib/python3.8/site-packages/airflow/example_dags/example_complex.py
[2023-09-01T15:20:20.404+0000] {logging_mixin.py:151} INFO - [2023-09-01T15:20:20.404+0000] {dag.py:2907} INFO - Sync 1 DAGs
[2023-09-01T15:20:20.419+0000] {logging_mixin.py:151} INFO - [2023-09-01T15:20:20.418+0000] {dag.py:3677} INFO - Setting next_dagrun for example_complex to None, run_after=None
[2023-09-01T15:20:20.438+0000] {processor.py:179} INFO - Processing /home/airflow/.local/lib/python3.8/site-packages/airflow/example_dags/example_complex.py took 0.091 seconds
[2023-09-01T15:20:50.963+0000] {processor.py:157} INFO - Started process (PID=3310) to work on /home/airflow/.local/lib/python3.8/site-packages/airflow/example_dags/example_complex.py
[2023-09-01T15:20:50.965+0000] {processor.py:829} INFO - Processing file /home/airflow/.local/lib/python3.8/site-packages/airflow/example_dags/example_complex.py for tasks to queue
[2023-09-01T15:20:50.968+0000] {logging_mixin.py:151} INFO - [2023-09-01T15:20:50.967+0000] {dagbag.py:539} INFO - Filling up the DagBag from /home/airflow/.local/lib/python3.8/site-packages/airflow/example_dags/example_complex.py
[2023-09-01T15:20:50.981+0000] {processor.py:839} INFO - DAG(s) dict_keys(['example_complex']) retrieved from /home/airflow/.local/lib/python3.8/site-packages/airflow/example_dags/example_complex.py
[2023-09-01T15:20:51.014+0000] {logging_mixin.py:151} INFO - [2023-09-01T15:20:51.014+0000] {dag.py:2907} INFO - Sync 1 DAGs
[2023-09-01T15:20:51.028+0000] {logging_mixin.py:151} INFO - [2023-09-01T15:20:51.028+0000] {dag.py:3677} INFO - Setting next_dagrun for example_complex to None, run_after=None
[2023-09-01T15:20:51.045+0000] {processor.py:179} INFO - Processing /home/airflow/.local/lib/python3.8/site-packages/airflow/example_dags/example_complex.py took 0.086 seconds
[2023-09-01T15:21:21.484+0000] {processor.py:157} INFO - Started process (PID=3364) to work on /home/airflow/.local/lib/python3.8/site-packages/airflow/example_dags/example_complex.py
[2023-09-01T15:21:21.486+0000] {processor.py:829} INFO - Processing file /home/airflow/.local/lib/python3.8/site-packages/airflow/example_dags/example_complex.py for tasks to queue
[2023-09-01T15:21:21.489+0000] {logging_mixin.py:151} INFO - [2023-09-01T15:21:21.488+0000] {dagbag.py:539} INFO - Filling up the DagBag from /home/airflow/.local/lib/python3.8/site-packages/airflow/example_dags/example_complex.py
[2023-09-01T15:21:21.502+0000] {processor.py:839} INFO - DAG(s) dict_keys(['example_complex']) retrieved from /home/airflow/.local/lib/python3.8/site-packages/airflow/example_dags/example_complex.py
[2023-09-01T15:21:21.536+0000] {logging_mixin.py:151} INFO - [2023-09-01T15:21:21.536+0000] {dag.py:2907} INFO - Sync 1 DAGs
[2023-09-01T15:21:21.550+0000] {logging_mixin.py:151} INFO - [2023-09-01T15:21:21.550+0000] {dag.py:3677} INFO - Setting next_dagrun for example_complex to None, run_after=None
[2023-09-01T15:21:21.569+0000] {processor.py:179} INFO - Processing /home/airflow/.local/lib/python3.8/site-packages/airflow/example_dags/example_complex.py took 0.089 seconds
