[2023-09-01T14:50:18.636+0000] {processor.py:157} INFO - Started process (PID=54) to work on /home/airflow/.local/lib/python3.8/site-packages/airflow/example_dags/example_xcom.py
[2023-09-01T14:50:18.658+0000] {processor.py:829} INFO - Processing file /home/airflow/.local/lib/python3.8/site-packages/airflow/example_dags/example_xcom.py for tasks to queue
[2023-09-01T14:50:18.694+0000] {logging_mixin.py:151} INFO - [2023-09-01T14:50:18.693+0000] {dagbag.py:539} INFO - Filling up the DagBag from /home/airflow/.local/lib/python3.8/site-packages/airflow/example_dags/example_xcom.py
[2023-09-01T14:50:18.717+0000] {processor.py:839} INFO - DAG(s) dict_keys(['example_xcom']) retrieved from /home/airflow/.local/lib/python3.8/site-packages/airflow/example_dags/example_xcom.py
[2023-09-01T14:50:19.150+0000] {logging_mixin.py:151} INFO - [2023-09-01T14:50:19.150+0000] {manager.py:501} INFO - Created Permission View: can read on DAG:example_xcom
[2023-09-01T14:50:19.188+0000] {logging_mixin.py:151} INFO - [2023-09-01T14:50:19.188+0000] {manager.py:501} INFO - Created Permission View: can edit on DAG:example_xcom
[2023-09-01T14:50:19.202+0000] {logging_mixin.py:151} INFO - [2023-09-01T14:50:19.202+0000] {manager.py:501} INFO - Created Permission View: can delete on DAG:example_xcom
[2023-09-01T14:50:19.222+0000] {logging_mixin.py:151} INFO - [2023-09-01T14:50:19.222+0000] {dag.py:2907} INFO - Sync 1 DAGs
[2023-09-01T14:50:19.236+0000] {logging_mixin.py:151} INFO - [2023-09-01T14:50:19.236+0000] {dag.py:2929} INFO - Creating ORM DAG for example_xcom
[2023-09-01T14:50:19.250+0000] {logging_mixin.py:151} INFO - [2023-09-01T14:50:19.250+0000] {dag.py:3677} INFO - Setting next_dagrun for example_xcom to 2021-01-01T00:00:00+00:00, run_after=2021-01-01T00:00:00+00:00
[2023-09-01T14:50:19.273+0000] {processor.py:179} INFO - Processing /home/airflow/.local/lib/python3.8/site-packages/airflow/example_dags/example_xcom.py took 0.646 seconds
[2023-09-01T14:50:49.399+0000] {processor.py:157} INFO - Started process (PID=107) to work on /home/airflow/.local/lib/python3.8/site-packages/airflow/example_dags/example_xcom.py
[2023-09-01T14:50:49.400+0000] {processor.py:829} INFO - Processing file /home/airflow/.local/lib/python3.8/site-packages/airflow/example_dags/example_xcom.py for tasks to queue
[2023-09-01T14:50:49.404+0000] {logging_mixin.py:151} INFO - [2023-09-01T14:50:49.404+0000] {dagbag.py:539} INFO - Filling up the DagBag from /home/airflow/.local/lib/python3.8/site-packages/airflow/example_dags/example_xcom.py
[2023-09-01T14:50:49.417+0000] {processor.py:839} INFO - DAG(s) dict_keys(['example_xcom']) retrieved from /home/airflow/.local/lib/python3.8/site-packages/airflow/example_dags/example_xcom.py
[2023-09-01T14:50:49.449+0000] {logging_mixin.py:151} INFO - [2023-09-01T14:50:49.449+0000] {dag.py:2907} INFO - Sync 1 DAGs
[2023-09-01T14:50:49.482+0000] {logging_mixin.py:151} INFO - [2023-09-01T14:50:49.482+0000] {dag.py:3677} INFO - Setting next_dagrun for example_xcom to 2021-01-01T00:00:00+00:00, run_after=2021-01-01T00:00:00+00:00
[2023-09-01T14:50:49.509+0000] {processor.py:179} INFO - Processing /home/airflow/.local/lib/python3.8/site-packages/airflow/example_dags/example_xcom.py took 0.115 seconds
[2023-09-01T14:51:20.282+0000] {processor.py:157} INFO - Started process (PID=161) to work on /home/airflow/.local/lib/python3.8/site-packages/airflow/example_dags/example_xcom.py
[2023-09-01T14:51:20.284+0000] {processor.py:829} INFO - Processing file /home/airflow/.local/lib/python3.8/site-packages/airflow/example_dags/example_xcom.py for tasks to queue
[2023-09-01T14:51:20.287+0000] {logging_mixin.py:151} INFO - [2023-09-01T14:51:20.287+0000] {dagbag.py:539} INFO - Filling up the DagBag from /home/airflow/.local/lib/python3.8/site-packages/airflow/example_dags/example_xcom.py
[2023-09-01T14:51:20.300+0000] {processor.py:839} INFO - DAG(s) dict_keys(['example_xcom']) retrieved from /home/airflow/.local/lib/python3.8/site-packages/airflow/example_dags/example_xcom.py
[2023-09-01T14:51:20.332+0000] {logging_mixin.py:151} INFO - [2023-09-01T14:51:20.331+0000] {dag.py:2907} INFO - Sync 1 DAGs
[2023-09-01T14:51:20.364+0000] {logging_mixin.py:151} INFO - [2023-09-01T14:51:20.363+0000] {dag.py:3677} INFO - Setting next_dagrun for example_xcom to 2021-01-01T00:00:00+00:00, run_after=2021-01-01T00:00:00+00:00
[2023-09-01T14:51:20.391+0000] {processor.py:179} INFO - Processing /home/airflow/.local/lib/python3.8/site-packages/airflow/example_dags/example_xcom.py took 0.114 seconds
[2023-09-01T14:51:50.556+0000] {processor.py:157} INFO - Started process (PID=215) to work on /home/airflow/.local/lib/python3.8/site-packages/airflow/example_dags/example_xcom.py
[2023-09-01T14:51:50.558+0000] {processor.py:829} INFO - Processing file /home/airflow/.local/lib/python3.8/site-packages/airflow/example_dags/example_xcom.py for tasks to queue
[2023-09-01T14:51:50.561+0000] {logging_mixin.py:151} INFO - [2023-09-01T14:51:50.561+0000] {dagbag.py:539} INFO - Filling up the DagBag from /home/airflow/.local/lib/python3.8/site-packages/airflow/example_dags/example_xcom.py
[2023-09-01T14:51:50.571+0000] {processor.py:839} INFO - DAG(s) dict_keys(['example_xcom']) retrieved from /home/airflow/.local/lib/python3.8/site-packages/airflow/example_dags/example_xcom.py
[2023-09-01T14:51:50.595+0000] {logging_mixin.py:151} INFO - [2023-09-01T14:51:50.595+0000] {dag.py:2907} INFO - Sync 1 DAGs
[2023-09-01T14:51:50.619+0000] {logging_mixin.py:151} INFO - [2023-09-01T14:51:50.618+0000] {dag.py:3677} INFO - Setting next_dagrun for example_xcom to 2021-01-01T00:00:00+00:00, run_after=2021-01-01T00:00:00+00:00
[2023-09-01T14:51:50.638+0000] {processor.py:179} INFO - Processing /home/airflow/.local/lib/python3.8/site-packages/airflow/example_dags/example_xcom.py took 0.087 seconds
[2023-09-01T14:52:20.789+0000] {processor.py:157} INFO - Started process (PID=269) to work on /home/airflow/.local/lib/python3.8/site-packages/airflow/example_dags/example_xcom.py
[2023-09-01T14:52:20.790+0000] {processor.py:829} INFO - Processing file /home/airflow/.local/lib/python3.8/site-packages/airflow/example_dags/example_xcom.py for tasks to queue
[2023-09-01T14:52:20.793+0000] {logging_mixin.py:151} INFO - [2023-09-01T14:52:20.792+0000] {dagbag.py:539} INFO - Filling up the DagBag from /home/airflow/.local/lib/python3.8/site-packages/airflow/example_dags/example_xcom.py
[2023-09-01T14:52:20.801+0000] {processor.py:839} INFO - DAG(s) dict_keys(['example_xcom']) retrieved from /home/airflow/.local/lib/python3.8/site-packages/airflow/example_dags/example_xcom.py
[2023-09-01T14:52:20.825+0000] {logging_mixin.py:151} INFO - [2023-09-01T14:52:20.825+0000] {dag.py:2907} INFO - Sync 1 DAGs
[2023-09-01T14:52:20.849+0000] {logging_mixin.py:151} INFO - [2023-09-01T14:52:20.849+0000] {dag.py:3677} INFO - Setting next_dagrun for example_xcom to 2021-01-01T00:00:00+00:00, run_after=2021-01-01T00:00:00+00:00
[2023-09-01T14:52:20.868+0000] {processor.py:179} INFO - Processing /home/airflow/.local/lib/python3.8/site-packages/airflow/example_dags/example_xcom.py took 0.084 seconds
[2023-09-01T14:52:50.981+0000] {processor.py:157} INFO - Started process (PID=323) to work on /home/airflow/.local/lib/python3.8/site-packages/airflow/example_dags/example_xcom.py
[2023-09-01T14:52:50.982+0000] {processor.py:829} INFO - Processing file /home/airflow/.local/lib/python3.8/site-packages/airflow/example_dags/example_xcom.py for tasks to queue
[2023-09-01T14:52:50.985+0000] {logging_mixin.py:151} INFO - [2023-09-01T14:52:50.985+0000] {dagbag.py:539} INFO - Filling up the DagBag from /home/airflow/.local/lib/python3.8/site-packages/airflow/example_dags/example_xcom.py
[2023-09-01T14:52:50.994+0000] {processor.py:839} INFO - DAG(s) dict_keys(['example_xcom']) retrieved from /home/airflow/.local/lib/python3.8/site-packages/airflow/example_dags/example_xcom.py
[2023-09-01T14:52:51.016+0000] {logging_mixin.py:151} INFO - [2023-09-01T14:52:51.016+0000] {dag.py:2907} INFO - Sync 1 DAGs
[2023-09-01T14:52:51.041+0000] {logging_mixin.py:151} INFO - [2023-09-01T14:52:51.041+0000] {dag.py:3677} INFO - Setting next_dagrun for example_xcom to 2021-01-01T00:00:00+00:00, run_after=2021-01-01T00:00:00+00:00
[2023-09-01T14:52:51.061+0000] {processor.py:179} INFO - Processing /home/airflow/.local/lib/python3.8/site-packages/airflow/example_dags/example_xcom.py took 0.083 seconds
[2023-09-01T14:53:21.251+0000] {processor.py:157} INFO - Started process (PID=377) to work on /home/airflow/.local/lib/python3.8/site-packages/airflow/example_dags/example_xcom.py
[2023-09-01T14:53:21.253+0000] {processor.py:829} INFO - Processing file /home/airflow/.local/lib/python3.8/site-packages/airflow/example_dags/example_xcom.py for tasks to queue
[2023-09-01T14:53:21.256+0000] {logging_mixin.py:151} INFO - [2023-09-01T14:53:21.256+0000] {dagbag.py:539} INFO - Filling up the DagBag from /home/airflow/.local/lib/python3.8/site-packages/airflow/example_dags/example_xcom.py
[2023-09-01T14:53:21.267+0000] {processor.py:839} INFO - DAG(s) dict_keys(['example_xcom']) retrieved from /home/airflow/.local/lib/python3.8/site-packages/airflow/example_dags/example_xcom.py
[2023-09-01T14:53:21.298+0000] {logging_mixin.py:151} INFO - [2023-09-01T14:53:21.298+0000] {dag.py:2907} INFO - Sync 1 DAGs
[2023-09-01T14:53:21.330+0000] {logging_mixin.py:151} INFO - [2023-09-01T14:53:21.330+0000] {dag.py:3677} INFO - Setting next_dagrun for example_xcom to 2021-01-01T00:00:00+00:00, run_after=2021-01-01T00:00:00+00:00
[2023-09-01T14:53:21.357+0000] {processor.py:179} INFO - Processing /home/airflow/.local/lib/python3.8/site-packages/airflow/example_dags/example_xcom.py took 0.111 seconds
[2023-09-01T14:53:51.398+0000] {processor.py:157} INFO - Started process (PID=431) to work on /home/airflow/.local/lib/python3.8/site-packages/airflow/example_dags/example_xcom.py
[2023-09-01T14:53:51.399+0000] {processor.py:829} INFO - Processing file /home/airflow/.local/lib/python3.8/site-packages/airflow/example_dags/example_xcom.py for tasks to queue
[2023-09-01T14:53:51.403+0000] {logging_mixin.py:151} INFO - [2023-09-01T14:53:51.402+0000] {dagbag.py:539} INFO - Filling up the DagBag from /home/airflow/.local/lib/python3.8/site-packages/airflow/example_dags/example_xcom.py
[2023-09-01T14:53:51.414+0000] {processor.py:839} INFO - DAG(s) dict_keys(['example_xcom']) retrieved from /home/airflow/.local/lib/python3.8/site-packages/airflow/example_dags/example_xcom.py
[2023-09-01T14:53:51.443+0000] {logging_mixin.py:151} INFO - [2023-09-01T14:53:51.443+0000] {dag.py:2907} INFO - Sync 1 DAGs
[2023-09-01T14:53:51.473+0000] {logging_mixin.py:151} INFO - [2023-09-01T14:53:51.473+0000] {dag.py:3677} INFO - Setting next_dagrun for example_xcom to 2021-01-01T00:00:00+00:00, run_after=2021-01-01T00:00:00+00:00
[2023-09-01T14:53:51.494+0000] {processor.py:179} INFO - Processing /home/airflow/.local/lib/python3.8/site-packages/airflow/example_dags/example_xcom.py took 0.102 seconds
[2023-09-01T14:54:21.584+0000] {processor.py:157} INFO - Started process (PID=485) to work on /home/airflow/.local/lib/python3.8/site-packages/airflow/example_dags/example_xcom.py
[2023-09-01T14:54:21.586+0000] {processor.py:829} INFO - Processing file /home/airflow/.local/lib/python3.8/site-packages/airflow/example_dags/example_xcom.py for tasks to queue
[2023-09-01T14:54:21.589+0000] {logging_mixin.py:151} INFO - [2023-09-01T14:54:21.588+0000] {dagbag.py:539} INFO - Filling up the DagBag from /home/airflow/.local/lib/python3.8/site-packages/airflow/example_dags/example_xcom.py
[2023-09-01T14:54:21.599+0000] {processor.py:839} INFO - DAG(s) dict_keys(['example_xcom']) retrieved from /home/airflow/.local/lib/python3.8/site-packages/airflow/example_dags/example_xcom.py
[2023-09-01T14:54:21.627+0000] {logging_mixin.py:151} INFO - [2023-09-01T14:54:21.627+0000] {dag.py:2907} INFO - Sync 1 DAGs
[2023-09-01T14:54:21.656+0000] {logging_mixin.py:151} INFO - [2023-09-01T14:54:21.655+0000] {dag.py:3677} INFO - Setting next_dagrun for example_xcom to 2021-01-01T00:00:00+00:00, run_after=2021-01-01T00:00:00+00:00
[2023-09-01T14:54:21.675+0000] {processor.py:179} INFO - Processing /home/airflow/.local/lib/python3.8/site-packages/airflow/example_dags/example_xcom.py took 0.095 seconds
[2023-09-01T14:54:51.851+0000] {processor.py:157} INFO - Started process (PID=540) to work on /home/airflow/.local/lib/python3.8/site-packages/airflow/example_dags/example_xcom.py
[2023-09-01T14:54:51.853+0000] {processor.py:829} INFO - Processing file /home/airflow/.local/lib/python3.8/site-packages/airflow/example_dags/example_xcom.py for tasks to queue
[2023-09-01T14:54:51.856+0000] {logging_mixin.py:151} INFO - [2023-09-01T14:54:51.856+0000] {dagbag.py:539} INFO - Filling up the DagBag from /home/airflow/.local/lib/python3.8/site-packages/airflow/example_dags/example_xcom.py
[2023-09-01T14:54:51.867+0000] {processor.py:839} INFO - DAG(s) dict_keys(['example_xcom']) retrieved from /home/airflow/.local/lib/python3.8/site-packages/airflow/example_dags/example_xcom.py
[2023-09-01T14:54:51.894+0000] {logging_mixin.py:151} INFO - [2023-09-01T14:54:51.894+0000] {dag.py:2907} INFO - Sync 1 DAGs
[2023-09-01T14:54:51.918+0000] {logging_mixin.py:151} INFO - [2023-09-01T14:54:51.918+0000] {dag.py:3677} INFO - Setting next_dagrun for example_xcom to 2021-01-01T00:00:00+00:00, run_after=2021-01-01T00:00:00+00:00
[2023-09-01T14:54:51.938+0000] {processor.py:179} INFO - Processing /home/airflow/.local/lib/python3.8/site-packages/airflow/example_dags/example_xcom.py took 0.091 seconds
[2023-09-01T14:55:22.805+0000] {processor.py:157} INFO - Started process (PID=594) to work on /home/airflow/.local/lib/python3.8/site-packages/airflow/example_dags/example_xcom.py
[2023-09-01T14:55:22.806+0000] {processor.py:829} INFO - Processing file /home/airflow/.local/lib/python3.8/site-packages/airflow/example_dags/example_xcom.py for tasks to queue
[2023-09-01T14:55:22.810+0000] {logging_mixin.py:151} INFO - [2023-09-01T14:55:22.809+0000] {dagbag.py:539} INFO - Filling up the DagBag from /home/airflow/.local/lib/python3.8/site-packages/airflow/example_dags/example_xcom.py
[2023-09-01T14:55:22.820+0000] {processor.py:839} INFO - DAG(s) dict_keys(['example_xcom']) retrieved from /home/airflow/.local/lib/python3.8/site-packages/airflow/example_dags/example_xcom.py
[2023-09-01T14:55:22.850+0000] {logging_mixin.py:151} INFO - [2023-09-01T14:55:22.850+0000] {dag.py:2907} INFO - Sync 1 DAGs
[2023-09-01T14:55:22.877+0000] {logging_mixin.py:151} INFO - [2023-09-01T14:55:22.877+0000] {dag.py:3677} INFO - Setting next_dagrun for example_xcom to 2021-01-01T00:00:00+00:00, run_after=2021-01-01T00:00:00+00:00
[2023-09-01T14:55:22.898+0000] {processor.py:179} INFO - Processing /home/airflow/.local/lib/python3.8/site-packages/airflow/example_dags/example_xcom.py took 0.099 seconds
[2023-09-01T14:55:53.421+0000] {processor.py:157} INFO - Started process (PID=648) to work on /home/airflow/.local/lib/python3.8/site-packages/airflow/example_dags/example_xcom.py
[2023-09-01T14:55:53.422+0000] {processor.py:829} INFO - Processing file /home/airflow/.local/lib/python3.8/site-packages/airflow/example_dags/example_xcom.py for tasks to queue
[2023-09-01T14:55:53.426+0000] {logging_mixin.py:151} INFO - [2023-09-01T14:55:53.426+0000] {dagbag.py:539} INFO - Filling up the DagBag from /home/airflow/.local/lib/python3.8/site-packages/airflow/example_dags/example_xcom.py
[2023-09-01T14:55:53.437+0000] {processor.py:839} INFO - DAG(s) dict_keys(['example_xcom']) retrieved from /home/airflow/.local/lib/python3.8/site-packages/airflow/example_dags/example_xcom.py
[2023-09-01T14:55:53.465+0000] {logging_mixin.py:151} INFO - [2023-09-01T14:55:53.465+0000] {dag.py:2907} INFO - Sync 1 DAGs
[2023-09-01T14:55:53.490+0000] {logging_mixin.py:151} INFO - [2023-09-01T14:55:53.489+0000] {dag.py:3677} INFO - Setting next_dagrun for example_xcom to 2021-01-01T00:00:00+00:00, run_after=2021-01-01T00:00:00+00:00
[2023-09-01T14:55:53.509+0000] {processor.py:179} INFO - Processing /home/airflow/.local/lib/python3.8/site-packages/airflow/example_dags/example_xcom.py took 0.093 seconds
[2023-09-01T14:56:24.238+0000] {processor.py:157} INFO - Started process (PID=702) to work on /home/airflow/.local/lib/python3.8/site-packages/airflow/example_dags/example_xcom.py
[2023-09-01T14:56:24.239+0000] {processor.py:829} INFO - Processing file /home/airflow/.local/lib/python3.8/site-packages/airflow/example_dags/example_xcom.py for tasks to queue
[2023-09-01T14:56:24.243+0000] {logging_mixin.py:151} INFO - [2023-09-01T14:56:24.242+0000] {dagbag.py:539} INFO - Filling up the DagBag from /home/airflow/.local/lib/python3.8/site-packages/airflow/example_dags/example_xcom.py
[2023-09-01T14:56:24.253+0000] {processor.py:839} INFO - DAG(s) dict_keys(['example_xcom']) retrieved from /home/airflow/.local/lib/python3.8/site-packages/airflow/example_dags/example_xcom.py
[2023-09-01T14:56:24.282+0000] {logging_mixin.py:151} INFO - [2023-09-01T14:56:24.281+0000] {dag.py:2907} INFO - Sync 1 DAGs
[2023-09-01T14:56:24.306+0000] {logging_mixin.py:151} INFO - [2023-09-01T14:56:24.306+0000] {dag.py:3677} INFO - Setting next_dagrun for example_xcom to 2021-01-01T00:00:00+00:00, run_after=2021-01-01T00:00:00+00:00
[2023-09-01T14:56:24.326+0000] {processor.py:179} INFO - Processing /home/airflow/.local/lib/python3.8/site-packages/airflow/example_dags/example_xcom.py took 0.093 seconds
[2023-09-01T14:56:55.028+0000] {processor.py:157} INFO - Started process (PID=756) to work on /home/airflow/.local/lib/python3.8/site-packages/airflow/example_dags/example_xcom.py
[2023-09-01T14:56:55.029+0000] {processor.py:829} INFO - Processing file /home/airflow/.local/lib/python3.8/site-packages/airflow/example_dags/example_xcom.py for tasks to queue
[2023-09-01T14:56:55.032+0000] {logging_mixin.py:151} INFO - [2023-09-01T14:56:55.032+0000] {dagbag.py:539} INFO - Filling up the DagBag from /home/airflow/.local/lib/python3.8/site-packages/airflow/example_dags/example_xcom.py
[2023-09-01T14:56:55.043+0000] {processor.py:839} INFO - DAG(s) dict_keys(['example_xcom']) retrieved from /home/airflow/.local/lib/python3.8/site-packages/airflow/example_dags/example_xcom.py
[2023-09-01T14:56:55.069+0000] {logging_mixin.py:151} INFO - [2023-09-01T14:56:55.069+0000] {dag.py:2907} INFO - Sync 1 DAGs
[2023-09-01T14:56:55.092+0000] {logging_mixin.py:151} INFO - [2023-09-01T14:56:55.092+0000] {dag.py:3677} INFO - Setting next_dagrun for example_xcom to 2021-01-01T00:00:00+00:00, run_after=2021-01-01T00:00:00+00:00
[2023-09-01T14:56:55.112+0000] {processor.py:179} INFO - Processing /home/airflow/.local/lib/python3.8/site-packages/airflow/example_dags/example_xcom.py took 0.089 seconds
[2023-09-01T14:57:25.848+0000] {processor.py:157} INFO - Started process (PID=810) to work on /home/airflow/.local/lib/python3.8/site-packages/airflow/example_dags/example_xcom.py
[2023-09-01T14:57:25.849+0000] {processor.py:829} INFO - Processing file /home/airflow/.local/lib/python3.8/site-packages/airflow/example_dags/example_xcom.py for tasks to queue
[2023-09-01T14:57:25.852+0000] {logging_mixin.py:151} INFO - [2023-09-01T14:57:25.852+0000] {dagbag.py:539} INFO - Filling up the DagBag from /home/airflow/.local/lib/python3.8/site-packages/airflow/example_dags/example_xcom.py
[2023-09-01T14:57:25.863+0000] {processor.py:839} INFO - DAG(s) dict_keys(['example_xcom']) retrieved from /home/airflow/.local/lib/python3.8/site-packages/airflow/example_dags/example_xcom.py
[2023-09-01T14:57:25.892+0000] {logging_mixin.py:151} INFO - [2023-09-01T14:57:25.892+0000] {dag.py:2907} INFO - Sync 1 DAGs
[2023-09-01T14:57:25.916+0000] {logging_mixin.py:151} INFO - [2023-09-01T14:57:25.916+0000] {dag.py:3677} INFO - Setting next_dagrun for example_xcom to 2021-01-01T00:00:00+00:00, run_after=2021-01-01T00:00:00+00:00
[2023-09-01T14:57:25.935+0000] {processor.py:179} INFO - Processing /home/airflow/.local/lib/python3.8/site-packages/airflow/example_dags/example_xcom.py took 0.092 seconds
[2023-09-01T14:57:56.593+0000] {processor.py:157} INFO - Started process (PID=871) to work on /home/airflow/.local/lib/python3.8/site-packages/airflow/example_dags/example_xcom.py
[2023-09-01T14:57:56.595+0000] {processor.py:829} INFO - Processing file /home/airflow/.local/lib/python3.8/site-packages/airflow/example_dags/example_xcom.py for tasks to queue
[2023-09-01T14:57:56.598+0000] {logging_mixin.py:151} INFO - [2023-09-01T14:57:56.598+0000] {dagbag.py:539} INFO - Filling up the DagBag from /home/airflow/.local/lib/python3.8/site-packages/airflow/example_dags/example_xcom.py
[2023-09-01T14:57:56.610+0000] {processor.py:839} INFO - DAG(s) dict_keys(['example_xcom']) retrieved from /home/airflow/.local/lib/python3.8/site-packages/airflow/example_dags/example_xcom.py
[2023-09-01T14:57:56.638+0000] {logging_mixin.py:151} INFO - [2023-09-01T14:57:56.638+0000] {dag.py:2907} INFO - Sync 1 DAGs
[2023-09-01T14:57:56.664+0000] {logging_mixin.py:151} INFO - [2023-09-01T14:57:56.664+0000] {dag.py:3677} INFO - Setting next_dagrun for example_xcom to 2021-01-01T00:00:00+00:00, run_after=2021-01-01T00:00:00+00:00
[2023-09-01T14:57:56.683+0000] {processor.py:179} INFO - Processing /home/airflow/.local/lib/python3.8/site-packages/airflow/example_dags/example_xcom.py took 0.095 seconds
[2023-09-01T14:58:27.451+0000] {processor.py:157} INFO - Started process (PID=925) to work on /home/airflow/.local/lib/python3.8/site-packages/airflow/example_dags/example_xcom.py
[2023-09-01T14:58:27.453+0000] {processor.py:829} INFO - Processing file /home/airflow/.local/lib/python3.8/site-packages/airflow/example_dags/example_xcom.py for tasks to queue
[2023-09-01T14:58:27.456+0000] {logging_mixin.py:151} INFO - [2023-09-01T14:58:27.456+0000] {dagbag.py:539} INFO - Filling up the DagBag from /home/airflow/.local/lib/python3.8/site-packages/airflow/example_dags/example_xcom.py
[2023-09-01T14:58:27.466+0000] {processor.py:839} INFO - DAG(s) dict_keys(['example_xcom']) retrieved from /home/airflow/.local/lib/python3.8/site-packages/airflow/example_dags/example_xcom.py
[2023-09-01T14:58:27.492+0000] {logging_mixin.py:151} INFO - [2023-09-01T14:58:27.492+0000] {dag.py:2907} INFO - Sync 1 DAGs
[2023-09-01T14:58:27.517+0000] {logging_mixin.py:151} INFO - [2023-09-01T14:58:27.517+0000] {dag.py:3677} INFO - Setting next_dagrun for example_xcom to 2021-01-01T00:00:00+00:00, run_after=2021-01-01T00:00:00+00:00
[2023-09-01T14:58:27.539+0000] {processor.py:179} INFO - Processing /home/airflow/.local/lib/python3.8/site-packages/airflow/example_dags/example_xcom.py took 0.092 seconds
[2023-09-01T14:58:58.282+0000] {processor.py:157} INFO - Started process (PID=979) to work on /home/airflow/.local/lib/python3.8/site-packages/airflow/example_dags/example_xcom.py
[2023-09-01T14:58:58.283+0000] {processor.py:829} INFO - Processing file /home/airflow/.local/lib/python3.8/site-packages/airflow/example_dags/example_xcom.py for tasks to queue
[2023-09-01T14:58:58.285+0000] {logging_mixin.py:151} INFO - [2023-09-01T14:58:58.285+0000] {dagbag.py:539} INFO - Filling up the DagBag from /home/airflow/.local/lib/python3.8/site-packages/airflow/example_dags/example_xcom.py
[2023-09-01T14:58:58.294+0000] {processor.py:839} INFO - DAG(s) dict_keys(['example_xcom']) retrieved from /home/airflow/.local/lib/python3.8/site-packages/airflow/example_dags/example_xcom.py
[2023-09-01T14:58:58.318+0000] {logging_mixin.py:151} INFO - [2023-09-01T14:58:58.317+0000] {dag.py:2907} INFO - Sync 1 DAGs
[2023-09-01T14:58:58.340+0000] {logging_mixin.py:151} INFO - [2023-09-01T14:58:58.340+0000] {dag.py:3677} INFO - Setting next_dagrun for example_xcom to 2021-01-01T00:00:00+00:00, run_after=2021-01-01T00:00:00+00:00
[2023-09-01T14:58:58.359+0000] {processor.py:179} INFO - Processing /home/airflow/.local/lib/python3.8/site-packages/airflow/example_dags/example_xcom.py took 0.081 seconds
[2023-09-01T14:59:28.765+0000] {processor.py:157} INFO - Started process (PID=1033) to work on /home/airflow/.local/lib/python3.8/site-packages/airflow/example_dags/example_xcom.py
[2023-09-01T14:59:28.766+0000] {processor.py:829} INFO - Processing file /home/airflow/.local/lib/python3.8/site-packages/airflow/example_dags/example_xcom.py for tasks to queue
[2023-09-01T14:59:28.769+0000] {logging_mixin.py:151} INFO - [2023-09-01T14:59:28.769+0000] {dagbag.py:539} INFO - Filling up the DagBag from /home/airflow/.local/lib/python3.8/site-packages/airflow/example_dags/example_xcom.py
[2023-09-01T14:59:28.778+0000] {processor.py:839} INFO - DAG(s) dict_keys(['example_xcom']) retrieved from /home/airflow/.local/lib/python3.8/site-packages/airflow/example_dags/example_xcom.py
[2023-09-01T14:59:28.803+0000] {logging_mixin.py:151} INFO - [2023-09-01T14:59:28.803+0000] {dag.py:2907} INFO - Sync 1 DAGs
[2023-09-01T14:59:28.827+0000] {logging_mixin.py:151} INFO - [2023-09-01T14:59:28.827+0000] {dag.py:3677} INFO - Setting next_dagrun for example_xcom to 2021-01-01T00:00:00+00:00, run_after=2021-01-01T00:00:00+00:00
[2023-09-01T14:59:28.847+0000] {processor.py:179} INFO - Processing /home/airflow/.local/lib/python3.8/site-packages/airflow/example_dags/example_xcom.py took 0.086 seconds
[2023-09-01T14:59:59.759+0000] {processor.py:157} INFO - Started process (PID=1087) to work on /home/airflow/.local/lib/python3.8/site-packages/airflow/example_dags/example_xcom.py
[2023-09-01T14:59:59.761+0000] {processor.py:829} INFO - Processing file /home/airflow/.local/lib/python3.8/site-packages/airflow/example_dags/example_xcom.py for tasks to queue
[2023-09-01T14:59:59.764+0000] {logging_mixin.py:151} INFO - [2023-09-01T14:59:59.763+0000] {dagbag.py:539} INFO - Filling up the DagBag from /home/airflow/.local/lib/python3.8/site-packages/airflow/example_dags/example_xcom.py
[2023-09-01T14:59:59.773+0000] {processor.py:839} INFO - DAG(s) dict_keys(['example_xcom']) retrieved from /home/airflow/.local/lib/python3.8/site-packages/airflow/example_dags/example_xcom.py
[2023-09-01T14:59:59.797+0000] {logging_mixin.py:151} INFO - [2023-09-01T14:59:59.797+0000] {dag.py:2907} INFO - Sync 1 DAGs
[2023-09-01T14:59:59.823+0000] {logging_mixin.py:151} INFO - [2023-09-01T14:59:59.822+0000] {dag.py:3677} INFO - Setting next_dagrun for example_xcom to 2021-01-01T00:00:00+00:00, run_after=2021-01-01T00:00:00+00:00
[2023-09-01T14:59:59.845+0000] {processor.py:179} INFO - Processing /home/airflow/.local/lib/python3.8/site-packages/airflow/example_dags/example_xcom.py took 0.090 seconds
[2023-09-01T15:00:30.566+0000] {processor.py:157} INFO - Started process (PID=1141) to work on /home/airflow/.local/lib/python3.8/site-packages/airflow/example_dags/example_xcom.py
[2023-09-01T15:00:30.567+0000] {processor.py:829} INFO - Processing file /home/airflow/.local/lib/python3.8/site-packages/airflow/example_dags/example_xcom.py for tasks to queue
[2023-09-01T15:00:30.570+0000] {logging_mixin.py:151} INFO - [2023-09-01T15:00:30.570+0000] {dagbag.py:539} INFO - Filling up the DagBag from /home/airflow/.local/lib/python3.8/site-packages/airflow/example_dags/example_xcom.py
[2023-09-01T15:00:30.580+0000] {processor.py:839} INFO - DAG(s) dict_keys(['example_xcom']) retrieved from /home/airflow/.local/lib/python3.8/site-packages/airflow/example_dags/example_xcom.py
[2023-09-01T15:00:30.604+0000] {logging_mixin.py:151} INFO - [2023-09-01T15:00:30.604+0000] {dag.py:2907} INFO - Sync 1 DAGs
[2023-09-01T15:00:30.629+0000] {logging_mixin.py:151} INFO - [2023-09-01T15:00:30.628+0000] {dag.py:3677} INFO - Setting next_dagrun for example_xcom to 2021-01-01T00:00:00+00:00, run_after=2021-01-01T00:00:00+00:00
[2023-09-01T15:00:30.649+0000] {processor.py:179} INFO - Processing /home/airflow/.local/lib/python3.8/site-packages/airflow/example_dags/example_xcom.py took 0.086 seconds
[2023-09-01T15:01:01.175+0000] {processor.py:157} INFO - Started process (PID=1195) to work on /home/airflow/.local/lib/python3.8/site-packages/airflow/example_dags/example_xcom.py
[2023-09-01T15:01:01.177+0000] {processor.py:829} INFO - Processing file /home/airflow/.local/lib/python3.8/site-packages/airflow/example_dags/example_xcom.py for tasks to queue
[2023-09-01T15:01:01.180+0000] {logging_mixin.py:151} INFO - [2023-09-01T15:01:01.180+0000] {dagbag.py:539} INFO - Filling up the DagBag from /home/airflow/.local/lib/python3.8/site-packages/airflow/example_dags/example_xcom.py
[2023-09-01T15:01:01.191+0000] {processor.py:839} INFO - DAG(s) dict_keys(['example_xcom']) retrieved from /home/airflow/.local/lib/python3.8/site-packages/airflow/example_dags/example_xcom.py
[2023-09-01T15:01:01.220+0000] {logging_mixin.py:151} INFO - [2023-09-01T15:01:01.220+0000] {dag.py:2907} INFO - Sync 1 DAGs
[2023-09-01T15:01:01.250+0000] {logging_mixin.py:151} INFO - [2023-09-01T15:01:01.250+0000] {dag.py:3677} INFO - Setting next_dagrun for example_xcom to 2021-01-01T00:00:00+00:00, run_after=2021-01-01T00:00:00+00:00
[2023-09-01T15:01:01.273+0000] {processor.py:179} INFO - Processing /home/airflow/.local/lib/python3.8/site-packages/airflow/example_dags/example_xcom.py took 0.102 seconds
[2023-09-01T15:01:31.982+0000] {processor.py:157} INFO - Started process (PID=1249) to work on /home/airflow/.local/lib/python3.8/site-packages/airflow/example_dags/example_xcom.py
[2023-09-01T15:01:31.984+0000] {processor.py:829} INFO - Processing file /home/airflow/.local/lib/python3.8/site-packages/airflow/example_dags/example_xcom.py for tasks to queue
[2023-09-01T15:01:31.987+0000] {logging_mixin.py:151} INFO - [2023-09-01T15:01:31.987+0000] {dagbag.py:539} INFO - Filling up the DagBag from /home/airflow/.local/lib/python3.8/site-packages/airflow/example_dags/example_xcom.py
[2023-09-01T15:01:31.998+0000] {processor.py:839} INFO - DAG(s) dict_keys(['example_xcom']) retrieved from /home/airflow/.local/lib/python3.8/site-packages/airflow/example_dags/example_xcom.py
[2023-09-01T15:01:32.030+0000] {logging_mixin.py:151} INFO - [2023-09-01T15:01:32.029+0000] {dag.py:2907} INFO - Sync 1 DAGs
[2023-09-01T15:01:32.060+0000] {logging_mixin.py:151} INFO - [2023-09-01T15:01:32.060+0000] {dag.py:3677} INFO - Setting next_dagrun for example_xcom to 2021-01-01T00:00:00+00:00, run_after=2021-01-01T00:00:00+00:00
[2023-09-01T15:01:32.086+0000] {processor.py:179} INFO - Processing /home/airflow/.local/lib/python3.8/site-packages/airflow/example_dags/example_xcom.py took 0.109 seconds
[2023-09-01T15:02:02.611+0000] {processor.py:157} INFO - Started process (PID=1303) to work on /home/airflow/.local/lib/python3.8/site-packages/airflow/example_dags/example_xcom.py
[2023-09-01T15:02:02.612+0000] {processor.py:829} INFO - Processing file /home/airflow/.local/lib/python3.8/site-packages/airflow/example_dags/example_xcom.py for tasks to queue
[2023-09-01T15:02:02.616+0000] {logging_mixin.py:151} INFO - [2023-09-01T15:02:02.616+0000] {dagbag.py:539} INFO - Filling up the DagBag from /home/airflow/.local/lib/python3.8/site-packages/airflow/example_dags/example_xcom.py
[2023-09-01T15:02:02.629+0000] {processor.py:839} INFO - DAG(s) dict_keys(['example_xcom']) retrieved from /home/airflow/.local/lib/python3.8/site-packages/airflow/example_dags/example_xcom.py
[2023-09-01T15:02:02.661+0000] {logging_mixin.py:151} INFO - [2023-09-01T15:02:02.660+0000] {dag.py:2907} INFO - Sync 1 DAGs
[2023-09-01T15:02:02.694+0000] {logging_mixin.py:151} INFO - [2023-09-01T15:02:02.694+0000] {dag.py:3677} INFO - Setting next_dagrun for example_xcom to 2021-01-01T00:00:00+00:00, run_after=2021-01-01T00:00:00+00:00
[2023-09-01T15:02:02.722+0000] {processor.py:179} INFO - Processing /home/airflow/.local/lib/python3.8/site-packages/airflow/example_dags/example_xcom.py took 0.117 seconds
[2023-09-01T15:02:32.868+0000] {processor.py:157} INFO - Started process (PID=1357) to work on /home/airflow/.local/lib/python3.8/site-packages/airflow/example_dags/example_xcom.py
[2023-09-01T15:02:32.869+0000] {processor.py:829} INFO - Processing file /home/airflow/.local/lib/python3.8/site-packages/airflow/example_dags/example_xcom.py for tasks to queue
[2023-09-01T15:02:32.872+0000] {logging_mixin.py:151} INFO - [2023-09-01T15:02:32.872+0000] {dagbag.py:539} INFO - Filling up the DagBag from /home/airflow/.local/lib/python3.8/site-packages/airflow/example_dags/example_xcom.py
[2023-09-01T15:02:32.882+0000] {processor.py:839} INFO - DAG(s) dict_keys(['example_xcom']) retrieved from /home/airflow/.local/lib/python3.8/site-packages/airflow/example_dags/example_xcom.py
[2023-09-01T15:02:32.912+0000] {logging_mixin.py:151} INFO - [2023-09-01T15:02:32.911+0000] {dag.py:2907} INFO - Sync 1 DAGs
[2023-09-01T15:02:32.945+0000] {logging_mixin.py:151} INFO - [2023-09-01T15:02:32.944+0000] {dag.py:3677} INFO - Setting next_dagrun for example_xcom to 2021-01-01T00:00:00+00:00, run_after=2021-01-01T00:00:00+00:00
[2023-09-01T15:02:32.973+0000] {processor.py:179} INFO - Processing /home/airflow/.local/lib/python3.8/site-packages/airflow/example_dags/example_xcom.py took 0.109 seconds
[2023-09-01T15:03:03.059+0000] {processor.py:157} INFO - Started process (PID=1411) to work on /home/airflow/.local/lib/python3.8/site-packages/airflow/example_dags/example_xcom.py
[2023-09-01T15:03:03.061+0000] {processor.py:829} INFO - Processing file /home/airflow/.local/lib/python3.8/site-packages/airflow/example_dags/example_xcom.py for tasks to queue
[2023-09-01T15:03:03.064+0000] {logging_mixin.py:151} INFO - [2023-09-01T15:03:03.064+0000] {dagbag.py:539} INFO - Filling up the DagBag from /home/airflow/.local/lib/python3.8/site-packages/airflow/example_dags/example_xcom.py
[2023-09-01T15:03:03.075+0000] {processor.py:839} INFO - DAG(s) dict_keys(['example_xcom']) retrieved from /home/airflow/.local/lib/python3.8/site-packages/airflow/example_dags/example_xcom.py
[2023-09-01T15:03:03.102+0000] {logging_mixin.py:151} INFO - [2023-09-01T15:03:03.102+0000] {dag.py:2907} INFO - Sync 1 DAGs
[2023-09-01T15:03:03.128+0000] {logging_mixin.py:151} INFO - [2023-09-01T15:03:03.128+0000] {dag.py:3677} INFO - Setting next_dagrun for example_xcom to 2021-01-01T00:00:00+00:00, run_after=2021-01-01T00:00:00+00:00
[2023-09-01T15:03:03.150+0000] {processor.py:179} INFO - Processing /home/airflow/.local/lib/python3.8/site-packages/airflow/example_dags/example_xcom.py took 0.094 seconds
[2023-09-01T15:03:33.476+0000] {processor.py:157} INFO - Started process (PID=1465) to work on /home/airflow/.local/lib/python3.8/site-packages/airflow/example_dags/example_xcom.py
[2023-09-01T15:03:33.478+0000] {processor.py:829} INFO - Processing file /home/airflow/.local/lib/python3.8/site-packages/airflow/example_dags/example_xcom.py for tasks to queue
[2023-09-01T15:03:33.483+0000] {logging_mixin.py:151} INFO - [2023-09-01T15:03:33.482+0000] {dagbag.py:539} INFO - Filling up the DagBag from /home/airflow/.local/lib/python3.8/site-packages/airflow/example_dags/example_xcom.py
[2023-09-01T15:03:33.496+0000] {processor.py:839} INFO - DAG(s) dict_keys(['example_xcom']) retrieved from /home/airflow/.local/lib/python3.8/site-packages/airflow/example_dags/example_xcom.py
[2023-09-01T15:03:33.533+0000] {logging_mixin.py:151} INFO - [2023-09-01T15:03:33.533+0000] {dag.py:2907} INFO - Sync 1 DAGs
[2023-09-01T15:03:33.564+0000] {logging_mixin.py:151} INFO - [2023-09-01T15:03:33.564+0000] {dag.py:3677} INFO - Setting next_dagrun for example_xcom to 2021-01-01T00:00:00+00:00, run_after=2021-01-01T00:00:00+00:00
[2023-09-01T15:03:33.593+0000] {processor.py:179} INFO - Processing /home/airflow/.local/lib/python3.8/site-packages/airflow/example_dags/example_xcom.py took 0.122 seconds
[2023-09-01T15:04:03.716+0000] {processor.py:157} INFO - Started process (PID=1519) to work on /home/airflow/.local/lib/python3.8/site-packages/airflow/example_dags/example_xcom.py
[2023-09-01T15:04:03.717+0000] {processor.py:829} INFO - Processing file /home/airflow/.local/lib/python3.8/site-packages/airflow/example_dags/example_xcom.py for tasks to queue
[2023-09-01T15:04:03.720+0000] {logging_mixin.py:151} INFO - [2023-09-01T15:04:03.720+0000] {dagbag.py:539} INFO - Filling up the DagBag from /home/airflow/.local/lib/python3.8/site-packages/airflow/example_dags/example_xcom.py
[2023-09-01T15:04:03.732+0000] {processor.py:839} INFO - DAG(s) dict_keys(['example_xcom']) retrieved from /home/airflow/.local/lib/python3.8/site-packages/airflow/example_dags/example_xcom.py
[2023-09-01T15:04:03.761+0000] {logging_mixin.py:151} INFO - [2023-09-01T15:04:03.761+0000] {dag.py:2907} INFO - Sync 1 DAGs
[2023-09-01T15:04:03.787+0000] {logging_mixin.py:151} INFO - [2023-09-01T15:04:03.786+0000] {dag.py:3677} INFO - Setting next_dagrun for example_xcom to 2021-01-01T00:00:00+00:00, run_after=2021-01-01T00:00:00+00:00
[2023-09-01T15:04:03.807+0000] {processor.py:179} INFO - Processing /home/airflow/.local/lib/python3.8/site-packages/airflow/example_dags/example_xcom.py took 0.096 seconds
[2023-09-01T15:04:34.000+0000] {processor.py:157} INFO - Started process (PID=1573) to work on /home/airflow/.local/lib/python3.8/site-packages/airflow/example_dags/example_xcom.py
[2023-09-01T15:04:34.001+0000] {processor.py:829} INFO - Processing file /home/airflow/.local/lib/python3.8/site-packages/airflow/example_dags/example_xcom.py for tasks to queue
[2023-09-01T15:04:34.004+0000] {logging_mixin.py:151} INFO - [2023-09-01T15:04:34.004+0000] {dagbag.py:539} INFO - Filling up the DagBag from /home/airflow/.local/lib/python3.8/site-packages/airflow/example_dags/example_xcom.py
[2023-09-01T15:04:34.019+0000] {processor.py:839} INFO - DAG(s) dict_keys(['example_xcom']) retrieved from /home/airflow/.local/lib/python3.8/site-packages/airflow/example_dags/example_xcom.py
[2023-09-01T15:04:34.050+0000] {logging_mixin.py:151} INFO - [2023-09-01T15:04:34.049+0000] {dag.py:2907} INFO - Sync 1 DAGs
[2023-09-01T15:04:34.083+0000] {logging_mixin.py:151} INFO - [2023-09-01T15:04:34.083+0000] {dag.py:3677} INFO - Setting next_dagrun for example_xcom to 2021-01-01T00:00:00+00:00, run_after=2021-01-01T00:00:00+00:00
[2023-09-01T15:04:34.110+0000] {processor.py:179} INFO - Processing /home/airflow/.local/lib/python3.8/site-packages/airflow/example_dags/example_xcom.py took 0.115 seconds
[2023-09-01T15:05:04.176+0000] {processor.py:157} INFO - Started process (PID=1628) to work on /home/airflow/.local/lib/python3.8/site-packages/airflow/example_dags/example_xcom.py
[2023-09-01T15:05:04.177+0000] {processor.py:829} INFO - Processing file /home/airflow/.local/lib/python3.8/site-packages/airflow/example_dags/example_xcom.py for tasks to queue
[2023-09-01T15:05:04.180+0000] {logging_mixin.py:151} INFO - [2023-09-01T15:05:04.180+0000] {dagbag.py:539} INFO - Filling up the DagBag from /home/airflow/.local/lib/python3.8/site-packages/airflow/example_dags/example_xcom.py
[2023-09-01T15:05:04.188+0000] {processor.py:839} INFO - DAG(s) dict_keys(['example_xcom']) retrieved from /home/airflow/.local/lib/python3.8/site-packages/airflow/example_dags/example_xcom.py
[2023-09-01T15:05:04.214+0000] {logging_mixin.py:151} INFO - [2023-09-01T15:05:04.214+0000] {dag.py:2907} INFO - Sync 1 DAGs
[2023-09-01T15:05:04.237+0000] {logging_mixin.py:151} INFO - [2023-09-01T15:05:04.237+0000] {dag.py:3677} INFO - Setting next_dagrun for example_xcom to 2021-01-01T00:00:00+00:00, run_after=2021-01-01T00:00:00+00:00
[2023-09-01T15:05:04.261+0000] {processor.py:179} INFO - Processing /home/airflow/.local/lib/python3.8/site-packages/airflow/example_dags/example_xcom.py took 0.089 seconds
[2023-09-01T15:05:34.487+0000] {processor.py:157} INFO - Started process (PID=1682) to work on /home/airflow/.local/lib/python3.8/site-packages/airflow/example_dags/example_xcom.py
[2023-09-01T15:05:34.488+0000] {processor.py:829} INFO - Processing file /home/airflow/.local/lib/python3.8/site-packages/airflow/example_dags/example_xcom.py for tasks to queue
[2023-09-01T15:05:34.491+0000] {logging_mixin.py:151} INFO - [2023-09-01T15:05:34.491+0000] {dagbag.py:539} INFO - Filling up the DagBag from /home/airflow/.local/lib/python3.8/site-packages/airflow/example_dags/example_xcom.py
[2023-09-01T15:05:34.500+0000] {processor.py:839} INFO - DAG(s) dict_keys(['example_xcom']) retrieved from /home/airflow/.local/lib/python3.8/site-packages/airflow/example_dags/example_xcom.py
[2023-09-01T15:05:34.527+0000] {logging_mixin.py:151} INFO - [2023-09-01T15:05:34.526+0000] {dag.py:2907} INFO - Sync 1 DAGs
[2023-09-01T15:05:34.550+0000] {logging_mixin.py:151} INFO - [2023-09-01T15:05:34.549+0000] {dag.py:3677} INFO - Setting next_dagrun for example_xcom to 2021-01-01T00:00:00+00:00, run_after=2021-01-01T00:00:00+00:00
[2023-09-01T15:05:34.571+0000] {processor.py:179} INFO - Processing /home/airflow/.local/lib/python3.8/site-packages/airflow/example_dags/example_xcom.py took 0.088 seconds
[2023-09-01T15:06:04.692+0000] {processor.py:157} INFO - Started process (PID=1736) to work on /home/airflow/.local/lib/python3.8/site-packages/airflow/example_dags/example_xcom.py
[2023-09-01T15:06:04.694+0000] {processor.py:829} INFO - Processing file /home/airflow/.local/lib/python3.8/site-packages/airflow/example_dags/example_xcom.py for tasks to queue
[2023-09-01T15:06:04.697+0000] {logging_mixin.py:151} INFO - [2023-09-01T15:06:04.697+0000] {dagbag.py:539} INFO - Filling up the DagBag from /home/airflow/.local/lib/python3.8/site-packages/airflow/example_dags/example_xcom.py
[2023-09-01T15:06:04.709+0000] {processor.py:839} INFO - DAG(s) dict_keys(['example_xcom']) retrieved from /home/airflow/.local/lib/python3.8/site-packages/airflow/example_dags/example_xcom.py
[2023-09-01T15:06:04.739+0000] {logging_mixin.py:151} INFO - [2023-09-01T15:06:04.738+0000] {dag.py:2907} INFO - Sync 1 DAGs
[2023-09-01T15:06:04.769+0000] {logging_mixin.py:151} INFO - [2023-09-01T15:06:04.768+0000] {dag.py:3677} INFO - Setting next_dagrun for example_xcom to 2021-01-01T00:00:00+00:00, run_after=2021-01-01T00:00:00+00:00
[2023-09-01T15:06:04.792+0000] {processor.py:179} INFO - Processing /home/airflow/.local/lib/python3.8/site-packages/airflow/example_dags/example_xcom.py took 0.104 seconds
[2023-09-01T15:06:34.936+0000] {processor.py:157} INFO - Started process (PID=1790) to work on /home/airflow/.local/lib/python3.8/site-packages/airflow/example_dags/example_xcom.py
[2023-09-01T15:06:34.938+0000] {processor.py:829} INFO - Processing file /home/airflow/.local/lib/python3.8/site-packages/airflow/example_dags/example_xcom.py for tasks to queue
[2023-09-01T15:06:34.941+0000] {logging_mixin.py:151} INFO - [2023-09-01T15:06:34.941+0000] {dagbag.py:539} INFO - Filling up the DagBag from /home/airflow/.local/lib/python3.8/site-packages/airflow/example_dags/example_xcom.py
[2023-09-01T15:06:34.952+0000] {processor.py:839} INFO - DAG(s) dict_keys(['example_xcom']) retrieved from /home/airflow/.local/lib/python3.8/site-packages/airflow/example_dags/example_xcom.py
[2023-09-01T15:06:34.980+0000] {logging_mixin.py:151} INFO - [2023-09-01T15:06:34.980+0000] {dag.py:2907} INFO - Sync 1 DAGs
[2023-09-01T15:06:35.004+0000] {logging_mixin.py:151} INFO - [2023-09-01T15:06:35.004+0000] {dag.py:3677} INFO - Setting next_dagrun for example_xcom to 2021-01-01T00:00:00+00:00, run_after=2021-01-01T00:00:00+00:00
[2023-09-01T15:06:35.024+0000] {processor.py:179} INFO - Processing /home/airflow/.local/lib/python3.8/site-packages/airflow/example_dags/example_xcom.py took 0.092 seconds
[2023-09-01T15:07:05.091+0000] {processor.py:157} INFO - Started process (PID=1844) to work on /home/airflow/.local/lib/python3.8/site-packages/airflow/example_dags/example_xcom.py
[2023-09-01T15:07:05.092+0000] {processor.py:829} INFO - Processing file /home/airflow/.local/lib/python3.8/site-packages/airflow/example_dags/example_xcom.py for tasks to queue
[2023-09-01T15:07:05.095+0000] {logging_mixin.py:151} INFO - [2023-09-01T15:07:05.095+0000] {dagbag.py:539} INFO - Filling up the DagBag from /home/airflow/.local/lib/python3.8/site-packages/airflow/example_dags/example_xcom.py
[2023-09-01T15:07:05.104+0000] {processor.py:839} INFO - DAG(s) dict_keys(['example_xcom']) retrieved from /home/airflow/.local/lib/python3.8/site-packages/airflow/example_dags/example_xcom.py
[2023-09-01T15:07:05.130+0000] {logging_mixin.py:151} INFO - [2023-09-01T15:07:05.130+0000] {dag.py:2907} INFO - Sync 1 DAGs
[2023-09-01T15:07:05.153+0000] {logging_mixin.py:151} INFO - [2023-09-01T15:07:05.152+0000] {dag.py:3677} INFO - Setting next_dagrun for example_xcom to 2021-01-01T00:00:00+00:00, run_after=2021-01-01T00:00:00+00:00
[2023-09-01T15:07:05.171+0000] {processor.py:179} INFO - Processing /home/airflow/.local/lib/python3.8/site-packages/airflow/example_dags/example_xcom.py took 0.085 seconds
[2023-09-01T15:07:35.205+0000] {processor.py:157} INFO - Started process (PID=1897) to work on /home/airflow/.local/lib/python3.8/site-packages/airflow/example_dags/example_xcom.py
[2023-09-01T15:07:35.206+0000] {processor.py:829} INFO - Processing file /home/airflow/.local/lib/python3.8/site-packages/airflow/example_dags/example_xcom.py for tasks to queue
[2023-09-01T15:07:35.209+0000] {logging_mixin.py:151} INFO - [2023-09-01T15:07:35.209+0000] {dagbag.py:539} INFO - Filling up the DagBag from /home/airflow/.local/lib/python3.8/site-packages/airflow/example_dags/example_xcom.py
[2023-09-01T15:07:35.218+0000] {processor.py:839} INFO - DAG(s) dict_keys(['example_xcom']) retrieved from /home/airflow/.local/lib/python3.8/site-packages/airflow/example_dags/example_xcom.py
[2023-09-01T15:07:35.239+0000] {logging_mixin.py:151} INFO - [2023-09-01T15:07:35.239+0000] {dag.py:2907} INFO - Sync 1 DAGs
[2023-09-01T15:07:35.259+0000] {logging_mixin.py:151} INFO - [2023-09-01T15:07:35.259+0000] {dag.py:3677} INFO - Setting next_dagrun for example_xcom to 2021-01-01T00:00:00+00:00, run_after=2021-01-01T00:00:00+00:00
[2023-09-01T15:07:35.278+0000] {processor.py:179} INFO - Processing /home/airflow/.local/lib/python3.8/site-packages/airflow/example_dags/example_xcom.py took 0.077 seconds
[2023-09-01T15:08:05.623+0000] {processor.py:157} INFO - Started process (PID=1952) to work on /home/airflow/.local/lib/python3.8/site-packages/airflow/example_dags/example_xcom.py
[2023-09-01T15:08:05.624+0000] {processor.py:829} INFO - Processing file /home/airflow/.local/lib/python3.8/site-packages/airflow/example_dags/example_xcom.py for tasks to queue
[2023-09-01T15:08:05.628+0000] {logging_mixin.py:151} INFO - [2023-09-01T15:08:05.627+0000] {dagbag.py:539} INFO - Filling up the DagBag from /home/airflow/.local/lib/python3.8/site-packages/airflow/example_dags/example_xcom.py
[2023-09-01T15:08:05.639+0000] {processor.py:839} INFO - DAG(s) dict_keys(['example_xcom']) retrieved from /home/airflow/.local/lib/python3.8/site-packages/airflow/example_dags/example_xcom.py
[2023-09-01T15:08:05.667+0000] {logging_mixin.py:151} INFO - [2023-09-01T15:08:05.666+0000] {dag.py:2907} INFO - Sync 1 DAGs
[2023-09-01T15:08:05.690+0000] {logging_mixin.py:151} INFO - [2023-09-01T15:08:05.690+0000] {dag.py:3677} INFO - Setting next_dagrun for example_xcom to 2021-01-01T00:00:00+00:00, run_after=2021-01-01T00:00:00+00:00
[2023-09-01T15:08:05.709+0000] {processor.py:179} INFO - Processing /home/airflow/.local/lib/python3.8/site-packages/airflow/example_dags/example_xcom.py took 0.092 seconds
[2023-09-01T15:08:35.981+0000] {processor.py:157} INFO - Started process (PID=2006) to work on /home/airflow/.local/lib/python3.8/site-packages/airflow/example_dags/example_xcom.py
[2023-09-01T15:08:35.983+0000] {processor.py:829} INFO - Processing file /home/airflow/.local/lib/python3.8/site-packages/airflow/example_dags/example_xcom.py for tasks to queue
[2023-09-01T15:08:35.986+0000] {logging_mixin.py:151} INFO - [2023-09-01T15:08:35.986+0000] {dagbag.py:539} INFO - Filling up the DagBag from /home/airflow/.local/lib/python3.8/site-packages/airflow/example_dags/example_xcom.py
[2023-09-01T15:08:35.997+0000] {processor.py:839} INFO - DAG(s) dict_keys(['example_xcom']) retrieved from /home/airflow/.local/lib/python3.8/site-packages/airflow/example_dags/example_xcom.py
[2023-09-01T15:08:36.023+0000] {logging_mixin.py:151} INFO - [2023-09-01T15:08:36.022+0000] {dag.py:2907} INFO - Sync 1 DAGs
[2023-09-01T15:08:36.046+0000] {logging_mixin.py:151} INFO - [2023-09-01T15:08:36.046+0000] {dag.py:3677} INFO - Setting next_dagrun for example_xcom to 2021-01-01T00:00:00+00:00, run_after=2021-01-01T00:00:00+00:00
[2023-09-01T15:08:36.066+0000] {processor.py:179} INFO - Processing /home/airflow/.local/lib/python3.8/site-packages/airflow/example_dags/example_xcom.py took 0.089 seconds
[2023-09-01T15:09:06.349+0000] {processor.py:157} INFO - Started process (PID=2060) to work on /home/airflow/.local/lib/python3.8/site-packages/airflow/example_dags/example_xcom.py
[2023-09-01T15:09:06.350+0000] {processor.py:829} INFO - Processing file /home/airflow/.local/lib/python3.8/site-packages/airflow/example_dags/example_xcom.py for tasks to queue
[2023-09-01T15:09:06.354+0000] {logging_mixin.py:151} INFO - [2023-09-01T15:09:06.353+0000] {dagbag.py:539} INFO - Filling up the DagBag from /home/airflow/.local/lib/python3.8/site-packages/airflow/example_dags/example_xcom.py
[2023-09-01T15:09:06.364+0000] {processor.py:839} INFO - DAG(s) dict_keys(['example_xcom']) retrieved from /home/airflow/.local/lib/python3.8/site-packages/airflow/example_dags/example_xcom.py
[2023-09-01T15:09:06.392+0000] {logging_mixin.py:151} INFO - [2023-09-01T15:09:06.392+0000] {dag.py:2907} INFO - Sync 1 DAGs
[2023-09-01T15:09:06.416+0000] {logging_mixin.py:151} INFO - [2023-09-01T15:09:06.416+0000] {dag.py:3677} INFO - Setting next_dagrun for example_xcom to 2021-01-01T00:00:00+00:00, run_after=2021-01-01T00:00:00+00:00
[2023-09-01T15:09:06.438+0000] {processor.py:179} INFO - Processing /home/airflow/.local/lib/python3.8/site-packages/airflow/example_dags/example_xcom.py took 0.094 seconds
[2023-09-01T15:09:37.371+0000] {processor.py:157} INFO - Started process (PID=2114) to work on /home/airflow/.local/lib/python3.8/site-packages/airflow/example_dags/example_xcom.py
[2023-09-01T15:09:37.372+0000] {processor.py:829} INFO - Processing file /home/airflow/.local/lib/python3.8/site-packages/airflow/example_dags/example_xcom.py for tasks to queue
[2023-09-01T15:09:37.375+0000] {logging_mixin.py:151} INFO - [2023-09-01T15:09:37.375+0000] {dagbag.py:539} INFO - Filling up the DagBag from /home/airflow/.local/lib/python3.8/site-packages/airflow/example_dags/example_xcom.py
[2023-09-01T15:09:37.386+0000] {processor.py:839} INFO - DAG(s) dict_keys(['example_xcom']) retrieved from /home/airflow/.local/lib/python3.8/site-packages/airflow/example_dags/example_xcom.py
[2023-09-01T15:09:37.414+0000] {logging_mixin.py:151} INFO - [2023-09-01T15:09:37.414+0000] {dag.py:2907} INFO - Sync 1 DAGs
[2023-09-01T15:09:37.438+0000] {logging_mixin.py:151} INFO - [2023-09-01T15:09:37.438+0000] {dag.py:3677} INFO - Setting next_dagrun for example_xcom to 2021-01-01T00:00:00+00:00, run_after=2021-01-01T00:00:00+00:00
[2023-09-01T15:09:37.461+0000] {processor.py:179} INFO - Processing /home/airflow/.local/lib/python3.8/site-packages/airflow/example_dags/example_xcom.py took 0.095 seconds
[2023-09-01T15:10:07.812+0000] {processor.py:157} INFO - Started process (PID=2168) to work on /home/airflow/.local/lib/python3.8/site-packages/airflow/example_dags/example_xcom.py
[2023-09-01T15:10:07.814+0000] {processor.py:829} INFO - Processing file /home/airflow/.local/lib/python3.8/site-packages/airflow/example_dags/example_xcom.py for tasks to queue
[2023-09-01T15:10:07.817+0000] {logging_mixin.py:151} INFO - [2023-09-01T15:10:07.817+0000] {dagbag.py:539} INFO - Filling up the DagBag from /home/airflow/.local/lib/python3.8/site-packages/airflow/example_dags/example_xcom.py
[2023-09-01T15:10:07.830+0000] {processor.py:839} INFO - DAG(s) dict_keys(['example_xcom']) retrieved from /home/airflow/.local/lib/python3.8/site-packages/airflow/example_dags/example_xcom.py
[2023-09-01T15:10:07.861+0000] {logging_mixin.py:151} INFO - [2023-09-01T15:10:07.861+0000] {dag.py:2907} INFO - Sync 1 DAGs
[2023-09-01T15:10:07.889+0000] {logging_mixin.py:151} INFO - [2023-09-01T15:10:07.889+0000] {dag.py:3677} INFO - Setting next_dagrun for example_xcom to 2021-01-01T00:00:00+00:00, run_after=2021-01-01T00:00:00+00:00
[2023-09-01T15:10:07.909+0000] {processor.py:179} INFO - Processing /home/airflow/.local/lib/python3.8/site-packages/airflow/example_dags/example_xcom.py took 0.104 seconds
[2023-09-01T15:10:38.291+0000] {processor.py:157} INFO - Started process (PID=2222) to work on /home/airflow/.local/lib/python3.8/site-packages/airflow/example_dags/example_xcom.py
[2023-09-01T15:10:38.292+0000] {processor.py:829} INFO - Processing file /home/airflow/.local/lib/python3.8/site-packages/airflow/example_dags/example_xcom.py for tasks to queue
[2023-09-01T15:10:38.294+0000] {logging_mixin.py:151} INFO - [2023-09-01T15:10:38.294+0000] {dagbag.py:539} INFO - Filling up the DagBag from /home/airflow/.local/lib/python3.8/site-packages/airflow/example_dags/example_xcom.py
[2023-09-01T15:10:38.303+0000] {processor.py:839} INFO - DAG(s) dict_keys(['example_xcom']) retrieved from /home/airflow/.local/lib/python3.8/site-packages/airflow/example_dags/example_xcom.py
[2023-09-01T15:10:38.325+0000] {logging_mixin.py:151} INFO - [2023-09-01T15:10:38.324+0000] {dag.py:2907} INFO - Sync 1 DAGs
[2023-09-01T15:10:38.345+0000] {logging_mixin.py:151} INFO - [2023-09-01T15:10:38.345+0000] {dag.py:3677} INFO - Setting next_dagrun for example_xcom to 2021-01-01T00:00:00+00:00, run_after=2021-01-01T00:00:00+00:00
[2023-09-01T15:10:38.363+0000] {processor.py:179} INFO - Processing /home/airflow/.local/lib/python3.8/site-packages/airflow/example_dags/example_xcom.py took 0.076 seconds
[2023-09-01T15:11:08.613+0000] {processor.py:157} INFO - Started process (PID=2276) to work on /home/airflow/.local/lib/python3.8/site-packages/airflow/example_dags/example_xcom.py
[2023-09-01T15:11:08.615+0000] {processor.py:829} INFO - Processing file /home/airflow/.local/lib/python3.8/site-packages/airflow/example_dags/example_xcom.py for tasks to queue
[2023-09-01T15:11:08.617+0000] {logging_mixin.py:151} INFO - [2023-09-01T15:11:08.617+0000] {dagbag.py:539} INFO - Filling up the DagBag from /home/airflow/.local/lib/python3.8/site-packages/airflow/example_dags/example_xcom.py
[2023-09-01T15:11:08.627+0000] {processor.py:839} INFO - DAG(s) dict_keys(['example_xcom']) retrieved from /home/airflow/.local/lib/python3.8/site-packages/airflow/example_dags/example_xcom.py
[2023-09-01T15:11:08.652+0000] {logging_mixin.py:151} INFO - [2023-09-01T15:11:08.652+0000] {dag.py:2907} INFO - Sync 1 DAGs
[2023-09-01T15:11:08.677+0000] {logging_mixin.py:151} INFO - [2023-09-01T15:11:08.677+0000] {dag.py:3677} INFO - Setting next_dagrun for example_xcom to 2021-01-01T00:00:00+00:00, run_after=2021-01-01T00:00:00+00:00
[2023-09-01T15:11:08.699+0000] {processor.py:179} INFO - Processing /home/airflow/.local/lib/python3.8/site-packages/airflow/example_dags/example_xcom.py took 0.090 seconds
[2023-09-01T15:11:38.934+0000] {processor.py:157} INFO - Started process (PID=2330) to work on /home/airflow/.local/lib/python3.8/site-packages/airflow/example_dags/example_xcom.py
[2023-09-01T15:11:38.935+0000] {processor.py:829} INFO - Processing file /home/airflow/.local/lib/python3.8/site-packages/airflow/example_dags/example_xcom.py for tasks to queue
[2023-09-01T15:11:38.939+0000] {logging_mixin.py:151} INFO - [2023-09-01T15:11:38.938+0000] {dagbag.py:539} INFO - Filling up the DagBag from /home/airflow/.local/lib/python3.8/site-packages/airflow/example_dags/example_xcom.py
[2023-09-01T15:11:38.950+0000] {processor.py:839} INFO - DAG(s) dict_keys(['example_xcom']) retrieved from /home/airflow/.local/lib/python3.8/site-packages/airflow/example_dags/example_xcom.py
[2023-09-01T15:11:38.978+0000] {logging_mixin.py:151} INFO - [2023-09-01T15:11:38.978+0000] {dag.py:2907} INFO - Sync 1 DAGs
[2023-09-01T15:11:39.001+0000] {logging_mixin.py:151} INFO - [2023-09-01T15:11:39.001+0000] {dag.py:3677} INFO - Setting next_dagrun for example_xcom to 2021-01-01T00:00:00+00:00, run_after=2021-01-01T00:00:00+00:00
[2023-09-01T15:11:39.025+0000] {processor.py:179} INFO - Processing /home/airflow/.local/lib/python3.8/site-packages/airflow/example_dags/example_xcom.py took 0.096 seconds
[2023-09-01T15:12:09.169+0000] {processor.py:157} INFO - Started process (PID=2384) to work on /home/airflow/.local/lib/python3.8/site-packages/airflow/example_dags/example_xcom.py
[2023-09-01T15:12:09.171+0000] {processor.py:829} INFO - Processing file /home/airflow/.local/lib/python3.8/site-packages/airflow/example_dags/example_xcom.py for tasks to queue
[2023-09-01T15:12:09.174+0000] {logging_mixin.py:151} INFO - [2023-09-01T15:12:09.173+0000] {dagbag.py:539} INFO - Filling up the DagBag from /home/airflow/.local/lib/python3.8/site-packages/airflow/example_dags/example_xcom.py
[2023-09-01T15:12:09.184+0000] {processor.py:839} INFO - DAG(s) dict_keys(['example_xcom']) retrieved from /home/airflow/.local/lib/python3.8/site-packages/airflow/example_dags/example_xcom.py
[2023-09-01T15:12:09.209+0000] {logging_mixin.py:151} INFO - [2023-09-01T15:12:09.209+0000] {dag.py:2907} INFO - Sync 1 DAGs
[2023-09-01T15:12:09.232+0000] {logging_mixin.py:151} INFO - [2023-09-01T15:12:09.232+0000] {dag.py:3677} INFO - Setting next_dagrun for example_xcom to 2021-01-01T00:00:00+00:00, run_after=2021-01-01T00:00:00+00:00
[2023-09-01T15:12:09.251+0000] {processor.py:179} INFO - Processing /home/airflow/.local/lib/python3.8/site-packages/airflow/example_dags/example_xcom.py took 0.086 seconds
[2023-09-01T15:12:39.315+0000] {processor.py:157} INFO - Started process (PID=2438) to work on /home/airflow/.local/lib/python3.8/site-packages/airflow/example_dags/example_xcom.py
[2023-09-01T15:12:39.317+0000] {processor.py:829} INFO - Processing file /home/airflow/.local/lib/python3.8/site-packages/airflow/example_dags/example_xcom.py for tasks to queue
[2023-09-01T15:12:39.320+0000] {logging_mixin.py:151} INFO - [2023-09-01T15:12:39.319+0000] {dagbag.py:539} INFO - Filling up the DagBag from /home/airflow/.local/lib/python3.8/site-packages/airflow/example_dags/example_xcom.py
[2023-09-01T15:12:39.330+0000] {processor.py:839} INFO - DAG(s) dict_keys(['example_xcom']) retrieved from /home/airflow/.local/lib/python3.8/site-packages/airflow/example_dags/example_xcom.py
[2023-09-01T15:12:39.358+0000] {logging_mixin.py:151} INFO - [2023-09-01T15:12:39.358+0000] {dag.py:2907} INFO - Sync 1 DAGs
[2023-09-01T15:12:39.383+0000] {logging_mixin.py:151} INFO - [2023-09-01T15:12:39.383+0000] {dag.py:3677} INFO - Setting next_dagrun for example_xcom to 2021-01-01T00:00:00+00:00, run_after=2021-01-01T00:00:00+00:00
[2023-09-01T15:12:39.402+0000] {processor.py:179} INFO - Processing /home/airflow/.local/lib/python3.8/site-packages/airflow/example_dags/example_xcom.py took 0.092 seconds
[2023-09-01T15:13:09.653+0000] {processor.py:157} INFO - Started process (PID=2492) to work on /home/airflow/.local/lib/python3.8/site-packages/airflow/example_dags/example_xcom.py
[2023-09-01T15:13:09.654+0000] {processor.py:829} INFO - Processing file /home/airflow/.local/lib/python3.8/site-packages/airflow/example_dags/example_xcom.py for tasks to queue
[2023-09-01T15:13:09.657+0000] {logging_mixin.py:151} INFO - [2023-09-01T15:13:09.657+0000] {dagbag.py:539} INFO - Filling up the DagBag from /home/airflow/.local/lib/python3.8/site-packages/airflow/example_dags/example_xcom.py
[2023-09-01T15:13:09.668+0000] {processor.py:839} INFO - DAG(s) dict_keys(['example_xcom']) retrieved from /home/airflow/.local/lib/python3.8/site-packages/airflow/example_dags/example_xcom.py
[2023-09-01T15:13:09.693+0000] {logging_mixin.py:151} INFO - [2023-09-01T15:13:09.693+0000] {dag.py:2907} INFO - Sync 1 DAGs
[2023-09-01T15:13:09.720+0000] {logging_mixin.py:151} INFO - [2023-09-01T15:13:09.720+0000] {dag.py:3677} INFO - Setting next_dagrun for example_xcom to 2021-01-01T00:00:00+00:00, run_after=2021-01-01T00:00:00+00:00
[2023-09-01T15:13:09.741+0000] {processor.py:179} INFO - Processing /home/airflow/.local/lib/python3.8/site-packages/airflow/example_dags/example_xcom.py took 0.093 seconds
[2023-09-01T15:13:40.437+0000] {processor.py:157} INFO - Started process (PID=2546) to work on /home/airflow/.local/lib/python3.8/site-packages/airflow/example_dags/example_xcom.py
[2023-09-01T15:13:40.438+0000] {processor.py:829} INFO - Processing file /home/airflow/.local/lib/python3.8/site-packages/airflow/example_dags/example_xcom.py for tasks to queue
[2023-09-01T15:13:40.441+0000] {logging_mixin.py:151} INFO - [2023-09-01T15:13:40.441+0000] {dagbag.py:539} INFO - Filling up the DagBag from /home/airflow/.local/lib/python3.8/site-packages/airflow/example_dags/example_xcom.py
[2023-09-01T15:13:40.452+0000] {processor.py:839} INFO - DAG(s) dict_keys(['example_xcom']) retrieved from /home/airflow/.local/lib/python3.8/site-packages/airflow/example_dags/example_xcom.py
[2023-09-01T15:13:40.480+0000] {logging_mixin.py:151} INFO - [2023-09-01T15:13:40.480+0000] {dag.py:2907} INFO - Sync 1 DAGs
[2023-09-01T15:13:40.504+0000] {logging_mixin.py:151} INFO - [2023-09-01T15:13:40.504+0000] {dag.py:3677} INFO - Setting next_dagrun for example_xcom to 2021-01-01T00:00:00+00:00, run_after=2021-01-01T00:00:00+00:00
[2023-09-01T15:13:40.524+0000] {processor.py:179} INFO - Processing /home/airflow/.local/lib/python3.8/site-packages/airflow/example_dags/example_xcom.py took 0.092 seconds
[2023-09-01T15:14:10.596+0000] {processor.py:157} INFO - Started process (PID=2600) to work on /home/airflow/.local/lib/python3.8/site-packages/airflow/example_dags/example_xcom.py
[2023-09-01T15:14:10.597+0000] {processor.py:829} INFO - Processing file /home/airflow/.local/lib/python3.8/site-packages/airflow/example_dags/example_xcom.py for tasks to queue
[2023-09-01T15:14:10.601+0000] {logging_mixin.py:151} INFO - [2023-09-01T15:14:10.600+0000] {dagbag.py:539} INFO - Filling up the DagBag from /home/airflow/.local/lib/python3.8/site-packages/airflow/example_dags/example_xcom.py
[2023-09-01T15:14:10.612+0000] {processor.py:839} INFO - DAG(s) dict_keys(['example_xcom']) retrieved from /home/airflow/.local/lib/python3.8/site-packages/airflow/example_dags/example_xcom.py
[2023-09-01T15:14:10.638+0000] {logging_mixin.py:151} INFO - [2023-09-01T15:14:10.638+0000] {dag.py:2907} INFO - Sync 1 DAGs
[2023-09-01T15:14:10.662+0000] {logging_mixin.py:151} INFO - [2023-09-01T15:14:10.662+0000] {dag.py:3677} INFO - Setting next_dagrun for example_xcom to 2021-01-01T00:00:00+00:00, run_after=2021-01-01T00:00:00+00:00
[2023-09-01T15:14:10.682+0000] {processor.py:179} INFO - Processing /home/airflow/.local/lib/python3.8/site-packages/airflow/example_dags/example_xcom.py took 0.090 seconds
[2023-09-01T15:14:41.558+0000] {processor.py:157} INFO - Started process (PID=2654) to work on /home/airflow/.local/lib/python3.8/site-packages/airflow/example_dags/example_xcom.py
[2023-09-01T15:14:41.560+0000] {processor.py:829} INFO - Processing file /home/airflow/.local/lib/python3.8/site-packages/airflow/example_dags/example_xcom.py for tasks to queue
[2023-09-01T15:14:41.563+0000] {logging_mixin.py:151} INFO - [2023-09-01T15:14:41.563+0000] {dagbag.py:539} INFO - Filling up the DagBag from /home/airflow/.local/lib/python3.8/site-packages/airflow/example_dags/example_xcom.py
[2023-09-01T15:14:41.574+0000] {processor.py:839} INFO - DAG(s) dict_keys(['example_xcom']) retrieved from /home/airflow/.local/lib/python3.8/site-packages/airflow/example_dags/example_xcom.py
[2023-09-01T15:14:41.601+0000] {logging_mixin.py:151} INFO - [2023-09-01T15:14:41.600+0000] {dag.py:2907} INFO - Sync 1 DAGs
[2023-09-01T15:14:41.624+0000] {logging_mixin.py:151} INFO - [2023-09-01T15:14:41.624+0000] {dag.py:3677} INFO - Setting next_dagrun for example_xcom to 2021-01-01T00:00:00+00:00, run_after=2021-01-01T00:00:00+00:00
[2023-09-01T15:14:41.643+0000] {processor.py:179} INFO - Processing /home/airflow/.local/lib/python3.8/site-packages/airflow/example_dags/example_xcom.py took 0.089 seconds
[2023-09-01T15:15:12.588+0000] {processor.py:157} INFO - Started process (PID=2708) to work on /home/airflow/.local/lib/python3.8/site-packages/airflow/example_dags/example_xcom.py
[2023-09-01T15:15:12.589+0000] {processor.py:829} INFO - Processing file /home/airflow/.local/lib/python3.8/site-packages/airflow/example_dags/example_xcom.py for tasks to queue
[2023-09-01T15:15:12.593+0000] {logging_mixin.py:151} INFO - [2023-09-01T15:15:12.592+0000] {dagbag.py:539} INFO - Filling up the DagBag from /home/airflow/.local/lib/python3.8/site-packages/airflow/example_dags/example_xcom.py
[2023-09-01T15:15:12.603+0000] {processor.py:839} INFO - DAG(s) dict_keys(['example_xcom']) retrieved from /home/airflow/.local/lib/python3.8/site-packages/airflow/example_dags/example_xcom.py
[2023-09-01T15:15:12.626+0000] {logging_mixin.py:151} INFO - [2023-09-01T15:15:12.626+0000] {dag.py:2907} INFO - Sync 1 DAGs
[2023-09-01T15:15:12.650+0000] {logging_mixin.py:151} INFO - [2023-09-01T15:15:12.650+0000] {dag.py:3677} INFO - Setting next_dagrun for example_xcom to 2021-01-01T00:00:00+00:00, run_after=2021-01-01T00:00:00+00:00
[2023-09-01T15:15:12.669+0000] {processor.py:179} INFO - Processing /home/airflow/.local/lib/python3.8/site-packages/airflow/example_dags/example_xcom.py took 0.086 seconds
[2023-09-01T15:15:42.917+0000] {processor.py:157} INFO - Started process (PID=2762) to work on /home/airflow/.local/lib/python3.8/site-packages/airflow/example_dags/example_xcom.py
[2023-09-01T15:15:42.918+0000] {processor.py:829} INFO - Processing file /home/airflow/.local/lib/python3.8/site-packages/airflow/example_dags/example_xcom.py for tasks to queue
[2023-09-01T15:15:42.922+0000] {logging_mixin.py:151} INFO - [2023-09-01T15:15:42.922+0000] {dagbag.py:539} INFO - Filling up the DagBag from /home/airflow/.local/lib/python3.8/site-packages/airflow/example_dags/example_xcom.py
[2023-09-01T15:15:42.933+0000] {processor.py:839} INFO - DAG(s) dict_keys(['example_xcom']) retrieved from /home/airflow/.local/lib/python3.8/site-packages/airflow/example_dags/example_xcom.py
[2023-09-01T15:15:42.958+0000] {logging_mixin.py:151} INFO - [2023-09-01T15:15:42.958+0000] {dag.py:2907} INFO - Sync 1 DAGs
[2023-09-01T15:15:42.982+0000] {logging_mixin.py:151} INFO - [2023-09-01T15:15:42.982+0000] {dag.py:3677} INFO - Setting next_dagrun for example_xcom to 2021-01-01T00:00:00+00:00, run_after=2021-01-01T00:00:00+00:00
[2023-09-01T15:15:43.001+0000] {processor.py:179} INFO - Processing /home/airflow/.local/lib/python3.8/site-packages/airflow/example_dags/example_xcom.py took 0.089 seconds
[2023-09-01T15:16:13.103+0000] {processor.py:157} INFO - Started process (PID=2816) to work on /home/airflow/.local/lib/python3.8/site-packages/airflow/example_dags/example_xcom.py
[2023-09-01T15:16:13.104+0000] {processor.py:829} INFO - Processing file /home/airflow/.local/lib/python3.8/site-packages/airflow/example_dags/example_xcom.py for tasks to queue
[2023-09-01T15:16:13.107+0000] {logging_mixin.py:151} INFO - [2023-09-01T15:16:13.107+0000] {dagbag.py:539} INFO - Filling up the DagBag from /home/airflow/.local/lib/python3.8/site-packages/airflow/example_dags/example_xcom.py
[2023-09-01T15:16:13.117+0000] {processor.py:839} INFO - DAG(s) dict_keys(['example_xcom']) retrieved from /home/airflow/.local/lib/python3.8/site-packages/airflow/example_dags/example_xcom.py
[2023-09-01T15:16:13.141+0000] {logging_mixin.py:151} INFO - [2023-09-01T15:16:13.141+0000] {dag.py:2907} INFO - Sync 1 DAGs
[2023-09-01T15:16:13.163+0000] {logging_mixin.py:151} INFO - [2023-09-01T15:16:13.163+0000] {dag.py:3677} INFO - Setting next_dagrun for example_xcom to 2021-01-01T00:00:00+00:00, run_after=2021-01-01T00:00:00+00:00
[2023-09-01T15:16:13.183+0000] {processor.py:179} INFO - Processing /home/airflow/.local/lib/python3.8/site-packages/airflow/example_dags/example_xcom.py took 0.085 seconds
[2023-09-01T15:16:43.567+0000] {processor.py:157} INFO - Started process (PID=2871) to work on /home/airflow/.local/lib/python3.8/site-packages/airflow/example_dags/example_xcom.py
[2023-09-01T15:16:43.569+0000] {processor.py:829} INFO - Processing file /home/airflow/.local/lib/python3.8/site-packages/airflow/example_dags/example_xcom.py for tasks to queue
[2023-09-01T15:16:43.572+0000] {logging_mixin.py:151} INFO - [2023-09-01T15:16:43.572+0000] {dagbag.py:539} INFO - Filling up the DagBag from /home/airflow/.local/lib/python3.8/site-packages/airflow/example_dags/example_xcom.py
[2023-09-01T15:16:43.581+0000] {processor.py:839} INFO - DAG(s) dict_keys(['example_xcom']) retrieved from /home/airflow/.local/lib/python3.8/site-packages/airflow/example_dags/example_xcom.py
[2023-09-01T15:16:43.604+0000] {logging_mixin.py:151} INFO - [2023-09-01T15:16:43.603+0000] {dag.py:2907} INFO - Sync 1 DAGs
[2023-09-01T15:16:43.628+0000] {logging_mixin.py:151} INFO - [2023-09-01T15:16:43.627+0000] {dag.py:3677} INFO - Setting next_dagrun for example_xcom to 2021-01-01T00:00:00+00:00, run_after=2021-01-01T00:00:00+00:00
[2023-09-01T15:16:43.648+0000] {processor.py:179} INFO - Processing /home/airflow/.local/lib/python3.8/site-packages/airflow/example_dags/example_xcom.py took 0.085 seconds
[2023-09-01T15:17:14.130+0000] {processor.py:157} INFO - Started process (PID=2926) to work on /home/airflow/.local/lib/python3.8/site-packages/airflow/example_dags/example_xcom.py
[2023-09-01T15:17:14.131+0000] {processor.py:829} INFO - Processing file /home/airflow/.local/lib/python3.8/site-packages/airflow/example_dags/example_xcom.py for tasks to queue
[2023-09-01T15:17:14.134+0000] {logging_mixin.py:151} INFO - [2023-09-01T15:17:14.134+0000] {dagbag.py:539} INFO - Filling up the DagBag from /home/airflow/.local/lib/python3.8/site-packages/airflow/example_dags/example_xcom.py
[2023-09-01T15:17:14.144+0000] {processor.py:839} INFO - DAG(s) dict_keys(['example_xcom']) retrieved from /home/airflow/.local/lib/python3.8/site-packages/airflow/example_dags/example_xcom.py
[2023-09-01T15:17:14.170+0000] {logging_mixin.py:151} INFO - [2023-09-01T15:17:14.170+0000] {dag.py:2907} INFO - Sync 1 DAGs
[2023-09-01T15:17:14.193+0000] {logging_mixin.py:151} INFO - [2023-09-01T15:17:14.193+0000] {dag.py:3677} INFO - Setting next_dagrun for example_xcom to 2021-01-01T00:00:00+00:00, run_after=2021-01-01T00:00:00+00:00
[2023-09-01T15:17:14.213+0000] {processor.py:179} INFO - Processing /home/airflow/.local/lib/python3.8/site-packages/airflow/example_dags/example_xcom.py took 0.088 seconds
[2023-09-01T15:17:44.509+0000] {processor.py:157} INFO - Started process (PID=2980) to work on /home/airflow/.local/lib/python3.8/site-packages/airflow/example_dags/example_xcom.py
[2023-09-01T15:17:44.510+0000] {processor.py:829} INFO - Processing file /home/airflow/.local/lib/python3.8/site-packages/airflow/example_dags/example_xcom.py for tasks to queue
[2023-09-01T15:17:44.513+0000] {logging_mixin.py:151} INFO - [2023-09-01T15:17:44.513+0000] {dagbag.py:539} INFO - Filling up the DagBag from /home/airflow/.local/lib/python3.8/site-packages/airflow/example_dags/example_xcom.py
[2023-09-01T15:17:44.524+0000] {processor.py:839} INFO - DAG(s) dict_keys(['example_xcom']) retrieved from /home/airflow/.local/lib/python3.8/site-packages/airflow/example_dags/example_xcom.py
[2023-09-01T15:17:44.553+0000] {logging_mixin.py:151} INFO - [2023-09-01T15:17:44.553+0000] {dag.py:2907} INFO - Sync 1 DAGs
[2023-09-01T15:17:44.578+0000] {logging_mixin.py:151} INFO - [2023-09-01T15:17:44.578+0000] {dag.py:3677} INFO - Setting next_dagrun for example_xcom to 2021-01-01T00:00:00+00:00, run_after=2021-01-01T00:00:00+00:00
[2023-09-01T15:17:44.598+0000] {processor.py:179} INFO - Processing /home/airflow/.local/lib/python3.8/site-packages/airflow/example_dags/example_xcom.py took 0.094 seconds
[2023-09-01T15:18:15.574+0000] {processor.py:157} INFO - Started process (PID=3034) to work on /home/airflow/.local/lib/python3.8/site-packages/airflow/example_dags/example_xcom.py
[2023-09-01T15:18:15.576+0000] {processor.py:829} INFO - Processing file /home/airflow/.local/lib/python3.8/site-packages/airflow/example_dags/example_xcom.py for tasks to queue
[2023-09-01T15:18:15.579+0000] {logging_mixin.py:151} INFO - [2023-09-01T15:18:15.579+0000] {dagbag.py:539} INFO - Filling up the DagBag from /home/airflow/.local/lib/python3.8/site-packages/airflow/example_dags/example_xcom.py
[2023-09-01T15:18:15.588+0000] {processor.py:839} INFO - DAG(s) dict_keys(['example_xcom']) retrieved from /home/airflow/.local/lib/python3.8/site-packages/airflow/example_dags/example_xcom.py
[2023-09-01T15:18:15.611+0000] {logging_mixin.py:151} INFO - [2023-09-01T15:18:15.611+0000] {dag.py:2907} INFO - Sync 1 DAGs
[2023-09-01T15:18:15.634+0000] {logging_mixin.py:151} INFO - [2023-09-01T15:18:15.634+0000] {dag.py:3677} INFO - Setting next_dagrun for example_xcom to 2021-01-01T00:00:00+00:00, run_after=2021-01-01T00:00:00+00:00
[2023-09-01T15:18:15.654+0000] {processor.py:179} INFO - Processing /home/airflow/.local/lib/python3.8/site-packages/airflow/example_dags/example_xcom.py took 0.084 seconds
[2023-09-01T15:18:46.304+0000] {processor.py:157} INFO - Started process (PID=3088) to work on /home/airflow/.local/lib/python3.8/site-packages/airflow/example_dags/example_xcom.py
[2023-09-01T15:18:46.306+0000] {processor.py:829} INFO - Processing file /home/airflow/.local/lib/python3.8/site-packages/airflow/example_dags/example_xcom.py for tasks to queue
[2023-09-01T15:18:46.309+0000] {logging_mixin.py:151} INFO - [2023-09-01T15:18:46.309+0000] {dagbag.py:539} INFO - Filling up the DagBag from /home/airflow/.local/lib/python3.8/site-packages/airflow/example_dags/example_xcom.py
[2023-09-01T15:18:46.320+0000] {processor.py:839} INFO - DAG(s) dict_keys(['example_xcom']) retrieved from /home/airflow/.local/lib/python3.8/site-packages/airflow/example_dags/example_xcom.py
[2023-09-01T15:18:46.348+0000] {logging_mixin.py:151} INFO - [2023-09-01T15:18:46.348+0000] {dag.py:2907} INFO - Sync 1 DAGs
[2023-09-01T15:18:46.372+0000] {logging_mixin.py:151} INFO - [2023-09-01T15:18:46.372+0000] {dag.py:3677} INFO - Setting next_dagrun for example_xcom to 2021-01-01T00:00:00+00:00, run_after=2021-01-01T00:00:00+00:00
[2023-09-01T15:18:46.392+0000] {processor.py:179} INFO - Processing /home/airflow/.local/lib/python3.8/site-packages/airflow/example_dags/example_xcom.py took 0.092 seconds
[2023-09-01T15:19:16.814+0000] {processor.py:157} INFO - Started process (PID=3142) to work on /home/airflow/.local/lib/python3.8/site-packages/airflow/example_dags/example_xcom.py
[2023-09-01T15:19:16.816+0000] {processor.py:829} INFO - Processing file /home/airflow/.local/lib/python3.8/site-packages/airflow/example_dags/example_xcom.py for tasks to queue
[2023-09-01T15:19:16.819+0000] {logging_mixin.py:151} INFO - [2023-09-01T15:19:16.819+0000] {dagbag.py:539} INFO - Filling up the DagBag from /home/airflow/.local/lib/python3.8/site-packages/airflow/example_dags/example_xcom.py
[2023-09-01T15:19:16.830+0000] {processor.py:839} INFO - DAG(s) dict_keys(['example_xcom']) retrieved from /home/airflow/.local/lib/python3.8/site-packages/airflow/example_dags/example_xcom.py
[2023-09-01T15:19:16.855+0000] {logging_mixin.py:151} INFO - [2023-09-01T15:19:16.855+0000] {dag.py:2907} INFO - Sync 1 DAGs
[2023-09-01T15:19:16.879+0000] {logging_mixin.py:151} INFO - [2023-09-01T15:19:16.879+0000] {dag.py:3677} INFO - Setting next_dagrun for example_xcom to 2021-01-01T00:00:00+00:00, run_after=2021-01-01T00:00:00+00:00
[2023-09-01T15:19:16.899+0000] {processor.py:179} INFO - Processing /home/airflow/.local/lib/python3.8/site-packages/airflow/example_dags/example_xcom.py took 0.089 seconds
[2023-09-01T15:19:47.458+0000] {processor.py:157} INFO - Started process (PID=3196) to work on /home/airflow/.local/lib/python3.8/site-packages/airflow/example_dags/example_xcom.py
[2023-09-01T15:19:47.459+0000] {processor.py:829} INFO - Processing file /home/airflow/.local/lib/python3.8/site-packages/airflow/example_dags/example_xcom.py for tasks to queue
[2023-09-01T15:19:47.463+0000] {logging_mixin.py:151} INFO - [2023-09-01T15:19:47.462+0000] {dagbag.py:539} INFO - Filling up the DagBag from /home/airflow/.local/lib/python3.8/site-packages/airflow/example_dags/example_xcom.py
[2023-09-01T15:19:47.474+0000] {processor.py:839} INFO - DAG(s) dict_keys(['example_xcom']) retrieved from /home/airflow/.local/lib/python3.8/site-packages/airflow/example_dags/example_xcom.py
[2023-09-01T15:19:47.502+0000] {logging_mixin.py:151} INFO - [2023-09-01T15:19:47.502+0000] {dag.py:2907} INFO - Sync 1 DAGs
[2023-09-01T15:19:47.529+0000] {logging_mixin.py:151} INFO - [2023-09-01T15:19:47.529+0000] {dag.py:3677} INFO - Setting next_dagrun for example_xcom to 2021-01-01T00:00:00+00:00, run_after=2021-01-01T00:00:00+00:00
[2023-09-01T15:19:47.552+0000] {processor.py:179} INFO - Processing /home/airflow/.local/lib/python3.8/site-packages/airflow/example_dags/example_xcom.py took 0.099 seconds
[2023-09-01T15:20:17.901+0000] {processor.py:157} INFO - Started process (PID=3250) to work on /home/airflow/.local/lib/python3.8/site-packages/airflow/example_dags/example_xcom.py
[2023-09-01T15:20:17.903+0000] {processor.py:829} INFO - Processing file /home/airflow/.local/lib/python3.8/site-packages/airflow/example_dags/example_xcom.py for tasks to queue
[2023-09-01T15:20:17.906+0000] {logging_mixin.py:151} INFO - [2023-09-01T15:20:17.906+0000] {dagbag.py:539} INFO - Filling up the DagBag from /home/airflow/.local/lib/python3.8/site-packages/airflow/example_dags/example_xcom.py
[2023-09-01T15:20:17.916+0000] {processor.py:839} INFO - DAG(s) dict_keys(['example_xcom']) retrieved from /home/airflow/.local/lib/python3.8/site-packages/airflow/example_dags/example_xcom.py
[2023-09-01T15:20:17.943+0000] {logging_mixin.py:151} INFO - [2023-09-01T15:20:17.943+0000] {dag.py:2907} INFO - Sync 1 DAGs
[2023-09-01T15:20:17.972+0000] {logging_mixin.py:151} INFO - [2023-09-01T15:20:17.971+0000] {dag.py:3677} INFO - Setting next_dagrun for example_xcom to 2021-01-01T00:00:00+00:00, run_after=2021-01-01T00:00:00+00:00
[2023-09-01T15:20:17.995+0000] {processor.py:179} INFO - Processing /home/airflow/.local/lib/python3.8/site-packages/airflow/example_dags/example_xcom.py took 0.098 seconds
[2023-09-01T15:20:48.521+0000] {processor.py:157} INFO - Started process (PID=3304) to work on /home/airflow/.local/lib/python3.8/site-packages/airflow/example_dags/example_xcom.py
[2023-09-01T15:20:48.522+0000] {processor.py:829} INFO - Processing file /home/airflow/.local/lib/python3.8/site-packages/airflow/example_dags/example_xcom.py for tasks to queue
[2023-09-01T15:20:48.526+0000] {logging_mixin.py:151} INFO - [2023-09-01T15:20:48.525+0000] {dagbag.py:539} INFO - Filling up the DagBag from /home/airflow/.local/lib/python3.8/site-packages/airflow/example_dags/example_xcom.py
[2023-09-01T15:20:48.536+0000] {processor.py:839} INFO - DAG(s) dict_keys(['example_xcom']) retrieved from /home/airflow/.local/lib/python3.8/site-packages/airflow/example_dags/example_xcom.py
[2023-09-01T15:20:48.563+0000] {logging_mixin.py:151} INFO - [2023-09-01T15:20:48.562+0000] {dag.py:2907} INFO - Sync 1 DAGs
[2023-09-01T15:20:48.586+0000] {logging_mixin.py:151} INFO - [2023-09-01T15:20:48.586+0000] {dag.py:3677} INFO - Setting next_dagrun for example_xcom to 2021-01-01T00:00:00+00:00, run_after=2021-01-01T00:00:00+00:00
[2023-09-01T15:20:48.606+0000] {processor.py:179} INFO - Processing /home/airflow/.local/lib/python3.8/site-packages/airflow/example_dags/example_xcom.py took 0.089 seconds
[2023-09-01T15:21:19.120+0000] {processor.py:157} INFO - Started process (PID=3358) to work on /home/airflow/.local/lib/python3.8/site-packages/airflow/example_dags/example_xcom.py
[2023-09-01T15:21:19.122+0000] {processor.py:829} INFO - Processing file /home/airflow/.local/lib/python3.8/site-packages/airflow/example_dags/example_xcom.py for tasks to queue
[2023-09-01T15:21:19.125+0000] {logging_mixin.py:151} INFO - [2023-09-01T15:21:19.124+0000] {dagbag.py:539} INFO - Filling up the DagBag from /home/airflow/.local/lib/python3.8/site-packages/airflow/example_dags/example_xcom.py
[2023-09-01T15:21:19.135+0000] {processor.py:839} INFO - DAG(s) dict_keys(['example_xcom']) retrieved from /home/airflow/.local/lib/python3.8/site-packages/airflow/example_dags/example_xcom.py
[2023-09-01T15:21:19.162+0000] {logging_mixin.py:151} INFO - [2023-09-01T15:21:19.162+0000] {dag.py:2907} INFO - Sync 1 DAGs
[2023-09-01T15:21:19.186+0000] {logging_mixin.py:151} INFO - [2023-09-01T15:21:19.186+0000] {dag.py:3677} INFO - Setting next_dagrun for example_xcom to 2021-01-01T00:00:00+00:00, run_after=2021-01-01T00:00:00+00:00
[2023-09-01T15:21:19.205+0000] {processor.py:179} INFO - Processing /home/airflow/.local/lib/python3.8/site-packages/airflow/example_dags/example_xcom.py took 0.090 seconds
[2023-09-01T15:21:49.849+0000] {processor.py:157} INFO - Started process (PID=3412) to work on /home/airflow/.local/lib/python3.8/site-packages/airflow/example_dags/example_xcom.py
[2023-09-01T15:21:49.851+0000] {processor.py:829} INFO - Processing file /home/airflow/.local/lib/python3.8/site-packages/airflow/example_dags/example_xcom.py for tasks to queue
[2023-09-01T15:21:49.854+0000] {logging_mixin.py:151} INFO - [2023-09-01T15:21:49.853+0000] {dagbag.py:539} INFO - Filling up the DagBag from /home/airflow/.local/lib/python3.8/site-packages/airflow/example_dags/example_xcom.py
[2023-09-01T15:21:49.863+0000] {processor.py:839} INFO - DAG(s) dict_keys(['example_xcom']) retrieved from /home/airflow/.local/lib/python3.8/site-packages/airflow/example_dags/example_xcom.py
[2023-09-01T15:21:49.888+0000] {logging_mixin.py:151} INFO - [2023-09-01T15:21:49.887+0000] {dag.py:2907} INFO - Sync 1 DAGs
[2023-09-01T15:21:49.913+0000] {logging_mixin.py:151} INFO - [2023-09-01T15:21:49.913+0000] {dag.py:3677} INFO - Setting next_dagrun for example_xcom to 2021-01-01T00:00:00+00:00, run_after=2021-01-01T00:00:00+00:00
[2023-09-01T15:21:49.934+0000] {processor.py:179} INFO - Processing /home/airflow/.local/lib/python3.8/site-packages/airflow/example_dags/example_xcom.py took 0.089 seconds
