[2023-09-01T14:50:11.216+0000] {processor.py:157} INFO - Started process (PID=36) to work on /home/airflow/.local/lib/python3.8/site-packages/airflow/example_dags/example_params_trigger_ui.py
[2023-09-01T14:50:11.217+0000] {processor.py:829} INFO - Processing file /home/airflow/.local/lib/python3.8/site-packages/airflow/example_dags/example_params_trigger_ui.py for tasks to queue
[2023-09-01T14:50:11.222+0000] {logging_mixin.py:151} INFO - [2023-09-01T14:50:11.221+0000] {dagbag.py:539} INFO - Filling up the DagBag from /home/airflow/.local/lib/python3.8/site-packages/airflow/example_dags/example_params_trigger_ui.py
[2023-09-01T14:50:11.262+0000] {processor.py:839} INFO - DAG(s) dict_keys(['example_params_trigger_ui']) retrieved from /home/airflow/.local/lib/python3.8/site-packages/airflow/example_dags/example_params_trigger_ui.py
[2023-09-01T14:50:11.591+0000] {logging_mixin.py:151} INFO - [2023-09-01T14:50:11.590+0000] {manager.py:501} INFO - Created Permission View: can read on DAG:example_params_trigger_ui
[2023-09-01T14:50:11.610+0000] {logging_mixin.py:151} INFO - [2023-09-01T14:50:11.610+0000] {manager.py:501} INFO - Created Permission View: can edit on DAG:example_params_trigger_ui
[2023-09-01T14:50:11.619+0000] {logging_mixin.py:151} INFO - [2023-09-01T14:50:11.619+0000] {manager.py:501} INFO - Created Permission View: can delete on DAG:example_params_trigger_ui
[2023-09-01T14:50:11.639+0000] {logging_mixin.py:151} INFO - [2023-09-01T14:50:11.639+0000] {dag.py:2907} INFO - Sync 1 DAGs
[2023-09-01T14:50:11.653+0000] {logging_mixin.py:151} INFO - [2023-09-01T14:50:11.653+0000] {dag.py:2929} INFO - Creating ORM DAG for example_params_trigger_ui
[2023-09-01T14:50:11.655+0000] {logging_mixin.py:151} INFO - [2023-09-01T14:50:11.655+0000] {dag.py:3677} INFO - Setting next_dagrun for example_params_trigger_ui to None, run_after=None
[2023-09-01T14:50:11.679+0000] {processor.py:179} INFO - Processing /home/airflow/.local/lib/python3.8/site-packages/airflow/example_dags/example_params_trigger_ui.py took 0.469 seconds
[2023-09-01T14:50:41.962+0000] {processor.py:157} INFO - Started process (PID=89) to work on /home/airflow/.local/lib/python3.8/site-packages/airflow/example_dags/example_params_trigger_ui.py
[2023-09-01T14:50:41.964+0000] {processor.py:829} INFO - Processing file /home/airflow/.local/lib/python3.8/site-packages/airflow/example_dags/example_params_trigger_ui.py for tasks to queue
[2023-09-01T14:50:41.968+0000] {logging_mixin.py:151} INFO - [2023-09-01T14:50:41.967+0000] {dagbag.py:539} INFO - Filling up the DagBag from /home/airflow/.local/lib/python3.8/site-packages/airflow/example_dags/example_params_trigger_ui.py
[2023-09-01T14:50:41.993+0000] {processor.py:839} INFO - DAG(s) dict_keys(['example_params_trigger_ui']) retrieved from /home/airflow/.local/lib/python3.8/site-packages/airflow/example_dags/example_params_trigger_ui.py
[2023-09-01T14:50:42.053+0000] {logging_mixin.py:151} INFO - [2023-09-01T14:50:42.053+0000] {dag.py:2907} INFO - Sync 1 DAGs
[2023-09-01T14:50:42.069+0000] {logging_mixin.py:151} INFO - [2023-09-01T14:50:42.069+0000] {dag.py:3677} INFO - Setting next_dagrun for example_params_trigger_ui to None, run_after=None
[2023-09-01T14:50:42.092+0000] {processor.py:179} INFO - Processing /home/airflow/.local/lib/python3.8/site-packages/airflow/example_dags/example_params_trigger_ui.py took 0.136 seconds
[2023-09-01T14:51:12.128+0000] {processor.py:157} INFO - Started process (PID=143) to work on /home/airflow/.local/lib/python3.8/site-packages/airflow/example_dags/example_params_trigger_ui.py
[2023-09-01T14:51:12.130+0000] {processor.py:829} INFO - Processing file /home/airflow/.local/lib/python3.8/site-packages/airflow/example_dags/example_params_trigger_ui.py for tasks to queue
[2023-09-01T14:51:12.133+0000] {logging_mixin.py:151} INFO - [2023-09-01T14:51:12.133+0000] {dagbag.py:539} INFO - Filling up the DagBag from /home/airflow/.local/lib/python3.8/site-packages/airflow/example_dags/example_params_trigger_ui.py
[2023-09-01T14:51:12.158+0000] {processor.py:839} INFO - DAG(s) dict_keys(['example_params_trigger_ui']) retrieved from /home/airflow/.local/lib/python3.8/site-packages/airflow/example_dags/example_params_trigger_ui.py
[2023-09-01T14:51:12.218+0000] {logging_mixin.py:151} INFO - [2023-09-01T14:51:12.218+0000] {dag.py:2907} INFO - Sync 1 DAGs
[2023-09-01T14:51:12.234+0000] {logging_mixin.py:151} INFO - [2023-09-01T14:51:12.234+0000] {dag.py:3677} INFO - Setting next_dagrun for example_params_trigger_ui to None, run_after=None
[2023-09-01T14:51:12.258+0000] {processor.py:179} INFO - Processing /home/airflow/.local/lib/python3.8/site-packages/airflow/example_dags/example_params_trigger_ui.py took 0.135 seconds
[2023-09-01T14:51:42.643+0000] {processor.py:157} INFO - Started process (PID=197) to work on /home/airflow/.local/lib/python3.8/site-packages/airflow/example_dags/example_params_trigger_ui.py
[2023-09-01T14:51:42.645+0000] {processor.py:829} INFO - Processing file /home/airflow/.local/lib/python3.8/site-packages/airflow/example_dags/example_params_trigger_ui.py for tasks to queue
[2023-09-01T14:51:42.649+0000] {logging_mixin.py:151} INFO - [2023-09-01T14:51:42.648+0000] {dagbag.py:539} INFO - Filling up the DagBag from /home/airflow/.local/lib/python3.8/site-packages/airflow/example_dags/example_params_trigger_ui.py
[2023-09-01T14:51:42.674+0000] {processor.py:839} INFO - DAG(s) dict_keys(['example_params_trigger_ui']) retrieved from /home/airflow/.local/lib/python3.8/site-packages/airflow/example_dags/example_params_trigger_ui.py
[2023-09-01T14:51:42.730+0000] {logging_mixin.py:151} INFO - [2023-09-01T14:51:42.730+0000] {dag.py:2907} INFO - Sync 1 DAGs
[2023-09-01T14:51:42.742+0000] {logging_mixin.py:151} INFO - [2023-09-01T14:51:42.742+0000] {dag.py:3677} INFO - Setting next_dagrun for example_params_trigger_ui to None, run_after=None
[2023-09-01T14:51:42.759+0000] {processor.py:179} INFO - Processing /home/airflow/.local/lib/python3.8/site-packages/airflow/example_dags/example_params_trigger_ui.py took 0.121 seconds
[2023-09-01T14:52:12.847+0000] {processor.py:157} INFO - Started process (PID=251) to work on /home/airflow/.local/lib/python3.8/site-packages/airflow/example_dags/example_params_trigger_ui.py
[2023-09-01T14:52:12.849+0000] {processor.py:829} INFO - Processing file /home/airflow/.local/lib/python3.8/site-packages/airflow/example_dags/example_params_trigger_ui.py for tasks to queue
[2023-09-01T14:52:12.852+0000] {logging_mixin.py:151} INFO - [2023-09-01T14:52:12.851+0000] {dagbag.py:539} INFO - Filling up the DagBag from /home/airflow/.local/lib/python3.8/site-packages/airflow/example_dags/example_params_trigger_ui.py
[2023-09-01T14:52:12.876+0000] {processor.py:839} INFO - DAG(s) dict_keys(['example_params_trigger_ui']) retrieved from /home/airflow/.local/lib/python3.8/site-packages/airflow/example_dags/example_params_trigger_ui.py
[2023-09-01T14:52:12.927+0000] {logging_mixin.py:151} INFO - [2023-09-01T14:52:12.926+0000] {dag.py:2907} INFO - Sync 1 DAGs
[2023-09-01T14:52:12.939+0000] {logging_mixin.py:151} INFO - [2023-09-01T14:52:12.939+0000] {dag.py:3677} INFO - Setting next_dagrun for example_params_trigger_ui to None, run_after=None
[2023-09-01T14:52:12.956+0000] {processor.py:179} INFO - Processing /home/airflow/.local/lib/python3.8/site-packages/airflow/example_dags/example_params_trigger_ui.py took 0.114 seconds
[2023-09-01T14:52:42.983+0000] {processor.py:157} INFO - Started process (PID=305) to work on /home/airflow/.local/lib/python3.8/site-packages/airflow/example_dags/example_params_trigger_ui.py
[2023-09-01T14:52:42.984+0000] {processor.py:829} INFO - Processing file /home/airflow/.local/lib/python3.8/site-packages/airflow/example_dags/example_params_trigger_ui.py for tasks to queue
[2023-09-01T14:52:42.987+0000] {logging_mixin.py:151} INFO - [2023-09-01T14:52:42.986+0000] {dagbag.py:539} INFO - Filling up the DagBag from /home/airflow/.local/lib/python3.8/site-packages/airflow/example_dags/example_params_trigger_ui.py
[2023-09-01T14:52:43.007+0000] {processor.py:839} INFO - DAG(s) dict_keys(['example_params_trigger_ui']) retrieved from /home/airflow/.local/lib/python3.8/site-packages/airflow/example_dags/example_params_trigger_ui.py
[2023-09-01T14:52:43.060+0000] {logging_mixin.py:151} INFO - [2023-09-01T14:52:43.060+0000] {dag.py:2907} INFO - Sync 1 DAGs
[2023-09-01T14:52:43.075+0000] {logging_mixin.py:151} INFO - [2023-09-01T14:52:43.075+0000] {dag.py:3677} INFO - Setting next_dagrun for example_params_trigger_ui to None, run_after=None
[2023-09-01T14:52:43.094+0000] {processor.py:179} INFO - Processing /home/airflow/.local/lib/python3.8/site-packages/airflow/example_dags/example_params_trigger_ui.py took 0.115 seconds
[2023-09-01T14:53:13.118+0000] {processor.py:157} INFO - Started process (PID=359) to work on /home/airflow/.local/lib/python3.8/site-packages/airflow/example_dags/example_params_trigger_ui.py
[2023-09-01T14:53:13.119+0000] {processor.py:829} INFO - Processing file /home/airflow/.local/lib/python3.8/site-packages/airflow/example_dags/example_params_trigger_ui.py for tasks to queue
[2023-09-01T14:53:13.122+0000] {logging_mixin.py:151} INFO - [2023-09-01T14:53:13.122+0000] {dagbag.py:539} INFO - Filling up the DagBag from /home/airflow/.local/lib/python3.8/site-packages/airflow/example_dags/example_params_trigger_ui.py
[2023-09-01T14:53:13.143+0000] {processor.py:839} INFO - DAG(s) dict_keys(['example_params_trigger_ui']) retrieved from /home/airflow/.local/lib/python3.8/site-packages/airflow/example_dags/example_params_trigger_ui.py
[2023-09-01T14:53:13.194+0000] {logging_mixin.py:151} INFO - [2023-09-01T14:53:13.194+0000] {dag.py:2907} INFO - Sync 1 DAGs
[2023-09-01T14:53:13.207+0000] {logging_mixin.py:151} INFO - [2023-09-01T14:53:13.207+0000] {dag.py:3677} INFO - Setting next_dagrun for example_params_trigger_ui to None, run_after=None
[2023-09-01T14:53:13.225+0000] {processor.py:179} INFO - Processing /home/airflow/.local/lib/python3.8/site-packages/airflow/example_dags/example_params_trigger_ui.py took 0.111 seconds
[2023-09-01T14:53:43.587+0000] {processor.py:157} INFO - Started process (PID=414) to work on /home/airflow/.local/lib/python3.8/site-packages/airflow/example_dags/example_params_trigger_ui.py
[2023-09-01T14:53:43.588+0000] {processor.py:829} INFO - Processing file /home/airflow/.local/lib/python3.8/site-packages/airflow/example_dags/example_params_trigger_ui.py for tasks to queue
[2023-09-01T14:53:43.591+0000] {logging_mixin.py:151} INFO - [2023-09-01T14:53:43.590+0000] {dagbag.py:539} INFO - Filling up the DagBag from /home/airflow/.local/lib/python3.8/site-packages/airflow/example_dags/example_params_trigger_ui.py
[2023-09-01T14:53:43.611+0000] {processor.py:839} INFO - DAG(s) dict_keys(['example_params_trigger_ui']) retrieved from /home/airflow/.local/lib/python3.8/site-packages/airflow/example_dags/example_params_trigger_ui.py
[2023-09-01T14:53:43.662+0000] {logging_mixin.py:151} INFO - [2023-09-01T14:53:43.662+0000] {dag.py:2907} INFO - Sync 1 DAGs
[2023-09-01T14:53:43.673+0000] {logging_mixin.py:151} INFO - [2023-09-01T14:53:43.673+0000] {dag.py:3677} INFO - Setting next_dagrun for example_params_trigger_ui to None, run_after=None
[2023-09-01T14:53:43.689+0000] {processor.py:179} INFO - Processing /home/airflow/.local/lib/python3.8/site-packages/airflow/example_dags/example_params_trigger_ui.py took 0.107 seconds
[2023-09-01T14:54:13.715+0000] {processor.py:157} INFO - Started process (PID=468) to work on /home/airflow/.local/lib/python3.8/site-packages/airflow/example_dags/example_params_trigger_ui.py
[2023-09-01T14:54:13.717+0000] {processor.py:829} INFO - Processing file /home/airflow/.local/lib/python3.8/site-packages/airflow/example_dags/example_params_trigger_ui.py for tasks to queue
[2023-09-01T14:54:13.719+0000] {logging_mixin.py:151} INFO - [2023-09-01T14:54:13.719+0000] {dagbag.py:539} INFO - Filling up the DagBag from /home/airflow/.local/lib/python3.8/site-packages/airflow/example_dags/example_params_trigger_ui.py
[2023-09-01T14:54:13.740+0000] {processor.py:839} INFO - DAG(s) dict_keys(['example_params_trigger_ui']) retrieved from /home/airflow/.local/lib/python3.8/site-packages/airflow/example_dags/example_params_trigger_ui.py
[2023-09-01T14:54:13.785+0000] {logging_mixin.py:151} INFO - [2023-09-01T14:54:13.785+0000] {dag.py:2907} INFO - Sync 1 DAGs
[2023-09-01T14:54:13.797+0000] {logging_mixin.py:151} INFO - [2023-09-01T14:54:13.797+0000] {dag.py:3677} INFO - Setting next_dagrun for example_params_trigger_ui to None, run_after=None
[2023-09-01T14:54:13.814+0000] {processor.py:179} INFO - Processing /home/airflow/.local/lib/python3.8/site-packages/airflow/example_dags/example_params_trigger_ui.py took 0.102 seconds
[2023-09-01T14:54:44.070+0000] {processor.py:157} INFO - Started process (PID=522) to work on /home/airflow/.local/lib/python3.8/site-packages/airflow/example_dags/example_params_trigger_ui.py
[2023-09-01T14:54:44.071+0000] {processor.py:829} INFO - Processing file /home/airflow/.local/lib/python3.8/site-packages/airflow/example_dags/example_params_trigger_ui.py for tasks to queue
[2023-09-01T14:54:44.074+0000] {logging_mixin.py:151} INFO - [2023-09-01T14:54:44.074+0000] {dagbag.py:539} INFO - Filling up the DagBag from /home/airflow/.local/lib/python3.8/site-packages/airflow/example_dags/example_params_trigger_ui.py
[2023-09-01T14:54:44.094+0000] {processor.py:839} INFO - DAG(s) dict_keys(['example_params_trigger_ui']) retrieved from /home/airflow/.local/lib/python3.8/site-packages/airflow/example_dags/example_params_trigger_ui.py
[2023-09-01T14:54:44.145+0000] {logging_mixin.py:151} INFO - [2023-09-01T14:54:44.145+0000] {dag.py:2907} INFO - Sync 1 DAGs
[2023-09-01T14:54:44.157+0000] {logging_mixin.py:151} INFO - [2023-09-01T14:54:44.157+0000] {dag.py:3677} INFO - Setting next_dagrun for example_params_trigger_ui to None, run_after=None
[2023-09-01T14:54:44.177+0000] {processor.py:179} INFO - Processing /home/airflow/.local/lib/python3.8/site-packages/airflow/example_dags/example_params_trigger_ui.py took 0.111 seconds
[2023-09-01T14:55:15.027+0000] {processor.py:157} INFO - Started process (PID=576) to work on /home/airflow/.local/lib/python3.8/site-packages/airflow/example_dags/example_params_trigger_ui.py
[2023-09-01T14:55:15.028+0000] {processor.py:829} INFO - Processing file /home/airflow/.local/lib/python3.8/site-packages/airflow/example_dags/example_params_trigger_ui.py for tasks to queue
[2023-09-01T14:55:15.031+0000] {logging_mixin.py:151} INFO - [2023-09-01T14:55:15.031+0000] {dagbag.py:539} INFO - Filling up the DagBag from /home/airflow/.local/lib/python3.8/site-packages/airflow/example_dags/example_params_trigger_ui.py
[2023-09-01T14:55:15.055+0000] {processor.py:839} INFO - DAG(s) dict_keys(['example_params_trigger_ui']) retrieved from /home/airflow/.local/lib/python3.8/site-packages/airflow/example_dags/example_params_trigger_ui.py
[2023-09-01T14:55:15.107+0000] {logging_mixin.py:151} INFO - [2023-09-01T14:55:15.107+0000] {dag.py:2907} INFO - Sync 1 DAGs
[2023-09-01T14:55:15.119+0000] {logging_mixin.py:151} INFO - [2023-09-01T14:55:15.119+0000] {dag.py:3677} INFO - Setting next_dagrun for example_params_trigger_ui to None, run_after=None
[2023-09-01T14:55:15.139+0000] {processor.py:179} INFO - Processing /home/airflow/.local/lib/python3.8/site-packages/airflow/example_dags/example_params_trigger_ui.py took 0.117 seconds
[2023-09-01T14:55:45.614+0000] {processor.py:157} INFO - Started process (PID=630) to work on /home/airflow/.local/lib/python3.8/site-packages/airflow/example_dags/example_params_trigger_ui.py
[2023-09-01T14:55:45.616+0000] {processor.py:829} INFO - Processing file /home/airflow/.local/lib/python3.8/site-packages/airflow/example_dags/example_params_trigger_ui.py for tasks to queue
[2023-09-01T14:55:45.619+0000] {logging_mixin.py:151} INFO - [2023-09-01T14:55:45.618+0000] {dagbag.py:539} INFO - Filling up the DagBag from /home/airflow/.local/lib/python3.8/site-packages/airflow/example_dags/example_params_trigger_ui.py
[2023-09-01T14:55:45.639+0000] {processor.py:839} INFO - DAG(s) dict_keys(['example_params_trigger_ui']) retrieved from /home/airflow/.local/lib/python3.8/site-packages/airflow/example_dags/example_params_trigger_ui.py
[2023-09-01T14:55:45.694+0000] {logging_mixin.py:151} INFO - [2023-09-01T14:55:45.693+0000] {dag.py:2907} INFO - Sync 1 DAGs
[2023-09-01T14:55:45.706+0000] {logging_mixin.py:151} INFO - [2023-09-01T14:55:45.706+0000] {dag.py:3677} INFO - Setting next_dagrun for example_params_trigger_ui to None, run_after=None
[2023-09-01T14:55:45.725+0000] {processor.py:179} INFO - Processing /home/airflow/.local/lib/python3.8/site-packages/airflow/example_dags/example_params_trigger_ui.py took 0.115 seconds
[2023-09-01T14:56:16.464+0000] {processor.py:157} INFO - Started process (PID=684) to work on /home/airflow/.local/lib/python3.8/site-packages/airflow/example_dags/example_params_trigger_ui.py
[2023-09-01T14:56:16.465+0000] {processor.py:829} INFO - Processing file /home/airflow/.local/lib/python3.8/site-packages/airflow/example_dags/example_params_trigger_ui.py for tasks to queue
[2023-09-01T14:56:16.468+0000] {logging_mixin.py:151} INFO - [2023-09-01T14:56:16.467+0000] {dagbag.py:539} INFO - Filling up the DagBag from /home/airflow/.local/lib/python3.8/site-packages/airflow/example_dags/example_params_trigger_ui.py
[2023-09-01T14:56:16.488+0000] {processor.py:839} INFO - DAG(s) dict_keys(['example_params_trigger_ui']) retrieved from /home/airflow/.local/lib/python3.8/site-packages/airflow/example_dags/example_params_trigger_ui.py
[2023-09-01T14:56:16.537+0000] {logging_mixin.py:151} INFO - [2023-09-01T14:56:16.537+0000] {dag.py:2907} INFO - Sync 1 DAGs
[2023-09-01T14:56:16.548+0000] {logging_mixin.py:151} INFO - [2023-09-01T14:56:16.548+0000] {dag.py:3677} INFO - Setting next_dagrun for example_params_trigger_ui to None, run_after=None
[2023-09-01T14:56:16.565+0000] {processor.py:179} INFO - Processing /home/airflow/.local/lib/python3.8/site-packages/airflow/example_dags/example_params_trigger_ui.py took 0.106 seconds
[2023-09-01T14:56:47.234+0000] {processor.py:157} INFO - Started process (PID=738) to work on /home/airflow/.local/lib/python3.8/site-packages/airflow/example_dags/example_params_trigger_ui.py
[2023-09-01T14:56:47.235+0000] {processor.py:829} INFO - Processing file /home/airflow/.local/lib/python3.8/site-packages/airflow/example_dags/example_params_trigger_ui.py for tasks to queue
[2023-09-01T14:56:47.238+0000] {logging_mixin.py:151} INFO - [2023-09-01T14:56:47.238+0000] {dagbag.py:539} INFO - Filling up the DagBag from /home/airflow/.local/lib/python3.8/site-packages/airflow/example_dags/example_params_trigger_ui.py
[2023-09-01T14:56:47.258+0000] {processor.py:839} INFO - DAG(s) dict_keys(['example_params_trigger_ui']) retrieved from /home/airflow/.local/lib/python3.8/site-packages/airflow/example_dags/example_params_trigger_ui.py
[2023-09-01T14:56:47.319+0000] {logging_mixin.py:151} INFO - [2023-09-01T14:56:47.319+0000] {dag.py:2907} INFO - Sync 1 DAGs
[2023-09-01T14:56:47.332+0000] {logging_mixin.py:151} INFO - [2023-09-01T14:56:47.332+0000] {dag.py:3677} INFO - Setting next_dagrun for example_params_trigger_ui to None, run_after=None
[2023-09-01T14:56:47.349+0000] {processor.py:179} INFO - Processing /home/airflow/.local/lib/python3.8/site-packages/airflow/example_dags/example_params_trigger_ui.py took 0.119 seconds
[2023-09-01T14:57:18.036+0000] {processor.py:157} INFO - Started process (PID=792) to work on /home/airflow/.local/lib/python3.8/site-packages/airflow/example_dags/example_params_trigger_ui.py
[2023-09-01T14:57:18.038+0000] {processor.py:829} INFO - Processing file /home/airflow/.local/lib/python3.8/site-packages/airflow/example_dags/example_params_trigger_ui.py for tasks to queue
[2023-09-01T14:57:18.041+0000] {logging_mixin.py:151} INFO - [2023-09-01T14:57:18.041+0000] {dagbag.py:539} INFO - Filling up the DagBag from /home/airflow/.local/lib/python3.8/site-packages/airflow/example_dags/example_params_trigger_ui.py
[2023-09-01T14:57:18.066+0000] {processor.py:839} INFO - DAG(s) dict_keys(['example_params_trigger_ui']) retrieved from /home/airflow/.local/lib/python3.8/site-packages/airflow/example_dags/example_params_trigger_ui.py
[2023-09-01T14:57:18.119+0000] {logging_mixin.py:151} INFO - [2023-09-01T14:57:18.119+0000] {dag.py:2907} INFO - Sync 1 DAGs
[2023-09-01T14:57:18.132+0000] {logging_mixin.py:151} INFO - [2023-09-01T14:57:18.132+0000] {dag.py:3677} INFO - Setting next_dagrun for example_params_trigger_ui to None, run_after=None
[2023-09-01T14:57:18.149+0000] {processor.py:179} INFO - Processing /home/airflow/.local/lib/python3.8/site-packages/airflow/example_dags/example_params_trigger_ui.py took 0.118 seconds
[2023-09-01T14:57:48.794+0000] {processor.py:157} INFO - Started process (PID=846) to work on /home/airflow/.local/lib/python3.8/site-packages/airflow/example_dags/example_params_trigger_ui.py
[2023-09-01T14:57:48.795+0000] {processor.py:829} INFO - Processing file /home/airflow/.local/lib/python3.8/site-packages/airflow/example_dags/example_params_trigger_ui.py for tasks to queue
[2023-09-01T14:57:48.798+0000] {logging_mixin.py:151} INFO - [2023-09-01T14:57:48.798+0000] {dagbag.py:539} INFO - Filling up the DagBag from /home/airflow/.local/lib/python3.8/site-packages/airflow/example_dags/example_params_trigger_ui.py
[2023-09-01T14:57:48.817+0000] {processor.py:839} INFO - DAG(s) dict_keys(['example_params_trigger_ui']) retrieved from /home/airflow/.local/lib/python3.8/site-packages/airflow/example_dags/example_params_trigger_ui.py
[2023-09-01T14:57:48.866+0000] {logging_mixin.py:151} INFO - [2023-09-01T14:57:48.866+0000] {dag.py:2907} INFO - Sync 1 DAGs
[2023-09-01T14:57:48.878+0000] {logging_mixin.py:151} INFO - [2023-09-01T14:57:48.877+0000] {dag.py:3677} INFO - Setting next_dagrun for example_params_trigger_ui to None, run_after=None
[2023-09-01T14:57:48.895+0000] {processor.py:179} INFO - Processing /home/airflow/.local/lib/python3.8/site-packages/airflow/example_dags/example_params_trigger_ui.py took 0.105 seconds
[2023-09-01T14:58:19.566+0000] {processor.py:157} INFO - Started process (PID=900) to work on /home/airflow/.local/lib/python3.8/site-packages/airflow/example_dags/example_params_trigger_ui.py
[2023-09-01T14:58:19.567+0000] {processor.py:829} INFO - Processing file /home/airflow/.local/lib/python3.8/site-packages/airflow/example_dags/example_params_trigger_ui.py for tasks to queue
[2023-09-01T14:58:19.570+0000] {logging_mixin.py:151} INFO - [2023-09-01T14:58:19.569+0000] {dagbag.py:539} INFO - Filling up the DagBag from /home/airflow/.local/lib/python3.8/site-packages/airflow/example_dags/example_params_trigger_ui.py
[2023-09-01T14:58:19.590+0000] {processor.py:839} INFO - DAG(s) dict_keys(['example_params_trigger_ui']) retrieved from /home/airflow/.local/lib/python3.8/site-packages/airflow/example_dags/example_params_trigger_ui.py
[2023-09-01T14:58:19.639+0000] {logging_mixin.py:151} INFO - [2023-09-01T14:58:19.639+0000] {dag.py:2907} INFO - Sync 1 DAGs
[2023-09-01T14:58:19.652+0000] {logging_mixin.py:151} INFO - [2023-09-01T14:58:19.652+0000] {dag.py:3677} INFO - Setting next_dagrun for example_params_trigger_ui to None, run_after=None
[2023-09-01T14:58:19.669+0000] {processor.py:179} INFO - Processing /home/airflow/.local/lib/python3.8/site-packages/airflow/example_dags/example_params_trigger_ui.py took 0.108 seconds
[2023-09-01T14:58:50.495+0000] {processor.py:157} INFO - Started process (PID=954) to work on /home/airflow/.local/lib/python3.8/site-packages/airflow/example_dags/example_params_trigger_ui.py
[2023-09-01T14:58:50.496+0000] {processor.py:829} INFO - Processing file /home/airflow/.local/lib/python3.8/site-packages/airflow/example_dags/example_params_trigger_ui.py for tasks to queue
[2023-09-01T14:58:50.499+0000] {logging_mixin.py:151} INFO - [2023-09-01T14:58:50.499+0000] {dagbag.py:539} INFO - Filling up the DagBag from /home/airflow/.local/lib/python3.8/site-packages/airflow/example_dags/example_params_trigger_ui.py
[2023-09-01T14:58:50.519+0000] {processor.py:839} INFO - DAG(s) dict_keys(['example_params_trigger_ui']) retrieved from /home/airflow/.local/lib/python3.8/site-packages/airflow/example_dags/example_params_trigger_ui.py
[2023-09-01T14:58:50.570+0000] {logging_mixin.py:151} INFO - [2023-09-01T14:58:50.569+0000] {dag.py:2907} INFO - Sync 1 DAGs
[2023-09-01T14:58:50.581+0000] {logging_mixin.py:151} INFO - [2023-09-01T14:58:50.581+0000] {dag.py:3677} INFO - Setting next_dagrun for example_params_trigger_ui to None, run_after=None
[2023-09-01T14:58:50.598+0000] {processor.py:179} INFO - Processing /home/airflow/.local/lib/python3.8/site-packages/airflow/example_dags/example_params_trigger_ui.py took 0.107 seconds
[2023-09-01T14:59:20.983+0000] {processor.py:157} INFO - Started process (PID=1008) to work on /home/airflow/.local/lib/python3.8/site-packages/airflow/example_dags/example_params_trigger_ui.py
[2023-09-01T14:59:20.984+0000] {processor.py:829} INFO - Processing file /home/airflow/.local/lib/python3.8/site-packages/airflow/example_dags/example_params_trigger_ui.py for tasks to queue
[2023-09-01T14:59:20.987+0000] {logging_mixin.py:151} INFO - [2023-09-01T14:59:20.987+0000] {dagbag.py:539} INFO - Filling up the DagBag from /home/airflow/.local/lib/python3.8/site-packages/airflow/example_dags/example_params_trigger_ui.py
[2023-09-01T14:59:21.007+0000] {processor.py:839} INFO - DAG(s) dict_keys(['example_params_trigger_ui']) retrieved from /home/airflow/.local/lib/python3.8/site-packages/airflow/example_dags/example_params_trigger_ui.py
[2023-09-01T14:59:21.056+0000] {logging_mixin.py:151} INFO - [2023-09-01T14:59:21.056+0000] {dag.py:2907} INFO - Sync 1 DAGs
[2023-09-01T14:59:21.068+0000] {logging_mixin.py:151} INFO - [2023-09-01T14:59:21.068+0000] {dag.py:3677} INFO - Setting next_dagrun for example_params_trigger_ui to None, run_after=None
[2023-09-01T14:59:21.085+0000] {processor.py:179} INFO - Processing /home/airflow/.local/lib/python3.8/site-packages/airflow/example_dags/example_params_trigger_ui.py took 0.106 seconds
[2023-09-01T14:59:51.943+0000] {processor.py:157} INFO - Started process (PID=1062) to work on /home/airflow/.local/lib/python3.8/site-packages/airflow/example_dags/example_params_trigger_ui.py
[2023-09-01T14:59:51.944+0000] {processor.py:829} INFO - Processing file /home/airflow/.local/lib/python3.8/site-packages/airflow/example_dags/example_params_trigger_ui.py for tasks to queue
[2023-09-01T14:59:51.947+0000] {logging_mixin.py:151} INFO - [2023-09-01T14:59:51.947+0000] {dagbag.py:539} INFO - Filling up the DagBag from /home/airflow/.local/lib/python3.8/site-packages/airflow/example_dags/example_params_trigger_ui.py
[2023-09-01T14:59:51.967+0000] {processor.py:839} INFO - DAG(s) dict_keys(['example_params_trigger_ui']) retrieved from /home/airflow/.local/lib/python3.8/site-packages/airflow/example_dags/example_params_trigger_ui.py
[2023-09-01T14:59:52.019+0000] {logging_mixin.py:151} INFO - [2023-09-01T14:59:52.018+0000] {dag.py:2907} INFO - Sync 1 DAGs
[2023-09-01T14:59:52.031+0000] {logging_mixin.py:151} INFO - [2023-09-01T14:59:52.030+0000] {dag.py:3677} INFO - Setting next_dagrun for example_params_trigger_ui to None, run_after=None
[2023-09-01T14:59:52.047+0000] {processor.py:179} INFO - Processing /home/airflow/.local/lib/python3.8/site-packages/airflow/example_dags/example_params_trigger_ui.py took 0.108 seconds
[2023-09-01T15:00:22.787+0000] {processor.py:157} INFO - Started process (PID=1116) to work on /home/airflow/.local/lib/python3.8/site-packages/airflow/example_dags/example_params_trigger_ui.py
[2023-09-01T15:00:22.788+0000] {processor.py:829} INFO - Processing file /home/airflow/.local/lib/python3.8/site-packages/airflow/example_dags/example_params_trigger_ui.py for tasks to queue
[2023-09-01T15:00:22.791+0000] {logging_mixin.py:151} INFO - [2023-09-01T15:00:22.790+0000] {dagbag.py:539} INFO - Filling up the DagBag from /home/airflow/.local/lib/python3.8/site-packages/airflow/example_dags/example_params_trigger_ui.py
[2023-09-01T15:00:22.811+0000] {processor.py:839} INFO - DAG(s) dict_keys(['example_params_trigger_ui']) retrieved from /home/airflow/.local/lib/python3.8/site-packages/airflow/example_dags/example_params_trigger_ui.py
[2023-09-01T15:00:22.860+0000] {logging_mixin.py:151} INFO - [2023-09-01T15:00:22.860+0000] {dag.py:2907} INFO - Sync 1 DAGs
[2023-09-01T15:00:22.872+0000] {logging_mixin.py:151} INFO - [2023-09-01T15:00:22.872+0000] {dag.py:3677} INFO - Setting next_dagrun for example_params_trigger_ui to None, run_after=None
[2023-09-01T15:00:22.888+0000] {processor.py:179} INFO - Processing /home/airflow/.local/lib/python3.8/site-packages/airflow/example_dags/example_params_trigger_ui.py took 0.105 seconds
[2023-09-01T15:00:53.274+0000] {processor.py:157} INFO - Started process (PID=1170) to work on /home/airflow/.local/lib/python3.8/site-packages/airflow/example_dags/example_params_trigger_ui.py
[2023-09-01T15:00:53.276+0000] {processor.py:829} INFO - Processing file /home/airflow/.local/lib/python3.8/site-packages/airflow/example_dags/example_params_trigger_ui.py for tasks to queue
[2023-09-01T15:00:53.280+0000] {logging_mixin.py:151} INFO - [2023-09-01T15:00:53.279+0000] {dagbag.py:539} INFO - Filling up the DagBag from /home/airflow/.local/lib/python3.8/site-packages/airflow/example_dags/example_params_trigger_ui.py
[2023-09-01T15:00:53.304+0000] {processor.py:839} INFO - DAG(s) dict_keys(['example_params_trigger_ui']) retrieved from /home/airflow/.local/lib/python3.8/site-packages/airflow/example_dags/example_params_trigger_ui.py
[2023-09-01T15:00:53.373+0000] {logging_mixin.py:151} INFO - [2023-09-01T15:00:53.372+0000] {dag.py:2907} INFO - Sync 1 DAGs
[2023-09-01T15:00:53.389+0000] {logging_mixin.py:151} INFO - [2023-09-01T15:00:53.389+0000] {dag.py:3677} INFO - Setting next_dagrun for example_params_trigger_ui to None, run_after=None
[2023-09-01T15:00:53.409+0000] {processor.py:179} INFO - Processing /home/airflow/.local/lib/python3.8/site-packages/airflow/example_dags/example_params_trigger_ui.py took 0.140 seconds
[2023-09-01T15:01:24.204+0000] {processor.py:157} INFO - Started process (PID=1224) to work on /home/airflow/.local/lib/python3.8/site-packages/airflow/example_dags/example_params_trigger_ui.py
[2023-09-01T15:01:24.206+0000] {processor.py:829} INFO - Processing file /home/airflow/.local/lib/python3.8/site-packages/airflow/example_dags/example_params_trigger_ui.py for tasks to queue
[2023-09-01T15:01:24.208+0000] {logging_mixin.py:151} INFO - [2023-09-01T15:01:24.208+0000] {dagbag.py:539} INFO - Filling up the DagBag from /home/airflow/.local/lib/python3.8/site-packages/airflow/example_dags/example_params_trigger_ui.py
[2023-09-01T15:01:24.229+0000] {processor.py:839} INFO - DAG(s) dict_keys(['example_params_trigger_ui']) retrieved from /home/airflow/.local/lib/python3.8/site-packages/airflow/example_dags/example_params_trigger_ui.py
[2023-09-01T15:01:24.277+0000] {logging_mixin.py:151} INFO - [2023-09-01T15:01:24.277+0000] {dag.py:2907} INFO - Sync 1 DAGs
[2023-09-01T15:01:24.288+0000] {logging_mixin.py:151} INFO - [2023-09-01T15:01:24.288+0000] {dag.py:3677} INFO - Setting next_dagrun for example_params_trigger_ui to None, run_after=None
[2023-09-01T15:01:24.306+0000] {processor.py:179} INFO - Processing /home/airflow/.local/lib/python3.8/site-packages/airflow/example_dags/example_params_trigger_ui.py took 0.106 seconds
[2023-09-01T15:01:54.727+0000] {processor.py:157} INFO - Started process (PID=1278) to work on /home/airflow/.local/lib/python3.8/site-packages/airflow/example_dags/example_params_trigger_ui.py
[2023-09-01T15:01:54.729+0000] {processor.py:829} INFO - Processing file /home/airflow/.local/lib/python3.8/site-packages/airflow/example_dags/example_params_trigger_ui.py for tasks to queue
[2023-09-01T15:01:54.731+0000] {logging_mixin.py:151} INFO - [2023-09-01T15:01:54.731+0000] {dagbag.py:539} INFO - Filling up the DagBag from /home/airflow/.local/lib/python3.8/site-packages/airflow/example_dags/example_params_trigger_ui.py
[2023-09-01T15:01:54.752+0000] {processor.py:839} INFO - DAG(s) dict_keys(['example_params_trigger_ui']) retrieved from /home/airflow/.local/lib/python3.8/site-packages/airflow/example_dags/example_params_trigger_ui.py
[2023-09-01T15:01:54.809+0000] {logging_mixin.py:151} INFO - [2023-09-01T15:01:54.809+0000] {dag.py:2907} INFO - Sync 1 DAGs
[2023-09-01T15:01:54.827+0000] {logging_mixin.py:151} INFO - [2023-09-01T15:01:54.826+0000] {dag.py:3677} INFO - Setting next_dagrun for example_params_trigger_ui to None, run_after=None
[2023-09-01T15:01:54.855+0000] {processor.py:179} INFO - Processing /home/airflow/.local/lib/python3.8/site-packages/airflow/example_dags/example_params_trigger_ui.py took 0.132 seconds
[2023-09-01T15:02:24.971+0000] {processor.py:157} INFO - Started process (PID=1332) to work on /home/airflow/.local/lib/python3.8/site-packages/airflow/example_dags/example_params_trigger_ui.py
[2023-09-01T15:02:24.972+0000] {processor.py:829} INFO - Processing file /home/airflow/.local/lib/python3.8/site-packages/airflow/example_dags/example_params_trigger_ui.py for tasks to queue
[2023-09-01T15:02:24.975+0000] {logging_mixin.py:151} INFO - [2023-09-01T15:02:24.975+0000] {dagbag.py:539} INFO - Filling up the DagBag from /home/airflow/.local/lib/python3.8/site-packages/airflow/example_dags/example_params_trigger_ui.py
[2023-09-01T15:02:24.995+0000] {processor.py:839} INFO - DAG(s) dict_keys(['example_params_trigger_ui']) retrieved from /home/airflow/.local/lib/python3.8/site-packages/airflow/example_dags/example_params_trigger_ui.py
[2023-09-01T15:02:25.041+0000] {logging_mixin.py:151} INFO - [2023-09-01T15:02:25.040+0000] {dag.py:2907} INFO - Sync 1 DAGs
[2023-09-01T15:02:25.053+0000] {logging_mixin.py:151} INFO - [2023-09-01T15:02:25.053+0000] {dag.py:3677} INFO - Setting next_dagrun for example_params_trigger_ui to None, run_after=None
[2023-09-01T15:02:25.069+0000] {processor.py:179} INFO - Processing /home/airflow/.local/lib/python3.8/site-packages/airflow/example_dags/example_params_trigger_ui.py took 0.103 seconds
[2023-09-01T15:02:55.204+0000] {processor.py:157} INFO - Started process (PID=1386) to work on /home/airflow/.local/lib/python3.8/site-packages/airflow/example_dags/example_params_trigger_ui.py
[2023-09-01T15:02:55.206+0000] {processor.py:829} INFO - Processing file /home/airflow/.local/lib/python3.8/site-packages/airflow/example_dags/example_params_trigger_ui.py for tasks to queue
[2023-09-01T15:02:55.208+0000] {logging_mixin.py:151} INFO - [2023-09-01T15:02:55.208+0000] {dagbag.py:539} INFO - Filling up the DagBag from /home/airflow/.local/lib/python3.8/site-packages/airflow/example_dags/example_params_trigger_ui.py
[2023-09-01T15:02:55.230+0000] {processor.py:839} INFO - DAG(s) dict_keys(['example_params_trigger_ui']) retrieved from /home/airflow/.local/lib/python3.8/site-packages/airflow/example_dags/example_params_trigger_ui.py
[2023-09-01T15:02:55.285+0000] {logging_mixin.py:151} INFO - [2023-09-01T15:02:55.284+0000] {dag.py:2907} INFO - Sync 1 DAGs
[2023-09-01T15:02:55.300+0000] {logging_mixin.py:151} INFO - [2023-09-01T15:02:55.300+0000] {dag.py:3677} INFO - Setting next_dagrun for example_params_trigger_ui to None, run_after=None
[2023-09-01T15:02:55.323+0000] {processor.py:179} INFO - Processing /home/airflow/.local/lib/python3.8/site-packages/airflow/example_dags/example_params_trigger_ui.py took 0.123 seconds
[2023-09-01T15:03:25.593+0000] {processor.py:157} INFO - Started process (PID=1440) to work on /home/airflow/.local/lib/python3.8/site-packages/airflow/example_dags/example_params_trigger_ui.py
[2023-09-01T15:03:25.595+0000] {processor.py:829} INFO - Processing file /home/airflow/.local/lib/python3.8/site-packages/airflow/example_dags/example_params_trigger_ui.py for tasks to queue
[2023-09-01T15:03:25.598+0000] {logging_mixin.py:151} INFO - [2023-09-01T15:03:25.597+0000] {dagbag.py:539} INFO - Filling up the DagBag from /home/airflow/.local/lib/python3.8/site-packages/airflow/example_dags/example_params_trigger_ui.py
[2023-09-01T15:03:25.623+0000] {processor.py:839} INFO - DAG(s) dict_keys(['example_params_trigger_ui']) retrieved from /home/airflow/.local/lib/python3.8/site-packages/airflow/example_dags/example_params_trigger_ui.py
[2023-09-01T15:03:25.683+0000] {logging_mixin.py:151} INFO - [2023-09-01T15:03:25.683+0000] {dag.py:2907} INFO - Sync 1 DAGs
[2023-09-01T15:03:25.698+0000] {logging_mixin.py:151} INFO - [2023-09-01T15:03:25.698+0000] {dag.py:3677} INFO - Setting next_dagrun for example_params_trigger_ui to None, run_after=None
[2023-09-01T15:03:25.719+0000] {processor.py:179} INFO - Processing /home/airflow/.local/lib/python3.8/site-packages/airflow/example_dags/example_params_trigger_ui.py took 0.131 seconds
[2023-09-01T15:03:56.653+0000] {processor.py:157} INFO - Started process (PID=1494) to work on /home/airflow/.local/lib/python3.8/site-packages/airflow/example_dags/example_params_trigger_ui.py
[2023-09-01T15:03:56.655+0000] {processor.py:829} INFO - Processing file /home/airflow/.local/lib/python3.8/site-packages/airflow/example_dags/example_params_trigger_ui.py for tasks to queue
[2023-09-01T15:03:56.657+0000] {logging_mixin.py:151} INFO - [2023-09-01T15:03:56.657+0000] {dagbag.py:539} INFO - Filling up the DagBag from /home/airflow/.local/lib/python3.8/site-packages/airflow/example_dags/example_params_trigger_ui.py
[2023-09-01T15:03:56.678+0000] {processor.py:839} INFO - DAG(s) dict_keys(['example_params_trigger_ui']) retrieved from /home/airflow/.local/lib/python3.8/site-packages/airflow/example_dags/example_params_trigger_ui.py
[2023-09-01T15:03:56.726+0000] {logging_mixin.py:151} INFO - [2023-09-01T15:03:56.726+0000] {dag.py:2907} INFO - Sync 1 DAGs
[2023-09-01T15:03:56.738+0000] {logging_mixin.py:151} INFO - [2023-09-01T15:03:56.738+0000] {dag.py:3677} INFO - Setting next_dagrun for example_params_trigger_ui to None, run_after=None
[2023-09-01T15:03:56.755+0000] {processor.py:179} INFO - Processing /home/airflow/.local/lib/python3.8/site-packages/airflow/example_dags/example_params_trigger_ui.py took 0.106 seconds
[2023-09-01T15:04:27.768+0000] {processor.py:157} INFO - Started process (PID=1555) to work on /home/airflow/.local/lib/python3.8/site-packages/airflow/example_dags/example_params_trigger_ui.py
[2023-09-01T15:04:27.769+0000] {processor.py:829} INFO - Processing file /home/airflow/.local/lib/python3.8/site-packages/airflow/example_dags/example_params_trigger_ui.py for tasks to queue
[2023-09-01T15:04:27.773+0000] {logging_mixin.py:151} INFO - [2023-09-01T15:04:27.773+0000] {dagbag.py:539} INFO - Filling up the DagBag from /home/airflow/.local/lib/python3.8/site-packages/airflow/example_dags/example_params_trigger_ui.py
[2023-09-01T15:04:27.797+0000] {processor.py:839} INFO - DAG(s) dict_keys(['example_params_trigger_ui']) retrieved from /home/airflow/.local/lib/python3.8/site-packages/airflow/example_dags/example_params_trigger_ui.py
[2023-09-01T15:04:27.861+0000] {logging_mixin.py:151} INFO - [2023-09-01T15:04:27.861+0000] {dag.py:2907} INFO - Sync 1 DAGs
[2023-09-01T15:04:27.875+0000] {logging_mixin.py:151} INFO - [2023-09-01T15:04:27.874+0000] {dag.py:3677} INFO - Setting next_dagrun for example_params_trigger_ui to None, run_after=None
[2023-09-01T15:04:27.893+0000] {processor.py:179} INFO - Processing /home/airflow/.local/lib/python3.8/site-packages/airflow/example_dags/example_params_trigger_ui.py took 0.131 seconds
[2023-09-01T15:04:58.098+0000] {processor.py:157} INFO - Started process (PID=1610) to work on /home/airflow/.local/lib/python3.8/site-packages/airflow/example_dags/example_params_trigger_ui.py
[2023-09-01T15:04:58.099+0000] {processor.py:829} INFO - Processing file /home/airflow/.local/lib/python3.8/site-packages/airflow/example_dags/example_params_trigger_ui.py for tasks to queue
[2023-09-01T15:04:58.102+0000] {logging_mixin.py:151} INFO - [2023-09-01T15:04:58.101+0000] {dagbag.py:539} INFO - Filling up the DagBag from /home/airflow/.local/lib/python3.8/site-packages/airflow/example_dags/example_params_trigger_ui.py
[2023-09-01T15:04:58.122+0000] {processor.py:839} INFO - DAG(s) dict_keys(['example_params_trigger_ui']) retrieved from /home/airflow/.local/lib/python3.8/site-packages/airflow/example_dags/example_params_trigger_ui.py
[2023-09-01T15:04:58.171+0000] {logging_mixin.py:151} INFO - [2023-09-01T15:04:58.171+0000] {dag.py:2907} INFO - Sync 1 DAGs
[2023-09-01T15:04:58.183+0000] {logging_mixin.py:151} INFO - [2023-09-01T15:04:58.183+0000] {dag.py:3677} INFO - Setting next_dagrun for example_params_trigger_ui to None, run_after=None
[2023-09-01T15:04:58.199+0000] {processor.py:179} INFO - Processing /home/airflow/.local/lib/python3.8/site-packages/airflow/example_dags/example_params_trigger_ui.py took 0.106 seconds
[2023-09-01T15:05:28.402+0000] {processor.py:157} INFO - Started process (PID=1664) to work on /home/airflow/.local/lib/python3.8/site-packages/airflow/example_dags/example_params_trigger_ui.py
[2023-09-01T15:05:28.404+0000] {processor.py:829} INFO - Processing file /home/airflow/.local/lib/python3.8/site-packages/airflow/example_dags/example_params_trigger_ui.py for tasks to queue
[2023-09-01T15:05:28.407+0000] {logging_mixin.py:151} INFO - [2023-09-01T15:05:28.407+0000] {dagbag.py:539} INFO - Filling up the DagBag from /home/airflow/.local/lib/python3.8/site-packages/airflow/example_dags/example_params_trigger_ui.py
[2023-09-01T15:05:28.432+0000] {processor.py:839} INFO - DAG(s) dict_keys(['example_params_trigger_ui']) retrieved from /home/airflow/.local/lib/python3.8/site-packages/airflow/example_dags/example_params_trigger_ui.py
[2023-09-01T15:05:28.495+0000] {logging_mixin.py:151} INFO - [2023-09-01T15:05:28.494+0000] {dag.py:2907} INFO - Sync 1 DAGs
[2023-09-01T15:05:28.508+0000] {logging_mixin.py:151} INFO - [2023-09-01T15:05:28.507+0000] {dag.py:3677} INFO - Setting next_dagrun for example_params_trigger_ui to None, run_after=None
[2023-09-01T15:05:28.527+0000] {processor.py:179} INFO - Processing /home/airflow/.local/lib/python3.8/site-packages/airflow/example_dags/example_params_trigger_ui.py took 0.131 seconds
[2023-09-01T15:05:58.649+0000] {processor.py:157} INFO - Started process (PID=1718) to work on /home/airflow/.local/lib/python3.8/site-packages/airflow/example_dags/example_params_trigger_ui.py
[2023-09-01T15:05:58.650+0000] {processor.py:829} INFO - Processing file /home/airflow/.local/lib/python3.8/site-packages/airflow/example_dags/example_params_trigger_ui.py for tasks to queue
[2023-09-01T15:05:58.653+0000] {logging_mixin.py:151} INFO - [2023-09-01T15:05:58.653+0000] {dagbag.py:539} INFO - Filling up the DagBag from /home/airflow/.local/lib/python3.8/site-packages/airflow/example_dags/example_params_trigger_ui.py
[2023-09-01T15:05:58.673+0000] {processor.py:839} INFO - DAG(s) dict_keys(['example_params_trigger_ui']) retrieved from /home/airflow/.local/lib/python3.8/site-packages/airflow/example_dags/example_params_trigger_ui.py
[2023-09-01T15:05:58.723+0000] {logging_mixin.py:151} INFO - [2023-09-01T15:05:58.723+0000] {dag.py:2907} INFO - Sync 1 DAGs
[2023-09-01T15:05:58.736+0000] {logging_mixin.py:151} INFO - [2023-09-01T15:05:58.735+0000] {dag.py:3677} INFO - Setting next_dagrun for example_params_trigger_ui to None, run_after=None
[2023-09-01T15:05:58.752+0000] {processor.py:179} INFO - Processing /home/airflow/.local/lib/python3.8/site-packages/airflow/example_dags/example_params_trigger_ui.py took 0.108 seconds
[2023-09-01T15:06:28.992+0000] {processor.py:157} INFO - Started process (PID=1772) to work on /home/airflow/.local/lib/python3.8/site-packages/airflow/example_dags/example_params_trigger_ui.py
[2023-09-01T15:06:28.994+0000] {processor.py:829} INFO - Processing file /home/airflow/.local/lib/python3.8/site-packages/airflow/example_dags/example_params_trigger_ui.py for tasks to queue
[2023-09-01T15:06:28.996+0000] {logging_mixin.py:151} INFO - [2023-09-01T15:06:28.996+0000] {dagbag.py:539} INFO - Filling up the DagBag from /home/airflow/.local/lib/python3.8/site-packages/airflow/example_dags/example_params_trigger_ui.py
[2023-09-01T15:06:29.017+0000] {processor.py:839} INFO - DAG(s) dict_keys(['example_params_trigger_ui']) retrieved from /home/airflow/.local/lib/python3.8/site-packages/airflow/example_dags/example_params_trigger_ui.py
[2023-09-01T15:06:29.069+0000] {logging_mixin.py:151} INFO - [2023-09-01T15:06:29.069+0000] {dag.py:2907} INFO - Sync 1 DAGs
[2023-09-01T15:06:29.083+0000] {logging_mixin.py:151} INFO - [2023-09-01T15:06:29.083+0000] {dag.py:3677} INFO - Setting next_dagrun for example_params_trigger_ui to None, run_after=None
[2023-09-01T15:06:29.102+0000] {processor.py:179} INFO - Processing /home/airflow/.local/lib/python3.8/site-packages/airflow/example_dags/example_params_trigger_ui.py took 0.114 seconds
[2023-09-01T15:06:59.128+0000] {processor.py:157} INFO - Started process (PID=1826) to work on /home/airflow/.local/lib/python3.8/site-packages/airflow/example_dags/example_params_trigger_ui.py
[2023-09-01T15:06:59.129+0000] {processor.py:829} INFO - Processing file /home/airflow/.local/lib/python3.8/site-packages/airflow/example_dags/example_params_trigger_ui.py for tasks to queue
[2023-09-01T15:06:59.132+0000] {logging_mixin.py:151} INFO - [2023-09-01T15:06:59.131+0000] {dagbag.py:539} INFO - Filling up the DagBag from /home/airflow/.local/lib/python3.8/site-packages/airflow/example_dags/example_params_trigger_ui.py
[2023-09-01T15:06:59.152+0000] {processor.py:839} INFO - DAG(s) dict_keys(['example_params_trigger_ui']) retrieved from /home/airflow/.local/lib/python3.8/site-packages/airflow/example_dags/example_params_trigger_ui.py
[2023-09-01T15:06:59.198+0000] {logging_mixin.py:151} INFO - [2023-09-01T15:06:59.197+0000] {dag.py:2907} INFO - Sync 1 DAGs
[2023-09-01T15:06:59.213+0000] {logging_mixin.py:151} INFO - [2023-09-01T15:06:59.213+0000] {dag.py:3677} INFO - Setting next_dagrun for example_params_trigger_ui to None, run_after=None
[2023-09-01T15:06:59.233+0000] {processor.py:179} INFO - Processing /home/airflow/.local/lib/python3.8/site-packages/airflow/example_dags/example_params_trigger_ui.py took 0.110 seconds
[2023-09-01T15:07:30.201+0000] {processor.py:157} INFO - Started process (PID=1880) to work on /home/airflow/.local/lib/python3.8/site-packages/airflow/example_dags/example_params_trigger_ui.py
[2023-09-01T15:07:30.203+0000] {processor.py:829} INFO - Processing file /home/airflow/.local/lib/python3.8/site-packages/airflow/example_dags/example_params_trigger_ui.py for tasks to queue
[2023-09-01T15:07:30.205+0000] {logging_mixin.py:151} INFO - [2023-09-01T15:07:30.205+0000] {dagbag.py:539} INFO - Filling up the DagBag from /home/airflow/.local/lib/python3.8/site-packages/airflow/example_dags/example_params_trigger_ui.py
[2023-09-01T15:07:30.225+0000] {processor.py:839} INFO - DAG(s) dict_keys(['example_params_trigger_ui']) retrieved from /home/airflow/.local/lib/python3.8/site-packages/airflow/example_dags/example_params_trigger_ui.py
[2023-09-01T15:07:30.274+0000] {logging_mixin.py:151} INFO - [2023-09-01T15:07:30.274+0000] {dag.py:2907} INFO - Sync 1 DAGs
[2023-09-01T15:07:30.285+0000] {logging_mixin.py:151} INFO - [2023-09-01T15:07:30.285+0000] {dag.py:3677} INFO - Setting next_dagrun for example_params_trigger_ui to None, run_after=None
[2023-09-01T15:07:30.302+0000] {processor.py:179} INFO - Processing /home/airflow/.local/lib/python3.8/site-packages/airflow/example_dags/example_params_trigger_ui.py took 0.105 seconds
[2023-09-01T15:08:00.577+0000] {processor.py:157} INFO - Started process (PID=1934) to work on /home/airflow/.local/lib/python3.8/site-packages/airflow/example_dags/example_params_trigger_ui.py
[2023-09-01T15:08:00.578+0000] {processor.py:829} INFO - Processing file /home/airflow/.local/lib/python3.8/site-packages/airflow/example_dags/example_params_trigger_ui.py for tasks to queue
[2023-09-01T15:08:00.581+0000] {logging_mixin.py:151} INFO - [2023-09-01T15:08:00.580+0000] {dagbag.py:539} INFO - Filling up the DagBag from /home/airflow/.local/lib/python3.8/site-packages/airflow/example_dags/example_params_trigger_ui.py
[2023-09-01T15:08:00.601+0000] {processor.py:839} INFO - DAG(s) dict_keys(['example_params_trigger_ui']) retrieved from /home/airflow/.local/lib/python3.8/site-packages/airflow/example_dags/example_params_trigger_ui.py
[2023-09-01T15:08:00.650+0000] {logging_mixin.py:151} INFO - [2023-09-01T15:08:00.650+0000] {dag.py:2907} INFO - Sync 1 DAGs
[2023-09-01T15:08:00.662+0000] {logging_mixin.py:151} INFO - [2023-09-01T15:08:00.661+0000] {dag.py:3677} INFO - Setting next_dagrun for example_params_trigger_ui to None, run_after=None
[2023-09-01T15:08:00.679+0000] {processor.py:179} INFO - Processing /home/airflow/.local/lib/python3.8/site-packages/airflow/example_dags/example_params_trigger_ui.py took 0.106 seconds
[2023-09-01T15:08:30.948+0000] {processor.py:157} INFO - Started process (PID=1988) to work on /home/airflow/.local/lib/python3.8/site-packages/airflow/example_dags/example_params_trigger_ui.py
[2023-09-01T15:08:30.949+0000] {processor.py:829} INFO - Processing file /home/airflow/.local/lib/python3.8/site-packages/airflow/example_dags/example_params_trigger_ui.py for tasks to queue
[2023-09-01T15:08:30.952+0000] {logging_mixin.py:151} INFO - [2023-09-01T15:08:30.952+0000] {dagbag.py:539} INFO - Filling up the DagBag from /home/airflow/.local/lib/python3.8/site-packages/airflow/example_dags/example_params_trigger_ui.py
[2023-09-01T15:08:30.972+0000] {processor.py:839} INFO - DAG(s) dict_keys(['example_params_trigger_ui']) retrieved from /home/airflow/.local/lib/python3.8/site-packages/airflow/example_dags/example_params_trigger_ui.py
[2023-09-01T15:08:31.023+0000] {logging_mixin.py:151} INFO - [2023-09-01T15:08:31.023+0000] {dag.py:2907} INFO - Sync 1 DAGs
[2023-09-01T15:08:31.034+0000] {logging_mixin.py:151} INFO - [2023-09-01T15:08:31.034+0000] {dag.py:3677} INFO - Setting next_dagrun for example_params_trigger_ui to None, run_after=None
[2023-09-01T15:08:31.051+0000] {processor.py:179} INFO - Processing /home/airflow/.local/lib/python3.8/site-packages/airflow/example_dags/example_params_trigger_ui.py took 0.108 seconds
[2023-09-01T15:09:01.255+0000] {processor.py:157} INFO - Started process (PID=2042) to work on /home/airflow/.local/lib/python3.8/site-packages/airflow/example_dags/example_params_trigger_ui.py
[2023-09-01T15:09:01.256+0000] {processor.py:829} INFO - Processing file /home/airflow/.local/lib/python3.8/site-packages/airflow/example_dags/example_params_trigger_ui.py for tasks to queue
[2023-09-01T15:09:01.259+0000] {logging_mixin.py:151} INFO - [2023-09-01T15:09:01.259+0000] {dagbag.py:539} INFO - Filling up the DagBag from /home/airflow/.local/lib/python3.8/site-packages/airflow/example_dags/example_params_trigger_ui.py
[2023-09-01T15:09:01.280+0000] {processor.py:839} INFO - DAG(s) dict_keys(['example_params_trigger_ui']) retrieved from /home/airflow/.local/lib/python3.8/site-packages/airflow/example_dags/example_params_trigger_ui.py
[2023-09-01T15:09:01.330+0000] {logging_mixin.py:151} INFO - [2023-09-01T15:09:01.330+0000] {dag.py:2907} INFO - Sync 1 DAGs
[2023-09-01T15:09:01.343+0000] {logging_mixin.py:151} INFO - [2023-09-01T15:09:01.343+0000] {dag.py:3677} INFO - Setting next_dagrun for example_params_trigger_ui to None, run_after=None
[2023-09-01T15:09:01.360+0000] {processor.py:179} INFO - Processing /home/airflow/.local/lib/python3.8/site-packages/airflow/example_dags/example_params_trigger_ui.py took 0.110 seconds
[2023-09-01T15:09:32.207+0000] {processor.py:157} INFO - Started process (PID=2096) to work on /home/airflow/.local/lib/python3.8/site-packages/airflow/example_dags/example_params_trigger_ui.py
[2023-09-01T15:09:32.208+0000] {processor.py:829} INFO - Processing file /home/airflow/.local/lib/python3.8/site-packages/airflow/example_dags/example_params_trigger_ui.py for tasks to queue
[2023-09-01T15:09:32.211+0000] {logging_mixin.py:151} INFO - [2023-09-01T15:09:32.210+0000] {dagbag.py:539} INFO - Filling up the DagBag from /home/airflow/.local/lib/python3.8/site-packages/airflow/example_dags/example_params_trigger_ui.py
[2023-09-01T15:09:32.231+0000] {processor.py:839} INFO - DAG(s) dict_keys(['example_params_trigger_ui']) retrieved from /home/airflow/.local/lib/python3.8/site-packages/airflow/example_dags/example_params_trigger_ui.py
[2023-09-01T15:09:32.279+0000] {logging_mixin.py:151} INFO - [2023-09-01T15:09:32.279+0000] {dag.py:2907} INFO - Sync 1 DAGs
[2023-09-01T15:09:32.291+0000] {logging_mixin.py:151} INFO - [2023-09-01T15:09:32.291+0000] {dag.py:3677} INFO - Setting next_dagrun for example_params_trigger_ui to None, run_after=None
[2023-09-01T15:09:32.308+0000] {processor.py:179} INFO - Processing /home/airflow/.local/lib/python3.8/site-packages/airflow/example_dags/example_params_trigger_ui.py took 0.106 seconds
[2023-09-01T15:10:02.759+0000] {processor.py:157} INFO - Started process (PID=2150) to work on /home/airflow/.local/lib/python3.8/site-packages/airflow/example_dags/example_params_trigger_ui.py
[2023-09-01T15:10:02.760+0000] {processor.py:829} INFO - Processing file /home/airflow/.local/lib/python3.8/site-packages/airflow/example_dags/example_params_trigger_ui.py for tasks to queue
[2023-09-01T15:10:02.763+0000] {logging_mixin.py:151} INFO - [2023-09-01T15:10:02.763+0000] {dagbag.py:539} INFO - Filling up the DagBag from /home/airflow/.local/lib/python3.8/site-packages/airflow/example_dags/example_params_trigger_ui.py
[2023-09-01T15:10:02.783+0000] {processor.py:839} INFO - DAG(s) dict_keys(['example_params_trigger_ui']) retrieved from /home/airflow/.local/lib/python3.8/site-packages/airflow/example_dags/example_params_trigger_ui.py
[2023-09-01T15:10:02.833+0000] {logging_mixin.py:151} INFO - [2023-09-01T15:10:02.833+0000] {dag.py:2907} INFO - Sync 1 DAGs
[2023-09-01T15:10:02.844+0000] {logging_mixin.py:151} INFO - [2023-09-01T15:10:02.844+0000] {dag.py:3677} INFO - Setting next_dagrun for example_params_trigger_ui to None, run_after=None
[2023-09-01T15:10:02.861+0000] {processor.py:179} INFO - Processing /home/airflow/.local/lib/python3.8/site-packages/airflow/example_dags/example_params_trigger_ui.py took 0.107 seconds
[2023-09-01T15:10:33.206+0000] {processor.py:157} INFO - Started process (PID=2204) to work on /home/airflow/.local/lib/python3.8/site-packages/airflow/example_dags/example_params_trigger_ui.py
[2023-09-01T15:10:33.207+0000] {processor.py:829} INFO - Processing file /home/airflow/.local/lib/python3.8/site-packages/airflow/example_dags/example_params_trigger_ui.py for tasks to queue
[2023-09-01T15:10:33.210+0000] {logging_mixin.py:151} INFO - [2023-09-01T15:10:33.210+0000] {dagbag.py:539} INFO - Filling up the DagBag from /home/airflow/.local/lib/python3.8/site-packages/airflow/example_dags/example_params_trigger_ui.py
[2023-09-01T15:10:33.234+0000] {processor.py:839} INFO - DAG(s) dict_keys(['example_params_trigger_ui']) retrieved from /home/airflow/.local/lib/python3.8/site-packages/airflow/example_dags/example_params_trigger_ui.py
[2023-09-01T15:10:33.290+0000] {logging_mixin.py:151} INFO - [2023-09-01T15:10:33.289+0000] {dag.py:2907} INFO - Sync 1 DAGs
[2023-09-01T15:10:33.305+0000] {logging_mixin.py:151} INFO - [2023-09-01T15:10:33.305+0000] {dag.py:3677} INFO - Setting next_dagrun for example_params_trigger_ui to None, run_after=None
[2023-09-01T15:10:33.326+0000] {processor.py:179} INFO - Processing /home/airflow/.local/lib/python3.8/site-packages/airflow/example_dags/example_params_trigger_ui.py took 0.126 seconds
[2023-09-01T15:11:03.594+0000] {processor.py:157} INFO - Started process (PID=2258) to work on /home/airflow/.local/lib/python3.8/site-packages/airflow/example_dags/example_params_trigger_ui.py
[2023-09-01T15:11:03.595+0000] {processor.py:829} INFO - Processing file /home/airflow/.local/lib/python3.8/site-packages/airflow/example_dags/example_params_trigger_ui.py for tasks to queue
[2023-09-01T15:11:03.598+0000] {logging_mixin.py:151} INFO - [2023-09-01T15:11:03.597+0000] {dagbag.py:539} INFO - Filling up the DagBag from /home/airflow/.local/lib/python3.8/site-packages/airflow/example_dags/example_params_trigger_ui.py
[2023-09-01T15:11:03.617+0000] {processor.py:839} INFO - DAG(s) dict_keys(['example_params_trigger_ui']) retrieved from /home/airflow/.local/lib/python3.8/site-packages/airflow/example_dags/example_params_trigger_ui.py
[2023-09-01T15:11:03.667+0000] {logging_mixin.py:151} INFO - [2023-09-01T15:11:03.667+0000] {dag.py:2907} INFO - Sync 1 DAGs
[2023-09-01T15:11:03.678+0000] {logging_mixin.py:151} INFO - [2023-09-01T15:11:03.678+0000] {dag.py:3677} INFO - Setting next_dagrun for example_params_trigger_ui to None, run_after=None
[2023-09-01T15:11:03.696+0000] {processor.py:179} INFO - Processing /home/airflow/.local/lib/python3.8/site-packages/airflow/example_dags/example_params_trigger_ui.py took 0.106 seconds
[2023-09-01T15:11:33.928+0000] {processor.py:157} INFO - Started process (PID=2312) to work on /home/airflow/.local/lib/python3.8/site-packages/airflow/example_dags/example_params_trigger_ui.py
[2023-09-01T15:11:33.929+0000] {processor.py:829} INFO - Processing file /home/airflow/.local/lib/python3.8/site-packages/airflow/example_dags/example_params_trigger_ui.py for tasks to queue
[2023-09-01T15:11:33.932+0000] {logging_mixin.py:151} INFO - [2023-09-01T15:11:33.932+0000] {dagbag.py:539} INFO - Filling up the DagBag from /home/airflow/.local/lib/python3.8/site-packages/airflow/example_dags/example_params_trigger_ui.py
[2023-09-01T15:11:33.952+0000] {processor.py:839} INFO - DAG(s) dict_keys(['example_params_trigger_ui']) retrieved from /home/airflow/.local/lib/python3.8/site-packages/airflow/example_dags/example_params_trigger_ui.py
[2023-09-01T15:11:34.004+0000] {logging_mixin.py:151} INFO - [2023-09-01T15:11:34.004+0000] {dag.py:2907} INFO - Sync 1 DAGs
[2023-09-01T15:11:34.016+0000] {logging_mixin.py:151} INFO - [2023-09-01T15:11:34.016+0000] {dag.py:3677} INFO - Setting next_dagrun for example_params_trigger_ui to None, run_after=None
[2023-09-01T15:11:34.034+0000] {processor.py:179} INFO - Processing /home/airflow/.local/lib/python3.8/site-packages/airflow/example_dags/example_params_trigger_ui.py took 0.110 seconds
[2023-09-01T15:12:04.909+0000] {processor.py:157} INFO - Started process (PID=2366) to work on /home/airflow/.local/lib/python3.8/site-packages/airflow/example_dags/example_params_trigger_ui.py
[2023-09-01T15:12:04.910+0000] {processor.py:829} INFO - Processing file /home/airflow/.local/lib/python3.8/site-packages/airflow/example_dags/example_params_trigger_ui.py for tasks to queue
[2023-09-01T15:12:04.913+0000] {logging_mixin.py:151} INFO - [2023-09-01T15:12:04.912+0000] {dagbag.py:539} INFO - Filling up the DagBag from /home/airflow/.local/lib/python3.8/site-packages/airflow/example_dags/example_params_trigger_ui.py
[2023-09-01T15:12:04.933+0000] {processor.py:839} INFO - DAG(s) dict_keys(['example_params_trigger_ui']) retrieved from /home/airflow/.local/lib/python3.8/site-packages/airflow/example_dags/example_params_trigger_ui.py
[2023-09-01T15:12:04.986+0000] {logging_mixin.py:151} INFO - [2023-09-01T15:12:04.986+0000] {dag.py:2907} INFO - Sync 1 DAGs
[2023-09-01T15:12:04.998+0000] {logging_mixin.py:151} INFO - [2023-09-01T15:12:04.998+0000] {dag.py:3677} INFO - Setting next_dagrun for example_params_trigger_ui to None, run_after=None
[2023-09-01T15:12:05.018+0000] {processor.py:179} INFO - Processing /home/airflow/.local/lib/python3.8/site-packages/airflow/example_dags/example_params_trigger_ui.py took 0.114 seconds
[2023-09-01T15:12:35.204+0000] {processor.py:157} INFO - Started process (PID=2420) to work on /home/airflow/.local/lib/python3.8/site-packages/airflow/example_dags/example_params_trigger_ui.py
[2023-09-01T15:12:35.205+0000] {processor.py:829} INFO - Processing file /home/airflow/.local/lib/python3.8/site-packages/airflow/example_dags/example_params_trigger_ui.py for tasks to queue
[2023-09-01T15:12:35.208+0000] {logging_mixin.py:151} INFO - [2023-09-01T15:12:35.208+0000] {dagbag.py:539} INFO - Filling up the DagBag from /home/airflow/.local/lib/python3.8/site-packages/airflow/example_dags/example_params_trigger_ui.py
[2023-09-01T15:12:35.228+0000] {processor.py:839} INFO - DAG(s) dict_keys(['example_params_trigger_ui']) retrieved from /home/airflow/.local/lib/python3.8/site-packages/airflow/example_dags/example_params_trigger_ui.py
[2023-09-01T15:12:35.278+0000] {logging_mixin.py:151} INFO - [2023-09-01T15:12:35.278+0000] {dag.py:2907} INFO - Sync 1 DAGs
[2023-09-01T15:12:35.290+0000] {logging_mixin.py:151} INFO - [2023-09-01T15:12:35.290+0000] {dag.py:3677} INFO - Setting next_dagrun for example_params_trigger_ui to None, run_after=None
[2023-09-01T15:12:35.307+0000] {processor.py:179} INFO - Processing /home/airflow/.local/lib/python3.8/site-packages/airflow/example_dags/example_params_trigger_ui.py took 0.107 seconds
[2023-09-01T15:13:05.555+0000] {processor.py:157} INFO - Started process (PID=2474) to work on /home/airflow/.local/lib/python3.8/site-packages/airflow/example_dags/example_params_trigger_ui.py
[2023-09-01T15:13:05.556+0000] {processor.py:829} INFO - Processing file /home/airflow/.local/lib/python3.8/site-packages/airflow/example_dags/example_params_trigger_ui.py for tasks to queue
[2023-09-01T15:13:05.559+0000] {logging_mixin.py:151} INFO - [2023-09-01T15:13:05.558+0000] {dagbag.py:539} INFO - Filling up the DagBag from /home/airflow/.local/lib/python3.8/site-packages/airflow/example_dags/example_params_trigger_ui.py
[2023-09-01T15:13:05.579+0000] {processor.py:839} INFO - DAG(s) dict_keys(['example_params_trigger_ui']) retrieved from /home/airflow/.local/lib/python3.8/site-packages/airflow/example_dags/example_params_trigger_ui.py
[2023-09-01T15:13:05.629+0000] {logging_mixin.py:151} INFO - [2023-09-01T15:13:05.629+0000] {dag.py:2907} INFO - Sync 1 DAGs
[2023-09-01T15:13:05.640+0000] {logging_mixin.py:151} INFO - [2023-09-01T15:13:05.640+0000] {dag.py:3677} INFO - Setting next_dagrun for example_params_trigger_ui to None, run_after=None
[2023-09-01T15:13:05.659+0000] {processor.py:179} INFO - Processing /home/airflow/.local/lib/python3.8/site-packages/airflow/example_dags/example_params_trigger_ui.py took 0.109 seconds
[2023-09-01T15:13:36.056+0000] {processor.py:157} INFO - Started process (PID=2528) to work on /home/airflow/.local/lib/python3.8/site-packages/airflow/example_dags/example_params_trigger_ui.py
[2023-09-01T15:13:36.057+0000] {processor.py:829} INFO - Processing file /home/airflow/.local/lib/python3.8/site-packages/airflow/example_dags/example_params_trigger_ui.py for tasks to queue
[2023-09-01T15:13:36.061+0000] {logging_mixin.py:151} INFO - [2023-09-01T15:13:36.061+0000] {dagbag.py:539} INFO - Filling up the DagBag from /home/airflow/.local/lib/python3.8/site-packages/airflow/example_dags/example_params_trigger_ui.py
[2023-09-01T15:13:36.087+0000] {processor.py:839} INFO - DAG(s) dict_keys(['example_params_trigger_ui']) retrieved from /home/airflow/.local/lib/python3.8/site-packages/airflow/example_dags/example_params_trigger_ui.py
[2023-09-01T15:13:36.148+0000] {logging_mixin.py:151} INFO - [2023-09-01T15:13:36.148+0000] {dag.py:2907} INFO - Sync 1 DAGs
[2023-09-01T15:13:36.164+0000] {logging_mixin.py:151} INFO - [2023-09-01T15:13:36.163+0000] {dag.py:3677} INFO - Setting next_dagrun for example_params_trigger_ui to None, run_after=None
[2023-09-01T15:13:36.189+0000] {processor.py:179} INFO - Processing /home/airflow/.local/lib/python3.8/site-packages/airflow/example_dags/example_params_trigger_ui.py took 0.138 seconds
[2023-09-01T15:14:06.485+0000] {processor.py:157} INFO - Started process (PID=2582) to work on /home/airflow/.local/lib/python3.8/site-packages/airflow/example_dags/example_params_trigger_ui.py
[2023-09-01T15:14:06.487+0000] {processor.py:829} INFO - Processing file /home/airflow/.local/lib/python3.8/site-packages/airflow/example_dags/example_params_trigger_ui.py for tasks to queue
[2023-09-01T15:14:06.490+0000] {logging_mixin.py:151} INFO - [2023-09-01T15:14:06.490+0000] {dagbag.py:539} INFO - Filling up the DagBag from /home/airflow/.local/lib/python3.8/site-packages/airflow/example_dags/example_params_trigger_ui.py
[2023-09-01T15:14:06.511+0000] {processor.py:839} INFO - DAG(s) dict_keys(['example_params_trigger_ui']) retrieved from /home/airflow/.local/lib/python3.8/site-packages/airflow/example_dags/example_params_trigger_ui.py
[2023-09-01T15:14:06.561+0000] {logging_mixin.py:151} INFO - [2023-09-01T15:14:06.561+0000] {dag.py:2907} INFO - Sync 1 DAGs
[2023-09-01T15:14:06.572+0000] {logging_mixin.py:151} INFO - [2023-09-01T15:14:06.572+0000] {dag.py:3677} INFO - Setting next_dagrun for example_params_trigger_ui to None, run_after=None
[2023-09-01T15:14:06.589+0000] {processor.py:179} INFO - Processing /home/airflow/.local/lib/python3.8/site-packages/airflow/example_dags/example_params_trigger_ui.py took 0.108 seconds
[2023-09-01T15:14:37.481+0000] {processor.py:157} INFO - Started process (PID=2636) to work on /home/airflow/.local/lib/python3.8/site-packages/airflow/example_dags/example_params_trigger_ui.py
[2023-09-01T15:14:37.482+0000] {processor.py:829} INFO - Processing file /home/airflow/.local/lib/python3.8/site-packages/airflow/example_dags/example_params_trigger_ui.py for tasks to queue
[2023-09-01T15:14:37.485+0000] {logging_mixin.py:151} INFO - [2023-09-01T15:14:37.484+0000] {dagbag.py:539} INFO - Filling up the DagBag from /home/airflow/.local/lib/python3.8/site-packages/airflow/example_dags/example_params_trigger_ui.py
[2023-09-01T15:14:37.506+0000] {processor.py:839} INFO - DAG(s) dict_keys(['example_params_trigger_ui']) retrieved from /home/airflow/.local/lib/python3.8/site-packages/airflow/example_dags/example_params_trigger_ui.py
[2023-09-01T15:14:37.555+0000] {logging_mixin.py:151} INFO - [2023-09-01T15:14:37.555+0000] {dag.py:2907} INFO - Sync 1 DAGs
[2023-09-01T15:14:37.567+0000] {logging_mixin.py:151} INFO - [2023-09-01T15:14:37.566+0000] {dag.py:3677} INFO - Setting next_dagrun for example_params_trigger_ui to None, run_after=None
[2023-09-01T15:14:37.582+0000] {processor.py:179} INFO - Processing /home/airflow/.local/lib/python3.8/site-packages/airflow/example_dags/example_params_trigger_ui.py took 0.106 seconds
[2023-09-01T15:15:08.462+0000] {processor.py:157} INFO - Started process (PID=2690) to work on /home/airflow/.local/lib/python3.8/site-packages/airflow/example_dags/example_params_trigger_ui.py
[2023-09-01T15:15:08.463+0000] {processor.py:829} INFO - Processing file /home/airflow/.local/lib/python3.8/site-packages/airflow/example_dags/example_params_trigger_ui.py for tasks to queue
[2023-09-01T15:15:08.466+0000] {logging_mixin.py:151} INFO - [2023-09-01T15:15:08.466+0000] {dagbag.py:539} INFO - Filling up the DagBag from /home/airflow/.local/lib/python3.8/site-packages/airflow/example_dags/example_params_trigger_ui.py
[2023-09-01T15:15:08.486+0000] {processor.py:839} INFO - DAG(s) dict_keys(['example_params_trigger_ui']) retrieved from /home/airflow/.local/lib/python3.8/site-packages/airflow/example_dags/example_params_trigger_ui.py
[2023-09-01T15:15:08.535+0000] {logging_mixin.py:151} INFO - [2023-09-01T15:15:08.535+0000] {dag.py:2907} INFO - Sync 1 DAGs
[2023-09-01T15:15:08.547+0000] {logging_mixin.py:151} INFO - [2023-09-01T15:15:08.547+0000] {dag.py:3677} INFO - Setting next_dagrun for example_params_trigger_ui to None, run_after=None
[2023-09-01T15:15:08.564+0000] {processor.py:179} INFO - Processing /home/airflow/.local/lib/python3.8/site-packages/airflow/example_dags/example_params_trigger_ui.py took 0.105 seconds
[2023-09-01T15:15:38.832+0000] {processor.py:157} INFO - Started process (PID=2744) to work on /home/airflow/.local/lib/python3.8/site-packages/airflow/example_dags/example_params_trigger_ui.py
[2023-09-01T15:15:38.833+0000] {processor.py:829} INFO - Processing file /home/airflow/.local/lib/python3.8/site-packages/airflow/example_dags/example_params_trigger_ui.py for tasks to queue
[2023-09-01T15:15:38.836+0000] {logging_mixin.py:151} INFO - [2023-09-01T15:15:38.836+0000] {dagbag.py:539} INFO - Filling up the DagBag from /home/airflow/.local/lib/python3.8/site-packages/airflow/example_dags/example_params_trigger_ui.py
[2023-09-01T15:15:38.856+0000] {processor.py:839} INFO - DAG(s) dict_keys(['example_params_trigger_ui']) retrieved from /home/airflow/.local/lib/python3.8/site-packages/airflow/example_dags/example_params_trigger_ui.py
[2023-09-01T15:15:38.905+0000] {logging_mixin.py:151} INFO - [2023-09-01T15:15:38.905+0000] {dag.py:2907} INFO - Sync 1 DAGs
[2023-09-01T15:15:38.916+0000] {logging_mixin.py:151} INFO - [2023-09-01T15:15:38.916+0000] {dag.py:3677} INFO - Setting next_dagrun for example_params_trigger_ui to None, run_after=None
[2023-09-01T15:15:38.933+0000] {processor.py:179} INFO - Processing /home/airflow/.local/lib/python3.8/site-packages/airflow/example_dags/example_params_trigger_ui.py took 0.105 seconds
[2023-09-01T15:16:09.897+0000] {processor.py:157} INFO - Started process (PID=2798) to work on /home/airflow/.local/lib/python3.8/site-packages/airflow/example_dags/example_params_trigger_ui.py
[2023-09-01T15:16:09.898+0000] {processor.py:829} INFO - Processing file /home/airflow/.local/lib/python3.8/site-packages/airflow/example_dags/example_params_trigger_ui.py for tasks to queue
[2023-09-01T15:16:09.901+0000] {logging_mixin.py:151} INFO - [2023-09-01T15:16:09.900+0000] {dagbag.py:539} INFO - Filling up the DagBag from /home/airflow/.local/lib/python3.8/site-packages/airflow/example_dags/example_params_trigger_ui.py
[2023-09-01T15:16:09.921+0000] {processor.py:839} INFO - DAG(s) dict_keys(['example_params_trigger_ui']) retrieved from /home/airflow/.local/lib/python3.8/site-packages/airflow/example_dags/example_params_trigger_ui.py
[2023-09-01T15:16:09.977+0000] {logging_mixin.py:151} INFO - [2023-09-01T15:16:09.977+0000] {dag.py:2907} INFO - Sync 1 DAGs
[2023-09-01T15:16:09.991+0000] {logging_mixin.py:151} INFO - [2023-09-01T15:16:09.991+0000] {dag.py:3677} INFO - Setting next_dagrun for example_params_trigger_ui to None, run_after=None
[2023-09-01T15:16:10.011+0000] {processor.py:179} INFO - Processing /home/airflow/.local/lib/python3.8/site-packages/airflow/example_dags/example_params_trigger_ui.py took 0.119 seconds
[2023-09-01T15:16:40.391+0000] {processor.py:157} INFO - Started process (PID=2853) to work on /home/airflow/.local/lib/python3.8/site-packages/airflow/example_dags/example_params_trigger_ui.py
[2023-09-01T15:16:40.392+0000] {processor.py:829} INFO - Processing file /home/airflow/.local/lib/python3.8/site-packages/airflow/example_dags/example_params_trigger_ui.py for tasks to queue
[2023-09-01T15:16:40.395+0000] {logging_mixin.py:151} INFO - [2023-09-01T15:16:40.394+0000] {dagbag.py:539} INFO - Filling up the DagBag from /home/airflow/.local/lib/python3.8/site-packages/airflow/example_dags/example_params_trigger_ui.py
[2023-09-01T15:16:40.415+0000] {processor.py:839} INFO - DAG(s) dict_keys(['example_params_trigger_ui']) retrieved from /home/airflow/.local/lib/python3.8/site-packages/airflow/example_dags/example_params_trigger_ui.py
[2023-09-01T15:16:40.465+0000] {logging_mixin.py:151} INFO - [2023-09-01T15:16:40.465+0000] {dag.py:2907} INFO - Sync 1 DAGs
[2023-09-01T15:16:40.477+0000] {logging_mixin.py:151} INFO - [2023-09-01T15:16:40.477+0000] {dag.py:3677} INFO - Setting next_dagrun for example_params_trigger_ui to None, run_after=None
[2023-09-01T15:16:40.494+0000] {processor.py:179} INFO - Processing /home/airflow/.local/lib/python3.8/site-packages/airflow/example_dags/example_params_trigger_ui.py took 0.108 seconds
[2023-09-01T15:17:10.895+0000] {processor.py:157} INFO - Started process (PID=2908) to work on /home/airflow/.local/lib/python3.8/site-packages/airflow/example_dags/example_params_trigger_ui.py
[2023-09-01T15:17:10.896+0000] {processor.py:829} INFO - Processing file /home/airflow/.local/lib/python3.8/site-packages/airflow/example_dags/example_params_trigger_ui.py for tasks to queue
[2023-09-01T15:17:10.900+0000] {logging_mixin.py:151} INFO - [2023-09-01T15:17:10.899+0000] {dagbag.py:539} INFO - Filling up the DagBag from /home/airflow/.local/lib/python3.8/site-packages/airflow/example_dags/example_params_trigger_ui.py
[2023-09-01T15:17:10.924+0000] {processor.py:839} INFO - DAG(s) dict_keys(['example_params_trigger_ui']) retrieved from /home/airflow/.local/lib/python3.8/site-packages/airflow/example_dags/example_params_trigger_ui.py
[2023-09-01T15:17:10.979+0000] {logging_mixin.py:151} INFO - [2023-09-01T15:17:10.979+0000] {dag.py:2907} INFO - Sync 1 DAGs
[2023-09-01T15:17:10.991+0000] {logging_mixin.py:151} INFO - [2023-09-01T15:17:10.991+0000] {dag.py:3677} INFO - Setting next_dagrun for example_params_trigger_ui to None, run_after=None
[2023-09-01T15:17:11.010+0000] {processor.py:179} INFO - Processing /home/airflow/.local/lib/python3.8/site-packages/airflow/example_dags/example_params_trigger_ui.py took 0.121 seconds
[2023-09-01T15:17:41.498+0000] {processor.py:157} INFO - Started process (PID=2962) to work on /home/airflow/.local/lib/python3.8/site-packages/airflow/example_dags/example_params_trigger_ui.py
[2023-09-01T15:17:41.500+0000] {processor.py:829} INFO - Processing file /home/airflow/.local/lib/python3.8/site-packages/airflow/example_dags/example_params_trigger_ui.py for tasks to queue
[2023-09-01T15:17:41.502+0000] {logging_mixin.py:151} INFO - [2023-09-01T15:17:41.502+0000] {dagbag.py:539} INFO - Filling up the DagBag from /home/airflow/.local/lib/python3.8/site-packages/airflow/example_dags/example_params_trigger_ui.py
[2023-09-01T15:17:41.523+0000] {processor.py:839} INFO - DAG(s) dict_keys(['example_params_trigger_ui']) retrieved from /home/airflow/.local/lib/python3.8/site-packages/airflow/example_dags/example_params_trigger_ui.py
[2023-09-01T15:17:41.573+0000] {logging_mixin.py:151} INFO - [2023-09-01T15:17:41.573+0000] {dag.py:2907} INFO - Sync 1 DAGs
[2023-09-01T15:17:41.584+0000] {logging_mixin.py:151} INFO - [2023-09-01T15:17:41.584+0000] {dag.py:3677} INFO - Setting next_dagrun for example_params_trigger_ui to None, run_after=None
[2023-09-01T15:17:41.601+0000] {processor.py:179} INFO - Processing /home/airflow/.local/lib/python3.8/site-packages/airflow/example_dags/example_params_trigger_ui.py took 0.107 seconds
[2023-09-01T15:18:12.469+0000] {processor.py:157} INFO - Started process (PID=3016) to work on /home/airflow/.local/lib/python3.8/site-packages/airflow/example_dags/example_params_trigger_ui.py
[2023-09-01T15:18:12.471+0000] {processor.py:829} INFO - Processing file /home/airflow/.local/lib/python3.8/site-packages/airflow/example_dags/example_params_trigger_ui.py for tasks to queue
[2023-09-01T15:18:12.474+0000] {logging_mixin.py:151} INFO - [2023-09-01T15:18:12.474+0000] {dagbag.py:539} INFO - Filling up the DagBag from /home/airflow/.local/lib/python3.8/site-packages/airflow/example_dags/example_params_trigger_ui.py
[2023-09-01T15:18:12.496+0000] {processor.py:839} INFO - DAG(s) dict_keys(['example_params_trigger_ui']) retrieved from /home/airflow/.local/lib/python3.8/site-packages/airflow/example_dags/example_params_trigger_ui.py
[2023-09-01T15:18:12.547+0000] {logging_mixin.py:151} INFO - [2023-09-01T15:18:12.547+0000] {dag.py:2907} INFO - Sync 1 DAGs
[2023-09-01T15:18:12.559+0000] {logging_mixin.py:151} INFO - [2023-09-01T15:18:12.559+0000] {dag.py:3677} INFO - Setting next_dagrun for example_params_trigger_ui to None, run_after=None
[2023-09-01T15:18:12.576+0000] {processor.py:179} INFO - Processing /home/airflow/.local/lib/python3.8/site-packages/airflow/example_dags/example_params_trigger_ui.py took 0.111 seconds
[2023-09-01T15:18:43.039+0000] {processor.py:157} INFO - Started process (PID=3070) to work on /home/airflow/.local/lib/python3.8/site-packages/airflow/example_dags/example_params_trigger_ui.py
[2023-09-01T15:18:43.040+0000] {processor.py:829} INFO - Processing file /home/airflow/.local/lib/python3.8/site-packages/airflow/example_dags/example_params_trigger_ui.py for tasks to queue
[2023-09-01T15:18:43.043+0000] {logging_mixin.py:151} INFO - [2023-09-01T15:18:43.042+0000] {dagbag.py:539} INFO - Filling up the DagBag from /home/airflow/.local/lib/python3.8/site-packages/airflow/example_dags/example_params_trigger_ui.py
[2023-09-01T15:18:43.065+0000] {processor.py:839} INFO - DAG(s) dict_keys(['example_params_trigger_ui']) retrieved from /home/airflow/.local/lib/python3.8/site-packages/airflow/example_dags/example_params_trigger_ui.py
[2023-09-01T15:18:43.121+0000] {logging_mixin.py:151} INFO - [2023-09-01T15:18:43.121+0000] {dag.py:2907} INFO - Sync 1 DAGs
[2023-09-01T15:18:43.135+0000] {logging_mixin.py:151} INFO - [2023-09-01T15:18:43.135+0000] {dag.py:3677} INFO - Setting next_dagrun for example_params_trigger_ui to None, run_after=None
[2023-09-01T15:18:43.155+0000] {processor.py:179} INFO - Processing /home/airflow/.local/lib/python3.8/site-packages/airflow/example_dags/example_params_trigger_ui.py took 0.121 seconds
[2023-09-01T15:19:13.676+0000] {processor.py:157} INFO - Started process (PID=3124) to work on /home/airflow/.local/lib/python3.8/site-packages/airflow/example_dags/example_params_trigger_ui.py
[2023-09-01T15:19:13.677+0000] {processor.py:829} INFO - Processing file /home/airflow/.local/lib/python3.8/site-packages/airflow/example_dags/example_params_trigger_ui.py for tasks to queue
[2023-09-01T15:19:13.680+0000] {logging_mixin.py:151} INFO - [2023-09-01T15:19:13.680+0000] {dagbag.py:539} INFO - Filling up the DagBag from /home/airflow/.local/lib/python3.8/site-packages/airflow/example_dags/example_params_trigger_ui.py
[2023-09-01T15:19:13.701+0000] {processor.py:839} INFO - DAG(s) dict_keys(['example_params_trigger_ui']) retrieved from /home/airflow/.local/lib/python3.8/site-packages/airflow/example_dags/example_params_trigger_ui.py
[2023-09-01T15:19:13.753+0000] {logging_mixin.py:151} INFO - [2023-09-01T15:19:13.753+0000] {dag.py:2907} INFO - Sync 1 DAGs
[2023-09-01T15:19:13.766+0000] {logging_mixin.py:151} INFO - [2023-09-01T15:19:13.766+0000] {dag.py:3677} INFO - Setting next_dagrun for example_params_trigger_ui to None, run_after=None
[2023-09-01T15:19:13.786+0000] {processor.py:179} INFO - Processing /home/airflow/.local/lib/python3.8/site-packages/airflow/example_dags/example_params_trigger_ui.py took 0.114 seconds
[2023-09-01T15:19:44.300+0000] {processor.py:157} INFO - Started process (PID=3178) to work on /home/airflow/.local/lib/python3.8/site-packages/airflow/example_dags/example_params_trigger_ui.py
[2023-09-01T15:19:44.301+0000] {processor.py:829} INFO - Processing file /home/airflow/.local/lib/python3.8/site-packages/airflow/example_dags/example_params_trigger_ui.py for tasks to queue
[2023-09-01T15:19:44.304+0000] {logging_mixin.py:151} INFO - [2023-09-01T15:19:44.303+0000] {dagbag.py:539} INFO - Filling up the DagBag from /home/airflow/.local/lib/python3.8/site-packages/airflow/example_dags/example_params_trigger_ui.py
[2023-09-01T15:19:44.324+0000] {processor.py:839} INFO - DAG(s) dict_keys(['example_params_trigger_ui']) retrieved from /home/airflow/.local/lib/python3.8/site-packages/airflow/example_dags/example_params_trigger_ui.py
[2023-09-01T15:19:44.379+0000] {logging_mixin.py:151} INFO - [2023-09-01T15:19:44.379+0000] {dag.py:2907} INFO - Sync 1 DAGs
[2023-09-01T15:19:44.393+0000] {logging_mixin.py:151} INFO - [2023-09-01T15:19:44.393+0000] {dag.py:3677} INFO - Setting next_dagrun for example_params_trigger_ui to None, run_after=None
[2023-09-01T15:19:44.413+0000] {processor.py:179} INFO - Processing /home/airflow/.local/lib/python3.8/site-packages/airflow/example_dags/example_params_trigger_ui.py took 0.117 seconds
[2023-09-01T15:20:14.804+0000] {processor.py:157} INFO - Started process (PID=3232) to work on /home/airflow/.local/lib/python3.8/site-packages/airflow/example_dags/example_params_trigger_ui.py
[2023-09-01T15:20:14.805+0000] {processor.py:829} INFO - Processing file /home/airflow/.local/lib/python3.8/site-packages/airflow/example_dags/example_params_trigger_ui.py for tasks to queue
[2023-09-01T15:20:14.808+0000] {logging_mixin.py:151} INFO - [2023-09-01T15:20:14.808+0000] {dagbag.py:539} INFO - Filling up the DagBag from /home/airflow/.local/lib/python3.8/site-packages/airflow/example_dags/example_params_trigger_ui.py
[2023-09-01T15:20:14.828+0000] {processor.py:839} INFO - DAG(s) dict_keys(['example_params_trigger_ui']) retrieved from /home/airflow/.local/lib/python3.8/site-packages/airflow/example_dags/example_params_trigger_ui.py
[2023-09-01T15:20:14.877+0000] {logging_mixin.py:151} INFO - [2023-09-01T15:20:14.877+0000] {dag.py:2907} INFO - Sync 1 DAGs
[2023-09-01T15:20:14.889+0000] {logging_mixin.py:151} INFO - [2023-09-01T15:20:14.889+0000] {dag.py:3677} INFO - Setting next_dagrun for example_params_trigger_ui to None, run_after=None
[2023-09-01T15:20:14.905+0000] {processor.py:179} INFO - Processing /home/airflow/.local/lib/python3.8/site-packages/airflow/example_dags/example_params_trigger_ui.py took 0.105 seconds
[2023-09-01T15:20:45.289+0000] {processor.py:157} INFO - Started process (PID=3286) to work on /home/airflow/.local/lib/python3.8/site-packages/airflow/example_dags/example_params_trigger_ui.py
[2023-09-01T15:20:45.290+0000] {processor.py:829} INFO - Processing file /home/airflow/.local/lib/python3.8/site-packages/airflow/example_dags/example_params_trigger_ui.py for tasks to queue
[2023-09-01T15:20:45.293+0000] {logging_mixin.py:151} INFO - [2023-09-01T15:20:45.293+0000] {dagbag.py:539} INFO - Filling up the DagBag from /home/airflow/.local/lib/python3.8/site-packages/airflow/example_dags/example_params_trigger_ui.py
[2023-09-01T15:20:45.314+0000] {processor.py:839} INFO - DAG(s) dict_keys(['example_params_trigger_ui']) retrieved from /home/airflow/.local/lib/python3.8/site-packages/airflow/example_dags/example_params_trigger_ui.py
[2023-09-01T15:20:45.368+0000] {logging_mixin.py:151} INFO - [2023-09-01T15:20:45.368+0000] {dag.py:2907} INFO - Sync 1 DAGs
[2023-09-01T15:20:45.382+0000] {logging_mixin.py:151} INFO - [2023-09-01T15:20:45.382+0000] {dag.py:3677} INFO - Setting next_dagrun for example_params_trigger_ui to None, run_after=None
[2023-09-01T15:20:45.401+0000] {processor.py:179} INFO - Processing /home/airflow/.local/lib/python3.8/site-packages/airflow/example_dags/example_params_trigger_ui.py took 0.116 seconds
[2023-09-01T15:21:16.005+0000] {processor.py:157} INFO - Started process (PID=3340) to work on /home/airflow/.local/lib/python3.8/site-packages/airflow/example_dags/example_params_trigger_ui.py
[2023-09-01T15:21:16.006+0000] {processor.py:829} INFO - Processing file /home/airflow/.local/lib/python3.8/site-packages/airflow/example_dags/example_params_trigger_ui.py for tasks to queue
[2023-09-01T15:21:16.009+0000] {logging_mixin.py:151} INFO - [2023-09-01T15:21:16.009+0000] {dagbag.py:539} INFO - Filling up the DagBag from /home/airflow/.local/lib/python3.8/site-packages/airflow/example_dags/example_params_trigger_ui.py
[2023-09-01T15:21:16.029+0000] {processor.py:839} INFO - DAG(s) dict_keys(['example_params_trigger_ui']) retrieved from /home/airflow/.local/lib/python3.8/site-packages/airflow/example_dags/example_params_trigger_ui.py
[2023-09-01T15:21:16.078+0000] {logging_mixin.py:151} INFO - [2023-09-01T15:21:16.078+0000] {dag.py:2907} INFO - Sync 1 DAGs
[2023-09-01T15:21:16.090+0000] {logging_mixin.py:151} INFO - [2023-09-01T15:21:16.090+0000] {dag.py:3677} INFO - Setting next_dagrun for example_params_trigger_ui to None, run_after=None
[2023-09-01T15:21:16.106+0000] {processor.py:179} INFO - Processing /home/airflow/.local/lib/python3.8/site-packages/airflow/example_dags/example_params_trigger_ui.py took 0.105 seconds
[2023-09-01T15:21:46.655+0000] {processor.py:157} INFO - Started process (PID=3394) to work on /home/airflow/.local/lib/python3.8/site-packages/airflow/example_dags/example_params_trigger_ui.py
[2023-09-01T15:21:46.656+0000] {processor.py:829} INFO - Processing file /home/airflow/.local/lib/python3.8/site-packages/airflow/example_dags/example_params_trigger_ui.py for tasks to queue
[2023-09-01T15:21:46.659+0000] {logging_mixin.py:151} INFO - [2023-09-01T15:21:46.659+0000] {dagbag.py:539} INFO - Filling up the DagBag from /home/airflow/.local/lib/python3.8/site-packages/airflow/example_dags/example_params_trigger_ui.py
[2023-09-01T15:21:46.680+0000] {processor.py:839} INFO - DAG(s) dict_keys(['example_params_trigger_ui']) retrieved from /home/airflow/.local/lib/python3.8/site-packages/airflow/example_dags/example_params_trigger_ui.py
[2023-09-01T15:21:46.732+0000] {logging_mixin.py:151} INFO - [2023-09-01T15:21:46.732+0000] {dag.py:2907} INFO - Sync 1 DAGs
[2023-09-01T15:21:46.744+0000] {logging_mixin.py:151} INFO - [2023-09-01T15:21:46.743+0000] {dag.py:3677} INFO - Setting next_dagrun for example_params_trigger_ui to None, run_after=None
[2023-09-01T15:21:46.761+0000] {processor.py:179} INFO - Processing /home/airflow/.local/lib/python3.8/site-packages/airflow/example_dags/example_params_trigger_ui.py took 0.111 seconds
