[2023-09-01T14:50:19.318+0000] {processor.py:157} INFO - Started process (PID=56) to work on /home/airflow/.local/lib/python3.8/site-packages/airflow/example_dags/example_branch_python_dop_operator_3.py
[2023-09-01T14:50:19.320+0000] {processor.py:829} INFO - Processing file /home/airflow/.local/lib/python3.8/site-packages/airflow/example_dags/example_branch_python_dop_operator_3.py for tasks to queue
[2023-09-01T14:50:19.324+0000] {logging_mixin.py:151} INFO - [2023-09-01T14:50:19.324+0000] {dagbag.py:539} INFO - Filling up the DagBag from /home/airflow/.local/lib/python3.8/site-packages/airflow/example_dags/example_branch_python_dop_operator_3.py
[2023-09-01T14:50:19.345+0000] {processor.py:839} INFO - DAG(s) dict_keys(['example_branch_dop_operator_v3']) retrieved from /home/airflow/.local/lib/python3.8/site-packages/airflow/example_dags/example_branch_python_dop_operator_3.py
[2023-09-01T14:50:19.664+0000] {logging_mixin.py:151} INFO - [2023-09-01T14:50:19.664+0000] {manager.py:501} INFO - Created Permission View: can read on DAG:example_branch_dop_operator_v3
[2023-09-01T14:50:19.682+0000] {logging_mixin.py:151} INFO - [2023-09-01T14:50:19.682+0000] {manager.py:501} INFO - Created Permission View: can edit on DAG:example_branch_dop_operator_v3
[2023-09-01T14:50:19.694+0000] {logging_mixin.py:151} INFO - [2023-09-01T14:50:19.694+0000] {manager.py:501} INFO - Created Permission View: can delete on DAG:example_branch_dop_operator_v3
[2023-09-01T14:50:19.717+0000] {logging_mixin.py:151} INFO - [2023-09-01T14:50:19.717+0000] {dag.py:2907} INFO - Sync 1 DAGs
[2023-09-01T14:50:19.734+0000] {logging_mixin.py:151} INFO - [2023-09-01T14:50:19.733+0000] {dag.py:2929} INFO - Creating ORM DAG for example_branch_dop_operator_v3
[2023-09-01T14:50:19.759+0000] {logging_mixin.py:151} INFO - [2023-09-01T14:50:19.759+0000] {dag.py:3677} INFO - Setting next_dagrun for example_branch_dop_operator_v3 to 2023-09-01T14:49:00+00:00, run_after=2023-09-01T14:50:00+00:00
[2023-09-01T14:50:19.826+0000] {processor.py:179} INFO - Processing /home/airflow/.local/lib/python3.8/site-packages/airflow/example_dags/example_branch_python_dop_operator_3.py took 0.515 seconds
[2023-09-01T14:50:50.412+0000] {processor.py:157} INFO - Started process (PID=108) to work on /home/airflow/.local/lib/python3.8/site-packages/airflow/example_dags/example_branch_python_dop_operator_3.py
[2023-09-01T14:50:50.414+0000] {processor.py:829} INFO - Processing file /home/airflow/.local/lib/python3.8/site-packages/airflow/example_dags/example_branch_python_dop_operator_3.py for tasks to queue
[2023-09-01T14:50:50.418+0000] {logging_mixin.py:151} INFO - [2023-09-01T14:50:50.417+0000] {dagbag.py:539} INFO - Filling up the DagBag from /home/airflow/.local/lib/python3.8/site-packages/airflow/example_dags/example_branch_python_dop_operator_3.py
[2023-09-01T14:50:50.432+0000] {processor.py:839} INFO - DAG(s) dict_keys(['example_branch_dop_operator_v3']) retrieved from /home/airflow/.local/lib/python3.8/site-packages/airflow/example_dags/example_branch_python_dop_operator_3.py
[2023-09-01T14:50:50.464+0000] {logging_mixin.py:151} INFO - [2023-09-01T14:50:50.464+0000] {dag.py:2907} INFO - Sync 1 DAGs
[2023-09-01T14:50:50.505+0000] {logging_mixin.py:151} INFO - [2023-09-01T14:50:50.505+0000] {dag.py:3677} INFO - Setting next_dagrun for example_branch_dop_operator_v3 to 2023-09-01T14:49:00+00:00, run_after=2023-09-01T14:50:00+00:00
[2023-09-01T14:50:50.533+0000] {processor.py:179} INFO - Processing /home/airflow/.local/lib/python3.8/site-packages/airflow/example_dags/example_branch_python_dop_operator_3.py took 0.126 seconds
[2023-09-01T14:51:21.426+0000] {processor.py:157} INFO - Started process (PID=162) to work on /home/airflow/.local/lib/python3.8/site-packages/airflow/example_dags/example_branch_python_dop_operator_3.py
[2023-09-01T14:51:21.427+0000] {processor.py:829} INFO - Processing file /home/airflow/.local/lib/python3.8/site-packages/airflow/example_dags/example_branch_python_dop_operator_3.py for tasks to queue
[2023-09-01T14:51:21.431+0000] {logging_mixin.py:151} INFO - [2023-09-01T14:51:21.431+0000] {dagbag.py:539} INFO - Filling up the DagBag from /home/airflow/.local/lib/python3.8/site-packages/airflow/example_dags/example_branch_python_dop_operator_3.py
[2023-09-01T14:51:21.447+0000] {processor.py:839} INFO - DAG(s) dict_keys(['example_branch_dop_operator_v3']) retrieved from /home/airflow/.local/lib/python3.8/site-packages/airflow/example_dags/example_branch_python_dop_operator_3.py
[2023-09-01T14:51:21.478+0000] {logging_mixin.py:151} INFO - [2023-09-01T14:51:21.477+0000] {dag.py:2907} INFO - Sync 1 DAGs
[2023-09-01T14:51:21.541+0000] {logging_mixin.py:151} INFO - [2023-09-01T14:51:21.541+0000] {dag.py:3677} INFO - Setting next_dagrun for example_branch_dop_operator_v3 to 2023-09-01T14:50:00+00:00, run_after=2023-09-01T14:51:00+00:00
[2023-09-01T14:51:21.575+0000] {processor.py:179} INFO - Processing /home/airflow/.local/lib/python3.8/site-packages/airflow/example_dags/example_branch_python_dop_operator_3.py took 0.154 seconds
[2023-09-01T14:51:51.672+0000] {processor.py:157} INFO - Started process (PID=216) to work on /home/airflow/.local/lib/python3.8/site-packages/airflow/example_dags/example_branch_python_dop_operator_3.py
[2023-09-01T14:51:51.674+0000] {processor.py:829} INFO - Processing file /home/airflow/.local/lib/python3.8/site-packages/airflow/example_dags/example_branch_python_dop_operator_3.py for tasks to queue
[2023-09-01T14:51:51.677+0000] {logging_mixin.py:151} INFO - [2023-09-01T14:51:51.677+0000] {dagbag.py:539} INFO - Filling up the DagBag from /home/airflow/.local/lib/python3.8/site-packages/airflow/example_dags/example_branch_python_dop_operator_3.py
[2023-09-01T14:51:51.689+0000] {processor.py:839} INFO - DAG(s) dict_keys(['example_branch_dop_operator_v3']) retrieved from /home/airflow/.local/lib/python3.8/site-packages/airflow/example_dags/example_branch_python_dop_operator_3.py
[2023-09-01T14:51:51.714+0000] {logging_mixin.py:151} INFO - [2023-09-01T14:51:51.714+0000] {dag.py:2907} INFO - Sync 1 DAGs
[2023-09-01T14:51:51.742+0000] {logging_mixin.py:151} INFO - [2023-09-01T14:51:51.742+0000] {dag.py:3677} INFO - Setting next_dagrun for example_branch_dop_operator_v3 to 2023-09-01T14:50:00+00:00, run_after=2023-09-01T14:51:00+00:00
[2023-09-01T14:51:51.761+0000] {processor.py:179} INFO - Processing /home/airflow/.local/lib/python3.8/site-packages/airflow/example_dags/example_branch_python_dop_operator_3.py took 0.093 seconds
[2023-09-01T14:52:21.898+0000] {processor.py:157} INFO - Started process (PID=270) to work on /home/airflow/.local/lib/python3.8/site-packages/airflow/example_dags/example_branch_python_dop_operator_3.py
[2023-09-01T14:52:21.900+0000] {processor.py:829} INFO - Processing file /home/airflow/.local/lib/python3.8/site-packages/airflow/example_dags/example_branch_python_dop_operator_3.py for tasks to queue
[2023-09-01T14:52:21.903+0000] {logging_mixin.py:151} INFO - [2023-09-01T14:52:21.903+0000] {dagbag.py:539} INFO - Filling up the DagBag from /home/airflow/.local/lib/python3.8/site-packages/airflow/example_dags/example_branch_python_dop_operator_3.py
[2023-09-01T14:52:21.916+0000] {processor.py:839} INFO - DAG(s) dict_keys(['example_branch_dop_operator_v3']) retrieved from /home/airflow/.local/lib/python3.8/site-packages/airflow/example_dags/example_branch_python_dop_operator_3.py
[2023-09-01T14:52:21.946+0000] {logging_mixin.py:151} INFO - [2023-09-01T14:52:21.946+0000] {dag.py:2907} INFO - Sync 1 DAGs
[2023-09-01T14:52:21.982+0000] {logging_mixin.py:151} INFO - [2023-09-01T14:52:21.982+0000] {dag.py:3677} INFO - Setting next_dagrun for example_branch_dop_operator_v3 to 2023-09-01T14:51:00+00:00, run_after=2023-09-01T14:52:00+00:00
[2023-09-01T14:52:22.007+0000] {processor.py:179} INFO - Processing /home/airflow/.local/lib/python3.8/site-packages/airflow/example_dags/example_branch_python_dop_operator_3.py took 0.113 seconds
[2023-09-01T14:52:52.090+0000] {processor.py:157} INFO - Started process (PID=324) to work on /home/airflow/.local/lib/python3.8/site-packages/airflow/example_dags/example_branch_python_dop_operator_3.py
[2023-09-01T14:52:52.092+0000] {processor.py:829} INFO - Processing file /home/airflow/.local/lib/python3.8/site-packages/airflow/example_dags/example_branch_python_dop_operator_3.py for tasks to queue
[2023-09-01T14:52:52.095+0000] {logging_mixin.py:151} INFO - [2023-09-01T14:52:52.094+0000] {dagbag.py:539} INFO - Filling up the DagBag from /home/airflow/.local/lib/python3.8/site-packages/airflow/example_dags/example_branch_python_dop_operator_3.py
[2023-09-01T14:52:52.105+0000] {processor.py:839} INFO - DAG(s) dict_keys(['example_branch_dop_operator_v3']) retrieved from /home/airflow/.local/lib/python3.8/site-packages/airflow/example_dags/example_branch_python_dop_operator_3.py
[2023-09-01T14:52:52.132+0000] {logging_mixin.py:151} INFO - [2023-09-01T14:52:52.132+0000] {dag.py:2907} INFO - Sync 1 DAGs
[2023-09-01T14:52:52.164+0000] {logging_mixin.py:151} INFO - [2023-09-01T14:52:52.164+0000] {dag.py:3677} INFO - Setting next_dagrun for example_branch_dop_operator_v3 to 2023-09-01T14:51:00+00:00, run_after=2023-09-01T14:52:00+00:00
[2023-09-01T14:52:52.183+0000] {processor.py:179} INFO - Processing /home/airflow/.local/lib/python3.8/site-packages/airflow/example_dags/example_branch_python_dop_operator_3.py took 0.097 seconds
[2023-09-01T14:53:22.390+0000] {processor.py:157} INFO - Started process (PID=378) to work on /home/airflow/.local/lib/python3.8/site-packages/airflow/example_dags/example_branch_python_dop_operator_3.py
[2023-09-01T14:53:22.392+0000] {processor.py:829} INFO - Processing file /home/airflow/.local/lib/python3.8/site-packages/airflow/example_dags/example_branch_python_dop_operator_3.py for tasks to queue
[2023-09-01T14:53:22.396+0000] {logging_mixin.py:151} INFO - [2023-09-01T14:53:22.395+0000] {dagbag.py:539} INFO - Filling up the DagBag from /home/airflow/.local/lib/python3.8/site-packages/airflow/example_dags/example_branch_python_dop_operator_3.py
[2023-09-01T14:53:22.409+0000] {processor.py:839} INFO - DAG(s) dict_keys(['example_branch_dop_operator_v3']) retrieved from /home/airflow/.local/lib/python3.8/site-packages/airflow/example_dags/example_branch_python_dop_operator_3.py
[2023-09-01T14:53:22.438+0000] {logging_mixin.py:151} INFO - [2023-09-01T14:53:22.437+0000] {dag.py:2907} INFO - Sync 1 DAGs
[2023-09-01T14:53:22.469+0000] {logging_mixin.py:151} INFO - [2023-09-01T14:53:22.468+0000] {dag.py:3677} INFO - Setting next_dagrun for example_branch_dop_operator_v3 to 2023-09-01T14:52:00+00:00, run_after=2023-09-01T14:53:00+00:00
[2023-09-01T14:53:22.490+0000] {processor.py:179} INFO - Processing /home/airflow/.local/lib/python3.8/site-packages/airflow/example_dags/example_branch_python_dop_operator_3.py took 0.105 seconds
[2023-09-01T14:53:52.527+0000] {processor.py:157} INFO - Started process (PID=433) to work on /home/airflow/.local/lib/python3.8/site-packages/airflow/example_dags/example_branch_python_dop_operator_3.py
[2023-09-01T14:53:52.529+0000] {processor.py:829} INFO - Processing file /home/airflow/.local/lib/python3.8/site-packages/airflow/example_dags/example_branch_python_dop_operator_3.py for tasks to queue
[2023-09-01T14:53:52.532+0000] {logging_mixin.py:151} INFO - [2023-09-01T14:53:52.532+0000] {dagbag.py:539} INFO - Filling up the DagBag from /home/airflow/.local/lib/python3.8/site-packages/airflow/example_dags/example_branch_python_dop_operator_3.py
[2023-09-01T14:53:52.546+0000] {processor.py:839} INFO - DAG(s) dict_keys(['example_branch_dop_operator_v3']) retrieved from /home/airflow/.local/lib/python3.8/site-packages/airflow/example_dags/example_branch_python_dop_operator_3.py
[2023-09-01T14:53:52.575+0000] {logging_mixin.py:151} INFO - [2023-09-01T14:53:52.574+0000] {dag.py:2907} INFO - Sync 1 DAGs
[2023-09-01T14:53:52.609+0000] {logging_mixin.py:151} INFO - [2023-09-01T14:53:52.609+0000] {dag.py:3677} INFO - Setting next_dagrun for example_branch_dop_operator_v3 to 2023-09-01T14:52:00+00:00, run_after=2023-09-01T14:53:00+00:00
[2023-09-01T14:53:52.633+0000] {processor.py:179} INFO - Processing /home/airflow/.local/lib/python3.8/site-packages/airflow/example_dags/example_branch_python_dop_operator_3.py took 0.111 seconds
[2023-09-01T14:54:22.711+0000] {processor.py:157} INFO - Started process (PID=487) to work on /home/airflow/.local/lib/python3.8/site-packages/airflow/example_dags/example_branch_python_dop_operator_3.py
[2023-09-01T14:54:22.713+0000] {processor.py:829} INFO - Processing file /home/airflow/.local/lib/python3.8/site-packages/airflow/example_dags/example_branch_python_dop_operator_3.py for tasks to queue
[2023-09-01T14:54:22.716+0000] {logging_mixin.py:151} INFO - [2023-09-01T14:54:22.716+0000] {dagbag.py:539} INFO - Filling up the DagBag from /home/airflow/.local/lib/python3.8/site-packages/airflow/example_dags/example_branch_python_dop_operator_3.py
[2023-09-01T14:54:22.729+0000] {processor.py:839} INFO - DAG(s) dict_keys(['example_branch_dop_operator_v3']) retrieved from /home/airflow/.local/lib/python3.8/site-packages/airflow/example_dags/example_branch_python_dop_operator_3.py
[2023-09-01T14:54:22.767+0000] {logging_mixin.py:151} INFO - [2023-09-01T14:54:22.767+0000] {dag.py:2907} INFO - Sync 1 DAGs
[2023-09-01T14:54:22.802+0000] {logging_mixin.py:151} INFO - [2023-09-01T14:54:22.801+0000] {dag.py:3677} INFO - Setting next_dagrun for example_branch_dop_operator_v3 to 2023-09-01T14:53:00+00:00, run_after=2023-09-01T14:54:00+00:00
[2023-09-01T14:54:22.821+0000] {processor.py:179} INFO - Processing /home/airflow/.local/lib/python3.8/site-packages/airflow/example_dags/example_branch_python_dop_operator_3.py took 0.115 seconds
[2023-09-01T14:54:52.972+0000] {processor.py:157} INFO - Started process (PID=541) to work on /home/airflow/.local/lib/python3.8/site-packages/airflow/example_dags/example_branch_python_dop_operator_3.py
[2023-09-01T14:54:52.973+0000] {processor.py:829} INFO - Processing file /home/airflow/.local/lib/python3.8/site-packages/airflow/example_dags/example_branch_python_dop_operator_3.py for tasks to queue
[2023-09-01T14:54:52.977+0000] {logging_mixin.py:151} INFO - [2023-09-01T14:54:52.976+0000] {dagbag.py:539} INFO - Filling up the DagBag from /home/airflow/.local/lib/python3.8/site-packages/airflow/example_dags/example_branch_python_dop_operator_3.py
[2023-09-01T14:54:52.989+0000] {processor.py:839} INFO - DAG(s) dict_keys(['example_branch_dop_operator_v3']) retrieved from /home/airflow/.local/lib/python3.8/site-packages/airflow/example_dags/example_branch_python_dop_operator_3.py
[2023-09-01T14:54:53.018+0000] {logging_mixin.py:151} INFO - [2023-09-01T14:54:53.017+0000] {dag.py:2907} INFO - Sync 1 DAGs
[2023-09-01T14:54:53.048+0000] {logging_mixin.py:151} INFO - [2023-09-01T14:54:53.048+0000] {dag.py:3677} INFO - Setting next_dagrun for example_branch_dop_operator_v3 to 2023-09-01T14:53:00+00:00, run_after=2023-09-01T14:54:00+00:00
[2023-09-01T14:54:53.068+0000] {processor.py:179} INFO - Processing /home/airflow/.local/lib/python3.8/site-packages/airflow/example_dags/example_branch_python_dop_operator_3.py took 0.102 seconds
[2023-09-01T14:55:23.932+0000] {processor.py:157} INFO - Started process (PID=595) to work on /home/airflow/.local/lib/python3.8/site-packages/airflow/example_dags/example_branch_python_dop_operator_3.py
[2023-09-01T14:55:23.934+0000] {processor.py:829} INFO - Processing file /home/airflow/.local/lib/python3.8/site-packages/airflow/example_dags/example_branch_python_dop_operator_3.py for tasks to queue
[2023-09-01T14:55:23.937+0000] {logging_mixin.py:151} INFO - [2023-09-01T14:55:23.937+0000] {dagbag.py:539} INFO - Filling up the DagBag from /home/airflow/.local/lib/python3.8/site-packages/airflow/example_dags/example_branch_python_dop_operator_3.py
[2023-09-01T14:55:23.950+0000] {processor.py:839} INFO - DAG(s) dict_keys(['example_branch_dop_operator_v3']) retrieved from /home/airflow/.local/lib/python3.8/site-packages/airflow/example_dags/example_branch_python_dop_operator_3.py
[2023-09-01T14:55:23.977+0000] {logging_mixin.py:151} INFO - [2023-09-01T14:55:23.977+0000] {dag.py:2907} INFO - Sync 1 DAGs
[2023-09-01T14:55:24.008+0000] {logging_mixin.py:151} INFO - [2023-09-01T14:55:24.008+0000] {dag.py:3677} INFO - Setting next_dagrun for example_branch_dop_operator_v3 to 2023-09-01T14:54:00+00:00, run_after=2023-09-01T14:55:00+00:00
[2023-09-01T14:55:24.027+0000] {processor.py:179} INFO - Processing /home/airflow/.local/lib/python3.8/site-packages/airflow/example_dags/example_branch_python_dop_operator_3.py took 0.100 seconds
[2023-09-01T14:55:54.543+0000] {processor.py:157} INFO - Started process (PID=649) to work on /home/airflow/.local/lib/python3.8/site-packages/airflow/example_dags/example_branch_python_dop_operator_3.py
[2023-09-01T14:55:54.544+0000] {processor.py:829} INFO - Processing file /home/airflow/.local/lib/python3.8/site-packages/airflow/example_dags/example_branch_python_dop_operator_3.py for tasks to queue
[2023-09-01T14:55:54.548+0000] {logging_mixin.py:151} INFO - [2023-09-01T14:55:54.547+0000] {dagbag.py:539} INFO - Filling up the DagBag from /home/airflow/.local/lib/python3.8/site-packages/airflow/example_dags/example_branch_python_dop_operator_3.py
[2023-09-01T14:55:54.560+0000] {processor.py:839} INFO - DAG(s) dict_keys(['example_branch_dop_operator_v3']) retrieved from /home/airflow/.local/lib/python3.8/site-packages/airflow/example_dags/example_branch_python_dop_operator_3.py
[2023-09-01T14:55:54.587+0000] {logging_mixin.py:151} INFO - [2023-09-01T14:55:54.587+0000] {dag.py:2907} INFO - Sync 1 DAGs
[2023-09-01T14:55:54.616+0000] {logging_mixin.py:151} INFO - [2023-09-01T14:55:54.616+0000] {dag.py:3677} INFO - Setting next_dagrun for example_branch_dop_operator_v3 to 2023-09-01T14:54:00+00:00, run_after=2023-09-01T14:55:00+00:00
[2023-09-01T14:55:54.637+0000] {processor.py:179} INFO - Processing /home/airflow/.local/lib/python3.8/site-packages/airflow/example_dags/example_branch_python_dop_operator_3.py took 0.099 seconds
[2023-09-01T14:56:25.359+0000] {processor.py:157} INFO - Started process (PID=703) to work on /home/airflow/.local/lib/python3.8/site-packages/airflow/example_dags/example_branch_python_dop_operator_3.py
[2023-09-01T14:56:25.361+0000] {processor.py:829} INFO - Processing file /home/airflow/.local/lib/python3.8/site-packages/airflow/example_dags/example_branch_python_dop_operator_3.py for tasks to queue
[2023-09-01T14:56:25.364+0000] {logging_mixin.py:151} INFO - [2023-09-01T14:56:25.364+0000] {dagbag.py:539} INFO - Filling up the DagBag from /home/airflow/.local/lib/python3.8/site-packages/airflow/example_dags/example_branch_python_dop_operator_3.py
[2023-09-01T14:56:25.377+0000] {processor.py:839} INFO - DAG(s) dict_keys(['example_branch_dop_operator_v3']) retrieved from /home/airflow/.local/lib/python3.8/site-packages/airflow/example_dags/example_branch_python_dop_operator_3.py
[2023-09-01T14:56:25.404+0000] {logging_mixin.py:151} INFO - [2023-09-01T14:56:25.404+0000] {dag.py:2907} INFO - Sync 1 DAGs
[2023-09-01T14:56:25.433+0000] {logging_mixin.py:151} INFO - [2023-09-01T14:56:25.433+0000] {dag.py:3677} INFO - Setting next_dagrun for example_branch_dop_operator_v3 to 2023-09-01T14:55:00+00:00, run_after=2023-09-01T14:56:00+00:00
[2023-09-01T14:56:25.452+0000] {processor.py:179} INFO - Processing /home/airflow/.local/lib/python3.8/site-packages/airflow/example_dags/example_branch_python_dop_operator_3.py took 0.098 seconds
[2023-09-01T14:56:56.145+0000] {processor.py:157} INFO - Started process (PID=757) to work on /home/airflow/.local/lib/python3.8/site-packages/airflow/example_dags/example_branch_python_dop_operator_3.py
[2023-09-01T14:56:56.146+0000] {processor.py:829} INFO - Processing file /home/airflow/.local/lib/python3.8/site-packages/airflow/example_dags/example_branch_python_dop_operator_3.py for tasks to queue
[2023-09-01T14:56:56.149+0000] {logging_mixin.py:151} INFO - [2023-09-01T14:56:56.149+0000] {dagbag.py:539} INFO - Filling up the DagBag from /home/airflow/.local/lib/python3.8/site-packages/airflow/example_dags/example_branch_python_dop_operator_3.py
[2023-09-01T14:56:56.162+0000] {processor.py:839} INFO - DAG(s) dict_keys(['example_branch_dop_operator_v3']) retrieved from /home/airflow/.local/lib/python3.8/site-packages/airflow/example_dags/example_branch_python_dop_operator_3.py
[2023-09-01T14:56:56.190+0000] {logging_mixin.py:151} INFO - [2023-09-01T14:56:56.190+0000] {dag.py:2907} INFO - Sync 1 DAGs
[2023-09-01T14:56:56.218+0000] {logging_mixin.py:151} INFO - [2023-09-01T14:56:56.218+0000] {dag.py:3677} INFO - Setting next_dagrun for example_branch_dop_operator_v3 to 2023-09-01T14:55:00+00:00, run_after=2023-09-01T14:56:00+00:00
[2023-09-01T14:56:56.237+0000] {processor.py:179} INFO - Processing /home/airflow/.local/lib/python3.8/site-packages/airflow/example_dags/example_branch_python_dop_operator_3.py took 0.097 seconds
[2023-09-01T14:57:26.967+0000] {processor.py:157} INFO - Started process (PID=818) to work on /home/airflow/.local/lib/python3.8/site-packages/airflow/example_dags/example_branch_python_dop_operator_3.py
[2023-09-01T14:57:26.969+0000] {processor.py:829} INFO - Processing file /home/airflow/.local/lib/python3.8/site-packages/airflow/example_dags/example_branch_python_dop_operator_3.py for tasks to queue
[2023-09-01T14:57:26.972+0000] {logging_mixin.py:151} INFO - [2023-09-01T14:57:26.972+0000] {dagbag.py:539} INFO - Filling up the DagBag from /home/airflow/.local/lib/python3.8/site-packages/airflow/example_dags/example_branch_python_dop_operator_3.py
[2023-09-01T14:57:26.985+0000] {processor.py:839} INFO - DAG(s) dict_keys(['example_branch_dop_operator_v3']) retrieved from /home/airflow/.local/lib/python3.8/site-packages/airflow/example_dags/example_branch_python_dop_operator_3.py
[2023-09-01T14:57:27.012+0000] {logging_mixin.py:151} INFO - [2023-09-01T14:57:27.012+0000] {dag.py:2907} INFO - Sync 1 DAGs
[2023-09-01T14:57:27.040+0000] {logging_mixin.py:151} INFO - [2023-09-01T14:57:27.040+0000] {dag.py:3677} INFO - Setting next_dagrun for example_branch_dop_operator_v3 to 2023-09-01T14:56:00+00:00, run_after=2023-09-01T14:57:00+00:00
[2023-09-01T14:57:27.059+0000] {processor.py:179} INFO - Processing /home/airflow/.local/lib/python3.8/site-packages/airflow/example_dags/example_branch_python_dop_operator_3.py took 0.096 seconds
[2023-09-01T14:57:57.711+0000] {processor.py:157} INFO - Started process (PID=872) to work on /home/airflow/.local/lib/python3.8/site-packages/airflow/example_dags/example_branch_python_dop_operator_3.py
[2023-09-01T14:57:57.712+0000] {processor.py:829} INFO - Processing file /home/airflow/.local/lib/python3.8/site-packages/airflow/example_dags/example_branch_python_dop_operator_3.py for tasks to queue
[2023-09-01T14:57:57.715+0000] {logging_mixin.py:151} INFO - [2023-09-01T14:57:57.715+0000] {dagbag.py:539} INFO - Filling up the DagBag from /home/airflow/.local/lib/python3.8/site-packages/airflow/example_dags/example_branch_python_dop_operator_3.py
[2023-09-01T14:57:57.726+0000] {processor.py:839} INFO - DAG(s) dict_keys(['example_branch_dop_operator_v3']) retrieved from /home/airflow/.local/lib/python3.8/site-packages/airflow/example_dags/example_branch_python_dop_operator_3.py
[2023-09-01T14:57:57.749+0000] {logging_mixin.py:151} INFO - [2023-09-01T14:57:57.749+0000] {dag.py:2907} INFO - Sync 1 DAGs
[2023-09-01T14:57:57.777+0000] {logging_mixin.py:151} INFO - [2023-09-01T14:57:57.777+0000] {dag.py:3677} INFO - Setting next_dagrun for example_branch_dop_operator_v3 to 2023-09-01T14:56:00+00:00, run_after=2023-09-01T14:57:00+00:00
[2023-09-01T14:57:57.796+0000] {processor.py:179} INFO - Processing /home/airflow/.local/lib/python3.8/site-packages/airflow/example_dags/example_branch_python_dop_operator_3.py took 0.089 seconds
[2023-09-01T14:58:28.574+0000] {processor.py:157} INFO - Started process (PID=926) to work on /home/airflow/.local/lib/python3.8/site-packages/airflow/example_dags/example_branch_python_dop_operator_3.py
[2023-09-01T14:58:28.575+0000] {processor.py:829} INFO - Processing file /home/airflow/.local/lib/python3.8/site-packages/airflow/example_dags/example_branch_python_dop_operator_3.py for tasks to queue
[2023-09-01T14:58:28.580+0000] {logging_mixin.py:151} INFO - [2023-09-01T14:58:28.579+0000] {dagbag.py:539} INFO - Filling up the DagBag from /home/airflow/.local/lib/python3.8/site-packages/airflow/example_dags/example_branch_python_dop_operator_3.py
[2023-09-01T14:58:28.591+0000] {processor.py:839} INFO - DAG(s) dict_keys(['example_branch_dop_operator_v3']) retrieved from /home/airflow/.local/lib/python3.8/site-packages/airflow/example_dags/example_branch_python_dop_operator_3.py
[2023-09-01T14:58:28.615+0000] {logging_mixin.py:151} INFO - [2023-09-01T14:58:28.615+0000] {dag.py:2907} INFO - Sync 1 DAGs
[2023-09-01T14:58:28.645+0000] {logging_mixin.py:151} INFO - [2023-09-01T14:58:28.645+0000] {dag.py:3677} INFO - Setting next_dagrun for example_branch_dop_operator_v3 to 2023-09-01T14:57:00+00:00, run_after=2023-09-01T14:58:00+00:00
[2023-09-01T14:58:28.665+0000] {processor.py:179} INFO - Processing /home/airflow/.local/lib/python3.8/site-packages/airflow/example_dags/example_branch_python_dop_operator_3.py took 0.096 seconds
[2023-09-01T14:58:59.394+0000] {processor.py:157} INFO - Started process (PID=980) to work on /home/airflow/.local/lib/python3.8/site-packages/airflow/example_dags/example_branch_python_dop_operator_3.py
[2023-09-01T14:58:59.396+0000] {processor.py:829} INFO - Processing file /home/airflow/.local/lib/python3.8/site-packages/airflow/example_dags/example_branch_python_dop_operator_3.py for tasks to queue
[2023-09-01T14:58:59.400+0000] {logging_mixin.py:151} INFO - [2023-09-01T14:58:59.399+0000] {dagbag.py:539} INFO - Filling up the DagBag from /home/airflow/.local/lib/python3.8/site-packages/airflow/example_dags/example_branch_python_dop_operator_3.py
[2023-09-01T14:58:59.413+0000] {processor.py:839} INFO - DAG(s) dict_keys(['example_branch_dop_operator_v3']) retrieved from /home/airflow/.local/lib/python3.8/site-packages/airflow/example_dags/example_branch_python_dop_operator_3.py
[2023-09-01T14:58:59.439+0000] {logging_mixin.py:151} INFO - [2023-09-01T14:58:59.439+0000] {dag.py:2907} INFO - Sync 1 DAGs
[2023-09-01T14:58:59.468+0000] {logging_mixin.py:151} INFO - [2023-09-01T14:58:59.468+0000] {dag.py:3677} INFO - Setting next_dagrun for example_branch_dop_operator_v3 to 2023-09-01T14:57:00+00:00, run_after=2023-09-01T14:58:00+00:00
[2023-09-01T14:58:59.488+0000] {processor.py:179} INFO - Processing /home/airflow/.local/lib/python3.8/site-packages/airflow/example_dags/example_branch_python_dop_operator_3.py took 0.099 seconds
[2023-09-01T14:59:29.883+0000] {processor.py:157} INFO - Started process (PID=1034) to work on /home/airflow/.local/lib/python3.8/site-packages/airflow/example_dags/example_branch_python_dop_operator_3.py
[2023-09-01T14:59:29.884+0000] {processor.py:829} INFO - Processing file /home/airflow/.local/lib/python3.8/site-packages/airflow/example_dags/example_branch_python_dop_operator_3.py for tasks to queue
[2023-09-01T14:59:29.888+0000] {logging_mixin.py:151} INFO - [2023-09-01T14:59:29.887+0000] {dagbag.py:539} INFO - Filling up the DagBag from /home/airflow/.local/lib/python3.8/site-packages/airflow/example_dags/example_branch_python_dop_operator_3.py
[2023-09-01T14:59:29.900+0000] {processor.py:839} INFO - DAG(s) dict_keys(['example_branch_dop_operator_v3']) retrieved from /home/airflow/.local/lib/python3.8/site-packages/airflow/example_dags/example_branch_python_dop_operator_3.py
[2023-09-01T14:59:29.928+0000] {logging_mixin.py:151} INFO - [2023-09-01T14:59:29.928+0000] {dag.py:2907} INFO - Sync 1 DAGs
[2023-09-01T14:59:29.959+0000] {logging_mixin.py:151} INFO - [2023-09-01T14:59:29.959+0000] {dag.py:3677} INFO - Setting next_dagrun for example_branch_dop_operator_v3 to 2023-09-01T14:58:00+00:00, run_after=2023-09-01T14:59:00+00:00
[2023-09-01T14:59:29.979+0000] {processor.py:179} INFO - Processing /home/airflow/.local/lib/python3.8/site-packages/airflow/example_dags/example_branch_python_dop_operator_3.py took 0.101 seconds
[2023-09-01T15:00:00.877+0000] {processor.py:157} INFO - Started process (PID=1088) to work on /home/airflow/.local/lib/python3.8/site-packages/airflow/example_dags/example_branch_python_dop_operator_3.py
[2023-09-01T15:00:00.879+0000] {processor.py:829} INFO - Processing file /home/airflow/.local/lib/python3.8/site-packages/airflow/example_dags/example_branch_python_dop_operator_3.py for tasks to queue
[2023-09-01T15:00:00.882+0000] {logging_mixin.py:151} INFO - [2023-09-01T15:00:00.882+0000] {dagbag.py:539} INFO - Filling up the DagBag from /home/airflow/.local/lib/python3.8/site-packages/airflow/example_dags/example_branch_python_dop_operator_3.py
[2023-09-01T15:00:00.895+0000] {processor.py:839} INFO - DAG(s) dict_keys(['example_branch_dop_operator_v3']) retrieved from /home/airflow/.local/lib/python3.8/site-packages/airflow/example_dags/example_branch_python_dop_operator_3.py
[2023-09-01T15:00:00.921+0000] {logging_mixin.py:151} INFO - [2023-09-01T15:00:00.920+0000] {dag.py:2907} INFO - Sync 1 DAGs
[2023-09-01T15:00:00.950+0000] {logging_mixin.py:151} INFO - [2023-09-01T15:00:00.950+0000] {dag.py:3677} INFO - Setting next_dagrun for example_branch_dop_operator_v3 to 2023-09-01T14:59:00+00:00, run_after=2023-09-01T15:00:00+00:00
[2023-09-01T15:00:00.969+0000] {processor.py:179} INFO - Processing /home/airflow/.local/lib/python3.8/site-packages/airflow/example_dags/example_branch_python_dop_operator_3.py took 0.097 seconds
[2023-09-01T15:00:31.679+0000] {processor.py:157} INFO - Started process (PID=1142) to work on /home/airflow/.local/lib/python3.8/site-packages/airflow/example_dags/example_branch_python_dop_operator_3.py
[2023-09-01T15:00:31.681+0000] {processor.py:829} INFO - Processing file /home/airflow/.local/lib/python3.8/site-packages/airflow/example_dags/example_branch_python_dop_operator_3.py for tasks to queue
[2023-09-01T15:00:31.684+0000] {logging_mixin.py:151} INFO - [2023-09-01T15:00:31.683+0000] {dagbag.py:539} INFO - Filling up the DagBag from /home/airflow/.local/lib/python3.8/site-packages/airflow/example_dags/example_branch_python_dop_operator_3.py
[2023-09-01T15:00:31.695+0000] {processor.py:839} INFO - DAG(s) dict_keys(['example_branch_dop_operator_v3']) retrieved from /home/airflow/.local/lib/python3.8/site-packages/airflow/example_dags/example_branch_python_dop_operator_3.py
[2023-09-01T15:00:31.720+0000] {logging_mixin.py:151} INFO - [2023-09-01T15:00:31.720+0000] {dag.py:2907} INFO - Sync 1 DAGs
[2023-09-01T15:00:31.749+0000] {logging_mixin.py:151} INFO - [2023-09-01T15:00:31.749+0000] {dag.py:3677} INFO - Setting next_dagrun for example_branch_dop_operator_v3 to 2023-09-01T14:59:00+00:00, run_after=2023-09-01T15:00:00+00:00
[2023-09-01T15:00:31.769+0000] {processor.py:179} INFO - Processing /home/airflow/.local/lib/python3.8/site-packages/airflow/example_dags/example_branch_python_dop_operator_3.py took 0.094 seconds
[2023-09-01T15:01:02.305+0000] {processor.py:157} INFO - Started process (PID=1196) to work on /home/airflow/.local/lib/python3.8/site-packages/airflow/example_dags/example_branch_python_dop_operator_3.py
[2023-09-01T15:01:02.306+0000] {processor.py:829} INFO - Processing file /home/airflow/.local/lib/python3.8/site-packages/airflow/example_dags/example_branch_python_dop_operator_3.py for tasks to queue
[2023-09-01T15:01:02.310+0000] {logging_mixin.py:151} INFO - [2023-09-01T15:01:02.309+0000] {dagbag.py:539} INFO - Filling up the DagBag from /home/airflow/.local/lib/python3.8/site-packages/airflow/example_dags/example_branch_python_dop_operator_3.py
[2023-09-01T15:01:02.321+0000] {processor.py:839} INFO - DAG(s) dict_keys(['example_branch_dop_operator_v3']) retrieved from /home/airflow/.local/lib/python3.8/site-packages/airflow/example_dags/example_branch_python_dop_operator_3.py
[2023-09-01T15:01:02.347+0000] {logging_mixin.py:151} INFO - [2023-09-01T15:01:02.347+0000] {dag.py:2907} INFO - Sync 1 DAGs
[2023-09-01T15:01:02.378+0000] {logging_mixin.py:151} INFO - [2023-09-01T15:01:02.378+0000] {dag.py:3677} INFO - Setting next_dagrun for example_branch_dop_operator_v3 to 2023-09-01T15:00:00+00:00, run_after=2023-09-01T15:01:00+00:00
[2023-09-01T15:01:02.398+0000] {processor.py:179} INFO - Processing /home/airflow/.local/lib/python3.8/site-packages/airflow/example_dags/example_branch_python_dop_operator_3.py took 0.098 seconds
[2023-09-01T15:01:33.117+0000] {processor.py:157} INFO - Started process (PID=1250) to work on /home/airflow/.local/lib/python3.8/site-packages/airflow/example_dags/example_branch_python_dop_operator_3.py
[2023-09-01T15:01:33.119+0000] {processor.py:829} INFO - Processing file /home/airflow/.local/lib/python3.8/site-packages/airflow/example_dags/example_branch_python_dop_operator_3.py for tasks to queue
[2023-09-01T15:01:33.122+0000] {logging_mixin.py:151} INFO - [2023-09-01T15:01:33.122+0000] {dagbag.py:539} INFO - Filling up the DagBag from /home/airflow/.local/lib/python3.8/site-packages/airflow/example_dags/example_branch_python_dop_operator_3.py
[2023-09-01T15:01:33.134+0000] {processor.py:839} INFO - DAG(s) dict_keys(['example_branch_dop_operator_v3']) retrieved from /home/airflow/.local/lib/python3.8/site-packages/airflow/example_dags/example_branch_python_dop_operator_3.py
[2023-09-01T15:01:33.160+0000] {logging_mixin.py:151} INFO - [2023-09-01T15:01:33.159+0000] {dag.py:2907} INFO - Sync 1 DAGs
[2023-09-01T15:01:33.191+0000] {logging_mixin.py:151} INFO - [2023-09-01T15:01:33.191+0000] {dag.py:3677} INFO - Setting next_dagrun for example_branch_dop_operator_v3 to 2023-09-01T15:00:00+00:00, run_after=2023-09-01T15:01:00+00:00
[2023-09-01T15:01:33.214+0000] {processor.py:179} INFO - Processing /home/airflow/.local/lib/python3.8/site-packages/airflow/example_dags/example_branch_python_dop_operator_3.py took 0.101 seconds
[2023-09-01T15:02:03.755+0000] {processor.py:157} INFO - Started process (PID=1304) to work on /home/airflow/.local/lib/python3.8/site-packages/airflow/example_dags/example_branch_python_dop_operator_3.py
[2023-09-01T15:02:03.756+0000] {processor.py:829} INFO - Processing file /home/airflow/.local/lib/python3.8/site-packages/airflow/example_dags/example_branch_python_dop_operator_3.py for tasks to queue
[2023-09-01T15:02:03.759+0000] {logging_mixin.py:151} INFO - [2023-09-01T15:02:03.759+0000] {dagbag.py:539} INFO - Filling up the DagBag from /home/airflow/.local/lib/python3.8/site-packages/airflow/example_dags/example_branch_python_dop_operator_3.py
[2023-09-01T15:02:03.772+0000] {processor.py:839} INFO - DAG(s) dict_keys(['example_branch_dop_operator_v3']) retrieved from /home/airflow/.local/lib/python3.8/site-packages/airflow/example_dags/example_branch_python_dop_operator_3.py
[2023-09-01T15:02:03.800+0000] {logging_mixin.py:151} INFO - [2023-09-01T15:02:03.800+0000] {dag.py:2907} INFO - Sync 1 DAGs
[2023-09-01T15:02:03.840+0000] {logging_mixin.py:151} INFO - [2023-09-01T15:02:03.840+0000] {dag.py:3677} INFO - Setting next_dagrun for example_branch_dop_operator_v3 to 2023-09-01T15:01:00+00:00, run_after=2023-09-01T15:02:00+00:00
[2023-09-01T15:02:03.875+0000] {processor.py:179} INFO - Processing /home/airflow/.local/lib/python3.8/site-packages/airflow/example_dags/example_branch_python_dop_operator_3.py took 0.125 seconds
[2023-09-01T15:02:34.011+0000] {processor.py:157} INFO - Started process (PID=1358) to work on /home/airflow/.local/lib/python3.8/site-packages/airflow/example_dags/example_branch_python_dop_operator_3.py
[2023-09-01T15:02:34.013+0000] {processor.py:829} INFO - Processing file /home/airflow/.local/lib/python3.8/site-packages/airflow/example_dags/example_branch_python_dop_operator_3.py for tasks to queue
[2023-09-01T15:02:34.017+0000] {logging_mixin.py:151} INFO - [2023-09-01T15:02:34.017+0000] {dagbag.py:539} INFO - Filling up the DagBag from /home/airflow/.local/lib/python3.8/site-packages/airflow/example_dags/example_branch_python_dop_operator_3.py
[2023-09-01T15:02:34.033+0000] {processor.py:839} INFO - DAG(s) dict_keys(['example_branch_dop_operator_v3']) retrieved from /home/airflow/.local/lib/python3.8/site-packages/airflow/example_dags/example_branch_python_dop_operator_3.py
[2023-09-01T15:02:34.065+0000] {logging_mixin.py:151} INFO - [2023-09-01T15:02:34.065+0000] {dag.py:2907} INFO - Sync 1 DAGs
[2023-09-01T15:02:34.106+0000] {logging_mixin.py:151} INFO - [2023-09-01T15:02:34.106+0000] {dag.py:3677} INFO - Setting next_dagrun for example_branch_dop_operator_v3 to 2023-09-01T15:01:00+00:00, run_after=2023-09-01T15:02:00+00:00
[2023-09-01T15:02:34.143+0000] {processor.py:179} INFO - Processing /home/airflow/.local/lib/python3.8/site-packages/airflow/example_dags/example_branch_python_dop_operator_3.py took 0.137 seconds
[2023-09-01T15:03:04.186+0000] {processor.py:157} INFO - Started process (PID=1412) to work on /home/airflow/.local/lib/python3.8/site-packages/airflow/example_dags/example_branch_python_dop_operator_3.py
[2023-09-01T15:03:04.187+0000] {processor.py:829} INFO - Processing file /home/airflow/.local/lib/python3.8/site-packages/airflow/example_dags/example_branch_python_dop_operator_3.py for tasks to queue
[2023-09-01T15:03:04.191+0000] {logging_mixin.py:151} INFO - [2023-09-01T15:03:04.191+0000] {dagbag.py:539} INFO - Filling up the DagBag from /home/airflow/.local/lib/python3.8/site-packages/airflow/example_dags/example_branch_python_dop_operator_3.py
[2023-09-01T15:03:04.206+0000] {processor.py:839} INFO - DAG(s) dict_keys(['example_branch_dop_operator_v3']) retrieved from /home/airflow/.local/lib/python3.8/site-packages/airflow/example_dags/example_branch_python_dop_operator_3.py
[2023-09-01T15:03:04.240+0000] {logging_mixin.py:151} INFO - [2023-09-01T15:03:04.239+0000] {dag.py:2907} INFO - Sync 1 DAGs
[2023-09-01T15:03:04.280+0000] {logging_mixin.py:151} INFO - [2023-09-01T15:03:04.280+0000] {dag.py:3677} INFO - Setting next_dagrun for example_branch_dop_operator_v3 to 2023-09-01T15:02:00+00:00, run_after=2023-09-01T15:03:00+00:00
[2023-09-01T15:03:04.313+0000] {processor.py:179} INFO - Processing /home/airflow/.local/lib/python3.8/site-packages/airflow/example_dags/example_branch_python_dop_operator_3.py took 0.133 seconds
[2023-09-01T15:03:34.630+0000] {processor.py:157} INFO - Started process (PID=1466) to work on /home/airflow/.local/lib/python3.8/site-packages/airflow/example_dags/example_branch_python_dop_operator_3.py
[2023-09-01T15:03:34.632+0000] {processor.py:829} INFO - Processing file /home/airflow/.local/lib/python3.8/site-packages/airflow/example_dags/example_branch_python_dop_operator_3.py for tasks to queue
[2023-09-01T15:03:34.635+0000] {logging_mixin.py:151} INFO - [2023-09-01T15:03:34.635+0000] {dagbag.py:539} INFO - Filling up the DagBag from /home/airflow/.local/lib/python3.8/site-packages/airflow/example_dags/example_branch_python_dop_operator_3.py
[2023-09-01T15:03:34.648+0000] {processor.py:839} INFO - DAG(s) dict_keys(['example_branch_dop_operator_v3']) retrieved from /home/airflow/.local/lib/python3.8/site-packages/airflow/example_dags/example_branch_python_dop_operator_3.py
[2023-09-01T15:03:34.678+0000] {logging_mixin.py:151} INFO - [2023-09-01T15:03:34.678+0000] {dag.py:2907} INFO - Sync 1 DAGs
[2023-09-01T15:03:34.714+0000] {logging_mixin.py:151} INFO - [2023-09-01T15:03:34.713+0000] {dag.py:3677} INFO - Setting next_dagrun for example_branch_dop_operator_v3 to 2023-09-01T15:02:00+00:00, run_after=2023-09-01T15:03:00+00:00
[2023-09-01T15:03:34.737+0000] {processor.py:179} INFO - Processing /home/airflow/.local/lib/python3.8/site-packages/airflow/example_dags/example_branch_python_dop_operator_3.py took 0.112 seconds
[2023-09-01T15:04:04.836+0000] {processor.py:157} INFO - Started process (PID=1520) to work on /home/airflow/.local/lib/python3.8/site-packages/airflow/example_dags/example_branch_python_dop_operator_3.py
[2023-09-01T15:04:04.837+0000] {processor.py:829} INFO - Processing file /home/airflow/.local/lib/python3.8/site-packages/airflow/example_dags/example_branch_python_dop_operator_3.py for tasks to queue
[2023-09-01T15:04:04.841+0000] {logging_mixin.py:151} INFO - [2023-09-01T15:04:04.841+0000] {dagbag.py:539} INFO - Filling up the DagBag from /home/airflow/.local/lib/python3.8/site-packages/airflow/example_dags/example_branch_python_dop_operator_3.py
[2023-09-01T15:04:04.854+0000] {processor.py:839} INFO - DAG(s) dict_keys(['example_branch_dop_operator_v3']) retrieved from /home/airflow/.local/lib/python3.8/site-packages/airflow/example_dags/example_branch_python_dop_operator_3.py
[2023-09-01T15:04:04.881+0000] {logging_mixin.py:151} INFO - [2023-09-01T15:04:04.881+0000] {dag.py:2907} INFO - Sync 1 DAGs
[2023-09-01T15:04:04.910+0000] {logging_mixin.py:151} INFO - [2023-09-01T15:04:04.910+0000] {dag.py:3677} INFO - Setting next_dagrun for example_branch_dop_operator_v3 to 2023-09-01T15:03:00+00:00, run_after=2023-09-01T15:04:00+00:00
[2023-09-01T15:04:04.933+0000] {processor.py:179} INFO - Processing /home/airflow/.local/lib/python3.8/site-packages/airflow/example_dags/example_branch_python_dop_operator_3.py took 0.101 seconds
[2023-09-01T15:04:35.146+0000] {processor.py:157} INFO - Started process (PID=1574) to work on /home/airflow/.local/lib/python3.8/site-packages/airflow/example_dags/example_branch_python_dop_operator_3.py
[2023-09-01T15:04:35.147+0000] {processor.py:829} INFO - Processing file /home/airflow/.local/lib/python3.8/site-packages/airflow/example_dags/example_branch_python_dop_operator_3.py for tasks to queue
[2023-09-01T15:04:35.151+0000] {logging_mixin.py:151} INFO - [2023-09-01T15:04:35.150+0000] {dagbag.py:539} INFO - Filling up the DagBag from /home/airflow/.local/lib/python3.8/site-packages/airflow/example_dags/example_branch_python_dop_operator_3.py
[2023-09-01T15:04:35.168+0000] {processor.py:839} INFO - DAG(s) dict_keys(['example_branch_dop_operator_v3']) retrieved from /home/airflow/.local/lib/python3.8/site-packages/airflow/example_dags/example_branch_python_dop_operator_3.py
[2023-09-01T15:04:35.197+0000] {logging_mixin.py:151} INFO - [2023-09-01T15:04:35.196+0000] {dag.py:2907} INFO - Sync 1 DAGs
[2023-09-01T15:04:35.225+0000] {logging_mixin.py:151} INFO - [2023-09-01T15:04:35.225+0000] {dag.py:3677} INFO - Setting next_dagrun for example_branch_dop_operator_v3 to 2023-09-01T15:03:00+00:00, run_after=2023-09-01T15:04:00+00:00
[2023-09-01T15:04:35.244+0000] {processor.py:179} INFO - Processing /home/airflow/.local/lib/python3.8/site-packages/airflow/example_dags/example_branch_python_dop_operator_3.py took 0.104 seconds
[2023-09-01T15:05:05.294+0000] {processor.py:157} INFO - Started process (PID=1629) to work on /home/airflow/.local/lib/python3.8/site-packages/airflow/example_dags/example_branch_python_dop_operator_3.py
[2023-09-01T15:05:05.296+0000] {processor.py:829} INFO - Processing file /home/airflow/.local/lib/python3.8/site-packages/airflow/example_dags/example_branch_python_dop_operator_3.py for tasks to queue
[2023-09-01T15:05:05.300+0000] {logging_mixin.py:151} INFO - [2023-09-01T15:05:05.299+0000] {dagbag.py:539} INFO - Filling up the DagBag from /home/airflow/.local/lib/python3.8/site-packages/airflow/example_dags/example_branch_python_dop_operator_3.py
[2023-09-01T15:05:05.313+0000] {processor.py:839} INFO - DAG(s) dict_keys(['example_branch_dop_operator_v3']) retrieved from /home/airflow/.local/lib/python3.8/site-packages/airflow/example_dags/example_branch_python_dop_operator_3.py
[2023-09-01T15:05:05.341+0000] {logging_mixin.py:151} INFO - [2023-09-01T15:05:05.341+0000] {dag.py:2907} INFO - Sync 1 DAGs
[2023-09-01T15:05:05.381+0000] {logging_mixin.py:151} INFO - [2023-09-01T15:05:05.381+0000] {dag.py:3677} INFO - Setting next_dagrun for example_branch_dop_operator_v3 to 2023-09-01T15:04:00+00:00, run_after=2023-09-01T15:05:00+00:00
[2023-09-01T15:05:05.403+0000] {processor.py:179} INFO - Processing /home/airflow/.local/lib/python3.8/site-packages/airflow/example_dags/example_branch_python_dop_operator_3.py took 0.113 seconds
[2023-09-01T15:05:35.611+0000] {processor.py:157} INFO - Started process (PID=1683) to work on /home/airflow/.local/lib/python3.8/site-packages/airflow/example_dags/example_branch_python_dop_operator_3.py
[2023-09-01T15:05:35.612+0000] {processor.py:829} INFO - Processing file /home/airflow/.local/lib/python3.8/site-packages/airflow/example_dags/example_branch_python_dop_operator_3.py for tasks to queue
[2023-09-01T15:05:35.615+0000] {logging_mixin.py:151} INFO - [2023-09-01T15:05:35.615+0000] {dagbag.py:539} INFO - Filling up the DagBag from /home/airflow/.local/lib/python3.8/site-packages/airflow/example_dags/example_branch_python_dop_operator_3.py
[2023-09-01T15:05:35.628+0000] {processor.py:839} INFO - DAG(s) dict_keys(['example_branch_dop_operator_v3']) retrieved from /home/airflow/.local/lib/python3.8/site-packages/airflow/example_dags/example_branch_python_dop_operator_3.py
[2023-09-01T15:05:35.656+0000] {logging_mixin.py:151} INFO - [2023-09-01T15:05:35.656+0000] {dag.py:2907} INFO - Sync 1 DAGs
[2023-09-01T15:05:35.688+0000] {logging_mixin.py:151} INFO - [2023-09-01T15:05:35.687+0000] {dag.py:3677} INFO - Setting next_dagrun for example_branch_dop_operator_v3 to 2023-09-01T15:04:00+00:00, run_after=2023-09-01T15:05:00+00:00
[2023-09-01T15:05:35.706+0000] {processor.py:179} INFO - Processing /home/airflow/.local/lib/python3.8/site-packages/airflow/example_dags/example_branch_python_dop_operator_3.py took 0.101 seconds
[2023-09-01T15:06:05.828+0000] {processor.py:157} INFO - Started process (PID=1737) to work on /home/airflow/.local/lib/python3.8/site-packages/airflow/example_dags/example_branch_python_dop_operator_3.py
[2023-09-01T15:06:05.829+0000] {processor.py:829} INFO - Processing file /home/airflow/.local/lib/python3.8/site-packages/airflow/example_dags/example_branch_python_dop_operator_3.py for tasks to queue
[2023-09-01T15:06:05.833+0000] {logging_mixin.py:151} INFO - [2023-09-01T15:06:05.833+0000] {dagbag.py:539} INFO - Filling up the DagBag from /home/airflow/.local/lib/python3.8/site-packages/airflow/example_dags/example_branch_python_dop_operator_3.py
[2023-09-01T15:06:05.847+0000] {processor.py:839} INFO - DAG(s) dict_keys(['example_branch_dop_operator_v3']) retrieved from /home/airflow/.local/lib/python3.8/site-packages/airflow/example_dags/example_branch_python_dop_operator_3.py
[2023-09-01T15:06:05.876+0000] {logging_mixin.py:151} INFO - [2023-09-01T15:06:05.876+0000] {dag.py:2907} INFO - Sync 1 DAGs
[2023-09-01T15:06:05.915+0000] {logging_mixin.py:151} INFO - [2023-09-01T15:06:05.915+0000] {dag.py:3677} INFO - Setting next_dagrun for example_branch_dop_operator_v3 to 2023-09-01T15:05:00+00:00, run_after=2023-09-01T15:06:00+00:00
[2023-09-01T15:06:05.942+0000] {processor.py:179} INFO - Processing /home/airflow/.local/lib/python3.8/site-packages/airflow/example_dags/example_branch_python_dop_operator_3.py took 0.119 seconds
[2023-09-01T15:06:36.057+0000] {processor.py:157} INFO - Started process (PID=1791) to work on /home/airflow/.local/lib/python3.8/site-packages/airflow/example_dags/example_branch_python_dop_operator_3.py
[2023-09-01T15:06:36.059+0000] {processor.py:829} INFO - Processing file /home/airflow/.local/lib/python3.8/site-packages/airflow/example_dags/example_branch_python_dop_operator_3.py for tasks to queue
[2023-09-01T15:06:36.062+0000] {logging_mixin.py:151} INFO - [2023-09-01T15:06:36.062+0000] {dagbag.py:539} INFO - Filling up the DagBag from /home/airflow/.local/lib/python3.8/site-packages/airflow/example_dags/example_branch_python_dop_operator_3.py
[2023-09-01T15:06:36.075+0000] {processor.py:839} INFO - DAG(s) dict_keys(['example_branch_dop_operator_v3']) retrieved from /home/airflow/.local/lib/python3.8/site-packages/airflow/example_dags/example_branch_python_dop_operator_3.py
[2023-09-01T15:06:36.107+0000] {logging_mixin.py:151} INFO - [2023-09-01T15:06:36.107+0000] {dag.py:2907} INFO - Sync 1 DAGs
[2023-09-01T15:06:36.138+0000] {logging_mixin.py:151} INFO - [2023-09-01T15:06:36.138+0000] {dag.py:3677} INFO - Setting next_dagrun for example_branch_dop_operator_v3 to 2023-09-01T15:05:00+00:00, run_after=2023-09-01T15:06:00+00:00
[2023-09-01T15:06:36.159+0000] {processor.py:179} INFO - Processing /home/airflow/.local/lib/python3.8/site-packages/airflow/example_dags/example_branch_python_dop_operator_3.py took 0.107 seconds
[2023-09-01T15:07:06.201+0000] {processor.py:157} INFO - Started process (PID=1845) to work on /home/airflow/.local/lib/python3.8/site-packages/airflow/example_dags/example_branch_python_dop_operator_3.py
[2023-09-01T15:07:06.202+0000] {processor.py:829} INFO - Processing file /home/airflow/.local/lib/python3.8/site-packages/airflow/example_dags/example_branch_python_dop_operator_3.py for tasks to queue
[2023-09-01T15:07:06.205+0000] {logging_mixin.py:151} INFO - [2023-09-01T15:07:06.205+0000] {dagbag.py:539} INFO - Filling up the DagBag from /home/airflow/.local/lib/python3.8/site-packages/airflow/example_dags/example_branch_python_dop_operator_3.py
[2023-09-01T15:07:06.216+0000] {processor.py:839} INFO - DAG(s) dict_keys(['example_branch_dop_operator_v3']) retrieved from /home/airflow/.local/lib/python3.8/site-packages/airflow/example_dags/example_branch_python_dop_operator_3.py
[2023-09-01T15:07:06.244+0000] {logging_mixin.py:151} INFO - [2023-09-01T15:07:06.243+0000] {dag.py:2907} INFO - Sync 1 DAGs
[2023-09-01T15:07:06.279+0000] {logging_mixin.py:151} INFO - [2023-09-01T15:07:06.279+0000] {dag.py:3677} INFO - Setting next_dagrun for example_branch_dop_operator_v3 to 2023-09-01T15:06:00+00:00, run_after=2023-09-01T15:07:00+00:00
[2023-09-01T15:07:06.297+0000] {processor.py:179} INFO - Processing /home/airflow/.local/lib/python3.8/site-packages/airflow/example_dags/example_branch_python_dop_operator_3.py took 0.101 seconds
[2023-09-01T15:07:36.418+0000] {processor.py:157} INFO - Started process (PID=1900) to work on /home/airflow/.local/lib/python3.8/site-packages/airflow/example_dags/example_branch_python_dop_operator_3.py
[2023-09-01T15:07:36.420+0000] {processor.py:829} INFO - Processing file /home/airflow/.local/lib/python3.8/site-packages/airflow/example_dags/example_branch_python_dop_operator_3.py for tasks to queue
[2023-09-01T15:07:36.423+0000] {logging_mixin.py:151} INFO - [2023-09-01T15:07:36.422+0000] {dagbag.py:539} INFO - Filling up the DagBag from /home/airflow/.local/lib/python3.8/site-packages/airflow/example_dags/example_branch_python_dop_operator_3.py
[2023-09-01T15:07:36.434+0000] {processor.py:839} INFO - DAG(s) dict_keys(['example_branch_dop_operator_v3']) retrieved from /home/airflow/.local/lib/python3.8/site-packages/airflow/example_dags/example_branch_python_dop_operator_3.py
[2023-09-01T15:07:36.459+0000] {logging_mixin.py:151} INFO - [2023-09-01T15:07:36.458+0000] {dag.py:2907} INFO - Sync 1 DAGs
[2023-09-01T15:07:36.487+0000] {logging_mixin.py:151} INFO - [2023-09-01T15:07:36.487+0000] {dag.py:3677} INFO - Setting next_dagrun for example_branch_dop_operator_v3 to 2023-09-01T15:06:00+00:00, run_after=2023-09-01T15:07:00+00:00
[2023-09-01T15:07:36.508+0000] {processor.py:179} INFO - Processing /home/airflow/.local/lib/python3.8/site-packages/airflow/example_dags/example_branch_python_dop_operator_3.py took 0.094 seconds
[2023-09-01T15:08:06.743+0000] {processor.py:157} INFO - Started process (PID=1953) to work on /home/airflow/.local/lib/python3.8/site-packages/airflow/example_dags/example_branch_python_dop_operator_3.py
[2023-09-01T15:08:06.745+0000] {processor.py:829} INFO - Processing file /home/airflow/.local/lib/python3.8/site-packages/airflow/example_dags/example_branch_python_dop_operator_3.py for tasks to queue
[2023-09-01T15:08:06.748+0000] {logging_mixin.py:151} INFO - [2023-09-01T15:08:06.748+0000] {dagbag.py:539} INFO - Filling up the DagBag from /home/airflow/.local/lib/python3.8/site-packages/airflow/example_dags/example_branch_python_dop_operator_3.py
[2023-09-01T15:08:06.761+0000] {processor.py:839} INFO - DAG(s) dict_keys(['example_branch_dop_operator_v3']) retrieved from /home/airflow/.local/lib/python3.8/site-packages/airflow/example_dags/example_branch_python_dop_operator_3.py
[2023-09-01T15:08:06.790+0000] {logging_mixin.py:151} INFO - [2023-09-01T15:08:06.790+0000] {dag.py:2907} INFO - Sync 1 DAGs
[2023-09-01T15:08:06.826+0000] {logging_mixin.py:151} INFO - [2023-09-01T15:08:06.826+0000] {dag.py:3677} INFO - Setting next_dagrun for example_branch_dop_operator_v3 to 2023-09-01T15:07:00+00:00, run_after=2023-09-01T15:08:00+00:00
[2023-09-01T15:08:06.846+0000] {processor.py:179} INFO - Processing /home/airflow/.local/lib/python3.8/site-packages/airflow/example_dags/example_branch_python_dop_operator_3.py took 0.109 seconds
[2023-09-01T15:08:37.100+0000] {processor.py:157} INFO - Started process (PID=2007) to work on /home/airflow/.local/lib/python3.8/site-packages/airflow/example_dags/example_branch_python_dop_operator_3.py
[2023-09-01T15:08:37.102+0000] {processor.py:829} INFO - Processing file /home/airflow/.local/lib/python3.8/site-packages/airflow/example_dags/example_branch_python_dop_operator_3.py for tasks to queue
[2023-09-01T15:08:37.105+0000] {logging_mixin.py:151} INFO - [2023-09-01T15:08:37.105+0000] {dagbag.py:539} INFO - Filling up the DagBag from /home/airflow/.local/lib/python3.8/site-packages/airflow/example_dags/example_branch_python_dop_operator_3.py
[2023-09-01T15:08:37.119+0000] {processor.py:839} INFO - DAG(s) dict_keys(['example_branch_dop_operator_v3']) retrieved from /home/airflow/.local/lib/python3.8/site-packages/airflow/example_dags/example_branch_python_dop_operator_3.py
[2023-09-01T15:08:37.151+0000] {logging_mixin.py:151} INFO - [2023-09-01T15:08:37.150+0000] {dag.py:2907} INFO - Sync 1 DAGs
[2023-09-01T15:08:37.183+0000] {logging_mixin.py:151} INFO - [2023-09-01T15:08:37.182+0000] {dag.py:3677} INFO - Setting next_dagrun for example_branch_dop_operator_v3 to 2023-09-01T15:07:00+00:00, run_after=2023-09-01T15:08:00+00:00
[2023-09-01T15:08:37.202+0000] {processor.py:179} INFO - Processing /home/airflow/.local/lib/python3.8/site-packages/airflow/example_dags/example_branch_python_dop_operator_3.py took 0.107 seconds
[2023-09-01T15:09:07.469+0000] {processor.py:157} INFO - Started process (PID=2061) to work on /home/airflow/.local/lib/python3.8/site-packages/airflow/example_dags/example_branch_python_dop_operator_3.py
[2023-09-01T15:09:07.471+0000] {processor.py:829} INFO - Processing file /home/airflow/.local/lib/python3.8/site-packages/airflow/example_dags/example_branch_python_dop_operator_3.py for tasks to queue
[2023-09-01T15:09:07.474+0000] {logging_mixin.py:151} INFO - [2023-09-01T15:09:07.474+0000] {dagbag.py:539} INFO - Filling up the DagBag from /home/airflow/.local/lib/python3.8/site-packages/airflow/example_dags/example_branch_python_dop_operator_3.py
[2023-09-01T15:09:07.486+0000] {processor.py:839} INFO - DAG(s) dict_keys(['example_branch_dop_operator_v3']) retrieved from /home/airflow/.local/lib/python3.8/site-packages/airflow/example_dags/example_branch_python_dop_operator_3.py
[2023-09-01T15:09:07.513+0000] {logging_mixin.py:151} INFO - [2023-09-01T15:09:07.513+0000] {dag.py:2907} INFO - Sync 1 DAGs
[2023-09-01T15:09:07.542+0000] {logging_mixin.py:151} INFO - [2023-09-01T15:09:07.542+0000] {dag.py:3677} INFO - Setting next_dagrun for example_branch_dop_operator_v3 to 2023-09-01T15:08:00+00:00, run_after=2023-09-01T15:09:00+00:00
[2023-09-01T15:09:07.561+0000] {processor.py:179} INFO - Processing /home/airflow/.local/lib/python3.8/site-packages/airflow/example_dags/example_branch_python_dop_operator_3.py took 0.097 seconds
[2023-09-01T15:09:38.494+0000] {processor.py:157} INFO - Started process (PID=2115) to work on /home/airflow/.local/lib/python3.8/site-packages/airflow/example_dags/example_branch_python_dop_operator_3.py
[2023-09-01T15:09:38.515+0000] {processor.py:829} INFO - Processing file /home/airflow/.local/lib/python3.8/site-packages/airflow/example_dags/example_branch_python_dop_operator_3.py for tasks to queue
[2023-09-01T15:09:38.519+0000] {logging_mixin.py:151} INFO - [2023-09-01T15:09:38.518+0000] {dagbag.py:539} INFO - Filling up the DagBag from /home/airflow/.local/lib/python3.8/site-packages/airflow/example_dags/example_branch_python_dop_operator_3.py
[2023-09-01T15:09:38.532+0000] {processor.py:839} INFO - DAG(s) dict_keys(['example_branch_dop_operator_v3']) retrieved from /home/airflow/.local/lib/python3.8/site-packages/airflow/example_dags/example_branch_python_dop_operator_3.py
[2023-09-01T15:09:38.561+0000] {logging_mixin.py:151} INFO - [2023-09-01T15:09:38.561+0000] {dag.py:2907} INFO - Sync 1 DAGs
[2023-09-01T15:09:38.597+0000] {logging_mixin.py:151} INFO - [2023-09-01T15:09:38.597+0000] {dag.py:3677} INFO - Setting next_dagrun for example_branch_dop_operator_v3 to 2023-09-01T15:08:00+00:00, run_after=2023-09-01T15:09:00+00:00
[2023-09-01T15:09:38.620+0000] {processor.py:179} INFO - Processing /home/airflow/.local/lib/python3.8/site-packages/airflow/example_dags/example_branch_python_dop_operator_3.py took 0.131 seconds
[2023-09-01T15:10:08.942+0000] {processor.py:157} INFO - Started process (PID=2169) to work on /home/airflow/.local/lib/python3.8/site-packages/airflow/example_dags/example_branch_python_dop_operator_3.py
[2023-09-01T15:10:08.944+0000] {processor.py:829} INFO - Processing file /home/airflow/.local/lib/python3.8/site-packages/airflow/example_dags/example_branch_python_dop_operator_3.py for tasks to queue
[2023-09-01T15:10:08.948+0000] {logging_mixin.py:151} INFO - [2023-09-01T15:10:08.947+0000] {dagbag.py:539} INFO - Filling up the DagBag from /home/airflow/.local/lib/python3.8/site-packages/airflow/example_dags/example_branch_python_dop_operator_3.py
[2023-09-01T15:10:08.960+0000] {processor.py:839} INFO - DAG(s) dict_keys(['example_branch_dop_operator_v3']) retrieved from /home/airflow/.local/lib/python3.8/site-packages/airflow/example_dags/example_branch_python_dop_operator_3.py
[2023-09-01T15:10:08.989+0000] {logging_mixin.py:151} INFO - [2023-09-01T15:10:08.989+0000] {dag.py:2907} INFO - Sync 1 DAGs
[2023-09-01T15:10:09.023+0000] {logging_mixin.py:151} INFO - [2023-09-01T15:10:09.023+0000] {dag.py:3677} INFO - Setting next_dagrun for example_branch_dop_operator_v3 to 2023-09-01T15:09:00+00:00, run_after=2023-09-01T15:10:00+00:00
[2023-09-01T15:10:09.047+0000] {processor.py:179} INFO - Processing /home/airflow/.local/lib/python3.8/site-packages/airflow/example_dags/example_branch_python_dop_operator_3.py took 0.110 seconds
[2023-09-01T15:10:39.395+0000] {processor.py:157} INFO - Started process (PID=2223) to work on /home/airflow/.local/lib/python3.8/site-packages/airflow/example_dags/example_branch_python_dop_operator_3.py
[2023-09-01T15:10:39.397+0000] {processor.py:829} INFO - Processing file /home/airflow/.local/lib/python3.8/site-packages/airflow/example_dags/example_branch_python_dop_operator_3.py for tasks to queue
[2023-09-01T15:10:39.400+0000] {logging_mixin.py:151} INFO - [2023-09-01T15:10:39.399+0000] {dagbag.py:539} INFO - Filling up the DagBag from /home/airflow/.local/lib/python3.8/site-packages/airflow/example_dags/example_branch_python_dop_operator_3.py
[2023-09-01T15:10:39.411+0000] {processor.py:839} INFO - DAG(s) dict_keys(['example_branch_dop_operator_v3']) retrieved from /home/airflow/.local/lib/python3.8/site-packages/airflow/example_dags/example_branch_python_dop_operator_3.py
[2023-09-01T15:10:39.436+0000] {logging_mixin.py:151} INFO - [2023-09-01T15:10:39.436+0000] {dag.py:2907} INFO - Sync 1 DAGs
[2023-09-01T15:10:39.468+0000] {logging_mixin.py:151} INFO - [2023-09-01T15:10:39.468+0000] {dag.py:3677} INFO - Setting next_dagrun for example_branch_dop_operator_v3 to 2023-09-01T15:09:00+00:00, run_after=2023-09-01T15:10:00+00:00
[2023-09-01T15:10:39.490+0000] {processor.py:179} INFO - Processing /home/airflow/.local/lib/python3.8/site-packages/airflow/example_dags/example_branch_python_dop_operator_3.py took 0.099 seconds
[2023-09-01T15:11:09.737+0000] {processor.py:157} INFO - Started process (PID=2277) to work on /home/airflow/.local/lib/python3.8/site-packages/airflow/example_dags/example_branch_python_dop_operator_3.py
[2023-09-01T15:11:09.739+0000] {processor.py:829} INFO - Processing file /home/airflow/.local/lib/python3.8/site-packages/airflow/example_dags/example_branch_python_dop_operator_3.py for tasks to queue
[2023-09-01T15:11:09.746+0000] {logging_mixin.py:151} INFO - [2023-09-01T15:11:09.745+0000] {dagbag.py:539} INFO - Filling up the DagBag from /home/airflow/.local/lib/python3.8/site-packages/airflow/example_dags/example_branch_python_dop_operator_3.py
[2023-09-01T15:11:09.767+0000] {processor.py:839} INFO - DAG(s) dict_keys(['example_branch_dop_operator_v3']) retrieved from /home/airflow/.local/lib/python3.8/site-packages/airflow/example_dags/example_branch_python_dop_operator_3.py
[2023-09-01T15:11:09.803+0000] {logging_mixin.py:151} INFO - [2023-09-01T15:11:09.802+0000] {dag.py:2907} INFO - Sync 1 DAGs
[2023-09-01T15:11:09.847+0000] {logging_mixin.py:151} INFO - [2023-09-01T15:11:09.846+0000] {dag.py:3677} INFO - Setting next_dagrun for example_branch_dop_operator_v3 to 2023-09-01T15:10:00+00:00, run_after=2023-09-01T15:11:00+00:00
[2023-09-01T15:11:09.872+0000] {processor.py:179} INFO - Processing /home/airflow/.local/lib/python3.8/site-packages/airflow/example_dags/example_branch_python_dop_operator_3.py took 0.143 seconds
[2023-09-01T15:11:40.055+0000] {processor.py:157} INFO - Started process (PID=2331) to work on /home/airflow/.local/lib/python3.8/site-packages/airflow/example_dags/example_branch_python_dop_operator_3.py
[2023-09-01T15:11:40.057+0000] {processor.py:829} INFO - Processing file /home/airflow/.local/lib/python3.8/site-packages/airflow/example_dags/example_branch_python_dop_operator_3.py for tasks to queue
[2023-09-01T15:11:40.060+0000] {logging_mixin.py:151} INFO - [2023-09-01T15:11:40.060+0000] {dagbag.py:539} INFO - Filling up the DagBag from /home/airflow/.local/lib/python3.8/site-packages/airflow/example_dags/example_branch_python_dop_operator_3.py
[2023-09-01T15:11:40.072+0000] {processor.py:839} INFO - DAG(s) dict_keys(['example_branch_dop_operator_v3']) retrieved from /home/airflow/.local/lib/python3.8/site-packages/airflow/example_dags/example_branch_python_dop_operator_3.py
[2023-09-01T15:11:40.097+0000] {logging_mixin.py:151} INFO - [2023-09-01T15:11:40.097+0000] {dag.py:2907} INFO - Sync 1 DAGs
[2023-09-01T15:11:40.126+0000] {logging_mixin.py:151} INFO - [2023-09-01T15:11:40.126+0000] {dag.py:3677} INFO - Setting next_dagrun for example_branch_dop_operator_v3 to 2023-09-01T15:10:00+00:00, run_after=2023-09-01T15:11:00+00:00
[2023-09-01T15:11:40.146+0000] {processor.py:179} INFO - Processing /home/airflow/.local/lib/python3.8/site-packages/airflow/example_dags/example_branch_python_dop_operator_3.py took 0.095 seconds
[2023-09-01T15:12:10.288+0000] {processor.py:157} INFO - Started process (PID=2385) to work on /home/airflow/.local/lib/python3.8/site-packages/airflow/example_dags/example_branch_python_dop_operator_3.py
[2023-09-01T15:12:10.290+0000] {processor.py:829} INFO - Processing file /home/airflow/.local/lib/python3.8/site-packages/airflow/example_dags/example_branch_python_dop_operator_3.py for tasks to queue
[2023-09-01T15:12:10.294+0000] {logging_mixin.py:151} INFO - [2023-09-01T15:12:10.293+0000] {dagbag.py:539} INFO - Filling up the DagBag from /home/airflow/.local/lib/python3.8/site-packages/airflow/example_dags/example_branch_python_dop_operator_3.py
[2023-09-01T15:12:10.306+0000] {processor.py:839} INFO - DAG(s) dict_keys(['example_branch_dop_operator_v3']) retrieved from /home/airflow/.local/lib/python3.8/site-packages/airflow/example_dags/example_branch_python_dop_operator_3.py
[2023-09-01T15:12:10.337+0000] {logging_mixin.py:151} INFO - [2023-09-01T15:12:10.337+0000] {dag.py:2907} INFO - Sync 1 DAGs
[2023-09-01T15:12:10.373+0000] {logging_mixin.py:151} INFO - [2023-09-01T15:12:10.373+0000] {dag.py:3677} INFO - Setting next_dagrun for example_branch_dop_operator_v3 to 2023-09-01T15:11:00+00:00, run_after=2023-09-01T15:12:00+00:00
[2023-09-01T15:12:10.397+0000] {processor.py:179} INFO - Processing /home/airflow/.local/lib/python3.8/site-packages/airflow/example_dags/example_branch_python_dop_operator_3.py took 0.114 seconds
[2023-09-01T15:12:40.434+0000] {processor.py:157} INFO - Started process (PID=2439) to work on /home/airflow/.local/lib/python3.8/site-packages/airflow/example_dags/example_branch_python_dop_operator_3.py
[2023-09-01T15:12:40.435+0000] {processor.py:829} INFO - Processing file /home/airflow/.local/lib/python3.8/site-packages/airflow/example_dags/example_branch_python_dop_operator_3.py for tasks to queue
[2023-09-01T15:12:40.438+0000] {logging_mixin.py:151} INFO - [2023-09-01T15:12:40.438+0000] {dagbag.py:539} INFO - Filling up the DagBag from /home/airflow/.local/lib/python3.8/site-packages/airflow/example_dags/example_branch_python_dop_operator_3.py
[2023-09-01T15:12:40.449+0000] {processor.py:839} INFO - DAG(s) dict_keys(['example_branch_dop_operator_v3']) retrieved from /home/airflow/.local/lib/python3.8/site-packages/airflow/example_dags/example_branch_python_dop_operator_3.py
[2023-09-01T15:12:40.474+0000] {logging_mixin.py:151} INFO - [2023-09-01T15:12:40.473+0000] {dag.py:2907} INFO - Sync 1 DAGs
[2023-09-01T15:12:40.502+0000] {logging_mixin.py:151} INFO - [2023-09-01T15:12:40.502+0000] {dag.py:3677} INFO - Setting next_dagrun for example_branch_dop_operator_v3 to 2023-09-01T15:11:00+00:00, run_after=2023-09-01T15:12:00+00:00
[2023-09-01T15:12:40.519+0000] {processor.py:179} INFO - Processing /home/airflow/.local/lib/python3.8/site-packages/airflow/example_dags/example_branch_python_dop_operator_3.py took 0.090 seconds
[2023-09-01T15:13:10.775+0000] {processor.py:157} INFO - Started process (PID=2493) to work on /home/airflow/.local/lib/python3.8/site-packages/airflow/example_dags/example_branch_python_dop_operator_3.py
[2023-09-01T15:13:10.777+0000] {processor.py:829} INFO - Processing file /home/airflow/.local/lib/python3.8/site-packages/airflow/example_dags/example_branch_python_dop_operator_3.py for tasks to queue
[2023-09-01T15:13:10.781+0000] {logging_mixin.py:151} INFO - [2023-09-01T15:13:10.780+0000] {dagbag.py:539} INFO - Filling up the DagBag from /home/airflow/.local/lib/python3.8/site-packages/airflow/example_dags/example_branch_python_dop_operator_3.py
[2023-09-01T15:13:10.793+0000] {processor.py:839} INFO - DAG(s) dict_keys(['example_branch_dop_operator_v3']) retrieved from /home/airflow/.local/lib/python3.8/site-packages/airflow/example_dags/example_branch_python_dop_operator_3.py
[2023-09-01T15:13:10.823+0000] {logging_mixin.py:151} INFO - [2023-09-01T15:13:10.823+0000] {dag.py:2907} INFO - Sync 1 DAGs
[2023-09-01T15:13:10.856+0000] {logging_mixin.py:151} INFO - [2023-09-01T15:13:10.856+0000] {dag.py:3677} INFO - Setting next_dagrun for example_branch_dop_operator_v3 to 2023-09-01T15:12:00+00:00, run_after=2023-09-01T15:13:00+00:00
[2023-09-01T15:13:10.876+0000] {processor.py:179} INFO - Processing /home/airflow/.local/lib/python3.8/site-packages/airflow/example_dags/example_branch_python_dop_operator_3.py took 0.106 seconds
[2023-09-01T15:13:41.559+0000] {processor.py:157} INFO - Started process (PID=2547) to work on /home/airflow/.local/lib/python3.8/site-packages/airflow/example_dags/example_branch_python_dop_operator_3.py
[2023-09-01T15:13:41.560+0000] {processor.py:829} INFO - Processing file /home/airflow/.local/lib/python3.8/site-packages/airflow/example_dags/example_branch_python_dop_operator_3.py for tasks to queue
[2023-09-01T15:13:41.564+0000] {logging_mixin.py:151} INFO - [2023-09-01T15:13:41.563+0000] {dagbag.py:539} INFO - Filling up the DagBag from /home/airflow/.local/lib/python3.8/site-packages/airflow/example_dags/example_branch_python_dop_operator_3.py
[2023-09-01T15:13:41.576+0000] {processor.py:839} INFO - DAG(s) dict_keys(['example_branch_dop_operator_v3']) retrieved from /home/airflow/.local/lib/python3.8/site-packages/airflow/example_dags/example_branch_python_dop_operator_3.py
[2023-09-01T15:13:41.606+0000] {logging_mixin.py:151} INFO - [2023-09-01T15:13:41.606+0000] {dag.py:2907} INFO - Sync 1 DAGs
[2023-09-01T15:13:41.641+0000] {logging_mixin.py:151} INFO - [2023-09-01T15:13:41.641+0000] {dag.py:3677} INFO - Setting next_dagrun for example_branch_dop_operator_v3 to 2023-09-01T15:12:00+00:00, run_after=2023-09-01T15:13:00+00:00
[2023-09-01T15:13:41.668+0000] {processor.py:179} INFO - Processing /home/airflow/.local/lib/python3.8/site-packages/airflow/example_dags/example_branch_python_dop_operator_3.py took 0.114 seconds
[2023-09-01T15:14:11.716+0000] {processor.py:157} INFO - Started process (PID=2601) to work on /home/airflow/.local/lib/python3.8/site-packages/airflow/example_dags/example_branch_python_dop_operator_3.py
[2023-09-01T15:14:11.718+0000] {processor.py:829} INFO - Processing file /home/airflow/.local/lib/python3.8/site-packages/airflow/example_dags/example_branch_python_dop_operator_3.py for tasks to queue
[2023-09-01T15:14:11.721+0000] {logging_mixin.py:151} INFO - [2023-09-01T15:14:11.721+0000] {dagbag.py:539} INFO - Filling up the DagBag from /home/airflow/.local/lib/python3.8/site-packages/airflow/example_dags/example_branch_python_dop_operator_3.py
[2023-09-01T15:14:11.734+0000] {processor.py:839} INFO - DAG(s) dict_keys(['example_branch_dop_operator_v3']) retrieved from /home/airflow/.local/lib/python3.8/site-packages/airflow/example_dags/example_branch_python_dop_operator_3.py
[2023-09-01T15:14:11.762+0000] {logging_mixin.py:151} INFO - [2023-09-01T15:14:11.762+0000] {dag.py:2907} INFO - Sync 1 DAGs
[2023-09-01T15:14:11.792+0000] {logging_mixin.py:151} INFO - [2023-09-01T15:14:11.792+0000] {dag.py:3677} INFO - Setting next_dagrun for example_branch_dop_operator_v3 to 2023-09-01T15:13:00+00:00, run_after=2023-09-01T15:14:00+00:00
[2023-09-01T15:14:11.811+0000] {processor.py:179} INFO - Processing /home/airflow/.local/lib/python3.8/site-packages/airflow/example_dags/example_branch_python_dop_operator_3.py took 0.100 seconds
[2023-09-01T15:14:42.677+0000] {processor.py:157} INFO - Started process (PID=2655) to work on /home/airflow/.local/lib/python3.8/site-packages/airflow/example_dags/example_branch_python_dop_operator_3.py
[2023-09-01T15:14:42.678+0000] {processor.py:829} INFO - Processing file /home/airflow/.local/lib/python3.8/site-packages/airflow/example_dags/example_branch_python_dop_operator_3.py for tasks to queue
[2023-09-01T15:14:42.682+0000] {logging_mixin.py:151} INFO - [2023-09-01T15:14:42.681+0000] {dagbag.py:539} INFO - Filling up the DagBag from /home/airflow/.local/lib/python3.8/site-packages/airflow/example_dags/example_branch_python_dop_operator_3.py
[2023-09-01T15:14:42.694+0000] {processor.py:839} INFO - DAG(s) dict_keys(['example_branch_dop_operator_v3']) retrieved from /home/airflow/.local/lib/python3.8/site-packages/airflow/example_dags/example_branch_python_dop_operator_3.py
[2023-09-01T15:14:42.723+0000] {logging_mixin.py:151} INFO - [2023-09-01T15:14:42.722+0000] {dag.py:2907} INFO - Sync 1 DAGs
[2023-09-01T15:14:42.752+0000] {logging_mixin.py:151} INFO - [2023-09-01T15:14:42.752+0000] {dag.py:3677} INFO - Setting next_dagrun for example_branch_dop_operator_v3 to 2023-09-01T15:13:00+00:00, run_after=2023-09-01T15:14:00+00:00
[2023-09-01T15:14:42.773+0000] {processor.py:179} INFO - Processing /home/airflow/.local/lib/python3.8/site-packages/airflow/example_dags/example_branch_python_dop_operator_3.py took 0.101 seconds
[2023-09-01T15:15:13.704+0000] {processor.py:157} INFO - Started process (PID=2709) to work on /home/airflow/.local/lib/python3.8/site-packages/airflow/example_dags/example_branch_python_dop_operator_3.py
[2023-09-01T15:15:13.705+0000] {processor.py:829} INFO - Processing file /home/airflow/.local/lib/python3.8/site-packages/airflow/example_dags/example_branch_python_dop_operator_3.py for tasks to queue
[2023-09-01T15:15:13.709+0000] {logging_mixin.py:151} INFO - [2023-09-01T15:15:13.708+0000] {dagbag.py:539} INFO - Filling up the DagBag from /home/airflow/.local/lib/python3.8/site-packages/airflow/example_dags/example_branch_python_dop_operator_3.py
[2023-09-01T15:15:13.722+0000] {processor.py:839} INFO - DAG(s) dict_keys(['example_branch_dop_operator_v3']) retrieved from /home/airflow/.local/lib/python3.8/site-packages/airflow/example_dags/example_branch_python_dop_operator_3.py
[2023-09-01T15:15:13.749+0000] {logging_mixin.py:151} INFO - [2023-09-01T15:15:13.749+0000] {dag.py:2907} INFO - Sync 1 DAGs
[2023-09-01T15:15:13.779+0000] {logging_mixin.py:151} INFO - [2023-09-01T15:15:13.778+0000] {dag.py:3677} INFO - Setting next_dagrun for example_branch_dop_operator_v3 to 2023-09-01T15:14:00+00:00, run_after=2023-09-01T15:15:00+00:00
[2023-09-01T15:15:13.798+0000] {processor.py:179} INFO - Processing /home/airflow/.local/lib/python3.8/site-packages/airflow/example_dags/example_branch_python_dop_operator_3.py took 0.099 seconds
[2023-09-01T15:15:44.035+0000] {processor.py:157} INFO - Started process (PID=2763) to work on /home/airflow/.local/lib/python3.8/site-packages/airflow/example_dags/example_branch_python_dop_operator_3.py
[2023-09-01T15:15:44.036+0000] {processor.py:829} INFO - Processing file /home/airflow/.local/lib/python3.8/site-packages/airflow/example_dags/example_branch_python_dop_operator_3.py for tasks to queue
[2023-09-01T15:15:44.040+0000] {logging_mixin.py:151} INFO - [2023-09-01T15:15:44.039+0000] {dagbag.py:539} INFO - Filling up the DagBag from /home/airflow/.local/lib/python3.8/site-packages/airflow/example_dags/example_branch_python_dop_operator_3.py
[2023-09-01T15:15:44.053+0000] {processor.py:839} INFO - DAG(s) dict_keys(['example_branch_dop_operator_v3']) retrieved from /home/airflow/.local/lib/python3.8/site-packages/airflow/example_dags/example_branch_python_dop_operator_3.py
[2023-09-01T15:15:44.081+0000] {logging_mixin.py:151} INFO - [2023-09-01T15:15:44.081+0000] {dag.py:2907} INFO - Sync 1 DAGs
[2023-09-01T15:15:44.110+0000] {logging_mixin.py:151} INFO - [2023-09-01T15:15:44.110+0000] {dag.py:3677} INFO - Setting next_dagrun for example_branch_dop_operator_v3 to 2023-09-01T15:14:00+00:00, run_after=2023-09-01T15:15:00+00:00
[2023-09-01T15:15:44.129+0000] {processor.py:179} INFO - Processing /home/airflow/.local/lib/python3.8/site-packages/airflow/example_dags/example_branch_python_dop_operator_3.py took 0.100 seconds
[2023-09-01T15:16:14.219+0000] {processor.py:157} INFO - Started process (PID=2817) to work on /home/airflow/.local/lib/python3.8/site-packages/airflow/example_dags/example_branch_python_dop_operator_3.py
[2023-09-01T15:16:14.221+0000] {processor.py:829} INFO - Processing file /home/airflow/.local/lib/python3.8/site-packages/airflow/example_dags/example_branch_python_dop_operator_3.py for tasks to queue
[2023-09-01T15:16:14.224+0000] {logging_mixin.py:151} INFO - [2023-09-01T15:16:14.224+0000] {dagbag.py:539} INFO - Filling up the DagBag from /home/airflow/.local/lib/python3.8/site-packages/airflow/example_dags/example_branch_python_dop_operator_3.py
[2023-09-01T15:16:14.237+0000] {processor.py:839} INFO - DAG(s) dict_keys(['example_branch_dop_operator_v3']) retrieved from /home/airflow/.local/lib/python3.8/site-packages/airflow/example_dags/example_branch_python_dop_operator_3.py
[2023-09-01T15:16:14.266+0000] {logging_mixin.py:151} INFO - [2023-09-01T15:16:14.266+0000] {dag.py:2907} INFO - Sync 1 DAGs
[2023-09-01T15:16:14.296+0000] {logging_mixin.py:151} INFO - [2023-09-01T15:16:14.296+0000] {dag.py:3677} INFO - Setting next_dagrun for example_branch_dop_operator_v3 to 2023-09-01T15:15:00+00:00, run_after=2023-09-01T15:16:00+00:00
[2023-09-01T15:16:14.315+0000] {processor.py:179} INFO - Processing /home/airflow/.local/lib/python3.8/site-packages/airflow/example_dags/example_branch_python_dop_operator_3.py took 0.101 seconds
[2023-09-01T15:16:44.682+0000] {processor.py:157} INFO - Started process (PID=2872) to work on /home/airflow/.local/lib/python3.8/site-packages/airflow/example_dags/example_branch_python_dop_operator_3.py
[2023-09-01T15:16:44.684+0000] {processor.py:829} INFO - Processing file /home/airflow/.local/lib/python3.8/site-packages/airflow/example_dags/example_branch_python_dop_operator_3.py for tasks to queue
[2023-09-01T15:16:44.687+0000] {logging_mixin.py:151} INFO - [2023-09-01T15:16:44.686+0000] {dagbag.py:539} INFO - Filling up the DagBag from /home/airflow/.local/lib/python3.8/site-packages/airflow/example_dags/example_branch_python_dop_operator_3.py
[2023-09-01T15:16:44.700+0000] {processor.py:839} INFO - DAG(s) dict_keys(['example_branch_dop_operator_v3']) retrieved from /home/airflow/.local/lib/python3.8/site-packages/airflow/example_dags/example_branch_python_dop_operator_3.py
[2023-09-01T15:16:44.728+0000] {logging_mixin.py:151} INFO - [2023-09-01T15:16:44.728+0000] {dag.py:2907} INFO - Sync 1 DAGs
[2023-09-01T15:16:44.758+0000] {logging_mixin.py:151} INFO - [2023-09-01T15:16:44.758+0000] {dag.py:3677} INFO - Setting next_dagrun for example_branch_dop_operator_v3 to 2023-09-01T15:15:00+00:00, run_after=2023-09-01T15:16:00+00:00
[2023-09-01T15:16:44.777+0000] {processor.py:179} INFO - Processing /home/airflow/.local/lib/python3.8/site-packages/airflow/example_dags/example_branch_python_dop_operator_3.py took 0.101 seconds
[2023-09-01T15:17:15.244+0000] {processor.py:157} INFO - Started process (PID=2927) to work on /home/airflow/.local/lib/python3.8/site-packages/airflow/example_dags/example_branch_python_dop_operator_3.py
[2023-09-01T15:17:15.246+0000] {processor.py:829} INFO - Processing file /home/airflow/.local/lib/python3.8/site-packages/airflow/example_dags/example_branch_python_dop_operator_3.py for tasks to queue
[2023-09-01T15:17:15.250+0000] {logging_mixin.py:151} INFO - [2023-09-01T15:17:15.250+0000] {dagbag.py:539} INFO - Filling up the DagBag from /home/airflow/.local/lib/python3.8/site-packages/airflow/example_dags/example_branch_python_dop_operator_3.py
[2023-09-01T15:17:15.263+0000] {processor.py:839} INFO - DAG(s) dict_keys(['example_branch_dop_operator_v3']) retrieved from /home/airflow/.local/lib/python3.8/site-packages/airflow/example_dags/example_branch_python_dop_operator_3.py
[2023-09-01T15:17:15.287+0000] {logging_mixin.py:151} INFO - [2023-09-01T15:17:15.287+0000] {dag.py:2907} INFO - Sync 1 DAGs
[2023-09-01T15:17:15.313+0000] {logging_mixin.py:151} INFO - [2023-09-01T15:17:15.313+0000] {dag.py:3677} INFO - Setting next_dagrun for example_branch_dop_operator_v3 to 2023-09-01T15:16:00+00:00, run_after=2023-09-01T15:17:00+00:00
[2023-09-01T15:17:15.331+0000] {processor.py:179} INFO - Processing /home/airflow/.local/lib/python3.8/site-packages/airflow/example_dags/example_branch_python_dop_operator_3.py took 0.092 seconds
[2023-09-01T15:17:45.632+0000] {processor.py:157} INFO - Started process (PID=2981) to work on /home/airflow/.local/lib/python3.8/site-packages/airflow/example_dags/example_branch_python_dop_operator_3.py
[2023-09-01T15:17:45.634+0000] {processor.py:829} INFO - Processing file /home/airflow/.local/lib/python3.8/site-packages/airflow/example_dags/example_branch_python_dop_operator_3.py for tasks to queue
[2023-09-01T15:17:45.637+0000] {logging_mixin.py:151} INFO - [2023-09-01T15:17:45.637+0000] {dagbag.py:539} INFO - Filling up the DagBag from /home/airflow/.local/lib/python3.8/site-packages/airflow/example_dags/example_branch_python_dop_operator_3.py
[2023-09-01T15:17:45.650+0000] {processor.py:839} INFO - DAG(s) dict_keys(['example_branch_dop_operator_v3']) retrieved from /home/airflow/.local/lib/python3.8/site-packages/airflow/example_dags/example_branch_python_dop_operator_3.py
[2023-09-01T15:17:45.679+0000] {logging_mixin.py:151} INFO - [2023-09-01T15:17:45.678+0000] {dag.py:2907} INFO - Sync 1 DAGs
[2023-09-01T15:17:45.708+0000] {logging_mixin.py:151} INFO - [2023-09-01T15:17:45.708+0000] {dag.py:3677} INFO - Setting next_dagrun for example_branch_dop_operator_v3 to 2023-09-01T15:16:00+00:00, run_after=2023-09-01T15:17:00+00:00
[2023-09-01T15:17:45.727+0000] {processor.py:179} INFO - Processing /home/airflow/.local/lib/python3.8/site-packages/airflow/example_dags/example_branch_python_dop_operator_3.py took 0.100 seconds
[2023-09-01T15:18:16.689+0000] {processor.py:157} INFO - Started process (PID=3035) to work on /home/airflow/.local/lib/python3.8/site-packages/airflow/example_dags/example_branch_python_dop_operator_3.py
[2023-09-01T15:18:16.690+0000] {processor.py:829} INFO - Processing file /home/airflow/.local/lib/python3.8/site-packages/airflow/example_dags/example_branch_python_dop_operator_3.py for tasks to queue
[2023-09-01T15:18:16.693+0000] {logging_mixin.py:151} INFO - [2023-09-01T15:18:16.693+0000] {dagbag.py:539} INFO - Filling up the DagBag from /home/airflow/.local/lib/python3.8/site-packages/airflow/example_dags/example_branch_python_dop_operator_3.py
[2023-09-01T15:18:16.706+0000] {processor.py:839} INFO - DAG(s) dict_keys(['example_branch_dop_operator_v3']) retrieved from /home/airflow/.local/lib/python3.8/site-packages/airflow/example_dags/example_branch_python_dop_operator_3.py
[2023-09-01T15:18:16.734+0000] {logging_mixin.py:151} INFO - [2023-09-01T15:18:16.734+0000] {dag.py:2907} INFO - Sync 1 DAGs
[2023-09-01T15:18:16.764+0000] {logging_mixin.py:151} INFO - [2023-09-01T15:18:16.764+0000] {dag.py:3677} INFO - Setting next_dagrun for example_branch_dop_operator_v3 to 2023-09-01T15:17:00+00:00, run_after=2023-09-01T15:18:00+00:00
[2023-09-01T15:18:16.783+0000] {processor.py:179} INFO - Processing /home/airflow/.local/lib/python3.8/site-packages/airflow/example_dags/example_branch_python_dop_operator_3.py took 0.100 seconds
[2023-09-01T15:18:47.427+0000] {processor.py:157} INFO - Started process (PID=3089) to work on /home/airflow/.local/lib/python3.8/site-packages/airflow/example_dags/example_branch_python_dop_operator_3.py
[2023-09-01T15:18:47.428+0000] {processor.py:829} INFO - Processing file /home/airflow/.local/lib/python3.8/site-packages/airflow/example_dags/example_branch_python_dop_operator_3.py for tasks to queue
[2023-09-01T15:18:47.432+0000] {logging_mixin.py:151} INFO - [2023-09-01T15:18:47.431+0000] {dagbag.py:539} INFO - Filling up the DagBag from /home/airflow/.local/lib/python3.8/site-packages/airflow/example_dags/example_branch_python_dop_operator_3.py
[2023-09-01T15:18:47.444+0000] {processor.py:839} INFO - DAG(s) dict_keys(['example_branch_dop_operator_v3']) retrieved from /home/airflow/.local/lib/python3.8/site-packages/airflow/example_dags/example_branch_python_dop_operator_3.py
[2023-09-01T15:18:47.473+0000] {logging_mixin.py:151} INFO - [2023-09-01T15:18:47.472+0000] {dag.py:2907} INFO - Sync 1 DAGs
[2023-09-01T15:18:47.502+0000] {logging_mixin.py:151} INFO - [2023-09-01T15:18:47.502+0000] {dag.py:3677} INFO - Setting next_dagrun for example_branch_dop_operator_v3 to 2023-09-01T15:17:00+00:00, run_after=2023-09-01T15:18:00+00:00
[2023-09-01T15:18:47.521+0000] {processor.py:179} INFO - Processing /home/airflow/.local/lib/python3.8/site-packages/airflow/example_dags/example_branch_python_dop_operator_3.py took 0.100 seconds
[2023-09-01T15:19:17.932+0000] {processor.py:157} INFO - Started process (PID=3143) to work on /home/airflow/.local/lib/python3.8/site-packages/airflow/example_dags/example_branch_python_dop_operator_3.py
[2023-09-01T15:19:17.934+0000] {processor.py:829} INFO - Processing file /home/airflow/.local/lib/python3.8/site-packages/airflow/example_dags/example_branch_python_dop_operator_3.py for tasks to queue
[2023-09-01T15:19:17.937+0000] {logging_mixin.py:151} INFO - [2023-09-01T15:19:17.937+0000] {dagbag.py:539} INFO - Filling up the DagBag from /home/airflow/.local/lib/python3.8/site-packages/airflow/example_dags/example_branch_python_dop_operator_3.py
[2023-09-01T15:19:17.970+0000] {processor.py:839} INFO - DAG(s) dict_keys(['example_branch_dop_operator_v3']) retrieved from /home/airflow/.local/lib/python3.8/site-packages/airflow/example_dags/example_branch_python_dop_operator_3.py
[2023-09-01T15:19:17.999+0000] {logging_mixin.py:151} INFO - [2023-09-01T15:19:17.999+0000] {dag.py:2907} INFO - Sync 1 DAGs
[2023-09-01T15:19:18.035+0000] {logging_mixin.py:151} INFO - [2023-09-01T15:19:18.035+0000] {dag.py:3677} INFO - Setting next_dagrun for example_branch_dop_operator_v3 to 2023-09-01T15:18:00+00:00, run_after=2023-09-01T15:19:00+00:00
[2023-09-01T15:19:18.074+0000] {processor.py:179} INFO - Processing /home/airflow/.local/lib/python3.8/site-packages/airflow/example_dags/example_branch_python_dop_operator_3.py took 0.147 seconds
[2023-09-01T15:19:48.585+0000] {processor.py:157} INFO - Started process (PID=3197) to work on /home/airflow/.local/lib/python3.8/site-packages/airflow/example_dags/example_branch_python_dop_operator_3.py
[2023-09-01T15:19:48.587+0000] {processor.py:829} INFO - Processing file /home/airflow/.local/lib/python3.8/site-packages/airflow/example_dags/example_branch_python_dop_operator_3.py for tasks to queue
[2023-09-01T15:19:48.591+0000] {logging_mixin.py:151} INFO - [2023-09-01T15:19:48.590+0000] {dagbag.py:539} INFO - Filling up the DagBag from /home/airflow/.local/lib/python3.8/site-packages/airflow/example_dags/example_branch_python_dop_operator_3.py
[2023-09-01T15:19:48.604+0000] {processor.py:839} INFO - DAG(s) dict_keys(['example_branch_dop_operator_v3']) retrieved from /home/airflow/.local/lib/python3.8/site-packages/airflow/example_dags/example_branch_python_dop_operator_3.py
[2023-09-01T15:19:48.631+0000] {logging_mixin.py:151} INFO - [2023-09-01T15:19:48.631+0000] {dag.py:2907} INFO - Sync 1 DAGs
[2023-09-01T15:19:48.661+0000] {logging_mixin.py:151} INFO - [2023-09-01T15:19:48.661+0000] {dag.py:3677} INFO - Setting next_dagrun for example_branch_dop_operator_v3 to 2023-09-01T15:18:00+00:00, run_after=2023-09-01T15:19:00+00:00
[2023-09-01T15:19:48.680+0000] {processor.py:179} INFO - Processing /home/airflow/.local/lib/python3.8/site-packages/airflow/example_dags/example_branch_python_dop_operator_3.py took 0.100 seconds
[2023-09-01T15:20:19.030+0000] {processor.py:157} INFO - Started process (PID=3251) to work on /home/airflow/.local/lib/python3.8/site-packages/airflow/example_dags/example_branch_python_dop_operator_3.py
[2023-09-01T15:20:19.032+0000] {processor.py:829} INFO - Processing file /home/airflow/.local/lib/python3.8/site-packages/airflow/example_dags/example_branch_python_dop_operator_3.py for tasks to queue
[2023-09-01T15:20:19.035+0000] {logging_mixin.py:151} INFO - [2023-09-01T15:20:19.035+0000] {dagbag.py:539} INFO - Filling up the DagBag from /home/airflow/.local/lib/python3.8/site-packages/airflow/example_dags/example_branch_python_dop_operator_3.py
[2023-09-01T15:20:19.046+0000] {processor.py:839} INFO - DAG(s) dict_keys(['example_branch_dop_operator_v3']) retrieved from /home/airflow/.local/lib/python3.8/site-packages/airflow/example_dags/example_branch_python_dop_operator_3.py
[2023-09-01T15:20:19.070+0000] {logging_mixin.py:151} INFO - [2023-09-01T15:20:19.070+0000] {dag.py:2907} INFO - Sync 1 DAGs
[2023-09-01T15:20:19.098+0000] {logging_mixin.py:151} INFO - [2023-09-01T15:20:19.098+0000] {dag.py:3677} INFO - Setting next_dagrun for example_branch_dop_operator_v3 to 2023-09-01T15:19:00+00:00, run_after=2023-09-01T15:20:00+00:00
[2023-09-01T15:20:19.118+0000] {processor.py:179} INFO - Processing /home/airflow/.local/lib/python3.8/site-packages/airflow/example_dags/example_branch_python_dop_operator_3.py took 0.092 seconds
[2023-09-01T15:20:49.640+0000] {processor.py:157} INFO - Started process (PID=3305) to work on /home/airflow/.local/lib/python3.8/site-packages/airflow/example_dags/example_branch_python_dop_operator_3.py
[2023-09-01T15:20:49.642+0000] {processor.py:829} INFO - Processing file /home/airflow/.local/lib/python3.8/site-packages/airflow/example_dags/example_branch_python_dop_operator_3.py for tasks to queue
[2023-09-01T15:20:49.645+0000] {logging_mixin.py:151} INFO - [2023-09-01T15:20:49.645+0000] {dagbag.py:539} INFO - Filling up the DagBag from /home/airflow/.local/lib/python3.8/site-packages/airflow/example_dags/example_branch_python_dop_operator_3.py
[2023-09-01T15:20:49.658+0000] {processor.py:839} INFO - DAG(s) dict_keys(['example_branch_dop_operator_v3']) retrieved from /home/airflow/.local/lib/python3.8/site-packages/airflow/example_dags/example_branch_python_dop_operator_3.py
[2023-09-01T15:20:49.686+0000] {logging_mixin.py:151} INFO - [2023-09-01T15:20:49.686+0000] {dag.py:2907} INFO - Sync 1 DAGs
[2023-09-01T15:20:49.715+0000] {logging_mixin.py:151} INFO - [2023-09-01T15:20:49.715+0000] {dag.py:3677} INFO - Setting next_dagrun for example_branch_dop_operator_v3 to 2023-09-01T15:19:00+00:00, run_after=2023-09-01T15:20:00+00:00
[2023-09-01T15:20:49.735+0000] {processor.py:179} INFO - Processing /home/airflow/.local/lib/python3.8/site-packages/airflow/example_dags/example_branch_python_dop_operator_3.py took 0.100 seconds
[2023-09-01T15:21:20.237+0000] {processor.py:157} INFO - Started process (PID=3359) to work on /home/airflow/.local/lib/python3.8/site-packages/airflow/example_dags/example_branch_python_dop_operator_3.py
[2023-09-01T15:21:20.239+0000] {processor.py:829} INFO - Processing file /home/airflow/.local/lib/python3.8/site-packages/airflow/example_dags/example_branch_python_dop_operator_3.py for tasks to queue
[2023-09-01T15:21:20.242+0000] {logging_mixin.py:151} INFO - [2023-09-01T15:21:20.241+0000] {dagbag.py:539} INFO - Filling up the DagBag from /home/airflow/.local/lib/python3.8/site-packages/airflow/example_dags/example_branch_python_dop_operator_3.py
[2023-09-01T15:21:20.252+0000] {processor.py:839} INFO - DAG(s) dict_keys(['example_branch_dop_operator_v3']) retrieved from /home/airflow/.local/lib/python3.8/site-packages/airflow/example_dags/example_branch_python_dop_operator_3.py
[2023-09-01T15:21:20.275+0000] {logging_mixin.py:151} INFO - [2023-09-01T15:21:20.275+0000] {dag.py:2907} INFO - Sync 1 DAGs
[2023-09-01T15:21:20.302+0000] {logging_mixin.py:151} INFO - [2023-09-01T15:21:20.302+0000] {dag.py:3677} INFO - Setting next_dagrun for example_branch_dop_operator_v3 to 2023-09-01T15:20:00+00:00, run_after=2023-09-01T15:21:00+00:00
[2023-09-01T15:21:20.321+0000] {processor.py:179} INFO - Processing /home/airflow/.local/lib/python3.8/site-packages/airflow/example_dags/example_branch_python_dop_operator_3.py took 0.088 seconds
[2023-09-01T15:21:50.969+0000] {processor.py:157} INFO - Started process (PID=3413) to work on /home/airflow/.local/lib/python3.8/site-packages/airflow/example_dags/example_branch_python_dop_operator_3.py
[2023-09-01T15:21:50.971+0000] {processor.py:829} INFO - Processing file /home/airflow/.local/lib/python3.8/site-packages/airflow/example_dags/example_branch_python_dop_operator_3.py for tasks to queue
[2023-09-01T15:21:50.974+0000] {logging_mixin.py:151} INFO - [2023-09-01T15:21:50.974+0000] {dagbag.py:539} INFO - Filling up the DagBag from /home/airflow/.local/lib/python3.8/site-packages/airflow/example_dags/example_branch_python_dop_operator_3.py
[2023-09-01T15:21:50.989+0000] {processor.py:839} INFO - DAG(s) dict_keys(['example_branch_dop_operator_v3']) retrieved from /home/airflow/.local/lib/python3.8/site-packages/airflow/example_dags/example_branch_python_dop_operator_3.py
[2023-09-01T15:21:51.021+0000] {logging_mixin.py:151} INFO - [2023-09-01T15:21:51.021+0000] {dag.py:2907} INFO - Sync 1 DAGs
[2023-09-01T15:21:51.062+0000] {logging_mixin.py:151} INFO - [2023-09-01T15:21:51.061+0000] {dag.py:3677} INFO - Setting next_dagrun for example_branch_dop_operator_v3 to 2023-09-01T15:20:00+00:00, run_after=2023-09-01T15:21:00+00:00
[2023-09-01T15:21:51.091+0000] {processor.py:179} INFO - Processing /home/airflow/.local/lib/python3.8/site-packages/airflow/example_dags/example_branch_python_dop_operator_3.py took 0.128 seconds
