[2023-09-01T14:50:14.728+0000] {processor.py:157} INFO - Started process (PID=46) to work on /home/airflow/.local/lib/python3.8/site-packages/airflow/example_dags/example_branch_labels.py
[2023-09-01T14:50:14.731+0000] {processor.py:829} INFO - Processing file /home/airflow/.local/lib/python3.8/site-packages/airflow/example_dags/example_branch_labels.py for tasks to queue
[2023-09-01T14:50:14.736+0000] {logging_mixin.py:151} INFO - [2023-09-01T14:50:14.736+0000] {dagbag.py:539} INFO - Filling up the DagBag from /home/airflow/.local/lib/python3.8/site-packages/airflow/example_dags/example_branch_labels.py
[2023-09-01T14:50:14.764+0000] {processor.py:839} INFO - DAG(s) dict_keys(['example_branch_labels']) retrieved from /home/airflow/.local/lib/python3.8/site-packages/airflow/example_dags/example_branch_labels.py
[2023-09-01T14:50:15.183+0000] {logging_mixin.py:151} INFO - [2023-09-01T14:50:15.182+0000] {manager.py:501} INFO - Created Permission View: can read on DAG:example_branch_labels
[2023-09-01T14:50:15.206+0000] {logging_mixin.py:151} INFO - [2023-09-01T14:50:15.206+0000] {manager.py:501} INFO - Created Permission View: can edit on DAG:example_branch_labels
[2023-09-01T14:50:15.221+0000] {logging_mixin.py:151} INFO - [2023-09-01T14:50:15.221+0000] {manager.py:501} INFO - Created Permission View: can delete on DAG:example_branch_labels
[2023-09-01T14:50:15.243+0000] {logging_mixin.py:151} INFO - [2023-09-01T14:50:15.242+0000] {dag.py:2907} INFO - Sync 1 DAGs
[2023-09-01T14:50:15.259+0000] {logging_mixin.py:151} INFO - [2023-09-01T14:50:15.259+0000] {dag.py:2929} INFO - Creating ORM DAG for example_branch_labels
[2023-09-01T14:50:15.275+0000] {logging_mixin.py:151} INFO - [2023-09-01T14:50:15.274+0000] {dag.py:3677} INFO - Setting next_dagrun for example_branch_labels to 2023-08-31T00:00:00+00:00, run_after=2023-09-01T00:00:00+00:00
[2023-09-01T14:50:15.301+0000] {processor.py:179} INFO - Processing /home/airflow/.local/lib/python3.8/site-packages/airflow/example_dags/example_branch_labels.py took 0.581 seconds
[2023-09-01T14:50:45.674+0000] {processor.py:157} INFO - Started process (PID=99) to work on /home/airflow/.local/lib/python3.8/site-packages/airflow/example_dags/example_branch_labels.py
[2023-09-01T14:50:45.676+0000] {processor.py:829} INFO - Processing file /home/airflow/.local/lib/python3.8/site-packages/airflow/example_dags/example_branch_labels.py for tasks to queue
[2023-09-01T14:50:45.680+0000] {logging_mixin.py:151} INFO - [2023-09-01T14:50:45.680+0000] {dagbag.py:539} INFO - Filling up the DagBag from /home/airflow/.local/lib/python3.8/site-packages/airflow/example_dags/example_branch_labels.py
[2023-09-01T14:50:45.691+0000] {processor.py:839} INFO - DAG(s) dict_keys(['example_branch_labels']) retrieved from /home/airflow/.local/lib/python3.8/site-packages/airflow/example_dags/example_branch_labels.py
[2023-09-01T14:50:45.721+0000] {logging_mixin.py:151} INFO - [2023-09-01T14:50:45.720+0000] {dag.py:2907} INFO - Sync 1 DAGs
[2023-09-01T14:50:45.753+0000] {logging_mixin.py:151} INFO - [2023-09-01T14:50:45.753+0000] {dag.py:3677} INFO - Setting next_dagrun for example_branch_labels to 2023-08-31T00:00:00+00:00, run_after=2023-09-01T00:00:00+00:00
[2023-09-01T14:50:45.778+0000] {processor.py:179} INFO - Processing /home/airflow/.local/lib/python3.8/site-packages/airflow/example_dags/example_branch_labels.py took 0.109 seconds
[2023-09-01T14:51:15.812+0000] {processor.py:157} INFO - Started process (PID=153) to work on /home/airflow/.local/lib/python3.8/site-packages/airflow/example_dags/example_branch_labels.py
[2023-09-01T14:51:15.814+0000] {processor.py:829} INFO - Processing file /home/airflow/.local/lib/python3.8/site-packages/airflow/example_dags/example_branch_labels.py for tasks to queue
[2023-09-01T14:51:15.818+0000] {logging_mixin.py:151} INFO - [2023-09-01T14:51:15.817+0000] {dagbag.py:539} INFO - Filling up the DagBag from /home/airflow/.local/lib/python3.8/site-packages/airflow/example_dags/example_branch_labels.py
[2023-09-01T14:51:15.829+0000] {processor.py:839} INFO - DAG(s) dict_keys(['example_branch_labels']) retrieved from /home/airflow/.local/lib/python3.8/site-packages/airflow/example_dags/example_branch_labels.py
[2023-09-01T14:51:15.860+0000] {logging_mixin.py:151} INFO - [2023-09-01T14:51:15.859+0000] {dag.py:2907} INFO - Sync 1 DAGs
[2023-09-01T14:51:15.890+0000] {logging_mixin.py:151} INFO - [2023-09-01T14:51:15.890+0000] {dag.py:3677} INFO - Setting next_dagrun for example_branch_labels to 2023-08-31T00:00:00+00:00, run_after=2023-09-01T00:00:00+00:00
[2023-09-01T14:51:15.914+0000] {processor.py:179} INFO - Processing /home/airflow/.local/lib/python3.8/site-packages/airflow/example_dags/example_branch_labels.py took 0.107 seconds
[2023-09-01T14:51:46.279+0000] {processor.py:157} INFO - Started process (PID=207) to work on /home/airflow/.local/lib/python3.8/site-packages/airflow/example_dags/example_branch_labels.py
[2023-09-01T14:51:46.280+0000] {processor.py:829} INFO - Processing file /home/airflow/.local/lib/python3.8/site-packages/airflow/example_dags/example_branch_labels.py for tasks to queue
[2023-09-01T14:51:46.284+0000] {logging_mixin.py:151} INFO - [2023-09-01T14:51:46.283+0000] {dagbag.py:539} INFO - Filling up the DagBag from /home/airflow/.local/lib/python3.8/site-packages/airflow/example_dags/example_branch_labels.py
[2023-09-01T14:51:46.293+0000] {processor.py:839} INFO - DAG(s) dict_keys(['example_branch_labels']) retrieved from /home/airflow/.local/lib/python3.8/site-packages/airflow/example_dags/example_branch_labels.py
[2023-09-01T14:51:46.317+0000] {logging_mixin.py:151} INFO - [2023-09-01T14:51:46.317+0000] {dag.py:2907} INFO - Sync 1 DAGs
[2023-09-01T14:51:46.343+0000] {logging_mixin.py:151} INFO - [2023-09-01T14:51:46.343+0000] {dag.py:3677} INFO - Setting next_dagrun for example_branch_labels to 2023-08-31T00:00:00+00:00, run_after=2023-09-01T00:00:00+00:00
[2023-09-01T14:51:46.362+0000] {processor.py:179} INFO - Processing /home/airflow/.local/lib/python3.8/site-packages/airflow/example_dags/example_branch_labels.py took 0.087 seconds
[2023-09-01T14:52:16.500+0000] {processor.py:157} INFO - Started process (PID=261) to work on /home/airflow/.local/lib/python3.8/site-packages/airflow/example_dags/example_branch_labels.py
[2023-09-01T14:52:16.502+0000] {processor.py:829} INFO - Processing file /home/airflow/.local/lib/python3.8/site-packages/airflow/example_dags/example_branch_labels.py for tasks to queue
[2023-09-01T14:52:16.506+0000] {logging_mixin.py:151} INFO - [2023-09-01T14:52:16.506+0000] {dagbag.py:539} INFO - Filling up the DagBag from /home/airflow/.local/lib/python3.8/site-packages/airflow/example_dags/example_branch_labels.py
[2023-09-01T14:52:16.517+0000] {processor.py:839} INFO - DAG(s) dict_keys(['example_branch_labels']) retrieved from /home/airflow/.local/lib/python3.8/site-packages/airflow/example_dags/example_branch_labels.py
[2023-09-01T14:52:16.548+0000] {logging_mixin.py:151} INFO - [2023-09-01T14:52:16.548+0000] {dag.py:2907} INFO - Sync 1 DAGs
[2023-09-01T14:52:16.581+0000] {logging_mixin.py:151} INFO - [2023-09-01T14:52:16.581+0000] {dag.py:3677} INFO - Setting next_dagrun for example_branch_labels to 2023-08-31T00:00:00+00:00, run_after=2023-09-01T00:00:00+00:00
[2023-09-01T14:52:16.606+0000] {processor.py:179} INFO - Processing /home/airflow/.local/lib/python3.8/site-packages/airflow/example_dags/example_branch_labels.py took 0.111 seconds
[2023-09-01T14:52:46.685+0000] {processor.py:157} INFO - Started process (PID=315) to work on /home/airflow/.local/lib/python3.8/site-packages/airflow/example_dags/example_branch_labels.py
[2023-09-01T14:52:46.686+0000] {processor.py:829} INFO - Processing file /home/airflow/.local/lib/python3.8/site-packages/airflow/example_dags/example_branch_labels.py for tasks to queue
[2023-09-01T14:52:46.689+0000] {logging_mixin.py:151} INFO - [2023-09-01T14:52:46.689+0000] {dagbag.py:539} INFO - Filling up the DagBag from /home/airflow/.local/lib/python3.8/site-packages/airflow/example_dags/example_branch_labels.py
[2023-09-01T14:52:46.699+0000] {processor.py:839} INFO - DAG(s) dict_keys(['example_branch_labels']) retrieved from /home/airflow/.local/lib/python3.8/site-packages/airflow/example_dags/example_branch_labels.py
[2023-09-01T14:52:46.725+0000] {logging_mixin.py:151} INFO - [2023-09-01T14:52:46.724+0000] {dag.py:2907} INFO - Sync 1 DAGs
[2023-09-01T14:52:46.752+0000] {logging_mixin.py:151} INFO - [2023-09-01T14:52:46.751+0000] {dag.py:3677} INFO - Setting next_dagrun for example_branch_labels to 2023-08-31T00:00:00+00:00, run_after=2023-09-01T00:00:00+00:00
[2023-09-01T14:52:46.770+0000] {processor.py:179} INFO - Processing /home/airflow/.local/lib/python3.8/site-packages/airflow/example_dags/example_branch_labels.py took 0.090 seconds
[2023-09-01T14:53:16.806+0000] {processor.py:157} INFO - Started process (PID=369) to work on /home/airflow/.local/lib/python3.8/site-packages/airflow/example_dags/example_branch_labels.py
[2023-09-01T14:53:16.808+0000] {processor.py:829} INFO - Processing file /home/airflow/.local/lib/python3.8/site-packages/airflow/example_dags/example_branch_labels.py for tasks to queue
[2023-09-01T14:53:16.811+0000] {logging_mixin.py:151} INFO - [2023-09-01T14:53:16.811+0000] {dagbag.py:539} INFO - Filling up the DagBag from /home/airflow/.local/lib/python3.8/site-packages/airflow/example_dags/example_branch_labels.py
[2023-09-01T14:53:16.820+0000] {processor.py:839} INFO - DAG(s) dict_keys(['example_branch_labels']) retrieved from /home/airflow/.local/lib/python3.8/site-packages/airflow/example_dags/example_branch_labels.py
[2023-09-01T14:53:16.844+0000] {logging_mixin.py:151} INFO - [2023-09-01T14:53:16.843+0000] {dag.py:2907} INFO - Sync 1 DAGs
[2023-09-01T14:53:16.868+0000] {logging_mixin.py:151} INFO - [2023-09-01T14:53:16.868+0000] {dag.py:3677} INFO - Setting next_dagrun for example_branch_labels to 2023-08-31T00:00:00+00:00, run_after=2023-09-01T00:00:00+00:00
[2023-09-01T14:53:16.885+0000] {processor.py:179} INFO - Processing /home/airflow/.local/lib/python3.8/site-packages/airflow/example_dags/example_branch_labels.py took 0.082 seconds
[2023-09-01T14:53:47.091+0000] {processor.py:157} INFO - Started process (PID=424) to work on /home/airflow/.local/lib/python3.8/site-packages/airflow/example_dags/example_branch_labels.py
[2023-09-01T14:53:47.092+0000] {processor.py:829} INFO - Processing file /home/airflow/.local/lib/python3.8/site-packages/airflow/example_dags/example_branch_labels.py for tasks to queue
[2023-09-01T14:53:47.096+0000] {logging_mixin.py:151} INFO - [2023-09-01T14:53:47.095+0000] {dagbag.py:539} INFO - Filling up the DagBag from /home/airflow/.local/lib/python3.8/site-packages/airflow/example_dags/example_branch_labels.py
[2023-09-01T14:53:47.104+0000] {processor.py:839} INFO - DAG(s) dict_keys(['example_branch_labels']) retrieved from /home/airflow/.local/lib/python3.8/site-packages/airflow/example_dags/example_branch_labels.py
[2023-09-01T14:53:47.129+0000] {logging_mixin.py:151} INFO - [2023-09-01T14:53:47.129+0000] {dag.py:2907} INFO - Sync 1 DAGs
[2023-09-01T14:53:47.155+0000] {logging_mixin.py:151} INFO - [2023-09-01T14:53:47.155+0000] {dag.py:3677} INFO - Setting next_dagrun for example_branch_labels to 2023-08-31T00:00:00+00:00, run_after=2023-09-01T00:00:00+00:00
[2023-09-01T14:53:47.177+0000] {processor.py:179} INFO - Processing /home/airflow/.local/lib/python3.8/site-packages/airflow/example_dags/example_branch_labels.py took 0.090 seconds
[2023-09-01T14:54:17.223+0000] {processor.py:157} INFO - Started process (PID=478) to work on /home/airflow/.local/lib/python3.8/site-packages/airflow/example_dags/example_branch_labels.py
[2023-09-01T14:54:17.224+0000] {processor.py:829} INFO - Processing file /home/airflow/.local/lib/python3.8/site-packages/airflow/example_dags/example_branch_labels.py for tasks to queue
[2023-09-01T14:54:17.228+0000] {logging_mixin.py:151} INFO - [2023-09-01T14:54:17.227+0000] {dagbag.py:539} INFO - Filling up the DagBag from /home/airflow/.local/lib/python3.8/site-packages/airflow/example_dags/example_branch_labels.py
[2023-09-01T14:54:17.236+0000] {processor.py:839} INFO - DAG(s) dict_keys(['example_branch_labels']) retrieved from /home/airflow/.local/lib/python3.8/site-packages/airflow/example_dags/example_branch_labels.py
[2023-09-01T14:54:17.261+0000] {logging_mixin.py:151} INFO - [2023-09-01T14:54:17.260+0000] {dag.py:2907} INFO - Sync 1 DAGs
[2023-09-01T14:54:17.285+0000] {logging_mixin.py:151} INFO - [2023-09-01T14:54:17.285+0000] {dag.py:3677} INFO - Setting next_dagrun for example_branch_labels to 2023-08-31T00:00:00+00:00, run_after=2023-09-01T00:00:00+00:00
[2023-09-01T14:54:17.306+0000] {processor.py:179} INFO - Processing /home/airflow/.local/lib/python3.8/site-packages/airflow/example_dags/example_branch_labels.py took 0.087 seconds
[2023-09-01T14:54:47.560+0000] {processor.py:157} INFO - Started process (PID=532) to work on /home/airflow/.local/lib/python3.8/site-packages/airflow/example_dags/example_branch_labels.py
[2023-09-01T14:54:47.561+0000] {processor.py:829} INFO - Processing file /home/airflow/.local/lib/python3.8/site-packages/airflow/example_dags/example_branch_labels.py for tasks to queue
[2023-09-01T14:54:47.565+0000] {logging_mixin.py:151} INFO - [2023-09-01T14:54:47.564+0000] {dagbag.py:539} INFO - Filling up the DagBag from /home/airflow/.local/lib/python3.8/site-packages/airflow/example_dags/example_branch_labels.py
[2023-09-01T14:54:47.573+0000] {processor.py:839} INFO - DAG(s) dict_keys(['example_branch_labels']) retrieved from /home/airflow/.local/lib/python3.8/site-packages/airflow/example_dags/example_branch_labels.py
[2023-09-01T14:54:47.596+0000] {logging_mixin.py:151} INFO - [2023-09-01T14:54:47.596+0000] {dag.py:2907} INFO - Sync 1 DAGs
[2023-09-01T14:54:47.620+0000] {logging_mixin.py:151} INFO - [2023-09-01T14:54:47.619+0000] {dag.py:3677} INFO - Setting next_dagrun for example_branch_labels to 2023-08-31T00:00:00+00:00, run_after=2023-09-01T00:00:00+00:00
[2023-09-01T14:54:47.640+0000] {processor.py:179} INFO - Processing /home/airflow/.local/lib/python3.8/site-packages/airflow/example_dags/example_branch_labels.py took 0.085 seconds
[2023-09-01T14:55:18.526+0000] {processor.py:157} INFO - Started process (PID=586) to work on /home/airflow/.local/lib/python3.8/site-packages/airflow/example_dags/example_branch_labels.py
[2023-09-01T14:55:18.528+0000] {processor.py:829} INFO - Processing file /home/airflow/.local/lib/python3.8/site-packages/airflow/example_dags/example_branch_labels.py for tasks to queue
[2023-09-01T14:55:18.531+0000] {logging_mixin.py:151} INFO - [2023-09-01T14:55:18.531+0000] {dagbag.py:539} INFO - Filling up the DagBag from /home/airflow/.local/lib/python3.8/site-packages/airflow/example_dags/example_branch_labels.py
[2023-09-01T14:55:18.540+0000] {processor.py:839} INFO - DAG(s) dict_keys(['example_branch_labels']) retrieved from /home/airflow/.local/lib/python3.8/site-packages/airflow/example_dags/example_branch_labels.py
[2023-09-01T14:55:18.561+0000] {logging_mixin.py:151} INFO - [2023-09-01T14:55:18.561+0000] {dag.py:2907} INFO - Sync 1 DAGs
[2023-09-01T14:55:18.582+0000] {logging_mixin.py:151} INFO - [2023-09-01T14:55:18.582+0000] {dag.py:3677} INFO - Setting next_dagrun for example_branch_labels to 2023-08-31T00:00:00+00:00, run_after=2023-09-01T00:00:00+00:00
[2023-09-01T14:55:18.598+0000] {processor.py:179} INFO - Processing /home/airflow/.local/lib/python3.8/site-packages/airflow/example_dags/example_branch_labels.py took 0.075 seconds
[2023-09-01T14:55:49.146+0000] {processor.py:157} INFO - Started process (PID=640) to work on /home/airflow/.local/lib/python3.8/site-packages/airflow/example_dags/example_branch_labels.py
[2023-09-01T14:55:49.147+0000] {processor.py:829} INFO - Processing file /home/airflow/.local/lib/python3.8/site-packages/airflow/example_dags/example_branch_labels.py for tasks to queue
[2023-09-01T14:55:49.152+0000] {logging_mixin.py:151} INFO - [2023-09-01T14:55:49.151+0000] {dagbag.py:539} INFO - Filling up the DagBag from /home/airflow/.local/lib/python3.8/site-packages/airflow/example_dags/example_branch_labels.py
[2023-09-01T14:55:49.162+0000] {processor.py:839} INFO - DAG(s) dict_keys(['example_branch_labels']) retrieved from /home/airflow/.local/lib/python3.8/site-packages/airflow/example_dags/example_branch_labels.py
[2023-09-01T14:55:49.188+0000] {logging_mixin.py:151} INFO - [2023-09-01T14:55:49.188+0000] {dag.py:2907} INFO - Sync 1 DAGs
[2023-09-01T14:55:49.212+0000] {logging_mixin.py:151} INFO - [2023-09-01T14:55:49.212+0000] {dag.py:3677} INFO - Setting next_dagrun for example_branch_labels to 2023-08-31T00:00:00+00:00, run_after=2023-09-01T00:00:00+00:00
[2023-09-01T14:55:49.231+0000] {processor.py:179} INFO - Processing /home/airflow/.local/lib/python3.8/site-packages/airflow/example_dags/example_branch_labels.py took 0.090 seconds
[2023-09-01T14:56:19.951+0000] {processor.py:157} INFO - Started process (PID=694) to work on /home/airflow/.local/lib/python3.8/site-packages/airflow/example_dags/example_branch_labels.py
[2023-09-01T14:56:19.952+0000] {processor.py:829} INFO - Processing file /home/airflow/.local/lib/python3.8/site-packages/airflow/example_dags/example_branch_labels.py for tasks to queue
[2023-09-01T14:56:19.955+0000] {logging_mixin.py:151} INFO - [2023-09-01T14:56:19.955+0000] {dagbag.py:539} INFO - Filling up the DagBag from /home/airflow/.local/lib/python3.8/site-packages/airflow/example_dags/example_branch_labels.py
[2023-09-01T14:56:19.964+0000] {processor.py:839} INFO - DAG(s) dict_keys(['example_branch_labels']) retrieved from /home/airflow/.local/lib/python3.8/site-packages/airflow/example_dags/example_branch_labels.py
[2023-09-01T14:56:19.988+0000] {logging_mixin.py:151} INFO - [2023-09-01T14:56:19.988+0000] {dag.py:2907} INFO - Sync 1 DAGs
[2023-09-01T14:56:20.016+0000] {logging_mixin.py:151} INFO - [2023-09-01T14:56:20.016+0000] {dag.py:3677} INFO - Setting next_dagrun for example_branch_labels to 2023-08-31T00:00:00+00:00, run_after=2023-09-01T00:00:00+00:00
[2023-09-01T14:56:20.035+0000] {processor.py:179} INFO - Processing /home/airflow/.local/lib/python3.8/site-packages/airflow/example_dags/example_branch_labels.py took 0.089 seconds
[2023-09-01T14:56:50.745+0000] {processor.py:157} INFO - Started process (PID=748) to work on /home/airflow/.local/lib/python3.8/site-packages/airflow/example_dags/example_branch_labels.py
[2023-09-01T14:56:50.746+0000] {processor.py:829} INFO - Processing file /home/airflow/.local/lib/python3.8/site-packages/airflow/example_dags/example_branch_labels.py for tasks to queue
[2023-09-01T14:56:50.750+0000] {logging_mixin.py:151} INFO - [2023-09-01T14:56:50.750+0000] {dagbag.py:539} INFO - Filling up the DagBag from /home/airflow/.local/lib/python3.8/site-packages/airflow/example_dags/example_branch_labels.py
[2023-09-01T14:56:50.759+0000] {processor.py:839} INFO - DAG(s) dict_keys(['example_branch_labels']) retrieved from /home/airflow/.local/lib/python3.8/site-packages/airflow/example_dags/example_branch_labels.py
[2023-09-01T14:56:50.783+0000] {logging_mixin.py:151} INFO - [2023-09-01T14:56:50.783+0000] {dag.py:2907} INFO - Sync 1 DAGs
[2023-09-01T14:56:50.807+0000] {logging_mixin.py:151} INFO - [2023-09-01T14:56:50.807+0000] {dag.py:3677} INFO - Setting next_dagrun for example_branch_labels to 2023-08-31T00:00:00+00:00, run_after=2023-09-01T00:00:00+00:00
[2023-09-01T14:56:50.826+0000] {processor.py:179} INFO - Processing /home/airflow/.local/lib/python3.8/site-packages/airflow/example_dags/example_branch_labels.py took 0.085 seconds
[2023-09-01T14:57:21.551+0000] {processor.py:157} INFO - Started process (PID=802) to work on /home/airflow/.local/lib/python3.8/site-packages/airflow/example_dags/example_branch_labels.py
[2023-09-01T14:57:21.552+0000] {processor.py:829} INFO - Processing file /home/airflow/.local/lib/python3.8/site-packages/airflow/example_dags/example_branch_labels.py for tasks to queue
[2023-09-01T14:57:21.556+0000] {logging_mixin.py:151} INFO - [2023-09-01T14:57:21.556+0000] {dagbag.py:539} INFO - Filling up the DagBag from /home/airflow/.local/lib/python3.8/site-packages/airflow/example_dags/example_branch_labels.py
[2023-09-01T14:57:21.567+0000] {processor.py:839} INFO - DAG(s) dict_keys(['example_branch_labels']) retrieved from /home/airflow/.local/lib/python3.8/site-packages/airflow/example_dags/example_branch_labels.py
[2023-09-01T14:57:21.597+0000] {logging_mixin.py:151} INFO - [2023-09-01T14:57:21.597+0000] {dag.py:2907} INFO - Sync 1 DAGs
[2023-09-01T14:57:21.630+0000] {logging_mixin.py:151} INFO - [2023-09-01T14:57:21.630+0000] {dag.py:3677} INFO - Setting next_dagrun for example_branch_labels to 2023-08-31T00:00:00+00:00, run_after=2023-09-01T00:00:00+00:00
[2023-09-01T14:57:21.655+0000] {processor.py:179} INFO - Processing /home/airflow/.local/lib/python3.8/site-packages/airflow/example_dags/example_branch_labels.py took 0.109 seconds
[2023-09-01T14:57:52.294+0000] {processor.py:157} INFO - Started process (PID=856) to work on /home/airflow/.local/lib/python3.8/site-packages/airflow/example_dags/example_branch_labels.py
[2023-09-01T14:57:52.295+0000] {processor.py:829} INFO - Processing file /home/airflow/.local/lib/python3.8/site-packages/airflow/example_dags/example_branch_labels.py for tasks to queue
[2023-09-01T14:57:52.299+0000] {logging_mixin.py:151} INFO - [2023-09-01T14:57:52.298+0000] {dagbag.py:539} INFO - Filling up the DagBag from /home/airflow/.local/lib/python3.8/site-packages/airflow/example_dags/example_branch_labels.py
[2023-09-01T14:57:52.307+0000] {processor.py:839} INFO - DAG(s) dict_keys(['example_branch_labels']) retrieved from /home/airflow/.local/lib/python3.8/site-packages/airflow/example_dags/example_branch_labels.py
[2023-09-01T14:57:52.332+0000] {logging_mixin.py:151} INFO - [2023-09-01T14:57:52.331+0000] {dag.py:2907} INFO - Sync 1 DAGs
[2023-09-01T14:57:52.357+0000] {logging_mixin.py:151} INFO - [2023-09-01T14:57:52.356+0000] {dag.py:3677} INFO - Setting next_dagrun for example_branch_labels to 2023-08-31T00:00:00+00:00, run_after=2023-09-01T00:00:00+00:00
[2023-09-01T14:57:52.374+0000] {processor.py:179} INFO - Processing /home/airflow/.local/lib/python3.8/site-packages/airflow/example_dags/example_branch_labels.py took 0.083 seconds
[2023-09-01T14:58:23.083+0000] {processor.py:157} INFO - Started process (PID=910) to work on /home/airflow/.local/lib/python3.8/site-packages/airflow/example_dags/example_branch_labels.py
[2023-09-01T14:58:23.084+0000] {processor.py:829} INFO - Processing file /home/airflow/.local/lib/python3.8/site-packages/airflow/example_dags/example_branch_labels.py for tasks to queue
[2023-09-01T14:58:23.088+0000] {logging_mixin.py:151} INFO - [2023-09-01T14:58:23.087+0000] {dagbag.py:539} INFO - Filling up the DagBag from /home/airflow/.local/lib/python3.8/site-packages/airflow/example_dags/example_branch_labels.py
[2023-09-01T14:58:23.096+0000] {processor.py:839} INFO - DAG(s) dict_keys(['example_branch_labels']) retrieved from /home/airflow/.local/lib/python3.8/site-packages/airflow/example_dags/example_branch_labels.py
[2023-09-01T14:58:23.121+0000] {logging_mixin.py:151} INFO - [2023-09-01T14:58:23.121+0000] {dag.py:2907} INFO - Sync 1 DAGs
[2023-09-01T14:58:23.148+0000] {logging_mixin.py:151} INFO - [2023-09-01T14:58:23.148+0000] {dag.py:3677} INFO - Setting next_dagrun for example_branch_labels to 2023-08-31T00:00:00+00:00, run_after=2023-09-01T00:00:00+00:00
[2023-09-01T14:58:23.168+0000] {processor.py:179} INFO - Processing /home/airflow/.local/lib/python3.8/site-packages/airflow/example_dags/example_branch_labels.py took 0.089 seconds
[2023-09-01T14:58:53.991+0000] {processor.py:157} INFO - Started process (PID=964) to work on /home/airflow/.local/lib/python3.8/site-packages/airflow/example_dags/example_branch_labels.py
[2023-09-01T14:58:53.992+0000] {processor.py:829} INFO - Processing file /home/airflow/.local/lib/python3.8/site-packages/airflow/example_dags/example_branch_labels.py for tasks to queue
[2023-09-01T14:58:53.996+0000] {logging_mixin.py:151} INFO - [2023-09-01T14:58:53.995+0000] {dagbag.py:539} INFO - Filling up the DagBag from /home/airflow/.local/lib/python3.8/site-packages/airflow/example_dags/example_branch_labels.py
[2023-09-01T14:58:54.004+0000] {processor.py:839} INFO - DAG(s) dict_keys(['example_branch_labels']) retrieved from /home/airflow/.local/lib/python3.8/site-packages/airflow/example_dags/example_branch_labels.py
[2023-09-01T14:58:54.029+0000] {logging_mixin.py:151} INFO - [2023-09-01T14:58:54.028+0000] {dag.py:2907} INFO - Sync 1 DAGs
[2023-09-01T14:58:54.053+0000] {logging_mixin.py:151} INFO - [2023-09-01T14:58:54.053+0000] {dag.py:3677} INFO - Setting next_dagrun for example_branch_labels to 2023-08-31T00:00:00+00:00, run_after=2023-09-01T00:00:00+00:00
[2023-09-01T14:58:54.069+0000] {processor.py:179} INFO - Processing /home/airflow/.local/lib/python3.8/site-packages/airflow/example_dags/example_branch_labels.py took 0.082 seconds
[2023-09-01T14:59:24.484+0000] {processor.py:157} INFO - Started process (PID=1018) to work on /home/airflow/.local/lib/python3.8/site-packages/airflow/example_dags/example_branch_labels.py
[2023-09-01T14:59:24.486+0000] {processor.py:829} INFO - Processing file /home/airflow/.local/lib/python3.8/site-packages/airflow/example_dags/example_branch_labels.py for tasks to queue
[2023-09-01T14:59:24.489+0000] {logging_mixin.py:151} INFO - [2023-09-01T14:59:24.489+0000] {dagbag.py:539} INFO - Filling up the DagBag from /home/airflow/.local/lib/python3.8/site-packages/airflow/example_dags/example_branch_labels.py
[2023-09-01T14:59:24.498+0000] {processor.py:839} INFO - DAG(s) dict_keys(['example_branch_labels']) retrieved from /home/airflow/.local/lib/python3.8/site-packages/airflow/example_dags/example_branch_labels.py
[2023-09-01T14:59:24.522+0000] {logging_mixin.py:151} INFO - [2023-09-01T14:59:24.522+0000] {dag.py:2907} INFO - Sync 1 DAGs
[2023-09-01T14:59:24.546+0000] {logging_mixin.py:151} INFO - [2023-09-01T14:59:24.546+0000] {dag.py:3677} INFO - Setting next_dagrun for example_branch_labels to 2023-08-31T00:00:00+00:00, run_after=2023-09-01T00:00:00+00:00
[2023-09-01T14:59:24.562+0000] {processor.py:179} INFO - Processing /home/airflow/.local/lib/python3.8/site-packages/airflow/example_dags/example_branch_labels.py took 0.082 seconds
[2023-09-01T14:59:55.466+0000] {processor.py:157} INFO - Started process (PID=1072) to work on /home/airflow/.local/lib/python3.8/site-packages/airflow/example_dags/example_branch_labels.py
[2023-09-01T14:59:55.467+0000] {processor.py:829} INFO - Processing file /home/airflow/.local/lib/python3.8/site-packages/airflow/example_dags/example_branch_labels.py for tasks to queue
[2023-09-01T14:59:55.471+0000] {logging_mixin.py:151} INFO - [2023-09-01T14:59:55.470+0000] {dagbag.py:539} INFO - Filling up the DagBag from /home/airflow/.local/lib/python3.8/site-packages/airflow/example_dags/example_branch_labels.py
[2023-09-01T14:59:55.479+0000] {processor.py:839} INFO - DAG(s) dict_keys(['example_branch_labels']) retrieved from /home/airflow/.local/lib/python3.8/site-packages/airflow/example_dags/example_branch_labels.py
[2023-09-01T14:59:55.504+0000] {logging_mixin.py:151} INFO - [2023-09-01T14:59:55.504+0000] {dag.py:2907} INFO - Sync 1 DAGs
[2023-09-01T14:59:55.530+0000] {logging_mixin.py:151} INFO - [2023-09-01T14:59:55.529+0000] {dag.py:3677} INFO - Setting next_dagrun for example_branch_labels to 2023-08-31T00:00:00+00:00, run_after=2023-09-01T00:00:00+00:00
[2023-09-01T14:59:55.546+0000] {processor.py:179} INFO - Processing /home/airflow/.local/lib/python3.8/site-packages/airflow/example_dags/example_branch_labels.py took 0.084 seconds
[2023-09-01T15:00:26.286+0000] {processor.py:157} INFO - Started process (PID=1126) to work on /home/airflow/.local/lib/python3.8/site-packages/airflow/example_dags/example_branch_labels.py
[2023-09-01T15:00:26.288+0000] {processor.py:829} INFO - Processing file /home/airflow/.local/lib/python3.8/site-packages/airflow/example_dags/example_branch_labels.py for tasks to queue
[2023-09-01T15:00:26.291+0000] {logging_mixin.py:151} INFO - [2023-09-01T15:00:26.291+0000] {dagbag.py:539} INFO - Filling up the DagBag from /home/airflow/.local/lib/python3.8/site-packages/airflow/example_dags/example_branch_labels.py
[2023-09-01T15:00:26.300+0000] {processor.py:839} INFO - DAG(s) dict_keys(['example_branch_labels']) retrieved from /home/airflow/.local/lib/python3.8/site-packages/airflow/example_dags/example_branch_labels.py
[2023-09-01T15:00:26.325+0000] {logging_mixin.py:151} INFO - [2023-09-01T15:00:26.325+0000] {dag.py:2907} INFO - Sync 1 DAGs
[2023-09-01T15:00:26.351+0000] {logging_mixin.py:151} INFO - [2023-09-01T15:00:26.351+0000] {dag.py:3677} INFO - Setting next_dagrun for example_branch_labels to 2023-08-31T00:00:00+00:00, run_after=2023-09-01T00:00:00+00:00
[2023-09-01T15:00:26.369+0000] {processor.py:179} INFO - Processing /home/airflow/.local/lib/python3.8/site-packages/airflow/example_dags/example_branch_labels.py took 0.087 seconds
[2023-09-01T15:00:56.842+0000] {processor.py:157} INFO - Started process (PID=1187) to work on /home/airflow/.local/lib/python3.8/site-packages/airflow/example_dags/example_branch_labels.py
[2023-09-01T15:00:56.844+0000] {processor.py:829} INFO - Processing file /home/airflow/.local/lib/python3.8/site-packages/airflow/example_dags/example_branch_labels.py for tasks to queue
[2023-09-01T15:00:56.848+0000] {logging_mixin.py:151} INFO - [2023-09-01T15:00:56.848+0000] {dagbag.py:539} INFO - Filling up the DagBag from /home/airflow/.local/lib/python3.8/site-packages/airflow/example_dags/example_branch_labels.py
[2023-09-01T15:00:56.861+0000] {processor.py:839} INFO - DAG(s) dict_keys(['example_branch_labels']) retrieved from /home/airflow/.local/lib/python3.8/site-packages/airflow/example_dags/example_branch_labels.py
[2023-09-01T15:00:56.890+0000] {logging_mixin.py:151} INFO - [2023-09-01T15:00:56.890+0000] {dag.py:2907} INFO - Sync 1 DAGs
[2023-09-01T15:00:56.920+0000] {logging_mixin.py:151} INFO - [2023-09-01T15:00:56.919+0000] {dag.py:3677} INFO - Setting next_dagrun for example_branch_labels to 2023-08-31T00:00:00+00:00, run_after=2023-09-01T00:00:00+00:00
[2023-09-01T15:00:56.939+0000] {processor.py:179} INFO - Processing /home/airflow/.local/lib/python3.8/site-packages/airflow/example_dags/example_branch_labels.py took 0.103 seconds
[2023-09-01T15:01:27.696+0000] {processor.py:157} INFO - Started process (PID=1241) to work on /home/airflow/.local/lib/python3.8/site-packages/airflow/example_dags/example_branch_labels.py
[2023-09-01T15:01:27.698+0000] {processor.py:829} INFO - Processing file /home/airflow/.local/lib/python3.8/site-packages/airflow/example_dags/example_branch_labels.py for tasks to queue
[2023-09-01T15:01:27.701+0000] {logging_mixin.py:151} INFO - [2023-09-01T15:01:27.701+0000] {dagbag.py:539} INFO - Filling up the DagBag from /home/airflow/.local/lib/python3.8/site-packages/airflow/example_dags/example_branch_labels.py
[2023-09-01T15:01:27.710+0000] {processor.py:839} INFO - DAG(s) dict_keys(['example_branch_labels']) retrieved from /home/airflow/.local/lib/python3.8/site-packages/airflow/example_dags/example_branch_labels.py
[2023-09-01T15:01:27.735+0000] {logging_mixin.py:151} INFO - [2023-09-01T15:01:27.734+0000] {dag.py:2907} INFO - Sync 1 DAGs
[2023-09-01T15:01:27.759+0000] {logging_mixin.py:151} INFO - [2023-09-01T15:01:27.759+0000] {dag.py:3677} INFO - Setting next_dagrun for example_branch_labels to 2023-08-31T00:00:00+00:00, run_after=2023-09-01T00:00:00+00:00
[2023-09-01T15:01:27.781+0000] {processor.py:179} INFO - Processing /home/airflow/.local/lib/python3.8/site-packages/airflow/example_dags/example_branch_labels.py took 0.089 seconds
[2023-09-01T15:01:58.282+0000] {processor.py:157} INFO - Started process (PID=1295) to work on /home/airflow/.local/lib/python3.8/site-packages/airflow/example_dags/example_branch_labels.py
[2023-09-01T15:01:58.284+0000] {processor.py:829} INFO - Processing file /home/airflow/.local/lib/python3.8/site-packages/airflow/example_dags/example_branch_labels.py for tasks to queue
[2023-09-01T15:01:58.290+0000] {logging_mixin.py:151} INFO - [2023-09-01T15:01:58.289+0000] {dagbag.py:539} INFO - Filling up the DagBag from /home/airflow/.local/lib/python3.8/site-packages/airflow/example_dags/example_branch_labels.py
[2023-09-01T15:01:58.303+0000] {processor.py:839} INFO - DAG(s) dict_keys(['example_branch_labels']) retrieved from /home/airflow/.local/lib/python3.8/site-packages/airflow/example_dags/example_branch_labels.py
[2023-09-01T15:01:58.337+0000] {logging_mixin.py:151} INFO - [2023-09-01T15:01:58.337+0000] {dag.py:2907} INFO - Sync 1 DAGs
[2023-09-01T15:01:58.376+0000] {logging_mixin.py:151} INFO - [2023-09-01T15:01:58.375+0000] {dag.py:3677} INFO - Setting next_dagrun for example_branch_labels to 2023-08-31T00:00:00+00:00, run_after=2023-09-01T00:00:00+00:00
[2023-09-01T15:01:58.404+0000] {processor.py:179} INFO - Processing /home/airflow/.local/lib/python3.8/site-packages/airflow/example_dags/example_branch_labels.py took 0.127 seconds
[2023-09-01T15:02:28.496+0000] {processor.py:157} INFO - Started process (PID=1349) to work on /home/airflow/.local/lib/python3.8/site-packages/airflow/example_dags/example_branch_labels.py
[2023-09-01T15:02:28.498+0000] {processor.py:829} INFO - Processing file /home/airflow/.local/lib/python3.8/site-packages/airflow/example_dags/example_branch_labels.py for tasks to queue
[2023-09-01T15:02:28.503+0000] {logging_mixin.py:151} INFO - [2023-09-01T15:02:28.502+0000] {dagbag.py:539} INFO - Filling up the DagBag from /home/airflow/.local/lib/python3.8/site-packages/airflow/example_dags/example_branch_labels.py
[2023-09-01T15:02:28.515+0000] {processor.py:839} INFO - DAG(s) dict_keys(['example_branch_labels']) retrieved from /home/airflow/.local/lib/python3.8/site-packages/airflow/example_dags/example_branch_labels.py
[2023-09-01T15:02:28.549+0000] {logging_mixin.py:151} INFO - [2023-09-01T15:02:28.549+0000] {dag.py:2907} INFO - Sync 1 DAGs
[2023-09-01T15:02:28.583+0000] {logging_mixin.py:151} INFO - [2023-09-01T15:02:28.583+0000] {dag.py:3677} INFO - Setting next_dagrun for example_branch_labels to 2023-08-31T00:00:00+00:00, run_after=2023-09-01T00:00:00+00:00
[2023-09-01T15:02:28.610+0000] {processor.py:179} INFO - Processing /home/airflow/.local/lib/python3.8/site-packages/airflow/example_dags/example_branch_labels.py took 0.119 seconds
[2023-09-01T15:02:58.748+0000] {processor.py:157} INFO - Started process (PID=1403) to work on /home/airflow/.local/lib/python3.8/site-packages/airflow/example_dags/example_branch_labels.py
[2023-09-01T15:02:58.749+0000] {processor.py:829} INFO - Processing file /home/airflow/.local/lib/python3.8/site-packages/airflow/example_dags/example_branch_labels.py for tasks to queue
[2023-09-01T15:02:58.752+0000] {logging_mixin.py:151} INFO - [2023-09-01T15:02:58.752+0000] {dagbag.py:539} INFO - Filling up the DagBag from /home/airflow/.local/lib/python3.8/site-packages/airflow/example_dags/example_branch_labels.py
[2023-09-01T15:02:58.762+0000] {processor.py:839} INFO - DAG(s) dict_keys(['example_branch_labels']) retrieved from /home/airflow/.local/lib/python3.8/site-packages/airflow/example_dags/example_branch_labels.py
[2023-09-01T15:02:58.787+0000] {logging_mixin.py:151} INFO - [2023-09-01T15:02:58.787+0000] {dag.py:2907} INFO - Sync 1 DAGs
[2023-09-01T15:02:58.813+0000] {logging_mixin.py:151} INFO - [2023-09-01T15:02:58.813+0000] {dag.py:3677} INFO - Setting next_dagrun for example_branch_labels to 2023-08-31T00:00:00+00:00, run_after=2023-09-01T00:00:00+00:00
[2023-09-01T15:02:58.832+0000] {processor.py:179} INFO - Processing /home/airflow/.local/lib/python3.8/site-packages/airflow/example_dags/example_branch_labels.py took 0.089 seconds
[2023-09-01T15:03:29.152+0000] {processor.py:157} INFO - Started process (PID=1457) to work on /home/airflow/.local/lib/python3.8/site-packages/airflow/example_dags/example_branch_labels.py
[2023-09-01T15:03:29.154+0000] {processor.py:829} INFO - Processing file /home/airflow/.local/lib/python3.8/site-packages/airflow/example_dags/example_branch_labels.py for tasks to queue
[2023-09-01T15:03:29.159+0000] {logging_mixin.py:151} INFO - [2023-09-01T15:03:29.158+0000] {dagbag.py:539} INFO - Filling up the DagBag from /home/airflow/.local/lib/python3.8/site-packages/airflow/example_dags/example_branch_labels.py
[2023-09-01T15:03:29.170+0000] {processor.py:839} INFO - DAG(s) dict_keys(['example_branch_labels']) retrieved from /home/airflow/.local/lib/python3.8/site-packages/airflow/example_dags/example_branch_labels.py
[2023-09-01T15:03:29.199+0000] {logging_mixin.py:151} INFO - [2023-09-01T15:03:29.199+0000] {dag.py:2907} INFO - Sync 1 DAGs
[2023-09-01T15:03:29.227+0000] {logging_mixin.py:151} INFO - [2023-09-01T15:03:29.227+0000] {dag.py:3677} INFO - Setting next_dagrun for example_branch_labels to 2023-08-31T00:00:00+00:00, run_after=2023-09-01T00:00:00+00:00
[2023-09-01T15:03:29.289+0000] {processor.py:179} INFO - Processing /home/airflow/.local/lib/python3.8/site-packages/airflow/example_dags/example_branch_labels.py took 0.142 seconds
[2023-09-01T15:03:59.339+0000] {processor.py:157} INFO - Started process (PID=1511) to work on /home/airflow/.local/lib/python3.8/site-packages/airflow/example_dags/example_branch_labels.py
[2023-09-01T15:03:59.340+0000] {processor.py:829} INFO - Processing file /home/airflow/.local/lib/python3.8/site-packages/airflow/example_dags/example_branch_labels.py for tasks to queue
[2023-09-01T15:03:59.344+0000] {logging_mixin.py:151} INFO - [2023-09-01T15:03:59.343+0000] {dagbag.py:539} INFO - Filling up the DagBag from /home/airflow/.local/lib/python3.8/site-packages/airflow/example_dags/example_branch_labels.py
[2023-09-01T15:03:59.352+0000] {processor.py:839} INFO - DAG(s) dict_keys(['example_branch_labels']) retrieved from /home/airflow/.local/lib/python3.8/site-packages/airflow/example_dags/example_branch_labels.py
[2023-09-01T15:03:59.377+0000] {logging_mixin.py:151} INFO - [2023-09-01T15:03:59.377+0000] {dag.py:2907} INFO - Sync 1 DAGs
[2023-09-01T15:03:59.402+0000] {logging_mixin.py:151} INFO - [2023-09-01T15:03:59.402+0000] {dag.py:3677} INFO - Setting next_dagrun for example_branch_labels to 2023-08-31T00:00:00+00:00, run_after=2023-09-01T00:00:00+00:00
[2023-09-01T15:03:59.418+0000] {processor.py:179} INFO - Processing /home/airflow/.local/lib/python3.8/site-packages/airflow/example_dags/example_branch_labels.py took 0.083 seconds
[2023-09-01T15:04:29.672+0000] {processor.py:157} INFO - Started process (PID=1565) to work on /home/airflow/.local/lib/python3.8/site-packages/airflow/example_dags/example_branch_labels.py
[2023-09-01T15:04:29.674+0000] {processor.py:829} INFO - Processing file /home/airflow/.local/lib/python3.8/site-packages/airflow/example_dags/example_branch_labels.py for tasks to queue
[2023-09-01T15:04:29.677+0000] {logging_mixin.py:151} INFO - [2023-09-01T15:04:29.677+0000] {dagbag.py:539} INFO - Filling up the DagBag from /home/airflow/.local/lib/python3.8/site-packages/airflow/example_dags/example_branch_labels.py
[2023-09-01T15:04:29.689+0000] {processor.py:839} INFO - DAG(s) dict_keys(['example_branch_labels']) retrieved from /home/airflow/.local/lib/python3.8/site-packages/airflow/example_dags/example_branch_labels.py
[2023-09-01T15:04:29.721+0000] {logging_mixin.py:151} INFO - [2023-09-01T15:04:29.721+0000] {dag.py:2907} INFO - Sync 1 DAGs
[2023-09-01T15:04:29.755+0000] {logging_mixin.py:151} INFO - [2023-09-01T15:04:29.755+0000] {dag.py:3677} INFO - Setting next_dagrun for example_branch_labels to 2023-08-31T00:00:00+00:00, run_after=2023-09-01T00:00:00+00:00
[2023-09-01T15:04:29.791+0000] {processor.py:179} INFO - Processing /home/airflow/.local/lib/python3.8/site-packages/airflow/example_dags/example_branch_labels.py took 0.123 seconds
[2023-09-01T15:04:59.866+0000] {processor.py:157} INFO - Started process (PID=1620) to work on /home/airflow/.local/lib/python3.8/site-packages/airflow/example_dags/example_branch_labels.py
[2023-09-01T15:04:59.886+0000] {processor.py:829} INFO - Processing file /home/airflow/.local/lib/python3.8/site-packages/airflow/example_dags/example_branch_labels.py for tasks to queue
[2023-09-01T15:04:59.907+0000] {logging_mixin.py:151} INFO - [2023-09-01T15:04:59.907+0000] {dagbag.py:539} INFO - Filling up the DagBag from /home/airflow/.local/lib/python3.8/site-packages/airflow/example_dags/example_branch_labels.py
[2023-09-01T15:04:59.921+0000] {processor.py:839} INFO - DAG(s) dict_keys(['example_branch_labels']) retrieved from /home/airflow/.local/lib/python3.8/site-packages/airflow/example_dags/example_branch_labels.py
[2023-09-01T15:04:59.964+0000] {logging_mixin.py:151} INFO - [2023-09-01T15:04:59.963+0000] {dag.py:2907} INFO - Sync 1 DAGs
[2023-09-01T15:05:00.002+0000] {logging_mixin.py:151} INFO - [2023-09-01T15:05:00.002+0000] {dag.py:3677} INFO - Setting next_dagrun for example_branch_labels to 2023-08-31T00:00:00+00:00, run_after=2023-09-01T00:00:00+00:00
[2023-09-01T15:05:00.025+0000] {processor.py:179} INFO - Processing /home/airflow/.local/lib/python3.8/site-packages/airflow/example_dags/example_branch_labels.py took 0.162 seconds
[2023-09-01T15:05:30.201+0000] {processor.py:157} INFO - Started process (PID=1674) to work on /home/airflow/.local/lib/python3.8/site-packages/airflow/example_dags/example_branch_labels.py
[2023-09-01T15:05:30.203+0000] {processor.py:829} INFO - Processing file /home/airflow/.local/lib/python3.8/site-packages/airflow/example_dags/example_branch_labels.py for tasks to queue
[2023-09-01T15:05:30.206+0000] {logging_mixin.py:151} INFO - [2023-09-01T15:05:30.206+0000] {dagbag.py:539} INFO - Filling up the DagBag from /home/airflow/.local/lib/python3.8/site-packages/airflow/example_dags/example_branch_labels.py
[2023-09-01T15:05:30.217+0000] {processor.py:839} INFO - DAG(s) dict_keys(['example_branch_labels']) retrieved from /home/airflow/.local/lib/python3.8/site-packages/airflow/example_dags/example_branch_labels.py
[2023-09-01T15:05:30.245+0000] {logging_mixin.py:151} INFO - [2023-09-01T15:05:30.245+0000] {dag.py:2907} INFO - Sync 1 DAGs
[2023-09-01T15:05:30.278+0000] {logging_mixin.py:151} INFO - [2023-09-01T15:05:30.278+0000] {dag.py:3677} INFO - Setting next_dagrun for example_branch_labels to 2023-08-31T00:00:00+00:00, run_after=2023-09-01T00:00:00+00:00
[2023-09-01T15:05:30.306+0000] {processor.py:179} INFO - Processing /home/airflow/.local/lib/python3.8/site-packages/airflow/example_dags/example_branch_labels.py took 0.110 seconds
[2023-09-01T15:06:00.371+0000] {processor.py:157} INFO - Started process (PID=1728) to work on /home/airflow/.local/lib/python3.8/site-packages/airflow/example_dags/example_branch_labels.py
[2023-09-01T15:06:00.373+0000] {processor.py:829} INFO - Processing file /home/airflow/.local/lib/python3.8/site-packages/airflow/example_dags/example_branch_labels.py for tasks to queue
[2023-09-01T15:06:00.376+0000] {logging_mixin.py:151} INFO - [2023-09-01T15:06:00.376+0000] {dagbag.py:539} INFO - Filling up the DagBag from /home/airflow/.local/lib/python3.8/site-packages/airflow/example_dags/example_branch_labels.py
[2023-09-01T15:06:00.387+0000] {processor.py:839} INFO - DAG(s) dict_keys(['example_branch_labels']) retrieved from /home/airflow/.local/lib/python3.8/site-packages/airflow/example_dags/example_branch_labels.py
[2023-09-01T15:06:00.417+0000] {logging_mixin.py:151} INFO - [2023-09-01T15:06:00.417+0000] {dag.py:2907} INFO - Sync 1 DAGs
[2023-09-01T15:06:00.445+0000] {logging_mixin.py:151} INFO - [2023-09-01T15:06:00.445+0000] {dag.py:3677} INFO - Setting next_dagrun for example_branch_labels to 2023-08-31T00:00:00+00:00, run_after=2023-09-01T00:00:00+00:00
[2023-09-01T15:06:00.464+0000] {processor.py:179} INFO - Processing /home/airflow/.local/lib/python3.8/site-packages/airflow/example_dags/example_branch_labels.py took 0.098 seconds
[2023-09-01T15:06:30.650+0000] {processor.py:157} INFO - Started process (PID=1782) to work on /home/airflow/.local/lib/python3.8/site-packages/airflow/example_dags/example_branch_labels.py
[2023-09-01T15:06:30.652+0000] {processor.py:829} INFO - Processing file /home/airflow/.local/lib/python3.8/site-packages/airflow/example_dags/example_branch_labels.py for tasks to queue
[2023-09-01T15:06:30.654+0000] {logging_mixin.py:151} INFO - [2023-09-01T15:06:30.654+0000] {dagbag.py:539} INFO - Filling up the DagBag from /home/airflow/.local/lib/python3.8/site-packages/airflow/example_dags/example_branch_labels.py
[2023-09-01T15:06:30.664+0000] {processor.py:839} INFO - DAG(s) dict_keys(['example_branch_labels']) retrieved from /home/airflow/.local/lib/python3.8/site-packages/airflow/example_dags/example_branch_labels.py
[2023-09-01T15:06:30.688+0000] {logging_mixin.py:151} INFO - [2023-09-01T15:06:30.688+0000] {dag.py:2907} INFO - Sync 1 DAGs
[2023-09-01T15:06:30.712+0000] {logging_mixin.py:151} INFO - [2023-09-01T15:06:30.712+0000] {dag.py:3677} INFO - Setting next_dagrun for example_branch_labels to 2023-08-31T00:00:00+00:00, run_after=2023-09-01T00:00:00+00:00
[2023-09-01T15:06:30.731+0000] {processor.py:179} INFO - Processing /home/airflow/.local/lib/python3.8/site-packages/airflow/example_dags/example_branch_labels.py took 0.085 seconds
[2023-09-01T15:07:00.804+0000] {processor.py:157} INFO - Started process (PID=1836) to work on /home/airflow/.local/lib/python3.8/site-packages/airflow/example_dags/example_branch_labels.py
[2023-09-01T15:07:00.805+0000] {processor.py:829} INFO - Processing file /home/airflow/.local/lib/python3.8/site-packages/airflow/example_dags/example_branch_labels.py for tasks to queue
[2023-09-01T15:07:00.808+0000] {logging_mixin.py:151} INFO - [2023-09-01T15:07:00.808+0000] {dagbag.py:539} INFO - Filling up the DagBag from /home/airflow/.local/lib/python3.8/site-packages/airflow/example_dags/example_branch_labels.py
[2023-09-01T15:07:00.817+0000] {processor.py:839} INFO - DAG(s) dict_keys(['example_branch_labels']) retrieved from /home/airflow/.local/lib/python3.8/site-packages/airflow/example_dags/example_branch_labels.py
[2023-09-01T15:07:00.842+0000] {logging_mixin.py:151} INFO - [2023-09-01T15:07:00.841+0000] {dag.py:2907} INFO - Sync 1 DAGs
[2023-09-01T15:07:00.867+0000] {logging_mixin.py:151} INFO - [2023-09-01T15:07:00.866+0000] {dag.py:3677} INFO - Setting next_dagrun for example_branch_labels to 2023-08-31T00:00:00+00:00, run_after=2023-09-01T00:00:00+00:00
[2023-09-01T15:07:00.885+0000] {processor.py:179} INFO - Processing /home/airflow/.local/lib/python3.8/site-packages/airflow/example_dags/example_branch_labels.py took 0.085 seconds
[2023-09-01T15:07:31.858+0000] {processor.py:157} INFO - Started process (PID=1890) to work on /home/airflow/.local/lib/python3.8/site-packages/airflow/example_dags/example_branch_labels.py
[2023-09-01T15:07:31.859+0000] {processor.py:829} INFO - Processing file /home/airflow/.local/lib/python3.8/site-packages/airflow/example_dags/example_branch_labels.py for tasks to queue
[2023-09-01T15:07:31.863+0000] {logging_mixin.py:151} INFO - [2023-09-01T15:07:31.862+0000] {dagbag.py:539} INFO - Filling up the DagBag from /home/airflow/.local/lib/python3.8/site-packages/airflow/example_dags/example_branch_labels.py
[2023-09-01T15:07:31.871+0000] {processor.py:839} INFO - DAG(s) dict_keys(['example_branch_labels']) retrieved from /home/airflow/.local/lib/python3.8/site-packages/airflow/example_dags/example_branch_labels.py
[2023-09-01T15:07:31.895+0000] {logging_mixin.py:151} INFO - [2023-09-01T15:07:31.895+0000] {dag.py:2907} INFO - Sync 1 DAGs
[2023-09-01T15:07:31.919+0000] {logging_mixin.py:151} INFO - [2023-09-01T15:07:31.919+0000] {dag.py:3677} INFO - Setting next_dagrun for example_branch_labels to 2023-08-31T00:00:00+00:00, run_after=2023-09-01T00:00:00+00:00
[2023-09-01T15:07:31.936+0000] {processor.py:179} INFO - Processing /home/airflow/.local/lib/python3.8/site-packages/airflow/example_dags/example_branch_labels.py took 0.082 seconds
[2023-09-01T15:08:02.236+0000] {processor.py:157} INFO - Started process (PID=1944) to work on /home/airflow/.local/lib/python3.8/site-packages/airflow/example_dags/example_branch_labels.py
[2023-09-01T15:08:02.238+0000] {processor.py:829} INFO - Processing file /home/airflow/.local/lib/python3.8/site-packages/airflow/example_dags/example_branch_labels.py for tasks to queue
[2023-09-01T15:08:02.241+0000] {logging_mixin.py:151} INFO - [2023-09-01T15:08:02.241+0000] {dagbag.py:539} INFO - Filling up the DagBag from /home/airflow/.local/lib/python3.8/site-packages/airflow/example_dags/example_branch_labels.py
[2023-09-01T15:08:02.250+0000] {processor.py:839} INFO - DAG(s) dict_keys(['example_branch_labels']) retrieved from /home/airflow/.local/lib/python3.8/site-packages/airflow/example_dags/example_branch_labels.py
[2023-09-01T15:08:02.276+0000] {logging_mixin.py:151} INFO - [2023-09-01T15:08:02.275+0000] {dag.py:2907} INFO - Sync 1 DAGs
[2023-09-01T15:08:02.300+0000] {logging_mixin.py:151} INFO - [2023-09-01T15:08:02.300+0000] {dag.py:3677} INFO - Setting next_dagrun for example_branch_labels to 2023-08-31T00:00:00+00:00, run_after=2023-09-01T00:00:00+00:00
[2023-09-01T15:08:02.317+0000] {processor.py:179} INFO - Processing /home/airflow/.local/lib/python3.8/site-packages/airflow/example_dags/example_branch_labels.py took 0.085 seconds
[2023-09-01T15:08:32.612+0000] {processor.py:157} INFO - Started process (PID=1998) to work on /home/airflow/.local/lib/python3.8/site-packages/airflow/example_dags/example_branch_labels.py
[2023-09-01T15:08:32.614+0000] {processor.py:829} INFO - Processing file /home/airflow/.local/lib/python3.8/site-packages/airflow/example_dags/example_branch_labels.py for tasks to queue
[2023-09-01T15:08:32.617+0000] {logging_mixin.py:151} INFO - [2023-09-01T15:08:32.617+0000] {dagbag.py:539} INFO - Filling up the DagBag from /home/airflow/.local/lib/python3.8/site-packages/airflow/example_dags/example_branch_labels.py
[2023-09-01T15:08:32.626+0000] {processor.py:839} INFO - DAG(s) dict_keys(['example_branch_labels']) retrieved from /home/airflow/.local/lib/python3.8/site-packages/airflow/example_dags/example_branch_labels.py
[2023-09-01T15:08:32.650+0000] {logging_mixin.py:151} INFO - [2023-09-01T15:08:32.650+0000] {dag.py:2907} INFO - Sync 1 DAGs
[2023-09-01T15:08:32.675+0000] {logging_mixin.py:151} INFO - [2023-09-01T15:08:32.675+0000] {dag.py:3677} INFO - Setting next_dagrun for example_branch_labels to 2023-08-31T00:00:00+00:00, run_after=2023-09-01T00:00:00+00:00
[2023-09-01T15:08:32.693+0000] {processor.py:179} INFO - Processing /home/airflow/.local/lib/python3.8/site-packages/airflow/example_dags/example_branch_labels.py took 0.085 seconds
[2023-09-01T15:09:02.959+0000] {processor.py:157} INFO - Started process (PID=2052) to work on /home/airflow/.local/lib/python3.8/site-packages/airflow/example_dags/example_branch_labels.py
[2023-09-01T15:09:02.960+0000] {processor.py:829} INFO - Processing file /home/airflow/.local/lib/python3.8/site-packages/airflow/example_dags/example_branch_labels.py for tasks to queue
[2023-09-01T15:09:02.963+0000] {logging_mixin.py:151} INFO - [2023-09-01T15:09:02.963+0000] {dagbag.py:539} INFO - Filling up the DagBag from /home/airflow/.local/lib/python3.8/site-packages/airflow/example_dags/example_branch_labels.py
[2023-09-01T15:09:02.973+0000] {processor.py:839} INFO - DAG(s) dict_keys(['example_branch_labels']) retrieved from /home/airflow/.local/lib/python3.8/site-packages/airflow/example_dags/example_branch_labels.py
[2023-09-01T15:09:02.998+0000] {logging_mixin.py:151} INFO - [2023-09-01T15:09:02.998+0000] {dag.py:2907} INFO - Sync 1 DAGs
[2023-09-01T15:09:03.023+0000] {logging_mixin.py:151} INFO - [2023-09-01T15:09:03.023+0000] {dag.py:3677} INFO - Setting next_dagrun for example_branch_labels to 2023-08-31T00:00:00+00:00, run_after=2023-09-01T00:00:00+00:00
[2023-09-01T15:09:03.042+0000] {processor.py:179} INFO - Processing /home/airflow/.local/lib/python3.8/site-packages/airflow/example_dags/example_branch_labels.py took 0.087 seconds
[2023-09-01T15:09:33.973+0000] {processor.py:157} INFO - Started process (PID=2106) to work on /home/airflow/.local/lib/python3.8/site-packages/airflow/example_dags/example_branch_labels.py
[2023-09-01T15:09:33.975+0000] {processor.py:829} INFO - Processing file /home/airflow/.local/lib/python3.8/site-packages/airflow/example_dags/example_branch_labels.py for tasks to queue
[2023-09-01T15:09:33.979+0000] {logging_mixin.py:151} INFO - [2023-09-01T15:09:33.979+0000] {dagbag.py:539} INFO - Filling up the DagBag from /home/airflow/.local/lib/python3.8/site-packages/airflow/example_dags/example_branch_labels.py
[2023-09-01T15:09:33.991+0000] {processor.py:839} INFO - DAG(s) dict_keys(['example_branch_labels']) retrieved from /home/airflow/.local/lib/python3.8/site-packages/airflow/example_dags/example_branch_labels.py
[2023-09-01T15:09:34.022+0000] {logging_mixin.py:151} INFO - [2023-09-01T15:09:34.022+0000] {dag.py:2907} INFO - Sync 1 DAGs
[2023-09-01T15:09:34.048+0000] {logging_mixin.py:151} INFO - [2023-09-01T15:09:34.048+0000] {dag.py:3677} INFO - Setting next_dagrun for example_branch_labels to 2023-08-31T00:00:00+00:00, run_after=2023-09-01T00:00:00+00:00
[2023-09-01T15:09:34.068+0000] {processor.py:179} INFO - Processing /home/airflow/.local/lib/python3.8/site-packages/airflow/example_dags/example_branch_labels.py took 0.101 seconds
[2023-09-01T15:10:04.416+0000] {processor.py:157} INFO - Started process (PID=2160) to work on /home/airflow/.local/lib/python3.8/site-packages/airflow/example_dags/example_branch_labels.py
[2023-09-01T15:10:04.418+0000] {processor.py:829} INFO - Processing file /home/airflow/.local/lib/python3.8/site-packages/airflow/example_dags/example_branch_labels.py for tasks to queue
[2023-09-01T15:10:04.421+0000] {logging_mixin.py:151} INFO - [2023-09-01T15:10:04.421+0000] {dagbag.py:539} INFO - Filling up the DagBag from /home/airflow/.local/lib/python3.8/site-packages/airflow/example_dags/example_branch_labels.py
[2023-09-01T15:10:04.430+0000] {processor.py:839} INFO - DAG(s) dict_keys(['example_branch_labels']) retrieved from /home/airflow/.local/lib/python3.8/site-packages/airflow/example_dags/example_branch_labels.py
[2023-09-01T15:10:04.455+0000] {logging_mixin.py:151} INFO - [2023-09-01T15:10:04.455+0000] {dag.py:2907} INFO - Sync 1 DAGs
[2023-09-01T15:10:04.479+0000] {logging_mixin.py:151} INFO - [2023-09-01T15:10:04.479+0000] {dag.py:3677} INFO - Setting next_dagrun for example_branch_labels to 2023-08-31T00:00:00+00:00, run_after=2023-09-01T00:00:00+00:00
[2023-09-01T15:10:04.495+0000] {processor.py:179} INFO - Processing /home/airflow/.local/lib/python3.8/site-packages/airflow/example_dags/example_branch_labels.py took 0.083 seconds
[2023-09-01T15:10:34.933+0000] {processor.py:157} INFO - Started process (PID=2214) to work on /home/airflow/.local/lib/python3.8/site-packages/airflow/example_dags/example_branch_labels.py
[2023-09-01T15:10:34.934+0000] {processor.py:829} INFO - Processing file /home/airflow/.local/lib/python3.8/site-packages/airflow/example_dags/example_branch_labels.py for tasks to queue
[2023-09-01T15:10:34.938+0000] {logging_mixin.py:151} INFO - [2023-09-01T15:10:34.937+0000] {dagbag.py:539} INFO - Filling up the DagBag from /home/airflow/.local/lib/python3.8/site-packages/airflow/example_dags/example_branch_labels.py
[2023-09-01T15:10:34.946+0000] {processor.py:839} INFO - DAG(s) dict_keys(['example_branch_labels']) retrieved from /home/airflow/.local/lib/python3.8/site-packages/airflow/example_dags/example_branch_labels.py
[2023-09-01T15:10:34.971+0000] {logging_mixin.py:151} INFO - [2023-09-01T15:10:34.971+0000] {dag.py:2907} INFO - Sync 1 DAGs
[2023-09-01T15:10:34.996+0000] {logging_mixin.py:151} INFO - [2023-09-01T15:10:34.996+0000] {dag.py:3677} INFO - Setting next_dagrun for example_branch_labels to 2023-08-31T00:00:00+00:00, run_after=2023-09-01T00:00:00+00:00
[2023-09-01T15:10:35.015+0000] {processor.py:179} INFO - Processing /home/airflow/.local/lib/python3.8/site-packages/airflow/example_dags/example_branch_labels.py took 0.086 seconds
[2023-09-01T15:11:05.254+0000] {processor.py:157} INFO - Started process (PID=2268) to work on /home/airflow/.local/lib/python3.8/site-packages/airflow/example_dags/example_branch_labels.py
[2023-09-01T15:11:05.255+0000] {processor.py:829} INFO - Processing file /home/airflow/.local/lib/python3.8/site-packages/airflow/example_dags/example_branch_labels.py for tasks to queue
[2023-09-01T15:11:05.258+0000] {logging_mixin.py:151} INFO - [2023-09-01T15:11:05.258+0000] {dagbag.py:539} INFO - Filling up the DagBag from /home/airflow/.local/lib/python3.8/site-packages/airflow/example_dags/example_branch_labels.py
[2023-09-01T15:11:05.267+0000] {processor.py:839} INFO - DAG(s) dict_keys(['example_branch_labels']) retrieved from /home/airflow/.local/lib/python3.8/site-packages/airflow/example_dags/example_branch_labels.py
[2023-09-01T15:11:05.292+0000] {logging_mixin.py:151} INFO - [2023-09-01T15:11:05.291+0000] {dag.py:2907} INFO - Sync 1 DAGs
[2023-09-01T15:11:05.315+0000] {logging_mixin.py:151} INFO - [2023-09-01T15:11:05.315+0000] {dag.py:3677} INFO - Setting next_dagrun for example_branch_labels to 2023-08-31T00:00:00+00:00, run_after=2023-09-01T00:00:00+00:00
[2023-09-01T15:11:05.331+0000] {processor.py:179} INFO - Processing /home/airflow/.local/lib/python3.8/site-packages/airflow/example_dags/example_branch_labels.py took 0.082 seconds
[2023-09-01T15:11:35.577+0000] {processor.py:157} INFO - Started process (PID=2322) to work on /home/airflow/.local/lib/python3.8/site-packages/airflow/example_dags/example_branch_labels.py
[2023-09-01T15:11:35.579+0000] {processor.py:829} INFO - Processing file /home/airflow/.local/lib/python3.8/site-packages/airflow/example_dags/example_branch_labels.py for tasks to queue
[2023-09-01T15:11:35.583+0000] {logging_mixin.py:151} INFO - [2023-09-01T15:11:35.582+0000] {dagbag.py:539} INFO - Filling up the DagBag from /home/airflow/.local/lib/python3.8/site-packages/airflow/example_dags/example_branch_labels.py
[2023-09-01T15:11:35.592+0000] {processor.py:839} INFO - DAG(s) dict_keys(['example_branch_labels']) retrieved from /home/airflow/.local/lib/python3.8/site-packages/airflow/example_dags/example_branch_labels.py
[2023-09-01T15:11:35.617+0000] {logging_mixin.py:151} INFO - [2023-09-01T15:11:35.617+0000] {dag.py:2907} INFO - Sync 1 DAGs
[2023-09-01T15:11:35.640+0000] {logging_mixin.py:151} INFO - [2023-09-01T15:11:35.640+0000] {dag.py:3677} INFO - Setting next_dagrun for example_branch_labels to 2023-08-31T00:00:00+00:00, run_after=2023-09-01T00:00:00+00:00
[2023-09-01T15:11:35.655+0000] {processor.py:179} INFO - Processing /home/airflow/.local/lib/python3.8/site-packages/airflow/example_dags/example_branch_labels.py took 0.082 seconds
[2023-09-01T15:12:06.593+0000] {processor.py:157} INFO - Started process (PID=2376) to work on /home/airflow/.local/lib/python3.8/site-packages/airflow/example_dags/example_branch_labels.py
[2023-09-01T15:12:06.594+0000] {processor.py:829} INFO - Processing file /home/airflow/.local/lib/python3.8/site-packages/airflow/example_dags/example_branch_labels.py for tasks to queue
[2023-09-01T15:12:06.598+0000] {logging_mixin.py:151} INFO - [2023-09-01T15:12:06.598+0000] {dagbag.py:539} INFO - Filling up the DagBag from /home/airflow/.local/lib/python3.8/site-packages/airflow/example_dags/example_branch_labels.py
[2023-09-01T15:12:06.608+0000] {processor.py:839} INFO - DAG(s) dict_keys(['example_branch_labels']) retrieved from /home/airflow/.local/lib/python3.8/site-packages/airflow/example_dags/example_branch_labels.py
[2023-09-01T15:12:06.634+0000] {logging_mixin.py:151} INFO - [2023-09-01T15:12:06.634+0000] {dag.py:2907} INFO - Sync 1 DAGs
[2023-09-01T15:12:06.659+0000] {logging_mixin.py:151} INFO - [2023-09-01T15:12:06.659+0000] {dag.py:3677} INFO - Setting next_dagrun for example_branch_labels to 2023-08-31T00:00:00+00:00, run_after=2023-09-01T00:00:00+00:00
[2023-09-01T15:12:06.681+0000] {processor.py:179} INFO - Processing /home/airflow/.local/lib/python3.8/site-packages/airflow/example_dags/example_branch_labels.py took 0.094 seconds
[2023-09-01T15:12:36.859+0000] {processor.py:157} INFO - Started process (PID=2430) to work on /home/airflow/.local/lib/python3.8/site-packages/airflow/example_dags/example_branch_labels.py
[2023-09-01T15:12:36.861+0000] {processor.py:829} INFO - Processing file /home/airflow/.local/lib/python3.8/site-packages/airflow/example_dags/example_branch_labels.py for tasks to queue
[2023-09-01T15:12:36.865+0000] {logging_mixin.py:151} INFO - [2023-09-01T15:12:36.865+0000] {dagbag.py:539} INFO - Filling up the DagBag from /home/airflow/.local/lib/python3.8/site-packages/airflow/example_dags/example_branch_labels.py
[2023-09-01T15:12:36.875+0000] {processor.py:839} INFO - DAG(s) dict_keys(['example_branch_labels']) retrieved from /home/airflow/.local/lib/python3.8/site-packages/airflow/example_dags/example_branch_labels.py
[2023-09-01T15:12:36.900+0000] {logging_mixin.py:151} INFO - [2023-09-01T15:12:36.899+0000] {dag.py:2907} INFO - Sync 1 DAGs
[2023-09-01T15:12:36.921+0000] {logging_mixin.py:151} INFO - [2023-09-01T15:12:36.921+0000] {dag.py:3677} INFO - Setting next_dagrun for example_branch_labels to 2023-08-31T00:00:00+00:00, run_after=2023-09-01T00:00:00+00:00
[2023-09-01T15:12:36.936+0000] {processor.py:179} INFO - Processing /home/airflow/.local/lib/python3.8/site-packages/airflow/example_dags/example_branch_labels.py took 0.082 seconds
[2023-09-01T15:13:07.218+0000] {processor.py:157} INFO - Started process (PID=2484) to work on /home/airflow/.local/lib/python3.8/site-packages/airflow/example_dags/example_branch_labels.py
[2023-09-01T15:13:07.219+0000] {processor.py:829} INFO - Processing file /home/airflow/.local/lib/python3.8/site-packages/airflow/example_dags/example_branch_labels.py for tasks to queue
[2023-09-01T15:13:07.223+0000] {logging_mixin.py:151} INFO - [2023-09-01T15:13:07.223+0000] {dagbag.py:539} INFO - Filling up the DagBag from /home/airflow/.local/lib/python3.8/site-packages/airflow/example_dags/example_branch_labels.py
[2023-09-01T15:13:07.233+0000] {processor.py:839} INFO - DAG(s) dict_keys(['example_branch_labels']) retrieved from /home/airflow/.local/lib/python3.8/site-packages/airflow/example_dags/example_branch_labels.py
[2023-09-01T15:13:07.258+0000] {logging_mixin.py:151} INFO - [2023-09-01T15:13:07.258+0000] {dag.py:2907} INFO - Sync 1 DAGs
[2023-09-01T15:13:07.282+0000] {logging_mixin.py:151} INFO - [2023-09-01T15:13:07.282+0000] {dag.py:3677} INFO - Setting next_dagrun for example_branch_labels to 2023-08-31T00:00:00+00:00, run_after=2023-09-01T00:00:00+00:00
[2023-09-01T15:13:07.298+0000] {processor.py:179} INFO - Processing /home/airflow/.local/lib/python3.8/site-packages/airflow/example_dags/example_branch_labels.py took 0.085 seconds
[2023-09-01T15:13:37.901+0000] {processor.py:157} INFO - Started process (PID=2538) to work on /home/airflow/.local/lib/python3.8/site-packages/airflow/example_dags/example_branch_labels.py
[2023-09-01T15:13:37.903+0000] {processor.py:829} INFO - Processing file /home/airflow/.local/lib/python3.8/site-packages/airflow/example_dags/example_branch_labels.py for tasks to queue
[2023-09-01T15:13:37.908+0000] {logging_mixin.py:151} INFO - [2023-09-01T15:13:37.907+0000] {dagbag.py:539} INFO - Filling up the DagBag from /home/airflow/.local/lib/python3.8/site-packages/airflow/example_dags/example_branch_labels.py
[2023-09-01T15:13:37.920+0000] {processor.py:839} INFO - DAG(s) dict_keys(['example_branch_labels']) retrieved from /home/airflow/.local/lib/python3.8/site-packages/airflow/example_dags/example_branch_labels.py
[2023-09-01T15:13:37.952+0000] {logging_mixin.py:151} INFO - [2023-09-01T15:13:37.952+0000] {dag.py:2907} INFO - Sync 1 DAGs
[2023-09-01T15:13:37.981+0000] {logging_mixin.py:151} INFO - [2023-09-01T15:13:37.980+0000] {dag.py:3677} INFO - Setting next_dagrun for example_branch_labels to 2023-08-31T00:00:00+00:00, run_after=2023-09-01T00:00:00+00:00
[2023-09-01T15:13:38.001+0000] {processor.py:179} INFO - Processing /home/airflow/.local/lib/python3.8/site-packages/airflow/example_dags/example_branch_labels.py took 0.106 seconds
[2023-09-01T15:14:08.165+0000] {processor.py:157} INFO - Started process (PID=2592) to work on /home/airflow/.local/lib/python3.8/site-packages/airflow/example_dags/example_branch_labels.py
[2023-09-01T15:14:08.166+0000] {processor.py:829} INFO - Processing file /home/airflow/.local/lib/python3.8/site-packages/airflow/example_dags/example_branch_labels.py for tasks to queue
[2023-09-01T15:14:08.170+0000] {logging_mixin.py:151} INFO - [2023-09-01T15:14:08.170+0000] {dagbag.py:539} INFO - Filling up the DagBag from /home/airflow/.local/lib/python3.8/site-packages/airflow/example_dags/example_branch_labels.py
[2023-09-01T15:14:08.180+0000] {processor.py:839} INFO - DAG(s) dict_keys(['example_branch_labels']) retrieved from /home/airflow/.local/lib/python3.8/site-packages/airflow/example_dags/example_branch_labels.py
[2023-09-01T15:14:08.205+0000] {logging_mixin.py:151} INFO - [2023-09-01T15:14:08.205+0000] {dag.py:2907} INFO - Sync 1 DAGs
[2023-09-01T15:14:08.229+0000] {logging_mixin.py:151} INFO - [2023-09-01T15:14:08.229+0000] {dag.py:3677} INFO - Setting next_dagrun for example_branch_labels to 2023-08-31T00:00:00+00:00, run_after=2023-09-01T00:00:00+00:00
[2023-09-01T15:14:08.246+0000] {processor.py:179} INFO - Processing /home/airflow/.local/lib/python3.8/site-packages/airflow/example_dags/example_branch_labels.py took 0.086 seconds
[2023-09-01T15:14:39.130+0000] {processor.py:157} INFO - Started process (PID=2646) to work on /home/airflow/.local/lib/python3.8/site-packages/airflow/example_dags/example_branch_labels.py
[2023-09-01T15:14:39.132+0000] {processor.py:829} INFO - Processing file /home/airflow/.local/lib/python3.8/site-packages/airflow/example_dags/example_branch_labels.py for tasks to queue
[2023-09-01T15:14:39.135+0000] {logging_mixin.py:151} INFO - [2023-09-01T15:14:39.135+0000] {dagbag.py:539} INFO - Filling up the DagBag from /home/airflow/.local/lib/python3.8/site-packages/airflow/example_dags/example_branch_labels.py
[2023-09-01T15:14:39.145+0000] {processor.py:839} INFO - DAG(s) dict_keys(['example_branch_labels']) retrieved from /home/airflow/.local/lib/python3.8/site-packages/airflow/example_dags/example_branch_labels.py
[2023-09-01T15:14:39.170+0000] {logging_mixin.py:151} INFO - [2023-09-01T15:14:39.170+0000] {dag.py:2907} INFO - Sync 1 DAGs
[2023-09-01T15:14:39.194+0000] {logging_mixin.py:151} INFO - [2023-09-01T15:14:39.194+0000] {dag.py:3677} INFO - Setting next_dagrun for example_branch_labels to 2023-08-31T00:00:00+00:00, run_after=2023-09-01T00:00:00+00:00
[2023-09-01T15:14:39.209+0000] {processor.py:179} INFO - Processing /home/airflow/.local/lib/python3.8/site-packages/airflow/example_dags/example_branch_labels.py took 0.083 seconds
[2023-09-01T15:15:10.126+0000] {processor.py:157} INFO - Started process (PID=2700) to work on /home/airflow/.local/lib/python3.8/site-packages/airflow/example_dags/example_branch_labels.py
[2023-09-01T15:15:10.127+0000] {processor.py:829} INFO - Processing file /home/airflow/.local/lib/python3.8/site-packages/airflow/example_dags/example_branch_labels.py for tasks to queue
[2023-09-01T15:15:10.131+0000] {logging_mixin.py:151} INFO - [2023-09-01T15:15:10.130+0000] {dagbag.py:539} INFO - Filling up the DagBag from /home/airflow/.local/lib/python3.8/site-packages/airflow/example_dags/example_branch_labels.py
[2023-09-01T15:15:10.139+0000] {processor.py:839} INFO - DAG(s) dict_keys(['example_branch_labels']) retrieved from /home/airflow/.local/lib/python3.8/site-packages/airflow/example_dags/example_branch_labels.py
[2023-09-01T15:15:10.162+0000] {logging_mixin.py:151} INFO - [2023-09-01T15:15:10.162+0000] {dag.py:2907} INFO - Sync 1 DAGs
[2023-09-01T15:15:10.184+0000] {logging_mixin.py:151} INFO - [2023-09-01T15:15:10.184+0000] {dag.py:3677} INFO - Setting next_dagrun for example_branch_labels to 2023-08-31T00:00:00+00:00, run_after=2023-09-01T00:00:00+00:00
[2023-09-01T15:15:10.200+0000] {processor.py:179} INFO - Processing /home/airflow/.local/lib/python3.8/site-packages/airflow/example_dags/example_branch_labels.py took 0.079 seconds
[2023-09-01T15:15:40.486+0000] {processor.py:157} INFO - Started process (PID=2754) to work on /home/airflow/.local/lib/python3.8/site-packages/airflow/example_dags/example_branch_labels.py
[2023-09-01T15:15:40.487+0000] {processor.py:829} INFO - Processing file /home/airflow/.local/lib/python3.8/site-packages/airflow/example_dags/example_branch_labels.py for tasks to queue
[2023-09-01T15:15:40.491+0000] {logging_mixin.py:151} INFO - [2023-09-01T15:15:40.490+0000] {dagbag.py:539} INFO - Filling up the DagBag from /home/airflow/.local/lib/python3.8/site-packages/airflow/example_dags/example_branch_labels.py
[2023-09-01T15:15:40.502+0000] {processor.py:839} INFO - DAG(s) dict_keys(['example_branch_labels']) retrieved from /home/airflow/.local/lib/python3.8/site-packages/airflow/example_dags/example_branch_labels.py
[2023-09-01T15:15:40.528+0000] {logging_mixin.py:151} INFO - [2023-09-01T15:15:40.528+0000] {dag.py:2907} INFO - Sync 1 DAGs
[2023-09-01T15:15:40.553+0000] {logging_mixin.py:151} INFO - [2023-09-01T15:15:40.553+0000] {dag.py:3677} INFO - Setting next_dagrun for example_branch_labels to 2023-08-31T00:00:00+00:00, run_after=2023-09-01T00:00:00+00:00
[2023-09-01T15:15:40.573+0000] {processor.py:179} INFO - Processing /home/airflow/.local/lib/python3.8/site-packages/airflow/example_dags/example_branch_labels.py took 0.092 seconds
[2023-09-01T15:16:11.561+0000] {processor.py:157} INFO - Started process (PID=2808) to work on /home/airflow/.local/lib/python3.8/site-packages/airflow/example_dags/example_branch_labels.py
[2023-09-01T15:16:11.563+0000] {processor.py:829} INFO - Processing file /home/airflow/.local/lib/python3.8/site-packages/airflow/example_dags/example_branch_labels.py for tasks to queue
[2023-09-01T15:16:11.568+0000] {logging_mixin.py:151} INFO - [2023-09-01T15:16:11.567+0000] {dagbag.py:539} INFO - Filling up the DagBag from /home/airflow/.local/lib/python3.8/site-packages/airflow/example_dags/example_branch_labels.py
[2023-09-01T15:16:11.578+0000] {processor.py:839} INFO - DAG(s) dict_keys(['example_branch_labels']) retrieved from /home/airflow/.local/lib/python3.8/site-packages/airflow/example_dags/example_branch_labels.py
[2023-09-01T15:16:11.604+0000] {logging_mixin.py:151} INFO - [2023-09-01T15:16:11.604+0000] {dag.py:2907} INFO - Sync 1 DAGs
[2023-09-01T15:16:11.633+0000] {logging_mixin.py:151} INFO - [2023-09-01T15:16:11.633+0000] {dag.py:3677} INFO - Setting next_dagrun for example_branch_labels to 2023-08-31T00:00:00+00:00, run_after=2023-09-01T00:00:00+00:00
[2023-09-01T15:16:11.655+0000] {processor.py:179} INFO - Processing /home/airflow/.local/lib/python3.8/site-packages/airflow/example_dags/example_branch_labels.py took 0.099 seconds
[2023-09-01T15:16:42.055+0000] {processor.py:157} INFO - Started process (PID=2863) to work on /home/airflow/.local/lib/python3.8/site-packages/airflow/example_dags/example_branch_labels.py
[2023-09-01T15:16:42.056+0000] {processor.py:829} INFO - Processing file /home/airflow/.local/lib/python3.8/site-packages/airflow/example_dags/example_branch_labels.py for tasks to queue
[2023-09-01T15:16:42.060+0000] {logging_mixin.py:151} INFO - [2023-09-01T15:16:42.059+0000] {dagbag.py:539} INFO - Filling up the DagBag from /home/airflow/.local/lib/python3.8/site-packages/airflow/example_dags/example_branch_labels.py
[2023-09-01T15:16:42.069+0000] {processor.py:839} INFO - DAG(s) dict_keys(['example_branch_labels']) retrieved from /home/airflow/.local/lib/python3.8/site-packages/airflow/example_dags/example_branch_labels.py
[2023-09-01T15:16:42.095+0000] {logging_mixin.py:151} INFO - [2023-09-01T15:16:42.095+0000] {dag.py:2907} INFO - Sync 1 DAGs
[2023-09-01T15:16:42.121+0000] {logging_mixin.py:151} INFO - [2023-09-01T15:16:42.120+0000] {dag.py:3677} INFO - Setting next_dagrun for example_branch_labels to 2023-08-31T00:00:00+00:00, run_after=2023-09-01T00:00:00+00:00
[2023-09-01T15:16:42.140+0000] {processor.py:179} INFO - Processing /home/airflow/.local/lib/python3.8/site-packages/airflow/example_dags/example_branch_labels.py took 0.090 seconds
[2023-09-01T15:17:12.628+0000] {processor.py:157} INFO - Started process (PID=2918) to work on /home/airflow/.local/lib/python3.8/site-packages/airflow/example_dags/example_branch_labels.py
[2023-09-01T15:17:12.629+0000] {processor.py:829} INFO - Processing file /home/airflow/.local/lib/python3.8/site-packages/airflow/example_dags/example_branch_labels.py for tasks to queue
[2023-09-01T15:17:12.632+0000] {logging_mixin.py:151} INFO - [2023-09-01T15:17:12.632+0000] {dagbag.py:539} INFO - Filling up the DagBag from /home/airflow/.local/lib/python3.8/site-packages/airflow/example_dags/example_branch_labels.py
[2023-09-01T15:17:12.641+0000] {processor.py:839} INFO - DAG(s) dict_keys(['example_branch_labels']) retrieved from /home/airflow/.local/lib/python3.8/site-packages/airflow/example_dags/example_branch_labels.py
[2023-09-01T15:17:12.665+0000] {logging_mixin.py:151} INFO - [2023-09-01T15:17:12.665+0000] {dag.py:2907} INFO - Sync 1 DAGs
[2023-09-01T15:17:12.692+0000] {logging_mixin.py:151} INFO - [2023-09-01T15:17:12.691+0000] {dag.py:3677} INFO - Setting next_dagrun for example_branch_labels to 2023-08-31T00:00:00+00:00, run_after=2023-09-01T00:00:00+00:00
[2023-09-01T15:17:12.711+0000] {processor.py:179} INFO - Processing /home/airflow/.local/lib/python3.8/site-packages/airflow/example_dags/example_branch_labels.py took 0.088 seconds
[2023-09-01T15:17:43.151+0000] {processor.py:157} INFO - Started process (PID=2972) to work on /home/airflow/.local/lib/python3.8/site-packages/airflow/example_dags/example_branch_labels.py
[2023-09-01T15:17:43.152+0000] {processor.py:829} INFO - Processing file /home/airflow/.local/lib/python3.8/site-packages/airflow/example_dags/example_branch_labels.py for tasks to queue
[2023-09-01T15:17:43.155+0000] {logging_mixin.py:151} INFO - [2023-09-01T15:17:43.155+0000] {dagbag.py:539} INFO - Filling up the DagBag from /home/airflow/.local/lib/python3.8/site-packages/airflow/example_dags/example_branch_labels.py
[2023-09-01T15:17:43.165+0000] {processor.py:839} INFO - DAG(s) dict_keys(['example_branch_labels']) retrieved from /home/airflow/.local/lib/python3.8/site-packages/airflow/example_dags/example_branch_labels.py
[2023-09-01T15:17:43.190+0000] {logging_mixin.py:151} INFO - [2023-09-01T15:17:43.190+0000] {dag.py:2907} INFO - Sync 1 DAGs
[2023-09-01T15:17:43.214+0000] {logging_mixin.py:151} INFO - [2023-09-01T15:17:43.214+0000] {dag.py:3677} INFO - Setting next_dagrun for example_branch_labels to 2023-08-31T00:00:00+00:00, run_after=2023-09-01T00:00:00+00:00
[2023-09-01T15:17:43.233+0000] {processor.py:179} INFO - Processing /home/airflow/.local/lib/python3.8/site-packages/airflow/example_dags/example_branch_labels.py took 0.087 seconds
[2023-09-01T15:18:14.128+0000] {processor.py:157} INFO - Started process (PID=3026) to work on /home/airflow/.local/lib/python3.8/site-packages/airflow/example_dags/example_branch_labels.py
[2023-09-01T15:18:14.129+0000] {processor.py:829} INFO - Processing file /home/airflow/.local/lib/python3.8/site-packages/airflow/example_dags/example_branch_labels.py for tasks to queue
[2023-09-01T15:18:14.133+0000] {logging_mixin.py:151} INFO - [2023-09-01T15:18:14.133+0000] {dagbag.py:539} INFO - Filling up the DagBag from /home/airflow/.local/lib/python3.8/site-packages/airflow/example_dags/example_branch_labels.py
[2023-09-01T15:18:14.142+0000] {processor.py:839} INFO - DAG(s) dict_keys(['example_branch_labels']) retrieved from /home/airflow/.local/lib/python3.8/site-packages/airflow/example_dags/example_branch_labels.py
[2023-09-01T15:18:14.168+0000] {logging_mixin.py:151} INFO - [2023-09-01T15:18:14.168+0000] {dag.py:2907} INFO - Sync 1 DAGs
[2023-09-01T15:18:14.193+0000] {logging_mixin.py:151} INFO - [2023-09-01T15:18:14.192+0000] {dag.py:3677} INFO - Setting next_dagrun for example_branch_labels to 2023-08-31T00:00:00+00:00, run_after=2023-09-01T00:00:00+00:00
[2023-09-01T15:18:14.211+0000] {processor.py:179} INFO - Processing /home/airflow/.local/lib/python3.8/site-packages/airflow/example_dags/example_branch_labels.py took 0.088 seconds
[2023-09-01T15:18:44.825+0000] {processor.py:157} INFO - Started process (PID=3080) to work on /home/airflow/.local/lib/python3.8/site-packages/airflow/example_dags/example_branch_labels.py
[2023-09-01T15:18:44.827+0000] {processor.py:829} INFO - Processing file /home/airflow/.local/lib/python3.8/site-packages/airflow/example_dags/example_branch_labels.py for tasks to queue
[2023-09-01T15:18:44.831+0000] {logging_mixin.py:151} INFO - [2023-09-01T15:18:44.831+0000] {dagbag.py:539} INFO - Filling up the DagBag from /home/airflow/.local/lib/python3.8/site-packages/airflow/example_dags/example_branch_labels.py
[2023-09-01T15:18:44.843+0000] {processor.py:839} INFO - DAG(s) dict_keys(['example_branch_labels']) retrieved from /home/airflow/.local/lib/python3.8/site-packages/airflow/example_dags/example_branch_labels.py
[2023-09-01T15:18:44.875+0000] {logging_mixin.py:151} INFO - [2023-09-01T15:18:44.875+0000] {dag.py:2907} INFO - Sync 1 DAGs
[2023-09-01T15:18:44.907+0000] {logging_mixin.py:151} INFO - [2023-09-01T15:18:44.907+0000] {dag.py:3677} INFO - Setting next_dagrun for example_branch_labels to 2023-08-31T00:00:00+00:00, run_after=2023-09-01T00:00:00+00:00
[2023-09-01T15:18:44.931+0000] {processor.py:179} INFO - Processing /home/airflow/.local/lib/python3.8/site-packages/airflow/example_dags/example_branch_labels.py took 0.112 seconds
[2023-09-01T15:19:15.361+0000] {processor.py:157} INFO - Started process (PID=3134) to work on /home/airflow/.local/lib/python3.8/site-packages/airflow/example_dags/example_branch_labels.py
[2023-09-01T15:19:15.362+0000] {processor.py:829} INFO - Processing file /home/airflow/.local/lib/python3.8/site-packages/airflow/example_dags/example_branch_labels.py for tasks to queue
[2023-09-01T15:19:15.366+0000] {logging_mixin.py:151} INFO - [2023-09-01T15:19:15.365+0000] {dagbag.py:539} INFO - Filling up the DagBag from /home/airflow/.local/lib/python3.8/site-packages/airflow/example_dags/example_branch_labels.py
[2023-09-01T15:19:15.375+0000] {processor.py:839} INFO - DAG(s) dict_keys(['example_branch_labels']) retrieved from /home/airflow/.local/lib/python3.8/site-packages/airflow/example_dags/example_branch_labels.py
[2023-09-01T15:19:15.399+0000] {logging_mixin.py:151} INFO - [2023-09-01T15:19:15.399+0000] {dag.py:2907} INFO - Sync 1 DAGs
[2023-09-01T15:19:15.426+0000] {logging_mixin.py:151} INFO - [2023-09-01T15:19:15.425+0000] {dag.py:3677} INFO - Setting next_dagrun for example_branch_labels to 2023-08-31T00:00:00+00:00, run_after=2023-09-01T00:00:00+00:00
[2023-09-01T15:19:15.445+0000] {processor.py:179} INFO - Processing /home/airflow/.local/lib/python3.8/site-packages/airflow/example_dags/example_branch_labels.py took 0.089 seconds
[2023-09-01T15:19:45.999+0000] {processor.py:157} INFO - Started process (PID=3188) to work on /home/airflow/.local/lib/python3.8/site-packages/airflow/example_dags/example_branch_labels.py
[2023-09-01T15:19:46.000+0000] {processor.py:829} INFO - Processing file /home/airflow/.local/lib/python3.8/site-packages/airflow/example_dags/example_branch_labels.py for tasks to queue
[2023-09-01T15:19:46.003+0000] {logging_mixin.py:151} INFO - [2023-09-01T15:19:46.003+0000] {dagbag.py:539} INFO - Filling up the DagBag from /home/airflow/.local/lib/python3.8/site-packages/airflow/example_dags/example_branch_labels.py
[2023-09-01T15:19:46.012+0000] {processor.py:839} INFO - DAG(s) dict_keys(['example_branch_labels']) retrieved from /home/airflow/.local/lib/python3.8/site-packages/airflow/example_dags/example_branch_labels.py
[2023-09-01T15:19:46.038+0000] {logging_mixin.py:151} INFO - [2023-09-01T15:19:46.037+0000] {dag.py:2907} INFO - Sync 1 DAGs
[2023-09-01T15:19:46.062+0000] {logging_mixin.py:151} INFO - [2023-09-01T15:19:46.062+0000] {dag.py:3677} INFO - Setting next_dagrun for example_branch_labels to 2023-08-31T00:00:00+00:00, run_after=2023-09-01T00:00:00+00:00
[2023-09-01T15:19:46.084+0000] {processor.py:179} INFO - Processing /home/airflow/.local/lib/python3.8/site-packages/airflow/example_dags/example_branch_labels.py took 0.089 seconds
[2023-09-01T15:20:16.462+0000] {processor.py:157} INFO - Started process (PID=3242) to work on /home/airflow/.local/lib/python3.8/site-packages/airflow/example_dags/example_branch_labels.py
[2023-09-01T15:20:16.463+0000] {processor.py:829} INFO - Processing file /home/airflow/.local/lib/python3.8/site-packages/airflow/example_dags/example_branch_labels.py for tasks to queue
[2023-09-01T15:20:16.467+0000] {logging_mixin.py:151} INFO - [2023-09-01T15:20:16.467+0000] {dagbag.py:539} INFO - Filling up the DagBag from /home/airflow/.local/lib/python3.8/site-packages/airflow/example_dags/example_branch_labels.py
[2023-09-01T15:20:16.477+0000] {processor.py:839} INFO - DAG(s) dict_keys(['example_branch_labels']) retrieved from /home/airflow/.local/lib/python3.8/site-packages/airflow/example_dags/example_branch_labels.py
[2023-09-01T15:20:16.502+0000] {logging_mixin.py:151} INFO - [2023-09-01T15:20:16.502+0000] {dag.py:2907} INFO - Sync 1 DAGs
[2023-09-01T15:20:16.530+0000] {logging_mixin.py:151} INFO - [2023-09-01T15:20:16.529+0000] {dag.py:3677} INFO - Setting next_dagrun for example_branch_labels to 2023-08-31T00:00:00+00:00, run_after=2023-09-01T00:00:00+00:00
[2023-09-01T15:20:16.549+0000] {processor.py:179} INFO - Processing /home/airflow/.local/lib/python3.8/site-packages/airflow/example_dags/example_branch_labels.py took 0.093 seconds
[2023-09-01T15:20:46.959+0000] {processor.py:157} INFO - Started process (PID=3296) to work on /home/airflow/.local/lib/python3.8/site-packages/airflow/example_dags/example_branch_labels.py
[2023-09-01T15:20:46.960+0000] {processor.py:829} INFO - Processing file /home/airflow/.local/lib/python3.8/site-packages/airflow/example_dags/example_branch_labels.py for tasks to queue
[2023-09-01T15:20:46.964+0000] {logging_mixin.py:151} INFO - [2023-09-01T15:20:46.964+0000] {dagbag.py:539} INFO - Filling up the DagBag from /home/airflow/.local/lib/python3.8/site-packages/airflow/example_dags/example_branch_labels.py
[2023-09-01T15:20:46.973+0000] {processor.py:839} INFO - DAG(s) dict_keys(['example_branch_labels']) retrieved from /home/airflow/.local/lib/python3.8/site-packages/airflow/example_dags/example_branch_labels.py
[2023-09-01T15:20:47.001+0000] {logging_mixin.py:151} INFO - [2023-09-01T15:20:47.001+0000] {dag.py:2907} INFO - Sync 1 DAGs
[2023-09-01T15:20:47.028+0000] {logging_mixin.py:151} INFO - [2023-09-01T15:20:47.028+0000] {dag.py:3677} INFO - Setting next_dagrun for example_branch_labels to 2023-08-31T00:00:00+00:00, run_after=2023-09-01T00:00:00+00:00
[2023-09-01T15:20:47.046+0000] {processor.py:179} INFO - Processing /home/airflow/.local/lib/python3.8/site-packages/airflow/example_dags/example_branch_labels.py took 0.092 seconds
[2023-09-01T15:21:17.664+0000] {processor.py:157} INFO - Started process (PID=3350) to work on /home/airflow/.local/lib/python3.8/site-packages/airflow/example_dags/example_branch_labels.py
[2023-09-01T15:21:17.665+0000] {processor.py:829} INFO - Processing file /home/airflow/.local/lib/python3.8/site-packages/airflow/example_dags/example_branch_labels.py for tasks to queue
[2023-09-01T15:21:17.669+0000] {logging_mixin.py:151} INFO - [2023-09-01T15:21:17.669+0000] {dagbag.py:539} INFO - Filling up the DagBag from /home/airflow/.local/lib/python3.8/site-packages/airflow/example_dags/example_branch_labels.py
[2023-09-01T15:21:17.678+0000] {processor.py:839} INFO - DAG(s) dict_keys(['example_branch_labels']) retrieved from /home/airflow/.local/lib/python3.8/site-packages/airflow/example_dags/example_branch_labels.py
[2023-09-01T15:21:17.704+0000] {logging_mixin.py:151} INFO - [2023-09-01T15:21:17.704+0000] {dag.py:2907} INFO - Sync 1 DAGs
[2023-09-01T15:21:17.730+0000] {logging_mixin.py:151} INFO - [2023-09-01T15:21:17.730+0000] {dag.py:3677} INFO - Setting next_dagrun for example_branch_labels to 2023-08-31T00:00:00+00:00, run_after=2023-09-01T00:00:00+00:00
[2023-09-01T15:21:17.748+0000] {processor.py:179} INFO - Processing /home/airflow/.local/lib/python3.8/site-packages/airflow/example_dags/example_branch_labels.py took 0.089 seconds
[2023-09-01T15:21:48.414+0000] {processor.py:157} INFO - Started process (PID=3404) to work on /home/airflow/.local/lib/python3.8/site-packages/airflow/example_dags/example_branch_labels.py
[2023-09-01T15:21:48.415+0000] {processor.py:829} INFO - Processing file /home/airflow/.local/lib/python3.8/site-packages/airflow/example_dags/example_branch_labels.py for tasks to queue
[2023-09-01T15:21:48.419+0000] {logging_mixin.py:151} INFO - [2023-09-01T15:21:48.419+0000] {dagbag.py:539} INFO - Filling up the DagBag from /home/airflow/.local/lib/python3.8/site-packages/airflow/example_dags/example_branch_labels.py
[2023-09-01T15:21:48.428+0000] {processor.py:839} INFO - DAG(s) dict_keys(['example_branch_labels']) retrieved from /home/airflow/.local/lib/python3.8/site-packages/airflow/example_dags/example_branch_labels.py
[2023-09-01T15:21:48.452+0000] {logging_mixin.py:151} INFO - [2023-09-01T15:21:48.452+0000] {dag.py:2907} INFO - Sync 1 DAGs
[2023-09-01T15:21:48.474+0000] {logging_mixin.py:151} INFO - [2023-09-01T15:21:48.473+0000] {dag.py:3677} INFO - Setting next_dagrun for example_branch_labels to 2023-08-31T00:00:00+00:00, run_after=2023-09-01T00:00:00+00:00
[2023-09-01T15:21:48.492+0000] {processor.py:179} INFO - Processing /home/airflow/.local/lib/python3.8/site-packages/airflow/example_dags/example_branch_labels.py took 0.082 seconds
