[2023-09-01T14:50:24.922+0000] {processor.py:157} INFO - Started process (PID=73) to work on /home/airflow/.local/lib/python3.8/site-packages/airflow/example_dags/tutorial.py
[2023-09-01T14:50:24.923+0000] {processor.py:829} INFO - Processing file /home/airflow/.local/lib/python3.8/site-packages/airflow/example_dags/tutorial.py for tasks to queue
[2023-09-01T14:50:24.927+0000] {logging_mixin.py:151} INFO - [2023-09-01T14:50:24.927+0000] {dagbag.py:539} INFO - Filling up the DagBag from /home/airflow/.local/lib/python3.8/site-packages/airflow/example_dags/tutorial.py
[2023-09-01T14:50:24.937+0000] {processor.py:839} INFO - DAG(s) dict_keys(['tutorial']) retrieved from /home/airflow/.local/lib/python3.8/site-packages/airflow/example_dags/tutorial.py
[2023-09-01T14:50:25.072+0000] {logging_mixin.py:151} INFO - [2023-09-01T14:50:25.071+0000] {manager.py:501} INFO - Created Permission View: can read on DAG:tutorial
[2023-09-01T14:50:25.085+0000] {logging_mixin.py:151} INFO - [2023-09-01T14:50:25.085+0000] {manager.py:501} INFO - Created Permission View: can edit on DAG:tutorial
[2023-09-01T14:50:25.094+0000] {logging_mixin.py:151} INFO - [2023-09-01T14:50:25.093+0000] {manager.py:501} INFO - Created Permission View: can delete on DAG:tutorial
[2023-09-01T14:50:25.111+0000] {logging_mixin.py:151} INFO - [2023-09-01T14:50:25.111+0000] {dag.py:2907} INFO - Sync 1 DAGs
[2023-09-01T14:50:25.126+0000] {logging_mixin.py:151} INFO - [2023-09-01T14:50:25.126+0000] {dag.py:2929} INFO - Creating ORM DAG for tutorial
[2023-09-01T14:50:25.140+0000] {logging_mixin.py:151} INFO - [2023-09-01T14:50:25.140+0000] {dag.py:3677} INFO - Setting next_dagrun for tutorial to 2023-08-31T14:50:25.139711+00:00, run_after=2023-09-01T14:50:25.139711+00:00
[2023-09-01T14:50:25.164+0000] {processor.py:179} INFO - Processing /home/airflow/.local/lib/python3.8/site-packages/airflow/example_dags/tutorial.py took 0.248 seconds
[2023-09-01T14:50:55.511+0000] {processor.py:157} INFO - Started process (PID=126) to work on /home/airflow/.local/lib/python3.8/site-packages/airflow/example_dags/tutorial.py
[2023-09-01T14:50:55.512+0000] {processor.py:829} INFO - Processing file /home/airflow/.local/lib/python3.8/site-packages/airflow/example_dags/tutorial.py for tasks to queue
[2023-09-01T14:50:55.516+0000] {logging_mixin.py:151} INFO - [2023-09-01T14:50:55.516+0000] {dagbag.py:539} INFO - Filling up the DagBag from /home/airflow/.local/lib/python3.8/site-packages/airflow/example_dags/tutorial.py
[2023-09-01T14:50:55.526+0000] {processor.py:839} INFO - DAG(s) dict_keys(['tutorial']) retrieved from /home/airflow/.local/lib/python3.8/site-packages/airflow/example_dags/tutorial.py
[2023-09-01T14:50:55.569+0000] {logging_mixin.py:151} INFO - [2023-09-01T14:50:55.569+0000] {dag.py:2907} INFO - Sync 1 DAGs
[2023-09-01T14:50:55.611+0000] {logging_mixin.py:151} INFO - [2023-09-01T14:50:55.611+0000] {dag.py:3677} INFO - Setting next_dagrun for tutorial to 2023-08-31T14:50:55.610908+00:00, run_after=2023-09-01T14:50:55.610908+00:00
[2023-09-01T14:50:55.644+0000] {processor.py:179} INFO - Processing /home/airflow/.local/lib/python3.8/site-packages/airflow/example_dags/tutorial.py took 0.139 seconds
[2023-09-01T14:51:26.007+0000] {processor.py:157} INFO - Started process (PID=187) to work on /home/airflow/.local/lib/python3.8/site-packages/airflow/example_dags/tutorial.py
[2023-09-01T14:51:26.009+0000] {processor.py:829} INFO - Processing file /home/airflow/.local/lib/python3.8/site-packages/airflow/example_dags/tutorial.py for tasks to queue
[2023-09-01T14:51:26.012+0000] {logging_mixin.py:151} INFO - [2023-09-01T14:51:26.011+0000] {dagbag.py:539} INFO - Filling up the DagBag from /home/airflow/.local/lib/python3.8/site-packages/airflow/example_dags/tutorial.py
[2023-09-01T14:51:26.020+0000] {processor.py:839} INFO - DAG(s) dict_keys(['tutorial']) retrieved from /home/airflow/.local/lib/python3.8/site-packages/airflow/example_dags/tutorial.py
[2023-09-01T14:51:26.051+0000] {logging_mixin.py:151} INFO - [2023-09-01T14:51:26.051+0000] {dag.py:2907} INFO - Sync 1 DAGs
[2023-09-01T14:51:26.083+0000] {logging_mixin.py:151} INFO - [2023-09-01T14:51:26.083+0000] {dag.py:3677} INFO - Setting next_dagrun for tutorial to 2023-08-31T14:51:26.083146+00:00, run_after=2023-09-01T14:51:26.083146+00:00
[2023-09-01T14:51:26.113+0000] {processor.py:179} INFO - Processing /home/airflow/.local/lib/python3.8/site-packages/airflow/example_dags/tutorial.py took 0.111 seconds
[2023-09-01T14:51:56.830+0000] {processor.py:157} INFO - Started process (PID=241) to work on /home/airflow/.local/lib/python3.8/site-packages/airflow/example_dags/tutorial.py
[2023-09-01T14:51:56.831+0000] {processor.py:829} INFO - Processing file /home/airflow/.local/lib/python3.8/site-packages/airflow/example_dags/tutorial.py for tasks to queue
[2023-09-01T14:51:56.835+0000] {logging_mixin.py:151} INFO - [2023-09-01T14:51:56.835+0000] {dagbag.py:539} INFO - Filling up the DagBag from /home/airflow/.local/lib/python3.8/site-packages/airflow/example_dags/tutorial.py
[2023-09-01T14:51:56.844+0000] {processor.py:839} INFO - DAG(s) dict_keys(['tutorial']) retrieved from /home/airflow/.local/lib/python3.8/site-packages/airflow/example_dags/tutorial.py
[2023-09-01T14:51:56.871+0000] {logging_mixin.py:151} INFO - [2023-09-01T14:51:56.871+0000] {dag.py:2907} INFO - Sync 1 DAGs
[2023-09-01T14:51:56.903+0000] {logging_mixin.py:151} INFO - [2023-09-01T14:51:56.903+0000] {dag.py:3677} INFO - Setting next_dagrun for tutorial to 2023-08-31T14:51:56.903368+00:00, run_after=2023-09-01T14:51:56.903368+00:00
[2023-09-01T14:51:56.932+0000] {processor.py:179} INFO - Processing /home/airflow/.local/lib/python3.8/site-packages/airflow/example_dags/tutorial.py took 0.107 seconds
[2023-09-01T14:52:27.174+0000] {processor.py:157} INFO - Started process (PID=294) to work on /home/airflow/.local/lib/python3.8/site-packages/airflow/example_dags/tutorial.py
[2023-09-01T14:52:27.175+0000] {processor.py:829} INFO - Processing file /home/airflow/.local/lib/python3.8/site-packages/airflow/example_dags/tutorial.py for tasks to queue
[2023-09-01T14:52:27.178+0000] {logging_mixin.py:151} INFO - [2023-09-01T14:52:27.178+0000] {dagbag.py:539} INFO - Filling up the DagBag from /home/airflow/.local/lib/python3.8/site-packages/airflow/example_dags/tutorial.py
[2023-09-01T14:52:27.185+0000] {processor.py:839} INFO - DAG(s) dict_keys(['tutorial']) retrieved from /home/airflow/.local/lib/python3.8/site-packages/airflow/example_dags/tutorial.py
[2023-09-01T14:52:27.209+0000] {logging_mixin.py:151} INFO - [2023-09-01T14:52:27.209+0000] {dag.py:2907} INFO - Sync 1 DAGs
[2023-09-01T14:52:27.236+0000] {logging_mixin.py:151} INFO - [2023-09-01T14:52:27.236+0000] {dag.py:3677} INFO - Setting next_dagrun for tutorial to 2023-08-31T14:52:27.236370+00:00, run_after=2023-09-01T14:52:27.236370+00:00
[2023-09-01T14:52:27.257+0000] {processor.py:179} INFO - Processing /home/airflow/.local/lib/python3.8/site-packages/airflow/example_dags/tutorial.py took 0.087 seconds
[2023-09-01T14:52:58.174+0000] {processor.py:157} INFO - Started process (PID=349) to work on /home/airflow/.local/lib/python3.8/site-packages/airflow/example_dags/tutorial.py
[2023-09-01T14:52:58.175+0000] {processor.py:829} INFO - Processing file /home/airflow/.local/lib/python3.8/site-packages/airflow/example_dags/tutorial.py for tasks to queue
[2023-09-01T14:52:58.178+0000] {logging_mixin.py:151} INFO - [2023-09-01T14:52:58.178+0000] {dagbag.py:539} INFO - Filling up the DagBag from /home/airflow/.local/lib/python3.8/site-packages/airflow/example_dags/tutorial.py
[2023-09-01T14:52:58.185+0000] {processor.py:839} INFO - DAG(s) dict_keys(['tutorial']) retrieved from /home/airflow/.local/lib/python3.8/site-packages/airflow/example_dags/tutorial.py
[2023-09-01T14:52:58.211+0000] {logging_mixin.py:151} INFO - [2023-09-01T14:52:58.210+0000] {dag.py:2907} INFO - Sync 1 DAGs
[2023-09-01T14:52:58.235+0000] {logging_mixin.py:151} INFO - [2023-09-01T14:52:58.234+0000] {dag.py:3677} INFO - Setting next_dagrun for tutorial to 2023-08-31T14:52:58.234523+00:00, run_after=2023-09-01T14:52:58.234523+00:00
[2023-09-01T14:52:58.255+0000] {processor.py:179} INFO - Processing /home/airflow/.local/lib/python3.8/site-packages/airflow/example_dags/tutorial.py took 0.085 seconds
[2023-09-01T14:53:28.852+0000] {processor.py:157} INFO - Started process (PID=404) to work on /home/airflow/.local/lib/python3.8/site-packages/airflow/example_dags/tutorial.py
[2023-09-01T14:53:28.854+0000] {processor.py:829} INFO - Processing file /home/airflow/.local/lib/python3.8/site-packages/airflow/example_dags/tutorial.py for tasks to queue
[2023-09-01T14:53:28.857+0000] {logging_mixin.py:151} INFO - [2023-09-01T14:53:28.857+0000] {dagbag.py:539} INFO - Filling up the DagBag from /home/airflow/.local/lib/python3.8/site-packages/airflow/example_dags/tutorial.py
[2023-09-01T14:53:28.864+0000] {processor.py:839} INFO - DAG(s) dict_keys(['tutorial']) retrieved from /home/airflow/.local/lib/python3.8/site-packages/airflow/example_dags/tutorial.py
[2023-09-01T14:53:28.888+0000] {logging_mixin.py:151} INFO - [2023-09-01T14:53:28.888+0000] {dag.py:2907} INFO - Sync 1 DAGs
[2023-09-01T14:53:28.913+0000] {logging_mixin.py:151} INFO - [2023-09-01T14:53:28.913+0000] {dag.py:3677} INFO - Setting next_dagrun for tutorial to 2023-08-31T14:53:28.913065+00:00, run_after=2023-09-01T14:53:28.913065+00:00
[2023-09-01T14:53:28.933+0000] {processor.py:179} INFO - Processing /home/airflow/.local/lib/python3.8/site-packages/airflow/example_dags/tutorial.py took 0.085 seconds
[2023-09-01T14:53:59.769+0000] {processor.py:157} INFO - Started process (PID=458) to work on /home/airflow/.local/lib/python3.8/site-packages/airflow/example_dags/tutorial.py
[2023-09-01T14:53:59.770+0000] {processor.py:829} INFO - Processing file /home/airflow/.local/lib/python3.8/site-packages/airflow/example_dags/tutorial.py for tasks to queue
[2023-09-01T14:53:59.773+0000] {logging_mixin.py:151} INFO - [2023-09-01T14:53:59.773+0000] {dagbag.py:539} INFO - Filling up the DagBag from /home/airflow/.local/lib/python3.8/site-packages/airflow/example_dags/tutorial.py
[2023-09-01T14:53:59.781+0000] {processor.py:839} INFO - DAG(s) dict_keys(['tutorial']) retrieved from /home/airflow/.local/lib/python3.8/site-packages/airflow/example_dags/tutorial.py
[2023-09-01T14:53:59.809+0000] {logging_mixin.py:151} INFO - [2023-09-01T14:53:59.809+0000] {dag.py:2907} INFO - Sync 1 DAGs
[2023-09-01T14:53:59.834+0000] {logging_mixin.py:151} INFO - [2023-09-01T14:53:59.834+0000] {dag.py:3677} INFO - Setting next_dagrun for tutorial to 2023-08-31T14:53:59.833706+00:00, run_after=2023-09-01T14:53:59.833706+00:00
[2023-09-01T14:53:59.854+0000] {processor.py:179} INFO - Processing /home/airflow/.local/lib/python3.8/site-packages/airflow/example_dags/tutorial.py took 0.090 seconds
[2023-09-01T14:54:29.896+0000] {processor.py:157} INFO - Started process (PID=511) to work on /home/airflow/.local/lib/python3.8/site-packages/airflow/example_dags/tutorial.py
[2023-09-01T14:54:29.898+0000] {processor.py:829} INFO - Processing file /home/airflow/.local/lib/python3.8/site-packages/airflow/example_dags/tutorial.py for tasks to queue
[2023-09-01T14:54:29.901+0000] {logging_mixin.py:151} INFO - [2023-09-01T14:54:29.900+0000] {dagbag.py:539} INFO - Filling up the DagBag from /home/airflow/.local/lib/python3.8/site-packages/airflow/example_dags/tutorial.py
[2023-09-01T14:54:29.910+0000] {processor.py:839} INFO - DAG(s) dict_keys(['tutorial']) retrieved from /home/airflow/.local/lib/python3.8/site-packages/airflow/example_dags/tutorial.py
[2023-09-01T14:54:29.939+0000] {logging_mixin.py:151} INFO - [2023-09-01T14:54:29.939+0000] {dag.py:2907} INFO - Sync 1 DAGs
[2023-09-01T14:54:29.964+0000] {logging_mixin.py:151} INFO - [2023-09-01T14:54:29.964+0000] {dag.py:3677} INFO - Setting next_dagrun for tutorial to 2023-08-31T14:54:29.964238+00:00, run_after=2023-09-01T14:54:29.964238+00:00
[2023-09-01T14:54:29.984+0000] {processor.py:179} INFO - Processing /home/airflow/.local/lib/python3.8/site-packages/airflow/example_dags/tutorial.py took 0.093 seconds
[2023-09-01T14:55:00.046+0000] {processor.py:157} INFO - Started process (PID=565) to work on /home/airflow/.local/lib/python3.8/site-packages/airflow/example_dags/tutorial.py
[2023-09-01T14:55:00.047+0000] {processor.py:829} INFO - Processing file /home/airflow/.local/lib/python3.8/site-packages/airflow/example_dags/tutorial.py for tasks to queue
[2023-09-01T14:55:00.050+0000] {logging_mixin.py:151} INFO - [2023-09-01T14:55:00.049+0000] {dagbag.py:539} INFO - Filling up the DagBag from /home/airflow/.local/lib/python3.8/site-packages/airflow/example_dags/tutorial.py
[2023-09-01T14:55:00.057+0000] {processor.py:839} INFO - DAG(s) dict_keys(['tutorial']) retrieved from /home/airflow/.local/lib/python3.8/site-packages/airflow/example_dags/tutorial.py
[2023-09-01T14:55:00.081+0000] {logging_mixin.py:151} INFO - [2023-09-01T14:55:00.081+0000] {dag.py:2907} INFO - Sync 1 DAGs
[2023-09-01T14:55:00.105+0000] {logging_mixin.py:151} INFO - [2023-09-01T14:55:00.104+0000] {dag.py:3677} INFO - Setting next_dagrun for tutorial to 2023-08-31T14:55:00.104696+00:00, run_after=2023-09-01T14:55:00.104696+00:00
[2023-09-01T14:55:00.124+0000] {processor.py:179} INFO - Processing /home/airflow/.local/lib/python3.8/site-packages/airflow/example_dags/tutorial.py took 0.083 seconds
[2023-09-01T14:55:31.009+0000] {processor.py:157} INFO - Started process (PID=619) to work on /home/airflow/.local/lib/python3.8/site-packages/airflow/example_dags/tutorial.py
[2023-09-01T14:55:31.011+0000] {processor.py:829} INFO - Processing file /home/airflow/.local/lib/python3.8/site-packages/airflow/example_dags/tutorial.py for tasks to queue
[2023-09-01T14:55:31.014+0000] {logging_mixin.py:151} INFO - [2023-09-01T14:55:31.013+0000] {dagbag.py:539} INFO - Filling up the DagBag from /home/airflow/.local/lib/python3.8/site-packages/airflow/example_dags/tutorial.py
[2023-09-01T14:55:31.021+0000] {processor.py:839} INFO - DAG(s) dict_keys(['tutorial']) retrieved from /home/airflow/.local/lib/python3.8/site-packages/airflow/example_dags/tutorial.py
[2023-09-01T14:55:31.042+0000] {logging_mixin.py:151} INFO - [2023-09-01T14:55:31.042+0000] {dag.py:2907} INFO - Sync 1 DAGs
[2023-09-01T14:55:31.064+0000] {logging_mixin.py:151} INFO - [2023-09-01T14:55:31.063+0000] {dag.py:3677} INFO - Setting next_dagrun for tutorial to 2023-08-31T14:55:31.063752+00:00, run_after=2023-09-01T14:55:31.063752+00:00
[2023-09-01T14:55:31.082+0000] {processor.py:179} INFO - Processing /home/airflow/.local/lib/python3.8/site-packages/airflow/example_dags/tutorial.py took 0.078 seconds
[2023-09-01T14:56:01.592+0000] {processor.py:157} INFO - Started process (PID=673) to work on /home/airflow/.local/lib/python3.8/site-packages/airflow/example_dags/tutorial.py
[2023-09-01T14:56:01.593+0000] {processor.py:829} INFO - Processing file /home/airflow/.local/lib/python3.8/site-packages/airflow/example_dags/tutorial.py for tasks to queue
[2023-09-01T14:56:01.596+0000] {logging_mixin.py:151} INFO - [2023-09-01T14:56:01.595+0000] {dagbag.py:539} INFO - Filling up the DagBag from /home/airflow/.local/lib/python3.8/site-packages/airflow/example_dags/tutorial.py
[2023-09-01T14:56:01.603+0000] {processor.py:839} INFO - DAG(s) dict_keys(['tutorial']) retrieved from /home/airflow/.local/lib/python3.8/site-packages/airflow/example_dags/tutorial.py
[2023-09-01T14:56:01.627+0000] {logging_mixin.py:151} INFO - [2023-09-01T14:56:01.627+0000] {dag.py:2907} INFO - Sync 1 DAGs
[2023-09-01T14:56:01.651+0000] {logging_mixin.py:151} INFO - [2023-09-01T14:56:01.651+0000] {dag.py:3677} INFO - Setting next_dagrun for tutorial to 2023-08-31T14:56:01.651371+00:00, run_after=2023-09-01T14:56:01.651371+00:00
[2023-09-01T14:56:01.670+0000] {processor.py:179} INFO - Processing /home/airflow/.local/lib/python3.8/site-packages/airflow/example_dags/tutorial.py took 0.083 seconds
[2023-09-01T14:56:32.393+0000] {processor.py:157} INFO - Started process (PID=727) to work on /home/airflow/.local/lib/python3.8/site-packages/airflow/example_dags/tutorial.py
[2023-09-01T14:56:32.395+0000] {processor.py:829} INFO - Processing file /home/airflow/.local/lib/python3.8/site-packages/airflow/example_dags/tutorial.py for tasks to queue
[2023-09-01T14:56:32.398+0000] {logging_mixin.py:151} INFO - [2023-09-01T14:56:32.397+0000] {dagbag.py:539} INFO - Filling up the DagBag from /home/airflow/.local/lib/python3.8/site-packages/airflow/example_dags/tutorial.py
[2023-09-01T14:56:32.405+0000] {processor.py:839} INFO - DAG(s) dict_keys(['tutorial']) retrieved from /home/airflow/.local/lib/python3.8/site-packages/airflow/example_dags/tutorial.py
[2023-09-01T14:56:32.428+0000] {logging_mixin.py:151} INFO - [2023-09-01T14:56:32.428+0000] {dag.py:2907} INFO - Sync 1 DAGs
[2023-09-01T14:56:32.453+0000] {logging_mixin.py:151} INFO - [2023-09-01T14:56:32.452+0000] {dag.py:3677} INFO - Setting next_dagrun for tutorial to 2023-08-31T14:56:32.452542+00:00, run_after=2023-09-01T14:56:32.452542+00:00
[2023-09-01T14:56:32.472+0000] {processor.py:179} INFO - Processing /home/airflow/.local/lib/python3.8/site-packages/airflow/example_dags/tutorial.py took 0.082 seconds
[2023-09-01T14:57:03.255+0000] {processor.py:157} INFO - Started process (PID=781) to work on /home/airflow/.local/lib/python3.8/site-packages/airflow/example_dags/tutorial.py
[2023-09-01T14:57:03.256+0000] {processor.py:829} INFO - Processing file /home/airflow/.local/lib/python3.8/site-packages/airflow/example_dags/tutorial.py for tasks to queue
[2023-09-01T14:57:03.259+0000] {logging_mixin.py:151} INFO - [2023-09-01T14:57:03.258+0000] {dagbag.py:539} INFO - Filling up the DagBag from /home/airflow/.local/lib/python3.8/site-packages/airflow/example_dags/tutorial.py
[2023-09-01T14:57:03.266+0000] {processor.py:839} INFO - DAG(s) dict_keys(['tutorial']) retrieved from /home/airflow/.local/lib/python3.8/site-packages/airflow/example_dags/tutorial.py
[2023-09-01T14:57:03.289+0000] {logging_mixin.py:151} INFO - [2023-09-01T14:57:03.289+0000] {dag.py:2907} INFO - Sync 1 DAGs
[2023-09-01T14:57:03.313+0000] {logging_mixin.py:151} INFO - [2023-09-01T14:57:03.313+0000] {dag.py:3677} INFO - Setting next_dagrun for tutorial to 2023-08-31T14:57:03.312849+00:00, run_after=2023-09-01T14:57:03.312849+00:00
[2023-09-01T14:57:03.332+0000] {processor.py:179} INFO - Processing /home/airflow/.local/lib/python3.8/site-packages/airflow/example_dags/tutorial.py took 0.082 seconds
[2023-09-01T14:57:34.061+0000] {processor.py:157} INFO - Started process (PID=835) to work on /home/airflow/.local/lib/python3.8/site-packages/airflow/example_dags/tutorial.py
[2023-09-01T14:57:34.062+0000] {processor.py:829} INFO - Processing file /home/airflow/.local/lib/python3.8/site-packages/airflow/example_dags/tutorial.py for tasks to queue
[2023-09-01T14:57:34.065+0000] {logging_mixin.py:151} INFO - [2023-09-01T14:57:34.065+0000] {dagbag.py:539} INFO - Filling up the DagBag from /home/airflow/.local/lib/python3.8/site-packages/airflow/example_dags/tutorial.py
[2023-09-01T14:57:34.072+0000] {processor.py:839} INFO - DAG(s) dict_keys(['tutorial']) retrieved from /home/airflow/.local/lib/python3.8/site-packages/airflow/example_dags/tutorial.py
[2023-09-01T14:57:34.095+0000] {logging_mixin.py:151} INFO - [2023-09-01T14:57:34.095+0000] {dag.py:2907} INFO - Sync 1 DAGs
[2023-09-01T14:57:34.120+0000] {logging_mixin.py:151} INFO - [2023-09-01T14:57:34.120+0000] {dag.py:3677} INFO - Setting next_dagrun for tutorial to 2023-08-31T14:57:34.120050+00:00, run_after=2023-09-01T14:57:34.120050+00:00
[2023-09-01T14:57:34.139+0000] {processor.py:179} INFO - Processing /home/airflow/.local/lib/python3.8/site-packages/airflow/example_dags/tutorial.py took 0.083 seconds
[2023-09-01T14:58:04.723+0000] {processor.py:157} INFO - Started process (PID=889) to work on /home/airflow/.local/lib/python3.8/site-packages/airflow/example_dags/tutorial.py
[2023-09-01T14:58:04.724+0000] {processor.py:829} INFO - Processing file /home/airflow/.local/lib/python3.8/site-packages/airflow/example_dags/tutorial.py for tasks to queue
[2023-09-01T14:58:04.727+0000] {logging_mixin.py:151} INFO - [2023-09-01T14:58:04.726+0000] {dagbag.py:539} INFO - Filling up the DagBag from /home/airflow/.local/lib/python3.8/site-packages/airflow/example_dags/tutorial.py
[2023-09-01T14:58:04.734+0000] {processor.py:839} INFO - DAG(s) dict_keys(['tutorial']) retrieved from /home/airflow/.local/lib/python3.8/site-packages/airflow/example_dags/tutorial.py
[2023-09-01T14:58:04.757+0000] {logging_mixin.py:151} INFO - [2023-09-01T14:58:04.757+0000] {dag.py:2907} INFO - Sync 1 DAGs
[2023-09-01T14:58:04.781+0000] {logging_mixin.py:151} INFO - [2023-09-01T14:58:04.781+0000] {dag.py:3677} INFO - Setting next_dagrun for tutorial to 2023-08-31T14:58:04.781100+00:00, run_after=2023-09-01T14:58:04.781100+00:00
[2023-09-01T14:58:04.800+0000] {processor.py:179} INFO - Processing /home/airflow/.local/lib/python3.8/site-packages/airflow/example_dags/tutorial.py took 0.082 seconds
[2023-09-01T14:58:35.614+0000] {processor.py:157} INFO - Started process (PID=943) to work on /home/airflow/.local/lib/python3.8/site-packages/airflow/example_dags/tutorial.py
[2023-09-01T14:58:35.616+0000] {processor.py:829} INFO - Processing file /home/airflow/.local/lib/python3.8/site-packages/airflow/example_dags/tutorial.py for tasks to queue
[2023-09-01T14:58:35.618+0000] {logging_mixin.py:151} INFO - [2023-09-01T14:58:35.618+0000] {dagbag.py:539} INFO - Filling up the DagBag from /home/airflow/.local/lib/python3.8/site-packages/airflow/example_dags/tutorial.py
[2023-09-01T14:58:35.626+0000] {processor.py:839} INFO - DAG(s) dict_keys(['tutorial']) retrieved from /home/airflow/.local/lib/python3.8/site-packages/airflow/example_dags/tutorial.py
[2023-09-01T14:58:35.649+0000] {logging_mixin.py:151} INFO - [2023-09-01T14:58:35.649+0000] {dag.py:2907} INFO - Sync 1 DAGs
[2023-09-01T14:58:35.675+0000] {logging_mixin.py:151} INFO - [2023-09-01T14:58:35.674+0000] {dag.py:3677} INFO - Setting next_dagrun for tutorial to 2023-08-31T14:58:35.674632+00:00, run_after=2023-09-01T14:58:35.674632+00:00
[2023-09-01T14:58:35.693+0000] {processor.py:179} INFO - Processing /home/airflow/.local/lib/python3.8/site-packages/airflow/example_dags/tutorial.py took 0.083 seconds
[2023-09-01T14:59:06.411+0000] {processor.py:157} INFO - Started process (PID=997) to work on /home/airflow/.local/lib/python3.8/site-packages/airflow/example_dags/tutorial.py
[2023-09-01T14:59:06.412+0000] {processor.py:829} INFO - Processing file /home/airflow/.local/lib/python3.8/site-packages/airflow/example_dags/tutorial.py for tasks to queue
[2023-09-01T14:59:06.415+0000] {logging_mixin.py:151} INFO - [2023-09-01T14:59:06.415+0000] {dagbag.py:539} INFO - Filling up the DagBag from /home/airflow/.local/lib/python3.8/site-packages/airflow/example_dags/tutorial.py
[2023-09-01T14:59:06.422+0000] {processor.py:839} INFO - DAG(s) dict_keys(['tutorial']) retrieved from /home/airflow/.local/lib/python3.8/site-packages/airflow/example_dags/tutorial.py
[2023-09-01T14:59:06.446+0000] {logging_mixin.py:151} INFO - [2023-09-01T14:59:06.446+0000] {dag.py:2907} INFO - Sync 1 DAGs
[2023-09-01T14:59:06.472+0000] {logging_mixin.py:151} INFO - [2023-09-01T14:59:06.471+0000] {dag.py:3677} INFO - Setting next_dagrun for tutorial to 2023-08-31T14:59:06.471555+00:00, run_after=2023-09-01T14:59:06.471555+00:00
[2023-09-01T14:59:06.490+0000] {processor.py:179} INFO - Processing /home/airflow/.local/lib/python3.8/site-packages/airflow/example_dags/tutorial.py took 0.083 seconds
[2023-09-01T14:59:37.063+0000] {processor.py:157} INFO - Started process (PID=1051) to work on /home/airflow/.local/lib/python3.8/site-packages/airflow/example_dags/tutorial.py
[2023-09-01T14:59:37.064+0000] {processor.py:829} INFO - Processing file /home/airflow/.local/lib/python3.8/site-packages/airflow/example_dags/tutorial.py for tasks to queue
[2023-09-01T14:59:37.067+0000] {logging_mixin.py:151} INFO - [2023-09-01T14:59:37.067+0000] {dagbag.py:539} INFO - Filling up the DagBag from /home/airflow/.local/lib/python3.8/site-packages/airflow/example_dags/tutorial.py
[2023-09-01T14:59:37.074+0000] {processor.py:839} INFO - DAG(s) dict_keys(['tutorial']) retrieved from /home/airflow/.local/lib/python3.8/site-packages/airflow/example_dags/tutorial.py
[2023-09-01T14:59:37.098+0000] {logging_mixin.py:151} INFO - [2023-09-01T14:59:37.097+0000] {dag.py:2907} INFO - Sync 1 DAGs
[2023-09-01T14:59:37.121+0000] {logging_mixin.py:151} INFO - [2023-09-01T14:59:37.121+0000] {dag.py:3677} INFO - Setting next_dagrun for tutorial to 2023-08-31T14:59:37.121255+00:00, run_after=2023-09-01T14:59:37.121255+00:00
[2023-09-01T14:59:37.140+0000] {processor.py:179} INFO - Processing /home/airflow/.local/lib/python3.8/site-packages/airflow/example_dags/tutorial.py took 0.082 seconds
[2023-09-01T15:00:07.992+0000] {processor.py:157} INFO - Started process (PID=1105) to work on /home/airflow/.local/lib/python3.8/site-packages/airflow/example_dags/tutorial.py
[2023-09-01T15:00:07.994+0000] {processor.py:829} INFO - Processing file /home/airflow/.local/lib/python3.8/site-packages/airflow/example_dags/tutorial.py for tasks to queue
[2023-09-01T15:00:07.997+0000] {logging_mixin.py:151} INFO - [2023-09-01T15:00:07.996+0000] {dagbag.py:539} INFO - Filling up the DagBag from /home/airflow/.local/lib/python3.8/site-packages/airflow/example_dags/tutorial.py
[2023-09-01T15:00:08.005+0000] {processor.py:839} INFO - DAG(s) dict_keys(['tutorial']) retrieved from /home/airflow/.local/lib/python3.8/site-packages/airflow/example_dags/tutorial.py
[2023-09-01T15:00:08.029+0000] {logging_mixin.py:151} INFO - [2023-09-01T15:00:08.029+0000] {dag.py:2907} INFO - Sync 1 DAGs
[2023-09-01T15:00:08.053+0000] {logging_mixin.py:151} INFO - [2023-09-01T15:00:08.053+0000] {dag.py:3677} INFO - Setting next_dagrun for tutorial to 2023-08-31T15:00:08.053225+00:00, run_after=2023-09-01T15:00:08.053225+00:00
[2023-09-01T15:00:08.073+0000] {processor.py:179} INFO - Processing /home/airflow/.local/lib/python3.8/site-packages/airflow/example_dags/tutorial.py took 0.086 seconds
[2023-09-01T15:00:38.759+0000] {processor.py:157} INFO - Started process (PID=1159) to work on /home/airflow/.local/lib/python3.8/site-packages/airflow/example_dags/tutorial.py
[2023-09-01T15:00:38.760+0000] {processor.py:829} INFO - Processing file /home/airflow/.local/lib/python3.8/site-packages/airflow/example_dags/tutorial.py for tasks to queue
[2023-09-01T15:00:38.763+0000] {logging_mixin.py:151} INFO - [2023-09-01T15:00:38.763+0000] {dagbag.py:539} INFO - Filling up the DagBag from /home/airflow/.local/lib/python3.8/site-packages/airflow/example_dags/tutorial.py
[2023-09-01T15:00:38.770+0000] {processor.py:839} INFO - DAG(s) dict_keys(['tutorial']) retrieved from /home/airflow/.local/lib/python3.8/site-packages/airflow/example_dags/tutorial.py
[2023-09-01T15:00:38.794+0000] {logging_mixin.py:151} INFO - [2023-09-01T15:00:38.794+0000] {dag.py:2907} INFO - Sync 1 DAGs
[2023-09-01T15:00:38.819+0000] {logging_mixin.py:151} INFO - [2023-09-01T15:00:38.819+0000] {dag.py:3677} INFO - Setting next_dagrun for tutorial to 2023-08-31T15:00:38.818739+00:00, run_after=2023-09-01T15:00:38.818739+00:00
[2023-09-01T15:00:38.843+0000] {processor.py:179} INFO - Processing /home/airflow/.local/lib/python3.8/site-packages/airflow/example_dags/tutorial.py took 0.089 seconds
[2023-09-01T15:01:09.320+0000] {processor.py:157} INFO - Started process (PID=1213) to work on /home/airflow/.local/lib/python3.8/site-packages/airflow/example_dags/tutorial.py
[2023-09-01T15:01:09.321+0000] {processor.py:829} INFO - Processing file /home/airflow/.local/lib/python3.8/site-packages/airflow/example_dags/tutorial.py for tasks to queue
[2023-09-01T15:01:09.324+0000] {logging_mixin.py:151} INFO - [2023-09-01T15:01:09.324+0000] {dagbag.py:539} INFO - Filling up the DagBag from /home/airflow/.local/lib/python3.8/site-packages/airflow/example_dags/tutorial.py
[2023-09-01T15:01:09.331+0000] {processor.py:839} INFO - DAG(s) dict_keys(['tutorial']) retrieved from /home/airflow/.local/lib/python3.8/site-packages/airflow/example_dags/tutorial.py
[2023-09-01T15:01:09.355+0000] {logging_mixin.py:151} INFO - [2023-09-01T15:01:09.354+0000] {dag.py:2907} INFO - Sync 1 DAGs
[2023-09-01T15:01:09.379+0000] {logging_mixin.py:151} INFO - [2023-09-01T15:01:09.379+0000] {dag.py:3677} INFO - Setting next_dagrun for tutorial to 2023-08-31T15:01:09.378742+00:00, run_after=2023-09-01T15:01:09.378742+00:00
[2023-09-01T15:01:09.398+0000] {processor.py:179} INFO - Processing /home/airflow/.local/lib/python3.8/site-packages/airflow/example_dags/tutorial.py took 0.083 seconds
[2023-09-01T15:01:40.171+0000] {processor.py:157} INFO - Started process (PID=1267) to work on /home/airflow/.local/lib/python3.8/site-packages/airflow/example_dags/tutorial.py
[2023-09-01T15:01:40.172+0000] {processor.py:829} INFO - Processing file /home/airflow/.local/lib/python3.8/site-packages/airflow/example_dags/tutorial.py for tasks to queue
[2023-09-01T15:01:40.174+0000] {logging_mixin.py:151} INFO - [2023-09-01T15:01:40.174+0000] {dagbag.py:539} INFO - Filling up the DagBag from /home/airflow/.local/lib/python3.8/site-packages/airflow/example_dags/tutorial.py
[2023-09-01T15:01:40.182+0000] {processor.py:839} INFO - DAG(s) dict_keys(['tutorial']) retrieved from /home/airflow/.local/lib/python3.8/site-packages/airflow/example_dags/tutorial.py
[2023-09-01T15:01:40.206+0000] {logging_mixin.py:151} INFO - [2023-09-01T15:01:40.205+0000] {dag.py:2907} INFO - Sync 1 DAGs
[2023-09-01T15:01:40.230+0000] {logging_mixin.py:151} INFO - [2023-09-01T15:01:40.230+0000] {dag.py:3677} INFO - Setting next_dagrun for tutorial to 2023-08-31T15:01:40.229866+00:00, run_after=2023-09-01T15:01:40.229866+00:00
[2023-09-01T15:01:40.250+0000] {processor.py:179} INFO - Processing /home/airflow/.local/lib/python3.8/site-packages/airflow/example_dags/tutorial.py took 0.083 seconds
[2023-09-01T15:02:11.001+0000] {processor.py:157} INFO - Started process (PID=1321) to work on /home/airflow/.local/lib/python3.8/site-packages/airflow/example_dags/tutorial.py
[2023-09-01T15:02:11.002+0000] {processor.py:829} INFO - Processing file /home/airflow/.local/lib/python3.8/site-packages/airflow/example_dags/tutorial.py for tasks to queue
[2023-09-01T15:02:11.006+0000] {logging_mixin.py:151} INFO - [2023-09-01T15:02:11.005+0000] {dagbag.py:539} INFO - Filling up the DagBag from /home/airflow/.local/lib/python3.8/site-packages/airflow/example_dags/tutorial.py
[2023-09-01T15:02:11.016+0000] {processor.py:839} INFO - DAG(s) dict_keys(['tutorial']) retrieved from /home/airflow/.local/lib/python3.8/site-packages/airflow/example_dags/tutorial.py
[2023-09-01T15:02:11.047+0000] {logging_mixin.py:151} INFO - [2023-09-01T15:02:11.047+0000] {dag.py:2907} INFO - Sync 1 DAGs
[2023-09-01T15:02:11.082+0000] {logging_mixin.py:151} INFO - [2023-09-01T15:02:11.082+0000] {dag.py:3677} INFO - Setting next_dagrun for tutorial to 2023-08-31T15:02:11.081860+00:00, run_after=2023-09-01T15:02:11.081860+00:00
[2023-09-01T15:02:11.108+0000] {processor.py:179} INFO - Processing /home/airflow/.local/lib/python3.8/site-packages/airflow/example_dags/tutorial.py took 0.113 seconds
[2023-09-01T15:02:41.275+0000] {processor.py:157} INFO - Started process (PID=1375) to work on /home/airflow/.local/lib/python3.8/site-packages/airflow/example_dags/tutorial.py
[2023-09-01T15:02:41.276+0000] {processor.py:829} INFO - Processing file /home/airflow/.local/lib/python3.8/site-packages/airflow/example_dags/tutorial.py for tasks to queue
[2023-09-01T15:02:41.279+0000] {logging_mixin.py:151} INFO - [2023-09-01T15:02:41.278+0000] {dagbag.py:539} INFO - Filling up the DagBag from /home/airflow/.local/lib/python3.8/site-packages/airflow/example_dags/tutorial.py
[2023-09-01T15:02:41.286+0000] {processor.py:839} INFO - DAG(s) dict_keys(['tutorial']) retrieved from /home/airflow/.local/lib/python3.8/site-packages/airflow/example_dags/tutorial.py
[2023-09-01T15:02:41.310+0000] {logging_mixin.py:151} INFO - [2023-09-01T15:02:41.310+0000] {dag.py:2907} INFO - Sync 1 DAGs
[2023-09-01T15:02:41.334+0000] {logging_mixin.py:151} INFO - [2023-09-01T15:02:41.334+0000] {dag.py:3677} INFO - Setting next_dagrun for tutorial to 2023-08-31T15:02:41.334456+00:00, run_after=2023-09-01T15:02:41.334456+00:00
[2023-09-01T15:02:41.354+0000] {processor.py:179} INFO - Processing /home/airflow/.local/lib/python3.8/site-packages/airflow/example_dags/tutorial.py took 0.084 seconds
[2023-09-01T15:03:11.587+0000] {processor.py:157} INFO - Started process (PID=1428) to work on /home/airflow/.local/lib/python3.8/site-packages/airflow/example_dags/tutorial.py
[2023-09-01T15:03:11.588+0000] {processor.py:829} INFO - Processing file /home/airflow/.local/lib/python3.8/site-packages/airflow/example_dags/tutorial.py for tasks to queue
[2023-09-01T15:03:11.592+0000] {logging_mixin.py:151} INFO - [2023-09-01T15:03:11.592+0000] {dagbag.py:539} INFO - Filling up the DagBag from /home/airflow/.local/lib/python3.8/site-packages/airflow/example_dags/tutorial.py
[2023-09-01T15:03:11.602+0000] {processor.py:839} INFO - DAG(s) dict_keys(['tutorial']) retrieved from /home/airflow/.local/lib/python3.8/site-packages/airflow/example_dags/tutorial.py
[2023-09-01T15:03:11.632+0000] {logging_mixin.py:151} INFO - [2023-09-01T15:03:11.632+0000] {dag.py:2907} INFO - Sync 1 DAGs
[2023-09-01T15:03:11.662+0000] {logging_mixin.py:151} INFO - [2023-09-01T15:03:11.662+0000] {dag.py:3677} INFO - Setting next_dagrun for tutorial to 2023-08-31T15:03:11.662157+00:00, run_after=2023-09-01T15:03:11.662157+00:00
[2023-09-01T15:03:11.688+0000] {processor.py:179} INFO - Processing /home/airflow/.local/lib/python3.8/site-packages/airflow/example_dags/tutorial.py took 0.107 seconds
[2023-09-01T15:03:42.839+0000] {processor.py:157} INFO - Started process (PID=1483) to work on /home/airflow/.local/lib/python3.8/site-packages/airflow/example_dags/tutorial.py
[2023-09-01T15:03:42.840+0000] {processor.py:829} INFO - Processing file /home/airflow/.local/lib/python3.8/site-packages/airflow/example_dags/tutorial.py for tasks to queue
[2023-09-01T15:03:42.843+0000] {logging_mixin.py:151} INFO - [2023-09-01T15:03:42.843+0000] {dagbag.py:539} INFO - Filling up the DagBag from /home/airflow/.local/lib/python3.8/site-packages/airflow/example_dags/tutorial.py
[2023-09-01T15:03:42.851+0000] {processor.py:839} INFO - DAG(s) dict_keys(['tutorial']) retrieved from /home/airflow/.local/lib/python3.8/site-packages/airflow/example_dags/tutorial.py
[2023-09-01T15:03:42.876+0000] {logging_mixin.py:151} INFO - [2023-09-01T15:03:42.876+0000] {dag.py:2907} INFO - Sync 1 DAGs
[2023-09-01T15:03:42.901+0000] {logging_mixin.py:151} INFO - [2023-09-01T15:03:42.901+0000] {dag.py:3677} INFO - Setting next_dagrun for tutorial to 2023-08-31T15:03:42.900856+00:00, run_after=2023-09-01T15:03:42.900856+00:00
[2023-09-01T15:03:42.921+0000] {processor.py:179} INFO - Processing /home/airflow/.local/lib/python3.8/site-packages/airflow/example_dags/tutorial.py took 0.086 seconds
[2023-09-01T15:04:13.968+0000] {processor.py:157} INFO - Started process (PID=1537) to work on /home/airflow/.local/lib/python3.8/site-packages/airflow/example_dags/tutorial.py
[2023-09-01T15:04:13.969+0000] {processor.py:829} INFO - Processing file /home/airflow/.local/lib/python3.8/site-packages/airflow/example_dags/tutorial.py for tasks to queue
[2023-09-01T15:04:13.972+0000] {logging_mixin.py:151} INFO - [2023-09-01T15:04:13.972+0000] {dagbag.py:539} INFO - Filling up the DagBag from /home/airflow/.local/lib/python3.8/site-packages/airflow/example_dags/tutorial.py
[2023-09-01T15:04:13.979+0000] {processor.py:839} INFO - DAG(s) dict_keys(['tutorial']) retrieved from /home/airflow/.local/lib/python3.8/site-packages/airflow/example_dags/tutorial.py
[2023-09-01T15:04:14.004+0000] {logging_mixin.py:151} INFO - [2023-09-01T15:04:14.004+0000] {dag.py:2907} INFO - Sync 1 DAGs
[2023-09-01T15:04:14.029+0000] {logging_mixin.py:151} INFO - [2023-09-01T15:04:14.028+0000] {dag.py:3677} INFO - Setting next_dagrun for tutorial to 2023-08-31T15:04:14.028508+00:00, run_after=2023-09-01T15:04:14.028508+00:00
[2023-09-01T15:04:14.048+0000] {processor.py:179} INFO - Processing /home/airflow/.local/lib/python3.8/site-packages/airflow/example_dags/tutorial.py took 0.085 seconds
[2023-09-01T15:04:44.253+0000] {processor.py:157} INFO - Started process (PID=1591) to work on /home/airflow/.local/lib/python3.8/site-packages/airflow/example_dags/tutorial.py
[2023-09-01T15:04:44.255+0000] {processor.py:829} INFO - Processing file /home/airflow/.local/lib/python3.8/site-packages/airflow/example_dags/tutorial.py for tasks to queue
[2023-09-01T15:04:44.258+0000] {logging_mixin.py:151} INFO - [2023-09-01T15:04:44.258+0000] {dagbag.py:539} INFO - Filling up the DagBag from /home/airflow/.local/lib/python3.8/site-packages/airflow/example_dags/tutorial.py
[2023-09-01T15:04:44.265+0000] {processor.py:839} INFO - DAG(s) dict_keys(['tutorial']) retrieved from /home/airflow/.local/lib/python3.8/site-packages/airflow/example_dags/tutorial.py
[2023-09-01T15:04:44.288+0000] {logging_mixin.py:151} INFO - [2023-09-01T15:04:44.288+0000] {dag.py:2907} INFO - Sync 1 DAGs
[2023-09-01T15:04:44.312+0000] {logging_mixin.py:151} INFO - [2023-09-01T15:04:44.312+0000] {dag.py:3677} INFO - Setting next_dagrun for tutorial to 2023-08-31T15:04:44.311818+00:00, run_after=2023-09-01T15:04:44.311818+00:00
[2023-09-01T15:04:44.330+0000] {processor.py:179} INFO - Processing /home/airflow/.local/lib/python3.8/site-packages/airflow/example_dags/tutorial.py took 0.080 seconds
[2023-09-01T15:05:15.466+0000] {processor.py:157} INFO - Started process (PID=1646) to work on /home/airflow/.local/lib/python3.8/site-packages/airflow/example_dags/tutorial.py
[2023-09-01T15:05:15.468+0000] {processor.py:829} INFO - Processing file /home/airflow/.local/lib/python3.8/site-packages/airflow/example_dags/tutorial.py for tasks to queue
[2023-09-01T15:05:15.471+0000] {logging_mixin.py:151} INFO - [2023-09-01T15:05:15.471+0000] {dagbag.py:539} INFO - Filling up the DagBag from /home/airflow/.local/lib/python3.8/site-packages/airflow/example_dags/tutorial.py
[2023-09-01T15:05:15.479+0000] {processor.py:839} INFO - DAG(s) dict_keys(['tutorial']) retrieved from /home/airflow/.local/lib/python3.8/site-packages/airflow/example_dags/tutorial.py
[2023-09-01T15:05:15.504+0000] {logging_mixin.py:151} INFO - [2023-09-01T15:05:15.504+0000] {dag.py:2907} INFO - Sync 1 DAGs
[2023-09-01T15:05:15.531+0000] {logging_mixin.py:151} INFO - [2023-09-01T15:05:15.531+0000] {dag.py:3677} INFO - Setting next_dagrun for tutorial to 2023-08-31T15:05:15.531095+00:00, run_after=2023-09-01T15:05:15.531095+00:00
[2023-09-01T15:05:15.551+0000] {processor.py:179} INFO - Processing /home/airflow/.local/lib/python3.8/site-packages/airflow/example_dags/tutorial.py took 0.089 seconds
[2023-09-01T15:05:45.761+0000] {processor.py:157} INFO - Started process (PID=1700) to work on /home/airflow/.local/lib/python3.8/site-packages/airflow/example_dags/tutorial.py
[2023-09-01T15:05:45.763+0000] {processor.py:829} INFO - Processing file /home/airflow/.local/lib/python3.8/site-packages/airflow/example_dags/tutorial.py for tasks to queue
[2023-09-01T15:05:45.766+0000] {logging_mixin.py:151} INFO - [2023-09-01T15:05:45.766+0000] {dagbag.py:539} INFO - Filling up the DagBag from /home/airflow/.local/lib/python3.8/site-packages/airflow/example_dags/tutorial.py
[2023-09-01T15:05:45.773+0000] {processor.py:839} INFO - DAG(s) dict_keys(['tutorial']) retrieved from /home/airflow/.local/lib/python3.8/site-packages/airflow/example_dags/tutorial.py
[2023-09-01T15:05:45.797+0000] {logging_mixin.py:151} INFO - [2023-09-01T15:05:45.797+0000] {dag.py:2907} INFO - Sync 1 DAGs
[2023-09-01T15:05:45.821+0000] {logging_mixin.py:151} INFO - [2023-09-01T15:05:45.821+0000] {dag.py:3677} INFO - Setting next_dagrun for tutorial to 2023-08-31T15:05:45.821157+00:00, run_after=2023-09-01T15:05:45.821157+00:00
[2023-09-01T15:05:45.841+0000] {processor.py:179} INFO - Processing /home/airflow/.local/lib/python3.8/site-packages/airflow/example_dags/tutorial.py took 0.084 seconds
[2023-09-01T15:06:15.882+0000] {processor.py:157} INFO - Started process (PID=1753) to work on /home/airflow/.local/lib/python3.8/site-packages/airflow/example_dags/tutorial.py
[2023-09-01T15:06:15.883+0000] {processor.py:829} INFO - Processing file /home/airflow/.local/lib/python3.8/site-packages/airflow/example_dags/tutorial.py for tasks to queue
[2023-09-01T15:06:15.886+0000] {logging_mixin.py:151} INFO - [2023-09-01T15:06:15.886+0000] {dagbag.py:539} INFO - Filling up the DagBag from /home/airflow/.local/lib/python3.8/site-packages/airflow/example_dags/tutorial.py
[2023-09-01T15:06:15.893+0000] {processor.py:839} INFO - DAG(s) dict_keys(['tutorial']) retrieved from /home/airflow/.local/lib/python3.8/site-packages/airflow/example_dags/tutorial.py
[2023-09-01T15:06:15.915+0000] {logging_mixin.py:151} INFO - [2023-09-01T15:06:15.915+0000] {dag.py:2907} INFO - Sync 1 DAGs
[2023-09-01T15:06:15.942+0000] {logging_mixin.py:151} INFO - [2023-09-01T15:06:15.942+0000] {dag.py:3677} INFO - Setting next_dagrun for tutorial to 2023-08-31T15:06:15.941696+00:00, run_after=2023-09-01T15:06:15.941696+00:00
[2023-09-01T15:06:15.962+0000] {processor.py:179} INFO - Processing /home/airflow/.local/lib/python3.8/site-packages/airflow/example_dags/tutorial.py took 0.085 seconds
[2023-09-01T15:06:46.191+0000] {processor.py:157} INFO - Started process (PID=1807) to work on /home/airflow/.local/lib/python3.8/site-packages/airflow/example_dags/tutorial.py
[2023-09-01T15:06:46.193+0000] {processor.py:829} INFO - Processing file /home/airflow/.local/lib/python3.8/site-packages/airflow/example_dags/tutorial.py for tasks to queue
[2023-09-01T15:06:46.198+0000] {logging_mixin.py:151} INFO - [2023-09-01T15:06:46.197+0000] {dagbag.py:539} INFO - Filling up the DagBag from /home/airflow/.local/lib/python3.8/site-packages/airflow/example_dags/tutorial.py
[2023-09-01T15:06:46.209+0000] {processor.py:839} INFO - DAG(s) dict_keys(['tutorial']) retrieved from /home/airflow/.local/lib/python3.8/site-packages/airflow/example_dags/tutorial.py
[2023-09-01T15:06:46.244+0000] {logging_mixin.py:151} INFO - [2023-09-01T15:06:46.243+0000] {dag.py:2907} INFO - Sync 1 DAGs
[2023-09-01T15:06:46.279+0000] {logging_mixin.py:151} INFO - [2023-09-01T15:06:46.278+0000] {dag.py:3677} INFO - Setting next_dagrun for tutorial to 2023-08-31T15:06:46.278543+00:00, run_after=2023-09-01T15:06:46.278543+00:00
[2023-09-01T15:06:46.301+0000] {processor.py:179} INFO - Processing /home/airflow/.local/lib/python3.8/site-packages/airflow/example_dags/tutorial.py took 0.115 seconds
[2023-09-01T15:07:17.390+0000] {processor.py:157} INFO - Started process (PID=1862) to work on /home/airflow/.local/lib/python3.8/site-packages/airflow/example_dags/tutorial.py
[2023-09-01T15:07:17.391+0000] {processor.py:829} INFO - Processing file /home/airflow/.local/lib/python3.8/site-packages/airflow/example_dags/tutorial.py for tasks to queue
[2023-09-01T15:07:17.395+0000] {logging_mixin.py:151} INFO - [2023-09-01T15:07:17.394+0000] {dagbag.py:539} INFO - Filling up the DagBag from /home/airflow/.local/lib/python3.8/site-packages/airflow/example_dags/tutorial.py
[2023-09-01T15:07:17.402+0000] {processor.py:839} INFO - DAG(s) dict_keys(['tutorial']) retrieved from /home/airflow/.local/lib/python3.8/site-packages/airflow/example_dags/tutorial.py
[2023-09-01T15:07:17.427+0000] {logging_mixin.py:151} INFO - [2023-09-01T15:07:17.427+0000] {dag.py:2907} INFO - Sync 1 DAGs
[2023-09-01T15:07:17.452+0000] {logging_mixin.py:151} INFO - [2023-09-01T15:07:17.452+0000] {dag.py:3677} INFO - Setting next_dagrun for tutorial to 2023-08-31T15:07:17.452286+00:00, run_after=2023-09-01T15:07:17.452286+00:00
[2023-09-01T15:07:17.473+0000] {processor.py:179} INFO - Processing /home/airflow/.local/lib/python3.8/site-packages/airflow/example_dags/tutorial.py took 0.087 seconds
[2023-09-01T15:07:47.671+0000] {processor.py:157} INFO - Started process (PID=1916) to work on /home/airflow/.local/lib/python3.8/site-packages/airflow/example_dags/tutorial.py
[2023-09-01T15:07:47.673+0000] {processor.py:829} INFO - Processing file /home/airflow/.local/lib/python3.8/site-packages/airflow/example_dags/tutorial.py for tasks to queue
[2023-09-01T15:07:47.676+0000] {logging_mixin.py:151} INFO - [2023-09-01T15:07:47.676+0000] {dagbag.py:539} INFO - Filling up the DagBag from /home/airflow/.local/lib/python3.8/site-packages/airflow/example_dags/tutorial.py
[2023-09-01T15:07:47.683+0000] {processor.py:839} INFO - DAG(s) dict_keys(['tutorial']) retrieved from /home/airflow/.local/lib/python3.8/site-packages/airflow/example_dags/tutorial.py
[2023-09-01T15:07:47.706+0000] {logging_mixin.py:151} INFO - [2023-09-01T15:07:47.706+0000] {dag.py:2907} INFO - Sync 1 DAGs
[2023-09-01T15:07:47.729+0000] {logging_mixin.py:151} INFO - [2023-09-01T15:07:47.729+0000] {dag.py:3677} INFO - Setting next_dagrun for tutorial to 2023-08-31T15:07:47.729503+00:00, run_after=2023-09-01T15:07:47.729503+00:00
[2023-09-01T15:07:47.747+0000] {processor.py:179} INFO - Processing /home/airflow/.local/lib/python3.8/site-packages/airflow/example_dags/tutorial.py took 0.080 seconds
[2023-09-01T15:08:17.865+0000] {processor.py:157} INFO - Started process (PID=1969) to work on /home/airflow/.local/lib/python3.8/site-packages/airflow/example_dags/tutorial.py
[2023-09-01T15:08:17.867+0000] {processor.py:829} INFO - Processing file /home/airflow/.local/lib/python3.8/site-packages/airflow/example_dags/tutorial.py for tasks to queue
[2023-09-01T15:08:17.870+0000] {logging_mixin.py:151} INFO - [2023-09-01T15:08:17.870+0000] {dagbag.py:539} INFO - Filling up the DagBag from /home/airflow/.local/lib/python3.8/site-packages/airflow/example_dags/tutorial.py
[2023-09-01T15:08:17.877+0000] {processor.py:839} INFO - DAG(s) dict_keys(['tutorial']) retrieved from /home/airflow/.local/lib/python3.8/site-packages/airflow/example_dags/tutorial.py
[2023-09-01T15:08:17.902+0000] {logging_mixin.py:151} INFO - [2023-09-01T15:08:17.902+0000] {dag.py:2907} INFO - Sync 1 DAGs
[2023-09-01T15:08:17.928+0000] {logging_mixin.py:151} INFO - [2023-09-01T15:08:17.927+0000] {dag.py:3677} INFO - Setting next_dagrun for tutorial to 2023-08-31T15:08:17.927580+00:00, run_after=2023-09-01T15:08:17.927580+00:00
[2023-09-01T15:08:17.952+0000] {processor.py:179} INFO - Processing /home/airflow/.local/lib/python3.8/site-packages/airflow/example_dags/tutorial.py took 0.090 seconds
[2023-09-01T15:08:48.051+0000] {processor.py:157} INFO - Started process (PID=2023) to work on /home/airflow/.local/lib/python3.8/site-packages/airflow/example_dags/tutorial.py
[2023-09-01T15:08:48.053+0000] {processor.py:829} INFO - Processing file /home/airflow/.local/lib/python3.8/site-packages/airflow/example_dags/tutorial.py for tasks to queue
[2023-09-01T15:08:48.058+0000] {logging_mixin.py:151} INFO - [2023-09-01T15:08:48.057+0000] {dagbag.py:539} INFO - Filling up the DagBag from /home/airflow/.local/lib/python3.8/site-packages/airflow/example_dags/tutorial.py
[2023-09-01T15:08:48.067+0000] {processor.py:839} INFO - DAG(s) dict_keys(['tutorial']) retrieved from /home/airflow/.local/lib/python3.8/site-packages/airflow/example_dags/tutorial.py
[2023-09-01T15:08:48.095+0000] {logging_mixin.py:151} INFO - [2023-09-01T15:08:48.095+0000] {dag.py:2907} INFO - Sync 1 DAGs
[2023-09-01T15:08:48.125+0000] {logging_mixin.py:151} INFO - [2023-09-01T15:08:48.125+0000] {dag.py:3677} INFO - Setting next_dagrun for tutorial to 2023-08-31T15:08:48.125275+00:00, run_after=2023-09-01T15:08:48.125275+00:00
[2023-09-01T15:08:48.148+0000] {processor.py:179} INFO - Processing /home/airflow/.local/lib/python3.8/site-packages/airflow/example_dags/tutorial.py took 0.102 seconds
[2023-09-01T15:09:18.373+0000] {processor.py:157} INFO - Started process (PID=2077) to work on /home/airflow/.local/lib/python3.8/site-packages/airflow/example_dags/tutorial.py
[2023-09-01T15:09:18.375+0000] {processor.py:829} INFO - Processing file /home/airflow/.local/lib/python3.8/site-packages/airflow/example_dags/tutorial.py for tasks to queue
[2023-09-01T15:09:18.378+0000] {logging_mixin.py:151} INFO - [2023-09-01T15:09:18.378+0000] {dagbag.py:539} INFO - Filling up the DagBag from /home/airflow/.local/lib/python3.8/site-packages/airflow/example_dags/tutorial.py
[2023-09-01T15:09:18.385+0000] {processor.py:839} INFO - DAG(s) dict_keys(['tutorial']) retrieved from /home/airflow/.local/lib/python3.8/site-packages/airflow/example_dags/tutorial.py
[2023-09-01T15:09:18.409+0000] {logging_mixin.py:151} INFO - [2023-09-01T15:09:18.408+0000] {dag.py:2907} INFO - Sync 1 DAGs
[2023-09-01T15:09:18.432+0000] {logging_mixin.py:151} INFO - [2023-09-01T15:09:18.432+0000] {dag.py:3677} INFO - Setting next_dagrun for tutorial to 2023-08-31T15:09:18.432069+00:00, run_after=2023-09-01T15:09:18.432069+00:00
[2023-09-01T15:09:18.451+0000] {processor.py:179} INFO - Processing /home/airflow/.local/lib/python3.8/site-packages/airflow/example_dags/tutorial.py took 0.082 seconds
[2023-09-01T15:09:48.544+0000] {processor.py:157} INFO - Started process (PID=2131) to work on /home/airflow/.local/lib/python3.8/site-packages/airflow/example_dags/tutorial.py
[2023-09-01T15:09:48.545+0000] {processor.py:829} INFO - Processing file /home/airflow/.local/lib/python3.8/site-packages/airflow/example_dags/tutorial.py for tasks to queue
[2023-09-01T15:09:48.549+0000] {logging_mixin.py:151} INFO - [2023-09-01T15:09:48.548+0000] {dagbag.py:539} INFO - Filling up the DagBag from /home/airflow/.local/lib/python3.8/site-packages/airflow/example_dags/tutorial.py
[2023-09-01T15:09:48.556+0000] {processor.py:839} INFO - DAG(s) dict_keys(['tutorial']) retrieved from /home/airflow/.local/lib/python3.8/site-packages/airflow/example_dags/tutorial.py
[2023-09-01T15:09:48.579+0000] {logging_mixin.py:151} INFO - [2023-09-01T15:09:48.579+0000] {dag.py:2907} INFO - Sync 1 DAGs
[2023-09-01T15:09:48.605+0000] {logging_mixin.py:151} INFO - [2023-09-01T15:09:48.605+0000] {dag.py:3677} INFO - Setting next_dagrun for tutorial to 2023-08-31T15:09:48.604847+00:00, run_after=2023-09-01T15:09:48.604847+00:00
[2023-09-01T15:09:48.628+0000] {processor.py:179} INFO - Processing /home/airflow/.local/lib/python3.8/site-packages/airflow/example_dags/tutorial.py took 0.088 seconds
[2023-09-01T15:10:18.993+0000] {processor.py:157} INFO - Started process (PID=2185) to work on /home/airflow/.local/lib/python3.8/site-packages/airflow/example_dags/tutorial.py
[2023-09-01T15:10:18.994+0000] {processor.py:829} INFO - Processing file /home/airflow/.local/lib/python3.8/site-packages/airflow/example_dags/tutorial.py for tasks to queue
[2023-09-01T15:10:18.998+0000] {logging_mixin.py:151} INFO - [2023-09-01T15:10:18.998+0000] {dagbag.py:539} INFO - Filling up the DagBag from /home/airflow/.local/lib/python3.8/site-packages/airflow/example_dags/tutorial.py
[2023-09-01T15:10:19.005+0000] {processor.py:839} INFO - DAG(s) dict_keys(['tutorial']) retrieved from /home/airflow/.local/lib/python3.8/site-packages/airflow/example_dags/tutorial.py
[2023-09-01T15:10:19.027+0000] {logging_mixin.py:151} INFO - [2023-09-01T15:10:19.027+0000] {dag.py:2907} INFO - Sync 1 DAGs
[2023-09-01T15:10:19.051+0000] {logging_mixin.py:151} INFO - [2023-09-01T15:10:19.051+0000] {dag.py:3677} INFO - Setting next_dagrun for tutorial to 2023-08-31T15:10:19.051438+00:00, run_after=2023-09-01T15:10:19.051438+00:00
[2023-09-01T15:10:19.072+0000] {processor.py:179} INFO - Processing /home/airflow/.local/lib/python3.8/site-packages/airflow/example_dags/tutorial.py took 0.083 seconds
[2023-09-01T15:10:49.414+0000] {processor.py:157} INFO - Started process (PID=2239) to work on /home/airflow/.local/lib/python3.8/site-packages/airflow/example_dags/tutorial.py
[2023-09-01T15:10:49.415+0000] {processor.py:829} INFO - Processing file /home/airflow/.local/lib/python3.8/site-packages/airflow/example_dags/tutorial.py for tasks to queue
[2023-09-01T15:10:49.419+0000] {logging_mixin.py:151} INFO - [2023-09-01T15:10:49.419+0000] {dagbag.py:539} INFO - Filling up the DagBag from /home/airflow/.local/lib/python3.8/site-packages/airflow/example_dags/tutorial.py
[2023-09-01T15:10:49.426+0000] {processor.py:839} INFO - DAG(s) dict_keys(['tutorial']) retrieved from /home/airflow/.local/lib/python3.8/site-packages/airflow/example_dags/tutorial.py
[2023-09-01T15:10:49.450+0000] {logging_mixin.py:151} INFO - [2023-09-01T15:10:49.450+0000] {dag.py:2907} INFO - Sync 1 DAGs
[2023-09-01T15:10:49.475+0000] {logging_mixin.py:151} INFO - [2023-09-01T15:10:49.474+0000] {dag.py:3677} INFO - Setting next_dagrun for tutorial to 2023-08-31T15:10:49.474504+00:00, run_after=2023-09-01T15:10:49.474504+00:00
[2023-09-01T15:10:49.494+0000] {processor.py:179} INFO - Processing /home/airflow/.local/lib/python3.8/site-packages/airflow/example_dags/tutorial.py took 0.085 seconds
[2023-09-01T15:11:19.855+0000] {processor.py:157} INFO - Started process (PID=2293) to work on /home/airflow/.local/lib/python3.8/site-packages/airflow/example_dags/tutorial.py
[2023-09-01T15:11:19.857+0000] {processor.py:829} INFO - Processing file /home/airflow/.local/lib/python3.8/site-packages/airflow/example_dags/tutorial.py for tasks to queue
[2023-09-01T15:11:19.860+0000] {logging_mixin.py:151} INFO - [2023-09-01T15:11:19.860+0000] {dagbag.py:539} INFO - Filling up the DagBag from /home/airflow/.local/lib/python3.8/site-packages/airflow/example_dags/tutorial.py
[2023-09-01T15:11:19.867+0000] {processor.py:839} INFO - DAG(s) dict_keys(['tutorial']) retrieved from /home/airflow/.local/lib/python3.8/site-packages/airflow/example_dags/tutorial.py
[2023-09-01T15:11:19.891+0000] {logging_mixin.py:151} INFO - [2023-09-01T15:11:19.890+0000] {dag.py:2907} INFO - Sync 1 DAGs
[2023-09-01T15:11:19.914+0000] {logging_mixin.py:151} INFO - [2023-09-01T15:11:19.914+0000] {dag.py:3677} INFO - Setting next_dagrun for tutorial to 2023-08-31T15:11:19.914431+00:00, run_after=2023-09-01T15:11:19.914431+00:00
[2023-09-01T15:11:19.934+0000] {processor.py:179} INFO - Processing /home/airflow/.local/lib/python3.8/site-packages/airflow/example_dags/tutorial.py took 0.083 seconds
[2023-09-01T15:11:50.125+0000] {processor.py:157} INFO - Started process (PID=2347) to work on /home/airflow/.local/lib/python3.8/site-packages/airflow/example_dags/tutorial.py
[2023-09-01T15:11:50.127+0000] {processor.py:829} INFO - Processing file /home/airflow/.local/lib/python3.8/site-packages/airflow/example_dags/tutorial.py for tasks to queue
[2023-09-01T15:11:50.130+0000] {logging_mixin.py:151} INFO - [2023-09-01T15:11:50.130+0000] {dagbag.py:539} INFO - Filling up the DagBag from /home/airflow/.local/lib/python3.8/site-packages/airflow/example_dags/tutorial.py
[2023-09-01T15:11:50.137+0000] {processor.py:839} INFO - DAG(s) dict_keys(['tutorial']) retrieved from /home/airflow/.local/lib/python3.8/site-packages/airflow/example_dags/tutorial.py
[2023-09-01T15:11:50.161+0000] {logging_mixin.py:151} INFO - [2023-09-01T15:11:50.160+0000] {dag.py:2907} INFO - Sync 1 DAGs
[2023-09-01T15:11:50.185+0000] {logging_mixin.py:151} INFO - [2023-09-01T15:11:50.185+0000] {dag.py:3677} INFO - Setting next_dagrun for tutorial to 2023-08-31T15:11:50.185393+00:00, run_after=2023-09-01T15:11:50.185393+00:00
[2023-09-01T15:11:50.205+0000] {processor.py:179} INFO - Processing /home/airflow/.local/lib/python3.8/site-packages/airflow/example_dags/tutorial.py took 0.084 seconds
[2023-09-01T15:12:20.321+0000] {processor.py:157} INFO - Started process (PID=2401) to work on /home/airflow/.local/lib/python3.8/site-packages/airflow/example_dags/tutorial.py
[2023-09-01T15:12:20.323+0000] {processor.py:829} INFO - Processing file /home/airflow/.local/lib/python3.8/site-packages/airflow/example_dags/tutorial.py for tasks to queue
[2023-09-01T15:12:20.328+0000] {logging_mixin.py:151} INFO - [2023-09-01T15:12:20.327+0000] {dagbag.py:539} INFO - Filling up the DagBag from /home/airflow/.local/lib/python3.8/site-packages/airflow/example_dags/tutorial.py
[2023-09-01T15:12:20.336+0000] {processor.py:839} INFO - DAG(s) dict_keys(['tutorial']) retrieved from /home/airflow/.local/lib/python3.8/site-packages/airflow/example_dags/tutorial.py
[2023-09-01T15:12:20.367+0000] {logging_mixin.py:151} INFO - [2023-09-01T15:12:20.366+0000] {dag.py:2907} INFO - Sync 1 DAGs
[2023-09-01T15:12:20.398+0000] {logging_mixin.py:151} INFO - [2023-09-01T15:12:20.398+0000] {dag.py:3677} INFO - Setting next_dagrun for tutorial to 2023-08-31T15:12:20.397687+00:00, run_after=2023-09-01T15:12:20.397687+00:00
[2023-09-01T15:12:20.425+0000] {processor.py:179} INFO - Processing /home/airflow/.local/lib/python3.8/site-packages/airflow/example_dags/tutorial.py took 0.110 seconds
[2023-09-01T15:12:50.554+0000] {processor.py:157} INFO - Started process (PID=2455) to work on /home/airflow/.local/lib/python3.8/site-packages/airflow/example_dags/tutorial.py
[2023-09-01T15:12:50.556+0000] {processor.py:829} INFO - Processing file /home/airflow/.local/lib/python3.8/site-packages/airflow/example_dags/tutorial.py for tasks to queue
[2023-09-01T15:12:50.559+0000] {logging_mixin.py:151} INFO - [2023-09-01T15:12:50.559+0000] {dagbag.py:539} INFO - Filling up the DagBag from /home/airflow/.local/lib/python3.8/site-packages/airflow/example_dags/tutorial.py
[2023-09-01T15:12:50.566+0000] {processor.py:839} INFO - DAG(s) dict_keys(['tutorial']) retrieved from /home/airflow/.local/lib/python3.8/site-packages/airflow/example_dags/tutorial.py
[2023-09-01T15:12:50.590+0000] {logging_mixin.py:151} INFO - [2023-09-01T15:12:50.590+0000] {dag.py:2907} INFO - Sync 1 DAGs
[2023-09-01T15:12:50.615+0000] {logging_mixin.py:151} INFO - [2023-09-01T15:12:50.614+0000] {dag.py:3677} INFO - Setting next_dagrun for tutorial to 2023-08-31T15:12:50.614601+00:00, run_after=2023-09-01T15:12:50.614601+00:00
[2023-09-01T15:12:50.636+0000] {processor.py:179} INFO - Processing /home/airflow/.local/lib/python3.8/site-packages/airflow/example_dags/tutorial.py took 0.087 seconds
[2023-09-01T15:13:20.706+0000] {processor.py:157} INFO - Started process (PID=2508) to work on /home/airflow/.local/lib/python3.8/site-packages/airflow/example_dags/tutorial.py
[2023-09-01T15:13:20.707+0000] {processor.py:829} INFO - Processing file /home/airflow/.local/lib/python3.8/site-packages/airflow/example_dags/tutorial.py for tasks to queue
[2023-09-01T15:13:20.712+0000] {logging_mixin.py:151} INFO - [2023-09-01T15:13:20.711+0000] {dagbag.py:539} INFO - Filling up the DagBag from /home/airflow/.local/lib/python3.8/site-packages/airflow/example_dags/tutorial.py
[2023-09-01T15:13:20.720+0000] {processor.py:839} INFO - DAG(s) dict_keys(['tutorial']) retrieved from /home/airflow/.local/lib/python3.8/site-packages/airflow/example_dags/tutorial.py
[2023-09-01T15:13:20.748+0000] {logging_mixin.py:151} INFO - [2023-09-01T15:13:20.748+0000] {dag.py:2907} INFO - Sync 1 DAGs
[2023-09-01T15:13:20.774+0000] {logging_mixin.py:151} INFO - [2023-09-01T15:13:20.774+0000] {dag.py:3677} INFO - Setting next_dagrun for tutorial to 2023-08-31T15:13:20.773754+00:00, run_after=2023-09-01T15:13:20.773754+00:00
[2023-09-01T15:13:20.793+0000] {processor.py:179} INFO - Processing /home/airflow/.local/lib/python3.8/site-packages/airflow/example_dags/tutorial.py took 0.092 seconds
[2023-09-01T15:13:51.636+0000] {processor.py:157} INFO - Started process (PID=2563) to work on /home/airflow/.local/lib/python3.8/site-packages/airflow/example_dags/tutorial.py
[2023-09-01T15:13:51.638+0000] {processor.py:829} INFO - Processing file /home/airflow/.local/lib/python3.8/site-packages/airflow/example_dags/tutorial.py for tasks to queue
[2023-09-01T15:13:51.642+0000] {logging_mixin.py:151} INFO - [2023-09-01T15:13:51.642+0000] {dagbag.py:539} INFO - Filling up the DagBag from /home/airflow/.local/lib/python3.8/site-packages/airflow/example_dags/tutorial.py
[2023-09-01T15:13:51.651+0000] {processor.py:839} INFO - DAG(s) dict_keys(['tutorial']) retrieved from /home/airflow/.local/lib/python3.8/site-packages/airflow/example_dags/tutorial.py
[2023-09-01T15:13:51.681+0000] {logging_mixin.py:151} INFO - [2023-09-01T15:13:51.680+0000] {dag.py:2907} INFO - Sync 1 DAGs
[2023-09-01T15:13:51.712+0000] {logging_mixin.py:151} INFO - [2023-09-01T15:13:51.712+0000] {dag.py:3677} INFO - Setting next_dagrun for tutorial to 2023-08-31T15:13:51.711774+00:00, run_after=2023-09-01T15:13:51.711774+00:00
[2023-09-01T15:13:51.739+0000] {processor.py:179} INFO - Processing /home/airflow/.local/lib/python3.8/site-packages/airflow/example_dags/tutorial.py took 0.108 seconds
[2023-09-01T15:14:22.640+0000] {processor.py:157} INFO - Started process (PID=2617) to work on /home/airflow/.local/lib/python3.8/site-packages/airflow/example_dags/tutorial.py
[2023-09-01T15:14:22.641+0000] {processor.py:829} INFO - Processing file /home/airflow/.local/lib/python3.8/site-packages/airflow/example_dags/tutorial.py for tasks to queue
[2023-09-01T15:14:22.645+0000] {logging_mixin.py:151} INFO - [2023-09-01T15:14:22.644+0000] {dagbag.py:539} INFO - Filling up the DagBag from /home/airflow/.local/lib/python3.8/site-packages/airflow/example_dags/tutorial.py
[2023-09-01T15:14:22.651+0000] {processor.py:839} INFO - DAG(s) dict_keys(['tutorial']) retrieved from /home/airflow/.local/lib/python3.8/site-packages/airflow/example_dags/tutorial.py
[2023-09-01T15:14:22.675+0000] {logging_mixin.py:151} INFO - [2023-09-01T15:14:22.675+0000] {dag.py:2907} INFO - Sync 1 DAGs
[2023-09-01T15:14:22.698+0000] {logging_mixin.py:151} INFO - [2023-09-01T15:14:22.698+0000] {dag.py:3677} INFO - Setting next_dagrun for tutorial to 2023-08-31T15:14:22.698424+00:00, run_after=2023-09-01T15:14:22.698424+00:00
[2023-09-01T15:14:22.716+0000] {processor.py:179} INFO - Processing /home/airflow/.local/lib/python3.8/site-packages/airflow/example_dags/tutorial.py took 0.081 seconds
[2023-09-01T15:14:53.676+0000] {processor.py:157} INFO - Started process (PID=2671) to work on /home/airflow/.local/lib/python3.8/site-packages/airflow/example_dags/tutorial.py
[2023-09-01T15:14:53.678+0000] {processor.py:829} INFO - Processing file /home/airflow/.local/lib/python3.8/site-packages/airflow/example_dags/tutorial.py for tasks to queue
[2023-09-01T15:14:53.681+0000] {logging_mixin.py:151} INFO - [2023-09-01T15:14:53.681+0000] {dagbag.py:539} INFO - Filling up the DagBag from /home/airflow/.local/lib/python3.8/site-packages/airflow/example_dags/tutorial.py
[2023-09-01T15:14:53.688+0000] {processor.py:839} INFO - DAG(s) dict_keys(['tutorial']) retrieved from /home/airflow/.local/lib/python3.8/site-packages/airflow/example_dags/tutorial.py
[2023-09-01T15:14:53.711+0000] {logging_mixin.py:151} INFO - [2023-09-01T15:14:53.711+0000] {dag.py:2907} INFO - Sync 1 DAGs
[2023-09-01T15:14:53.735+0000] {logging_mixin.py:151} INFO - [2023-09-01T15:14:53.735+0000] {dag.py:3677} INFO - Setting next_dagrun for tutorial to 2023-08-31T15:14:53.734821+00:00, run_after=2023-09-01T15:14:53.734821+00:00
[2023-09-01T15:14:53.754+0000] {processor.py:179} INFO - Processing /home/airflow/.local/lib/python3.8/site-packages/airflow/example_dags/tutorial.py took 0.082 seconds
[2023-09-01T15:15:24.703+0000] {processor.py:157} INFO - Started process (PID=2725) to work on /home/airflow/.local/lib/python3.8/site-packages/airflow/example_dags/tutorial.py
[2023-09-01T15:15:24.705+0000] {processor.py:829} INFO - Processing file /home/airflow/.local/lib/python3.8/site-packages/airflow/example_dags/tutorial.py for tasks to queue
[2023-09-01T15:15:24.708+0000] {logging_mixin.py:151} INFO - [2023-09-01T15:15:24.708+0000] {dagbag.py:539} INFO - Filling up the DagBag from /home/airflow/.local/lib/python3.8/site-packages/airflow/example_dags/tutorial.py
[2023-09-01T15:15:24.715+0000] {processor.py:839} INFO - DAG(s) dict_keys(['tutorial']) retrieved from /home/airflow/.local/lib/python3.8/site-packages/airflow/example_dags/tutorial.py
[2023-09-01T15:15:24.739+0000] {logging_mixin.py:151} INFO - [2023-09-01T15:15:24.738+0000] {dag.py:2907} INFO - Sync 1 DAGs
[2023-09-01T15:15:24.762+0000] {logging_mixin.py:151} INFO - [2023-09-01T15:15:24.762+0000] {dag.py:3677} INFO - Setting next_dagrun for tutorial to 2023-08-31T15:15:24.762169+00:00, run_after=2023-09-01T15:15:24.762169+00:00
[2023-09-01T15:15:24.782+0000] {processor.py:179} INFO - Processing /home/airflow/.local/lib/python3.8/site-packages/airflow/example_dags/tutorial.py took 0.082 seconds
[2023-09-01T15:15:55.051+0000] {processor.py:157} INFO - Started process (PID=2779) to work on /home/airflow/.local/lib/python3.8/site-packages/airflow/example_dags/tutorial.py
[2023-09-01T15:15:55.052+0000] {processor.py:829} INFO - Processing file /home/airflow/.local/lib/python3.8/site-packages/airflow/example_dags/tutorial.py for tasks to queue
[2023-09-01T15:15:55.056+0000] {logging_mixin.py:151} INFO - [2023-09-01T15:15:55.056+0000] {dagbag.py:539} INFO - Filling up the DagBag from /home/airflow/.local/lib/python3.8/site-packages/airflow/example_dags/tutorial.py
[2023-09-01T15:15:55.063+0000] {processor.py:839} INFO - DAG(s) dict_keys(['tutorial']) retrieved from /home/airflow/.local/lib/python3.8/site-packages/airflow/example_dags/tutorial.py
[2023-09-01T15:15:55.087+0000] {logging_mixin.py:151} INFO - [2023-09-01T15:15:55.087+0000] {dag.py:2907} INFO - Sync 1 DAGs
[2023-09-01T15:15:55.112+0000] {logging_mixin.py:151} INFO - [2023-09-01T15:15:55.111+0000] {dag.py:3677} INFO - Setting next_dagrun for tutorial to 2023-08-31T15:15:55.111456+00:00, run_after=2023-09-01T15:15:55.111456+00:00
[2023-09-01T15:15:55.132+0000] {processor.py:179} INFO - Processing /home/airflow/.local/lib/python3.8/site-packages/airflow/example_dags/tutorial.py took 0.086 seconds
[2023-09-01T15:16:25.273+0000] {processor.py:157} INFO - Started process (PID=2833) to work on /home/airflow/.local/lib/python3.8/site-packages/airflow/example_dags/tutorial.py
[2023-09-01T15:16:25.275+0000] {processor.py:829} INFO - Processing file /home/airflow/.local/lib/python3.8/site-packages/airflow/example_dags/tutorial.py for tasks to queue
[2023-09-01T15:16:25.278+0000] {logging_mixin.py:151} INFO - [2023-09-01T15:16:25.278+0000] {dagbag.py:539} INFO - Filling up the DagBag from /home/airflow/.local/lib/python3.8/site-packages/airflow/example_dags/tutorial.py
[2023-09-01T15:16:25.285+0000] {processor.py:839} INFO - DAG(s) dict_keys(['tutorial']) retrieved from /home/airflow/.local/lib/python3.8/site-packages/airflow/example_dags/tutorial.py
[2023-09-01T15:16:25.309+0000] {logging_mixin.py:151} INFO - [2023-09-01T15:16:25.309+0000] {dag.py:2907} INFO - Sync 1 DAGs
[2023-09-01T15:16:25.337+0000] {logging_mixin.py:151} INFO - [2023-09-01T15:16:25.337+0000] {dag.py:3677} INFO - Setting next_dagrun for tutorial to 2023-08-31T15:16:25.336990+00:00, run_after=2023-09-01T15:16:25.336990+00:00
[2023-09-01T15:16:25.358+0000] {processor.py:179} INFO - Processing /home/airflow/.local/lib/python3.8/site-packages/airflow/example_dags/tutorial.py took 0.089 seconds
[2023-09-01T15:16:55.702+0000] {processor.py:157} INFO - Started process (PID=2888) to work on /home/airflow/.local/lib/python3.8/site-packages/airflow/example_dags/tutorial.py
[2023-09-01T15:16:55.704+0000] {processor.py:829} INFO - Processing file /home/airflow/.local/lib/python3.8/site-packages/airflow/example_dags/tutorial.py for tasks to queue
[2023-09-01T15:16:55.708+0000] {logging_mixin.py:151} INFO - [2023-09-01T15:16:55.707+0000] {dagbag.py:539} INFO - Filling up the DagBag from /home/airflow/.local/lib/python3.8/site-packages/airflow/example_dags/tutorial.py
[2023-09-01T15:16:55.715+0000] {processor.py:839} INFO - DAG(s) dict_keys(['tutorial']) retrieved from /home/airflow/.local/lib/python3.8/site-packages/airflow/example_dags/tutorial.py
[2023-09-01T15:16:55.741+0000] {logging_mixin.py:151} INFO - [2023-09-01T15:16:55.741+0000] {dag.py:2907} INFO - Sync 1 DAGs
[2023-09-01T15:16:55.767+0000] {logging_mixin.py:151} INFO - [2023-09-01T15:16:55.767+0000] {dag.py:3677} INFO - Setting next_dagrun for tutorial to 2023-08-31T15:16:55.767162+00:00, run_after=2023-09-01T15:16:55.767162+00:00
[2023-09-01T15:16:55.789+0000] {processor.py:179} INFO - Processing /home/airflow/.local/lib/python3.8/site-packages/airflow/example_dags/tutorial.py took 0.091 seconds
[2023-09-01T15:17:26.302+0000] {processor.py:157} INFO - Started process (PID=2943) to work on /home/airflow/.local/lib/python3.8/site-packages/airflow/example_dags/tutorial.py
[2023-09-01T15:17:26.304+0000] {processor.py:829} INFO - Processing file /home/airflow/.local/lib/python3.8/site-packages/airflow/example_dags/tutorial.py for tasks to queue
[2023-09-01T15:17:26.308+0000] {logging_mixin.py:151} INFO - [2023-09-01T15:17:26.308+0000] {dagbag.py:539} INFO - Filling up the DagBag from /home/airflow/.local/lib/python3.8/site-packages/airflow/example_dags/tutorial.py
[2023-09-01T15:17:26.317+0000] {processor.py:839} INFO - DAG(s) dict_keys(['tutorial']) retrieved from /home/airflow/.local/lib/python3.8/site-packages/airflow/example_dags/tutorial.py
[2023-09-01T15:17:26.345+0000] {logging_mixin.py:151} INFO - [2023-09-01T15:17:26.345+0000] {dag.py:2907} INFO - Sync 1 DAGs
[2023-09-01T15:17:26.375+0000] {logging_mixin.py:151} INFO - [2023-09-01T15:17:26.374+0000] {dag.py:3677} INFO - Setting next_dagrun for tutorial to 2023-08-31T15:17:26.374416+00:00, run_after=2023-09-01T15:17:26.374416+00:00
[2023-09-01T15:17:26.399+0000] {processor.py:179} INFO - Processing /home/airflow/.local/lib/python3.8/site-packages/airflow/example_dags/tutorial.py took 0.102 seconds
[2023-09-01T15:17:56.647+0000] {processor.py:157} INFO - Started process (PID=2997) to work on /home/airflow/.local/lib/python3.8/site-packages/airflow/example_dags/tutorial.py
[2023-09-01T15:17:56.648+0000] {processor.py:829} INFO - Processing file /home/airflow/.local/lib/python3.8/site-packages/airflow/example_dags/tutorial.py for tasks to queue
[2023-09-01T15:17:56.652+0000] {logging_mixin.py:151} INFO - [2023-09-01T15:17:56.651+0000] {dagbag.py:539} INFO - Filling up the DagBag from /home/airflow/.local/lib/python3.8/site-packages/airflow/example_dags/tutorial.py
[2023-09-01T15:17:56.659+0000] {processor.py:839} INFO - DAG(s) dict_keys(['tutorial']) retrieved from /home/airflow/.local/lib/python3.8/site-packages/airflow/example_dags/tutorial.py
[2023-09-01T15:17:56.683+0000] {logging_mixin.py:151} INFO - [2023-09-01T15:17:56.683+0000] {dag.py:2907} INFO - Sync 1 DAGs
[2023-09-01T15:17:56.707+0000] {logging_mixin.py:151} INFO - [2023-09-01T15:17:56.707+0000] {dag.py:3677} INFO - Setting next_dagrun for tutorial to 2023-08-31T15:17:56.707193+00:00, run_after=2023-09-01T15:17:56.707193+00:00
[2023-09-01T15:17:56.727+0000] {processor.py:179} INFO - Processing /home/airflow/.local/lib/python3.8/site-packages/airflow/example_dags/tutorial.py took 0.084 seconds
[2023-09-01T15:18:26.857+0000] {processor.py:157} INFO - Started process (PID=3051) to work on /home/airflow/.local/lib/python3.8/site-packages/airflow/example_dags/tutorial.py
[2023-09-01T15:18:26.858+0000] {processor.py:829} INFO - Processing file /home/airflow/.local/lib/python3.8/site-packages/airflow/example_dags/tutorial.py for tasks to queue
[2023-09-01T15:18:26.862+0000] {logging_mixin.py:151} INFO - [2023-09-01T15:18:26.861+0000] {dagbag.py:539} INFO - Filling up the DagBag from /home/airflow/.local/lib/python3.8/site-packages/airflow/example_dags/tutorial.py
[2023-09-01T15:18:26.869+0000] {processor.py:839} INFO - DAG(s) dict_keys(['tutorial']) retrieved from /home/airflow/.local/lib/python3.8/site-packages/airflow/example_dags/tutorial.py
[2023-09-01T15:18:26.893+0000] {logging_mixin.py:151} INFO - [2023-09-01T15:18:26.893+0000] {dag.py:2907} INFO - Sync 1 DAGs
[2023-09-01T15:18:26.917+0000] {logging_mixin.py:151} INFO - [2023-09-01T15:18:26.917+0000] {dag.py:3677} INFO - Setting next_dagrun for tutorial to 2023-08-31T15:18:26.917209+00:00, run_after=2023-09-01T15:18:26.917209+00:00
[2023-09-01T15:18:26.937+0000] {processor.py:179} INFO - Processing /home/airflow/.local/lib/python3.8/site-packages/airflow/example_dags/tutorial.py took 0.084 seconds
[2023-09-01T15:18:57.440+0000] {processor.py:157} INFO - Started process (PID=3105) to work on /home/airflow/.local/lib/python3.8/site-packages/airflow/example_dags/tutorial.py
[2023-09-01T15:18:57.441+0000] {processor.py:829} INFO - Processing file /home/airflow/.local/lib/python3.8/site-packages/airflow/example_dags/tutorial.py for tasks to queue
[2023-09-01T15:18:57.445+0000] {logging_mixin.py:151} INFO - [2023-09-01T15:18:57.444+0000] {dagbag.py:539} INFO - Filling up the DagBag from /home/airflow/.local/lib/python3.8/site-packages/airflow/example_dags/tutorial.py
[2023-09-01T15:18:57.452+0000] {processor.py:839} INFO - DAG(s) dict_keys(['tutorial']) retrieved from /home/airflow/.local/lib/python3.8/site-packages/airflow/example_dags/tutorial.py
[2023-09-01T15:18:57.475+0000] {logging_mixin.py:151} INFO - [2023-09-01T15:18:57.475+0000] {dag.py:2907} INFO - Sync 1 DAGs
[2023-09-01T15:18:57.499+0000] {logging_mixin.py:151} INFO - [2023-09-01T15:18:57.499+0000] {dag.py:3677} INFO - Setting next_dagrun for tutorial to 2023-08-31T15:18:57.499359+00:00, run_after=2023-09-01T15:18:57.499359+00:00
[2023-09-01T15:18:57.524+0000] {processor.py:179} INFO - Processing /home/airflow/.local/lib/python3.8/site-packages/airflow/example_dags/tutorial.py took 0.088 seconds
[2023-09-01T15:19:27.994+0000] {processor.py:157} INFO - Started process (PID=3159) to work on /home/airflow/.local/lib/python3.8/site-packages/airflow/example_dags/tutorial.py
[2023-09-01T15:19:27.996+0000] {processor.py:829} INFO - Processing file /home/airflow/.local/lib/python3.8/site-packages/airflow/example_dags/tutorial.py for tasks to queue
[2023-09-01T15:19:27.999+0000] {logging_mixin.py:151} INFO - [2023-09-01T15:19:27.999+0000] {dagbag.py:539} INFO - Filling up the DagBag from /home/airflow/.local/lib/python3.8/site-packages/airflow/example_dags/tutorial.py
[2023-09-01T15:19:28.006+0000] {processor.py:839} INFO - DAG(s) dict_keys(['tutorial']) retrieved from /home/airflow/.local/lib/python3.8/site-packages/airflow/example_dags/tutorial.py
[2023-09-01T15:19:28.030+0000] {logging_mixin.py:151} INFO - [2023-09-01T15:19:28.030+0000] {dag.py:2907} INFO - Sync 1 DAGs
[2023-09-01T15:19:28.055+0000] {logging_mixin.py:151} INFO - [2023-09-01T15:19:28.055+0000] {dag.py:3677} INFO - Setting next_dagrun for tutorial to 2023-08-31T15:19:28.055257+00:00, run_after=2023-09-01T15:19:28.055257+00:00
[2023-09-01T15:19:28.076+0000] {processor.py:179} INFO - Processing /home/airflow/.local/lib/python3.8/site-packages/airflow/example_dags/tutorial.py took 0.086 seconds
[2023-09-01T15:19:58.624+0000] {processor.py:157} INFO - Started process (PID=3213) to work on /home/airflow/.local/lib/python3.8/site-packages/airflow/example_dags/tutorial.py
[2023-09-01T15:19:58.625+0000] {processor.py:829} INFO - Processing file /home/airflow/.local/lib/python3.8/site-packages/airflow/example_dags/tutorial.py for tasks to queue
[2023-09-01T15:19:58.630+0000] {logging_mixin.py:151} INFO - [2023-09-01T15:19:58.629+0000] {dagbag.py:539} INFO - Filling up the DagBag from /home/airflow/.local/lib/python3.8/site-packages/airflow/example_dags/tutorial.py
[2023-09-01T15:19:58.637+0000] {processor.py:839} INFO - DAG(s) dict_keys(['tutorial']) retrieved from /home/airflow/.local/lib/python3.8/site-packages/airflow/example_dags/tutorial.py
[2023-09-01T15:19:58.662+0000] {logging_mixin.py:151} INFO - [2023-09-01T15:19:58.662+0000] {dag.py:2907} INFO - Sync 1 DAGs
[2023-09-01T15:19:58.689+0000] {logging_mixin.py:151} INFO - [2023-09-01T15:19:58.688+0000] {dag.py:3677} INFO - Setting next_dagrun for tutorial to 2023-08-31T15:19:58.688515+00:00, run_after=2023-09-01T15:19:58.688515+00:00
[2023-09-01T15:19:58.710+0000] {processor.py:179} INFO - Processing /home/airflow/.local/lib/python3.8/site-packages/airflow/example_dags/tutorial.py took 0.091 seconds
[2023-09-01T15:20:29.029+0000] {processor.py:157} INFO - Started process (PID=3267) to work on /home/airflow/.local/lib/python3.8/site-packages/airflow/example_dags/tutorial.py
[2023-09-01T15:20:29.030+0000] {processor.py:829} INFO - Processing file /home/airflow/.local/lib/python3.8/site-packages/airflow/example_dags/tutorial.py for tasks to queue
[2023-09-01T15:20:29.033+0000] {logging_mixin.py:151} INFO - [2023-09-01T15:20:29.033+0000] {dagbag.py:539} INFO - Filling up the DagBag from /home/airflow/.local/lib/python3.8/site-packages/airflow/example_dags/tutorial.py
[2023-09-01T15:20:29.040+0000] {processor.py:839} INFO - DAG(s) dict_keys(['tutorial']) retrieved from /home/airflow/.local/lib/python3.8/site-packages/airflow/example_dags/tutorial.py
[2023-09-01T15:20:29.063+0000] {logging_mixin.py:151} INFO - [2023-09-01T15:20:29.063+0000] {dag.py:2907} INFO - Sync 1 DAGs
[2023-09-01T15:20:29.088+0000] {logging_mixin.py:151} INFO - [2023-09-01T15:20:29.087+0000] {dag.py:3677} INFO - Setting next_dagrun for tutorial to 2023-08-31T15:20:29.087671+00:00, run_after=2023-09-01T15:20:29.087671+00:00
[2023-09-01T15:20:29.107+0000] {processor.py:179} INFO - Processing /home/airflow/.local/lib/python3.8/site-packages/airflow/example_dags/tutorial.py took 0.083 seconds
[2023-09-01T15:20:59.620+0000] {processor.py:157} INFO - Started process (PID=3328) to work on /home/airflow/.local/lib/python3.8/site-packages/airflow/example_dags/tutorial.py
[2023-09-01T15:20:59.621+0000] {processor.py:829} INFO - Processing file /home/airflow/.local/lib/python3.8/site-packages/airflow/example_dags/tutorial.py for tasks to queue
[2023-09-01T15:20:59.625+0000] {logging_mixin.py:151} INFO - [2023-09-01T15:20:59.624+0000] {dagbag.py:539} INFO - Filling up the DagBag from /home/airflow/.local/lib/python3.8/site-packages/airflow/example_dags/tutorial.py
[2023-09-01T15:20:59.632+0000] {processor.py:839} INFO - DAG(s) dict_keys(['tutorial']) retrieved from /home/airflow/.local/lib/python3.8/site-packages/airflow/example_dags/tutorial.py
[2023-09-01T15:20:59.655+0000] {logging_mixin.py:151} INFO - [2023-09-01T15:20:59.655+0000] {dag.py:2907} INFO - Sync 1 DAGs
[2023-09-01T15:20:59.679+0000] {logging_mixin.py:151} INFO - [2023-09-01T15:20:59.679+0000] {dag.py:3677} INFO - Setting next_dagrun for tutorial to 2023-08-31T15:20:59.678892+00:00, run_after=2023-09-01T15:20:59.678892+00:00
[2023-09-01T15:20:59.699+0000] {processor.py:179} INFO - Processing /home/airflow/.local/lib/python3.8/site-packages/airflow/example_dags/tutorial.py took 0.083 seconds
[2023-09-01T15:21:30.224+0000] {processor.py:157} INFO - Started process (PID=3382) to work on /home/airflow/.local/lib/python3.8/site-packages/airflow/example_dags/tutorial.py
[2023-09-01T15:21:30.225+0000] {processor.py:829} INFO - Processing file /home/airflow/.local/lib/python3.8/site-packages/airflow/example_dags/tutorial.py for tasks to queue
[2023-09-01T15:21:30.229+0000] {logging_mixin.py:151} INFO - [2023-09-01T15:21:30.228+0000] {dagbag.py:539} INFO - Filling up the DagBag from /home/airflow/.local/lib/python3.8/site-packages/airflow/example_dags/tutorial.py
[2023-09-01T15:21:30.235+0000] {processor.py:839} INFO - DAG(s) dict_keys(['tutorial']) retrieved from /home/airflow/.local/lib/python3.8/site-packages/airflow/example_dags/tutorial.py
[2023-09-01T15:21:30.259+0000] {logging_mixin.py:151} INFO - [2023-09-01T15:21:30.259+0000] {dag.py:2907} INFO - Sync 1 DAGs
[2023-09-01T15:21:30.283+0000] {logging_mixin.py:151} INFO - [2023-09-01T15:21:30.283+0000] {dag.py:3677} INFO - Setting next_dagrun for tutorial to 2023-08-31T15:21:30.282880+00:00, run_after=2023-09-01T15:21:30.282880+00:00
[2023-09-01T15:21:30.302+0000] {processor.py:179} INFO - Processing /home/airflow/.local/lib/python3.8/site-packages/airflow/example_dags/tutorial.py took 0.083 seconds
