[2023-09-01T14:50:21.403+0000] {processor.py:157} INFO - Started process (PID=60) to work on /home/airflow/.local/lib/python3.8/site-packages/airflow/example_dags/tutorial_dag.py
[2023-09-01T14:50:21.405+0000] {processor.py:829} INFO - Processing file /home/airflow/.local/lib/python3.8/site-packages/airflow/example_dags/tutorial_dag.py for tasks to queue
[2023-09-01T14:50:21.409+0000] {logging_mixin.py:151} INFO - [2023-09-01T14:50:21.409+0000] {dagbag.py:539} INFO - Filling up the DagBag from /home/airflow/.local/lib/python3.8/site-packages/airflow/example_dags/tutorial_dag.py
[2023-09-01T14:50:21.424+0000] {processor.py:839} INFO - DAG(s) dict_keys(['tutorial_dag']) retrieved from /home/airflow/.local/lib/python3.8/site-packages/airflow/example_dags/tutorial_dag.py
[2023-09-01T14:50:21.760+0000] {logging_mixin.py:151} INFO - [2023-09-01T14:50:21.760+0000] {manager.py:501} INFO - Created Permission View: can read on DAG:tutorial_dag
[2023-09-01T14:50:21.774+0000] {logging_mixin.py:151} INFO - [2023-09-01T14:50:21.773+0000] {manager.py:501} INFO - Created Permission View: can edit on DAG:tutorial_dag
[2023-09-01T14:50:21.785+0000] {logging_mixin.py:151} INFO - [2023-09-01T14:50:21.785+0000] {manager.py:501} INFO - Created Permission View: can delete on DAG:tutorial_dag
[2023-09-01T14:50:21.802+0000] {logging_mixin.py:151} INFO - [2023-09-01T14:50:21.802+0000] {dag.py:2907} INFO - Sync 1 DAGs
[2023-09-01T14:50:21.815+0000] {logging_mixin.py:151} INFO - [2023-09-01T14:50:21.815+0000] {dag.py:2929} INFO - Creating ORM DAG for tutorial_dag
[2023-09-01T14:50:21.816+0000] {logging_mixin.py:151} INFO - [2023-09-01T14:50:21.816+0000] {dag.py:3677} INFO - Setting next_dagrun for tutorial_dag to None, run_after=None
[2023-09-01T14:50:21.837+0000] {processor.py:179} INFO - Processing /home/airflow/.local/lib/python3.8/site-packages/airflow/example_dags/tutorial_dag.py took 0.440 seconds
[2023-09-01T14:50:51.887+0000] {processor.py:157} INFO - Started process (PID=113) to work on /home/airflow/.local/lib/python3.8/site-packages/airflow/example_dags/tutorial_dag.py
[2023-09-01T14:50:51.889+0000] {processor.py:829} INFO - Processing file /home/airflow/.local/lib/python3.8/site-packages/airflow/example_dags/tutorial_dag.py for tasks to queue
[2023-09-01T14:50:51.894+0000] {logging_mixin.py:151} INFO - [2023-09-01T14:50:51.894+0000] {dagbag.py:539} INFO - Filling up the DagBag from /home/airflow/.local/lib/python3.8/site-packages/airflow/example_dags/tutorial_dag.py
[2023-09-01T14:50:51.903+0000] {processor.py:839} INFO - DAG(s) dict_keys(['tutorial_dag']) retrieved from /home/airflow/.local/lib/python3.8/site-packages/airflow/example_dags/tutorial_dag.py
[2023-09-01T14:50:51.937+0000] {logging_mixin.py:151} INFO - [2023-09-01T14:50:51.936+0000] {dag.py:2907} INFO - Sync 1 DAGs
[2023-09-01T14:50:51.959+0000] {logging_mixin.py:151} INFO - [2023-09-01T14:50:51.959+0000] {dag.py:3677} INFO - Setting next_dagrun for tutorial_dag to None, run_after=None
[2023-09-01T14:50:51.989+0000] {processor.py:179} INFO - Processing /home/airflow/.local/lib/python3.8/site-packages/airflow/example_dags/tutorial_dag.py took 0.107 seconds
[2023-09-01T14:51:22.907+0000] {processor.py:157} INFO - Started process (PID=167) to work on /home/airflow/.local/lib/python3.8/site-packages/airflow/example_dags/tutorial_dag.py
[2023-09-01T14:51:22.909+0000] {processor.py:829} INFO - Processing file /home/airflow/.local/lib/python3.8/site-packages/airflow/example_dags/tutorial_dag.py for tasks to queue
[2023-09-01T14:51:22.913+0000] {logging_mixin.py:151} INFO - [2023-09-01T14:51:22.913+0000] {dagbag.py:539} INFO - Filling up the DagBag from /home/airflow/.local/lib/python3.8/site-packages/airflow/example_dags/tutorial_dag.py
[2023-09-01T14:51:22.926+0000] {processor.py:839} INFO - DAG(s) dict_keys(['tutorial_dag']) retrieved from /home/airflow/.local/lib/python3.8/site-packages/airflow/example_dags/tutorial_dag.py
[2023-09-01T14:51:22.976+0000] {logging_mixin.py:151} INFO - [2023-09-01T14:51:22.976+0000] {dag.py:2907} INFO - Sync 1 DAGs
[2023-09-01T14:51:23.001+0000] {logging_mixin.py:151} INFO - [2023-09-01T14:51:23.000+0000] {dag.py:3677} INFO - Setting next_dagrun for tutorial_dag to None, run_after=None
[2023-09-01T14:51:23.042+0000] {processor.py:179} INFO - Processing /home/airflow/.local/lib/python3.8/site-packages/airflow/example_dags/tutorial_dag.py took 0.140 seconds
[2023-09-01T14:51:53.923+0000] {processor.py:157} INFO - Started process (PID=221) to work on /home/airflow/.local/lib/python3.8/site-packages/airflow/example_dags/tutorial_dag.py
[2023-09-01T14:51:53.924+0000] {processor.py:829} INFO - Processing file /home/airflow/.local/lib/python3.8/site-packages/airflow/example_dags/tutorial_dag.py for tasks to queue
[2023-09-01T14:51:53.927+0000] {logging_mixin.py:151} INFO - [2023-09-01T14:51:53.927+0000] {dagbag.py:539} INFO - Filling up the DagBag from /home/airflow/.local/lib/python3.8/site-packages/airflow/example_dags/tutorial_dag.py
[2023-09-01T14:51:53.933+0000] {processor.py:839} INFO - DAG(s) dict_keys(['tutorial_dag']) retrieved from /home/airflow/.local/lib/python3.8/site-packages/airflow/example_dags/tutorial_dag.py
[2023-09-01T14:51:53.956+0000] {logging_mixin.py:151} INFO - [2023-09-01T14:51:53.956+0000] {dag.py:2907} INFO - Sync 1 DAGs
[2023-09-01T14:51:53.971+0000] {logging_mixin.py:151} INFO - [2023-09-01T14:51:53.971+0000] {dag.py:3677} INFO - Setting next_dagrun for tutorial_dag to None, run_after=None
[2023-09-01T14:51:53.991+0000] {processor.py:179} INFO - Processing /home/airflow/.local/lib/python3.8/site-packages/airflow/example_dags/tutorial_dag.py took 0.072 seconds
[2023-09-01T14:52:24.059+0000] {processor.py:157} INFO - Started process (PID=274) to work on /home/airflow/.local/lib/python3.8/site-packages/airflow/example_dags/tutorial_dag.py
[2023-09-01T14:52:24.060+0000] {processor.py:829} INFO - Processing file /home/airflow/.local/lib/python3.8/site-packages/airflow/example_dags/tutorial_dag.py for tasks to queue
[2023-09-01T14:52:24.064+0000] {logging_mixin.py:151} INFO - [2023-09-01T14:52:24.063+0000] {dagbag.py:539} INFO - Filling up the DagBag from /home/airflow/.local/lib/python3.8/site-packages/airflow/example_dags/tutorial_dag.py
[2023-09-01T14:52:24.072+0000] {processor.py:839} INFO - DAG(s) dict_keys(['tutorial_dag']) retrieved from /home/airflow/.local/lib/python3.8/site-packages/airflow/example_dags/tutorial_dag.py
[2023-09-01T14:52:24.102+0000] {logging_mixin.py:151} INFO - [2023-09-01T14:52:24.102+0000] {dag.py:2907} INFO - Sync 1 DAGs
[2023-09-01T14:52:24.120+0000] {logging_mixin.py:151} INFO - [2023-09-01T14:52:24.119+0000] {dag.py:3677} INFO - Setting next_dagrun for tutorial_dag to None, run_after=None
[2023-09-01T14:52:24.147+0000] {processor.py:179} INFO - Processing /home/airflow/.local/lib/python3.8/site-packages/airflow/example_dags/tutorial_dag.py took 0.093 seconds
[2023-09-01T14:52:54.225+0000] {processor.py:157} INFO - Started process (PID=328) to work on /home/airflow/.local/lib/python3.8/site-packages/airflow/example_dags/tutorial_dag.py
[2023-09-01T14:52:54.226+0000] {processor.py:829} INFO - Processing file /home/airflow/.local/lib/python3.8/site-packages/airflow/example_dags/tutorial_dag.py for tasks to queue
[2023-09-01T14:52:54.229+0000] {logging_mixin.py:151} INFO - [2023-09-01T14:52:54.229+0000] {dagbag.py:539} INFO - Filling up the DagBag from /home/airflow/.local/lib/python3.8/site-packages/airflow/example_dags/tutorial_dag.py
[2023-09-01T14:52:54.235+0000] {processor.py:839} INFO - DAG(s) dict_keys(['tutorial_dag']) retrieved from /home/airflow/.local/lib/python3.8/site-packages/airflow/example_dags/tutorial_dag.py
[2023-09-01T14:52:54.260+0000] {logging_mixin.py:151} INFO - [2023-09-01T14:52:54.259+0000] {dag.py:2907} INFO - Sync 1 DAGs
[2023-09-01T14:52:54.274+0000] {logging_mixin.py:151} INFO - [2023-09-01T14:52:54.274+0000] {dag.py:3677} INFO - Setting next_dagrun for tutorial_dag to None, run_after=None
[2023-09-01T14:52:54.294+0000] {processor.py:179} INFO - Processing /home/airflow/.local/lib/python3.8/site-packages/airflow/example_dags/tutorial_dag.py took 0.073 seconds
[2023-09-01T14:53:24.536+0000] {processor.py:157} INFO - Started process (PID=382) to work on /home/airflow/.local/lib/python3.8/site-packages/airflow/example_dags/tutorial_dag.py
[2023-09-01T14:53:24.538+0000] {processor.py:829} INFO - Processing file /home/airflow/.local/lib/python3.8/site-packages/airflow/example_dags/tutorial_dag.py for tasks to queue
[2023-09-01T14:53:24.541+0000] {logging_mixin.py:151} INFO - [2023-09-01T14:53:24.540+0000] {dagbag.py:539} INFO - Filling up the DagBag from /home/airflow/.local/lib/python3.8/site-packages/airflow/example_dags/tutorial_dag.py
[2023-09-01T14:53:24.547+0000] {processor.py:839} INFO - DAG(s) dict_keys(['tutorial_dag']) retrieved from /home/airflow/.local/lib/python3.8/site-packages/airflow/example_dags/tutorial_dag.py
[2023-09-01T14:53:24.571+0000] {logging_mixin.py:151} INFO - [2023-09-01T14:53:24.571+0000] {dag.py:2907} INFO - Sync 1 DAGs
[2023-09-01T14:53:24.585+0000] {logging_mixin.py:151} INFO - [2023-09-01T14:53:24.585+0000] {dag.py:3677} INFO - Setting next_dagrun for tutorial_dag to None, run_after=None
[2023-09-01T14:53:24.607+0000] {processor.py:179} INFO - Processing /home/airflow/.local/lib/python3.8/site-packages/airflow/example_dags/tutorial_dag.py took 0.075 seconds
[2023-09-01T14:53:54.687+0000] {processor.py:157} INFO - Started process (PID=437) to work on /home/airflow/.local/lib/python3.8/site-packages/airflow/example_dags/tutorial_dag.py
[2023-09-01T14:53:54.688+0000] {processor.py:829} INFO - Processing file /home/airflow/.local/lib/python3.8/site-packages/airflow/example_dags/tutorial_dag.py for tasks to queue
[2023-09-01T14:53:54.692+0000] {logging_mixin.py:151} INFO - [2023-09-01T14:53:54.691+0000] {dagbag.py:539} INFO - Filling up the DagBag from /home/airflow/.local/lib/python3.8/site-packages/airflow/example_dags/tutorial_dag.py
[2023-09-01T14:53:54.699+0000] {processor.py:839} INFO - DAG(s) dict_keys(['tutorial_dag']) retrieved from /home/airflow/.local/lib/python3.8/site-packages/airflow/example_dags/tutorial_dag.py
[2023-09-01T14:53:54.726+0000] {logging_mixin.py:151} INFO - [2023-09-01T14:53:54.726+0000] {dag.py:2907} INFO - Sync 1 DAGs
[2023-09-01T14:53:54.741+0000] {logging_mixin.py:151} INFO - [2023-09-01T14:53:54.741+0000] {dag.py:3677} INFO - Setting next_dagrun for tutorial_dag to None, run_after=None
[2023-09-01T14:53:54.762+0000] {processor.py:179} INFO - Processing /home/airflow/.local/lib/python3.8/site-packages/airflow/example_dags/tutorial_dag.py took 0.080 seconds
[2023-09-01T14:54:24.878+0000] {processor.py:157} INFO - Started process (PID=491) to work on /home/airflow/.local/lib/python3.8/site-packages/airflow/example_dags/tutorial_dag.py
[2023-09-01T14:54:24.880+0000] {processor.py:829} INFO - Processing file /home/airflow/.local/lib/python3.8/site-packages/airflow/example_dags/tutorial_dag.py for tasks to queue
[2023-09-01T14:54:24.883+0000] {logging_mixin.py:151} INFO - [2023-09-01T14:54:24.883+0000] {dagbag.py:539} INFO - Filling up the DagBag from /home/airflow/.local/lib/python3.8/site-packages/airflow/example_dags/tutorial_dag.py
[2023-09-01T14:54:24.890+0000] {processor.py:839} INFO - DAG(s) dict_keys(['tutorial_dag']) retrieved from /home/airflow/.local/lib/python3.8/site-packages/airflow/example_dags/tutorial_dag.py
[2023-09-01T14:54:24.917+0000] {logging_mixin.py:151} INFO - [2023-09-01T14:54:24.917+0000] {dag.py:2907} INFO - Sync 1 DAGs
[2023-09-01T14:54:24.932+0000] {logging_mixin.py:151} INFO - [2023-09-01T14:54:24.931+0000] {dag.py:3677} INFO - Setting next_dagrun for tutorial_dag to None, run_after=None
[2023-09-01T14:54:24.951+0000] {processor.py:179} INFO - Processing /home/airflow/.local/lib/python3.8/site-packages/airflow/example_dags/tutorial_dag.py took 0.078 seconds
[2023-09-01T14:54:55.117+0000] {processor.py:157} INFO - Started process (PID=545) to work on /home/airflow/.local/lib/python3.8/site-packages/airflow/example_dags/tutorial_dag.py
[2023-09-01T14:54:55.119+0000] {processor.py:829} INFO - Processing file /home/airflow/.local/lib/python3.8/site-packages/airflow/example_dags/tutorial_dag.py for tasks to queue
[2023-09-01T14:54:55.123+0000] {logging_mixin.py:151} INFO - [2023-09-01T14:54:55.122+0000] {dagbag.py:539} INFO - Filling up the DagBag from /home/airflow/.local/lib/python3.8/site-packages/airflow/example_dags/tutorial_dag.py
[2023-09-01T14:54:55.130+0000] {processor.py:839} INFO - DAG(s) dict_keys(['tutorial_dag']) retrieved from /home/airflow/.local/lib/python3.8/site-packages/airflow/example_dags/tutorial_dag.py
[2023-09-01T14:54:55.158+0000] {logging_mixin.py:151} INFO - [2023-09-01T14:54:55.158+0000] {dag.py:2907} INFO - Sync 1 DAGs
[2023-09-01T14:54:55.172+0000] {logging_mixin.py:151} INFO - [2023-09-01T14:54:55.172+0000] {dag.py:3677} INFO - Setting next_dagrun for tutorial_dag to None, run_after=None
[2023-09-01T14:54:55.192+0000] {processor.py:179} INFO - Processing /home/airflow/.local/lib/python3.8/site-packages/airflow/example_dags/tutorial_dag.py took 0.080 seconds
[2023-09-01T14:55:26.078+0000] {processor.py:157} INFO - Started process (PID=599) to work on /home/airflow/.local/lib/python3.8/site-packages/airflow/example_dags/tutorial_dag.py
[2023-09-01T14:55:26.079+0000] {processor.py:829} INFO - Processing file /home/airflow/.local/lib/python3.8/site-packages/airflow/example_dags/tutorial_dag.py for tasks to queue
[2023-09-01T14:55:26.083+0000] {logging_mixin.py:151} INFO - [2023-09-01T14:55:26.082+0000] {dagbag.py:539} INFO - Filling up the DagBag from /home/airflow/.local/lib/python3.8/site-packages/airflow/example_dags/tutorial_dag.py
[2023-09-01T14:55:26.091+0000] {processor.py:839} INFO - DAG(s) dict_keys(['tutorial_dag']) retrieved from /home/airflow/.local/lib/python3.8/site-packages/airflow/example_dags/tutorial_dag.py
[2023-09-01T14:55:26.122+0000] {logging_mixin.py:151} INFO - [2023-09-01T14:55:26.122+0000] {dag.py:2907} INFO - Sync 1 DAGs
[2023-09-01T14:55:26.140+0000] {logging_mixin.py:151} INFO - [2023-09-01T14:55:26.140+0000] {dag.py:3677} INFO - Setting next_dagrun for tutorial_dag to None, run_after=None
[2023-09-01T14:55:26.168+0000] {processor.py:179} INFO - Processing /home/airflow/.local/lib/python3.8/site-packages/airflow/example_dags/tutorial_dag.py took 0.095 seconds
[2023-09-01T14:55:56.687+0000] {processor.py:157} INFO - Started process (PID=660) to work on /home/airflow/.local/lib/python3.8/site-packages/airflow/example_dags/tutorial_dag.py
[2023-09-01T14:55:56.689+0000] {processor.py:829} INFO - Processing file /home/airflow/.local/lib/python3.8/site-packages/airflow/example_dags/tutorial_dag.py for tasks to queue
[2023-09-01T14:55:56.692+0000] {logging_mixin.py:151} INFO - [2023-09-01T14:55:56.692+0000] {dagbag.py:539} INFO - Filling up the DagBag from /home/airflow/.local/lib/python3.8/site-packages/airflow/example_dags/tutorial_dag.py
[2023-09-01T14:55:56.700+0000] {processor.py:839} INFO - DAG(s) dict_keys(['tutorial_dag']) retrieved from /home/airflow/.local/lib/python3.8/site-packages/airflow/example_dags/tutorial_dag.py
[2023-09-01T14:55:56.727+0000] {logging_mixin.py:151} INFO - [2023-09-01T14:55:56.727+0000] {dag.py:2907} INFO - Sync 1 DAGs
[2023-09-01T14:55:56.742+0000] {logging_mixin.py:151} INFO - [2023-09-01T14:55:56.742+0000] {dag.py:3677} INFO - Setting next_dagrun for tutorial_dag to None, run_after=None
[2023-09-01T14:55:56.763+0000] {processor.py:179} INFO - Processing /home/airflow/.local/lib/python3.8/site-packages/airflow/example_dags/tutorial_dag.py took 0.081 seconds
[2023-09-01T14:56:27.501+0000] {processor.py:157} INFO - Started process (PID=714) to work on /home/airflow/.local/lib/python3.8/site-packages/airflow/example_dags/tutorial_dag.py
[2023-09-01T14:56:27.502+0000] {processor.py:829} INFO - Processing file /home/airflow/.local/lib/python3.8/site-packages/airflow/example_dags/tutorial_dag.py for tasks to queue
[2023-09-01T14:56:27.506+0000] {logging_mixin.py:151} INFO - [2023-09-01T14:56:27.505+0000] {dagbag.py:539} INFO - Filling up the DagBag from /home/airflow/.local/lib/python3.8/site-packages/airflow/example_dags/tutorial_dag.py
[2023-09-01T14:56:27.513+0000] {processor.py:839} INFO - DAG(s) dict_keys(['tutorial_dag']) retrieved from /home/airflow/.local/lib/python3.8/site-packages/airflow/example_dags/tutorial_dag.py
[2023-09-01T14:56:27.539+0000] {logging_mixin.py:151} INFO - [2023-09-01T14:56:27.539+0000] {dag.py:2907} INFO - Sync 1 DAGs
[2023-09-01T14:56:27.554+0000] {logging_mixin.py:151} INFO - [2023-09-01T14:56:27.553+0000] {dag.py:3677} INFO - Setting next_dagrun for tutorial_dag to None, run_after=None
[2023-09-01T14:56:27.573+0000] {processor.py:179} INFO - Processing /home/airflow/.local/lib/python3.8/site-packages/airflow/example_dags/tutorial_dag.py took 0.077 seconds
[2023-09-01T14:56:58.286+0000] {processor.py:157} INFO - Started process (PID=768) to work on /home/airflow/.local/lib/python3.8/site-packages/airflow/example_dags/tutorial_dag.py
[2023-09-01T14:56:58.287+0000] {processor.py:829} INFO - Processing file /home/airflow/.local/lib/python3.8/site-packages/airflow/example_dags/tutorial_dag.py for tasks to queue
[2023-09-01T14:56:58.290+0000] {logging_mixin.py:151} INFO - [2023-09-01T14:56:58.289+0000] {dagbag.py:539} INFO - Filling up the DagBag from /home/airflow/.local/lib/python3.8/site-packages/airflow/example_dags/tutorial_dag.py
[2023-09-01T14:56:58.296+0000] {processor.py:839} INFO - DAG(s) dict_keys(['tutorial_dag']) retrieved from /home/airflow/.local/lib/python3.8/site-packages/airflow/example_dags/tutorial_dag.py
[2023-09-01T14:56:58.322+0000] {logging_mixin.py:151} INFO - [2023-09-01T14:56:58.322+0000] {dag.py:2907} INFO - Sync 1 DAGs
[2023-09-01T14:56:58.335+0000] {logging_mixin.py:151} INFO - [2023-09-01T14:56:58.335+0000] {dag.py:3677} INFO - Setting next_dagrun for tutorial_dag to None, run_after=None
[2023-09-01T14:56:58.354+0000] {processor.py:179} INFO - Processing /home/airflow/.local/lib/python3.8/site-packages/airflow/example_dags/tutorial_dag.py took 0.072 seconds
[2023-09-01T14:57:29.110+0000] {processor.py:157} INFO - Started process (PID=822) to work on /home/airflow/.local/lib/python3.8/site-packages/airflow/example_dags/tutorial_dag.py
[2023-09-01T14:57:29.112+0000] {processor.py:829} INFO - Processing file /home/airflow/.local/lib/python3.8/site-packages/airflow/example_dags/tutorial_dag.py for tasks to queue
[2023-09-01T14:57:29.115+0000] {logging_mixin.py:151} INFO - [2023-09-01T14:57:29.115+0000] {dagbag.py:539} INFO - Filling up the DagBag from /home/airflow/.local/lib/python3.8/site-packages/airflow/example_dags/tutorial_dag.py
[2023-09-01T14:57:29.123+0000] {processor.py:839} INFO - DAG(s) dict_keys(['tutorial_dag']) retrieved from /home/airflow/.local/lib/python3.8/site-packages/airflow/example_dags/tutorial_dag.py
[2023-09-01T14:57:29.152+0000] {logging_mixin.py:151} INFO - [2023-09-01T14:57:29.152+0000] {dag.py:2907} INFO - Sync 1 DAGs
[2023-09-01T14:57:29.169+0000] {logging_mixin.py:151} INFO - [2023-09-01T14:57:29.169+0000] {dag.py:3677} INFO - Setting next_dagrun for tutorial_dag to None, run_after=None
[2023-09-01T14:57:29.189+0000] {processor.py:179} INFO - Processing /home/airflow/.local/lib/python3.8/site-packages/airflow/example_dags/tutorial_dag.py took 0.084 seconds
[2023-09-01T14:57:59.848+0000] {processor.py:157} INFO - Started process (PID=876) to work on /home/airflow/.local/lib/python3.8/site-packages/airflow/example_dags/tutorial_dag.py
[2023-09-01T14:57:59.850+0000] {processor.py:829} INFO - Processing file /home/airflow/.local/lib/python3.8/site-packages/airflow/example_dags/tutorial_dag.py for tasks to queue
[2023-09-01T14:57:59.853+0000] {logging_mixin.py:151} INFO - [2023-09-01T14:57:59.853+0000] {dagbag.py:539} INFO - Filling up the DagBag from /home/airflow/.local/lib/python3.8/site-packages/airflow/example_dags/tutorial_dag.py
[2023-09-01T14:57:59.860+0000] {processor.py:839} INFO - DAG(s) dict_keys(['tutorial_dag']) retrieved from /home/airflow/.local/lib/python3.8/site-packages/airflow/example_dags/tutorial_dag.py
[2023-09-01T14:57:59.888+0000] {logging_mixin.py:151} INFO - [2023-09-01T14:57:59.888+0000] {dag.py:2907} INFO - Sync 1 DAGs
[2023-09-01T14:57:59.904+0000] {logging_mixin.py:151} INFO - [2023-09-01T14:57:59.904+0000] {dag.py:3677} INFO - Setting next_dagrun for tutorial_dag to None, run_after=None
[2023-09-01T14:57:59.924+0000] {processor.py:179} INFO - Processing /home/airflow/.local/lib/python3.8/site-packages/airflow/example_dags/tutorial_dag.py took 0.080 seconds
[2023-09-01T14:58:30.713+0000] {processor.py:157} INFO - Started process (PID=930) to work on /home/airflow/.local/lib/python3.8/site-packages/airflow/example_dags/tutorial_dag.py
[2023-09-01T14:58:30.714+0000] {processor.py:829} INFO - Processing file /home/airflow/.local/lib/python3.8/site-packages/airflow/example_dags/tutorial_dag.py for tasks to queue
[2023-09-01T14:58:30.717+0000] {logging_mixin.py:151} INFO - [2023-09-01T14:58:30.717+0000] {dagbag.py:539} INFO - Filling up the DagBag from /home/airflow/.local/lib/python3.8/site-packages/airflow/example_dags/tutorial_dag.py
[2023-09-01T14:58:30.724+0000] {processor.py:839} INFO - DAG(s) dict_keys(['tutorial_dag']) retrieved from /home/airflow/.local/lib/python3.8/site-packages/airflow/example_dags/tutorial_dag.py
[2023-09-01T14:58:30.749+0000] {logging_mixin.py:151} INFO - [2023-09-01T14:58:30.749+0000] {dag.py:2907} INFO - Sync 1 DAGs
[2023-09-01T14:58:30.764+0000] {logging_mixin.py:151} INFO - [2023-09-01T14:58:30.764+0000] {dag.py:3677} INFO - Setting next_dagrun for tutorial_dag to None, run_after=None
[2023-09-01T14:58:30.785+0000] {processor.py:179} INFO - Processing /home/airflow/.local/lib/python3.8/site-packages/airflow/example_dags/tutorial_dag.py took 0.077 seconds
[2023-09-01T14:59:01.539+0000] {processor.py:157} INFO - Started process (PID=984) to work on /home/airflow/.local/lib/python3.8/site-packages/airflow/example_dags/tutorial_dag.py
[2023-09-01T14:59:01.541+0000] {processor.py:829} INFO - Processing file /home/airflow/.local/lib/python3.8/site-packages/airflow/example_dags/tutorial_dag.py for tasks to queue
[2023-09-01T14:59:01.545+0000] {logging_mixin.py:151} INFO - [2023-09-01T14:59:01.544+0000] {dagbag.py:539} INFO - Filling up the DagBag from /home/airflow/.local/lib/python3.8/site-packages/airflow/example_dags/tutorial_dag.py
[2023-09-01T14:59:01.552+0000] {processor.py:839} INFO - DAG(s) dict_keys(['tutorial_dag']) retrieved from /home/airflow/.local/lib/python3.8/site-packages/airflow/example_dags/tutorial_dag.py
[2023-09-01T14:59:01.579+0000] {logging_mixin.py:151} INFO - [2023-09-01T14:59:01.579+0000] {dag.py:2907} INFO - Sync 1 DAGs
[2023-09-01T14:59:01.594+0000] {logging_mixin.py:151} INFO - [2023-09-01T14:59:01.594+0000] {dag.py:3677} INFO - Setting next_dagrun for tutorial_dag to None, run_after=None
[2023-09-01T14:59:01.614+0000] {processor.py:179} INFO - Processing /home/airflow/.local/lib/python3.8/site-packages/airflow/example_dags/tutorial_dag.py took 0.080 seconds
[2023-09-01T14:59:32.028+0000] {processor.py:157} INFO - Started process (PID=1038) to work on /home/airflow/.local/lib/python3.8/site-packages/airflow/example_dags/tutorial_dag.py
[2023-09-01T14:59:32.029+0000] {processor.py:829} INFO - Processing file /home/airflow/.local/lib/python3.8/site-packages/airflow/example_dags/tutorial_dag.py for tasks to queue
[2023-09-01T14:59:32.032+0000] {logging_mixin.py:151} INFO - [2023-09-01T14:59:32.032+0000] {dagbag.py:539} INFO - Filling up the DagBag from /home/airflow/.local/lib/python3.8/site-packages/airflow/example_dags/tutorial_dag.py
[2023-09-01T14:59:32.040+0000] {processor.py:839} INFO - DAG(s) dict_keys(['tutorial_dag']) retrieved from /home/airflow/.local/lib/python3.8/site-packages/airflow/example_dags/tutorial_dag.py
[2023-09-01T14:59:32.067+0000] {logging_mixin.py:151} INFO - [2023-09-01T14:59:32.067+0000] {dag.py:2907} INFO - Sync 1 DAGs
[2023-09-01T14:59:32.083+0000] {logging_mixin.py:151} INFO - [2023-09-01T14:59:32.082+0000] {dag.py:3677} INFO - Setting next_dagrun for tutorial_dag to None, run_after=None
[2023-09-01T14:59:32.103+0000] {processor.py:179} INFO - Processing /home/airflow/.local/lib/python3.8/site-packages/airflow/example_dags/tutorial_dag.py took 0.080 seconds
[2023-09-01T15:00:03.017+0000] {processor.py:157} INFO - Started process (PID=1092) to work on /home/airflow/.local/lib/python3.8/site-packages/airflow/example_dags/tutorial_dag.py
[2023-09-01T15:00:03.019+0000] {processor.py:829} INFO - Processing file /home/airflow/.local/lib/python3.8/site-packages/airflow/example_dags/tutorial_dag.py for tasks to queue
[2023-09-01T15:00:03.022+0000] {logging_mixin.py:151} INFO - [2023-09-01T15:00:03.022+0000] {dagbag.py:539} INFO - Filling up the DagBag from /home/airflow/.local/lib/python3.8/site-packages/airflow/example_dags/tutorial_dag.py
[2023-09-01T15:00:03.029+0000] {processor.py:839} INFO - DAG(s) dict_keys(['tutorial_dag']) retrieved from /home/airflow/.local/lib/python3.8/site-packages/airflow/example_dags/tutorial_dag.py
[2023-09-01T15:00:03.055+0000] {logging_mixin.py:151} INFO - [2023-09-01T15:00:03.055+0000] {dag.py:2907} INFO - Sync 1 DAGs
[2023-09-01T15:00:03.071+0000] {logging_mixin.py:151} INFO - [2023-09-01T15:00:03.071+0000] {dag.py:3677} INFO - Setting next_dagrun for tutorial_dag to None, run_after=None
[2023-09-01T15:00:03.092+0000] {processor.py:179} INFO - Processing /home/airflow/.local/lib/python3.8/site-packages/airflow/example_dags/tutorial_dag.py took 0.080 seconds
[2023-09-01T15:00:33.816+0000] {processor.py:157} INFO - Started process (PID=1146) to work on /home/airflow/.local/lib/python3.8/site-packages/airflow/example_dags/tutorial_dag.py
[2023-09-01T15:00:33.817+0000] {processor.py:829} INFO - Processing file /home/airflow/.local/lib/python3.8/site-packages/airflow/example_dags/tutorial_dag.py for tasks to queue
[2023-09-01T15:00:33.820+0000] {logging_mixin.py:151} INFO - [2023-09-01T15:00:33.820+0000] {dagbag.py:539} INFO - Filling up the DagBag from /home/airflow/.local/lib/python3.8/site-packages/airflow/example_dags/tutorial_dag.py
[2023-09-01T15:00:33.827+0000] {processor.py:839} INFO - DAG(s) dict_keys(['tutorial_dag']) retrieved from /home/airflow/.local/lib/python3.8/site-packages/airflow/example_dags/tutorial_dag.py
[2023-09-01T15:00:33.850+0000] {logging_mixin.py:151} INFO - [2023-09-01T15:00:33.850+0000] {dag.py:2907} INFO - Sync 1 DAGs
[2023-09-01T15:00:33.864+0000] {logging_mixin.py:151} INFO - [2023-09-01T15:00:33.864+0000] {dag.py:3677} INFO - Setting next_dagrun for tutorial_dag to None, run_after=None
[2023-09-01T15:00:33.885+0000] {processor.py:179} INFO - Processing /home/airflow/.local/lib/python3.8/site-packages/airflow/example_dags/tutorial_dag.py took 0.073 seconds
[2023-09-01T15:01:04.450+0000] {processor.py:157} INFO - Started process (PID=1200) to work on /home/airflow/.local/lib/python3.8/site-packages/airflow/example_dags/tutorial_dag.py
[2023-09-01T15:01:04.452+0000] {processor.py:829} INFO - Processing file /home/airflow/.local/lib/python3.8/site-packages/airflow/example_dags/tutorial_dag.py for tasks to queue
[2023-09-01T15:01:04.455+0000] {logging_mixin.py:151} INFO - [2023-09-01T15:01:04.455+0000] {dagbag.py:539} INFO - Filling up the DagBag from /home/airflow/.local/lib/python3.8/site-packages/airflow/example_dags/tutorial_dag.py
[2023-09-01T15:01:04.462+0000] {processor.py:839} INFO - DAG(s) dict_keys(['tutorial_dag']) retrieved from /home/airflow/.local/lib/python3.8/site-packages/airflow/example_dags/tutorial_dag.py
[2023-09-01T15:01:04.490+0000] {logging_mixin.py:151} INFO - [2023-09-01T15:01:04.490+0000] {dag.py:2907} INFO - Sync 1 DAGs
[2023-09-01T15:01:04.505+0000] {logging_mixin.py:151} INFO - [2023-09-01T15:01:04.504+0000] {dag.py:3677} INFO - Setting next_dagrun for tutorial_dag to None, run_after=None
[2023-09-01T15:01:04.524+0000] {processor.py:179} INFO - Processing /home/airflow/.local/lib/python3.8/site-packages/airflow/example_dags/tutorial_dag.py took 0.080 seconds
[2023-09-01T15:01:35.262+0000] {processor.py:157} INFO - Started process (PID=1254) to work on /home/airflow/.local/lib/python3.8/site-packages/airflow/example_dags/tutorial_dag.py
[2023-09-01T15:01:35.263+0000] {processor.py:829} INFO - Processing file /home/airflow/.local/lib/python3.8/site-packages/airflow/example_dags/tutorial_dag.py for tasks to queue
[2023-09-01T15:01:35.266+0000] {logging_mixin.py:151} INFO - [2023-09-01T15:01:35.266+0000] {dagbag.py:539} INFO - Filling up the DagBag from /home/airflow/.local/lib/python3.8/site-packages/airflow/example_dags/tutorial_dag.py
[2023-09-01T15:01:35.273+0000] {processor.py:839} INFO - DAG(s) dict_keys(['tutorial_dag']) retrieved from /home/airflow/.local/lib/python3.8/site-packages/airflow/example_dags/tutorial_dag.py
[2023-09-01T15:01:35.297+0000] {logging_mixin.py:151} INFO - [2023-09-01T15:01:35.297+0000] {dag.py:2907} INFO - Sync 1 DAGs
[2023-09-01T15:01:35.313+0000] {logging_mixin.py:151} INFO - [2023-09-01T15:01:35.313+0000] {dag.py:3677} INFO - Setting next_dagrun for tutorial_dag to None, run_after=None
[2023-09-01T15:01:35.338+0000] {processor.py:179} INFO - Processing /home/airflow/.local/lib/python3.8/site-packages/airflow/example_dags/tutorial_dag.py took 0.080 seconds
[2023-09-01T15:02:05.928+0000] {processor.py:157} INFO - Started process (PID=1308) to work on /home/airflow/.local/lib/python3.8/site-packages/airflow/example_dags/tutorial_dag.py
[2023-09-01T15:02:05.929+0000] {processor.py:829} INFO - Processing file /home/airflow/.local/lib/python3.8/site-packages/airflow/example_dags/tutorial_dag.py for tasks to queue
[2023-09-01T15:02:05.932+0000] {logging_mixin.py:151} INFO - [2023-09-01T15:02:05.932+0000] {dagbag.py:539} INFO - Filling up the DagBag from /home/airflow/.local/lib/python3.8/site-packages/airflow/example_dags/tutorial_dag.py
[2023-09-01T15:02:05.938+0000] {processor.py:839} INFO - DAG(s) dict_keys(['tutorial_dag']) retrieved from /home/airflow/.local/lib/python3.8/site-packages/airflow/example_dags/tutorial_dag.py
[2023-09-01T15:02:05.962+0000] {logging_mixin.py:151} INFO - [2023-09-01T15:02:05.962+0000] {dag.py:2907} INFO - Sync 1 DAGs
[2023-09-01T15:02:05.977+0000] {logging_mixin.py:151} INFO - [2023-09-01T15:02:05.976+0000] {dag.py:3677} INFO - Setting next_dagrun for tutorial_dag to None, run_after=None
[2023-09-01T15:02:05.998+0000] {processor.py:179} INFO - Processing /home/airflow/.local/lib/python3.8/site-packages/airflow/example_dags/tutorial_dag.py took 0.075 seconds
[2023-09-01T15:02:36.200+0000] {processor.py:157} INFO - Started process (PID=1362) to work on /home/airflow/.local/lib/python3.8/site-packages/airflow/example_dags/tutorial_dag.py
[2023-09-01T15:02:36.202+0000] {processor.py:829} INFO - Processing file /home/airflow/.local/lib/python3.8/site-packages/airflow/example_dags/tutorial_dag.py for tasks to queue
[2023-09-01T15:02:36.206+0000] {logging_mixin.py:151} INFO - [2023-09-01T15:02:36.205+0000] {dagbag.py:539} INFO - Filling up the DagBag from /home/airflow/.local/lib/python3.8/site-packages/airflow/example_dags/tutorial_dag.py
[2023-09-01T15:02:36.215+0000] {processor.py:839} INFO - DAG(s) dict_keys(['tutorial_dag']) retrieved from /home/airflow/.local/lib/python3.8/site-packages/airflow/example_dags/tutorial_dag.py
[2023-09-01T15:02:36.248+0000] {logging_mixin.py:151} INFO - [2023-09-01T15:02:36.247+0000] {dag.py:2907} INFO - Sync 1 DAGs
[2023-09-01T15:02:36.267+0000] {logging_mixin.py:151} INFO - [2023-09-01T15:02:36.267+0000] {dag.py:3677} INFO - Setting next_dagrun for tutorial_dag to None, run_after=None
[2023-09-01T15:02:36.295+0000] {processor.py:179} INFO - Processing /home/airflow/.local/lib/python3.8/site-packages/airflow/example_dags/tutorial_dag.py took 0.101 seconds
[2023-09-01T15:03:06.368+0000] {processor.py:157} INFO - Started process (PID=1416) to work on /home/airflow/.local/lib/python3.8/site-packages/airflow/example_dags/tutorial_dag.py
[2023-09-01T15:03:06.369+0000] {processor.py:829} INFO - Processing file /home/airflow/.local/lib/python3.8/site-packages/airflow/example_dags/tutorial_dag.py for tasks to queue
[2023-09-01T15:03:06.373+0000] {logging_mixin.py:151} INFO - [2023-09-01T15:03:06.372+0000] {dagbag.py:539} INFO - Filling up the DagBag from /home/airflow/.local/lib/python3.8/site-packages/airflow/example_dags/tutorial_dag.py
[2023-09-01T15:03:06.380+0000] {processor.py:839} INFO - DAG(s) dict_keys(['tutorial_dag']) retrieved from /home/airflow/.local/lib/python3.8/site-packages/airflow/example_dags/tutorial_dag.py
[2023-09-01T15:03:06.413+0000] {logging_mixin.py:151} INFO - [2023-09-01T15:03:06.413+0000] {dag.py:2907} INFO - Sync 1 DAGs
[2023-09-01T15:03:06.435+0000] {logging_mixin.py:151} INFO - [2023-09-01T15:03:06.435+0000] {dag.py:3677} INFO - Setting next_dagrun for tutorial_dag to None, run_after=None
[2023-09-01T15:03:06.466+0000] {processor.py:179} INFO - Processing /home/airflow/.local/lib/python3.8/site-packages/airflow/example_dags/tutorial_dag.py took 0.103 seconds
[2023-09-01T15:03:36.790+0000] {processor.py:157} INFO - Started process (PID=1470) to work on /home/airflow/.local/lib/python3.8/site-packages/airflow/example_dags/tutorial_dag.py
[2023-09-01T15:03:36.792+0000] {processor.py:829} INFO - Processing file /home/airflow/.local/lib/python3.8/site-packages/airflow/example_dags/tutorial_dag.py for tasks to queue
[2023-09-01T15:03:36.795+0000] {logging_mixin.py:151} INFO - [2023-09-01T15:03:36.795+0000] {dagbag.py:539} INFO - Filling up the DagBag from /home/airflow/.local/lib/python3.8/site-packages/airflow/example_dags/tutorial_dag.py
[2023-09-01T15:03:36.803+0000] {processor.py:839} INFO - DAG(s) dict_keys(['tutorial_dag']) retrieved from /home/airflow/.local/lib/python3.8/site-packages/airflow/example_dags/tutorial_dag.py
[2023-09-01T15:03:36.831+0000] {logging_mixin.py:151} INFO - [2023-09-01T15:03:36.830+0000] {dag.py:2907} INFO - Sync 1 DAGs
[2023-09-01T15:03:36.845+0000] {logging_mixin.py:151} INFO - [2023-09-01T15:03:36.845+0000] {dag.py:3677} INFO - Setting next_dagrun for tutorial_dag to None, run_after=None
[2023-09-01T15:03:36.864+0000] {processor.py:179} INFO - Processing /home/airflow/.local/lib/python3.8/site-packages/airflow/example_dags/tutorial_dag.py took 0.079 seconds
[2023-09-01T15:04:06.984+0000] {processor.py:157} INFO - Started process (PID=1524) to work on /home/airflow/.local/lib/python3.8/site-packages/airflow/example_dags/tutorial_dag.py
[2023-09-01T15:04:06.985+0000] {processor.py:829} INFO - Processing file /home/airflow/.local/lib/python3.8/site-packages/airflow/example_dags/tutorial_dag.py for tasks to queue
[2023-09-01T15:04:06.989+0000] {logging_mixin.py:151} INFO - [2023-09-01T15:04:06.988+0000] {dagbag.py:539} INFO - Filling up the DagBag from /home/airflow/.local/lib/python3.8/site-packages/airflow/example_dags/tutorial_dag.py
[2023-09-01T15:04:06.996+0000] {processor.py:839} INFO - DAG(s) dict_keys(['tutorial_dag']) retrieved from /home/airflow/.local/lib/python3.8/site-packages/airflow/example_dags/tutorial_dag.py
[2023-09-01T15:04:07.024+0000] {logging_mixin.py:151} INFO - [2023-09-01T15:04:07.024+0000] {dag.py:2907} INFO - Sync 1 DAGs
[2023-09-01T15:04:07.038+0000] {logging_mixin.py:151} INFO - [2023-09-01T15:04:07.038+0000] {dag.py:3677} INFO - Setting next_dagrun for tutorial_dag to None, run_after=None
[2023-09-01T15:04:07.058+0000] {processor.py:179} INFO - Processing /home/airflow/.local/lib/python3.8/site-packages/airflow/example_dags/tutorial_dag.py took 0.079 seconds
[2023-09-01T15:04:37.294+0000] {processor.py:157} INFO - Started process (PID=1578) to work on /home/airflow/.local/lib/python3.8/site-packages/airflow/example_dags/tutorial_dag.py
[2023-09-01T15:04:37.295+0000] {processor.py:829} INFO - Processing file /home/airflow/.local/lib/python3.8/site-packages/airflow/example_dags/tutorial_dag.py for tasks to queue
[2023-09-01T15:04:37.298+0000] {logging_mixin.py:151} INFO - [2023-09-01T15:04:37.298+0000] {dagbag.py:539} INFO - Filling up the DagBag from /home/airflow/.local/lib/python3.8/site-packages/airflow/example_dags/tutorial_dag.py
[2023-09-01T15:04:37.306+0000] {processor.py:839} INFO - DAG(s) dict_keys(['tutorial_dag']) retrieved from /home/airflow/.local/lib/python3.8/site-packages/airflow/example_dags/tutorial_dag.py
[2023-09-01T15:04:37.336+0000] {logging_mixin.py:151} INFO - [2023-09-01T15:04:37.336+0000] {dag.py:2907} INFO - Sync 1 DAGs
[2023-09-01T15:04:37.353+0000] {logging_mixin.py:151} INFO - [2023-09-01T15:04:37.353+0000] {dag.py:3677} INFO - Setting next_dagrun for tutorial_dag to None, run_after=None
[2023-09-01T15:04:37.375+0000] {processor.py:179} INFO - Processing /home/airflow/.local/lib/python3.8/site-packages/airflow/example_dags/tutorial_dag.py took 0.086 seconds
[2023-09-01T15:05:07.446+0000] {processor.py:157} INFO - Started process (PID=1633) to work on /home/airflow/.local/lib/python3.8/site-packages/airflow/example_dags/tutorial_dag.py
[2023-09-01T15:05:07.447+0000] {processor.py:829} INFO - Processing file /home/airflow/.local/lib/python3.8/site-packages/airflow/example_dags/tutorial_dag.py for tasks to queue
[2023-09-01T15:05:07.450+0000] {logging_mixin.py:151} INFO - [2023-09-01T15:05:07.449+0000] {dagbag.py:539} INFO - Filling up the DagBag from /home/airflow/.local/lib/python3.8/site-packages/airflow/example_dags/tutorial_dag.py
[2023-09-01T15:05:07.456+0000] {processor.py:839} INFO - DAG(s) dict_keys(['tutorial_dag']) retrieved from /home/airflow/.local/lib/python3.8/site-packages/airflow/example_dags/tutorial_dag.py
[2023-09-01T15:05:07.480+0000] {logging_mixin.py:151} INFO - [2023-09-01T15:05:07.479+0000] {dag.py:2907} INFO - Sync 1 DAGs
[2023-09-01T15:05:07.493+0000] {logging_mixin.py:151} INFO - [2023-09-01T15:05:07.493+0000] {dag.py:3677} INFO - Setting next_dagrun for tutorial_dag to None, run_after=None
[2023-09-01T15:05:07.513+0000] {processor.py:179} INFO - Processing /home/airflow/.local/lib/python3.8/site-packages/airflow/example_dags/tutorial_dag.py took 0.071 seconds
[2023-09-01T15:05:37.756+0000] {processor.py:157} INFO - Started process (PID=1687) to work on /home/airflow/.local/lib/python3.8/site-packages/airflow/example_dags/tutorial_dag.py
[2023-09-01T15:05:37.758+0000] {processor.py:829} INFO - Processing file /home/airflow/.local/lib/python3.8/site-packages/airflow/example_dags/tutorial_dag.py for tasks to queue
[2023-09-01T15:05:37.761+0000] {logging_mixin.py:151} INFO - [2023-09-01T15:05:37.761+0000] {dagbag.py:539} INFO - Filling up the DagBag from /home/airflow/.local/lib/python3.8/site-packages/airflow/example_dags/tutorial_dag.py
[2023-09-01T15:05:37.769+0000] {processor.py:839} INFO - DAG(s) dict_keys(['tutorial_dag']) retrieved from /home/airflow/.local/lib/python3.8/site-packages/airflow/example_dags/tutorial_dag.py
[2023-09-01T15:05:37.796+0000] {logging_mixin.py:151} INFO - [2023-09-01T15:05:37.796+0000] {dag.py:2907} INFO - Sync 1 DAGs
[2023-09-01T15:05:37.812+0000] {logging_mixin.py:151} INFO - [2023-09-01T15:05:37.812+0000] {dag.py:3677} INFO - Setting next_dagrun for tutorial_dag to None, run_after=None
[2023-09-01T15:05:37.832+0000] {processor.py:179} INFO - Processing /home/airflow/.local/lib/python3.8/site-packages/airflow/example_dags/tutorial_dag.py took 0.081 seconds
[2023-09-01T15:06:07.999+0000] {processor.py:157} INFO - Started process (PID=1741) to work on /home/airflow/.local/lib/python3.8/site-packages/airflow/example_dags/tutorial_dag.py
[2023-09-01T15:06:08.001+0000] {processor.py:829} INFO - Processing file /home/airflow/.local/lib/python3.8/site-packages/airflow/example_dags/tutorial_dag.py for tasks to queue
[2023-09-01T15:06:08.005+0000] {logging_mixin.py:151} INFO - [2023-09-01T15:06:08.005+0000] {dagbag.py:539} INFO - Filling up the DagBag from /home/airflow/.local/lib/python3.8/site-packages/airflow/example_dags/tutorial_dag.py
[2023-09-01T15:06:08.014+0000] {processor.py:839} INFO - DAG(s) dict_keys(['tutorial_dag']) retrieved from /home/airflow/.local/lib/python3.8/site-packages/airflow/example_dags/tutorial_dag.py
[2023-09-01T15:06:08.044+0000] {logging_mixin.py:151} INFO - [2023-09-01T15:06:08.044+0000] {dag.py:2907} INFO - Sync 1 DAGs
[2023-09-01T15:06:08.063+0000] {logging_mixin.py:151} INFO - [2023-09-01T15:06:08.063+0000] {dag.py:3677} INFO - Setting next_dagrun for tutorial_dag to None, run_after=None
[2023-09-01T15:06:08.089+0000] {processor.py:179} INFO - Processing /home/airflow/.local/lib/python3.8/site-packages/airflow/example_dags/tutorial_dag.py took 0.096 seconds
[2023-09-01T15:06:38.211+0000] {processor.py:157} INFO - Started process (PID=1795) to work on /home/airflow/.local/lib/python3.8/site-packages/airflow/example_dags/tutorial_dag.py
[2023-09-01T15:06:38.213+0000] {processor.py:829} INFO - Processing file /home/airflow/.local/lib/python3.8/site-packages/airflow/example_dags/tutorial_dag.py for tasks to queue
[2023-09-01T15:06:38.216+0000] {logging_mixin.py:151} INFO - [2023-09-01T15:06:38.216+0000] {dagbag.py:539} INFO - Filling up the DagBag from /home/airflow/.local/lib/python3.8/site-packages/airflow/example_dags/tutorial_dag.py
[2023-09-01T15:06:38.224+0000] {processor.py:839} INFO - DAG(s) dict_keys(['tutorial_dag']) retrieved from /home/airflow/.local/lib/python3.8/site-packages/airflow/example_dags/tutorial_dag.py
[2023-09-01T15:06:38.252+0000] {logging_mixin.py:151} INFO - [2023-09-01T15:06:38.252+0000] {dag.py:2907} INFO - Sync 1 DAGs
[2023-09-01T15:06:38.267+0000] {logging_mixin.py:151} INFO - [2023-09-01T15:06:38.267+0000] {dag.py:3677} INFO - Setting next_dagrun for tutorial_dag to None, run_after=None
[2023-09-01T15:06:38.287+0000] {processor.py:179} INFO - Processing /home/airflow/.local/lib/python3.8/site-packages/airflow/example_dags/tutorial_dag.py took 0.081 seconds
[2023-09-01T15:07:08.351+0000] {processor.py:157} INFO - Started process (PID=1849) to work on /home/airflow/.local/lib/python3.8/site-packages/airflow/example_dags/tutorial_dag.py
[2023-09-01T15:07:08.353+0000] {processor.py:829} INFO - Processing file /home/airflow/.local/lib/python3.8/site-packages/airflow/example_dags/tutorial_dag.py for tasks to queue
[2023-09-01T15:07:08.356+0000] {logging_mixin.py:151} INFO - [2023-09-01T15:07:08.356+0000] {dagbag.py:539} INFO - Filling up the DagBag from /home/airflow/.local/lib/python3.8/site-packages/airflow/example_dags/tutorial_dag.py
[2023-09-01T15:07:08.365+0000] {processor.py:839} INFO - DAG(s) dict_keys(['tutorial_dag']) retrieved from /home/airflow/.local/lib/python3.8/site-packages/airflow/example_dags/tutorial_dag.py
[2023-09-01T15:07:08.396+0000] {logging_mixin.py:151} INFO - [2023-09-01T15:07:08.396+0000] {dag.py:2907} INFO - Sync 1 DAGs
[2023-09-01T15:07:08.418+0000] {logging_mixin.py:151} INFO - [2023-09-01T15:07:08.417+0000] {dag.py:3677} INFO - Setting next_dagrun for tutorial_dag to None, run_after=None
[2023-09-01T15:07:08.448+0000] {processor.py:179} INFO - Processing /home/airflow/.local/lib/python3.8/site-packages/airflow/example_dags/tutorial_dag.py took 0.102 seconds
[2023-09-01T15:07:38.554+0000] {processor.py:157} INFO - Started process (PID=1903) to work on /home/airflow/.local/lib/python3.8/site-packages/airflow/example_dags/tutorial_dag.py
[2023-09-01T15:07:38.556+0000] {processor.py:829} INFO - Processing file /home/airflow/.local/lib/python3.8/site-packages/airflow/example_dags/tutorial_dag.py for tasks to queue
[2023-09-01T15:07:38.560+0000] {logging_mixin.py:151} INFO - [2023-09-01T15:07:38.559+0000] {dagbag.py:539} INFO - Filling up the DagBag from /home/airflow/.local/lib/python3.8/site-packages/airflow/example_dags/tutorial_dag.py
[2023-09-01T15:07:38.567+0000] {processor.py:839} INFO - DAG(s) dict_keys(['tutorial_dag']) retrieved from /home/airflow/.local/lib/python3.8/site-packages/airflow/example_dags/tutorial_dag.py
[2023-09-01T15:07:38.595+0000] {logging_mixin.py:151} INFO - [2023-09-01T15:07:38.595+0000] {dag.py:2907} INFO - Sync 1 DAGs
[2023-09-01T15:07:38.611+0000] {logging_mixin.py:151} INFO - [2023-09-01T15:07:38.611+0000] {dag.py:3677} INFO - Setting next_dagrun for tutorial_dag to None, run_after=None
[2023-09-01T15:07:38.630+0000] {processor.py:179} INFO - Processing /home/airflow/.local/lib/python3.8/site-packages/airflow/example_dags/tutorial_dag.py took 0.080 seconds
[2023-09-01T15:08:08.899+0000] {processor.py:157} INFO - Started process (PID=1957) to work on /home/airflow/.local/lib/python3.8/site-packages/airflow/example_dags/tutorial_dag.py
[2023-09-01T15:08:08.900+0000] {processor.py:829} INFO - Processing file /home/airflow/.local/lib/python3.8/site-packages/airflow/example_dags/tutorial_dag.py for tasks to queue
[2023-09-01T15:08:08.904+0000] {logging_mixin.py:151} INFO - [2023-09-01T15:08:08.903+0000] {dagbag.py:539} INFO - Filling up the DagBag from /home/airflow/.local/lib/python3.8/site-packages/airflow/example_dags/tutorial_dag.py
[2023-09-01T15:08:08.912+0000] {processor.py:839} INFO - DAG(s) dict_keys(['tutorial_dag']) retrieved from /home/airflow/.local/lib/python3.8/site-packages/airflow/example_dags/tutorial_dag.py
[2023-09-01T15:08:08.940+0000] {logging_mixin.py:151} INFO - [2023-09-01T15:08:08.940+0000] {dag.py:2907} INFO - Sync 1 DAGs
[2023-09-01T15:08:08.957+0000] {logging_mixin.py:151} INFO - [2023-09-01T15:08:08.957+0000] {dag.py:3677} INFO - Setting next_dagrun for tutorial_dag to None, run_after=None
[2023-09-01T15:08:08.983+0000] {processor.py:179} INFO - Processing /home/airflow/.local/lib/python3.8/site-packages/airflow/example_dags/tutorial_dag.py took 0.090 seconds
[2023-09-01T15:08:39.251+0000] {processor.py:157} INFO - Started process (PID=2011) to work on /home/airflow/.local/lib/python3.8/site-packages/airflow/example_dags/tutorial_dag.py
[2023-09-01T15:08:39.253+0000] {processor.py:829} INFO - Processing file /home/airflow/.local/lib/python3.8/site-packages/airflow/example_dags/tutorial_dag.py for tasks to queue
[2023-09-01T15:08:39.256+0000] {logging_mixin.py:151} INFO - [2023-09-01T15:08:39.255+0000] {dagbag.py:539} INFO - Filling up the DagBag from /home/airflow/.local/lib/python3.8/site-packages/airflow/example_dags/tutorial_dag.py
[2023-09-01T15:08:39.262+0000] {processor.py:839} INFO - DAG(s) dict_keys(['tutorial_dag']) retrieved from /home/airflow/.local/lib/python3.8/site-packages/airflow/example_dags/tutorial_dag.py
[2023-09-01T15:08:39.285+0000] {logging_mixin.py:151} INFO - [2023-09-01T15:08:39.285+0000] {dag.py:2907} INFO - Sync 1 DAGs
[2023-09-01T15:08:39.299+0000] {logging_mixin.py:151} INFO - [2023-09-01T15:08:39.299+0000] {dag.py:3677} INFO - Setting next_dagrun for tutorial_dag to None, run_after=None
[2023-09-01T15:08:39.317+0000] {processor.py:179} INFO - Processing /home/airflow/.local/lib/python3.8/site-packages/airflow/example_dags/tutorial_dag.py took 0.070 seconds
[2023-09-01T15:09:09.609+0000] {processor.py:157} INFO - Started process (PID=2065) to work on /home/airflow/.local/lib/python3.8/site-packages/airflow/example_dags/tutorial_dag.py
[2023-09-01T15:09:09.611+0000] {processor.py:829} INFO - Processing file /home/airflow/.local/lib/python3.8/site-packages/airflow/example_dags/tutorial_dag.py for tasks to queue
[2023-09-01T15:09:09.614+0000] {logging_mixin.py:151} INFO - [2023-09-01T15:09:09.614+0000] {dagbag.py:539} INFO - Filling up the DagBag from /home/airflow/.local/lib/python3.8/site-packages/airflow/example_dags/tutorial_dag.py
[2023-09-01T15:09:09.621+0000] {processor.py:839} INFO - DAG(s) dict_keys(['tutorial_dag']) retrieved from /home/airflow/.local/lib/python3.8/site-packages/airflow/example_dags/tutorial_dag.py
[2023-09-01T15:09:09.649+0000] {logging_mixin.py:151} INFO - [2023-09-01T15:09:09.649+0000] {dag.py:2907} INFO - Sync 1 DAGs
[2023-09-01T15:09:09.668+0000] {logging_mixin.py:151} INFO - [2023-09-01T15:09:09.668+0000] {dag.py:3677} INFO - Setting next_dagrun for tutorial_dag to None, run_after=None
[2023-09-01T15:09:09.684+0000] {processor.py:179} INFO - Processing /home/airflow/.local/lib/python3.8/site-packages/airflow/example_dags/tutorial_dag.py took 0.080 seconds
[2023-09-01T15:09:39.750+0000] {processor.py:157} INFO - Started process (PID=2119) to work on /home/airflow/.local/lib/python3.8/site-packages/airflow/example_dags/tutorial_dag.py
[2023-09-01T15:09:39.751+0000] {processor.py:829} INFO - Processing file /home/airflow/.local/lib/python3.8/site-packages/airflow/example_dags/tutorial_dag.py for tasks to queue
[2023-09-01T15:09:39.754+0000] {logging_mixin.py:151} INFO - [2023-09-01T15:09:39.754+0000] {dagbag.py:539} INFO - Filling up the DagBag from /home/airflow/.local/lib/python3.8/site-packages/airflow/example_dags/tutorial_dag.py
[2023-09-01T15:09:39.760+0000] {processor.py:839} INFO - DAG(s) dict_keys(['tutorial_dag']) retrieved from /home/airflow/.local/lib/python3.8/site-packages/airflow/example_dags/tutorial_dag.py
[2023-09-01T15:09:39.783+0000] {logging_mixin.py:151} INFO - [2023-09-01T15:09:39.783+0000] {dag.py:2907} INFO - Sync 1 DAGs
[2023-09-01T15:09:39.797+0000] {logging_mixin.py:151} INFO - [2023-09-01T15:09:39.797+0000] {dag.py:3677} INFO - Setting next_dagrun for tutorial_dag to None, run_after=None
[2023-09-01T15:09:39.818+0000] {processor.py:179} INFO - Processing /home/airflow/.local/lib/python3.8/site-packages/airflow/example_dags/tutorial_dag.py took 0.072 seconds
[2023-09-01T15:10:10.183+0000] {processor.py:157} INFO - Started process (PID=2173) to work on /home/airflow/.local/lib/python3.8/site-packages/airflow/example_dags/tutorial_dag.py
[2023-09-01T15:10:10.184+0000] {processor.py:829} INFO - Processing file /home/airflow/.local/lib/python3.8/site-packages/airflow/example_dags/tutorial_dag.py for tasks to queue
[2023-09-01T15:10:10.187+0000] {logging_mixin.py:151} INFO - [2023-09-01T15:10:10.187+0000] {dagbag.py:539} INFO - Filling up the DagBag from /home/airflow/.local/lib/python3.8/site-packages/airflow/example_dags/tutorial_dag.py
[2023-09-01T15:10:10.193+0000] {processor.py:839} INFO - DAG(s) dict_keys(['tutorial_dag']) retrieved from /home/airflow/.local/lib/python3.8/site-packages/airflow/example_dags/tutorial_dag.py
[2023-09-01T15:10:10.217+0000] {logging_mixin.py:151} INFO - [2023-09-01T15:10:10.217+0000] {dag.py:2907} INFO - Sync 1 DAGs
[2023-09-01T15:10:10.231+0000] {logging_mixin.py:151} INFO - [2023-09-01T15:10:10.231+0000] {dag.py:3677} INFO - Setting next_dagrun for tutorial_dag to None, run_after=None
[2023-09-01T15:10:10.248+0000] {processor.py:179} INFO - Processing /home/airflow/.local/lib/python3.8/site-packages/airflow/example_dags/tutorial_dag.py took 0.069 seconds
[2023-09-01T15:10:40.631+0000] {processor.py:157} INFO - Started process (PID=2227) to work on /home/airflow/.local/lib/python3.8/site-packages/airflow/example_dags/tutorial_dag.py
[2023-09-01T15:10:40.633+0000] {processor.py:829} INFO - Processing file /home/airflow/.local/lib/python3.8/site-packages/airflow/example_dags/tutorial_dag.py for tasks to queue
[2023-09-01T15:10:40.636+0000] {logging_mixin.py:151} INFO - [2023-09-01T15:10:40.636+0000] {dagbag.py:539} INFO - Filling up the DagBag from /home/airflow/.local/lib/python3.8/site-packages/airflow/example_dags/tutorial_dag.py
[2023-09-01T15:10:40.642+0000] {processor.py:839} INFO - DAG(s) dict_keys(['tutorial_dag']) retrieved from /home/airflow/.local/lib/python3.8/site-packages/airflow/example_dags/tutorial_dag.py
[2023-09-01T15:10:40.666+0000] {logging_mixin.py:151} INFO - [2023-09-01T15:10:40.666+0000] {dag.py:2907} INFO - Sync 1 DAGs
[2023-09-01T15:10:40.681+0000] {logging_mixin.py:151} INFO - [2023-09-01T15:10:40.681+0000] {dag.py:3677} INFO - Setting next_dagrun for tutorial_dag to None, run_after=None
[2023-09-01T15:10:40.700+0000] {processor.py:179} INFO - Processing /home/airflow/.local/lib/python3.8/site-packages/airflow/example_dags/tutorial_dag.py took 0.073 seconds
[2023-09-01T15:11:11.038+0000] {processor.py:157} INFO - Started process (PID=2281) to work on /home/airflow/.local/lib/python3.8/site-packages/airflow/example_dags/tutorial_dag.py
[2023-09-01T15:11:11.040+0000] {processor.py:829} INFO - Processing file /home/airflow/.local/lib/python3.8/site-packages/airflow/example_dags/tutorial_dag.py for tasks to queue
[2023-09-01T15:11:11.044+0000] {logging_mixin.py:151} INFO - [2023-09-01T15:11:11.044+0000] {dagbag.py:539} INFO - Filling up the DagBag from /home/airflow/.local/lib/python3.8/site-packages/airflow/example_dags/tutorial_dag.py
[2023-09-01T15:11:11.052+0000] {processor.py:839} INFO - DAG(s) dict_keys(['tutorial_dag']) retrieved from /home/airflow/.local/lib/python3.8/site-packages/airflow/example_dags/tutorial_dag.py
[2023-09-01T15:11:11.082+0000] {logging_mixin.py:151} INFO - [2023-09-01T15:11:11.082+0000] {dag.py:2907} INFO - Sync 1 DAGs
[2023-09-01T15:11:11.100+0000] {logging_mixin.py:151} INFO - [2023-09-01T15:11:11.100+0000] {dag.py:3677} INFO - Setting next_dagrun for tutorial_dag to None, run_after=None
[2023-09-01T15:11:11.126+0000] {processor.py:179} INFO - Processing /home/airflow/.local/lib/python3.8/site-packages/airflow/example_dags/tutorial_dag.py took 0.093 seconds
[2023-09-01T15:11:41.277+0000] {processor.py:157} INFO - Started process (PID=2335) to work on /home/airflow/.local/lib/python3.8/site-packages/airflow/example_dags/tutorial_dag.py
[2023-09-01T15:11:41.278+0000] {processor.py:829} INFO - Processing file /home/airflow/.local/lib/python3.8/site-packages/airflow/example_dags/tutorial_dag.py for tasks to queue
[2023-09-01T15:11:41.282+0000] {logging_mixin.py:151} INFO - [2023-09-01T15:11:41.281+0000] {dagbag.py:539} INFO - Filling up the DagBag from /home/airflow/.local/lib/python3.8/site-packages/airflow/example_dags/tutorial_dag.py
[2023-09-01T15:11:41.288+0000] {processor.py:839} INFO - DAG(s) dict_keys(['tutorial_dag']) retrieved from /home/airflow/.local/lib/python3.8/site-packages/airflow/example_dags/tutorial_dag.py
[2023-09-01T15:11:41.312+0000] {logging_mixin.py:151} INFO - [2023-09-01T15:11:41.312+0000] {dag.py:2907} INFO - Sync 1 DAGs
[2023-09-01T15:11:41.330+0000] {logging_mixin.py:151} INFO - [2023-09-01T15:11:41.330+0000] {dag.py:3677} INFO - Setting next_dagrun for tutorial_dag to None, run_after=None
[2023-09-01T15:11:41.356+0000] {processor.py:179} INFO - Processing /home/airflow/.local/lib/python3.8/site-packages/airflow/example_dags/tutorial_dag.py took 0.084 seconds
[2023-09-01T15:12:11.535+0000] {processor.py:157} INFO - Started process (PID=2389) to work on /home/airflow/.local/lib/python3.8/site-packages/airflow/example_dags/tutorial_dag.py
[2023-09-01T15:12:11.536+0000] {processor.py:829} INFO - Processing file /home/airflow/.local/lib/python3.8/site-packages/airflow/example_dags/tutorial_dag.py for tasks to queue
[2023-09-01T15:12:11.540+0000] {logging_mixin.py:151} INFO - [2023-09-01T15:12:11.539+0000] {dagbag.py:539} INFO - Filling up the DagBag from /home/airflow/.local/lib/python3.8/site-packages/airflow/example_dags/tutorial_dag.py
[2023-09-01T15:12:11.546+0000] {processor.py:839} INFO - DAG(s) dict_keys(['tutorial_dag']) retrieved from /home/airflow/.local/lib/python3.8/site-packages/airflow/example_dags/tutorial_dag.py
[2023-09-01T15:12:11.570+0000] {logging_mixin.py:151} INFO - [2023-09-01T15:12:11.569+0000] {dag.py:2907} INFO - Sync 1 DAGs
[2023-09-01T15:12:11.584+0000] {logging_mixin.py:151} INFO - [2023-09-01T15:12:11.584+0000] {dag.py:3677} INFO - Setting next_dagrun for tutorial_dag to None, run_after=None
[2023-09-01T15:12:11.603+0000] {processor.py:179} INFO - Processing /home/airflow/.local/lib/python3.8/site-packages/airflow/example_dags/tutorial_dag.py took 0.073 seconds
[2023-09-01T15:12:41.658+0000] {processor.py:157} INFO - Started process (PID=2443) to work on /home/airflow/.local/lib/python3.8/site-packages/airflow/example_dags/tutorial_dag.py
[2023-09-01T15:12:41.659+0000] {processor.py:829} INFO - Processing file /home/airflow/.local/lib/python3.8/site-packages/airflow/example_dags/tutorial_dag.py for tasks to queue
[2023-09-01T15:12:41.663+0000] {logging_mixin.py:151} INFO - [2023-09-01T15:12:41.663+0000] {dagbag.py:539} INFO - Filling up the DagBag from /home/airflow/.local/lib/python3.8/site-packages/airflow/example_dags/tutorial_dag.py
[2023-09-01T15:12:41.669+0000] {processor.py:839} INFO - DAG(s) dict_keys(['tutorial_dag']) retrieved from /home/airflow/.local/lib/python3.8/site-packages/airflow/example_dags/tutorial_dag.py
[2023-09-01T15:12:41.694+0000] {logging_mixin.py:151} INFO - [2023-09-01T15:12:41.694+0000] {dag.py:2907} INFO - Sync 1 DAGs
[2023-09-01T15:12:41.710+0000] {logging_mixin.py:151} INFO - [2023-09-01T15:12:41.709+0000] {dag.py:3677} INFO - Setting next_dagrun for tutorial_dag to None, run_after=None
[2023-09-01T15:12:41.730+0000] {processor.py:179} INFO - Processing /home/airflow/.local/lib/python3.8/site-packages/airflow/example_dags/tutorial_dag.py took 0.077 seconds
[2023-09-01T15:13:12.017+0000] {processor.py:157} INFO - Started process (PID=2497) to work on /home/airflow/.local/lib/python3.8/site-packages/airflow/example_dags/tutorial_dag.py
[2023-09-01T15:13:12.018+0000] {processor.py:829} INFO - Processing file /home/airflow/.local/lib/python3.8/site-packages/airflow/example_dags/tutorial_dag.py for tasks to queue
[2023-09-01T15:13:12.023+0000] {logging_mixin.py:151} INFO - [2023-09-01T15:13:12.022+0000] {dagbag.py:539} INFO - Filling up the DagBag from /home/airflow/.local/lib/python3.8/site-packages/airflow/example_dags/tutorial_dag.py
[2023-09-01T15:13:12.029+0000] {processor.py:839} INFO - DAG(s) dict_keys(['tutorial_dag']) retrieved from /home/airflow/.local/lib/python3.8/site-packages/airflow/example_dags/tutorial_dag.py
[2023-09-01T15:13:12.056+0000] {logging_mixin.py:151} INFO - [2023-09-01T15:13:12.056+0000] {dag.py:2907} INFO - Sync 1 DAGs
[2023-09-01T15:13:12.072+0000] {logging_mixin.py:151} INFO - [2023-09-01T15:13:12.072+0000] {dag.py:3677} INFO - Setting next_dagrun for tutorial_dag to None, run_after=None
[2023-09-01T15:13:12.094+0000] {processor.py:179} INFO - Processing /home/airflow/.local/lib/python3.8/site-packages/airflow/example_dags/tutorial_dag.py took 0.082 seconds
[2023-09-01T15:13:42.813+0000] {processor.py:157} INFO - Started process (PID=2551) to work on /home/airflow/.local/lib/python3.8/site-packages/airflow/example_dags/tutorial_dag.py
[2023-09-01T15:13:42.814+0000] {processor.py:829} INFO - Processing file /home/airflow/.local/lib/python3.8/site-packages/airflow/example_dags/tutorial_dag.py for tasks to queue
[2023-09-01T15:13:42.818+0000] {logging_mixin.py:151} INFO - [2023-09-01T15:13:42.817+0000] {dagbag.py:539} INFO - Filling up the DagBag from /home/airflow/.local/lib/python3.8/site-packages/airflow/example_dags/tutorial_dag.py
[2023-09-01T15:13:42.824+0000] {processor.py:839} INFO - DAG(s) dict_keys(['tutorial_dag']) retrieved from /home/airflow/.local/lib/python3.8/site-packages/airflow/example_dags/tutorial_dag.py
[2023-09-01T15:13:42.848+0000] {logging_mixin.py:151} INFO - [2023-09-01T15:13:42.847+0000] {dag.py:2907} INFO - Sync 1 DAGs
[2023-09-01T15:13:42.863+0000] {logging_mixin.py:151} INFO - [2023-09-01T15:13:42.863+0000] {dag.py:3677} INFO - Setting next_dagrun for tutorial_dag to None, run_after=None
[2023-09-01T15:13:42.882+0000] {processor.py:179} INFO - Processing /home/airflow/.local/lib/python3.8/site-packages/airflow/example_dags/tutorial_dag.py took 0.074 seconds
[2023-09-01T15:14:12.949+0000] {processor.py:157} INFO - Started process (PID=2605) to work on /home/airflow/.local/lib/python3.8/site-packages/airflow/example_dags/tutorial_dag.py
[2023-09-01T15:14:12.950+0000] {processor.py:829} INFO - Processing file /home/airflow/.local/lib/python3.8/site-packages/airflow/example_dags/tutorial_dag.py for tasks to queue
[2023-09-01T15:14:12.953+0000] {logging_mixin.py:151} INFO - [2023-09-01T15:14:12.953+0000] {dagbag.py:539} INFO - Filling up the DagBag from /home/airflow/.local/lib/python3.8/site-packages/airflow/example_dags/tutorial_dag.py
[2023-09-01T15:14:12.959+0000] {processor.py:839} INFO - DAG(s) dict_keys(['tutorial_dag']) retrieved from /home/airflow/.local/lib/python3.8/site-packages/airflow/example_dags/tutorial_dag.py
[2023-09-01T15:14:12.983+0000] {logging_mixin.py:151} INFO - [2023-09-01T15:14:12.982+0000] {dag.py:2907} INFO - Sync 1 DAGs
[2023-09-01T15:14:12.997+0000] {logging_mixin.py:151} INFO - [2023-09-01T15:14:12.997+0000] {dag.py:3677} INFO - Setting next_dagrun for tutorial_dag to None, run_after=None
[2023-09-01T15:14:13.016+0000] {processor.py:179} INFO - Processing /home/airflow/.local/lib/python3.8/site-packages/airflow/example_dags/tutorial_dag.py took 0.072 seconds
[2023-09-01T15:14:43.911+0000] {processor.py:157} INFO - Started process (PID=2659) to work on /home/airflow/.local/lib/python3.8/site-packages/airflow/example_dags/tutorial_dag.py
[2023-09-01T15:14:43.912+0000] {processor.py:829} INFO - Processing file /home/airflow/.local/lib/python3.8/site-packages/airflow/example_dags/tutorial_dag.py for tasks to queue
[2023-09-01T15:14:43.915+0000] {logging_mixin.py:151} INFO - [2023-09-01T15:14:43.915+0000] {dagbag.py:539} INFO - Filling up the DagBag from /home/airflow/.local/lib/python3.8/site-packages/airflow/example_dags/tutorial_dag.py
[2023-09-01T15:14:43.921+0000] {processor.py:839} INFO - DAG(s) dict_keys(['tutorial_dag']) retrieved from /home/airflow/.local/lib/python3.8/site-packages/airflow/example_dags/tutorial_dag.py
[2023-09-01T15:14:43.944+0000] {logging_mixin.py:151} INFO - [2023-09-01T15:14:43.944+0000] {dag.py:2907} INFO - Sync 1 DAGs
[2023-09-01T15:14:43.958+0000] {logging_mixin.py:151} INFO - [2023-09-01T15:14:43.958+0000] {dag.py:3677} INFO - Setting next_dagrun for tutorial_dag to None, run_after=None
[2023-09-01T15:14:43.978+0000] {processor.py:179} INFO - Processing /home/airflow/.local/lib/python3.8/site-packages/airflow/example_dags/tutorial_dag.py took 0.071 seconds
[2023-09-01T15:15:14.945+0000] {processor.py:157} INFO - Started process (PID=2713) to work on /home/airflow/.local/lib/python3.8/site-packages/airflow/example_dags/tutorial_dag.py
[2023-09-01T15:15:14.946+0000] {processor.py:829} INFO - Processing file /home/airflow/.local/lib/python3.8/site-packages/airflow/example_dags/tutorial_dag.py for tasks to queue
[2023-09-01T15:15:14.950+0000] {logging_mixin.py:151} INFO - [2023-09-01T15:15:14.949+0000] {dagbag.py:539} INFO - Filling up the DagBag from /home/airflow/.local/lib/python3.8/site-packages/airflow/example_dags/tutorial_dag.py
[2023-09-01T15:15:14.956+0000] {processor.py:839} INFO - DAG(s) dict_keys(['tutorial_dag']) retrieved from /home/airflow/.local/lib/python3.8/site-packages/airflow/example_dags/tutorial_dag.py
[2023-09-01T15:15:14.982+0000] {logging_mixin.py:151} INFO - [2023-09-01T15:15:14.982+0000] {dag.py:2907} INFO - Sync 1 DAGs
[2023-09-01T15:15:14.999+0000] {logging_mixin.py:151} INFO - [2023-09-01T15:15:14.999+0000] {dag.py:3677} INFO - Setting next_dagrun for tutorial_dag to None, run_after=None
[2023-09-01T15:15:15.020+0000] {processor.py:179} INFO - Processing /home/airflow/.local/lib/python3.8/site-packages/airflow/example_dags/tutorial_dag.py took 0.079 seconds
[2023-09-01T15:15:45.272+0000] {processor.py:157} INFO - Started process (PID=2767) to work on /home/airflow/.local/lib/python3.8/site-packages/airflow/example_dags/tutorial_dag.py
[2023-09-01T15:15:45.273+0000] {processor.py:829} INFO - Processing file /home/airflow/.local/lib/python3.8/site-packages/airflow/example_dags/tutorial_dag.py for tasks to queue
[2023-09-01T15:15:45.276+0000] {logging_mixin.py:151} INFO - [2023-09-01T15:15:45.276+0000] {dagbag.py:539} INFO - Filling up the DagBag from /home/airflow/.local/lib/python3.8/site-packages/airflow/example_dags/tutorial_dag.py
[2023-09-01T15:15:45.282+0000] {processor.py:839} INFO - DAG(s) dict_keys(['tutorial_dag']) retrieved from /home/airflow/.local/lib/python3.8/site-packages/airflow/example_dags/tutorial_dag.py
[2023-09-01T15:15:45.305+0000] {logging_mixin.py:151} INFO - [2023-09-01T15:15:45.305+0000] {dag.py:2907} INFO - Sync 1 DAGs
[2023-09-01T15:15:45.319+0000] {logging_mixin.py:151} INFO - [2023-09-01T15:15:45.319+0000] {dag.py:3677} INFO - Setting next_dagrun for tutorial_dag to None, run_after=None
[2023-09-01T15:15:45.336+0000] {processor.py:179} INFO - Processing /home/airflow/.local/lib/python3.8/site-packages/airflow/example_dags/tutorial_dag.py took 0.069 seconds
[2023-09-01T15:16:15.448+0000] {processor.py:157} INFO - Started process (PID=2821) to work on /home/airflow/.local/lib/python3.8/site-packages/airflow/example_dags/tutorial_dag.py
[2023-09-01T15:16:15.449+0000] {processor.py:829} INFO - Processing file /home/airflow/.local/lib/python3.8/site-packages/airflow/example_dags/tutorial_dag.py for tasks to queue
[2023-09-01T15:16:15.453+0000] {logging_mixin.py:151} INFO - [2023-09-01T15:16:15.452+0000] {dagbag.py:539} INFO - Filling up the DagBag from /home/airflow/.local/lib/python3.8/site-packages/airflow/example_dags/tutorial_dag.py
[2023-09-01T15:16:15.459+0000] {processor.py:839} INFO - DAG(s) dict_keys(['tutorial_dag']) retrieved from /home/airflow/.local/lib/python3.8/site-packages/airflow/example_dags/tutorial_dag.py
[2023-09-01T15:16:15.484+0000] {logging_mixin.py:151} INFO - [2023-09-01T15:16:15.484+0000] {dag.py:2907} INFO - Sync 1 DAGs
[2023-09-01T15:16:15.500+0000] {logging_mixin.py:151} INFO - [2023-09-01T15:16:15.500+0000] {dag.py:3677} INFO - Setting next_dagrun for tutorial_dag to None, run_after=None
[2023-09-01T15:16:15.520+0000] {processor.py:179} INFO - Processing /home/airflow/.local/lib/python3.8/site-packages/airflow/example_dags/tutorial_dag.py took 0.076 seconds
[2023-09-01T15:16:45.914+0000] {processor.py:157} INFO - Started process (PID=2876) to work on /home/airflow/.local/lib/python3.8/site-packages/airflow/example_dags/tutorial_dag.py
[2023-09-01T15:16:45.916+0000] {processor.py:829} INFO - Processing file /home/airflow/.local/lib/python3.8/site-packages/airflow/example_dags/tutorial_dag.py for tasks to queue
[2023-09-01T15:16:45.919+0000] {logging_mixin.py:151} INFO - [2023-09-01T15:16:45.919+0000] {dagbag.py:539} INFO - Filling up the DagBag from /home/airflow/.local/lib/python3.8/site-packages/airflow/example_dags/tutorial_dag.py
[2023-09-01T15:16:45.925+0000] {processor.py:839} INFO - DAG(s) dict_keys(['tutorial_dag']) retrieved from /home/airflow/.local/lib/python3.8/site-packages/airflow/example_dags/tutorial_dag.py
[2023-09-01T15:16:45.952+0000] {logging_mixin.py:151} INFO - [2023-09-01T15:16:45.952+0000] {dag.py:2907} INFO - Sync 1 DAGs
[2023-09-01T15:16:45.966+0000] {logging_mixin.py:151} INFO - [2023-09-01T15:16:45.966+0000] {dag.py:3677} INFO - Setting next_dagrun for tutorial_dag to None, run_after=None
[2023-09-01T15:16:45.984+0000] {processor.py:179} INFO - Processing /home/airflow/.local/lib/python3.8/site-packages/airflow/example_dags/tutorial_dag.py took 0.075 seconds
[2023-09-01T15:17:16.476+0000] {processor.py:157} INFO - Started process (PID=2931) to work on /home/airflow/.local/lib/python3.8/site-packages/airflow/example_dags/tutorial_dag.py
[2023-09-01T15:17:16.478+0000] {processor.py:829} INFO - Processing file /home/airflow/.local/lib/python3.8/site-packages/airflow/example_dags/tutorial_dag.py for tasks to queue
[2023-09-01T15:17:16.481+0000] {logging_mixin.py:151} INFO - [2023-09-01T15:17:16.480+0000] {dagbag.py:539} INFO - Filling up the DagBag from /home/airflow/.local/lib/python3.8/site-packages/airflow/example_dags/tutorial_dag.py
[2023-09-01T15:17:16.486+0000] {processor.py:839} INFO - DAG(s) dict_keys(['tutorial_dag']) retrieved from /home/airflow/.local/lib/python3.8/site-packages/airflow/example_dags/tutorial_dag.py
[2023-09-01T15:17:16.513+0000] {logging_mixin.py:151} INFO - [2023-09-01T15:17:16.513+0000] {dag.py:2907} INFO - Sync 1 DAGs
[2023-09-01T15:17:16.528+0000] {logging_mixin.py:151} INFO - [2023-09-01T15:17:16.528+0000] {dag.py:3677} INFO - Setting next_dagrun for tutorial_dag to None, run_after=None
[2023-09-01T15:17:16.549+0000] {processor.py:179} INFO - Processing /home/airflow/.local/lib/python3.8/site-packages/airflow/example_dags/tutorial_dag.py took 0.077 seconds
[2023-09-01T15:17:46.866+0000] {processor.py:157} INFO - Started process (PID=2985) to work on /home/airflow/.local/lib/python3.8/site-packages/airflow/example_dags/tutorial_dag.py
[2023-09-01T15:17:46.867+0000] {processor.py:829} INFO - Processing file /home/airflow/.local/lib/python3.8/site-packages/airflow/example_dags/tutorial_dag.py for tasks to queue
[2023-09-01T15:17:46.870+0000] {logging_mixin.py:151} INFO - [2023-09-01T15:17:46.870+0000] {dagbag.py:539} INFO - Filling up the DagBag from /home/airflow/.local/lib/python3.8/site-packages/airflow/example_dags/tutorial_dag.py
[2023-09-01T15:17:46.876+0000] {processor.py:839} INFO - DAG(s) dict_keys(['tutorial_dag']) retrieved from /home/airflow/.local/lib/python3.8/site-packages/airflow/example_dags/tutorial_dag.py
[2023-09-01T15:17:46.899+0000] {logging_mixin.py:151} INFO - [2023-09-01T15:17:46.899+0000] {dag.py:2907} INFO - Sync 1 DAGs
[2023-09-01T15:17:46.913+0000] {logging_mixin.py:151} INFO - [2023-09-01T15:17:46.913+0000] {dag.py:3677} INFO - Setting next_dagrun for tutorial_dag to None, run_after=None
[2023-09-01T15:17:46.934+0000] {processor.py:179} INFO - Processing /home/airflow/.local/lib/python3.8/site-packages/airflow/example_dags/tutorial_dag.py took 0.073 seconds
[2023-09-01T15:18:17.913+0000] {processor.py:157} INFO - Started process (PID=3039) to work on /home/airflow/.local/lib/python3.8/site-packages/airflow/example_dags/tutorial_dag.py
[2023-09-01T15:18:17.914+0000] {processor.py:829} INFO - Processing file /home/airflow/.local/lib/python3.8/site-packages/airflow/example_dags/tutorial_dag.py for tasks to queue
[2023-09-01T15:18:17.917+0000] {logging_mixin.py:151} INFO - [2023-09-01T15:18:17.917+0000] {dagbag.py:539} INFO - Filling up the DagBag from /home/airflow/.local/lib/python3.8/site-packages/airflow/example_dags/tutorial_dag.py
[2023-09-01T15:18:17.923+0000] {processor.py:839} INFO - DAG(s) dict_keys(['tutorial_dag']) retrieved from /home/airflow/.local/lib/python3.8/site-packages/airflow/example_dags/tutorial_dag.py
[2023-09-01T15:18:17.947+0000] {logging_mixin.py:151} INFO - [2023-09-01T15:18:17.947+0000] {dag.py:2907} INFO - Sync 1 DAGs
[2023-09-01T15:18:17.964+0000] {logging_mixin.py:151} INFO - [2023-09-01T15:18:17.964+0000] {dag.py:3677} INFO - Setting next_dagrun for tutorial_dag to None, run_after=None
[2023-09-01T15:18:17.988+0000] {processor.py:179} INFO - Processing /home/airflow/.local/lib/python3.8/site-packages/airflow/example_dags/tutorial_dag.py took 0.080 seconds
[2023-09-01T15:18:48.674+0000] {processor.py:157} INFO - Started process (PID=3093) to work on /home/airflow/.local/lib/python3.8/site-packages/airflow/example_dags/tutorial_dag.py
[2023-09-01T15:18:48.675+0000] {processor.py:829} INFO - Processing file /home/airflow/.local/lib/python3.8/site-packages/airflow/example_dags/tutorial_dag.py for tasks to queue
[2023-09-01T15:18:48.678+0000] {logging_mixin.py:151} INFO - [2023-09-01T15:18:48.678+0000] {dagbag.py:539} INFO - Filling up the DagBag from /home/airflow/.local/lib/python3.8/site-packages/airflow/example_dags/tutorial_dag.py
[2023-09-01T15:18:48.685+0000] {processor.py:839} INFO - DAG(s) dict_keys(['tutorial_dag']) retrieved from /home/airflow/.local/lib/python3.8/site-packages/airflow/example_dags/tutorial_dag.py
[2023-09-01T15:18:48.709+0000] {logging_mixin.py:151} INFO - [2023-09-01T15:18:48.709+0000] {dag.py:2907} INFO - Sync 1 DAGs
[2023-09-01T15:18:48.725+0000] {logging_mixin.py:151} INFO - [2023-09-01T15:18:48.725+0000] {dag.py:3677} INFO - Setting next_dagrun for tutorial_dag to None, run_after=None
[2023-09-01T15:18:48.746+0000] {processor.py:179} INFO - Processing /home/airflow/.local/lib/python3.8/site-packages/airflow/example_dags/tutorial_dag.py took 0.077 seconds
[2023-09-01T15:19:19.212+0000] {processor.py:157} INFO - Started process (PID=3147) to work on /home/airflow/.local/lib/python3.8/site-packages/airflow/example_dags/tutorial_dag.py
[2023-09-01T15:19:19.213+0000] {processor.py:829} INFO - Processing file /home/airflow/.local/lib/python3.8/site-packages/airflow/example_dags/tutorial_dag.py for tasks to queue
[2023-09-01T15:19:19.216+0000] {logging_mixin.py:151} INFO - [2023-09-01T15:19:19.216+0000] {dagbag.py:539} INFO - Filling up the DagBag from /home/airflow/.local/lib/python3.8/site-packages/airflow/example_dags/tutorial_dag.py
[2023-09-01T15:19:19.222+0000] {processor.py:839} INFO - DAG(s) dict_keys(['tutorial_dag']) retrieved from /home/airflow/.local/lib/python3.8/site-packages/airflow/example_dags/tutorial_dag.py
[2023-09-01T15:19:19.247+0000] {logging_mixin.py:151} INFO - [2023-09-01T15:19:19.247+0000] {dag.py:2907} INFO - Sync 1 DAGs
[2023-09-01T15:19:19.262+0000] {logging_mixin.py:151} INFO - [2023-09-01T15:19:19.262+0000] {dag.py:3677} INFO - Setting next_dagrun for tutorial_dag to None, run_after=None
[2023-09-01T15:19:19.282+0000] {processor.py:179} INFO - Processing /home/airflow/.local/lib/python3.8/site-packages/airflow/example_dags/tutorial_dag.py took 0.075 seconds
[2023-09-01T15:19:49.814+0000] {processor.py:157} INFO - Started process (PID=3201) to work on /home/airflow/.local/lib/python3.8/site-packages/airflow/example_dags/tutorial_dag.py
[2023-09-01T15:19:49.815+0000] {processor.py:829} INFO - Processing file /home/airflow/.local/lib/python3.8/site-packages/airflow/example_dags/tutorial_dag.py for tasks to queue
[2023-09-01T15:19:49.819+0000] {logging_mixin.py:151} INFO - [2023-09-01T15:19:49.818+0000] {dagbag.py:539} INFO - Filling up the DagBag from /home/airflow/.local/lib/python3.8/site-packages/airflow/example_dags/tutorial_dag.py
[2023-09-01T15:19:49.825+0000] {processor.py:839} INFO - DAG(s) dict_keys(['tutorial_dag']) retrieved from /home/airflow/.local/lib/python3.8/site-packages/airflow/example_dags/tutorial_dag.py
[2023-09-01T15:19:49.849+0000] {logging_mixin.py:151} INFO - [2023-09-01T15:19:49.849+0000] {dag.py:2907} INFO - Sync 1 DAGs
[2023-09-01T15:19:49.863+0000] {logging_mixin.py:151} INFO - [2023-09-01T15:19:49.863+0000] {dag.py:3677} INFO - Setting next_dagrun for tutorial_dag to None, run_after=None
[2023-09-01T15:19:49.881+0000] {processor.py:179} INFO - Processing /home/airflow/.local/lib/python3.8/site-packages/airflow/example_dags/tutorial_dag.py took 0.072 seconds
[2023-09-01T15:20:20.256+0000] {processor.py:157} INFO - Started process (PID=3255) to work on /home/airflow/.local/lib/python3.8/site-packages/airflow/example_dags/tutorial_dag.py
[2023-09-01T15:20:20.258+0000] {processor.py:829} INFO - Processing file /home/airflow/.local/lib/python3.8/site-packages/airflow/example_dags/tutorial_dag.py for tasks to queue
[2023-09-01T15:20:20.261+0000] {logging_mixin.py:151} INFO - [2023-09-01T15:20:20.261+0000] {dagbag.py:539} INFO - Filling up the DagBag from /home/airflow/.local/lib/python3.8/site-packages/airflow/example_dags/tutorial_dag.py
[2023-09-01T15:20:20.267+0000] {processor.py:839} INFO - DAG(s) dict_keys(['tutorial_dag']) retrieved from /home/airflow/.local/lib/python3.8/site-packages/airflow/example_dags/tutorial_dag.py
[2023-09-01T15:20:20.290+0000] {logging_mixin.py:151} INFO - [2023-09-01T15:20:20.289+0000] {dag.py:2907} INFO - Sync 1 DAGs
[2023-09-01T15:20:20.304+0000] {logging_mixin.py:151} INFO - [2023-09-01T15:20:20.304+0000] {dag.py:3677} INFO - Setting next_dagrun for tutorial_dag to None, run_after=None
[2023-09-01T15:20:20.323+0000] {processor.py:179} INFO - Processing /home/airflow/.local/lib/python3.8/site-packages/airflow/example_dags/tutorial_dag.py took 0.071 seconds
[2023-09-01T15:20:50.872+0000] {processor.py:157} INFO - Started process (PID=3309) to work on /home/airflow/.local/lib/python3.8/site-packages/airflow/example_dags/tutorial_dag.py
[2023-09-01T15:20:50.873+0000] {processor.py:829} INFO - Processing file /home/airflow/.local/lib/python3.8/site-packages/airflow/example_dags/tutorial_dag.py for tasks to queue
[2023-09-01T15:20:50.876+0000] {logging_mixin.py:151} INFO - [2023-09-01T15:20:50.876+0000] {dagbag.py:539} INFO - Filling up the DagBag from /home/airflow/.local/lib/python3.8/site-packages/airflow/example_dags/tutorial_dag.py
[2023-09-01T15:20:50.883+0000] {processor.py:839} INFO - DAG(s) dict_keys(['tutorial_dag']) retrieved from /home/airflow/.local/lib/python3.8/site-packages/airflow/example_dags/tutorial_dag.py
[2023-09-01T15:20:50.907+0000] {logging_mixin.py:151} INFO - [2023-09-01T15:20:50.907+0000] {dag.py:2907} INFO - Sync 1 DAGs
[2023-09-01T15:20:50.923+0000] {logging_mixin.py:151} INFO - [2023-09-01T15:20:50.923+0000] {dag.py:3677} INFO - Setting next_dagrun for tutorial_dag to None, run_after=None
[2023-09-01T15:20:50.939+0000] {processor.py:179} INFO - Processing /home/airflow/.local/lib/python3.8/site-packages/airflow/example_dags/tutorial_dag.py took 0.072 seconds
[2023-09-01T15:21:21.475+0000] {processor.py:157} INFO - Started process (PID=3363) to work on /home/airflow/.local/lib/python3.8/site-packages/airflow/example_dags/tutorial_dag.py
[2023-09-01T15:21:21.476+0000] {processor.py:829} INFO - Processing file /home/airflow/.local/lib/python3.8/site-packages/airflow/example_dags/tutorial_dag.py for tasks to queue
[2023-09-01T15:21:21.480+0000] {logging_mixin.py:151} INFO - [2023-09-01T15:21:21.479+0000] {dagbag.py:539} INFO - Filling up the DagBag from /home/airflow/.local/lib/python3.8/site-packages/airflow/example_dags/tutorial_dag.py
[2023-09-01T15:21:21.486+0000] {processor.py:839} INFO - DAG(s) dict_keys(['tutorial_dag']) retrieved from /home/airflow/.local/lib/python3.8/site-packages/airflow/example_dags/tutorial_dag.py
[2023-09-01T15:21:21.510+0000] {logging_mixin.py:151} INFO - [2023-09-01T15:21:21.510+0000] {dag.py:2907} INFO - Sync 1 DAGs
[2023-09-01T15:21:21.525+0000] {logging_mixin.py:151} INFO - [2023-09-01T15:21:21.525+0000] {dag.py:3677} INFO - Setting next_dagrun for tutorial_dag to None, run_after=None
[2023-09-01T15:21:21.545+0000] {processor.py:179} INFO - Processing /home/airflow/.local/lib/python3.8/site-packages/airflow/example_dags/tutorial_dag.py took 0.075 seconds
