[2023-09-01T14:50:12.173+0000] {processor.py:157} INFO - Started process (PID=39) to work on /home/airflow/.local/lib/python3.8/site-packages/airflow/example_dags/tutorial_taskflow_api.py
[2023-09-01T14:50:12.176+0000] {processor.py:829} INFO - Processing file /home/airflow/.local/lib/python3.8/site-packages/airflow/example_dags/tutorial_taskflow_api.py for tasks to queue
[2023-09-01T14:50:12.181+0000] {logging_mixin.py:151} INFO - [2023-09-01T14:50:12.180+0000] {dagbag.py:539} INFO - Filling up the DagBag from /home/airflow/.local/lib/python3.8/site-packages/airflow/example_dags/tutorial_taskflow_api.py
[2023-09-01T14:50:12.200+0000] {processor.py:839} INFO - DAG(s) dict_keys(['tutorial_taskflow_api']) retrieved from /home/airflow/.local/lib/python3.8/site-packages/airflow/example_dags/tutorial_taskflow_api.py
[2023-09-01T14:50:12.519+0000] {logging_mixin.py:151} INFO - [2023-09-01T14:50:12.519+0000] {manager.py:501} INFO - Created Permission View: can read on DAG:tutorial_taskflow_api
[2023-09-01T14:50:12.533+0000] {logging_mixin.py:151} INFO - [2023-09-01T14:50:12.533+0000] {manager.py:501} INFO - Created Permission View: can edit on DAG:tutorial_taskflow_api
[2023-09-01T14:50:12.546+0000] {logging_mixin.py:151} INFO - [2023-09-01T14:50:12.545+0000] {manager.py:501} INFO - Created Permission View: can delete on DAG:tutorial_taskflow_api
[2023-09-01T14:50:12.569+0000] {logging_mixin.py:151} INFO - [2023-09-01T14:50:12.569+0000] {dag.py:2907} INFO - Sync 1 DAGs
[2023-09-01T14:50:12.587+0000] {logging_mixin.py:151} INFO - [2023-09-01T14:50:12.587+0000] {dag.py:2929} INFO - Creating ORM DAG for tutorial_taskflow_api
[2023-09-01T14:50:12.589+0000] {logging_mixin.py:151} INFO - [2023-09-01T14:50:12.589+0000] {dag.py:3677} INFO - Setting next_dagrun for tutorial_taskflow_api to None, run_after=None
[2023-09-01T14:50:12.633+0000] {processor.py:179} INFO - Processing /home/airflow/.local/lib/python3.8/site-packages/airflow/example_dags/tutorial_taskflow_api.py took 0.468 seconds
[2023-09-01T14:50:43.273+0000] {processor.py:157} INFO - Started process (PID=92) to work on /home/airflow/.local/lib/python3.8/site-packages/airflow/example_dags/tutorial_taskflow_api.py
[2023-09-01T14:50:43.274+0000] {processor.py:829} INFO - Processing file /home/airflow/.local/lib/python3.8/site-packages/airflow/example_dags/tutorial_taskflow_api.py for tasks to queue
[2023-09-01T14:50:43.278+0000] {logging_mixin.py:151} INFO - [2023-09-01T14:50:43.277+0000] {dagbag.py:539} INFO - Filling up the DagBag from /home/airflow/.local/lib/python3.8/site-packages/airflow/example_dags/tutorial_taskflow_api.py
[2023-09-01T14:50:43.286+0000] {processor.py:839} INFO - DAG(s) dict_keys(['tutorial_taskflow_api']) retrieved from /home/airflow/.local/lib/python3.8/site-packages/airflow/example_dags/tutorial_taskflow_api.py
[2023-09-01T14:50:43.313+0000] {logging_mixin.py:151} INFO - [2023-09-01T14:50:43.313+0000] {dag.py:2907} INFO - Sync 1 DAGs
[2023-09-01T14:50:43.330+0000] {logging_mixin.py:151} INFO - [2023-09-01T14:50:43.329+0000] {dag.py:3677} INFO - Setting next_dagrun for tutorial_taskflow_api to None, run_after=None
[2023-09-01T14:50:43.351+0000] {processor.py:179} INFO - Processing /home/airflow/.local/lib/python3.8/site-packages/airflow/example_dags/tutorial_taskflow_api.py took 0.083 seconds
[2023-09-01T14:51:13.436+0000] {processor.py:157} INFO - Started process (PID=146) to work on /home/airflow/.local/lib/python3.8/site-packages/airflow/example_dags/tutorial_taskflow_api.py
[2023-09-01T14:51:13.437+0000] {processor.py:829} INFO - Processing file /home/airflow/.local/lib/python3.8/site-packages/airflow/example_dags/tutorial_taskflow_api.py for tasks to queue
[2023-09-01T14:51:13.441+0000] {logging_mixin.py:151} INFO - [2023-09-01T14:51:13.440+0000] {dagbag.py:539} INFO - Filling up the DagBag from /home/airflow/.local/lib/python3.8/site-packages/airflow/example_dags/tutorial_taskflow_api.py
[2023-09-01T14:51:13.449+0000] {processor.py:839} INFO - DAG(s) dict_keys(['tutorial_taskflow_api']) retrieved from /home/airflow/.local/lib/python3.8/site-packages/airflow/example_dags/tutorial_taskflow_api.py
[2023-09-01T14:51:13.475+0000] {logging_mixin.py:151} INFO - [2023-09-01T14:51:13.475+0000] {dag.py:2907} INFO - Sync 1 DAGs
[2023-09-01T14:51:13.492+0000] {logging_mixin.py:151} INFO - [2023-09-01T14:51:13.491+0000] {dag.py:3677} INFO - Setting next_dagrun for tutorial_taskflow_api to None, run_after=None
[2023-09-01T14:51:13.513+0000] {processor.py:179} INFO - Processing /home/airflow/.local/lib/python3.8/site-packages/airflow/example_dags/tutorial_taskflow_api.py took 0.082 seconds
[2023-09-01T14:51:43.900+0000] {processor.py:157} INFO - Started process (PID=200) to work on /home/airflow/.local/lib/python3.8/site-packages/airflow/example_dags/tutorial_taskflow_api.py
[2023-09-01T14:51:43.902+0000] {processor.py:829} INFO - Processing file /home/airflow/.local/lib/python3.8/site-packages/airflow/example_dags/tutorial_taskflow_api.py for tasks to queue
[2023-09-01T14:51:43.906+0000] {logging_mixin.py:151} INFO - [2023-09-01T14:51:43.905+0000] {dagbag.py:539} INFO - Filling up the DagBag from /home/airflow/.local/lib/python3.8/site-packages/airflow/example_dags/tutorial_taskflow_api.py
[2023-09-01T14:51:43.915+0000] {processor.py:839} INFO - DAG(s) dict_keys(['tutorial_taskflow_api']) retrieved from /home/airflow/.local/lib/python3.8/site-packages/airflow/example_dags/tutorial_taskflow_api.py
[2023-09-01T14:51:43.944+0000] {logging_mixin.py:151} INFO - [2023-09-01T14:51:43.944+0000] {dag.py:2907} INFO - Sync 1 DAGs
[2023-09-01T14:51:43.963+0000] {logging_mixin.py:151} INFO - [2023-09-01T14:51:43.963+0000] {dag.py:3677} INFO - Setting next_dagrun for tutorial_taskflow_api to None, run_after=None
[2023-09-01T14:51:43.989+0000] {processor.py:179} INFO - Processing /home/airflow/.local/lib/python3.8/site-packages/airflow/example_dags/tutorial_taskflow_api.py took 0.094 seconds
[2023-09-01T14:52:14.099+0000] {processor.py:157} INFO - Started process (PID=254) to work on /home/airflow/.local/lib/python3.8/site-packages/airflow/example_dags/tutorial_taskflow_api.py
[2023-09-01T14:52:14.100+0000] {processor.py:829} INFO - Processing file /home/airflow/.local/lib/python3.8/site-packages/airflow/example_dags/tutorial_taskflow_api.py for tasks to queue
[2023-09-01T14:52:14.103+0000] {logging_mixin.py:151} INFO - [2023-09-01T14:52:14.103+0000] {dagbag.py:539} INFO - Filling up the DagBag from /home/airflow/.local/lib/python3.8/site-packages/airflow/example_dags/tutorial_taskflow_api.py
[2023-09-01T14:52:14.111+0000] {processor.py:839} INFO - DAG(s) dict_keys(['tutorial_taskflow_api']) retrieved from /home/airflow/.local/lib/python3.8/site-packages/airflow/example_dags/tutorial_taskflow_api.py
[2023-09-01T14:52:14.136+0000] {logging_mixin.py:151} INFO - [2023-09-01T14:52:14.136+0000] {dag.py:2907} INFO - Sync 1 DAGs
[2023-09-01T14:52:14.155+0000] {logging_mixin.py:151} INFO - [2023-09-01T14:52:14.154+0000] {dag.py:3677} INFO - Setting next_dagrun for tutorial_taskflow_api to None, run_after=None
[2023-09-01T14:52:14.182+0000] {processor.py:179} INFO - Processing /home/airflow/.local/lib/python3.8/site-packages/airflow/example_dags/tutorial_taskflow_api.py took 0.087 seconds
[2023-09-01T14:52:44.244+0000] {processor.py:157} INFO - Started process (PID=308) to work on /home/airflow/.local/lib/python3.8/site-packages/airflow/example_dags/tutorial_taskflow_api.py
[2023-09-01T14:52:44.245+0000] {processor.py:829} INFO - Processing file /home/airflow/.local/lib/python3.8/site-packages/airflow/example_dags/tutorial_taskflow_api.py for tasks to queue
[2023-09-01T14:52:44.248+0000] {logging_mixin.py:151} INFO - [2023-09-01T14:52:44.248+0000] {dagbag.py:539} INFO - Filling up the DagBag from /home/airflow/.local/lib/python3.8/site-packages/airflow/example_dags/tutorial_taskflow_api.py
[2023-09-01T14:52:44.256+0000] {processor.py:839} INFO - DAG(s) dict_keys(['tutorial_taskflow_api']) retrieved from /home/airflow/.local/lib/python3.8/site-packages/airflow/example_dags/tutorial_taskflow_api.py
[2023-09-01T14:52:44.282+0000] {logging_mixin.py:151} INFO - [2023-09-01T14:52:44.281+0000] {dag.py:2907} INFO - Sync 1 DAGs
[2023-09-01T14:52:44.298+0000] {logging_mixin.py:151} INFO - [2023-09-01T14:52:44.298+0000] {dag.py:3677} INFO - Setting next_dagrun for tutorial_taskflow_api to None, run_after=None
[2023-09-01T14:52:44.318+0000] {processor.py:179} INFO - Processing /home/airflow/.local/lib/python3.8/site-packages/airflow/example_dags/tutorial_taskflow_api.py took 0.079 seconds
[2023-09-01T14:53:14.376+0000] {processor.py:157} INFO - Started process (PID=362) to work on /home/airflow/.local/lib/python3.8/site-packages/airflow/example_dags/tutorial_taskflow_api.py
[2023-09-01T14:53:14.378+0000] {processor.py:829} INFO - Processing file /home/airflow/.local/lib/python3.8/site-packages/airflow/example_dags/tutorial_taskflow_api.py for tasks to queue
[2023-09-01T14:53:14.380+0000] {logging_mixin.py:151} INFO - [2023-09-01T14:53:14.380+0000] {dagbag.py:539} INFO - Filling up the DagBag from /home/airflow/.local/lib/python3.8/site-packages/airflow/example_dags/tutorial_taskflow_api.py
[2023-09-01T14:53:14.388+0000] {processor.py:839} INFO - DAG(s) dict_keys(['tutorial_taskflow_api']) retrieved from /home/airflow/.local/lib/python3.8/site-packages/airflow/example_dags/tutorial_taskflow_api.py
[2023-09-01T14:53:14.411+0000] {logging_mixin.py:151} INFO - [2023-09-01T14:53:14.411+0000] {dag.py:2907} INFO - Sync 1 DAGs
[2023-09-01T14:53:14.426+0000] {logging_mixin.py:151} INFO - [2023-09-01T14:53:14.426+0000] {dag.py:3677} INFO - Setting next_dagrun for tutorial_taskflow_api to None, run_after=None
[2023-09-01T14:53:14.446+0000] {processor.py:179} INFO - Processing /home/airflow/.local/lib/python3.8/site-packages/airflow/example_dags/tutorial_taskflow_api.py took 0.074 seconds
[2023-09-01T14:53:44.734+0000] {processor.py:157} INFO - Started process (PID=417) to work on /home/airflow/.local/lib/python3.8/site-packages/airflow/example_dags/tutorial_taskflow_api.py
[2023-09-01T14:53:44.736+0000] {processor.py:829} INFO - Processing file /home/airflow/.local/lib/python3.8/site-packages/airflow/example_dags/tutorial_taskflow_api.py for tasks to queue
[2023-09-01T14:53:44.739+0000] {logging_mixin.py:151} INFO - [2023-09-01T14:53:44.739+0000] {dagbag.py:539} INFO - Filling up the DagBag from /home/airflow/.local/lib/python3.8/site-packages/airflow/example_dags/tutorial_taskflow_api.py
[2023-09-01T14:53:44.748+0000] {processor.py:839} INFO - DAG(s) dict_keys(['tutorial_taskflow_api']) retrieved from /home/airflow/.local/lib/python3.8/site-packages/airflow/example_dags/tutorial_taskflow_api.py
[2023-09-01T14:53:44.777+0000] {logging_mixin.py:151} INFO - [2023-09-01T14:53:44.777+0000] {dag.py:2907} INFO - Sync 1 DAGs
[2023-09-01T14:53:44.793+0000] {logging_mixin.py:151} INFO - [2023-09-01T14:53:44.793+0000] {dag.py:3677} INFO - Setting next_dagrun for tutorial_taskflow_api to None, run_after=None
[2023-09-01T14:53:44.813+0000] {processor.py:179} INFO - Processing /home/airflow/.local/lib/python3.8/site-packages/airflow/example_dags/tutorial_taskflow_api.py took 0.084 seconds
[2023-09-01T14:54:14.860+0000] {processor.py:157} INFO - Started process (PID=471) to work on /home/airflow/.local/lib/python3.8/site-packages/airflow/example_dags/tutorial_taskflow_api.py
[2023-09-01T14:54:14.862+0000] {processor.py:829} INFO - Processing file /home/airflow/.local/lib/python3.8/site-packages/airflow/example_dags/tutorial_taskflow_api.py for tasks to queue
[2023-09-01T14:54:14.865+0000] {logging_mixin.py:151} INFO - [2023-09-01T14:54:14.865+0000] {dagbag.py:539} INFO - Filling up the DagBag from /home/airflow/.local/lib/python3.8/site-packages/airflow/example_dags/tutorial_taskflow_api.py
[2023-09-01T14:54:14.874+0000] {processor.py:839} INFO - DAG(s) dict_keys(['tutorial_taskflow_api']) retrieved from /home/airflow/.local/lib/python3.8/site-packages/airflow/example_dags/tutorial_taskflow_api.py
[2023-09-01T14:54:14.902+0000] {logging_mixin.py:151} INFO - [2023-09-01T14:54:14.902+0000] {dag.py:2907} INFO - Sync 1 DAGs
[2023-09-01T14:54:14.919+0000] {logging_mixin.py:151} INFO - [2023-09-01T14:54:14.919+0000] {dag.py:3677} INFO - Setting next_dagrun for tutorial_taskflow_api to None, run_after=None
[2023-09-01T14:54:14.939+0000] {processor.py:179} INFO - Processing /home/airflow/.local/lib/python3.8/site-packages/airflow/example_dags/tutorial_taskflow_api.py took 0.084 seconds
[2023-09-01T14:54:45.221+0000] {processor.py:157} INFO - Started process (PID=525) to work on /home/airflow/.local/lib/python3.8/site-packages/airflow/example_dags/tutorial_taskflow_api.py
[2023-09-01T14:54:45.222+0000] {processor.py:829} INFO - Processing file /home/airflow/.local/lib/python3.8/site-packages/airflow/example_dags/tutorial_taskflow_api.py for tasks to queue
[2023-09-01T14:54:45.226+0000] {logging_mixin.py:151} INFO - [2023-09-01T14:54:45.225+0000] {dagbag.py:539} INFO - Filling up the DagBag from /home/airflow/.local/lib/python3.8/site-packages/airflow/example_dags/tutorial_taskflow_api.py
[2023-09-01T14:54:45.235+0000] {processor.py:839} INFO - DAG(s) dict_keys(['tutorial_taskflow_api']) retrieved from /home/airflow/.local/lib/python3.8/site-packages/airflow/example_dags/tutorial_taskflow_api.py
[2023-09-01T14:54:45.264+0000] {logging_mixin.py:151} INFO - [2023-09-01T14:54:45.264+0000] {dag.py:2907} INFO - Sync 1 DAGs
[2023-09-01T14:54:45.282+0000] {logging_mixin.py:151} INFO - [2023-09-01T14:54:45.282+0000] {dag.py:3677} INFO - Setting next_dagrun for tutorial_taskflow_api to None, run_after=None
[2023-09-01T14:54:45.302+0000] {processor.py:179} INFO - Processing /home/airflow/.local/lib/python3.8/site-packages/airflow/example_dags/tutorial_taskflow_api.py took 0.086 seconds
[2023-09-01T14:55:16.179+0000] {processor.py:157} INFO - Started process (PID=579) to work on /home/airflow/.local/lib/python3.8/site-packages/airflow/example_dags/tutorial_taskflow_api.py
[2023-09-01T14:55:16.180+0000] {processor.py:829} INFO - Processing file /home/airflow/.local/lib/python3.8/site-packages/airflow/example_dags/tutorial_taskflow_api.py for tasks to queue
[2023-09-01T14:55:16.183+0000] {logging_mixin.py:151} INFO - [2023-09-01T14:55:16.183+0000] {dagbag.py:539} INFO - Filling up the DagBag from /home/airflow/.local/lib/python3.8/site-packages/airflow/example_dags/tutorial_taskflow_api.py
[2023-09-01T14:55:16.191+0000] {processor.py:839} INFO - DAG(s) dict_keys(['tutorial_taskflow_api']) retrieved from /home/airflow/.local/lib/python3.8/site-packages/airflow/example_dags/tutorial_taskflow_api.py
[2023-09-01T14:55:16.217+0000] {logging_mixin.py:151} INFO - [2023-09-01T14:55:16.217+0000] {dag.py:2907} INFO - Sync 1 DAGs
[2023-09-01T14:55:16.231+0000] {logging_mixin.py:151} INFO - [2023-09-01T14:55:16.231+0000] {dag.py:3677} INFO - Setting next_dagrun for tutorial_taskflow_api to None, run_after=None
[2023-09-01T14:55:16.251+0000] {processor.py:179} INFO - Processing /home/airflow/.local/lib/python3.8/site-packages/airflow/example_dags/tutorial_taskflow_api.py took 0.077 seconds
[2023-09-01T14:55:46.770+0000] {processor.py:157} INFO - Started process (PID=633) to work on /home/airflow/.local/lib/python3.8/site-packages/airflow/example_dags/tutorial_taskflow_api.py
[2023-09-01T14:55:46.772+0000] {processor.py:829} INFO - Processing file /home/airflow/.local/lib/python3.8/site-packages/airflow/example_dags/tutorial_taskflow_api.py for tasks to queue
[2023-09-01T14:55:46.775+0000] {logging_mixin.py:151} INFO - [2023-09-01T14:55:46.775+0000] {dagbag.py:539} INFO - Filling up the DagBag from /home/airflow/.local/lib/python3.8/site-packages/airflow/example_dags/tutorial_taskflow_api.py
[2023-09-01T14:55:46.784+0000] {processor.py:839} INFO - DAG(s) dict_keys(['tutorial_taskflow_api']) retrieved from /home/airflow/.local/lib/python3.8/site-packages/airflow/example_dags/tutorial_taskflow_api.py
[2023-09-01T14:55:46.811+0000] {logging_mixin.py:151} INFO - [2023-09-01T14:55:46.811+0000] {dag.py:2907} INFO - Sync 1 DAGs
[2023-09-01T14:55:46.827+0000] {logging_mixin.py:151} INFO - [2023-09-01T14:55:46.827+0000] {dag.py:3677} INFO - Setting next_dagrun for tutorial_taskflow_api to None, run_after=None
[2023-09-01T14:55:46.846+0000] {processor.py:179} INFO - Processing /home/airflow/.local/lib/python3.8/site-packages/airflow/example_dags/tutorial_taskflow_api.py took 0.081 seconds
[2023-09-01T14:56:17.606+0000] {processor.py:157} INFO - Started process (PID=687) to work on /home/airflow/.local/lib/python3.8/site-packages/airflow/example_dags/tutorial_taskflow_api.py
[2023-09-01T14:56:17.608+0000] {processor.py:829} INFO - Processing file /home/airflow/.local/lib/python3.8/site-packages/airflow/example_dags/tutorial_taskflow_api.py for tasks to queue
[2023-09-01T14:56:17.612+0000] {logging_mixin.py:151} INFO - [2023-09-01T14:56:17.612+0000] {dagbag.py:539} INFO - Filling up the DagBag from /home/airflow/.local/lib/python3.8/site-packages/airflow/example_dags/tutorial_taskflow_api.py
[2023-09-01T14:56:17.619+0000] {processor.py:839} INFO - DAG(s) dict_keys(['tutorial_taskflow_api']) retrieved from /home/airflow/.local/lib/python3.8/site-packages/airflow/example_dags/tutorial_taskflow_api.py
[2023-09-01T14:56:17.645+0000] {logging_mixin.py:151} INFO - [2023-09-01T14:56:17.645+0000] {dag.py:2907} INFO - Sync 1 DAGs
[2023-09-01T14:56:17.660+0000] {logging_mixin.py:151} INFO - [2023-09-01T14:56:17.660+0000] {dag.py:3677} INFO - Setting next_dagrun for tutorial_taskflow_api to None, run_after=None
[2023-09-01T14:56:17.681+0000] {processor.py:179} INFO - Processing /home/airflow/.local/lib/python3.8/site-packages/airflow/example_dags/tutorial_taskflow_api.py took 0.079 seconds
[2023-09-01T14:56:48.388+0000] {processor.py:157} INFO - Started process (PID=741) to work on /home/airflow/.local/lib/python3.8/site-packages/airflow/example_dags/tutorial_taskflow_api.py
[2023-09-01T14:56:48.390+0000] {processor.py:829} INFO - Processing file /home/airflow/.local/lib/python3.8/site-packages/airflow/example_dags/tutorial_taskflow_api.py for tasks to queue
[2023-09-01T14:56:48.393+0000] {logging_mixin.py:151} INFO - [2023-09-01T14:56:48.392+0000] {dagbag.py:539} INFO - Filling up the DagBag from /home/airflow/.local/lib/python3.8/site-packages/airflow/example_dags/tutorial_taskflow_api.py
[2023-09-01T14:56:48.401+0000] {processor.py:839} INFO - DAG(s) dict_keys(['tutorial_taskflow_api']) retrieved from /home/airflow/.local/lib/python3.8/site-packages/airflow/example_dags/tutorial_taskflow_api.py
[2023-09-01T14:56:48.437+0000] {logging_mixin.py:151} INFO - [2023-09-01T14:56:48.437+0000] {dag.py:2907} INFO - Sync 1 DAGs
[2023-09-01T14:56:48.453+0000] {logging_mixin.py:151} INFO - [2023-09-01T14:56:48.452+0000] {dag.py:3677} INFO - Setting next_dagrun for tutorial_taskflow_api to None, run_after=None
[2023-09-01T14:56:48.474+0000] {processor.py:179} INFO - Processing /home/airflow/.local/lib/python3.8/site-packages/airflow/example_dags/tutorial_taskflow_api.py took 0.089 seconds
[2023-09-01T14:57:19.191+0000] {processor.py:157} INFO - Started process (PID=795) to work on /home/airflow/.local/lib/python3.8/site-packages/airflow/example_dags/tutorial_taskflow_api.py
[2023-09-01T14:57:19.192+0000] {processor.py:829} INFO - Processing file /home/airflow/.local/lib/python3.8/site-packages/airflow/example_dags/tutorial_taskflow_api.py for tasks to queue
[2023-09-01T14:57:19.195+0000] {logging_mixin.py:151} INFO - [2023-09-01T14:57:19.195+0000] {dagbag.py:539} INFO - Filling up the DagBag from /home/airflow/.local/lib/python3.8/site-packages/airflow/example_dags/tutorial_taskflow_api.py
[2023-09-01T14:57:19.202+0000] {processor.py:839} INFO - DAG(s) dict_keys(['tutorial_taskflow_api']) retrieved from /home/airflow/.local/lib/python3.8/site-packages/airflow/example_dags/tutorial_taskflow_api.py
[2023-09-01T14:57:19.229+0000] {logging_mixin.py:151} INFO - [2023-09-01T14:57:19.229+0000] {dag.py:2907} INFO - Sync 1 DAGs
[2023-09-01T14:57:19.244+0000] {logging_mixin.py:151} INFO - [2023-09-01T14:57:19.244+0000] {dag.py:3677} INFO - Setting next_dagrun for tutorial_taskflow_api to None, run_after=None
[2023-09-01T14:57:19.262+0000] {processor.py:179} INFO - Processing /home/airflow/.local/lib/python3.8/site-packages/airflow/example_dags/tutorial_taskflow_api.py took 0.076 seconds
[2023-09-01T14:57:49.940+0000] {processor.py:157} INFO - Started process (PID=849) to work on /home/airflow/.local/lib/python3.8/site-packages/airflow/example_dags/tutorial_taskflow_api.py
[2023-09-01T14:57:49.941+0000] {processor.py:829} INFO - Processing file /home/airflow/.local/lib/python3.8/site-packages/airflow/example_dags/tutorial_taskflow_api.py for tasks to queue
[2023-09-01T14:57:49.945+0000] {logging_mixin.py:151} INFO - [2023-09-01T14:57:49.944+0000] {dagbag.py:539} INFO - Filling up the DagBag from /home/airflow/.local/lib/python3.8/site-packages/airflow/example_dags/tutorial_taskflow_api.py
[2023-09-01T14:57:49.954+0000] {processor.py:839} INFO - DAG(s) dict_keys(['tutorial_taskflow_api']) retrieved from /home/airflow/.local/lib/python3.8/site-packages/airflow/example_dags/tutorial_taskflow_api.py
[2023-09-01T14:57:49.982+0000] {logging_mixin.py:151} INFO - [2023-09-01T14:57:49.982+0000] {dag.py:2907} INFO - Sync 1 DAGs
[2023-09-01T14:57:49.998+0000] {logging_mixin.py:151} INFO - [2023-09-01T14:57:49.998+0000] {dag.py:3677} INFO - Setting next_dagrun for tutorial_taskflow_api to None, run_after=None
[2023-09-01T14:57:50.018+0000] {processor.py:179} INFO - Processing /home/airflow/.local/lib/python3.8/site-packages/airflow/example_dags/tutorial_taskflow_api.py took 0.083 seconds
[2023-09-01T14:58:20.715+0000] {processor.py:157} INFO - Started process (PID=903) to work on /home/airflow/.local/lib/python3.8/site-packages/airflow/example_dags/tutorial_taskflow_api.py
[2023-09-01T14:58:20.716+0000] {processor.py:829} INFO - Processing file /home/airflow/.local/lib/python3.8/site-packages/airflow/example_dags/tutorial_taskflow_api.py for tasks to queue
[2023-09-01T14:58:20.720+0000] {logging_mixin.py:151} INFO - [2023-09-01T14:58:20.719+0000] {dagbag.py:539} INFO - Filling up the DagBag from /home/airflow/.local/lib/python3.8/site-packages/airflow/example_dags/tutorial_taskflow_api.py
[2023-09-01T14:58:20.729+0000] {processor.py:839} INFO - DAG(s) dict_keys(['tutorial_taskflow_api']) retrieved from /home/airflow/.local/lib/python3.8/site-packages/airflow/example_dags/tutorial_taskflow_api.py
[2023-09-01T14:58:20.757+0000] {logging_mixin.py:151} INFO - [2023-09-01T14:58:20.757+0000] {dag.py:2907} INFO - Sync 1 DAGs
[2023-09-01T14:58:20.775+0000] {logging_mixin.py:151} INFO - [2023-09-01T14:58:20.775+0000] {dag.py:3677} INFO - Setting next_dagrun for tutorial_taskflow_api to None, run_after=None
[2023-09-01T14:58:20.799+0000] {processor.py:179} INFO - Processing /home/airflow/.local/lib/python3.8/site-packages/airflow/example_dags/tutorial_taskflow_api.py took 0.089 seconds
[2023-09-01T14:58:51.637+0000] {processor.py:157} INFO - Started process (PID=957) to work on /home/airflow/.local/lib/python3.8/site-packages/airflow/example_dags/tutorial_taskflow_api.py
[2023-09-01T14:58:51.639+0000] {processor.py:829} INFO - Processing file /home/airflow/.local/lib/python3.8/site-packages/airflow/example_dags/tutorial_taskflow_api.py for tasks to queue
[2023-09-01T14:58:51.642+0000] {logging_mixin.py:151} INFO - [2023-09-01T14:58:51.642+0000] {dagbag.py:539} INFO - Filling up the DagBag from /home/airflow/.local/lib/python3.8/site-packages/airflow/example_dags/tutorial_taskflow_api.py
[2023-09-01T14:58:51.650+0000] {processor.py:839} INFO - DAG(s) dict_keys(['tutorial_taskflow_api']) retrieved from /home/airflow/.local/lib/python3.8/site-packages/airflow/example_dags/tutorial_taskflow_api.py
[2023-09-01T14:58:51.680+0000] {logging_mixin.py:151} INFO - [2023-09-01T14:58:51.680+0000] {dag.py:2907} INFO - Sync 1 DAGs
[2023-09-01T14:58:51.693+0000] {logging_mixin.py:151} INFO - [2023-09-01T14:58:51.693+0000] {dag.py:3677} INFO - Setting next_dagrun for tutorial_taskflow_api to None, run_after=None
[2023-09-01T14:58:51.712+0000] {processor.py:179} INFO - Processing /home/airflow/.local/lib/python3.8/site-packages/airflow/example_dags/tutorial_taskflow_api.py took 0.079 seconds
[2023-09-01T14:59:22.130+0000] {processor.py:157} INFO - Started process (PID=1011) to work on /home/airflow/.local/lib/python3.8/site-packages/airflow/example_dags/tutorial_taskflow_api.py
[2023-09-01T14:59:22.132+0000] {processor.py:829} INFO - Processing file /home/airflow/.local/lib/python3.8/site-packages/airflow/example_dags/tutorial_taskflow_api.py for tasks to queue
[2023-09-01T14:59:22.135+0000] {logging_mixin.py:151} INFO - [2023-09-01T14:59:22.135+0000] {dagbag.py:539} INFO - Filling up the DagBag from /home/airflow/.local/lib/python3.8/site-packages/airflow/example_dags/tutorial_taskflow_api.py
[2023-09-01T14:59:22.145+0000] {processor.py:839} INFO - DAG(s) dict_keys(['tutorial_taskflow_api']) retrieved from /home/airflow/.local/lib/python3.8/site-packages/airflow/example_dags/tutorial_taskflow_api.py
[2023-09-01T14:59:22.172+0000] {logging_mixin.py:151} INFO - [2023-09-01T14:59:22.172+0000] {dag.py:2907} INFO - Sync 1 DAGs
[2023-09-01T14:59:22.189+0000] {logging_mixin.py:151} INFO - [2023-09-01T14:59:22.189+0000] {dag.py:3677} INFO - Setting next_dagrun for tutorial_taskflow_api to None, run_after=None
[2023-09-01T14:59:22.208+0000] {processor.py:179} INFO - Processing /home/airflow/.local/lib/python3.8/site-packages/airflow/example_dags/tutorial_taskflow_api.py took 0.083 seconds
[2023-09-01T14:59:53.086+0000] {processor.py:157} INFO - Started process (PID=1065) to work on /home/airflow/.local/lib/python3.8/site-packages/airflow/example_dags/tutorial_taskflow_api.py
[2023-09-01T14:59:53.087+0000] {processor.py:829} INFO - Processing file /home/airflow/.local/lib/python3.8/site-packages/airflow/example_dags/tutorial_taskflow_api.py for tasks to queue
[2023-09-01T14:59:53.090+0000] {logging_mixin.py:151} INFO - [2023-09-01T14:59:53.090+0000] {dagbag.py:539} INFO - Filling up the DagBag from /home/airflow/.local/lib/python3.8/site-packages/airflow/example_dags/tutorial_taskflow_api.py
[2023-09-01T14:59:53.098+0000] {processor.py:839} INFO - DAG(s) dict_keys(['tutorial_taskflow_api']) retrieved from /home/airflow/.local/lib/python3.8/site-packages/airflow/example_dags/tutorial_taskflow_api.py
[2023-09-01T14:59:53.122+0000] {logging_mixin.py:151} INFO - [2023-09-01T14:59:53.122+0000] {dag.py:2907} INFO - Sync 1 DAGs
[2023-09-01T14:59:53.136+0000] {logging_mixin.py:151} INFO - [2023-09-01T14:59:53.136+0000] {dag.py:3677} INFO - Setting next_dagrun for tutorial_taskflow_api to None, run_after=None
[2023-09-01T14:59:53.156+0000] {processor.py:179} INFO - Processing /home/airflow/.local/lib/python3.8/site-packages/airflow/example_dags/tutorial_taskflow_api.py took 0.074 seconds
[2023-09-01T15:00:23.932+0000] {processor.py:157} INFO - Started process (PID=1119) to work on /home/airflow/.local/lib/python3.8/site-packages/airflow/example_dags/tutorial_taskflow_api.py
[2023-09-01T15:00:23.933+0000] {processor.py:829} INFO - Processing file /home/airflow/.local/lib/python3.8/site-packages/airflow/example_dags/tutorial_taskflow_api.py for tasks to queue
[2023-09-01T15:00:23.936+0000] {logging_mixin.py:151} INFO - [2023-09-01T15:00:23.936+0000] {dagbag.py:539} INFO - Filling up the DagBag from /home/airflow/.local/lib/python3.8/site-packages/airflow/example_dags/tutorial_taskflow_api.py
[2023-09-01T15:00:23.946+0000] {processor.py:839} INFO - DAG(s) dict_keys(['tutorial_taskflow_api']) retrieved from /home/airflow/.local/lib/python3.8/site-packages/airflow/example_dags/tutorial_taskflow_api.py
[2023-09-01T15:00:23.974+0000] {logging_mixin.py:151} INFO - [2023-09-01T15:00:23.973+0000] {dag.py:2907} INFO - Sync 1 DAGs
[2023-09-01T15:00:23.989+0000] {logging_mixin.py:151} INFO - [2023-09-01T15:00:23.989+0000] {dag.py:3677} INFO - Setting next_dagrun for tutorial_taskflow_api to None, run_after=None
[2023-09-01T15:00:24.009+0000] {processor.py:179} INFO - Processing /home/airflow/.local/lib/python3.8/site-packages/airflow/example_dags/tutorial_taskflow_api.py took 0.082 seconds
[2023-09-01T15:00:54.458+0000] {processor.py:157} INFO - Started process (PID=1173) to work on /home/airflow/.local/lib/python3.8/site-packages/airflow/example_dags/tutorial_taskflow_api.py
[2023-09-01T15:00:54.460+0000] {processor.py:829} INFO - Processing file /home/airflow/.local/lib/python3.8/site-packages/airflow/example_dags/tutorial_taskflow_api.py for tasks to queue
[2023-09-01T15:00:54.463+0000] {logging_mixin.py:151} INFO - [2023-09-01T15:00:54.463+0000] {dagbag.py:539} INFO - Filling up the DagBag from /home/airflow/.local/lib/python3.8/site-packages/airflow/example_dags/tutorial_taskflow_api.py
[2023-09-01T15:00:54.473+0000] {processor.py:839} INFO - DAG(s) dict_keys(['tutorial_taskflow_api']) retrieved from /home/airflow/.local/lib/python3.8/site-packages/airflow/example_dags/tutorial_taskflow_api.py
[2023-09-01T15:00:54.501+0000] {logging_mixin.py:151} INFO - [2023-09-01T15:00:54.501+0000] {dag.py:2907} INFO - Sync 1 DAGs
[2023-09-01T15:00:54.517+0000] {logging_mixin.py:151} INFO - [2023-09-01T15:00:54.517+0000] {dag.py:3677} INFO - Setting next_dagrun for tutorial_taskflow_api to None, run_after=None
[2023-09-01T15:00:54.537+0000] {processor.py:179} INFO - Processing /home/airflow/.local/lib/python3.8/site-packages/airflow/example_dags/tutorial_taskflow_api.py took 0.083 seconds
[2023-09-01T15:01:25.347+0000] {processor.py:157} INFO - Started process (PID=1227) to work on /home/airflow/.local/lib/python3.8/site-packages/airflow/example_dags/tutorial_taskflow_api.py
[2023-09-01T15:01:25.348+0000] {processor.py:829} INFO - Processing file /home/airflow/.local/lib/python3.8/site-packages/airflow/example_dags/tutorial_taskflow_api.py for tasks to queue
[2023-09-01T15:01:25.351+0000] {logging_mixin.py:151} INFO - [2023-09-01T15:01:25.350+0000] {dagbag.py:539} INFO - Filling up the DagBag from /home/airflow/.local/lib/python3.8/site-packages/airflow/example_dags/tutorial_taskflow_api.py
[2023-09-01T15:01:25.359+0000] {processor.py:839} INFO - DAG(s) dict_keys(['tutorial_taskflow_api']) retrieved from /home/airflow/.local/lib/python3.8/site-packages/airflow/example_dags/tutorial_taskflow_api.py
[2023-09-01T15:01:25.382+0000] {logging_mixin.py:151} INFO - [2023-09-01T15:01:25.382+0000] {dag.py:2907} INFO - Sync 1 DAGs
[2023-09-01T15:01:25.396+0000] {logging_mixin.py:151} INFO - [2023-09-01T15:01:25.396+0000] {dag.py:3677} INFO - Setting next_dagrun for tutorial_taskflow_api to None, run_after=None
[2023-09-01T15:01:25.416+0000] {processor.py:179} INFO - Processing /home/airflow/.local/lib/python3.8/site-packages/airflow/example_dags/tutorial_taskflow_api.py took 0.073 seconds
[2023-09-01T15:01:55.911+0000] {processor.py:157} INFO - Started process (PID=1281) to work on /home/airflow/.local/lib/python3.8/site-packages/airflow/example_dags/tutorial_taskflow_api.py
[2023-09-01T15:01:55.912+0000] {processor.py:829} INFO - Processing file /home/airflow/.local/lib/python3.8/site-packages/airflow/example_dags/tutorial_taskflow_api.py for tasks to queue
[2023-09-01T15:01:55.915+0000] {logging_mixin.py:151} INFO - [2023-09-01T15:01:55.915+0000] {dagbag.py:539} INFO - Filling up the DagBag from /home/airflow/.local/lib/python3.8/site-packages/airflow/example_dags/tutorial_taskflow_api.py
[2023-09-01T15:01:55.925+0000] {processor.py:839} INFO - DAG(s) dict_keys(['tutorial_taskflow_api']) retrieved from /home/airflow/.local/lib/python3.8/site-packages/airflow/example_dags/tutorial_taskflow_api.py
[2023-09-01T15:01:55.952+0000] {logging_mixin.py:151} INFO - [2023-09-01T15:01:55.952+0000] {dag.py:2907} INFO - Sync 1 DAGs
[2023-09-01T15:01:55.968+0000] {logging_mixin.py:151} INFO - [2023-09-01T15:01:55.968+0000] {dag.py:3677} INFO - Setting next_dagrun for tutorial_taskflow_api to None, run_after=None
[2023-09-01T15:01:55.988+0000] {processor.py:179} INFO - Processing /home/airflow/.local/lib/python3.8/site-packages/airflow/example_dags/tutorial_taskflow_api.py took 0.082 seconds
[2023-09-01T15:02:26.118+0000] {processor.py:157} INFO - Started process (PID=1335) to work on /home/airflow/.local/lib/python3.8/site-packages/airflow/example_dags/tutorial_taskflow_api.py
[2023-09-01T15:02:26.120+0000] {processor.py:829} INFO - Processing file /home/airflow/.local/lib/python3.8/site-packages/airflow/example_dags/tutorial_taskflow_api.py for tasks to queue
[2023-09-01T15:02:26.124+0000] {logging_mixin.py:151} INFO - [2023-09-01T15:02:26.123+0000] {dagbag.py:539} INFO - Filling up the DagBag from /home/airflow/.local/lib/python3.8/site-packages/airflow/example_dags/tutorial_taskflow_api.py
[2023-09-01T15:02:26.134+0000] {processor.py:839} INFO - DAG(s) dict_keys(['tutorial_taskflow_api']) retrieved from /home/airflow/.local/lib/python3.8/site-packages/airflow/example_dags/tutorial_taskflow_api.py
[2023-09-01T15:02:26.166+0000] {logging_mixin.py:151} INFO - [2023-09-01T15:02:26.166+0000] {dag.py:2907} INFO - Sync 1 DAGs
[2023-09-01T15:02:26.186+0000] {logging_mixin.py:151} INFO - [2023-09-01T15:02:26.186+0000] {dag.py:3677} INFO - Setting next_dagrun for tutorial_taskflow_api to None, run_after=None
[2023-09-01T15:02:26.210+0000] {processor.py:179} INFO - Processing /home/airflow/.local/lib/python3.8/site-packages/airflow/example_dags/tutorial_taskflow_api.py took 0.099 seconds
[2023-09-01T15:02:56.377+0000] {processor.py:157} INFO - Started process (PID=1389) to work on /home/airflow/.local/lib/python3.8/site-packages/airflow/example_dags/tutorial_taskflow_api.py
[2023-09-01T15:02:56.379+0000] {processor.py:829} INFO - Processing file /home/airflow/.local/lib/python3.8/site-packages/airflow/example_dags/tutorial_taskflow_api.py for tasks to queue
[2023-09-01T15:02:56.382+0000] {logging_mixin.py:151} INFO - [2023-09-01T15:02:56.382+0000] {dagbag.py:539} INFO - Filling up the DagBag from /home/airflow/.local/lib/python3.8/site-packages/airflow/example_dags/tutorial_taskflow_api.py
[2023-09-01T15:02:56.391+0000] {processor.py:839} INFO - DAG(s) dict_keys(['tutorial_taskflow_api']) retrieved from /home/airflow/.local/lib/python3.8/site-packages/airflow/example_dags/tutorial_taskflow_api.py
[2023-09-01T15:02:56.420+0000] {logging_mixin.py:151} INFO - [2023-09-01T15:02:56.420+0000] {dag.py:2907} INFO - Sync 1 DAGs
[2023-09-01T15:02:56.439+0000] {logging_mixin.py:151} INFO - [2023-09-01T15:02:56.439+0000] {dag.py:3677} INFO - Setting next_dagrun for tutorial_taskflow_api to None, run_after=None
[2023-09-01T15:02:56.468+0000] {processor.py:179} INFO - Processing /home/airflow/.local/lib/python3.8/site-packages/airflow/example_dags/tutorial_taskflow_api.py took 0.095 seconds
[2023-09-01T15:03:26.765+0000] {processor.py:157} INFO - Started process (PID=1443) to work on /home/airflow/.local/lib/python3.8/site-packages/airflow/example_dags/tutorial_taskflow_api.py
[2023-09-01T15:03:26.766+0000] {processor.py:829} INFO - Processing file /home/airflow/.local/lib/python3.8/site-packages/airflow/example_dags/tutorial_taskflow_api.py for tasks to queue
[2023-09-01T15:03:26.770+0000] {logging_mixin.py:151} INFO - [2023-09-01T15:03:26.769+0000] {dagbag.py:539} INFO - Filling up the DagBag from /home/airflow/.local/lib/python3.8/site-packages/airflow/example_dags/tutorial_taskflow_api.py
[2023-09-01T15:03:26.779+0000] {processor.py:839} INFO - DAG(s) dict_keys(['tutorial_taskflow_api']) retrieved from /home/airflow/.local/lib/python3.8/site-packages/airflow/example_dags/tutorial_taskflow_api.py
[2023-09-01T15:03:26.808+0000] {logging_mixin.py:151} INFO - [2023-09-01T15:03:26.808+0000] {dag.py:2907} INFO - Sync 1 DAGs
[2023-09-01T15:03:26.826+0000] {logging_mixin.py:151} INFO - [2023-09-01T15:03:26.826+0000] {dag.py:3677} INFO - Setting next_dagrun for tutorial_taskflow_api to None, run_after=None
[2023-09-01T15:03:26.849+0000] {processor.py:179} INFO - Processing /home/airflow/.local/lib/python3.8/site-packages/airflow/example_dags/tutorial_taskflow_api.py took 0.090 seconds
[2023-09-01T15:03:56.886+0000] {processor.py:157} INFO - Started process (PID=1497) to work on /home/airflow/.local/lib/python3.8/site-packages/airflow/example_dags/tutorial_taskflow_api.py
[2023-09-01T15:03:56.888+0000] {processor.py:829} INFO - Processing file /home/airflow/.local/lib/python3.8/site-packages/airflow/example_dags/tutorial_taskflow_api.py for tasks to queue
[2023-09-01T15:03:56.890+0000] {logging_mixin.py:151} INFO - [2023-09-01T15:03:56.890+0000] {dagbag.py:539} INFO - Filling up the DagBag from /home/airflow/.local/lib/python3.8/site-packages/airflow/example_dags/tutorial_taskflow_api.py
[2023-09-01T15:03:56.898+0000] {processor.py:839} INFO - DAG(s) dict_keys(['tutorial_taskflow_api']) retrieved from /home/airflow/.local/lib/python3.8/site-packages/airflow/example_dags/tutorial_taskflow_api.py
[2023-09-01T15:03:56.921+0000] {logging_mixin.py:151} INFO - [2023-09-01T15:03:56.921+0000] {dag.py:2907} INFO - Sync 1 DAGs
[2023-09-01T15:03:56.936+0000] {logging_mixin.py:151} INFO - [2023-09-01T15:03:56.936+0000] {dag.py:3677} INFO - Setting next_dagrun for tutorial_taskflow_api to None, run_after=None
[2023-09-01T15:03:56.955+0000] {processor.py:179} INFO - Processing /home/airflow/.local/lib/python3.8/site-packages/airflow/example_dags/tutorial_taskflow_api.py took 0.073 seconds
[2023-09-01T15:04:28.072+0000] {processor.py:157} INFO - Started process (PID=1558) to work on /home/airflow/.local/lib/python3.8/site-packages/airflow/example_dags/tutorial_taskflow_api.py
[2023-09-01T15:04:28.074+0000] {processor.py:829} INFO - Processing file /home/airflow/.local/lib/python3.8/site-packages/airflow/example_dags/tutorial_taskflow_api.py for tasks to queue
[2023-09-01T15:04:28.078+0000] {logging_mixin.py:151} INFO - [2023-09-01T15:04:28.078+0000] {dagbag.py:539} INFO - Filling up the DagBag from /home/airflow/.local/lib/python3.8/site-packages/airflow/example_dags/tutorial_taskflow_api.py
[2023-09-01T15:04:28.089+0000] {processor.py:839} INFO - DAG(s) dict_keys(['tutorial_taskflow_api']) retrieved from /home/airflow/.local/lib/python3.8/site-packages/airflow/example_dags/tutorial_taskflow_api.py
[2023-09-01T15:04:28.121+0000] {logging_mixin.py:151} INFO - [2023-09-01T15:04:28.120+0000] {dag.py:2907} INFO - Sync 1 DAGs
[2023-09-01T15:04:28.141+0000] {logging_mixin.py:151} INFO - [2023-09-01T15:04:28.141+0000] {dag.py:3677} INFO - Setting next_dagrun for tutorial_taskflow_api to None, run_after=None
[2023-09-01T15:04:28.168+0000] {processor.py:179} INFO - Processing /home/airflow/.local/lib/python3.8/site-packages/airflow/example_dags/tutorial_taskflow_api.py took 0.101 seconds
[2023-09-01T15:04:58.332+0000] {processor.py:157} INFO - Started process (PID=1613) to work on /home/airflow/.local/lib/python3.8/site-packages/airflow/example_dags/tutorial_taskflow_api.py
[2023-09-01T15:04:58.333+0000] {processor.py:829} INFO - Processing file /home/airflow/.local/lib/python3.8/site-packages/airflow/example_dags/tutorial_taskflow_api.py for tasks to queue
[2023-09-01T15:04:58.336+0000] {logging_mixin.py:151} INFO - [2023-09-01T15:04:58.335+0000] {dagbag.py:539} INFO - Filling up the DagBag from /home/airflow/.local/lib/python3.8/site-packages/airflow/example_dags/tutorial_taskflow_api.py
[2023-09-01T15:04:58.344+0000] {processor.py:839} INFO - DAG(s) dict_keys(['tutorial_taskflow_api']) retrieved from /home/airflow/.local/lib/python3.8/site-packages/airflow/example_dags/tutorial_taskflow_api.py
[2023-09-01T15:04:58.369+0000] {logging_mixin.py:151} INFO - [2023-09-01T15:04:58.369+0000] {dag.py:2907} INFO - Sync 1 DAGs
[2023-09-01T15:04:58.384+0000] {logging_mixin.py:151} INFO - [2023-09-01T15:04:58.384+0000] {dag.py:3677} INFO - Setting next_dagrun for tutorial_taskflow_api to None, run_after=None
[2023-09-01T15:04:58.402+0000] {processor.py:179} INFO - Processing /home/airflow/.local/lib/python3.8/site-packages/airflow/example_dags/tutorial_taskflow_api.py took 0.074 seconds
[2023-09-01T15:05:28.661+0000] {processor.py:157} INFO - Started process (PID=1667) to work on /home/airflow/.local/lib/python3.8/site-packages/airflow/example_dags/tutorial_taskflow_api.py
[2023-09-01T15:05:28.662+0000] {processor.py:829} INFO - Processing file /home/airflow/.local/lib/python3.8/site-packages/airflow/example_dags/tutorial_taskflow_api.py for tasks to queue
[2023-09-01T15:05:28.665+0000] {logging_mixin.py:151} INFO - [2023-09-01T15:05:28.665+0000] {dagbag.py:539} INFO - Filling up the DagBag from /home/airflow/.local/lib/python3.8/site-packages/airflow/example_dags/tutorial_taskflow_api.py
[2023-09-01T15:05:28.673+0000] {processor.py:839} INFO - DAG(s) dict_keys(['tutorial_taskflow_api']) retrieved from /home/airflow/.local/lib/python3.8/site-packages/airflow/example_dags/tutorial_taskflow_api.py
[2023-09-01T15:05:28.697+0000] {logging_mixin.py:151} INFO - [2023-09-01T15:05:28.697+0000] {dag.py:2907} INFO - Sync 1 DAGs
[2023-09-01T15:05:28.713+0000] {logging_mixin.py:151} INFO - [2023-09-01T15:05:28.713+0000] {dag.py:3677} INFO - Setting next_dagrun for tutorial_taskflow_api to None, run_after=None
[2023-09-01T15:05:28.738+0000] {processor.py:179} INFO - Processing /home/airflow/.local/lib/python3.8/site-packages/airflow/example_dags/tutorial_taskflow_api.py took 0.081 seconds
[2023-09-01T15:05:58.885+0000] {processor.py:157} INFO - Started process (PID=1721) to work on /home/airflow/.local/lib/python3.8/site-packages/airflow/example_dags/tutorial_taskflow_api.py
[2023-09-01T15:05:58.886+0000] {processor.py:829} INFO - Processing file /home/airflow/.local/lib/python3.8/site-packages/airflow/example_dags/tutorial_taskflow_api.py for tasks to queue
[2023-09-01T15:05:58.889+0000] {logging_mixin.py:151} INFO - [2023-09-01T15:05:58.889+0000] {dagbag.py:539} INFO - Filling up the DagBag from /home/airflow/.local/lib/python3.8/site-packages/airflow/example_dags/tutorial_taskflow_api.py
[2023-09-01T15:05:58.897+0000] {processor.py:839} INFO - DAG(s) dict_keys(['tutorial_taskflow_api']) retrieved from /home/airflow/.local/lib/python3.8/site-packages/airflow/example_dags/tutorial_taskflow_api.py
[2023-09-01T15:05:58.924+0000] {logging_mixin.py:151} INFO - [2023-09-01T15:05:58.923+0000] {dag.py:2907} INFO - Sync 1 DAGs
[2023-09-01T15:05:58.941+0000] {logging_mixin.py:151} INFO - [2023-09-01T15:05:58.940+0000] {dag.py:3677} INFO - Setting next_dagrun for tutorial_taskflow_api to None, run_after=None
[2023-09-01T15:05:58.969+0000] {processor.py:179} INFO - Processing /home/airflow/.local/lib/python3.8/site-packages/airflow/example_dags/tutorial_taskflow_api.py took 0.088 seconds
[2023-09-01T15:06:29.232+0000] {processor.py:157} INFO - Started process (PID=1775) to work on /home/airflow/.local/lib/python3.8/site-packages/airflow/example_dags/tutorial_taskflow_api.py
[2023-09-01T15:06:29.233+0000] {processor.py:829} INFO - Processing file /home/airflow/.local/lib/python3.8/site-packages/airflow/example_dags/tutorial_taskflow_api.py for tasks to queue
[2023-09-01T15:06:29.236+0000] {logging_mixin.py:151} INFO - [2023-09-01T15:06:29.235+0000] {dagbag.py:539} INFO - Filling up the DagBag from /home/airflow/.local/lib/python3.8/site-packages/airflow/example_dags/tutorial_taskflow_api.py
[2023-09-01T15:06:29.243+0000] {processor.py:839} INFO - DAG(s) dict_keys(['tutorial_taskflow_api']) retrieved from /home/airflow/.local/lib/python3.8/site-packages/airflow/example_dags/tutorial_taskflow_api.py
[2023-09-01T15:06:29.266+0000] {logging_mixin.py:151} INFO - [2023-09-01T15:06:29.266+0000] {dag.py:2907} INFO - Sync 1 DAGs
[2023-09-01T15:06:29.281+0000] {logging_mixin.py:151} INFO - [2023-09-01T15:06:29.281+0000] {dag.py:3677} INFO - Setting next_dagrun for tutorial_taskflow_api to None, run_after=None
[2023-09-01T15:06:29.300+0000] {processor.py:179} INFO - Processing /home/airflow/.local/lib/python3.8/site-packages/airflow/example_dags/tutorial_taskflow_api.py took 0.072 seconds
[2023-09-01T15:06:59.366+0000] {processor.py:157} INFO - Started process (PID=1829) to work on /home/airflow/.local/lib/python3.8/site-packages/airflow/example_dags/tutorial_taskflow_api.py
[2023-09-01T15:06:59.367+0000] {processor.py:829} INFO - Processing file /home/airflow/.local/lib/python3.8/site-packages/airflow/example_dags/tutorial_taskflow_api.py for tasks to queue
[2023-09-01T15:06:59.370+0000] {logging_mixin.py:151} INFO - [2023-09-01T15:06:59.369+0000] {dagbag.py:539} INFO - Filling up the DagBag from /home/airflow/.local/lib/python3.8/site-packages/airflow/example_dags/tutorial_taskflow_api.py
[2023-09-01T15:06:59.377+0000] {processor.py:839} INFO - DAG(s) dict_keys(['tutorial_taskflow_api']) retrieved from /home/airflow/.local/lib/python3.8/site-packages/airflow/example_dags/tutorial_taskflow_api.py
[2023-09-01T15:06:59.400+0000] {logging_mixin.py:151} INFO - [2023-09-01T15:06:59.400+0000] {dag.py:2907} INFO - Sync 1 DAGs
[2023-09-01T15:06:59.414+0000] {logging_mixin.py:151} INFO - [2023-09-01T15:06:59.414+0000] {dag.py:3677} INFO - Setting next_dagrun for tutorial_taskflow_api to None, run_after=None
[2023-09-01T15:06:59.434+0000] {processor.py:179} INFO - Processing /home/airflow/.local/lib/python3.8/site-packages/airflow/example_dags/tutorial_taskflow_api.py took 0.072 seconds
[2023-09-01T15:07:30.434+0000] {processor.py:157} INFO - Started process (PID=1883) to work on /home/airflow/.local/lib/python3.8/site-packages/airflow/example_dags/tutorial_taskflow_api.py
[2023-09-01T15:07:30.435+0000] {processor.py:829} INFO - Processing file /home/airflow/.local/lib/python3.8/site-packages/airflow/example_dags/tutorial_taskflow_api.py for tasks to queue
[2023-09-01T15:07:30.438+0000] {logging_mixin.py:151} INFO - [2023-09-01T15:07:30.437+0000] {dagbag.py:539} INFO - Filling up the DagBag from /home/airflow/.local/lib/python3.8/site-packages/airflow/example_dags/tutorial_taskflow_api.py
[2023-09-01T15:07:30.445+0000] {processor.py:839} INFO - DAG(s) dict_keys(['tutorial_taskflow_api']) retrieved from /home/airflow/.local/lib/python3.8/site-packages/airflow/example_dags/tutorial_taskflow_api.py
[2023-09-01T15:07:30.469+0000] {logging_mixin.py:151} INFO - [2023-09-01T15:07:30.469+0000] {dag.py:2907} INFO - Sync 1 DAGs
[2023-09-01T15:07:30.483+0000] {logging_mixin.py:151} INFO - [2023-09-01T15:07:30.483+0000] {dag.py:3677} INFO - Setting next_dagrun for tutorial_taskflow_api to None, run_after=None
[2023-09-01T15:07:30.502+0000] {processor.py:179} INFO - Processing /home/airflow/.local/lib/python3.8/site-packages/airflow/example_dags/tutorial_taskflow_api.py took 0.073 seconds
[2023-09-01T15:08:00.810+0000] {processor.py:157} INFO - Started process (PID=1937) to work on /home/airflow/.local/lib/python3.8/site-packages/airflow/example_dags/tutorial_taskflow_api.py
[2023-09-01T15:08:00.811+0000] {processor.py:829} INFO - Processing file /home/airflow/.local/lib/python3.8/site-packages/airflow/example_dags/tutorial_taskflow_api.py for tasks to queue
[2023-09-01T15:08:00.814+0000] {logging_mixin.py:151} INFO - [2023-09-01T15:08:00.813+0000] {dagbag.py:539} INFO - Filling up the DagBag from /home/airflow/.local/lib/python3.8/site-packages/airflow/example_dags/tutorial_taskflow_api.py
[2023-09-01T15:08:00.821+0000] {processor.py:839} INFO - DAG(s) dict_keys(['tutorial_taskflow_api']) retrieved from /home/airflow/.local/lib/python3.8/site-packages/airflow/example_dags/tutorial_taskflow_api.py
[2023-09-01T15:08:00.844+0000] {logging_mixin.py:151} INFO - [2023-09-01T15:08:00.843+0000] {dag.py:2907} INFO - Sync 1 DAGs
[2023-09-01T15:08:00.858+0000] {logging_mixin.py:151} INFO - [2023-09-01T15:08:00.857+0000] {dag.py:3677} INFO - Setting next_dagrun for tutorial_taskflow_api to None, run_after=None
[2023-09-01T15:08:00.878+0000] {processor.py:179} INFO - Processing /home/airflow/.local/lib/python3.8/site-packages/airflow/example_dags/tutorial_taskflow_api.py took 0.073 seconds
[2023-09-01T15:08:31.182+0000] {processor.py:157} INFO - Started process (PID=1991) to work on /home/airflow/.local/lib/python3.8/site-packages/airflow/example_dags/tutorial_taskflow_api.py
[2023-09-01T15:08:31.183+0000] {processor.py:829} INFO - Processing file /home/airflow/.local/lib/python3.8/site-packages/airflow/example_dags/tutorial_taskflow_api.py for tasks to queue
[2023-09-01T15:08:31.186+0000] {logging_mixin.py:151} INFO - [2023-09-01T15:08:31.186+0000] {dagbag.py:539} INFO - Filling up the DagBag from /home/airflow/.local/lib/python3.8/site-packages/airflow/example_dags/tutorial_taskflow_api.py
[2023-09-01T15:08:31.194+0000] {processor.py:839} INFO - DAG(s) dict_keys(['tutorial_taskflow_api']) retrieved from /home/airflow/.local/lib/python3.8/site-packages/airflow/example_dags/tutorial_taskflow_api.py
[2023-09-01T15:08:31.217+0000] {logging_mixin.py:151} INFO - [2023-09-01T15:08:31.217+0000] {dag.py:2907} INFO - Sync 1 DAGs
[2023-09-01T15:08:31.231+0000] {logging_mixin.py:151} INFO - [2023-09-01T15:08:31.231+0000] {dag.py:3677} INFO - Setting next_dagrun for tutorial_taskflow_api to None, run_after=None
[2023-09-01T15:08:31.251+0000] {processor.py:179} INFO - Processing /home/airflow/.local/lib/python3.8/site-packages/airflow/example_dags/tutorial_taskflow_api.py took 0.073 seconds
[2023-09-01T15:09:01.510+0000] {processor.py:157} INFO - Started process (PID=2045) to work on /home/airflow/.local/lib/python3.8/site-packages/airflow/example_dags/tutorial_taskflow_api.py
[2023-09-01T15:09:01.511+0000] {processor.py:829} INFO - Processing file /home/airflow/.local/lib/python3.8/site-packages/airflow/example_dags/tutorial_taskflow_api.py for tasks to queue
[2023-09-01T15:09:01.514+0000] {logging_mixin.py:151} INFO - [2023-09-01T15:09:01.514+0000] {dagbag.py:539} INFO - Filling up the DagBag from /home/airflow/.local/lib/python3.8/site-packages/airflow/example_dags/tutorial_taskflow_api.py
[2023-09-01T15:09:01.522+0000] {processor.py:839} INFO - DAG(s) dict_keys(['tutorial_taskflow_api']) retrieved from /home/airflow/.local/lib/python3.8/site-packages/airflow/example_dags/tutorial_taskflow_api.py
[2023-09-01T15:09:01.546+0000] {logging_mixin.py:151} INFO - [2023-09-01T15:09:01.545+0000] {dag.py:2907} INFO - Sync 1 DAGs
[2023-09-01T15:09:01.561+0000] {logging_mixin.py:151} INFO - [2023-09-01T15:09:01.561+0000] {dag.py:3677} INFO - Setting next_dagrun for tutorial_taskflow_api to None, run_after=None
[2023-09-01T15:09:01.581+0000] {processor.py:179} INFO - Processing /home/airflow/.local/lib/python3.8/site-packages/airflow/example_dags/tutorial_taskflow_api.py took 0.075 seconds
[2023-09-01T15:09:32.443+0000] {processor.py:157} INFO - Started process (PID=2099) to work on /home/airflow/.local/lib/python3.8/site-packages/airflow/example_dags/tutorial_taskflow_api.py
[2023-09-01T15:09:32.444+0000] {processor.py:829} INFO - Processing file /home/airflow/.local/lib/python3.8/site-packages/airflow/example_dags/tutorial_taskflow_api.py for tasks to queue
[2023-09-01T15:09:32.447+0000] {logging_mixin.py:151} INFO - [2023-09-01T15:09:32.447+0000] {dagbag.py:539} INFO - Filling up the DagBag from /home/airflow/.local/lib/python3.8/site-packages/airflow/example_dags/tutorial_taskflow_api.py
[2023-09-01T15:09:32.455+0000] {processor.py:839} INFO - DAG(s) dict_keys(['tutorial_taskflow_api']) retrieved from /home/airflow/.local/lib/python3.8/site-packages/airflow/example_dags/tutorial_taskflow_api.py
[2023-09-01T15:09:32.481+0000] {logging_mixin.py:151} INFO - [2023-09-01T15:09:32.481+0000] {dag.py:2907} INFO - Sync 1 DAGs
[2023-09-01T15:09:32.498+0000] {logging_mixin.py:151} INFO - [2023-09-01T15:09:32.497+0000] {dag.py:3677} INFO - Setting next_dagrun for tutorial_taskflow_api to None, run_after=None
[2023-09-01T15:09:32.519+0000] {processor.py:179} INFO - Processing /home/airflow/.local/lib/python3.8/site-packages/airflow/example_dags/tutorial_taskflow_api.py took 0.081 seconds
[2023-09-01T15:10:02.994+0000] {processor.py:157} INFO - Started process (PID=2153) to work on /home/airflow/.local/lib/python3.8/site-packages/airflow/example_dags/tutorial_taskflow_api.py
[2023-09-01T15:10:02.995+0000] {processor.py:829} INFO - Processing file /home/airflow/.local/lib/python3.8/site-packages/airflow/example_dags/tutorial_taskflow_api.py for tasks to queue
[2023-09-01T15:10:02.998+0000] {logging_mixin.py:151} INFO - [2023-09-01T15:10:02.997+0000] {dagbag.py:539} INFO - Filling up the DagBag from /home/airflow/.local/lib/python3.8/site-packages/airflow/example_dags/tutorial_taskflow_api.py
[2023-09-01T15:10:03.005+0000] {processor.py:839} INFO - DAG(s) dict_keys(['tutorial_taskflow_api']) retrieved from /home/airflow/.local/lib/python3.8/site-packages/airflow/example_dags/tutorial_taskflow_api.py
[2023-09-01T15:10:03.028+0000] {logging_mixin.py:151} INFO - [2023-09-01T15:10:03.028+0000] {dag.py:2907} INFO - Sync 1 DAGs
[2023-09-01T15:10:03.043+0000] {logging_mixin.py:151} INFO - [2023-09-01T15:10:03.042+0000] {dag.py:3677} INFO - Setting next_dagrun for tutorial_taskflow_api to None, run_after=None
[2023-09-01T15:10:03.062+0000] {processor.py:179} INFO - Processing /home/airflow/.local/lib/python3.8/site-packages/airflow/example_dags/tutorial_taskflow_api.py took 0.072 seconds
[2023-09-01T15:10:33.460+0000] {processor.py:157} INFO - Started process (PID=2207) to work on /home/airflow/.local/lib/python3.8/site-packages/airflow/example_dags/tutorial_taskflow_api.py
[2023-09-01T15:10:33.461+0000] {processor.py:829} INFO - Processing file /home/airflow/.local/lib/python3.8/site-packages/airflow/example_dags/tutorial_taskflow_api.py for tasks to queue
[2023-09-01T15:10:33.464+0000] {logging_mixin.py:151} INFO - [2023-09-01T15:10:33.463+0000] {dagbag.py:539} INFO - Filling up the DagBag from /home/airflow/.local/lib/python3.8/site-packages/airflow/example_dags/tutorial_taskflow_api.py
[2023-09-01T15:10:33.471+0000] {processor.py:839} INFO - DAG(s) dict_keys(['tutorial_taskflow_api']) retrieved from /home/airflow/.local/lib/python3.8/site-packages/airflow/example_dags/tutorial_taskflow_api.py
[2023-09-01T15:10:33.495+0000] {logging_mixin.py:151} INFO - [2023-09-01T15:10:33.494+0000] {dag.py:2907} INFO - Sync 1 DAGs
[2023-09-01T15:10:33.509+0000] {logging_mixin.py:151} INFO - [2023-09-01T15:10:33.509+0000] {dag.py:3677} INFO - Setting next_dagrun for tutorial_taskflow_api to None, run_after=None
[2023-09-01T15:10:33.529+0000] {processor.py:179} INFO - Processing /home/airflow/.local/lib/python3.8/site-packages/airflow/example_dags/tutorial_taskflow_api.py took 0.074 seconds
[2023-09-01T15:11:03.827+0000] {processor.py:157} INFO - Started process (PID=2261) to work on /home/airflow/.local/lib/python3.8/site-packages/airflow/example_dags/tutorial_taskflow_api.py
[2023-09-01T15:11:03.829+0000] {processor.py:829} INFO - Processing file /home/airflow/.local/lib/python3.8/site-packages/airflow/example_dags/tutorial_taskflow_api.py for tasks to queue
[2023-09-01T15:11:03.831+0000] {logging_mixin.py:151} INFO - [2023-09-01T15:11:03.831+0000] {dagbag.py:539} INFO - Filling up the DagBag from /home/airflow/.local/lib/python3.8/site-packages/airflow/example_dags/tutorial_taskflow_api.py
[2023-09-01T15:11:03.839+0000] {processor.py:839} INFO - DAG(s) dict_keys(['tutorial_taskflow_api']) retrieved from /home/airflow/.local/lib/python3.8/site-packages/airflow/example_dags/tutorial_taskflow_api.py
[2023-09-01T15:11:03.862+0000] {logging_mixin.py:151} INFO - [2023-09-01T15:11:03.862+0000] {dag.py:2907} INFO - Sync 1 DAGs
[2023-09-01T15:11:03.876+0000] {logging_mixin.py:151} INFO - [2023-09-01T15:11:03.875+0000] {dag.py:3677} INFO - Setting next_dagrun for tutorial_taskflow_api to None, run_after=None
[2023-09-01T15:11:03.895+0000] {processor.py:179} INFO - Processing /home/airflow/.local/lib/python3.8/site-packages/airflow/example_dags/tutorial_taskflow_api.py took 0.072 seconds
[2023-09-01T15:11:34.170+0000] {processor.py:157} INFO - Started process (PID=2315) to work on /home/airflow/.local/lib/python3.8/site-packages/airflow/example_dags/tutorial_taskflow_api.py
[2023-09-01T15:11:34.171+0000] {processor.py:829} INFO - Processing file /home/airflow/.local/lib/python3.8/site-packages/airflow/example_dags/tutorial_taskflow_api.py for tasks to queue
[2023-09-01T15:11:34.174+0000] {logging_mixin.py:151} INFO - [2023-09-01T15:11:34.174+0000] {dagbag.py:539} INFO - Filling up the DagBag from /home/airflow/.local/lib/python3.8/site-packages/airflow/example_dags/tutorial_taskflow_api.py
[2023-09-01T15:11:34.182+0000] {processor.py:839} INFO - DAG(s) dict_keys(['tutorial_taskflow_api']) retrieved from /home/airflow/.local/lib/python3.8/site-packages/airflow/example_dags/tutorial_taskflow_api.py
[2023-09-01T15:11:34.205+0000] {logging_mixin.py:151} INFO - [2023-09-01T15:11:34.205+0000] {dag.py:2907} INFO - Sync 1 DAGs
[2023-09-01T15:11:34.218+0000] {logging_mixin.py:151} INFO - [2023-09-01T15:11:34.218+0000] {dag.py:3677} INFO - Setting next_dagrun for tutorial_taskflow_api to None, run_after=None
[2023-09-01T15:11:34.237+0000] {processor.py:179} INFO - Processing /home/airflow/.local/lib/python3.8/site-packages/airflow/example_dags/tutorial_taskflow_api.py took 0.072 seconds
[2023-09-01T15:12:05.155+0000] {processor.py:157} INFO - Started process (PID=2369) to work on /home/airflow/.local/lib/python3.8/site-packages/airflow/example_dags/tutorial_taskflow_api.py
[2023-09-01T15:12:05.157+0000] {processor.py:829} INFO - Processing file /home/airflow/.local/lib/python3.8/site-packages/airflow/example_dags/tutorial_taskflow_api.py for tasks to queue
[2023-09-01T15:12:05.160+0000] {logging_mixin.py:151} INFO - [2023-09-01T15:12:05.159+0000] {dagbag.py:539} INFO - Filling up the DagBag from /home/airflow/.local/lib/python3.8/site-packages/airflow/example_dags/tutorial_taskflow_api.py
[2023-09-01T15:12:05.167+0000] {processor.py:839} INFO - DAG(s) dict_keys(['tutorial_taskflow_api']) retrieved from /home/airflow/.local/lib/python3.8/site-packages/airflow/example_dags/tutorial_taskflow_api.py
[2023-09-01T15:12:05.191+0000] {logging_mixin.py:151} INFO - [2023-09-01T15:12:05.191+0000] {dag.py:2907} INFO - Sync 1 DAGs
[2023-09-01T15:12:05.206+0000] {logging_mixin.py:151} INFO - [2023-09-01T15:12:05.206+0000] {dag.py:3677} INFO - Setting next_dagrun for tutorial_taskflow_api to None, run_after=None
[2023-09-01T15:12:05.226+0000] {processor.py:179} INFO - Processing /home/airflow/.local/lib/python3.8/site-packages/airflow/example_dags/tutorial_taskflow_api.py took 0.075 seconds
[2023-09-01T15:12:35.440+0000] {processor.py:157} INFO - Started process (PID=2423) to work on /home/airflow/.local/lib/python3.8/site-packages/airflow/example_dags/tutorial_taskflow_api.py
[2023-09-01T15:12:35.441+0000] {processor.py:829} INFO - Processing file /home/airflow/.local/lib/python3.8/site-packages/airflow/example_dags/tutorial_taskflow_api.py for tasks to queue
[2023-09-01T15:12:35.444+0000] {logging_mixin.py:151} INFO - [2023-09-01T15:12:35.444+0000] {dagbag.py:539} INFO - Filling up the DagBag from /home/airflow/.local/lib/python3.8/site-packages/airflow/example_dags/tutorial_taskflow_api.py
[2023-09-01T15:12:35.452+0000] {processor.py:839} INFO - DAG(s) dict_keys(['tutorial_taskflow_api']) retrieved from /home/airflow/.local/lib/python3.8/site-packages/airflow/example_dags/tutorial_taskflow_api.py
[2023-09-01T15:12:35.476+0000] {logging_mixin.py:151} INFO - [2023-09-01T15:12:35.476+0000] {dag.py:2907} INFO - Sync 1 DAGs
[2023-09-01T15:12:35.490+0000] {logging_mixin.py:151} INFO - [2023-09-01T15:12:35.490+0000] {dag.py:3677} INFO - Setting next_dagrun for tutorial_taskflow_api to None, run_after=None
[2023-09-01T15:12:35.510+0000] {processor.py:179} INFO - Processing /home/airflow/.local/lib/python3.8/site-packages/airflow/example_dags/tutorial_taskflow_api.py took 0.075 seconds
[2023-09-01T15:13:05.792+0000] {processor.py:157} INFO - Started process (PID=2477) to work on /home/airflow/.local/lib/python3.8/site-packages/airflow/example_dags/tutorial_taskflow_api.py
[2023-09-01T15:13:05.794+0000] {processor.py:829} INFO - Processing file /home/airflow/.local/lib/python3.8/site-packages/airflow/example_dags/tutorial_taskflow_api.py for tasks to queue
[2023-09-01T15:13:05.796+0000] {logging_mixin.py:151} INFO - [2023-09-01T15:13:05.796+0000] {dagbag.py:539} INFO - Filling up the DagBag from /home/airflow/.local/lib/python3.8/site-packages/airflow/example_dags/tutorial_taskflow_api.py
[2023-09-01T15:13:05.804+0000] {processor.py:839} INFO - DAG(s) dict_keys(['tutorial_taskflow_api']) retrieved from /home/airflow/.local/lib/python3.8/site-packages/airflow/example_dags/tutorial_taskflow_api.py
[2023-09-01T15:13:05.827+0000] {logging_mixin.py:151} INFO - [2023-09-01T15:13:05.827+0000] {dag.py:2907} INFO - Sync 1 DAGs
[2023-09-01T15:13:05.841+0000] {logging_mixin.py:151} INFO - [2023-09-01T15:13:05.841+0000] {dag.py:3677} INFO - Setting next_dagrun for tutorial_taskflow_api to None, run_after=None
[2023-09-01T15:13:05.860+0000] {processor.py:179} INFO - Processing /home/airflow/.local/lib/python3.8/site-packages/airflow/example_dags/tutorial_taskflow_api.py took 0.072 seconds
[2023-09-01T15:13:36.368+0000] {processor.py:157} INFO - Started process (PID=2531) to work on /home/airflow/.local/lib/python3.8/site-packages/airflow/example_dags/tutorial_taskflow_api.py
[2023-09-01T15:13:36.370+0000] {processor.py:829} INFO - Processing file /home/airflow/.local/lib/python3.8/site-packages/airflow/example_dags/tutorial_taskflow_api.py for tasks to queue
[2023-09-01T15:13:36.375+0000] {logging_mixin.py:151} INFO - [2023-09-01T15:13:36.374+0000] {dagbag.py:539} INFO - Filling up the DagBag from /home/airflow/.local/lib/python3.8/site-packages/airflow/example_dags/tutorial_taskflow_api.py
[2023-09-01T15:13:36.385+0000] {processor.py:839} INFO - DAG(s) dict_keys(['tutorial_taskflow_api']) retrieved from /home/airflow/.local/lib/python3.8/site-packages/airflow/example_dags/tutorial_taskflow_api.py
[2023-09-01T15:13:36.416+0000] {logging_mixin.py:151} INFO - [2023-09-01T15:13:36.416+0000] {dag.py:2907} INFO - Sync 1 DAGs
[2023-09-01T15:13:36.434+0000] {logging_mixin.py:151} INFO - [2023-09-01T15:13:36.434+0000] {dag.py:3677} INFO - Setting next_dagrun for tutorial_taskflow_api to None, run_after=None
[2023-09-01T15:13:36.459+0000] {processor.py:179} INFO - Processing /home/airflow/.local/lib/python3.8/site-packages/airflow/example_dags/tutorial_taskflow_api.py took 0.096 seconds
[2023-09-01T15:14:06.718+0000] {processor.py:157} INFO - Started process (PID=2585) to work on /home/airflow/.local/lib/python3.8/site-packages/airflow/example_dags/tutorial_taskflow_api.py
[2023-09-01T15:14:06.719+0000] {processor.py:829} INFO - Processing file /home/airflow/.local/lib/python3.8/site-packages/airflow/example_dags/tutorial_taskflow_api.py for tasks to queue
[2023-09-01T15:14:06.722+0000] {logging_mixin.py:151} INFO - [2023-09-01T15:14:06.722+0000] {dagbag.py:539} INFO - Filling up the DagBag from /home/airflow/.local/lib/python3.8/site-packages/airflow/example_dags/tutorial_taskflow_api.py
[2023-09-01T15:14:06.729+0000] {processor.py:839} INFO - DAG(s) dict_keys(['tutorial_taskflow_api']) retrieved from /home/airflow/.local/lib/python3.8/site-packages/airflow/example_dags/tutorial_taskflow_api.py
[2023-09-01T15:14:06.752+0000] {logging_mixin.py:151} INFO - [2023-09-01T15:14:06.752+0000] {dag.py:2907} INFO - Sync 1 DAGs
[2023-09-01T15:14:06.766+0000] {logging_mixin.py:151} INFO - [2023-09-01T15:14:06.766+0000] {dag.py:3677} INFO - Setting next_dagrun for tutorial_taskflow_api to None, run_after=None
[2023-09-01T15:14:06.785+0000] {processor.py:179} INFO - Processing /home/airflow/.local/lib/python3.8/site-packages/airflow/example_dags/tutorial_taskflow_api.py took 0.071 seconds
[2023-09-01T15:14:37.708+0000] {processor.py:157} INFO - Started process (PID=2639) to work on /home/airflow/.local/lib/python3.8/site-packages/airflow/example_dags/tutorial_taskflow_api.py
[2023-09-01T15:14:37.709+0000] {processor.py:829} INFO - Processing file /home/airflow/.local/lib/python3.8/site-packages/airflow/example_dags/tutorial_taskflow_api.py for tasks to queue
[2023-09-01T15:14:37.712+0000] {logging_mixin.py:151} INFO - [2023-09-01T15:14:37.712+0000] {dagbag.py:539} INFO - Filling up the DagBag from /home/airflow/.local/lib/python3.8/site-packages/airflow/example_dags/tutorial_taskflow_api.py
[2023-09-01T15:14:37.720+0000] {processor.py:839} INFO - DAG(s) dict_keys(['tutorial_taskflow_api']) retrieved from /home/airflow/.local/lib/python3.8/site-packages/airflow/example_dags/tutorial_taskflow_api.py
[2023-09-01T15:14:37.743+0000] {logging_mixin.py:151} INFO - [2023-09-01T15:14:37.743+0000] {dag.py:2907} INFO - Sync 1 DAGs
[2023-09-01T15:14:37.757+0000] {logging_mixin.py:151} INFO - [2023-09-01T15:14:37.757+0000] {dag.py:3677} INFO - Setting next_dagrun for tutorial_taskflow_api to None, run_after=None
[2023-09-01T15:14:37.776+0000] {processor.py:179} INFO - Processing /home/airflow/.local/lib/python3.8/site-packages/airflow/example_dags/tutorial_taskflow_api.py took 0.072 seconds
[2023-09-01T15:15:08.693+0000] {processor.py:157} INFO - Started process (PID=2693) to work on /home/airflow/.local/lib/python3.8/site-packages/airflow/example_dags/tutorial_taskflow_api.py
[2023-09-01T15:15:08.694+0000] {processor.py:829} INFO - Processing file /home/airflow/.local/lib/python3.8/site-packages/airflow/example_dags/tutorial_taskflow_api.py for tasks to queue
[2023-09-01T15:15:08.697+0000] {logging_mixin.py:151} INFO - [2023-09-01T15:15:08.697+0000] {dagbag.py:539} INFO - Filling up the DagBag from /home/airflow/.local/lib/python3.8/site-packages/airflow/example_dags/tutorial_taskflow_api.py
[2023-09-01T15:15:08.705+0000] {processor.py:839} INFO - DAG(s) dict_keys(['tutorial_taskflow_api']) retrieved from /home/airflow/.local/lib/python3.8/site-packages/airflow/example_dags/tutorial_taskflow_api.py
[2023-09-01T15:15:08.730+0000] {logging_mixin.py:151} INFO - [2023-09-01T15:15:08.730+0000] {dag.py:2907} INFO - Sync 1 DAGs
[2023-09-01T15:15:08.745+0000] {logging_mixin.py:151} INFO - [2023-09-01T15:15:08.745+0000] {dag.py:3677} INFO - Setting next_dagrun for tutorial_taskflow_api to None, run_after=None
[2023-09-01T15:15:08.764+0000] {processor.py:179} INFO - Processing /home/airflow/.local/lib/python3.8/site-packages/airflow/example_dags/tutorial_taskflow_api.py took 0.075 seconds
[2023-09-01T15:15:39.065+0000] {processor.py:157} INFO - Started process (PID=2747) to work on /home/airflow/.local/lib/python3.8/site-packages/airflow/example_dags/tutorial_taskflow_api.py
[2023-09-01T15:15:39.066+0000] {processor.py:829} INFO - Processing file /home/airflow/.local/lib/python3.8/site-packages/airflow/example_dags/tutorial_taskflow_api.py for tasks to queue
[2023-09-01T15:15:39.069+0000] {logging_mixin.py:151} INFO - [2023-09-01T15:15:39.068+0000] {dagbag.py:539} INFO - Filling up the DagBag from /home/airflow/.local/lib/python3.8/site-packages/airflow/example_dags/tutorial_taskflow_api.py
[2023-09-01T15:15:39.076+0000] {processor.py:839} INFO - DAG(s) dict_keys(['tutorial_taskflow_api']) retrieved from /home/airflow/.local/lib/python3.8/site-packages/airflow/example_dags/tutorial_taskflow_api.py
[2023-09-01T15:15:39.099+0000] {logging_mixin.py:151} INFO - [2023-09-01T15:15:39.099+0000] {dag.py:2907} INFO - Sync 1 DAGs
[2023-09-01T15:15:39.113+0000] {logging_mixin.py:151} INFO - [2023-09-01T15:15:39.113+0000] {dag.py:3677} INFO - Setting next_dagrun for tutorial_taskflow_api to None, run_after=None
[2023-09-01T15:15:39.133+0000] {processor.py:179} INFO - Processing /home/airflow/.local/lib/python3.8/site-packages/airflow/example_dags/tutorial_taskflow_api.py took 0.073 seconds
[2023-09-01T15:16:10.163+0000] {processor.py:157} INFO - Started process (PID=2801) to work on /home/airflow/.local/lib/python3.8/site-packages/airflow/example_dags/tutorial_taskflow_api.py
[2023-09-01T15:16:10.164+0000] {processor.py:829} INFO - Processing file /home/airflow/.local/lib/python3.8/site-packages/airflow/example_dags/tutorial_taskflow_api.py for tasks to queue
[2023-09-01T15:16:10.167+0000] {logging_mixin.py:151} INFO - [2023-09-01T15:16:10.167+0000] {dagbag.py:539} INFO - Filling up the DagBag from /home/airflow/.local/lib/python3.8/site-packages/airflow/example_dags/tutorial_taskflow_api.py
[2023-09-01T15:16:10.175+0000] {processor.py:839} INFO - DAG(s) dict_keys(['tutorial_taskflow_api']) retrieved from /home/airflow/.local/lib/python3.8/site-packages/airflow/example_dags/tutorial_taskflow_api.py
[2023-09-01T15:16:10.196+0000] {logging_mixin.py:151} INFO - [2023-09-01T15:16:10.196+0000] {dag.py:2907} INFO - Sync 1 DAGs
[2023-09-01T15:16:10.209+0000] {logging_mixin.py:151} INFO - [2023-09-01T15:16:10.208+0000] {dag.py:3677} INFO - Setting next_dagrun for tutorial_taskflow_api to None, run_after=None
[2023-09-01T15:16:10.224+0000] {processor.py:179} INFO - Processing /home/airflow/.local/lib/python3.8/site-packages/airflow/example_dags/tutorial_taskflow_api.py took 0.066 seconds
[2023-09-01T15:16:40.626+0000] {processor.py:157} INFO - Started process (PID=2856) to work on /home/airflow/.local/lib/python3.8/site-packages/airflow/example_dags/tutorial_taskflow_api.py
[2023-09-01T15:16:40.627+0000] {processor.py:829} INFO - Processing file /home/airflow/.local/lib/python3.8/site-packages/airflow/example_dags/tutorial_taskflow_api.py for tasks to queue
[2023-09-01T15:16:40.630+0000] {logging_mixin.py:151} INFO - [2023-09-01T15:16:40.629+0000] {dagbag.py:539} INFO - Filling up the DagBag from /home/airflow/.local/lib/python3.8/site-packages/airflow/example_dags/tutorial_taskflow_api.py
[2023-09-01T15:16:40.637+0000] {processor.py:839} INFO - DAG(s) dict_keys(['tutorial_taskflow_api']) retrieved from /home/airflow/.local/lib/python3.8/site-packages/airflow/example_dags/tutorial_taskflow_api.py
[2023-09-01T15:16:40.661+0000] {logging_mixin.py:151} INFO - [2023-09-01T15:16:40.660+0000] {dag.py:2907} INFO - Sync 1 DAGs
[2023-09-01T15:16:40.675+0000] {logging_mixin.py:151} INFO - [2023-09-01T15:16:40.675+0000] {dag.py:3677} INFO - Setting next_dagrun for tutorial_taskflow_api to None, run_after=None
[2023-09-01T15:16:40.694+0000] {processor.py:179} INFO - Processing /home/airflow/.local/lib/python3.8/site-packages/airflow/example_dags/tutorial_taskflow_api.py took 0.073 seconds
[2023-09-01T15:17:11.145+0000] {processor.py:157} INFO - Started process (PID=2911) to work on /home/airflow/.local/lib/python3.8/site-packages/airflow/example_dags/tutorial_taskflow_api.py
[2023-09-01T15:17:11.146+0000] {processor.py:829} INFO - Processing file /home/airflow/.local/lib/python3.8/site-packages/airflow/example_dags/tutorial_taskflow_api.py for tasks to queue
[2023-09-01T15:17:11.149+0000] {logging_mixin.py:151} INFO - [2023-09-01T15:17:11.149+0000] {dagbag.py:539} INFO - Filling up the DagBag from /home/airflow/.local/lib/python3.8/site-packages/airflow/example_dags/tutorial_taskflow_api.py
[2023-09-01T15:17:11.156+0000] {processor.py:839} INFO - DAG(s) dict_keys(['tutorial_taskflow_api']) retrieved from /home/airflow/.local/lib/python3.8/site-packages/airflow/example_dags/tutorial_taskflow_api.py
[2023-09-01T15:17:11.181+0000] {logging_mixin.py:151} INFO - [2023-09-01T15:17:11.180+0000] {dag.py:2907} INFO - Sync 1 DAGs
[2023-09-01T15:17:11.198+0000] {logging_mixin.py:151} INFO - [2023-09-01T15:17:11.197+0000] {dag.py:3677} INFO - Setting next_dagrun for tutorial_taskflow_api to None, run_after=None
[2023-09-01T15:17:11.217+0000] {processor.py:179} INFO - Processing /home/airflow/.local/lib/python3.8/site-packages/airflow/example_dags/tutorial_taskflow_api.py took 0.077 seconds
[2023-09-01T15:17:41.730+0000] {processor.py:157} INFO - Started process (PID=2965) to work on /home/airflow/.local/lib/python3.8/site-packages/airflow/example_dags/tutorial_taskflow_api.py
[2023-09-01T15:17:41.731+0000] {processor.py:829} INFO - Processing file /home/airflow/.local/lib/python3.8/site-packages/airflow/example_dags/tutorial_taskflow_api.py for tasks to queue
[2023-09-01T15:17:41.734+0000] {logging_mixin.py:151} INFO - [2023-09-01T15:17:41.734+0000] {dagbag.py:539} INFO - Filling up the DagBag from /home/airflow/.local/lib/python3.8/site-packages/airflow/example_dags/tutorial_taskflow_api.py
[2023-09-01T15:17:41.742+0000] {processor.py:839} INFO - DAG(s) dict_keys(['tutorial_taskflow_api']) retrieved from /home/airflow/.local/lib/python3.8/site-packages/airflow/example_dags/tutorial_taskflow_api.py
[2023-09-01T15:17:41.765+0000] {logging_mixin.py:151} INFO - [2023-09-01T15:17:41.765+0000] {dag.py:2907} INFO - Sync 1 DAGs
[2023-09-01T15:17:41.779+0000] {logging_mixin.py:151} INFO - [2023-09-01T15:17:41.779+0000] {dag.py:3677} INFO - Setting next_dagrun for tutorial_taskflow_api to None, run_after=None
[2023-09-01T15:17:41.798+0000] {processor.py:179} INFO - Processing /home/airflow/.local/lib/python3.8/site-packages/airflow/example_dags/tutorial_taskflow_api.py took 0.072 seconds
[2023-09-01T15:18:12.708+0000] {processor.py:157} INFO - Started process (PID=3019) to work on /home/airflow/.local/lib/python3.8/site-packages/airflow/example_dags/tutorial_taskflow_api.py
[2023-09-01T15:18:12.709+0000] {processor.py:829} INFO - Processing file /home/airflow/.local/lib/python3.8/site-packages/airflow/example_dags/tutorial_taskflow_api.py for tasks to queue
[2023-09-01T15:18:12.712+0000] {logging_mixin.py:151} INFO - [2023-09-01T15:18:12.712+0000] {dagbag.py:539} INFO - Filling up the DagBag from /home/airflow/.local/lib/python3.8/site-packages/airflow/example_dags/tutorial_taskflow_api.py
[2023-09-01T15:18:12.720+0000] {processor.py:839} INFO - DAG(s) dict_keys(['tutorial_taskflow_api']) retrieved from /home/airflow/.local/lib/python3.8/site-packages/airflow/example_dags/tutorial_taskflow_api.py
[2023-09-01T15:18:12.742+0000] {logging_mixin.py:151} INFO - [2023-09-01T15:18:12.742+0000] {dag.py:2907} INFO - Sync 1 DAGs
[2023-09-01T15:18:12.755+0000] {logging_mixin.py:151} INFO - [2023-09-01T15:18:12.755+0000] {dag.py:3677} INFO - Setting next_dagrun for tutorial_taskflow_api to None, run_after=None
[2023-09-01T15:18:12.772+0000] {processor.py:179} INFO - Processing /home/airflow/.local/lib/python3.8/site-packages/airflow/example_dags/tutorial_taskflow_api.py took 0.068 seconds
[2023-09-01T15:18:43.294+0000] {processor.py:157} INFO - Started process (PID=3073) to work on /home/airflow/.local/lib/python3.8/site-packages/airflow/example_dags/tutorial_taskflow_api.py
[2023-09-01T15:18:43.295+0000] {processor.py:829} INFO - Processing file /home/airflow/.local/lib/python3.8/site-packages/airflow/example_dags/tutorial_taskflow_api.py for tasks to queue
[2023-09-01T15:18:43.298+0000] {logging_mixin.py:151} INFO - [2023-09-01T15:18:43.298+0000] {dagbag.py:539} INFO - Filling up the DagBag from /home/airflow/.local/lib/python3.8/site-packages/airflow/example_dags/tutorial_taskflow_api.py
[2023-09-01T15:18:43.306+0000] {processor.py:839} INFO - DAG(s) dict_keys(['tutorial_taskflow_api']) retrieved from /home/airflow/.local/lib/python3.8/site-packages/airflow/example_dags/tutorial_taskflow_api.py
[2023-09-01T15:18:43.330+0000] {logging_mixin.py:151} INFO - [2023-09-01T15:18:43.330+0000] {dag.py:2907} INFO - Sync 1 DAGs
[2023-09-01T15:18:43.344+0000] {logging_mixin.py:151} INFO - [2023-09-01T15:18:43.344+0000] {dag.py:3677} INFO - Setting next_dagrun for tutorial_taskflow_api to None, run_after=None
[2023-09-01T15:18:43.367+0000] {processor.py:179} INFO - Processing /home/airflow/.local/lib/python3.8/site-packages/airflow/example_dags/tutorial_taskflow_api.py took 0.078 seconds
[2023-09-01T15:19:13.921+0000] {processor.py:157} INFO - Started process (PID=3127) to work on /home/airflow/.local/lib/python3.8/site-packages/airflow/example_dags/tutorial_taskflow_api.py
[2023-09-01T15:19:13.922+0000] {processor.py:829} INFO - Processing file /home/airflow/.local/lib/python3.8/site-packages/airflow/example_dags/tutorial_taskflow_api.py for tasks to queue
[2023-09-01T15:19:13.925+0000] {logging_mixin.py:151} INFO - [2023-09-01T15:19:13.925+0000] {dagbag.py:539} INFO - Filling up the DagBag from /home/airflow/.local/lib/python3.8/site-packages/airflow/example_dags/tutorial_taskflow_api.py
[2023-09-01T15:19:13.933+0000] {processor.py:839} INFO - DAG(s) dict_keys(['tutorial_taskflow_api']) retrieved from /home/airflow/.local/lib/python3.8/site-packages/airflow/example_dags/tutorial_taskflow_api.py
[2023-09-01T15:19:13.955+0000] {logging_mixin.py:151} INFO - [2023-09-01T15:19:13.955+0000] {dag.py:2907} INFO - Sync 1 DAGs
[2023-09-01T15:19:13.970+0000] {logging_mixin.py:151} INFO - [2023-09-01T15:19:13.970+0000] {dag.py:3677} INFO - Setting next_dagrun for tutorial_taskflow_api to None, run_after=None
[2023-09-01T15:19:13.989+0000] {processor.py:179} INFO - Processing /home/airflow/.local/lib/python3.8/site-packages/airflow/example_dags/tutorial_taskflow_api.py took 0.072 seconds
[2023-09-01T15:19:44.555+0000] {processor.py:157} INFO - Started process (PID=3181) to work on /home/airflow/.local/lib/python3.8/site-packages/airflow/example_dags/tutorial_taskflow_api.py
[2023-09-01T15:19:44.556+0000] {processor.py:829} INFO - Processing file /home/airflow/.local/lib/python3.8/site-packages/airflow/example_dags/tutorial_taskflow_api.py for tasks to queue
[2023-09-01T15:19:44.559+0000] {logging_mixin.py:151} INFO - [2023-09-01T15:19:44.559+0000] {dagbag.py:539} INFO - Filling up the DagBag from /home/airflow/.local/lib/python3.8/site-packages/airflow/example_dags/tutorial_taskflow_api.py
[2023-09-01T15:19:44.567+0000] {processor.py:839} INFO - DAG(s) dict_keys(['tutorial_taskflow_api']) retrieved from /home/airflow/.local/lib/python3.8/site-packages/airflow/example_dags/tutorial_taskflow_api.py
[2023-09-01T15:19:44.591+0000] {logging_mixin.py:151} INFO - [2023-09-01T15:19:44.591+0000] {dag.py:2907} INFO - Sync 1 DAGs
[2023-09-01T15:19:44.606+0000] {logging_mixin.py:151} INFO - [2023-09-01T15:19:44.606+0000] {dag.py:3677} INFO - Setting next_dagrun for tutorial_taskflow_api to None, run_after=None
[2023-09-01T15:19:44.627+0000] {processor.py:179} INFO - Processing /home/airflow/.local/lib/python3.8/site-packages/airflow/example_dags/tutorial_taskflow_api.py took 0.076 seconds
[2023-09-01T15:20:15.036+0000] {processor.py:157} INFO - Started process (PID=3235) to work on /home/airflow/.local/lib/python3.8/site-packages/airflow/example_dags/tutorial_taskflow_api.py
[2023-09-01T15:20:15.037+0000] {processor.py:829} INFO - Processing file /home/airflow/.local/lib/python3.8/site-packages/airflow/example_dags/tutorial_taskflow_api.py for tasks to queue
[2023-09-01T15:20:15.040+0000] {logging_mixin.py:151} INFO - [2023-09-01T15:20:15.039+0000] {dagbag.py:539} INFO - Filling up the DagBag from /home/airflow/.local/lib/python3.8/site-packages/airflow/example_dags/tutorial_taskflow_api.py
[2023-09-01T15:20:15.047+0000] {processor.py:839} INFO - DAG(s) dict_keys(['tutorial_taskflow_api']) retrieved from /home/airflow/.local/lib/python3.8/site-packages/airflow/example_dags/tutorial_taskflow_api.py
[2023-09-01T15:20:15.070+0000] {logging_mixin.py:151} INFO - [2023-09-01T15:20:15.070+0000] {dag.py:2907} INFO - Sync 1 DAGs
[2023-09-01T15:20:15.084+0000] {logging_mixin.py:151} INFO - [2023-09-01T15:20:15.084+0000] {dag.py:3677} INFO - Setting next_dagrun for tutorial_taskflow_api to None, run_after=None
[2023-09-01T15:20:15.104+0000] {processor.py:179} INFO - Processing /home/airflow/.local/lib/python3.8/site-packages/airflow/example_dags/tutorial_taskflow_api.py took 0.073 seconds
[2023-09-01T15:20:45.542+0000] {processor.py:157} INFO - Started process (PID=3289) to work on /home/airflow/.local/lib/python3.8/site-packages/airflow/example_dags/tutorial_taskflow_api.py
[2023-09-01T15:20:45.543+0000] {processor.py:829} INFO - Processing file /home/airflow/.local/lib/python3.8/site-packages/airflow/example_dags/tutorial_taskflow_api.py for tasks to queue
[2023-09-01T15:20:45.546+0000] {logging_mixin.py:151} INFO - [2023-09-01T15:20:45.545+0000] {dagbag.py:539} INFO - Filling up the DagBag from /home/airflow/.local/lib/python3.8/site-packages/airflow/example_dags/tutorial_taskflow_api.py
[2023-09-01T15:20:45.553+0000] {processor.py:839} INFO - DAG(s) dict_keys(['tutorial_taskflow_api']) retrieved from /home/airflow/.local/lib/python3.8/site-packages/airflow/example_dags/tutorial_taskflow_api.py
[2023-09-01T15:20:45.576+0000] {logging_mixin.py:151} INFO - [2023-09-01T15:20:45.575+0000] {dag.py:2907} INFO - Sync 1 DAGs
[2023-09-01T15:20:45.588+0000] {logging_mixin.py:151} INFO - [2023-09-01T15:20:45.588+0000] {dag.py:3677} INFO - Setting next_dagrun for tutorial_taskflow_api to None, run_after=None
[2023-09-01T15:20:45.603+0000] {processor.py:179} INFO - Processing /home/airflow/.local/lib/python3.8/site-packages/airflow/example_dags/tutorial_taskflow_api.py took 0.066 seconds
[2023-09-01T15:21:16.237+0000] {processor.py:157} INFO - Started process (PID=3343) to work on /home/airflow/.local/lib/python3.8/site-packages/airflow/example_dags/tutorial_taskflow_api.py
[2023-09-01T15:21:16.238+0000] {processor.py:829} INFO - Processing file /home/airflow/.local/lib/python3.8/site-packages/airflow/example_dags/tutorial_taskflow_api.py for tasks to queue
[2023-09-01T15:21:16.241+0000] {logging_mixin.py:151} INFO - [2023-09-01T15:21:16.240+0000] {dagbag.py:539} INFO - Filling up the DagBag from /home/airflow/.local/lib/python3.8/site-packages/airflow/example_dags/tutorial_taskflow_api.py
[2023-09-01T15:21:16.248+0000] {processor.py:839} INFO - DAG(s) dict_keys(['tutorial_taskflow_api']) retrieved from /home/airflow/.local/lib/python3.8/site-packages/airflow/example_dags/tutorial_taskflow_api.py
[2023-09-01T15:21:16.272+0000] {logging_mixin.py:151} INFO - [2023-09-01T15:21:16.271+0000] {dag.py:2907} INFO - Sync 1 DAGs
[2023-09-01T15:21:16.286+0000] {logging_mixin.py:151} INFO - [2023-09-01T15:21:16.286+0000] {dag.py:3677} INFO - Setting next_dagrun for tutorial_taskflow_api to None, run_after=None
[2023-09-01T15:21:16.306+0000] {processor.py:179} INFO - Processing /home/airflow/.local/lib/python3.8/site-packages/airflow/example_dags/tutorial_taskflow_api.py took 0.073 seconds
[2023-09-01T15:21:46.907+0000] {processor.py:157} INFO - Started process (PID=3397) to work on /home/airflow/.local/lib/python3.8/site-packages/airflow/example_dags/tutorial_taskflow_api.py
[2023-09-01T15:21:46.909+0000] {processor.py:829} INFO - Processing file /home/airflow/.local/lib/python3.8/site-packages/airflow/example_dags/tutorial_taskflow_api.py for tasks to queue
[2023-09-01T15:21:46.912+0000] {logging_mixin.py:151} INFO - [2023-09-01T15:21:46.912+0000] {dagbag.py:539} INFO - Filling up the DagBag from /home/airflow/.local/lib/python3.8/site-packages/airflow/example_dags/tutorial_taskflow_api.py
[2023-09-01T15:21:46.922+0000] {processor.py:839} INFO - DAG(s) dict_keys(['tutorial_taskflow_api']) retrieved from /home/airflow/.local/lib/python3.8/site-packages/airflow/example_dags/tutorial_taskflow_api.py
[2023-09-01T15:21:46.951+0000] {logging_mixin.py:151} INFO - [2023-09-01T15:21:46.951+0000] {dag.py:2907} INFO - Sync 1 DAGs
[2023-09-01T15:21:46.970+0000] {logging_mixin.py:151} INFO - [2023-09-01T15:21:46.969+0000] {dag.py:3677} INFO - Setting next_dagrun for tutorial_taskflow_api to None, run_after=None
[2023-09-01T15:21:46.996+0000] {processor.py:179} INFO - Processing /home/airflow/.local/lib/python3.8/site-packages/airflow/example_dags/tutorial_taskflow_api.py took 0.094 seconds
